<?xml version="1.0" encoding="UTF-8"?>
<!-- Generated by org.testng.reporters.JUnitReportReporter -->
<testsuite hostname="a01f101fc851" failures="0" tests="6" name="com.seledoc.tests.vendorPortal.VendorPortalTest" time="26.898" errors="3" timestamp="2024-07-31T11:56:22 UTC" skipped="0">
  <testcase classname="com.seledoc.tests.vendorPortal.VendorPortalTest" name="dashboardTest" time="3.765">
    <error message="element not interactable
  (Session info: chrome=127.0.6533.72)
Build info: version: &#039;4.16.1&#039;, revision: &#039;9b4c83354e&#039;
System info: os.name: &#039;Linux&#039;, os.arch: &#039;amd64&#039;, os.version: &#039;5.15.153.1-microsoft-standard-WSL2&#039;, java.version: &#039;22.0.1&#039;
Driver info: org.openqa.selenium.remote.RemoteWebDriver
Command: [0b26bc91e5c0e6c40098ecfc5bde129e, clickElement {id=f.ECC073C42679D4FF8619F32365137BD2.d.ECA457CED7C2C3AAA95C45FA688B0617.e.37}]
Capabilities {acceptInsecureCerts: false, browserName: chrome, browserVersion: 127.0.6533.72, chrome: {chromedriverVersion: 127.0.6533.72 (9755e24ca85a..., userDataDir: /tmp/.org.chromium.Chromium...}, fedcm:accounts: true, goog:chromeOptions: {debuggerAddress: localhost:42585}, networkConnectionEnabled: false, pageLoadStrategy: normal, platformName: linux, proxy: Proxy(), se:bidiEnabled: false, se:cdp: ws://172.18.0.4:4444/sessio..., se:cdpVersion: 127.0.6533.72, se:vnc: ws://172.18.0.4:4444/sessio..., se:vncEnabled: true, se:vncLocalAddress: ws://172.18.0.4:7900, setWindowRect: true, strictFileInteractability: false, timeouts: {implicit: 0, pageLoad: 300000, script: 30000}, unhandledPromptBehavior: dismiss and notify, webauthn:extension:credBlob: true, webauthn:extension:largeBlob: true, webauthn:extension:minPinLength: true, webauthn:extension:prf: true, webauthn:virtualAuthenticators: true}
Element: [[RemoteWebDriver: chrome on linux (0b26bc91e5c0e6c40098ecfc5bde129e)] -&gt; css selector: #logoutModal a]
Session ID: 0b26bc91e5c0e6c40098ecfc5bde129e" type="org.openqa.selenium.ElementNotInteractableException">
      <![CDATA[org.openqa.selenium.ElementNotInteractableException: element not interactable
  (Session info: chrome=127.0.6533.72)
Build info: version: '4.16.1', revision: '9b4c83354e'
System info: os.name: 'Linux', os.arch: 'amd64', os.version: '5.15.153.1-microsoft-standard-WSL2', java.version: '22.0.1'
Driver info: org.openqa.selenium.remote.RemoteWebDriver
Command: [0b26bc91e5c0e6c40098ecfc5bde129e, clickElement {id=f.ECC073C42679D4FF8619F32365137BD2.d.ECA457CED7C2C3AAA95C45FA688B0617.e.37}]
Capabilities {acceptInsecureCerts: false, browserName: chrome, browserVersion: 127.0.6533.72, chrome: {chromedriverVersion: 127.0.6533.72 (9755e24ca85a..., userDataDir: /tmp/.org.chromium.Chromium...}, fedcm:accounts: true, goog:chromeOptions: {debuggerAddress: localhost:42585}, networkConnectionEnabled: false, pageLoadStrategy: normal, platformName: linux, proxy: Proxy(), se:bidiEnabled: false, se:cdp: ws://172.18.0.4:4444/sessio..., se:cdpVersion: 127.0.6533.72, se:vnc: ws://172.18.0.4:4444/sessio..., se:vncEnabled: true, se:vncLocalAddress: ws://172.18.0.4:7900, setWindowRect: true, strictFileInteractability: false, timeouts: {implicit: 0, pageLoad: 300000, script: 30000}, unhandledPromptBehavior: dismiss and notify, webauthn:extension:credBlob: true, webauthn:extension:largeBlob: true, webauthn:extension:minPinLength: true, webauthn:extension:prf: true, webauthn:virtualAuthenticators: true}
Element: [[RemoteWebDriver: chrome on linux (0b26bc91e5c0e6c40098ecfc5bde129e)] -> css selector: #logoutModal a]
Session ID: 0b26bc91e5c0e6c40098ecfc5bde129e
at java.base/jdk.internal.reflect.DirectConstructorHandleAccessor.newInstance(DirectConstructorHandleAccessor.java:62)
at java.base/java.lang.reflect.Constructor.newInstanceWithCaller(Constructor.java:502)
at java.base/java.lang.reflect.Constructor.newInstance(Constructor.java:486)
at org.openqa.selenium.remote.codec.w3c.W3CHttpResponseCodec.createException(W3CHttpResponseCodec.java:200)
at org.openqa.selenium.remote.codec.w3c.W3CHttpResponseCodec.decode(W3CHttpResponseCodec.java:133)
at org.openqa.selenium.remote.codec.w3c.W3CHttpResponseCodec.decode(W3CHttpResponseCodec.java:52)
at org.openqa.selenium.remote.HttpCommandExecutor.execute(HttpCommandExecutor.java:191)
at org.openqa.selenium.remote.TracedCommandExecutor.execute(TracedCommandExecutor.java:51)
at org.openqa.selenium.remote.RemoteWebDriver.execute(RemoteWebDriver.java:523)
at org.openqa.selenium.remote.RemoteWebElement.execute(RemoteWebElement.java:224)
at org.openqa.selenium.remote.RemoteWebElement.click(RemoteWebElement.java:77)
at java.base/jdk.internal.reflect.DirectMethodHandleAccessor.invoke(DirectMethodHandleAccessor.java:103)
at java.base/java.lang.reflect.Method.invoke(Method.java:580)
at org.openqa.selenium.support.pagefactory.internal.LocatingElementHandler.invoke(LocatingElementHandler.java:51)
at jdk.proxy2/jdk.proxy2.$Proxy16.click(Unknown Source)
at com.seledoc.pages.vendorportal.DashboardPage.LogOut(DashboardPage.java:83)
at com.seledoc.tests.vendorPortal.VendorPortalTest.dashboardTest(VendorPortalTest.java:51)
at java.base/jdk.internal.reflect.DirectMethodHandleAccessor.invoke(DirectMethodHandleAccessor.java:103)
at java.base/java.lang.reflect.Method.invoke(Method.java:580)
at org.testng.internal.invokers.MethodInvocationHelper.invokeMethod(MethodInvocationHelper.java:139)
at org.testng.internal.invokers.TestInvoker.invokeMethod(TestInvoker.java:664)
at org.testng.internal.invokers.TestInvoker.invokeTestMethod(TestInvoker.java:228)
at org.testng.internal.invokers.MethodRunner.runInSequence(MethodRunner.java:63)
at org.testng.internal.invokers.TestInvoker$MethodInvocationAgent.invoke(TestInvoker.java:961)
at org.testng.internal.invokers.TestInvoker.invokeTestMethods(TestInvoker.java:201)
at org.testng.internal.invokers.TestMethodWorker.invokeTestMethods(TestMethodWorker.java:148)
at org.testng.internal.invokers.TestMethodWorker.run(TestMethodWorker.java:128)
at java.base/java.util.ArrayList.forEach(ArrayList.java:1597)
at org.testng.TestRunner.privateRun(TestRunner.java:819)
at org.testng.TestRunner.run(TestRunner.java:619)
at org.testng.SuiteRunner.runTest(SuiteRunner.java:443)
at org.testng.SuiteRunner$SuiteWorker.run(SuiteRunner.java:481)
at org.testng.internal.thread.ThreadUtil.lambda$execute$0(ThreadUtil.java:58)
at java.base/java.util.concurrent.FutureTask.run(FutureTask.java:317)
at java.base/java.util.concurrent.ThreadPoolExecutor.runWorker(ThreadPoolExecutor.java:1144)
at java.base/java.util.concurrent.ThreadPoolExecutor$Worker.run(ThreadPoolExecutor.java:642)
at java.base/java.lang.Thread.run(Thread.java:1570)
]]>
    </error>
    <system-out>
      <![CDATA[<img width=700px src='data:image/png;base64,iVBORw0KGgoAAAANSUhEUgAABBIAAANDCAIAAACfT6tNAAAAAXNSR0IArs4c6QAAIABJREFUeJzs3dlzG1eeL/hfbkhsBAnuqyhRoiha1GbtluW9SlV2uap73OvURPTcroh7I2Ye5n1i7jzMH3Df7kTMRPREVMx03O7q27fd7a7qdrtsS5YtmzJlaqFWSqS47wSJNZGJzDMP2BJAYiEJEiD5/VRF+uAgE0hA4Dnnd5ZMbuCt/0gAxfzlz72VPgUAAAAAqBi+0icAAAAAAADVDmEDAAAAAAAUgbABAAAAAACKQNgAAAAAAABFIGwAAAAAAIAiEDYAAAAAAEARCBsAAAAAAKAIhA0AAAAAAFAEwgYAAAAAACgCYQMAAAAAABSBsAEAAAAAAIpA2AAAAAAAAEUgbAAAAAAAgCIQNgAAAAAAQBEIGwAAAAAAoAiEDQAAAABQFdb9SqVPAfJC2AAAAAAAAEWIlT4BCzanUO/mHTJnE0jXWCSsr64bEaPSpwUAAAAAsF9VT9jA1bfaejtsnY1irZzzpMHW12PTU9EnM9q6VpHTAwAAAADYPMZYLBbTdV3XdcMwiIjneUEQBEEQRZHjuEqfYBHVEDZwTQcd547Ibc78u/BcrVeq9UrH+42JifDQE20dgw8AAAAAsBvEYrFIJMIYy8qPhxDxNMdxDodDFKuhcW6twmfGu22XzjiPeUuOriS++4i7s1374W7owXL2Vw8AAAAAUD0MwwiHw/GxhcIYY+FwmOd5p9PJ89W4/LiS5+Rodnxw1bWBmCFJcErnL3nePShU4zcKAAAAAEAUjUaDwWApMUOKYRjBYDAajW7neW1SxRretkbnjy/Ym6TNHs/z3SdrrvUgcgAAAACAqhOJRDbd+o9Go6FQqNxntFUVmqTklt8+LzdstcnPtQ2434j6r89gthIAAADsMsbyknL7G2N1mUUi+fbhJBvvrZfPnBMOHNrZs8ugT45H794xVleYpqbPzSbz3nr53CWhvbOC51adwuFwLBbbyivouh4KhVwuV/lOaquE5oNv7vib8scv1vSX50vgvA1CYE5dxeWVttmZPkelTwEAAGDvYOtroY//lq2vUeHGpaGzUFB78UxsbOLrvDt3fib69ET4Xz9hoSAZeuYTOgsFtdEnYms776kty3tFozG7XL1rgksUjUY1zbptOjMzd//+4/V1/9TkbDii1NS4BEHI9zqMMcMwJGnTk3PKrAL/MO6DzjNl/NnL0vl+afKOKfgFAAAAqG7qg7uk6yXsmBC9e8fZ3bOdZ5T/rR/cLbyD+mDY0dG1U6dT7QzDsJybpKra559/PTU1I/CCbuiiIMR0XbbZLr927ujRvP+ymqbZbLYCocVO2vGwgZfOHJFsGzkisq6OTmhzYSbIQmeH3NvMZ31zjjZHn1t7ECzzmQIAAACUnRrwr0Z4t281mdFo+/GPbM1Oomjs9m+VZz7Lo4y1Vcv8HcDWk6dk67X/4jVRFkmQOWE++l/+mxqp8LlVoXA4bJkfjxmISDd0IorpOhFFVfX69Vuaph0/3lfgBWtqarbzlEu102GDo0PuLnB/hhwrE8HP72nJiECbnIqOnfK83525KoIX+g+LD+/FcC8HAAAAqGZM1yKKwQxDV9VkayYQu/Ov2oqPDn/genWAf3bTsj3D1IrNqzBSSy/UUeXvRomIv/DnzuYXsWQ2i2LOR0LqPm5ZZmbm4jGDpW+++f7gwS6Xy7qJzBjTNK0apirtcNjAHThgPdSgBmNLYa62UXCbIgJ9PXL9nhbk+Y6D9t5GXiY2O6PMBwyV+KwXcTfZmvnY/CbjBu7IBc+VZm76nv/zqfRL8E6pv08+0iDW2TmBWCSsz80rwxl3muMOnPG83cHNj/g/fWl6b0m6etXdI8WGvgs8XCciqj3ofn9ADL4M/X5Ei5h3e9PdQ+qXN0KTWJsBAACwtzE9vB7yKwZLPErNUIoaK1Ei4m0CRfzxLK7/5w7hy/BIYPtOR1dCq2taKYt2XcQyLpbv6JWP2mKfj+y27lpt7u7I+sEzx+qsnw69uPtI7DvfvaXFnJE8q9sfPRrNzax3OWOG4Y8oRPTy5VSBAYdoNLr/wgZJOmi1qiEyH/rkthok4r2OD6/YU1dYiqxpAeKPXPC80Zz4uXa05pnf5JQ6a2h+fVNnxYttXl7gqblR4KcSEaKt2XntrGy6PizncIs9R9zdreqXt0KTSvxAobOBF3hqahb4l6bQ0ik2u0kgsdNDibChWXTwnKPH9VY48OmYbqR2c5JAYpubJq0HJAEAAGBvMMJrwfVonms/2nrtv3hDrBGMO4OGrVt+96zgbuTpJ86uefX6zVjeyyxt6XyUUEkxQw5BOH1RWLkTntvAwozqYGixmJb/rGM6i+lbCoXiK5gtn1peWhEF4Xhna0w3RJ73OO0eh727qV7g+V/fGPRHFLXgiI1hGIwxjtvwvc7Ka0fDBr5WrLW46CpbnFHj05AMX3QmYG9IrsV3t7recHDdzaV8R3yTl6P1rV2JNXVudttrZ+QmicgwJp5GHi7qKs+3HXSc6RJsbtsbp2MffxctbSUFR2Q+Ja5twH0l7L85jyvGAgAA7CMsGvHnixnIydfMK3/3V9TwmusXF6XH/xT9lwmu/79zCJ9t52gDJ4k8aRtvJdf0y0dJ+5fHu22oYSfoBde4H2tv+dHJY7n5H54d+Ouvh2yyXPTFRbHC15ja2bd38FYDP1ydV+BndIOInFKTeVqXLPQ0l/raNbU8T1sLEpPc7fZumYjY3Ejg88TsI33VFwvztW93cLZm+7Ha6NAmRjYMpvN875mate/8DzC8AAAAsG9EI7G8XYaOJunyValOJooZz27q8U5nPUq0rd35nK22pkEMrwUK9L+nd06l+J5+fm4wsrjrhhoyKctPHk37YsTrZGs+ePxwXXw2i6EsPrwbCKpaTHd0vHLsYC1Pay++HePbHJGlkKqqrKb72ECHI9+NxwrcqKGx3tvf3mT5VJu39k8vvxqqLbLoed+FDU4p+yJIcbU9NR861ZkgNbTLbaVM3DJIJ8q6QbRN5Mv1B9bUKAhEZMRGZ8xhCJuY0SIdNkfOyIat1f0//ryE1/UpX4Xlt7uE82fdwVvB8bKcKwAAAFQ7ZhjZUQNzOGl9lYgoMhH954msC3ayZ7/NuhwPX+Zr6RghX0hzOBsbRN9aRM3bgOJEh5N32FkgMc3CuPd3uRMuuOq4zk/JQs/vj6tdJy+3yWREZu6O3Js6eb5LJjIiIeOV8ye9IqkzI7deLLa/2mrT9eh6IHb05Hk3T+GZwe+nVtqONuWJG/LNUCKiM2eOdxt5g4q2+lpfY0Phk47FYnKxEYntttUbNZcJ19AqnzwidxS8yFJkPTY2EfnqO/9/+Z3v/70eWcn8pxGEcs334mzx0EVjkcy/IiPK4l0ANufm3ovN3AveXydySm+cd7RKFZ6gBgAAADuC5bYnDU/9hl6Cb2gs5xkRkaFH1gIrIc7T4PbIVg1CTnB6a+odul5T5FSFBut+9Cql+H1qbUeLTETEO9q6akJLPjX+oKHFKxIR2dwOKZZcbeBq6oxfscfpcpKq5l8RUmCSUmNLE8t/7wVOlmW5yO0JCs+A2hk7OtqgaoZOG7tfhR7W532x2UVtZklbVUxPhPVVjRpMQZeqlWvBAFM1RsSRxDkEItPfOS9z8X9SNZzxXup86OP7pjE+t+P912TrmyUa+tCdcMNVZ0et/e2TRlXcugMAAAC2FdNzZwKph1+Rpl9w4VApL8BJknz+ynacWkwJL2tSbZ27UY6s+dOLpHlJrquTKRxeDsVY32nn4hwXs77sI2eT5XOXtuPcdoi5pZeejsWnprDwPG+9dw6O4xjL2xxVamoca2uWT0U9no2cccXsaNgQixgRInfR/TRjyRdbXNQmFrX5YKnBQDiaf2Rog5aWdb1VFHixt4N/nr6yKtd9QHIQERlLvqyzYmGFpd9dLnjOwehXw+KHF2xud5UM9QAAAMA2Ypqm5jYNRCn0xofSxDNOj5Egupxi/mYBJ/W9wrmKN6A2SdfWV3S7x9XQIPn9kUiMs7kddXYKrQVC8T5Zd234nV84FqccQs7H4Hjp2HHOsZF7clWKsr6iSF4Hkd3jtU3PLEQb2mQyItMzAVfTIRvR1i9YxfN8gXlKmsMhKYqoKFn5TBBituJ3Qq6GG0XvaNhgrMfWDdm6tWyw9fXY4oo2sajNLxvF7xoi8O6MVRBsfXVzYzecu1lqlomI9GjiXzo4pUz0untkrm2g5l0p8nAxpvJC20HHmVaOiNRF5cnmrvSaFJkPfTUmXOupgn9/AAAA2FZMDwdU67akJGlHjhMREcfX1XjtFexPNBR/QJPtHo+nVmRaRPEtZ0zjYLKTnbxgq/DU+k2LzNx9NLpONZ1HOp1E5Dpy8tCTR4+/nSLSmb3h8IkumYhEmRNTs/cFXpRsIhEJgiSmltNykk3k8/8r8QWeIyKisNfrWlkRVJUYo+TVVFlpl1Xdd2EDabHZderIunWDoT8ZDt2f04MbGSzgG8S6jCGj2PTKhk/H0eX+6Ezy9nOGMTGTvBCTpt26o9SctzdJfHe/q7s/fYgeVL+6m3P11bwBS95hh/mR4FCt52IDljcAAADsZWog5C9+U1emrIVDTW5XRVuGelTxRbP7wvcER8fpsx3mDHvjsVez14q4uk+fTz1wd188R0REdYcvn07l1h67bD0JPa6Ulr3mcAiqSqZQgY/FDEXl7UUGHKohbNjhuNaYnM9pYodjT2Y2FjOY5gslqMvqzMZvtKxrTDWIDBZc1+4PBb43XRRVXY789kZwcCq2EmY6ERksEoyNPQ5+fD15rzciMvQ5n6EbbG4x88KvgdhckHQtNpu41SOtL+uqwZZ8MdMoivHwTujJOtOjscVtuY0LAAAA7B7V35FY/WdYaaVcINWw2ufTLx++eLG49RffbtzAW/9xR9/QKf/0HWdbRrTCRm+vb+gOaFk3kyZiY7fXrs+X9Twh01/+3Or+3gAAALA76Upoda3UG0Xzkt1bb7dtf+Sw7ldqPfZtf5ttEwwGCyxvUBTt2ZOZ11syJnvN+6OfPV0hIqfT1tFR39lR7/FY3OfMUwXLpnc8cAlH78/Y27rMcQPX+4pjbCVc6nCBJJ4/aY4ZSPcpw4gZAAAAoNoxxef3JW4XzTsbPLWl3K5qewh2V1Nrxd59r5JlORKxnkYyObXyYGSyodZJlBE2rIQTLeBwWB0dnR8dnXe75c7Ohs6OepcrsafDYXXD5B1XgfGOmaeRiVZXt/nvxC2/cUH/9NvoatGpSrxw/Kz7uHlemWE8GVG2tkQZAAAAYAdwdo/D7osoMZKcjprKxQywTSRJUhQl6zKsqhr7YfjlwsI6ETmk7AUCi/6se/1RMBh98mT2yZMZySYe6Wk5erRNkqrityI0H3xzp99T0+cj4pF2wfwFSE6pp4UPrGhr+S+i5GiUX7/oPuHNGCFbeRH4cir/NXKhTM70VUWYCwAAsLvxgsNpr3HbnXLZ7lO7l0SjMbtc+Un8WyGKoqalp9DMza3d+u6Z358YgtBiMbso2ERe4LiVkHZ32v/SF+GsF45whs6WlwP9xw7IclWEDZX5h4nMhL6srbl2JGNNuK1Wfvst28Bc9PFEdNJ0DVabW+xotnV3SN1ePmsNeWQxfP2RXq7bNQAAAAAAbIUgCJIkaZoWixk/DI/PzWXc4i2k6F+P+cw5eWKGhJaW2pqaarktRqXiOTb/KPApX/Nej5BxuSmea+qwN3XYyWBBhekG2WTekSe+iiyGP70dxfQkAAAAAKgeDofDMIwbXz1eWwtt5RJUosj/6L0zZT21LangjUXY/Ij/k2F13XIlNM+5nXytO1/MwFYmgp98V8JaCAAAAACAneVyuYjjNhczxOfecxz9yR9f5Uq7GdzOqGDYQES0PhX6hxvB+4tG6Xd4VoPa99/5//Geln3PNQAAAACA6vCz9y/U1jpZ/pv/Wt4YmBFxRHV1zl/+928JQoUb6lkqsSQ6E9OM2enos0WDyYLHyUv5YiqDra9qD0ZCXz2IzoWwBHqnYUk0AAAAbLc9sCQ6heOor6/T63XPza3ounXbNbfZy3H06quHX79yvKrGGeKq5R8m4lOHbqtDPNfULDXXi/UO3ilxRCymsUgktrgam1/Rgxu/DzQAAAAAQKUc6Grq6mx6MDJ+995LIpa1AJqZIgeOo5MnDp44caj64oWEagkbEgy2NK8uzee/CCsAAAAAwO7BcXTyxKGTJw4tLq37Vv1Ly+s+X8gfiBCRwPM2m9jR0dB3tKOuzl3pMy2iysIGAAAAAIC9qLmptrmptq+vq9InsknVtdICAAAAAACqEMIGAAAAAAAoAmEDAAAAAFSFWo+90qcAeSFsAAAAAACAIhA2AAAAAABAEQgbAAAAAACgCIQNAAAAAABQBMIGAAAAAAAoAmEDAAAAAAAUgbABAAAAAACKQNgAAAAAAABFIGwAAAAAAIAiEDYAAAAAAEARCBsAAAAAAKAIhA0AAAAAAFAEwgYAAAAAACgCYQMAAAAAABSBsAEAAAAAAIoQN3qAx41IYy/wB40N7a9EVWLEiDiK/5cYI6L4A5axa+KJzFyWuU8q25TmNnRCAAAAAHtaSc0kjrPYh8vYnSMu/lw8myMu3qIjjuyyrfTz2XDYsNHmJuwdHHGJyIFjxDiOWOIBR8lYgiNiyV8qZwoVGGf9a+fyhBMAAAAA+1xm2z9PU8pqHy4ZciTDBbKMGTZqw2ED7E+JkCEZOZgDhMTv0hQ8JI8xBb35Rhvy/A0AAAAAQEopow0pzCpgiO9tjhm4DYYOCBugVObIgYgYcfEJS5nBQ+KXaI4fuAKjDTt07gAAAAB7EJc9lynetmJZAUN6kGGzMQPCBigZR+nBhkQ6MeyQGTykZihlBQWFJiMheAAAAACwVGw+t7lrNt0QywoYrGOGDbbAEDZAaVg6ciAiFg8LEsMO2cGD+Wcbx1FyJQQAAAAAlCx/44nlzFDizBmFAobccYoSIGyA0sRXQKcHvpLDDsngIb5T+sfNZf8SGWIGAAAAgLLhcueAJ7p30w/N/8kcZGB5l1nng7ABSpSelpQx7GAKB1KRQnLNNJl+mVj8DAAAAFBmWXFCfGwhK1qwHmTgSpgAlQlhA5TENDcpe9iBEkmL+CH5VJHZcwgoAAAAACwVbtpnxAlxltFC9iADw5Jo2F6muUlc4g5uBeOH5FEbnjwHAAAAAMV7V62eto4W4gEDxzYXMyBsgJIlrpTEMucmJTLTvz1mcT2v3EACAAAAAMrCOgYwtc2IS01lMgUMG58+jrABNiIzeLCIH6wuu7q5iBYAAAAASpXVAEuteE4PL2w+YIhD2AAlSQ1wkSl4MIcEpiEFUwhhPrgoTGQCAAAASNlQCyqx0Nl8mcvMaCHrftEbPx2EDbABFsFDTvyQZ1aS+VYkiA8AAAAAisnXYuIyRxYyGl05oULO8MKmJ4EgbIAScYxY/HeWETzkxA8FZiWx4hdVAgAAAIDCzD22+dtVOZORsuYxbXQaOcIGKBFLDnrFf6kZK20ScqfKZQ4sYJEDAAAAwLbIv2IhZ9kpccRxiQUQG4CwATaEme7NkB0/JPYwP8A93gAAAAB2Vm7zKzNa2OSKUoQNxHEkiZwocgJPAk88zxGRYTDdIN2gWIxpMYbZ+OZl0EQW8UPqN5ovUMBXCAAAAFBGhXtnWXo3q2gBF2AtHceTw8bZJE4QLL41QeAEgYiIZI6IdJ2pGouojBk7f6bVJGcZgyl+SN3YjWU8tkoDAAAAQBmZ+2e55K15LZ7cwkyQ/Rg2cDw5ZN5h28BMe0HgHALnkCmiskjU2O/BQ9ZvjmX8KHO+1Mzl/Rh1AAAAANianFYsy3yc2dwq06Tx/RU2bCJgyDyeHDLnsAkRlUUUY1/NXOK4/NdNzfotZu+XtSoaAAAAALaoYDO0tDhho9HE/gobnDJvl7fccOXIIXMc8aHI/hp0sJigVHi/fPZVvAUAAABQXlsbPdj00SJL3BWC4hNI9mqa5ziPixdFLn6VWko+sem03caJAu8PGYxVy2fc1rSZ9QSl0uHySgAAAAA7qCyNL97cLtzDaY+bF8X4jQdMn35raVHkPC6+ej7jtqbz4bjs/wMAAABABW1T80yMd6DH+5Uzt3sn3+ngRCE5zlDWrShwLgcXjBhV9Xm3I39Dv1QAAAAA2GP45LX2uZztHsmXbZxD5inrtgLl29pl3m7jt+/8qyYf0QAAAADA3rHR1h0fvyBm5pZycnZrPscxt4PPuMHFNmxdDs50F41q/B62nh//baX+v6EfGQAAAABUg60053jzLJTUHJVketfnO+08cZSeWUTbkuY4ziFz1fB5ty+/wG8OUQQAAABAdSpjm41PzV9PXjmHTOndnS/wXHz6UHo1wralHTLPcVX6PZQlf0O/yAL/38qPFQAAAAAq1fQSkz3K5hWxWdvdmu+Q+fSYwPZvnXY+GGFV+D2UJb9c4j9fdXroX7+dDOnZzwqSbHe7vHWNrQe6u9tqbOV732KU6Vuf35qzD7zz7ive7di/SkUmv/3XwWXXwNUf99dV+lwAAACgqvGpHuVkS5Fytrs1XxJ3LmYgjiSRq87voSz55eWfX8iNGYhI16Ih3+r0+LOhG599/LtvHy0q5X7nfEKLK1FdW59bU7dn/yrlX1xVdG1tcZd/DAAAANh+Ipn6lfdSWuA5IX5Tiqw5ReZtWfMFgeN50o3Kf/btSW+D5tN/8E6Pw5ShayG/b3VhcvzZ+HLIP3fvi9XFc29cPVIjbNMJAAAAAEBpeDL1K++ltE3i0i17yjNKYJkv8I2ttt520cmVtr8pX7Zx1fDZtye9EwTJ5W3uOnbujZ9/+NorDRJRdG7om+/n0BUOAAAAUGF8vEd5721FMX1J1A2sb+b5xiap0c4JNqHRzW3sWCKBp2r47Nuz3Vn21lPvvNbn5YnC40MPF6xmNAEAAADAjkmMNuy9Lc/ljA8UTQt8Y7PUaCci0pXYQpBt4FiOiIjnquKzb892xwkNp850u4goNPF4BgMOAAAAAJUkJu/qxZnu8LUX0rx5NCB3fCA3PzHOQPGYYXJRj7KC+1vl84nLvVbR91DG9M4Tmg91e8Yf+Y3FyQX1QJf5wkqqb2psfHpmad3nVzTdECRnTWPjof6BY832nJdRfZPPHj2fXfSFFc0QJNnlqW/uPtR/uNVtuWZCD82+ePxsfGHZH9WIt7vqmg8dPXG03ZN3gYWy8GzksXn/jsMnXunySJb7row+ejY+v+oPRTXi7fYab9uBo/097S6LVy/1M/qe/ssXj7XOSz+52KqvjI2MjM8tB0JGzSvvvXsqdZUnZWl05NnzudVASNMFyVXX2N030H+gJt9HAgAAAMgipu7wRcl+ZZa53aX5PL+h6yBx3marmGEDr0DEiOe5vfp9Vuj3WdfaLD/yR3Xfsp+6GhOZobGvrw9NRxMTlwTJ7pJ0Jbw2Nzk8Nzdz7q13j5hbw4Gxr78anI4SkeRy13kEQwmHVuaer8yNP227+M7lblfmG2rL976482hFI0GySzJpUcW/Onnvu7m5Ez9+p9eTe4La6qMvvr+3mLm/f3VmcvrcO5d7Ml88Mjd8/evxNZ2ISLI7XaQpofW55w/mxl8cuHj1ygHz3hv4jOrackAz9JWFuecvfhhaSFx8ShJSYYu6eO/6zRcrWvyVZJdgKCtzj24tTM+dHdjUvwoAAADsQ6nRhkSHuamPeXfnM5Zs6lqODGRvc3rTSzoqe8tY1X0PZcyvCE+diyhKSjikU2OiR15Z82m8p+1I/6EjbU0eu0DxIYJ73339bH1x+P5E95XuZJM58nx4aDpK9pYzV88fa0gMV+ihpbHHD0fG11cUygobVu7dXpTqX3n9TH9n/K4RysLj27fuLSuLD38Y73rrUPZQhu/B94vkPHLx9MChBgcRkeqffvzd4IuV0NzQ1yPe9wa8yVEEfWUkHjO42o6fO3ckPrygK0tjP9wZngxP3rpps//ofHNqzGEDn5GIdCIKTX4/rJGn89TAobaGWo/Llvy2Xt66+WJFI8HTeebiyZ4GuxB/qWd3B+/d+V4yyvmvBQAAAHsXTxSfnk/mCw8le5d3cX46EDB3lOdP+xa1ZYWISLCLB5oFmd/AsSnJN62i76Gs+RVgs0kCEem6qqXyGl798A/+6P3Lrx5qTbSniUhwtb968pCLSF+anEstoNYXZ1Z1orq+k6mYgYgEV1Pvubf+8I9/8mpD9tvpVHPqzSunOlN3mrO39F8YaOaJjMWZpdyF2ZomHbp69XwiZiAim6fz1LtvHfYIpPue35tM3XciNPbD8zWdhObT77zZl5qSJNibel9762KnRBR+Pvzcn37h0j9j6tQ1ajjx42sXXjnQ5E3FDKQvjzyZ04jsbRffudDbkHwtwdXef+XdV+sMLftlAAAAACzFW8dZfcx7IW2kelHNHeUF0oaxnBs5lHhsUvJNq+h7KGu6ytU2eIjICIbCyZxE27r0HnWprb/Pm7XMwN7S5iQiPRQO5ewvNB891Zx9M2uhoX+gTSIyFsfnE0u5/dPPVwwi56FT3e7s17B3Hz/kISLf+HNf0RPM/Ywpzp5TvTkLMFbHp8NEVNc30J2z6MNz+PiB3JUgAAAAAFbMnep7amvkzjsqKjNyaMlp3xV/AdNow17cVoCqaDoRCYLNcoUxEZGuakokFAqGoqpORGSoqZ54W0NbnUDkf3T7+/GVSAlXcfU01+auTZYkW/xUcl+gpq3JkZNJZGturSUi3b8cDwT0teUAEUn1HXVWC6u9Lc12Igr7VvLdFbvAZ0wS6pvrco4LrfkUInK2NFutfhbqOxv5PO8IAAAAkEEk2uxE/urexnROztvQzM8wlhc1aha9nLEc3PDRMb0qPvu2bSvA7w8REdmdGZca0gPTL56PTy/5fOGQVmgswX307LnFb4am158P3ng+yNs9dY0N3qbmlvbOVssrHQmS5Y8mb9va4ZLftx8iAAAgAElEQVTz5NslIk2LKjqRQBFF0YnIITusL8fkdDmIFFJCClGy/7/kz5gg8VLui6thheJfn+Uxgt1pJ8oduAAAAADIJjJGXKIrmWOM7Zl0VGWuzU3AMIzleXV5U4eqGtur3+emvo+tW5tfjBKR4G1MXUqUlNlvPvtuMkQkOZvburu9bqddsgkC8bT48PuceT41Pa//qG1ldmJibn5lzbe2Ou1fnR5/MTzk7Dx1/uLRhuwJRhtV6n3ohMI7Z8clG/uMZTxPAAAAAGsil24Qsr2UNhjpBhP4nWvv6gbTjar47NuRzvOht5e+OD7hJyKp7UBLqifd9+j+ZIjIdeDNn5xrzxgb0OkFPbd4GcHR0HWsoesYEZEe9C3MvXh27/nq9A/f8c4fXencUuAQUaJEFq8QCSkaEUlyfA2ywy4JRLoaDemUvXSCiCgciBAR2ZOR7sY/Yx42p50oREpAIbIYcNCVcL5pUQAAAAAZ+PgSgD25VbUdbexGNVYNn3qbthWgr9wbnggRkauzvyPVNFd9gTAR2Zu727PnEwXWctcsZxPc3vbec1cvHZCIonMzq1s8x8D0fMQiW12cXyciwZMYJBHqGmuISFuaW7Hq9vctLCpE5PQ2xMOGLX5GE1ed105E4cXFgMWz+tL0Mi7ACgAAACXh4z3KHEeMKJU2b3dvfkRlO3YJIEZMibLq/B7Kkr/TlKV7X9x66jOInIfOHW9M99ALNoEnIk0JqZlHqHPPx/y5L2RJsNvKsxRYX3lxb07NyXw8Mq0R8c2HWhPhjqfzSDNPFB0fyT1HZez+uD++T2ImVlk+Y1z9oU4nEfmfjkzkjCv4XzyZxGADAAAAlCY92sCl7laW2dO8e/MNg0WihVf0li0/EmW6warzeyhL/s7QtZBvcerJ0De//eTmoxWNSG47d+V8m3kWkNB8oEUi0ueeDI4Hkl33emRu5OataT1r/o/y8vrf/bd/+GxodC5gbn9HFkd+mIgSSS1t9Vs8YbtdH//65nfja8nX1/3TI9dvvvATCd4jp9K3h3P1nDlSJ5C++OD6jacLocSJ66GlJ7euD81pRM4j544m70K9kc9YhNA4cLxTIlLmBr+4PZq6UpMemH38zfV7AcmOKykBAABASUSOo9QqXo7jTOm9kB9RDLuN4/N2mJcn32AUUYxq+Lzbl78tFu9+/Dd38z0peNoGzp15pTl7YbvtwJnz0+uDk+Hpwc/+YaTW4xL0UGAtpLk6Xz3FPxiaNN3ATKprbZYX5yaHbkwOCbLLY7fzpClhf0gj4l0HTp87sNUV0d6BC62T3w0PfjE+JLnskq6GFY2ISHB1Xnx9wGvaU/AOvHVZu/7t+Nrcwy8+eSzZ7TbSlMTlZd2HLl45b7r/wwY+Y/zFC6x5tnddvLoeuflsxT899Nn0sCTbbaSEojrxniMXXqX7N5/jSkoAAABQnNDU/QbHEWMs1UbcY2nGyCZx5nseE1FZ0xSIGLpRLZ93m9Knj1rdn2CzRMM/ObOeu/ZEkCSnu66xvf3YqXOXXj3c6hItj67rOtDu0dVwNBIMByIayfUHT5y7fLrdFVuenI81HD12IH7bM97eePBwd7ND1GOapiqhUDCkxQS5tqmt//T5S8ebTEGDqK9MzITdB/p7W3M+qMQFpid9QtvRVzprhIz9aw8dP97/SnezPaqEw4GQosZ4u6ehvef4lSuvtORcmlXytPUcbnTEtGhUiUSiUSbIzrrW7iPnXjt7rClr75I/I5FAkZnJFdbcc/xAneXlYwVX8+GeRnssGo6qqqJGDb6mvv3w2QuvHWt0GquTMxH3ob6jTbjxGwAAwL7Db+TqQdzxt/63ZOtwz25dDt4pb9dkjHDUCCtGxT/jdm//3c+8JXwZAAAAALBrCMIGwgY+fm3+zC3l5Ozu/FBE12Kpnm2Ws918flSLxwzV9Xm3Ix8AAAAA9jOeKD4XhWOMKD0vhfZYvj9kxJcsJ+cXmbe0uXzdYMGwUZ2fdxvyAQAAAGD/4uN39UrcD9jUx7zH8hkxnz+mqIbV6MFmthHVWAvoRqU/1w7mAwAAAMD+JcZ7l4k4xli8d9mUs9fyA2FDi3Fup5C5QjprWySfERcM64qaGLuohs+1I/kAAAAAsH/xRIwSfczxaeyJ/ua9mq+ohi+gK6rBEpFA7khC3nxGTFENnz8W1Vi1fa7tzwcAAACA/Uskik9dT/Qr74e0rhuBMBdWmEPmZFvyRtnZ4wwZaYNRVDUiUaYbRjq/Cj7LDqYBAAAAYP8SiSp9ac8KbXVGwYgRVDiJ52SZE3nieI7jEr3sjBL3fNBiLKqxWMyohnOu5BYAAAAA9rH0aMO+3Wo6aWHDNMKQZ1vp86z0FgAAAAD2LzHdMuaSbUSkkc5NVx9GCGYA9gWOqrEIKhcUZQD7x24vzUSi5DpgxpBGumB6h6ASBQCzEsuEaquPUZQBQJZdWpql8ERFVgMjjXQyvS0Ysaz/b997AcAeVtnCBEUZAJRL1ZYnqdGGItceRT7yy6h6/gAAYA8zFzXb0XuHogwAdsZ2l2YlSo025PYxIx/5WflbVW1BMwDsH2Usf1CUAUAFVbAIMq1tqIr+bORXc/4mbfqXjQs4AUBRG71kQ6pE2miPHYoyANhWO1aabZrl2oYq7OdGfjXkb9iGouHseXyoaAGgBJsuOkovoFCUAcAO2IHSbIuy1jZgi22B7caU8gveaoWKChlgz9v4BaDNBUPRoxmxwh11KMoAoDwqXZptnWhKc6bWIdJIZ6U3oGgtW2oViaoUAIqWAwXr0tTRBfaKF1m51S2KMgAop8qVZuViDhsY0kiXkC6icEVb6E+meM2a/jPAYkSAfSWzFsz8888qOvLUqPG9Cle3XMmFDIoyANicnS/NykjMyeHytBGRj/wiNlnLWj/BZb0gRxl/XTu09gcAqgXL9yBZOybzCg7qF65utzQfCUUZAJRk50qzsgcPuWFD3hIR+cgvoEB1a12ZWuRypmsCsAIVKnrnAPYhLk86XiSw9FOcRaWbWbUWqG6LPlVCLooyAChkZ0qz7Rh2yA0bADYsX8xQWi3LJWNiln/cDgD2uwJlApdR9SaKGIsat1h1y0y7W+ZnnhCKMgDYjB0ozUzvVc7IAWEDbNUGYoaMLIsqdrNTiQFgn8mqMs3PpCvdnBo3T3Ubz8gqY/Ll52ShKAOALdiG0ixLGSMHhA2wJaXGDDm1bJEqtljNinWEAPtKdp2XW0Qka0vT+H5GjVugus1X3pQSMKAoA4AN2e7SbFsjB4QNUH75Y4aMWjb7D8Wqfs2pU7mMBPrtAPY8jsssLjL+6rnszjiLQzhTeZFR3WbNQ8qtbPPOVUJRBgAbtyOlWb7IoSwQNsDmWfaTZVR/pgfMNIhfoJZluQN0GX8/mYcW/sNARQywKxSp4VjeR1y8REhnceZWeGaPXWZ1Sxm7sTyBRCoTRRkAlKLipVnykUU3SDkGHBA2wCZtJGaI98xR9l+MdRVrqlzjf0TmI1F9Auw9m/i7Nteh6cLDfAkjc0nCZVW35o46xphFN525dErvgKIMAAqqaGlmDhe2KXJA2ACbUXrMYN0zZ1HLJv8qOJauXLPDctS0ABCvRLOziMzFCZdxzXJTPxzL7KhLHkYZkYOJuZGPogwAyquMpVluuLAdkQPCBiiP/DEDpdI5z5pq2XgVm1m/WlSuqG0B9jkuu2TIrndTN1jLrW5NdW18x1RlyzIHA3LCg3Tti6IMAMqjvKVZyZHDVohZDTukkbZMm+VWgYVjhlJrWcsXL/TIwratAgKAnVD8bzynZy7zHswcpRv+OdVtsqPOfECqqMooxrLOKatDEEUZABSzk6UZl1GYFYkctjLgIJqPQxrpfOmNKhYzFKxlM3rpMs6HKza+jy48gD2MS9SfppzMMsJUpyZyzNVtVkddIpFR2eZIl2XZyx5QlAHAppW3NGPpgmV7Ox0Sow3YYlt4m1LKUEO+mCGzZy6nls2parN6AFnu2wHAvpLdO5eRlep2s6huGbPoqMuKHCg9aTjj3kqph9aDDCjKAGDjyliaWUYO2zPgkBhtwBbbwtt8rKYnmWvgdH66QjX1zGV1y5mOZ3kr1/S7AMD+ES8TMv7wOdOYPpeqZy2r23RHXaK+zOquSz5kOZeA48zRApe8JzSKMgDYrDKXZrlLHShVmpV7kYOYuCZ1OoBBGmmLdPKXXrx/jJnumUoWMUOiCg0qhiQQY5u+pgh66gD2oQJ/+FZPccRznCBwAs9Rqk+DI8ZYusal1DMZZVfuQ6LEgeaibD2m2pmIogwANqhMpVlm5GBZmuV5j80MOIjmdiHSSOdLWyo+PckqZlgNGN89UHwBo61RuHbZw6OvDQC2jWEwLWZE1Zgk8nx6NDSjxmXM4IhLjxwQpW6bFH8qY/ZRsihbiAV/tz66GAsdlOt+2XJawLgBAGwn69IsM3LY0FSlTeATXSfJeZtII22ZLiJztJ1lZCazOCJGMZ19NRzxBQwieuWQAzEDAGwrnudkm+Bw2HTdoHS0kJacR5RavZC+o3PGU4mdE0WZRvo/rD1ZjIWI6EJNJ2IGANhulqVZZnGWOUWcOKISm3Eln0OiRxlbbAtuc2co5f4OLQfFWHIGXvzo+y/UUCRxZJMXtw0BgJ0gCZwo8FrMiE80yliAZS7K4j0lLHPWsakE5OLzlIi+Dkyu60r8+Q65dic/CwDsZ+bSLNW+yp0lyeU023JbbpuYW5kebcAW2wLbElgMNSTr2fQPdG5ZTz2029A/BwA7RLKJRm7laooc0tdHIs40/mDaLX0QG1fXUg+dgrTtZw8AkGRVmnGmIdOcAYfy4VPrKOJjr0gjbZ0uIBkhZP02079gUyjsDxnpHx9f3h8zAEBeAs8xlooPkgMOORdBImKpMIJMO2R16q3GIulXxgwlANhBqdLMNKEje0ZlxoBD+eYp8RRvF7JE7wrSSFumi85QSuRnPZ018Y6RYVgfCACw7VhiilGqp4OxzJjBVFiZHybnNaVKOKYTyjIAqByWWV5ltLWyBhwyj9vaPKXEaAO22BbZ5v3hJob1rYYaOMoe/QcAqKzccoljZLp+amKOUmKHVFGWeSs3DC8AQFXIKppyBxyShV55mmGJ0QZssS2yLeFXmzPUwJIVNEIHAKgKzDTcQKk10ImMZB8dS20Sx5DpwtLMPEYBAFAhLKsHhMtsgKUHTctZXvFEeXuXkY98y9GG3BrTeqghc3oSy9kNAGCHcVw8ckhFAPGCiUtVu4nd4v9hlC7KktUzY6wsN1sFANgKjsxdtunSzGrAIcNW+j34xPwSlnh/c+8y8pFfZLQhOUPJ4sdo6sBLP4nxBgCoqGTJxJlLpOToQbq6Tc9Nyi7KuPKN9gMAbJ51+yqnGUZUznlKfPp1svqbkY/8zPx8MmYoZT5h3gPdcwBQWYmGv3nAIaOkYonxhKxrj6T/i6EGAKgiFgMOmZINurJ1dfCUWjGR6mOmjC3ykb+hJn96hlJOPrroAKDC0osb0oWUaeWCacesnZKPGMNwAwBUHrO6y5vlPKUy4ilZOqb7mDO3yEd+wZ+fVdebeVifES47AgBVhUuO2JtmJWUXU1mLs+KlGoYaAKCqpBZiWcxTytinPIVXerQBW2yLbIkyfo2m3yXLyaHMJIYaAKBaxKcoGenejYwJS6n/5zzLDIahBgCoHvG+j4wiiWU+ndXxyyzaaxuSHm3AFtsiWytWA2GJGUoWT6G2BYCKyi2EilafuTugJAOAyrMomlITPLLHFso1bYlPvy1HSCOdP12S7N8lFkMDQHXiKKebjjKvpGTKT1+qFQCgumQvjCYqY5yQhU8XhIyQRjp/umQ5XXOYoQQA1YXlRAw55ZxFoWV1FABABVkvjN62kio12oAttoW31tK9b3kWNpgzcd8GAKiwvMUQSz1v2sUqdthoTwoAwDbI26oyZ+ZeOW5rUqMN2GJbeGsp71OIEABgtyjQMYfRBQDYRQq2vsoQO/AZF9pEGul86Sx561LTHRsYlTHABQAos/iM4IzeuFSJZbrUKsMiLQCoaonyiZkf5ymzttYXwmfc1gtppPOlrX5sWfeHzo1xGeVdYggAUAnmmzWkbghN6QItuX4h+6nUpQwxSwkAqoO5iZVbKpnvS5PbDNtc+BAfbeCSxSTSSOdJl8hqZ4YrnQNAVcm4TAOXm515GQdTRx6KMgCoKizPVWe2p7BKjjZgi23h7VZhgB8AqsemSyQUZQBQVXa0UDKPNmCLbf4tAAAAAOxjPHEcMVO/MtJIW6YBAAAAYB/jE+3CVL8y0khbpktnOWUYAxYAUCU4yySxrEs+5CnKUJYBQJXI28rats7e1GgDpduIGVvkI5/Lrk5zZe6AiyYBwO7Csi43bb4GNQDA7pHdBitrQZYabSCrtiPykZ/cbhzLfYhKGAAqiuVcqLBoN0duHYyeEQCovJxLKO1AwcTH3zjdo4w00vnSpch3dxHUsgBQNfKWSFxOosQDAQAqoXhpVlY8kalfGWmkC6SzFRyDiAcdqGIBoIoxSt0susAuHAoyAKhy5jtUWuJSmy3gE7PYKWeLfORnbTeF4V5v2djcRHRJq/RZlEKLPZnQ1EqfBcC2yHOLpLy7b60k3JNi6uJQOFzps8gWi84PhZVKnwXADsp3x7dtICa6knPmsjPGkI/8gqMNFRWNfvpFeCbV+OaFi295jruJiCgc/fTrCPV7rnXx8Sf1+dBvbquRxJ5cbaP82hlHm0xL99d/H7S//5pcG39qJfSbO3T1x67m+dBv7tMb77k6tOinXyjus54rzfFvwHhyyz/W4Xm/myei9Znw98/V+QCLCXxdg3TmFWe3m0jTn4yE7s/rQZ1z14jdfc6Lrbz5xHVf5OaD2Mkmud4X+s1ddu51d68z/eTDm4EnjTUf9QtEbH0q8t2oOhdkZOfb2h2XXrHV8kSk378RmGiueb9fEOJn/Xj93wKOa43KP43oRuaX1Hqq9nwg8GnQ/tEl2ZH+3pT6S7XnndFPv1DqLtVe9BIRG7u9PiQ4PzxrcxARGWN3AoPk/JMBY/RBZMVdd6Wh7P9+AJAws/rtr4NKLPnQ5Tz1vzTWi0RExszq93+jNPxZ25GORBkcHpz7/lMt8YcuC56B2v5rbqeoz/7t7FRd09lrdpGIiJS7C3ceOs7+0mMMzt154jr7Fx7nzOq3/1Xr/mVze2P8pZSn/3nF+Fl7fzdHpK8N+cbvRPwrjFyi54j70JueOjdRMPzit2vzL2MxEuydcvtb9V0dGYWZOuJ7/I1w4pwzUYQp4Yd/taKcazl70Zb+aNZvauQ74dg3s8MvPRd/6Y6/hPFi+dt/pv7/OfGFEOmzfzs/TrVn/9Rtj2fEwg//s49+1n78cKqaii18vrpUYz/Rl3G2AFAGPJca0cjsXUY+8rO3xe1gdKEZEY07MOD+8GrNh1drPrzi7nUnnpl7rqyK3OrTyFKyEa1HjQgJJy7VfHi15qdnbA6fcv2RphOFNSOyHP79SExPvCYLq0w1SI8aEcUI6/F3MZ7eCY0mOtRYQGGRMCOi4FTgkzvRVUk6ecJ5pU+qjWr3p3QiNnM/cGueWvucb51xHPOwuZdaMPPE58fUYI3U6STSjKiiDT1Od+dHZiLDPqYqBhEFJ4KfDEeDbtulM65LXULwZeiT29Fg/ByibGk08M184h9FVVg0yhxdrmuX3NcuufrcRLXyu5fc1y65r7Tz4aihRo30iIFmRDQW1BIfLRyN53KdBySaCX81EX/r0K056umRBFnsrmHjLzV9u/4VAcBQdJWkrl+2nPlVy5lftZz9C29dsok8fz1kuNnc9UDqL1hdM4xaR9+vWs7+quXUNTl2b/XxXZ3IiAVZeHDp4UjibzUW0mNBPUakrhmxYCwWf5f16Ojf+9YS8YmhruuqQkTG2qfzw7+LxFrdPe/X916S+fnA1IxOpE3+/fLkstB6raH/g5oGd2x+RM3sl9Dm70X5g8665OPwnbVVUVC+W19OdvUXeNM8J8zUNT2mxFIxlBHQ1ZCuJh8bM2sT8yTOr0/MJCulmKGGdDViqqNEe1MnW70bxkApQPlbZTwjIo5jqRdPpDnkI9+cv7Wf2XaFE45aqckrNnnFJi+f6N6KqvdnqOeMq4e0H+bM0Q5X5xWbvGJbh+OYlyIRI1Fb2Tn1ZfCreWb5+nE20r75PrKSUWPG7j2NxRqdH77mOtkt9/Y4375a+2G/QMRWgoxvsF/pkXs65JNnav7gkuzOeLHYtI85PGIqMzIXvrdORERG7Id0CBG79zRGzc73LziPddmO9bvfPyHGFpWHvsTTvERjw8En5tkBktDWLHU0Sw124uVEulZKvpxBukG6Qapu/Ultrc6rB7mZB8GHM5EvH8Tcx9znvEQkNHg41aetFvxXANidNlEubVvPCOdskes65LoO2dMoJDrJ5/1T07ZDH9W6pwOT86Z9RcHdIXs65PrTNQ0NpK4k29QuWvvt4otChRknKsGHv81sTwfD43d0+8Xms7/wdp12t19sOPWrjhN9ApEWmCfnae/h067mAc+RX7Sev2bP6L1Xoisz5OyWE5mx8MQQq3+vocsdmRjRirxpqSecRV/8OkwDjX0DtPh1gahA8LQKxsuIP5Z3D4A9Zuc6bUUup4+Zy94iH/mll+s7iT39xvc0nnTKH77nbCJan4rMOW2XvCJ1cP/wXFnvcCQmIJEx9ji8xpMajU0ucq2npHiYwXscbzVGPx0OPLnq6bV8E57vPeMI3w99fk/8gzPJWjMcWw1Tc6/NQUS+8G++iQYNcnS5/+SM1N0l3B8Jf3Jb62iU2hukjtrMP2ZNXwuTu0dIPJSkvubY08fRgUuy/jI8LsnHG6Nj8ddXqL7P5kge52iSGiiy4mfkJSJq6HX1Loa++z7ccNVJRa0r//jP5pm+XK3FTlzbgPvEsn/wjs57HX94JDEDqraWpyl9TaMmyeIYACiLmPr0P03GCzO+r/7yn7ptZCwPBtVjDY2NdvGI7/Fg+OAvnIlBiGB06nOfTExbjiyuCK0/sxHFiMh+uuFw0Pf471e9v2qwWb6LKB/6I9vM/7fysEM6czqZuaIEY0LjMZknUu8uDP4uGiPy/Ljt7Dm5ZUBY/HppeNnR0G2vO2j31GXO+VlRFeI83kSmOhJYFO2nDsvOgDz+jX/tdENizMTyTYlKOuEsy4GpF0LHu3IduWz/9/rUsutwo/WOzhaJ12PhIFGd9Q4AsEl8onGY6ldGGmmrdIm/p53FHThV84s3Pb940/OL1xxNRGRo98aMhi65lqi2W24IRO8tpnZmqsaCQW18Rnf31lzrTlWAXPMR9xWv8d3t8GK+ZcoO2xvnZWEm9OWUYfGs1/HhO553u/holBFRbY/no6vO3hpan498dXPtN4mZRUkaU4kEIfV9cgf7HfW+yPcz0e+eGwf67fUlTsblhWNnXd1a9Mvh5JqNApy2t67UxGdz/fSszZ1vN154tU/iievps6fiCpvE8cTUXbGAG2DXEqWuv2g5++9bzv77lvMfuGxEtBaceMI3nraLxNefc/BP1ufWUnuzmKJHpiPzL6j+o9a+jlRxIjR/0Nghhh7+YzDfgmC+pe7EB3Lw35aezxjm0owXiYhsA43n/6fWI92krhtEQuMHbRf/rLbBbvju+Yb/z5nvv4lmdN/HjFiMF8X4u0cnB6P2024Pke2Yuy4YnniiF33TvCecO0ogEhFbHQyFO9zNjUSNrvaO2Pxg2KpAJiLiHTxPhopl0QBlJyaWvyb7lZFG2jJd6R+qNYdbbDD1nEdmlDGFjJH1/2ckkbPyPHq+WRaIiIRjJ129EpsZXv90Spk+4upOd5/zvWddczeC1x9zhiFavpHgdb73SuyTe8ElgxxEZBfq7TQ+p0a6ZQdxDqfgthNFk2fltR332o4TqfPB39xWxoLyyVRTPR0wJDnliweVf7wTtjU7P2rmpsfimfHX1yLdiQGHyJK6Qnx/nelwWXrjrPzJN6FbAhl5QwEiIpL4hgYx8T1JWoFuPUHiROIcckZmvpoZAMqGc7bIHnvqIfMPBvxR3f/r6dTspOnBaMc1mYjIbT/0Qb2HtKlfz419HQj31aWHHEX5yEd1679effiSjDwd7faBxuMTcw8+Xudj5CGiBptTDK89iRodMi8K9jpeTp8G7+x2H+h2HyAKfjP7/df+tYtNjaYikicyYkREsRf+uQWKLSzc+Dz53GAgPFBnz/emeU+Ys9l5CmrhGMXHVsIrMRJsokgUDE2M6EZ07dv/Ixk/zQfm33S2WxXZBjGUWwDbQmTJa1Zji22BbXWKrGtLfPzs+FovGxmNic2Od/sTE5DUlfDnI8rIunwqfQTX0edonQkPP7d39wvpbEm6ct7+yU2lQM99bU/N1eX1z+eZg4h4aeCIMD4S/t13+vEO0WboYzMGuYkoNvhFcLHW1tssOng2PxFTJbHW3AqXOAdPwbBBlH73hj7XiXWlZkB2UCo8k071CeP3Qr+7o59sFXS/+vCFLjY7T2bOLhK8zvdO6B/f2/wM3uCyOhFP8UJbs5AbUUSiBvGCw557KACUDwvPRNfsRES8LLrdyviI7rzY2H8qUU4o95Yf3l1ffrPZ9DcqdbzlmvzrwIunNSf6TK/U6Dnxs+j3fxvJP/Wfr7/W2Dm/MBlfVOV2HzoVuDe4OKzUtHVLvKIuzBPVESnBe//XunHM1XLQZtNiCyMxqnPYzW10lyiK4ZjCiIy5ryNGd82pa8lpVMv+B/8Umpio7cv3pmaZJ+w85rAPBp/+/ap6XKb18NSQLh5z1REF7/nXRPnI/1BXG/9K9Oj436xNDUbbrxARqTORZUe8KhA8h2U+YBgkyIW7UwBgE8SKt0ex3RXbqiPxDolNjgQn4w954eIl23xUOHPB3paqK2pdZ2b8o0vGq27eYSdnvLZxyucPK58ua0ESnBIvJ6IOEmod753Sf/eYs/EkyMLhSh4AACAASURBVMn9Jd4hcO7EuATXfc594mZwSebiUcRPpfDQqPrdcNTgOXeNdPygKBB//BVbYFQbuhdVDXLXShcvmIc1iHixuYamA7pOAkm8LHN2IuLF85fiJ805Jc5m54nI3V3zUz48NBr9ZoaRnW874HpvID7ywNXIXFBOnLa72/32qv8rjUtFIQ6Zk3k+9dAp8zZNSK2RIIl3SJxbiidoZiz0+VjiC3ztHc8xmXNIXI3phNdWDaqxNeA6hgDbhbcLNopM/fXCVPyxy3niDyhod/a/6/Qkm+meOu/K85WlGXaojhfdYjyb76473Ke8eBI1+mTRzcUv0ExEtr6G41cWHswLIhGf3J+3CzaXkYg6RPnwR/XhX6+LdiLi6z9oPdW4+mIoMHqHkUuwtzq7j9vILh26ory4Exq94zcEztnpPv5BXUY7vM7mFCi8rFG3trosdvyyrr412cPUWn/46fz4E5UfyPumeU+4w3vqI3p6PTT6T0FDEDzH6vqvOUXSfM91z5tNXR2p0knufTN8514k/KbNJtPa4MqDwfi7iAf+sr1hIUa1jlqEDQBlxx27+r9WQ6sU2yrf/ruf12dMVmLpgIIln2BERMz0P6L4HZVMj/728/R007/8ubciP/rKWnm8/o9T4k/fc7XtgrZ4bPD3gekOz0fmkRmAXWvNr4iCwRHHiDjiKNHM5TjKf3calrgLJiWLN46IEftPK4OpXf73A2/vzPlXF2Px76cfBuuu/IWnpAXNO0eb/Ku5qc7my1mXfgLYS9b9iigkCq54aRZPmh6bVqZyqQKOI1NxF/+vKGzgL4Wn/L3LyEe+OR/KoqHb3qrHpqvuzqpWgtqcJh7vRswAADn4xksu+7yyVm3XOVWiK8ti61nEDADbQCSrNiK22GZtoWyc8ntvSlTCdVMrz21/701y74pTBYCdxnfUn/0Phmh9HYnKsTv7/4PDjkuvAmwHMTm3JLu/GfnIz8qHcrE5d0s3GIeYAQDy4mx1VTgYySNmANgufPp2wKZ+5awt8pEPAAAAAPsZn9vHjC22llsAAAAA2Lf43D5mbLG13AIAAADAvoXRBmxL3QIAAADAvpVemmnuUUYa6XxpAAAAANiH0mGDuUcZaaTzpQEAAABgH9otF4IEKET1TT0ZW1UrfRoAAFsTnh0dm/UblT4NAAALCBtgDwiP3b499O3QQ1+lTwQAYCvmHn19e/jG8Ixe6RMBAMiFsAH2AF3XU1sAgN1LJyIyDBRmAFCFqu2u8AAboa5NPHr6bGph2U9E4Sdf/vNCY+vB3r7ezhpbYg8jtPjy8eOJ2ZVAKKLpguTy1Hf09p3sbbKX+BbK7K3Phia0+ovXXu9xJd92evC3X0+Hcit2W+OF9988mthNWR57/mRsfskXCKmGYJNd3qbDx08ca3NW4W1VAaCylMXn9x++nFleV4lo9oePPxlrae8+drynJVVUqWsTo89fTCz5/OGIToKjxtvS3n/ilW5P3u4/dfHeFzfG/J5XfnStz1vaaeQ5xPBPPLo/OrvgC0WSpVlXb9/x7rpUSbtw5/dfPAlYFIrevh+9P1DiuwNAlUPYALuWMnvr08GxoGkSsBr1zU74Ziee9Vz+4HK7jbTZ27+/MRpO12S6FvItPLu9MDV77idvdrusX9ds7eGNwTG/QbQ66zd6XInqObSwahEzEJGuaSqRi0hfHf70xkNf+tx0NepfmB5eWJg9+/aPjtVs6YMDwJ5i+B7e+OyueXWWofpXp/yrU2MT5957+5iXyP/8s0/vLZj20COB5ZdPb07Nr773zplGq8ghNPH1jefLKtHyvE/t89osdintEG329pc3RtMhQbw0e7gwO7Vw+ScXWm1ERIpv2SJmICJVU7HqDGDPQNgAu5Q2MTg0FjSIpMZjp8701LttpIbWlqYmnowthEJhjchGuuJXdEFu7O7tP9jksfO6sjo2PPLMp0WmHzxc7r7QWPgtjOW7t+8v51+bKLS89v6rLaaxA0Fy2uMVra6EQgbZag/29va01zokI+Kbenj3+UJEW3jwaKr3YhdGHAAgzvfo5t1VlUjwtJ05c6zdaydVCfqWXo6OTiyHVjWDiCfVH1TJ5mnrOXawy+u0CZp/9ukPdxdC+vqTuy/73+vJGT4NPPn2h9mNNdjzHOJ/OjQa0Ikc7QOXz3a3uGx6aHH0ztDwbNQ/Ony/96fnzEMJjQMfvN5lilB4yW4vJWABgF0BYQPsTvrS1JxGRLaD59452x6vllyuGm9z19Gzhk68QERk73n7Z50k2dJt9LpGV3jpk6c+iq77NWqUCryDunj35kPr/rMkSfI4rYcsbO2v/+Lnl21S6p293vp6fe2/3l4mNeAPEXk2/pEBYC/yz877iYhqT7752rF4yeByerz17T19F3VDEHgiosZXf/7HJwRbusjyehv45X++Ma3pobUgUWbYYPgeDg4vbOhyTHkP0X1rISKi+hOX+9rtRESCp/X45Vdm/354gcI+n0ZeU0Eq2F0uJ+IEgL0KS6Jhl9LjnWKCJOVUUXw6TBDMMUP8uPiBkstRsMNfnR36djxE8sHelqJVoK5qFtGFKWZIvrNBRCTY3aWuqwCAvU/X4o11i7IsETPE0zYp5zidiMjucWQ9sfzg5oN13dZ49KCz1HPIf4iQU5SZSI7sEjbOUFVcQxZgD8JoA+xOQl2Lh2Z9FBkbuuEaOH6wtdFVYOjAUBVF03XVv/BwaCxEJHj7+tsKxMzKxLc/jAXJ1XvxQtfEx6N59tLXR7/5cmgqvs5B8rR3nzp7Imd5oqYomq6qweWxoQerROTq6etEXxwAJHkaa20UUGn57o0f6GTPgeY6e4E+DV1RFEPXQ8ujj4ZnDSL54PHOjDFPdX7wm+d+Xe66fL7X9/WzUs6g8CHNPT3u6SfB1QffPq290NPiEtTQ4tjtRwtE5G7vzSpIQy9v//7R7EJYJSLB2dLdd+5sT0nLKgBgN0DYALtUzbELfS+/fOpTw1N3b0/dJbI5vd7aps6u3p6urFpq4fann42GUw9tjX3vvF3ouiKh0cHB6ajgOXL1bJNtcSL/joHZl6m05p99fnN5LZq+khIRrT383ZfD6YXRvLf38rsXmrCuAQBShM4TFzuXbk5H1eXx21+M3ybe4anzNjYdPNzT3Zx54TVl7LOPhxdSg5uC8+DlNy93mocvlanvh8aC5Oo5d7nbGSrpVjbFDhGazrx9Qb0xNDY78tnHI+lsT+fFNzMWdxERBZdfBpNpPbwwNvyvfu0n7/V5UeoB7Ak8MdMjpJHOl64+QuPABx++caG3rdEtERGpYd/C3LM7t3/73/7t1rRi3tPmyhj8V5dHb34/4c/3uv7nN+8sq0LtyddPNOar6gSBiMjRePz1t//wj//wz//4pz863eIgInX57t1Z04QlW+YcKcM3NnTryRquyA4AJs7uN6998HpfT0uNQyAiI+JfnR17euuzf/n49099GeWF5LCZevf18Mvbg/cXtVSGMjb07csouQ+9dra1xC7+Eg7R/LNTC6HsSUd6aOnl1FpyBTUfnxtqazz02o9+/Ed/9od//tHbFw46iUhffjQ0oeS+KADsRiJxpkdII50vXZ3sTf8/e+/2HNd17/n91tq770ADDQIECAKECN4gUhRNiqJEi7ZsS5YsO/Y5GrvOJOVUkpnK5GUqVfOUVPKQPyGvqdRUamoqOZM5Jz5l1XH5pmPpmLZkypJIiuJFlGiCBAmCaALEpYG+7t575WHf1r41GkADaADfj+St1b99bXj3b63fba2j5/qOElGtNPt0Zvbh/S/GZ4v60vilTwd+eMGZWyR34vW/OUFkHjZx/Y+XJ4v3r/xpT8/3ghOh6gtXP7g+q/PeF146kYvMYsodP/edXKVj30DW6mbT/SdeOjv76z9OarX89CwN9lsHpo++/qOj5oUrc5OfX/nTncWpy5eu9r51doVJnAAAu4pYbuS5r488R2RU5p/OzOYn7ozfn9fK+Ru//6zv7Rd6rKOSwxf+xfAFIiKjMj/9xeVPb+bnbn5wpf+vXhpUiIrjf7ycrymdY698beWSLJMmTqlNXnn/8uMyJQa/dvbsob3ZJNcrS/m71y59lp/67E8fd715YShGlDx07pVEIdk/1G3pXaXn6MunZ/MfjpeN2Ydz+ugg4g0A7ABUEkSMsMV2hW2bE0/37hvp3Tcy2v/BP3yQ12szU/PGaLB6IZ7uPXLm1OTkn6aM2cmZylinrzi5Mn7t9rxBRLOX3/1/Lst7tPvv//y+0jn2ndfP7uUU7x4c8V06lu1K0qRGNS10zkMl2TPywvGHE5fu10pTkwvU292S7w0A2FnwZK5vONc3fGQo+Yv3bheomJ8pUE9g6jWezA2e/trQ/d/eK5Zn7j+lwb3aw09v5GtEtHT7tz+/7Tl49k//3z/8uWPowlsvDXtsg2ZOeZHuTpWJlP7jF05Y4Qgl2Tl44uzpx7/8U7768O6MPjSoECnZgRHfUyrdvRkaL5OuaToRzAYAdgDcGhFii23jbftRK5YqgXQfRTEn/VDMWcL0WqXmP0Yrl4mISDeCyUI6NZz9Q69Yl6uVihXfkZWZ2SIRUSbZYT5eJfB0umaerSNLCQDgoFeKRS0gVZzJ3hQiIqNS8R+ja5pGRGSQTkR646mL9HJFC+QZNXGKrhkNjzKseeT0SkAh1+aeFIiI4pkEiqIB2BmoJAQxZvuV0UY7ot1uFP/y/i+uzca7hkdGR4e7u5JJolp5duLzzyZrRBTvHdlDVBl//52reUr3j4weGu7KZpKkLc3e+eLzeSKiTG9PhohIm7r8waWJSvbYS9850ZM58u2/Gal4etfZz375weMa8eHzb740lEzGOdHSzd+9e3U+lh0cOjo62JtNKlopf+eGOeV5dngkR6RP/vmdi5N6R8/wyMhIf3dHkteKcxM3b0zpRJToH8SqDQAAE2Pq43ffH9cz/cNHR4f6c5lUnGrlpfydG6amyg72Z4hmP/7tb+6UUrl9I0eGB7syqRiV5x/eNNWd0jOQI6LkyKv/xb5KRZ4NevHmxffvlIh6zn7/pWey6aRCVBi/ePHWrNJ39tWXRjJNnVLY20lTS3r+1gc303KS0tU8EVF2b0+ciCoTF9/5dIrS/SOjR821NYtz4zdv3K8RUWLo0N4t+LsCADYA1TMuRBvtqHa7EUt3xGm2vPjw9tWH3uA6KenR82eG40R6Zy7D84VSfvxGftx7SPbgSyfNdOGZ8TtzZZ3Kt+7kT7w0SKTEkxnZM1Y0i5oVJWXaDEQUy+bSynypMHXv06l78mXjvc9942Q3ESmZ7mx8cnZ57v7Nufs3PbfOPHPqTKO5XwEAuwreke1UaK6Yn7ia98/bFu+3VEqqtzN1p1Sef3z748dehRcbfOGUXcfF40nPUms1a0oGHs+kzUldCw/HHxaqRJNfPDw5MpZu5pTskdNjEx/cnq9OffbhP37mubeSO3z2SCcRUSydzfCpEGXLc2Nnz+6FxgNgh6D0HrhAjIX5mAXkkDvy08dSgZdnLfbEzXt1px12zebf3M4DR4d7E0bd0DWtXtcFESmprn0Hjpx55dxzfTEiIp4ZPHawv4MbRl2ra0ZdCCWW6uwZevbUN84ftVeIjqmlJ4/mqrqSO3hiMFAiTaTQ3MOppfje55470G3NV6x2DR8a7UuRqNfqWr1mCCWW6u45cOL0N15+xlq2IdV7+MhAV1zU60a9Xq/rQoknOnN7D5966ZVT/Ym1f20AwNqpVOucC0aMiBgxW4cxZm8iYMEPl8qPHMmrXQfX81SJvQePDGaY0OtaTdMNIYgoluntP3TqxW+8MNzJiYjiuQOHn+lOCb1W1+p1XRekpNJ7BoaeO//y2eHwpeqJKM4XH0wWeO/hk0d6TLWTSBqzD2eW6iI9eORwb8haN8FTSMkMjg7l1LpW1aqapgsiJZbp7hsee/7Cy0f2mNfgmcFjBwc7eF2ra5qm6YKURHbvvuNnX3p5bE+DJXUAAGujWq1zbmsv8x9HkTFHvzFHydlajJFHTETE+SqGc2zsG/9ri2tnsd2J23/9Vz1EJJwpWYWz2/yf3SAh/UNEQgiSP/3de+5MfP/6Rw3WTlgVSzd/9e7V+fTYm2uboWjp5q/e/Tx19sffHkECLgA7mIVCRVUMRkz4zQYRaTYIIWxdZ6oyRiRI/O9P/+wc8r8d+HbLHvHxn//+/Ul9cAPVUW3yz+9cnBv9/ltnW6WAAQCbzmKhoipiTWaD8JkNqrKKeCAnSyVii23DbVujKIqzXTW1ies3C51HTg7DZgAAbDUKuasgbAQLN69O0uDx52AzAABWj0pk5qIwEkQkZadADrlH3s6kR8+do/nMM2vqCOP9R85/JzPci+xbAMBWs+/4hXPdev/+DTMbMs+cPf/MnsFkE4cCAIAPTiR7lAUxJtw25JA78rYmnhseG+1ZY0eY7Bvem271EwEAwBpIDx45PJzdOC9GLLdvMIfQKgBgTXCPX5kYCWJ+3zPkkLd7uAEAAAAAAGwo3PQlC9OvTH4fM+SQy9UzawVWBwCg3ViDXoIqAwC0IZunmrjpS2Yev7Lbhhxyq9oBAAAAAADsYrjsV0Yb7ah2c8C8AAAAAABoB1o/KnOjDcLyMfu3kEOO2gYAAAAAgF0OFySImCDBTL8yMdfHDDnktnzNbxhjjZdfBQCArYA1pZgcl8lKK0kDAMAWwZpSZy1xAHNzwUvbr2y1hdSGHHIRHm1oGIMw1y9v/6lbAQC7GEZmZxqpqRgxIgFFBgBoc5g98GrIem0HLogYOX5lq82kNuSQr2L0H/FCwn4AALQPkRpJBBpNnggAAFvBytqspTjRBmyxbbRdw7vFgh8R4gcAbCmMmE8RrWgJ+A9gDMYDAGDrCaQmbYJicqIN2GLbaLvCe7TKbhgAANoKS4c5qosRHB0AgO1I0NPRwotz8nqU0UY7qt38C+sgn4bJmAAAbYEIbfr7VhahyqDLAABtQuQoa8NcHpy8HmW00Y5qAwAAAACAXYsVbcAW2xW3AAAAAABg18KdluxRRhvtqPZageEBAGgf1qyRoMoAAG3Fpiol12yQPcpoox3VlvGZE8EpSiw5VnwDALQVzFu5wFwxY8SYtJ+5vTKmgwMAtB1Ra70F5nxrScI5b+IYACxCX80GryGTXlMUSAAA2gAmaSXWIKzq38WYbTlszjyHAACwAvIQq/FgLES4JjUGswGsicjXzYpMOD0zIvoAgDZFmL4Ny1knSNZYwmzZ0QfoMgBA++KERKWxV4TOWl/IFGYDWA/oSAEAO4AGqgxaDgCwM2iBNoPZANaF+w7K9mvAlGXMkxoAAABbA4sqUZBj/cwnlI5iyFECALQDLKqkVJbYu1vl/4DZAFpN4BWGtQAAaDtCNFWjj6GnAADAlhMyytowZQWzAbSSwJLmSAkGALQlIqSKMGoKBzNeCl0GAGhDRNhMDRvksYXZANYFC3lXparowNEAALCFhMTzWdhuFnFAxEUAAGCzCVFNIfXQTN61bmA2gNXh9qAhfWl4eYNZ14DwPgCgLTAXZ+ChxQyWwpI+uXsZZ1iFBgDQPrBgdUNYYUNQsmY1BrMBrBMRErdnbn+MaVgBAO2GqbaYvIRDQE0JT+zBcnyE6TsAANgy/FOvhtkE3tml1wXMBtBirHKGwPuJgAMAYOtxV1R1lZS1RIPvQN9B9icEHAAA7QALnaBSEJHYuKloYDaAdWBNRRgxIaHsqUPAAQCw1ViWgLDSlBypHLZ3s5I8y0KT7ftgCDgAANoEfzF0RCGWrNPWCcwGsH5EyOoNjIUVRrM9Xe4rZxib94gAgF2ObginnsGKGzg5lMwJLcjdr53J5FFllrYbUDvcK8MrAgDYRGxt5o6vAtrMt2JDy3QUzAawala0V93ogjfgQETdne4rV9PQ1wIANglN07nlcXPiCY6OEuEhfUauKrPOsJKc+mOu2VAxtE35BgAAQB5tFhJqWDlDaT1RB5gNoAV48pR8AQcn944RIzr+TDwes/YvLOtb9LwAgN2FYYharc45c0sbTNUkPFM4MGfqN/LWFwpZkxFj7Fx6f5Kp5v5ZrbQlXwoAsAtxtRm57gzLW+sNNbR26lUT7glcoI12VDsKO7jvO9ZXzuC8tZ1p9u0XUqpKRHT9LxUD8QYAwEZiGKJS1ZaWq6rKuRw9cBGeOViFq7psuaSnbH9eTkn+JHciRpyILhUeGMhTAgBsMAFtRgGrwB9qcDOUWjSRAzt24X9pyYXAzua//6te3+xIrqEghJwULDxCYe0Q9uRKgsyqhlLNiCkolAYAbCSMGGOckaK4MQUnCiqXMjhyd1ol+SN5NZkt10kU61qCVEKlFgBgQwnVZp5Qg6f02V+wFbFiAyOmKKuwKFRXA2KLbYNto1eZkRCMmCARNp8SIyGIERNMmAnEghinTJKbHa9lflg2hWRG2HZJhLHijYuEVWUDALYXctRSnrDZu5hRmNwjdHJ+ydO7emL2LESxeQ72Vzs4/bJgwvnMiXWqcagyAICPzdFm3vQkvyPWMiVItFCbqJ5xoW8LOeT+d7wBzpIjJLy2hPM22x+JWT0rIxKmWUGM3OND3vwQ5OdijCFuAcB2x83LbXSU/FtnHhnz9JF+55rdywpLHdlC4dvlrp7keDqsq7p3hSoDADRic7SZdDMRDDUEbtECEG3Atrmt1N06b6mvoEG2OCQhk8P6ck/sbnzvt+Xsc+8qXy5kJTn77q3+dQAAtoLobtZf22fPjiqJ/WVWwV7WXHvB7VrlSzoqTNZlkktFmI5DqDIAQDNssDazB14hsycFx2MUlqHU5PdwUGWF6NGhkEPefLTBa0NY/acslIwQRkw4lQ9krZ1kdcTOZ5ITnqQn8HW9/sdo4lEBANsXp2d1JeT56dueOSHMZd1ImE44YecJ2GN86QJMeBx1bvmg06c6Q3xGUGUAgFbQIm3mVWcsRH9EVDWsDU+0QTjpJN4t5JBHvvPC88E5XLYcHLecsDxyVqfNhPMTYW5Gr/leC7erDRRMNHzx0d0CsK1Z0dHOQpueLlFY3arj5zcvLBgxn1qz4w/crCqQe23ro1eJuboRqgwA0JjN0WaOtGEldKvw1DaEjh0hh5zcmAGLCqw7+GujGRPCICf/136/pfi++7qbPa7jrgtM62riD+OF7AQA7DSif/iST47s6kPXAJC6VUu32WpNrlO0VZNn2mhZlVmxBQZVBgBYJy3WZoIEY1y+un/m6DDWtp6DGvQro412SDvqtQsEHOy6HMGcvtNx1JFTQegRkuO6Mz8Zngv6bi5abToDALYDYcF3KdDvBAuk0kDnTGveJM8l7OoCs7tlUkdtX07YmQC274M5DwJVBgBYMy3WZows9WWbGbbNICmZVukb1Xa6yA4YtNEOtN2X3R9wCLUchHefexZzelYKTjZi9deeV9Qfw2OS3w7+OAB2PCGx+7CE4JB+0fK5SXOtyr0sOYnCtm9OPt9pC6vnduofoMoAAGtj47SZeY4dxVjZZljz0tGqVWaBLbYNt6vCnaWchVsOdh0hI+cXIKSO3OmvhXcygLAZDX3AfQfAtib4C/ctd+BbEtU7Jbrcg1r7BbOdd4z5jpFi/dYcSYF7uzpIPguqDACwIpupzVwjhMm6pvWojNyMFFPVOW3IIQ9GG1YOOEjHuZaD/QsRViawlBPsKTAMXMXbkTM7zi8ifhdw2gGwExH+HjTsgz1Yd7pP0zdnn2u760hSLMKbO+RoO1ntMV9/DlUGAFg7G6XNosyFFoYaiEgV9pgPW2zXE21gjIThXfHN1wl7g/uuq08IeZ9zK0GertOyTIJROQDAzscf2xd+x4WFmSLp2AQ+352bmESOFvJcQ0jXke/k7oMqAwCsi43SZn5jxNRdvMUaxo42OA8ntSGH3JH7CAYchPC8/j7LwXTp+SYeEXK/bcns3wkjIuLSjyQQ8QcA7C7kTtOrHDx6wwneO2N41yvn9qfCFq7kGpF9J1BlAIBWsDHajIJGSVC9rdNVoVqTv1q6EW20w9shL71kOQRKosm1HGxfnSd6JrnoXC+d3RW7HbTsw7Mv3/yEAOiSAdgWrKp6Svbp2+43wZymPXYn4U0T9lQWSL0wY8yuI4x+PAZVBgBohi3WZmGPIlsO6w9vqk5dthCENtpR7VBMy8G/17YcglF+q+u1Zw6zp2e1XnX/VCS2P8+ujKCQ7hO9KQDbnxWGxY2ydc0Yvb9DdXpPK3TPHPXj7X7txCQWrUsYVBkAoGnaQZtRwHwxLYeWpEQ60QZssW20jXqBwn8hjHmMCWfWc+s3w4UwGJMj9ULa65W41/De10A3C8DuwPTgR2ToCndUz3xCxjw6hjFOzHCUlm91pIY3t4EqAwCsh03RZiws5NE4GbN5rGgDWX5ltNEOb0cRqOYhMmt35O7WnmXMdtEZzOeiI7+Lzg36B/OgnBvDRQfAbkBy0ruyYMzdTZUkp0zQ8c8xJogMT48q9aJNRRugygAA62RTtFmoidASmwHRBmzXFW2wjWDvb0CubfCuZ8RMd511njvvoZMQLHfR9ryELJgQ7NLwZ4CEYAC2BWvJBjZ1hlWWIHz1gMJeMJXJ5zAniYhkeePaBgFVBgBomi3XZu6l/RlM1GA41zwqETOVWpiPGXLIHbkfOXvXtRx86546r6rds8oTF8oeObPox7mG6cOzioKcdGHnyuhEAdhBNPmLlsuI5c5PEHPnHhFOaq8U8Zccdsw6ShKuFLx3D4AqAwA0ZIu1meyC8CkgopZYDty2bExVaOaWOG3IIXe7SZngYkaMBWwGp8UC/aVjLZvrGQr3FEbE7ZfaEML51/wJmP8CAHYhsgbwKQdZb9jJQGanyzzzmsuTllhDfMndF3VX695QZQCA1rAh2kw+xb5N0CWy4hL1jVEp3MeMNtq+9gpY6zZQaDjfwkx58r3x9rToViZA1J3saIZ8bosy9QAA7Y4ncB9QQg+zvgAAIABJREFUEx6BvK6qO9O548LwqiTh+PPsaUmcQb+QLiy8HjuoMgDAWtkobeboEieRMpCs1AJUJ3WT2SNFtNEOtj0vdcCKCO8hnd7Q7Xot15zdpZq9rL08ktMZ+y8tx+/kvSF3RfcLwLYmcrRt72Ge8Ke/S7S8/pYuEJ7u1g4UMPIvL+MWJ4Q9hnWAxx8CVQYAWIFN1WZOzCEYXghYDutJVVIdtWnpOrTRDm+vAqvrDLUZyIq1ORaJ1+tGASPE6+Lz2ubBB1vtowIA2hxvR+qJ0fvG88zOAJa7W+b0xq4rTrhrKYRkF3tvJ6xryWdZe6HKAACrYeO0mbM0w0Y7HbgTbSAitNGOblusEGqwF3pj3l+AdZaU+8vI9dg5p1qpfsI9Uvpg7fbvBwDsaDw/eb+OEPIR/oIBt1v1qhP7WEs1yXUOzvnCPoS5Hj7nLKgyAMAa2CBtZl9deGZxkx0TAS3TTPJ5KG60AVtsG24jfgMBm8E5XrjGtP1jsC/ndrSuf46YvUgc4555mSLMFMTwAdhVCCIS/iC+Z7YQJ/NIWLusg6RAgfwfkr109jFyX82cHABPnAGqDACwLlqvzfyrRDvaLGRph3WhurqSGNpoR7XtN31l89Q/85K0bKoQbi+7rBlxcyLzVVu86GUB2IU0+OGLyI+MOGMKZ1wRdsmBO2ehnODLAror+JHsbllWZYZW0ilprCVqAFUGwO6kpdrMOtC3fmXIHJiBO62lwkGVqq4F2mhHtcPfuYj0JPdNF3YaABHZ8xA/1er/PFOYrdWH04m3h/t46KUBAKAVGIbQ6ka1Vo+pnDnznDsGgDn9gzCkPZZbzy7OMtz6ZvtE81CuPaX5i4r2NJ7ar+77ERGUGQBgAwnXZo4HxAqcOoFQTwSjVQEHbqZkts0sn2i3aXuF98gbbQ/m1TnWhybEb/OLs7U6EZ3KdaKbBQBsKJyzRFxJpeK6bpBrLbi4RQ7kzHfEZJeHHBIVbhqmxp7+E9OeEpGSfR42AwBgownVZl515suHlBLFW/UM5iWxxbbx1td3hr6HkQvDSW/2pwvLhbpu7hpIxQOHAwBA64kpTFW4VjeISAghFWB5O11m1ynKusw+zNJkZt3C4hXSl6yTkv2b+V0AALsZWZs546tgwjcLDNuCI7c1pIk70QZssW20beJdCgk1+CIVgsTDcs35mOLwzwEANolYXDWCnatkOdi77HngvIlJ3pMEVR+6n5XkRj88AAA4hGkzJoVMAwGH1sGlygmBNtpR7UYvkW0h+N5N9w2WTOEFTXcOUFr8MgMAQCQKtyY4MtWRVONg6zfh/EcyGNxUJY9Tj9UX5Gtv4vcAAOx2HG0mJXQIjzYj8gQcWpenxIVdjm36ldFGO6Lteeei3kDh2+1LvBOktzTHDgAAVoFw1nW2LQdZWZFHWckf7bwmR8MJEsZmPjgAAHgQXn3lGWuJBu7edeYpudEGbLFtsI1+ca2wfliowQ1UrHlhEQAAaClBvcTcddzcHCXrAEeVeddnQKgUANAW+FRTMODQ2sJo7pgo1hSwaKMd1m7mrQ2EGoTdQcN0AAC0BUIKN5AVxXfjD8L24QlZYzkV0nbvLBA1BQBsNcLnAWHeAZit5Fo7+OKelE200Y5uu29q4A0MDzUwcs9rahpXAADYWBgzLQfHAjAVE3O6Xesw8z+CXFVmd89CiJYstgoAAOuBSZYDkavNwgIOHtbj9+DOjZn0EGijHWyH4F2ugchv6frMXMQbAABbi62ZmKyR7OiB2926uUl+VcZaWl4IAABrJHx8FRiGEbUyT4n7Sr+wxTZqG4UnQ8m7Qz4C7jkAwNZiDfzlgINHUwkrnmCKhP8AhBoAAG1FSMDBiz2Ka5mrg5PkV8YW2wbbJnEzlAJyuOgAAFuMW9zgKimz5dNPgViqFGqALgMAbDUibJU3YhTMU2ohiDZg2+w2gjDXmxzWF7RawwMAADYUZkfspawkv5ryFWeZWg2hBgBAW2HpJBGWp+Q5pjXKy4422LdAG+2oton7NkrvpQhIyNtEqAEA0C6YKUqG693wJCw5/wb2CkMg1AAAaB9M34dHJQnvbt8gToSM11aFHW2wjRC00Y5qhxIWCLMylEJ2obcFAGwpQSW0YvcZPACaDACw9YSoJifBwz90a1XaEg9NRmE+CeSQN4f/vUQxNACgPWEUcNORdyYlSe5O1QoAAO2FvzCaqIV2gg9Ovuk2rZsR5JB75M0TcM0hQwkA0F6IgMUQUHQhSivsLAAA2ELCC6M3TFNxcpYCDnqaIYd8JaPB9b5FFDbIQqzbAADYYiLVkBtnkA4Jsx1W7UoBAIDWEzmqkoXBmePWB3f9ylu+nBja7dwOJ/I9hIUAANguNHDMIboAANhGNBx9tcB2kGobZB8z2mj72j4i+1JpxQZBLTRwAQCgxZhazuONczSWNNWqQJEWAKCtsfSTkD9H6Kz1+UICtQ0isIUccvsdCy0fFN6P3gMiSwwBAGArkBdrcBaEJleh2fUL/l3OVIbIUgIAtAfyECuoleR1aYLDsLWZD4HahuAIEnLIm3ezhb2GmOkcANBeeKZpYEGxdxoHyZEHVQYAaCtExKwzG6OseMh4EVtsQ62IdYEAPwCgfVizRoIqAwC0FZuqlPjWj0ex3RZbAAAAAACwi+G05bW2aG+XNgAAAAAA2K1w2vKZPdHeLu0mCU0ZXuU1AABgo2ChzcCUDxGqDLoMANAmRI6yNszba0cbsMV2xW0DvP0tJk0CAGwvhE/XCQooNgAA2Ab4x2AtVWTcbUbZLGijvSbvmgh+RCcMANhSRGCiwhXdHME+GJ4RAMDWE5hCaRMUk2Q2yHdDG+2odmMiDAz0sgCA9iFSI7FAo8kTAQBgK1hZm7UU3sQxAITCGr2TZogfXSwAoI0R5JRwNTiEQZEBANoceYXKUBi1wJiA2QA2Fqz1BgBoRyKWSIo8HGmWAID2JGrFtw1A3aT7ANBa9OLP785PWL8Tlk0mX97Xczxevzrx5GLFkibU2KHente6YgoR6ZVPphevl+sFg2WTidN7cqcznIimnzz+2bxet6+ay+39r9NL/1ee3nwm8+W92Vu696Zq5ieHckP2A/ziXiEx0P9Gh2N7i+kn+Z9XOn56oCNrSbSrD2auxrp/ui+dCHvsdDJxvr/nZJITEenV608WrxS1JYPisfih7uz5XCKtF39+r9AztO/VWPHn95ay+/a+ljFvp19/mP+yo/8nOWWj/sIAgM2kflt/dIlyP1ayWaKS8fjvjNhbau+As188/bt67ZS6b4z5DyYiouJ72iwpB17jJbvh9yrqYvZn9fJ+deiCHSmeNx79nV611ZzSz7u/pXT1kn5bf3iZBn6qJJ1zvUeSwnv/lZJN2Bd2jp83Hr1jpH6o9vRazzz3d/Xai2r3lJ6f5/t/yJ0Rh35Hn/yY+n/Kl/+2Xlhwn7Hjh7G9neEXSV6pz+W930hhe/4bNVs35j4wlh8JXSe1n3d9Q+nqtf4g+dvWgSzNUqeUvjOsfqk+Pc0HfsQTChFR9Up9epwP/oTH1vL/GAC7EJgNoIVs4hIPer0k2Ehf7/k0kV7//MnC+4+Xh0bihbpId+R+tEclQ8wtLryfn9+X3ntSqbw3MXtdxE/2dA9xY7KwdHHySWG4/9U0FTWjHku9NdDRRUREiUS8vmSU6lRkiZeHeo/pRNWlX81oQ3t7no+TosT2OQ9gGEVdv/tk8flMbsDsg2vLv1+oV2P1qn1ItbD4SZ0naoXPq+kXEyGP/eXswnuPCwMHu/tE9eKDmau6eiybfTHOqtXKrfmlh12JY3q9pBvJuiBeL+n1icdz+0Z6j8eIyKjURbFuEMFsAGAHoIv5jw0Wp4UrvPNbjKVZPC0KV4zc97n5EzfGjaV5lu1nIQebFyiRTiSkhs9sqN/Rl+uMf6EXzqhdaSIiqoq6zjrfUrpyJKqicFGf+yPLvM1FSRgl5nGaVEVdZx1vKNlOIiJSKZ5wdxrO8VVRL4mFX+mJf6lkEtZTGSWKDzJxzVic5XtsS2DxiiH6lDgJfYkSp5Q9h62HVfuIZsIv0vmaGlsSVBVz7xr8lNJ9gJFCKTKe/INeUnjneZ5UqXRNf/ozIf6l2p0jvUTUz/svcIVIv6fPXKo/7Y/1jXH1mp6/xIYuMHqk5z8WidcYbAawY2l9fQOSlMAmsFHznCfj8YFkYiCTudAdq1erM4KISFXVgWRiIJ08nkt2ivqcTqVC4QtNOb2/77WezLHuzteG95yO1a8/LVnje0Xdm0oMpBMD6YTku2fZZHIkkxxJqgqxbCo5kkkOJRX/IF0rfbBg9q7G3ZmlaY/RVL+1UM1291zIGFfnKnIX7Dz26axKWr0kqLRYuF5TTg/2v7W383h3x+n+3p+O9h4L/DoTVH1/anEGiRIAtIA16KUNW7JBHzeKCt/7Gqc7RrFKRKz7FKcHxuK8uV8sXTPoAO/KhR7cDGLxski8oHQPiMVrHhWi5Fg8xxJ9LJ4mSjT6imovSw6w5ABL9rIGYwdeNWbeNTRZMso7OsXSNcMwH+WRsTTLOs9w8yKs277sAFOVyIsoOZY5wDP7mULEe3nmAMvsZ/XbRrHKcn+t9D7HO8b43r9WMgmxcMWwQ84sNcCSAyxzjicV0peI5fjebzHjWn32jjH7niFGlb4jWIcDbH827y1GtAFse3RDu7tcJzWdZURE1crSh0/KJMRcqTQfS7+WEHPz9bqaOpS0f1cs/kyKXy3V5ilNRFRZ+o9fLRERET+2f993mr8xU45n1btzCxNde0ZqhQ/K6ukucb1sP1Vp6Wol/vL++KFq6uLk0pe9yeOWT0s8WVz4sMTqRn1yWUtnOgeYmClrdTV1KM2IjFsPp98vGcTirz6z96TvdgPZUn7hF/nETwcQZABg5yAWrxjKs2pygDqy9fmbvOMMU47wzKX60jWR+xZjs8biFGV+bEYeQg5e8QbGuLFU4n0HWSrO5y4axTOWI59ILPwnzcoSirOen3CFyIh4SPfIfmU4KrFHYd3f5+Vf6dOX2NB5R8q6TrGlS8bSed6VFsVrhjFopRIRUeViffyieS7v/VdKNvIiIdSmBeV42s7UogTP9OvFWWHZG/Ni7pLOiOqPjJLC9gwSEcXGlN7x+pN3derk/a9yqFIAVoMqRzIFCWZ/ghxyWd6WiC8fPfrSbDL15GC2jzQi0g0q6vW5UmWakm8dyA0xMUHUyESOZ364L5MlIuKZBKPFVTxBprv7bPXJB7OlQrWkZnufV+dts8H4y1y5mu46pBClMsdiTz6Zrx3fGzf36YZR1I3HS9VSqvu/HEwnSOjuE/Jj+/v3aaXfTywXDH84UFUzb+yr/efJuXeTPT2r+lMBANoW8chYmmddhxkRdY6xxStG8ZSSUVj3KbZ82SidV+iaofcr3QMNDl7hDoUrBhtVUwniIzxN9YXbPHPKVO5WkhLpYumP+vx7RuYnUYEE1vGGYoY7WLxhYk8n3/ummPxVfaZfcTqQ2BhPf6wXronsCbH4gDLfd+scEmfU3iNERKRIuU9hF2kKObKrC73ExKxRKrDut9WurP1FzvP5e4Z6zrGdAABNonoX9WJSG3LI29lmICI20td7Ic2I8UxcTdsPm053vtGfoNrSf75fuLqkHeuJ9aVUtVC9WxEDZsBBVP9SNtREPEdUJCLO+5Jxx1vVbMjfInamN319cu49NfX2/rjilPbVlj4tGlWa/z++tHIMSC/c7e09RETE9uV63uhgpfTsf5xe+ryceTXN+pKqWqh8WREDSaZwJRdXoowcJd39/T7tPz95OilEerV/MABA+yGWrhi6TnP/tzZnSwp3eGaMxcd46rK+8AmxO5R6zfTuRx7c6AbTRiFPer5+3y4RpmtG5Tmr4lnJsXiOiFjuWbH4e1HVKWosrfayRK6pr6QcUPpPicfv6VSzr5bgXc8aU7eNuZJR7eS9B9yDWY4SvSHPH3KRAPEBRg9EqUCWCq8axWniozxGVCGiXt73GudV9uQ/6UvXjO7XrLQoSjBOxBBoAGDVWIMT068srJpW2fcMOeTtG3NIxuN9yYhni3dcyC79bG7xbnfvoWz22bnZTx7N1HsyA8yYLCxdr6unB9ItcTQpma7XuutfJrtHOBUsmZicK86oyTf2Z/tMgV5671Hxk8X6oYx7Yror+/zck6uzxdMHOrJd2WfnZ69OPql2dYzEqVYtzwiKiCewXK73jdL0L5ZhNgCwA5g1Fh9Q6oLas98SlC/V5y4b1TElkeZdR/TpawZ18sHRFQ72XLMkSuOGqRrVAaZdMerdvP9N28FfMPK/NhbGlYFOIiJ9XtSISBdLXxjUyWPmlXRRGbeTlbLMVFz1WVEx/SoqxRuWNxBR8rzSM1t/+kCSPM+TN/TF25R6jcvKV8yKyrTVVvuY2vAiPuJjPHNNn39H18+whCpK14yiznrOeBcVSvCeF42HF42FM7ynObMHABCB9QM1x4VMakMOeVDeRihqWuFp1fdsPKvytNXtsaE9XYeKi3dL4lBH8rXh3uyTxetPF64aLJuIvzrUczrNiCij8rRQ5S5MVXlapYxzYYVnFCUb7CA5z3AlzYmIj/T3jZjnch5XlARpX5XpUG/P8aRzWuy17srPlqulrJpWeNZ67PjZvtSX05XHRkeW20+4uHBLp4Sq9GU7jyaIDPtrKmrauh0R8UP79rz48OljFVMaALDN0R4JfVAZOOWm/SQuKKV3jOI8JXKUPqMk7+jsHE8qKx2cJoWIESlpogfGk19bB8TOKIk863hNydi1BNSr7DkhZu4Z4kWmKsbSr+tWbVcv73lNSRDpacZ0Y/HXupmxyQaV4W8xVTGW360vm1fwTsDK04ynSSGiBFMTZCtU1vWGUv2ZbiRsbZrl3WNG/hHrcquQmdJJxWv61DXrc8cPY3s7G14kQUqamOMzSfO9P6a5D4zlS8aiTmo/3/MTK5NKsf8gRKQ+q2Rv1ssPBOUYEZFCSpoUOF4AWDXs8Nf/Z59fGW20g+1/83avZ7EjYR9C7ipIzsLQ9j/2ikrSp38/+dR5+f7dsaEteekBALuThUJFVQxbrTkuEcZIRK56L4SwdZ2pykzdmMj/B+eQ2Oi/3ZznBwAAk8VCRVUsxWVqM7MpfbY/EhFzFBwjSd2Z/1WVVbgguTMuNG+ENtqhbQAAAAAAsJvhju/EzmhHG+2QNgAAAAAA2M040QY7aCu1IYfckQMAAAAAgN2MG20I+pghh9yRAwAAAACA3YwZbRC2R9ltQw45edoAAAAAAGD3wu1xoelRdtuQQ06eNgAAAAAA2L1Y0QbJr4w22iHtrX5RAQAAAADAVmJFGyS/Mtpoh7S3+kUFAAAAAABbCbdWsLE9ymijHdUGAAAAAAC7Fm4tJ2d7lNFGO6oNAAAAAAB2LU60IehjhhxyjxwAAAAAAOxaOBGR41cWwm1DDrlfDgAAAAAAdimm2WD7lZnZdrzLkEOOaEMDKvnxiXxlq58CAAAAAGDjUYmITL8yY+Z4EW20w9rbktr8xGeXb92fpWdeffPcPh48oDI7fuPmxNTTpWJZo3g6t7d/9NnjR/cmzb164eHly188zC/VKJHd98zpl54bTLrnFm5fev/yXPJI59vnejbvKwEAdigN1FFl4k+/vPS4rIedpqRHL7z+9aHY5j8wAGC3YZoNrl8ZbbSj29uK2txXl698Nr5YIyKiueUaUdJ7hDF/+4//dHm25p5Smp28Nzs5OXHu9e8eSVNt6tLvPr5fplSuJ6ctzU5+ebFA3/vhcznz4MrDq9fndOp85ghsBgDAOllBHenlai3UZiAivTS/rBHBbAAAbDiq6VAmQcRMv7Ipt9uQQ05WtcM2Qp//8p9+d0PqgUOoPb7y+8uzNaJ478jzJ0b6M0qtuDB1d/zO45J5QGXiy4dlUvpP/+D10aS+cPVX790sjN98fPzCPk5k5K/eeFijzOjzz+c26UsBAHYqK6qjzNirP36monksh9rDS//8ad4gpefIcHqLHhwAsLtQ7TGi41c2EZBD7pFvK/TC00KNlOy+58fidz+eKIQcsnTn6kSRSOl97ntvHsuaslxP/9DoafuIxdklnSg3NJAkIqV7sD9xs1BdnCvSvk6av/XpeIni/WdODyib+L0AADuRldUREY8n03H5pPnxr/IGEWWOnDqU2ewnBgDsTuRog9fHDDnk/pjDtiE+8vKPckWe7YwXvrwfekRx6v48EcWGTxzJRl7GWwvh+vlKX12+M0+89+SpkWTIaatF14Wm1XVjm9lmYCdh/O3/uan3i8dZV0/8ay/Enxnd1Pu2J02pIx+V8c/GC0QU7z9zogfOCwDA5qBaI0Kfj1kQ5JB75NsMnsx2Ntitzz8tEBF17e2tTN28/vlf8rPLeryjs3/k+NmTgxmFiKirN6OMVwuT05Wx0SQtTM1WiWJdPZna5EfX8wZlD589kpyf+PLO5NMyJXuHRo+MdMcb3DLqSXRRqWpr/6IAbEdqNTEzXf2nX9Jr34+PHtrqp9limlFH/lOe3Lg2pRFR7shzLXFeAABAMwSjDdhiG7bdWWjlqk5ECi1cvfjxuJU9XFtefHjzUn7+7A++PZIhSo4cG75+6X7+6i9/MZGhpdkCKdmRsT1PP/v14zIlnjk9Wv7odxfvW+c+vD9xN3/+e+cGVms51LR6y78dANuF2rXLMBuaUUdelm5/+rBIRKmh08e7t+CJAQC7FXXrx6PYbovtzkI3M4702a8mEoMvfPOlI3uS2sLE1U//PL5Um7p2dXLwwlCM4oPnXz8X//jG/dm5eUrkho6dful4/M77d5cp3n/8dHL83fslSu37+usvDukTF393LX/n85tHBk6vskLaQG4S2MWIxfmtfoStpyl1JFGbuH5z3iDivcdPDq4hxAkAAGsF0QZsm9u2HdrUpd9dHC9JM4skRr/z5tf3NTULYSxu1S3E9525MNYXJyKlZ/Tc6dknf/hqWZt6+JSGBohIyQ6fe334nHNaZeL9W4u60vX8uWf0h+8XiVJDR0azMaLRE0O38uNL+XyJcpjSBACwCppURxb63OefPa4RUcfI2SPQNgCATYVv/XgU222xbTsURfELmj85nu1MERFRprfT9dYpnb0ZIiK9poXNkK5NXb0+VaPM6KmxLK8VK0SUzJhpxTyVShJRubjqJaM5b0ebDIDNgXVhAuPVqaPinWt3lokoNnjyeC9KoQEAm4tqrQFsjQ7RRjui3Xbw/nNv/VfnmjgwlNxgf/ze/RoVZxdqZHfV+tJskYgomQqpQtRnb306XqX4vjNf61OIlHicqKrbHbpeqxGRklz1ikvxmIqSaLBriZ96YasfoQ1oXh3Vpq7emtOJKDt6ehSl0ACAzYYTOWNEQhvt6PY2Q69UisVSsVKx0oaLpWKxVKnYA3Rl4MSRToWoNnntg5vThYpWK8589dGnd5eJKD08GqwyXLpzebxAvPfk10biRETZ3q44UWEqXyAifeFhvkoU6+lZ9fTpisKSiZiCmAPYVcTjrG8g8d0foB6aVqGOjPlbN+6XiSjxzOljCNMAADYflUjYc/Nji230dltRm/jgnQ/y8iLR8zf/+ec3iYj3vvDm98bSRJQ7ee707B8+zVenPvvwHz9zDuS5sbPP93LfBSsT1z+fNSh7+KUxK5lY2XfkSHbq5vyN3/xiKmvOs5QbPbHPf2IzKApTlFWHKQBoJf/mf9zqJ9jVNKWOao+u3l4iIqV37PQQNAYAYAtQLY8yttiusN1WxJMxhWohBQqxVMrug5XusdffyN2+8fmd6flitUaxTLZn+MRzz4csv2Dk7+drlBg9e9z18Ck9p797nv78+fhjc56l506/BP8fAGBNNKOODIrHuUI9z58bxarQAIAtgR0+/z9ZaSimXxlttMPa/8PbfUQkHPvB2WX9z26QkP4hIiEEyZ/+/eRT5+X7d8eGtuSlXwuVualCrH9vJ0oQAdi+LBQqqmIwYoKIEbOrthij6JiqEO6al4IECUYkSCTy/8E5JDb6bzfn+QEAwGSxUFEVS3GZ2sxsSp/tj0TEHAVnD/AsMRGRqqwiUUK1B3+2XxlttMPbu5tkzyDqDwEAAACwi+HWuNAaGKKNdlQbAAAAAADsXrjrUcYW20ZbAAAAAACwe+FSkrp3Cznkni0AAAAAANi9cGIUNkYUkEPu3a4HBCsAAO3GGvQSVBkAoA3ZPNVkVk8zIfuYheNdhhxyWQ4AAAAAAHYpVm0Dk33MzPUxQw65LW8GuOIAAAAAANqB1o/KuOVXFpKPWQipDTnkiDYAAAAAAOx2uOVXZraPWUhtyCG35Wt+wxhz1xsBAIB2gTWlmBzdJy+dBAAAbQRrSp21JPTAheRXFoKISW3IIbfloW9go1eQkbVSIQAAtCuMnITMqAMYkYAiAwC0OcweeDVkvbaDFW1gjIQQaKMd1W72hYo4EPYDAKB9iNRIItBo8kQAANgKVtZmLcWMNpipKAxttKPaa3i3WPAjQvwAgC2FEfMpohUtAf8BjMF4AABsPYHB2SYoJs6Ylb5uepetVHYSkEMuy1d4j1bZDQMAQFth6TBHdTGCowMAsB0JejpaeHFujxGdrexjhhxy1nyCkoX0fsqnbky4DAAAVokIbfr7VhahyqDLAABtQuQoa8NcHla0QRovyv5myCEXjgQAAAAAAOxauJ2FYvmVvZ5myCF3JQAAAAAAYNfCZb+ynKMCOeQ++fpAwAIA0D6sWSNBlQEA2opNVUrczOCUfMxoox3eDuIruwlOUWLJseIbAKCt8MxAIhxNxhhjjBiT9ktzQmA6OABA2xG11ltgzreWTFdjRRuwxXbFbVSP2eA1ZNJriumVAABtAJO0kqdbbdDFOj4R+X8AALC1yEOsxoOxEOGa1BgPPR9ttKPa0SITYTrmnJ4ZEX0AQJtiLg/NLGedIFljWd4SO/oAXQYAaF+ckKg09orQWesLmbr2GO7sAAAgAElEQVRmg5y/jjbaUW0v6EgBADuABqoMWg4AsDNogTbjTRwDQCTuO+gJT/gPY8yTGgAAAFsDiypRkGP9zCeUjnJylQAAYCthUSWlssTe3Sr/B8wG0GoCrzCsBQBA2xGiqRp9DD0FAAC2nJBR1oYpK5gNoJUEljRHSjAAoC0RIVWEUVM4mPFS6DIAQBsiwmZq2CCPLcwGsC5YyLsqVUUHjgYAgC1khfkdwrKTgm47aDIAwNYToppC6qGZvGvdwGwAq8PtQUP60vDyBrOuAeF9AEBbYC7OwEOLGSyFJX1y9zLOsAoNAKB9YMHqhrDChqBkzWoMZgNYJ2HTLDG3P8Y0rACAdsNUW0xewiGgpoQn9mA5PqKnlQMAgC3AP/VqmE3gnV16XcBsAC3GKmcIvJ8IOAAAth53RVVXSVlLNPgO9B1kf0LAAQDQDrDQCSoFEYmNm4oGZgNYB9ZUhBETEsqeOgQcAABbjWUJCCtNyZHKYXs3K8mzLDTZvg+GgAMAoE3wF0NHFGLJOm2dwGwA60eErN7AWFhhNNsbV50POnpfAMBmoRvCqWew4gZODiVzQgty92tnMnlUmaW2RKxPvvYmfQcAAHC1mTu+Cmgz34oNLRtvwWwAq2ZFe9WNLngDDkTUm3DNhqphbNgzAgCAB03TueVxc+IJjo4S4SF9Rq4qs86wk5xie9zDjOomPD8AAJi42iwk1LByhtJ6og4wG0AL8OQp+QIOTu4dI0Z0KptJKNYB87X6Vj0wAGBXYRiiVqtzztzSBlM1Cc8UDsyZ+o289YVC1mTEGDM6ThFPmPtFbWFLvhQAYBfiajNy3RmWt9Ybamjt1KsmMBvA+rCD+74AmK+cwXlru1TlB3tzMcaI6PJcAeEGAMCGYhiiUtWWlquqyrkcPXARnjlYhau6bLmk3pzohJrVe94iphKRsXCVCMoMALCxBLQZBawCf6jBzVBq0UQOahPHAECMmDw7EmPhExEyZ6oRIRgxYZ7EpJlKBO2Nq//dcF9J1+PElgqVTfwSAIBdBiPGGGcUj1udLJNqFQRJ87sxCiorc+uGJWw1aF0k3lff99+KeqVOCVGobd2XBADsAgLazF+K5YZEIyaqIQqaD6uNRcBsAOvGMRJIhM2nxEgIcmwIRiSIM+pQFWueMLOTtixiyRax7RKPeSIZK8IjDqnKBgBsL2RnRNSEzaELGzEnGu/ZSEWBQhr+uxLXG8KEVVBoWQ22XpKUEjMvQpK+EoKRklKJSLGe3qu2hEetyeot8i8AVQbATiBKm3k1WJjcI5R0ms9WCElP8usV4aR+tE6bwGwArcJZcsQbcLDeV+GGLJjVJZs2hBW4YOQeH/Lmh+BdCZFhWiYAtjvM0yFGHSQ3A/MOhtkMTPa9ufEEZgb0hRPW93W7dqhBkF+VyVEId6xvKT1L2dn/cR9RSFoqSmFBlQGwM2hKm/k1jiRjnhG/f3Fnt2LUEYuIUEOLNQrMBtAsK+YpOVH9kLOEpw+22/bGRUo7Fsw5X75cyEpy9t2xNgQAO4HobtYfT7czjsjXQ9sdrblEA8mGgTk0F4KYsOdycK/paDDfEtGyKmPMp8SEeUGrcJrIXNlBSOYCQZUBsDtZhzYLKIIwm8EaeIXMnhQcj60/QwlmA2gRXhtCDjh4RI7lIJzYPXP9dFKP6+l0fd7FBh0qYvoA7GwYC/Sk5PnpSwZDuM1gqhDmvYLwX8efOuxmKklFDnI4gllqDaoMANAUq9ZmZIVGhZ31FHTWhlY1+EMV6wJmA1g7HmNBCtCz8FQls8aBhD1FOhPOT4S5Gb3Mivr7XHXybRs+U0u/IQBgk1nR0c5Cm54uUTIYvJF8swzaTfmV4g9OUFR+EhZmIZDXcoAqAwCEsmHazMqctGsWgulJrjJrdY0UzAawCnx5Sg2Okc1lIQwiNyGJWUF4tycm+832uevCZ2sKhPFCdgIAdhoNf/ghhwinc3W6ULOmWbhqyvL2Cafa2atAhCBZ57lFDmRXZPmncxBhT7KmbwRVBsCOJfq3L0UYyFOX5QmZuoaBsDIeGePy1f0zR4extvUcYDaAdREMONgpAYI5ZoDHLUcU8NU5KcLmZYThuaDvvRaYXgSA3UhY8F0O9DuJRlJswT3VnGlEygD27LXmVJVrq2yhVIEl10IIM24hPO4PYesnaSIlJ5cAqgwAYLKCNnO9Et4cSzlkyrxCEvbc0LLNIE/K1CJ9A7MBrI5gwCHUchDefe5ZUi8cnDfJ0+M6N/Q2mRSCgD8OgF2Ip7TYow+YHdMnN9RAZEcShFOI7I7ybRHzBQqsthxUEG6k1N7rXlx2fAQeyVf+DHMBgN1JSCZSWHlDyCjfzZn0V17J8ynZUYyVbYY1Lx0NswG0HtfTxsItB7sk2k0eCLrryJ0G3fkcOfeIA/pjALY1jX/hZtfJZIG34NgXanDdcmG9rCfWH4FUr+We5XOCSFkBUsBBeLttbyE2VBkAO57gj9wjEb7pjzzrTwYjomTlfwv5OOazM2wXyMYpEFUI4dxeSKtSQw65LJdZIeAgHedaDvYvxJrBUC5v8NRKB67itZGZcJ8t9HeB+AMAO5GoX7a/h7TLB8kQcjdqX4P57QQhBRocA8DXliMYTvqSfbJ7mJDuLnwK0T95U+BbNP2FAQDbHOG3B8I+2D4IR4uZkQb73MCa0ORTbfJ1WxdqICLVu3adHNGAHPJVvFiMkTDs1CSnz2OeTlh20bmuPiFXFLq3F+TpOt1V4Vb/bACAbY63d43uBR19Yx3DQo6RbQL3UmH9OPOZEXKEwkoJkAwC2VBhsioTPnUlBDQYALsWvzYTfjeshZByIEly6ZI0pnKtiKASMxM9eItVDbfSRdx59MkjgRzysOmMQhYW8UXkfS+3nackF/cIElaH6spIEBl20IEz5vxr/pgYCxkxAAB2FX5XviBDCMPxQJiKxdpHUlNqSVcQjo9COlj+KEdBRcQFvUKrvst6qsDTAgB2OfJ4xjfUkUdB1niHmUFRW7NZQybm8b2GBzBYUOGs02dhRRuk4mvySCCHPGKcLqcqBUqirXdXOPauL3omPO+u89Izj8fOqWN033pzV5OWA7pnALYFq/IFWMaBqTMsfeUO9j09oveyckSCeaTSoktMathCN0/Aq8o8RQ72paW7yFMlhauyVX1lAED7sxZtZgYtrTMFc5qOM1V4R2Kekk8pmcM3XGPOECtsfrm1YtU2YItt423o22P2mv4uzbYchPeja0XYM4fZIQg7G9g3q5JlREj1hcHuE70pANufFYbF0d2cEP5ZTOWJknzGgL2gG3NuyDzzJwmP/RAmdB0lTkWW/Tn4DIEnbfiVocoA2BGsQZs5w3tGzHOENQWE6++wrQs7E8STVs48BoVXM5qWQ0tyI1VzdUzHx+yMESGHvLHN4LyLITDm6SSdFd+s3wwXwmBMnjFJSHsppI8NWPBOHQUAYIdj95bhO92YgHyGZDw4njj/Cf7xfejsRn6hkP4Tsq60/worBwoQSgBg92CGJyPqDYTrbmU+oVQuZdoLnJjhekB8a72FaUs55rAeEG3Adu3RBm9Skuf19KxPaM8yZkcbDOaLNtiBBTcrQAr0O2+8/8Zw0QGwe/BrgMB+X06RU2EQ0BYe3519DoWO4CPkwtuW7uJNvGzmi6A2GoDdQ5hGCckgkrQVk7KQLPuBCSLDYx9INgGLMBFaYjM40QbXr4w22qHt0LfHNoK9vwG5tkHaYbnlmLPEm7tmqlvQI1kbtiOPNUoIbvgzgBcPgF2CPyBvVz5IZQ8Umddr+zSI+WyJCLmbcuxmYpr/tVwhvqUlVjJ4AAA7hvVUapmffHO+2VpFshDITV7yxVHlmERwubeoWfVXBaIN2Da1DXndyTOat7pGr53gvqq2kSDPwSoHF8yiH+caVpKUdXHmux3sAQB2IY37YznaYFsLko6KNBgCEhG2y9ZfXplPNQmf/RA0IaKeGQCwM2jyRy3P7yJrJ2GuzmCOgpz6KSmjUg4/MOsoWShfyzuWImqJ5aCSNDp023Z6OuSQM5+/zn7zgr8Bud7AF2Vg1tLQQt7tmTtM6qydjALDG2dAFwvAbsYb1ZTavsKnsPikf4VKX810yM0a7ImIvobqP7/9gmgDAMBTlOUd6jB5FCTkqKekzjyWA2NeocdyCNZRrNNyUKkNPNnYtv+2qd+AnQccyEyyfw/E5BiDu8KbvfpRYIpz7/Wl3jdqlWgAwI6k4cwMkYeGVSuwBkaBt7650bM0ql5YjUECZwgAuwxPGlKwcspbdeWYAs7ikq5x4J9v2mc5sKgyh3Wh2pPeuN5lzxZyyC2J9FI3OVuIM7B34wlWlMG+oGkwCJLWjQ7MW+Jb7yHK32gBSwKAXUdzvaJ3GsOwA7z6g0UHFhoUUbsny0TbGFBZAOxUIt2gTsaR8HoqfOsuOLM/O+mQjvFgJ28zx/IwF38Lc6gGLYf1BBz80QbT9Rv0N0O+y+WreqssKyDUZjB/GsTMd1v4a6Ap0MN6oxVe2zwsewoAsKNoLtbZ4Hy24lFuEdbqL7+ag6LPXs/JAIBtgtcs8KVKMl/ykhtesI0H5tgW3jwlcowDFrhLq1HJngNWOBXddhtyyGW5yQqhBvMKrsngtRmk0gZGnvJoz3Wchi+bwHMNAMCuYA0/ed+8SisdzVYe86/GKoCOAgCE4klACtEq8uKS5ImkSkaCXPBgVks7loNneiUpytDCgINKzgybkr8ZbbT97ajfQMBmcNeD9gXy7Q2TbQbZkLDtE8Y98zJFmCmI7QMAiMKUQTMD95Ap0pu4R4O0pUbAkgAAuAiSZl4zkQf60hwwkUaCK7cnnZQ/2eOsRpbD2rCjDc4QDW20I9pNdpmCRLirz6p8ti6i60I3iDPS9dX2qDAYAADrB2N5AMCW0GAYI6I+coUJQQonRSG7FlSyBCSzgAVHYuF3WkvAQXVvYVk3aKMd1g595wKhBjc9ySO0Agv2PMSsqhmphMo5gw0AAAAAANAEwjCoVKkl44oVYBBSCMLMKndzOlZOVVoD3LwUuWNAtNGOakdjHeCdqUQ+yzZAiEiri0wqxjmHzQAAAAAA0ByMc5ZJx7W65Y11RlYWtgPXOZ6aGcKtBu5eV76HZws55CyYoRR8D0ODYsJZYsGyGYxEQoXBAAAAAACwWhixRFyt1w2SLIeQRXjDEst9I7c1FGtJ0QbnIv4t5JA382KFhBp8i7IJEoYg3tqlRwAAAAAAdg2ck+43Fexlr0IDDi28tXxLtNFuoh3AthB8B7lvsGQKB5Y5BwAAAAAAzcPM0ZSU0CHccZdzkDwSaxGy2RD0MaONttVeMUPJc46z25d4J9YwbxIAAAAAAHDRdSEPrrxjLV/AwcM685R4E8cAEI1dDB0WarBs4TW8lwAAAAAAoDHeVbBYMOBgD8ZaMwyD2QBagPmaBkINghjJ7zRMBwAAAACA9SN8nlnmHYC5xamtHHzBbACrJmiyhocavOlJYoUKCQAAAAAA0BSMyJONZA2zQgMOHtYTeIDZANaBd7kGIr+l6zNzEW8AAAAAAFg/4eOrwDCMqJV5SjAbwHoRXnNX3iEfgVADAAAAAECrCAk4eGl5nhLMBtBi3AylgLylKxUCAAAAAOxSRNgqb6F5Si0EZgNYJ2GLt8kZSnahDgAAAAAAaCHOUrsheUqeY1ozEIPZAFaH+zYKOanOLyFvE6EGAAAAAIAWYgYcvOtqeXf7EpdEyHhtVcBsAOsiLBDGPPOueo8GAAAAAADrJWSQ5SR4+GMLrUpbgtkAWon/vUQxNAAAAADAhuEvjCbauLkrYTaAVhMIfSFDCQAAAACg5YQXRm/YqAtmA1gXbiQhorBBFmLdBgAAAACA9RM5qgqUN7RwZhqYDWA9RL6HsBAAAAAAADaThqOvFtgO6vovAXYjkfEv5s4XbFfmbIABIZbylWsT2vSCUdZISfGurHroUHIstzYzWCzka1OkHO1Xt8HvQTcePSjfmqzPLAvNoGRGGRhInDoS71ZWcYlbHy5drsa/+2p6YBVnBShXf/PH8nJ/+oen4glJXH9afOdjLTXW8YODKs2X/vGTWjmbevPlRHf0laqF2t15Gh6Kd67neQAAAIBdiTMNq9UKq4q2ECJ05vwmUeWKVbTRjmpbkkDBjWwVBOufhbNpZfzBmLi2/IdJwyAizjIpqlWN2XxtNl83Xs0e71j99XTt2rXyfV3NvNEx0ubDVk27/FHxRoGIKJnhHSSWi/r9u6UHU9o3X8mMJFa+ABER6XNFMjR9uU60nu+7XJ/TSFs2akTynbVlo2hQecEgonpdlDWqaYbR6ELi4a3SJ0/ZYkf8/J51PA8AAACwmxAkzMkrzQGYf8zm7jV9uEI+YG3mgyqfgjbaUe1mESJkfWjRyuqcpYniHyYNg/NDJ9MvDqkJIiIxl6/+5QkbSK3xmrpOZFDDoW07ICZulG4UiGdi33wpPZJiRERV7fKnxRsL2odXq3tfTqz1D7BRqH2ZH79h6DHe0KIRdSIioRuYdgsAAABYDUIIYiEGQNh4bP2otgmCLbaNtuumVclK9a/u6QZR7mj6wpCTUsR6+pPn+omIylPFf7xWHziTfbWfEREtV375p0ptKPP28RiRWMqXP/lKm14WGlE2Fzt2JDUws/zLu6YvvP6H3yz8gaj/uez3Rni1UL1yu/rgqVEhymRjxw4nT/YrRETV2sU/lmb60hey2sd3tUWNOvqSr56KL90pXpnUl3Xq6kteOJ3sMb34Wv327fIXeX25SvGMcvDZ9Jl+RSWqzhR/8Wm971R6/0z58pShD6T/5nSsHHi243u8OVfl2o1pQcSPn8mMOPZBIvbCmdT078uzT6u3CokXspEX/+gLbboslJRy+Ghc91xXLOUrn/ylNl0QusJ6+hIvPpfcGyOq1t7/Y2mxP32+Q/v4jjavxt/6Tnrvav/vqtb+8MfSXF/6r0/FVaL6cu2TW5UHT42KQcmMcuBg8kxH7Z2PtAoREd39ePEuUXIw/den44mqdut25cu8XtAomVL2H0y+cDCWIiKq3/pw+TMj8eoY3bpZnSrzF7+R4TeWPqnEv/sNO+dKr1/+0/KXidTb59rOjgIAAABayqa621Q3CQpbbKO37UJVnykSET/YH16GUF6oVwyxOK+TeUBZX9RIKxhVosR8+bef1sop9dhRtUPTH83Ubz2oHziU+Jqh/eVevUBs8GCsh7PePYwK5d99WJ01KNcfOxgTj/LalU/rM6c7vzPIqVqfq1JxsvRPKeVAXyw+o+Xzld9crJCqHOiPxWe02Xzlg/vqjw6ppNcvf7R8o8D6DySfzVLhcfWLT5dr57IX+litoBcNUbxWvE8sl1P7+hU17NkO7fHWDBTqcwZRSj2Y9X7nlHqwg2YLxsy8QVkevDg9Lf32U61IxFO8g4wvr5bluEp5qvirq/VaJnZ8TM1U6189qPz2Y/rhK8nukv1NDUplleE+tTP0L16s/uEjTc510iuSVWJepKCXiTr12kcfle5q/JmDyb6YMTdTf3C3dvDl+KlDdH9Ky5cp1x/fn6ZUn5rQtY8vFb8oUrI7djRLizPa3VvF6ULmh6diCTJmiqRp1YufEiX44EC8N8EKnIxi7frj5MAQJ6LqbPXLAlE/w4QPAAAAQAtRzdymEB8z5JBL23bBMGpERCzVbB6/S7mgF4l6D6bOHVSI6PiYJT95jM1M1AuGcvhY+qBCRGLianXWoNxYx48OqVaN70faw9uVucF0j3kOV158pXMsQfWp5f/3al0z1G++0nEwRtWp5b+/Wp+f0auHVONx+VaBMgfTrx+PqUQ0pNT+uXjvbu3FPvvRY7FvfcMqSChPhD+bjG5WCCR4zL+Hm+ZFrS7Fc9yLi3sfa0WizJBZuyyWJpZ/cUPXrOO067frFa68cj5zOEFEiZHE0t/fqn4xnzxv/cH5sZc7z+2JfgU0MftUj9zrPDwRFeszVeJ9iZfHEgkiOmTtGhhTaEHLl6lnJPVCHyOi8kTxyyLxPakfmWlX1dr7F0sPJ8t3j8aO2+GDrqMdbx6ySth7DsYuz2jTE7WloWQnGffuaRqxZw/FVv+OAAAAACAS1RkjkneMCDnka7QZpLGrnJnUmiwlzuNERKJcJQoMnxuT2hPr5frsraWfT6l9OWWgLzbcp4aNLPXZRSLi+/usgIbaHeuLacWy/qRKltmQUvYmiIjUFE8RFVNKb4yIKJFgcaKKLgwSc091g6h4r/i396Rrq3rRfvBYX8wpYm7m2ZQY56QbVUMjH0ZNIyKKJ9z/r6SL6zPLRMQOHDSNC9Y5lNj/Zem+eZWyPlMmIv3D3y18KF2xXBZkDtBT6uEGNgMRdSf/xStJORBRnlj6+xthhkQmdiBTuzFTfuf3tb6cMrAnNrwvFjZ1kphb0A2i3v6YZSMkYge66eGMMV0QttnADw66016pfYnDGe3GQu2rQvIFXv3qKfHuxLO5NrJ2AQAAgJbDItqtyQoPw442yD5mWQI55M3U2nsrnjdw0YaE0pehfNG4l9dPdqxyGqCO5JvfUu5P1B4VjJmp6t171eRg+ken48H0d72J4mhPAgyP/AP1H+94uc/dqyR4J9GS2ZZ/4008m5pVe0ibLdfvFURPVjq3XL9XICK+v9t9KMVv7jGFu/v8f7hU7Fvnkl3uyawjxWje+p4tS/VRYi98o2NgsvZgTp97Wvtksnb5q9h3X81ETQKrNLox45696tER5dYt/d6Etl+pzRMNH4yHp1QBAAAAOxpnAiX787pmXPXBrdGhnJfCAlvId718TS9u4GML5lNSjx5UONH8V8UPpupV+9oLM9XLt6pPdIolGBGVq4Y5Oc+T6brsm1dTscNjmVfPdb797czRFFWmtSc6kcLiChEZy2XzKKU/S0TGo5m6+bk+p81oboShOVhPt8KJFheMVIfSbf6b4vFoAyP82WRSsecGici4daU0Ubb/klXt8pXyrEGxvuTh8Mlnlb4OIjKmZ6zL1Z9q084fJaX0pIiqeoF4t/2cHeqG+ekVdf9I+vzpzh98p+tb/WRYBg9LcCKi5ZL5paw/3cxjrWx/xwcLRMQHspEP1jmU2B+j4mTx/QlBidjxftQ1AAAA2NEI/6BqE9bZVUN8zNhiG9g2S0QqUgvjD50jmW/OLf1hyrh7dfnuNZZJkF4VFYOIePxA4mSPmqFacbL8W0PrqNYfPXXv++TW4m+n2P5+daCD68vagzLxbqVHISJ1fw/dzRuffVSY7uZKR+KbRxO9M9XZ28VfFtQ+Lh5N1YtEw2PJntU8Z2ooeexe8Yup0jsl7UCOUVWfntGXs6m/eTnE+Ih+Nhk+8lzm2eXiFwXt9+8vJjM8RWK5KDQinom9eiokbEJERGz4UCwzo83eWv7lgtrHxaN8vejujX3tqPrgWv3Kn5am+9UuLpYL9UcLdPjrXedX82VXRCGqzxT/4Wq9oy92oJsrhn5vjiimDKSJiPX2KXxGz99a+k1eUbj6wunk4XvFr56Wf/lhfX+WFme0vEaZoeShBvMixWLP7WMPHwiNKHcwsa5l7AAAAIBtgj+24LAxDkAlN/QK2Rkp5pgPbbSD7RdD1lFraE0Iz38cDMHi8XWuxcy69yVGuqhaFRVNlKvEkrxnT+zkqfSJLkYptTdmPF3Q5xYNLRF74fmE/qRu9CWe71MSHdxY0p88rU9M16dL1NGXeOV0qlclIpbbo+hL+uKyMV8ylFz8yP7EwV5Wq+gzc/r0gsE61bGTmZf2mVkz4skjrZJLnNynqETEjelHdT0XPzmgcCJi4vFk3ehNnOhXOFf271c7NP3pQn1qVp+vUKon/uLxZG+cKXp9/LGRG04d6rb+hNHP5kVR9g/F+lRRLIuloijrFE8rQwdS3zyd2mtXegQvztOx4S6xuKjPzBn/P3t3+p04uu+L/acHITEaMGCM8WwXHqpc5arq6t67dp+z1z73rJvXWcm6K8lfkLVuVub8Xcl5dU+Su5Pcc7qrd3WNnl14HjAGG7AMQkgIKS8YXQaXa8Quvh/3evrHD4EeKFnWM0g6K3OjM46xUumYrDPjVhcja491xEdKrnx8Wk6eGZrFMnzH/ihssTLzOF7S6p/0MmbGD3UKiHOhC/OJOLO8Fy+7BsWojxEzj+Olcq8412/hbcxWNFJp/TCpH6QNzm2dn3dEXRwRiT7eq5ZPZCObM0o2/s6weCdsETQjk9WPsoZmZcOTjr/MCDYiIioca8ec9e641XVhRIFz2o2d/bLKLI8f2Htvwe2+AQAAPpFWKjNWPRDjuPp9GyqPqz/VsLIE1RJNh2+V/7P28yAu48Z+/N863pON8uaX/+1/GbowycisT2JqzD6qDimY9Z/aEFp9HM009TLncuIKN/Dl5XZy/8dqWRh0/BcPPrdhCgAAcJPlZZW3mLVmQqXp8IFmA1FTf3DlAUdExF95KuF7GNX6lSvHgYgRt44BbrTS2k7ZIDY5hjYDAADAV8HINDmqtT0qN6Kuxsgj35S/FlzyEjqkbGoGOQdssz3XWBgAAOD79+WPynjiuGq/8vsl8sg3lZ+lzYnSAF+KRfj5H4VOVwIAAODb+3adtqzex9yY72SaXFOMPPIfcSUlAAAAAPgesVpfcvVC/e/3NyOPfCUPAAAAAF2MVfuVqUUfM/LIXzznHgAAAAC6FLvQr4wYcdsYAAAAALoXq14ux6xfNAcx4pYxAAAAAHSv2mgDSpQfKAEAAACge7HqzXzJJI4QI24XAwAAAEA3Y1zlpFfiyCTEiNvFAAAAANDNKqMNXKVfGTHidjEAAAAAdLPqaANKlFeXnd5QAQAAAKCTmkcbUKJsW3Z6QwUAAACATmIckdnoV0aMuHXc6Q0VAAAAADqJmURco18ZMeLWcac3VAAAAADoJFY5Lqz3KyNG3DLu9IYKAAAAAJ3EakeHVDtGRIy4RdzpDRUAAAAAOolRtV+52qNc72NGHvn38kD+qs0AACAASURBVAAAAADQtRhV+5WrPcr1PmbkkX8vDwAAAABdi6emfmWUKK8ov5S8rH7BdwMAAACAb4CvR81zURAjfi+mL8fTY/uC7wYAAADQVaTzYkfWy+pRc48yYsTtYgAAAADoQpVzG1pDHnkAAAAAgPqVlFpDHnkAAAAAgAuTlAAAAAAAAFpCswEAAAAAAD4AzQYAAAAAAPgANBsAAAAAAOAD0GwAAAAAAIAPQLMBAAAAAAA+AM0GAAAAAAD4ADQbAAAAAADgA9iNu6kY8jczDwAAAABdjBHX5hnkkQcAAAAAIGoabWjuYzYvlcgjDwAAAABdrDba0NzHzF0qkUceAAAAALoYa9HHjBJlu5EHAAAAAOhKjDgis6mPGTHiljEAAAAAdDFWPS6s9ysjRtwyBgAAAIAu1nRug3mpRB55tBwAAAAA4MK5DS2PFJFHvt6WAAAAAIBuxVocNaJE2bItAQAAAADdinX+eBTlrSgBAAAAoIvVRhtu1HwY5G9gHgAAAAC6GDPrfckcmU1Hisgj35wHAAAAgG7GuKZ+ZcSI28UAAAAA0M14k4jjyDRRoryqvEkM+eRga+80k1N1gxPsTm9oYHws4GJERmbp2Z449zDq6XQdAaAbaPn41v5hOierZeKtTo8vPDoy7LV+1XXKe29fZQeezvfxX3U1AACX8JUeZZQory5vDjm++mJdcQ8N3Z1023ldzZ0dHWz9ni09/SFsM3S9pDG901UEgG6gn62/XDvi/ON3pn1OnnRFOj4+ePM2d//xXT/7iqtVy7pe1onQbACAb4xvTF+v9CsjRtwqvjHy8b1zcej+w6ir8mfZ5fL4w4OaxgmdrhkAdBX95OhI9cz8KRqu7n2cHm9gcFw1+K/YZgAA6CC+ccpr/RgRMeJL8Y2hl0rEO8WLf5YtQlOjwdAym2/3jrJFnQnu0MjcdMBWfam0v753kJYVg9ndvsjk2KjXSqTuv1w+G5q/H7JUlirGl/+2Z3vwh0lfdR3y5u/ravTxXe83+4wAcAvoum5YHbaLPRZMaOydtHR8fes4I2sGs3lCQ9PRgJMRkSEnE7vxVDpX1HRm9/jHZ8fDDkZE8t7iK6l/zn8W20nLttGnP4RtpKa3djYTkqwavMPpGxyfGXJV3jsX31zaS+cUg3f4hmfvjHosRFSMr/5tk+78NBuxffvvAwC+fxZP5Gn96BAlynblk7uuSxvPp4xBGCZnEz9naF2wKCf7R+ec3eGwC5b3qmDIx7vpdLboHLtzNzo00FNKbu+nhf6BHguRvPtyeafsn7k/PTMWdBunm2vHam/Ib7MY0tF2ho+EXRYiIuVwfe9ULpZ7BkJOjojo7GBtnxu4E3SjAxEAmvCikd47Oi1anW67/dIIg57e/H35zD05M39vbGzAXU5sxM6cg0EbR4WT3XQ5MBi9Mzo56hezB2vHlvCAmydSUocHydO05h6dGJ8c8TksZnpt8U2KDUxN3Y1GQm52nsqLQS+XScRTZ+dc39TsxOSIX8zFY3HVN9RrJ6JSXlKt/n6fA/srgO+aquqMVWeDcJUfji4+psZkEa4+a4SjC2kiIsY+4nDO4os8vQlHpShvePnjTWk2cI6gv8fMxXf3YxsHh8lsJl80mN3l4LlKs2EvYxmfm4/YeYtFcPZYpPiR5h7us5vp3YVDNv54esBhYRarw+u3SQdbZ/ahfqdTKB7tngmRUI+FKH+0tm8J9xspSRwMORgZ2Z3tI3FwJoy/wgBwEe8OBcXiSWJ7Y3drP5XKnOc1srkcAiMi9XB1Kx+afTjkYEScRfD0UGIjIwwHXJzQ0+f399gE3sIsgltUDvZk10jQxZGaThzJPbM/RsNuQbBwpJ2srWWc0w/u9om8hRcc7r6Q115ZrOCdezLaK1gsvNBj0xKH50K438sTc/jCaDMAdIFONRt4k0yOuNrRIWLEreObRPSPRP0jZOhqTsrl06eHy693/VNP7vUKRMQsDpdYW5LjeWboBhEp+YJh8/U2Bu4tHr9IBzmZAh5Pf8i2eJRUI0Ni/ihT8o+MD+XSr1IneiDMzo/Shn+qF6ceAsBlvKsvOt8XJUMr5CQpn07s/b57NP743qhDPsuZSnH912R9WaNkcZNBxIxiOrF1kD5XSoZJZGia4TYMIkZExOxuT313U8jJhr0y++g9zO521tsGosCTqeNSEADw9fHUOEYkxIjbxzcO40WPX/T4A+G+zV9e7R+N944KRNU/vpfolz6EUY+c4QH7fiJTjLgPT3X/lJd32cP2xeOTUkhIpcn/VS+KAgC3HxMcnqDDEwz3uV++3Ng9G54lIktw5vGc/9Ky+b03ixnX9PTjkFNgRNLWr6+Vj1/hF6o4AMDHYERmrV+ZECNuH98Q5WKh/Akvs/c4WTEnaY33yWYVcridRETkDIXccvIwcZym3gEfI7L3h+1S4jQRz1oCQR/+QgPAJYamFI02zzFnj9PIp/OXn9FzssLcA2GnwIiI9IKqtnsTl9vN5HS29AXrDADwOVilRxklyg+VN0MxtfT891/fbu0nz7J5OZ/PpxM7C8snhn+g33HV65g/MujMbSzunBRKuqak99Y2srbBsdrsI1tgwKPsrqcoEKo0EmyhPre0s3bCB8MetBoA4BJD2lp+9uzt0tbxyVk+n5els9P9tZWNnG1g0MtIHJwIGvGNpbgka2W9KKcPNl+9jeeJeLfbaUj7B7JuGHr+eG0313YNfGA0YsvG3m2eyEWtJKeP15fjUrs2BhER6emdN2930piwBABfB0/V+esoUV5VdnpDrbGFH/8k7u8dJ7Y2ttWSbnC83dkbnnoy1msjIsbzVsHaOBGBCTzPW3hGRMw5OT8rxPZiL14qOglu3/D9qdFGi8AaGvLv5oqRwdqZ30JwMHggFwciuOE0ALTAfDPzD+OHB4nE2mFR003GW+1u351HIxEPIyLeP/n4/l5sa/PFumrwVrvbFxnvcxGRa+TBrL6ytfwvMYP3BO9EB4trcuU6TLxo5QUra15F9N4DcWd7Y3lfMZjd6R8ZdzJSRQvPW5r2c1bBahF4IiK9qEgSabgVHAB8HdzIk/+VqPmsV8SIW8T//t/1E5FZH3cwG2c9mLUnzMryjR8iMk2Tmh/pZc7TgyuKAwAAAHwi6bzIW8xPupKS+d6VlHjLR0yqqJzbUD/rtRpzTTHyyN+YsQYAAAAA6IzKuQ31nuP6XHYTeeQv5gEAAACge7HaLJQWfczII9+UBwAAAIDuxZr6lU3EiNvHAAAAANC9GqMNKFFeWQIAAABA92I34HgU5a0oAQAAAKB78TfgeBTlrShvlny+WCyWOMZpGu5sdLsJVt40TZvN6nLhyrxwmyhFTZY1wzDK5SvvwQZQw/OM45jLKdhsQqfrAvApKreEae5RRoy4XXxTpE7OXU6bx+OwWi2drgt8AaVSuVQqp07O+4I9na4LwLUoRa2glHp67AL2QvAxNK2ckxUiQssBbqPKLR6ae5QRI24X3wiplOT1OBwOAW2G74bVanE4BE+PPXVy3um6AFyLLGtulw1tBvhYgmBxO+15Wet0RQA+RaXZYKJEeY2y8/Ky6nbbBYHvdEXgyxNFq8tpy+eLna4IwIcZhoE2A3waQbCYJia2wa1UH22giz3KHPLIX8p3XlHReB5/qr9bVqulqOJkFbgFcD4DfA5dx/YDt9Ll0Qa6lEEe+Zsy2sBxHOYmfcesVstNaaECAADARc2jDYQY8ZVx52kldEV/5/BPDAAAcDM1jzYQYsRXxgAAAADQpVinKwAAAAAAADcdmg0AAAC3lCElUvlPP71WSSXOSl+0QgDwHeOp+aL8iBG3i2+NUnZn9e07dfjvf5xw1JNGPr72duU4oxjM5RuZm5vrEztaSQD4rhlKajO2tnsqKSUSXYFIdH6ur7pDKmVir9e3UudFZu8Njc8/GvJUuu/UzNbK5k5KyqlkdXkGp+/ejzjf79grxJ/9chB6+ocJVy1TSq4spcZCfS5SUksri/vZnMGcvv678zMRV+PVRiG18not4Zj7t496L1Qztfl2y/vnsLdtrSpVO91+u7BH0z//FLF+pS8MAG4F/kacaov45se3QikTe76wpVpJZc1XRzRO1569zUWePP0pwKuJ9b+9eCX+/DTq6WRNu8TS0hoRzc3NdLoiAN9UYWdlJdsTffI04OLL+aO3zxdeu/7+5zGRSNl5/mbXNv3034bddL7z+s2z1+I//tBnpVL87WrCMTb/8wOPSIXE+vPXC2uep3ddze+q7LxeTyq8u9xIlVLHkicSYCStvvn91PP4zw9Con66sfD7szXxH+8GGBFRIb7w7O2ZYVGKNt24MMfAyBxmHJGo2LZWRKSmFl69SpQsZd2BG5QBdD3W4pKbKFFeLm8H5hx++A9/P+G50EdXSmwcs7HZu312K7O6Infnw+rWVgYXzf7alpbWFhZXFxZXK40HgO7hmPjhLz9FIz67aLU6fCMzYeEsnSMikva2pN67DyIekTHRO/Fg3JHYPlSJyBr56eef5yIBl2i1ip7hyVGXLGUuzB4q7CxtWHp7L9y4xjg9POsd9FmN06390sDcTNhlZVZ73+zsmOV4K1F7uTVw989Pf2oefag6OzwVwyGxfa2IiJhv7Om/+XHC/TW/LwC4JVi1RxklyqvLW8HqjQx7xffv65A7kVhvX0/tIesNeUvSGe5F/FVV2gyVGC0H6G5GsajbRIGI1Mx5wR0I1Gf6OHwBh3zaohNDLZR4m61pX5bfe71hvfsg4mheyjg9lNzhPisVMplyT6i33i7oCfmYdCpXV9IXCbtaTS7KJlK2cNhxda3EwHDYg6lJAECE0QaU1y5vL0NVS1bR1kgwkbeWFPWq18BnaW4zVKDlAN2rcBA7tQ+P9VTuc0+i2HQQLjqshloqv/cKNb6XoL6xQL0ZIG+93rXenY3YLixmnCay7nDISlRUSxZBbBpNsNqsWkm7ekw1e5gV+/sc164VAABPHJHZ1K+MGHHL+BbDXaW/tbm5GZzPAEBEVMosPd+mO48nXdRyZ3T5yN6Qtv+2JId/uOerNQPyW0tbYvTPEfHi0sbp4Zmjf1ps+05XOz9MsfBP9mvWCgCgNtrANfUrI0bcMr69GC9aS2rTnCRDVUtWO0bdAeDrMs5jvy0ke+f+EO2pNAGsdoFUtemUBbVQYqK1eTJS/G+/HdjmHs/X5wzlt19t2efmw+9f/c04Ozy1RwZEIiKbaCvpatPBvlosCVbhqiusS8enLBByXa9WAABEF0cbUKK8orzF3EGPsZY6p0Dl9AbjNJmzesYdH3wdfKrLk5SI6MH9WQxBQBcx5J3nr3Ydd//8IFA/4hd7exyrp6eloeqFTAvZTME5XD8nQU28eBajqR+fROz1t5H2jzJK/m//nGi88//3fx9GHvzjxMmpLVQda3D0eqzxZMaIVOc1nZ9kDc+084ra5ZOn5dA9z3VqBQBQw5smcbWjQ8SI28W3mTV8p3/l+epK34OZXr6QjC0mxOGf8SfxK6o0D5pbDmgzQJdR4i9ebrDozz9cvEeMZ2TC82xlIe56EHYb5zsL24Xw3cHKEqXTt7+sqxOPn45duF2DZ/bn/3y29sBIvfgPMdvPP895KLsUEyO17g8WmBgW/3VpLfzTTMimnq6v7pT7/xC+YkhVOTo2QnO1C0VcUSsAgCY81zQXBTHidvHtcLr0H36NV6YjJf/6zyskjv3pL/MBYoGZp/Nrr14/+yfFsLp8I48e3sVNG76y5pYD2gzQdbJ7K8eKTEv/5z8tVTN84PE//jAs2seePCy9XX/2z0tFEr3hyaePKrdHoPxObCev0vKzf1quvsLii/7D349fuHMD461WXrRcODOhwjP78HF5ZeX//evfdOb09T98OlM7oVrZ+eWXt+nK+c2v/ylOFv/d/+yRkSj67vvqr25bKyolnv9fC0d65UP99X9ftHjv/PSX2R4CgK7EDf/wv3C1fmWUKNuV//7fhYnIrLcfzEZ7wqw9YRIRmU0/RGSaJjU/0sucp8d2xRZ5tcTxWbjf+0U2ffgGPuF2b/gnhluhwxuqevDseen+e42KazPiC/8pM/KXOfyidQx2dPCZpPMib6nMCSGu8sMRXXhce0hEXC2o9grX00REvOUjpl9URxtQory6BPgEGGQA+CrEoad//+mvZpEHf4l8yeoAQJdgjUvzc5dK5JGvlQAAAADQzVjjlFeTOCKzqY8ZeeTreQAAAADoZswk4pr6mLmmPmbkka/nAQAAAKCbsXqPcvUUV/NSiTzyN2a0wSrwna4CfF2CFf/EAAAANxGrXxCn0q+MGHHL+KYwqVQqd7oS8LWUSuUb00QFAACACxg19SsjRnxFfBPYbdaSjmbDd0srlW22K+5RBXBT8DzuGAmfDtsP3FKsdhFXqnQoI0bcLr4JnE4xny9qmt7pisCXV1RLhULR5cTNaeEW4DimaejCgE+haWWOQ7MBbiVWv0wOSpRXlzdEX7DnTCoUCipmK303SqWyXFBzOSUYwN1n4XZwOYW8XETLAT6WppVzsoL+Ebil+HpncmUuSmNGO/LIN+VvlL5gTz5flM4VjkgrYeThdhME3jTJZrOizQC3iM0mENF5TjEMo1w2Ol0duB143sJxnMspYjYm3FJ8/ZDQvHS3L+SRv4GjDRUul83l6nQlAKCL2WxCpfEAANAl2HuTUbimGHnkca83AAAAACAi1jj1td67fDGDPPIAAAAA0OXeH21AibJ1CQAAAABdjNFNuLQn4psfAwAAAEAXY9Xjwnq/MmLELWMAAAAA6GJNow0oUV5R3m5lKXGcLrZ/vpB48Z+eLyZxCXYAAACA1hiZZtPRIWLEbeLbLX+4tbObbd8qENwD4f6Q2/JNKwUAAABwe/BE9Rt9EWLE7ePvGu+KRHEbCAAAAIC2eKLKrYBRoryyvEHK0sFO7CCdUw0mOoMjE1MRJ09E0s5vK+XxWWcqdngil8jqCI7duRtxKntvn28WDCJaff4fV4ns4SdPBwtv3x757wzk97ePZYrM/WlSX3q2Y59/OOkiIjIKp5uxw+OsohNv9/VFp0f8NiIiKmZi63vHWUUnq93tiUxODHsxQAEAAABdoTbagBLlB8obwshvLb1JOqbuPwq7rHo+tbq4usTPPwxZSS+pSvrdJk3Nzs/YSE68exPb2PfNj47M/8PQ2cqzteLYDw/DFsYYkZrVStnNd3pwOPpwwtPjJCOllzRVJXIRaafLr7fU8NSP9702UtOb75be7Dz8aczDlN3Fd2n3ncd/12snVUoeHabzhtfDOv2NAAAAAHwDjOq3AkaJ8qryZtAzG4el4NRk2GUlIt7VNz1iz8bTWvVpof/OZMhl5XmrJzLoZ0paKhMRMY6IiDHGGgf5zDPy8F446HUKFw/887sHp7bhuQmvjREx0R8d7zdPD8+JSM0pzBXodfKM8XZfZGJuAm0GAAAA6BaV0QazqV8ZMeKW8c2Ql3J6yVh782v9gN3QmcNfIhKIiNnd7lqe8VYrFXWDqOU8Ik50uIQW+ZKUV4zc4atnR/UVlEoULBtE7oGQsLC68Kav1+/19Pp7XAJaDQAAANAtms5tqJz6ihhx6/jGYN6pp7PhNkfsH3Eg33ZRzh6Z+VOrM6T90w9+HjxPZ7OZ5O7uesk5OftwyImmAwAAAHQD1uhRJhMx4vbxzeByu0k+zRof+zoLkaFf51VWl0tQz3Jt7vHABJc3PDR2d37+D9N2ae9Y+th6AAAAANxOrHp0+F7JXcog3+35m4EPjEf4k7X13bSs6WWtIMXXV1/EpA81CFy+HpY73EvmVU0rX72wZ3jIp+0vrKWkYlnXVOkkvvRyPV4kKqbWl3fiZ4puEOlKNq2SzWH/kp8NAAAA4ObiiajFkaJpIo/8pfxNwDzRew/tO5vvlreVMhPtTm/v6KSbERFvtVoZ31jSYuN5rXr6gSUUvSOt7qy9SBmsZ/LJlCgwQWw654EJvFUQRSIisvU9eMQ2Y4cLv21qZLE73f7IcMhGRJ6g+2x7bXmjWNLJ6vQF5u6Fbd/88wMAAAB0BDf8+H9u0buMEuXF8r/7r8JETc2HpslLZu0Jk4jIbPohItM0qfmRXuY8PTjYBgAAAPhE0nmRt1Qng3CVH47owuPaQyLi6pNGOGqaQlL5P2/5uNNCqwd/bY4XkUe+ngEAAACALlU/t4FaHTsij3xzBgAAAAC6VGVgomUfM2LE78UAAAAA0KUqzYaWfcyIEb8XAwAAAECXqo82oET5wRIAAAAAuhRrOh7kECNuFxMAAAAAdDHWdDxoIkbcLiYAAAAA6GLs0kwUrs0MFeS7Og8AAAAA3YzVz3utlealDPLIAwAAAEBXYzenPxv5m5wHAAAAgG7Gmq6vaba57ibyyAMAAABAV2M34S5iiG9+DAAAAADdrDHagBLlFSUAAAAAdDNmNs1FQYy4XQwAAAAA3YyvnPla61FGjLhdfCNI58VOVwEAAADgc3l6bJ2uwkfjiUyOOBMlyivLTm+oDbfx1wzgo0jnRWzn3QD/0HDbYRv+ZLe0G5TVrrNZ6VduxMgjfzEPAAAAAN2L1e7nZdbnstOlEnnkAQAAAKCbVUYbzKY+ZsSIW8YAAAAA0L0qow1cUx8zYsQtYwAAAADoXuxSv7LZpr8Z+S7PAwAAAED3YmRWjghNjjgyTar2LnPII38hDwAAAABdjBFXuS4/Z5KJGHHbGAAAAAC6GKv2KKNEeXUJAAAAAF2sNtrAEdV7ly+UyCNfGXMAAAAAgO7FzGqPMhFxZlPvMvLIN+c7vaECAAAAQCcxjiMyqz3KiBG3izu9oQIAAABAJzHTJOKq/cqIEbeLO72hAgAAAEAnVUcbUKK8uuz0hgoAAAAAncSapq9zl0rkka+Wnd5QAQAAAKCTWNP0dZMjMut9zMgj35Tv9IYKAAAAAJ3ETCKu3sfciDnkkW/Od3pDBQAAAIBOYtUe5UofcyM2kUe+OdPpDRUAAAAAOomvdCWbZqVf2USMuGXc6Q31YxnptTcLafvMo9mwoymtnS7+vpELzP5x2sM6WDuAL8NIr71ZSFknn9wfdlxj8U+npuMZzdUX9liqK5b2Xrw9Ut1jjx/1O7/qmoGIisevnm9n9UaC8VanJzAaHQk5vtCeTEu9+W0r5596eq+X/zLveB3y7u/Lm7ly7SHHizanqyc0NDjoF6/zwfT86VGW74t4bZ/3NUixN68S3Pjj+VHXlctp+UQybwv1+4TPWl230zJLL9+l+f4HP4z5btJf4i+1OX3fGDX1KyNGfEV8q5RkWTXUs7WFrea/taTJsmoqBUW/4qUAt0ZJllVDVyTlK69HOlxf31nZONHqGb2k6qauqrdu13AryfmcTsQ7+kKBUCgQCvV6BCOXTiy9jiW1a7z8OhS5oJtaQVG/0Ptdi6Fkc2Uii9Pn9fu9Pp9TpKKUTsbevn6+lrnGJyufxGKx2MbW+efWo1BQDF05V4yrl5MTmyux7fUD+TPX190MaXcnWeJJPo4dfO0910f5UpvTd46n+mgDkYkYcZv4ljIKyaVl94/zfbZO1wTgFjOpTERk1o+qmH/y5z+PGbzlG/ZMdz17MHovUtuVlRKvX65kM4cnpVDE2uGKfS736P3ZcHVLMoonOwvLydzRxlLP/OOIeOULDYOIyKDylUt9QbpJRN9udd8lPbOdUO3h2aj2buEgnh6a9N+Urv1vvjndTnylR5lq9wFGjLhdfAtxgsi09NbCluPJhOvSrqksxff3EplMTtUNTnC4+8YnoiE7IzLSW78tZtzRO8Hz/e1jWWGCb3ByboiO1nf204rObL7B8bkJT/XPnJ6Pb+zup3OySoLD0z8+Nhmy35TdIHQzTdrf2jtIyYpOvN3pHxqZGvLU5lao6a297WQ2pxgk2jz+8OSdfg+Tkzvxw5QkFUoGs9jd/tHp8YirFH/9ei1rEhFJO7/8dYeYY/LJ/Khwuvz7Rs4/88cZL7tqXcr+y8Vto39ugo9vHZ3mSiQ6QhNTM2H8jnwmq9slUFbVdZ0Kp69e7BZD9bmX+dhvS0fW4R9+iLga3z/tx47TRXHyp/lRhyEn92J7p5JcMpjV7ukdj46Fqm+rnR/EVg+yOcXgHb7RueiwixGRUczs7xwn0zlZLRMvOn390dmIjyciMvKpWCyekhTN4ASHp294eDLi4j99x8hswYl747nfNgvZ/WM5MuIk0s4S27vJtKQouslEuy88NjPhtZ1t/curylhLOfH2WYKID03/fK+Xv956jUIqth4/loqG1R4YGvY2P9Xyw9Lp4q+xlE5EJB8s/McDInvo8dMJHxnFk4PYzmlGVg0muv0Dk9NhHxrT7cl7h2ndMTnsDap99uTxbmLI32gcqvHXb9+pfXNR4TB2mC0YvNt/595Ej7S7vnMqqQbvDN65Nx6uTsxT03s723GpuhMLhCcn+z18feqmfeqn2UojW0us/m1d9t17NBe06OnN54vZnuloQDrYTuYUgzl9/dP3Rnz5NptT576oG6vx28Q1l03dy8gjf/tObaiyD9y7E7abud21lZPS+0/q2e1YIlMS/eHwcMRn1c4Pl9e380REekFWjFJqfXUjJ3iDbruhZndX//b7elxz+INu0VDSu7HNMyIiMvKbr5fWjhQ+MDwzPdonyvvLyytpdFZApxlS7NVK7EguO/2DkaCb5GRs5cXamU5EVDpZXnyzeyoZoi8UDLood3xwmCfKJt7tZotWd2goPBgUy1Jq7e122rB6I8PDlRn0Yk94KDw8PhBwECm5nGoqOVn5wLpUSS7ruaOF5eOSwxfy25laSKxvJYod/npuOUOTjjdSKpHF4RJJkXN609xLvSAXTD2XU4ym73/xSDJFXzDoEagYX32xnEjL5PT3hXx2klLbidpckVxiJZbVedHOm1ohE1s6yBMRUWF/b/NYZj3+waFwyG3kTvYWVk91IjLOVt5uHkrkHR6LEAwBqgAAIABJREFUTvb7RTW1l8wZn7tjdAZ9TiIqyucGEanHm7tHeXL4+4aH+nysmN5dWzpQyRGYGA35RCLinMHw8FBkPOzkr7lePbP8evMwq+hMcApmZnt9M914svWH5d2R8XDl3B7eHRgeCo+OBJxEWjL2+2L8tOwcnByfGnQbJztv3sYxh6ktI7OdKDD/wICNyDMQcZvZvUOpMTWseFYoG4XEwvKx4fYH3EzLna68eP0ids58/oCTabnU2nqqcnB/srz4ZjOTI2co0he06dn49qvXe5JRn7op52o7GSWnaEapUNCISM/nFaOUXF15d868fX6P1ZDT8aUNyWi5OXXqW7rZGl+L2Vw2dS8jj/ztO7Whhhd6x++PFF7sJZfX3E/ujV54LvDwz73Eqi1n2f72t81COq1Oumo9H+7I4x9HnGRk1169OirptuEffwjbyEivvXpzVJIkhbx2Lbm7nzPtQzOPoy5GRGF7+dlqcu9E8/fjlDnoIC1xcFgg5hv78VG/jYg07+JvsdTR7tHY/LBxtJksEe+9++Ns+MJmOvnzXyZrvxBlj/Z8JSud5Nh0KBIVi8fJgmbzT0TDl+f7XbWu6tIsMDt/P2ghKsVfv1jL5tI5I4KzDj9Wbu+Xv+41J4Tg2B0/o3T7l9S4x+8/HnEyIiJpfedcJ2vo/qM5v6WxhERERMwx+uj+pIeRdvzq1+1sISdp5BLIFX3wD9HapmF4jH9dT2YzWSMQLEh5lZg/MjvRxxPRSPXNtMTn7Rh5USCSDb2kEwni8KOfhmsrpxD368ukdCLpQ32RCQdJyazKeiJjUX9lvRvXWW8xcZhSiRzhJz+NeRgZ+firF3v1g9e2H3ZozKadJSRF9Eai0cqFAPLrWxmN9dx9PB0WiKjfLxR/iR0dSJFpz3U+Z9cpxg9PVGtwJiAQEYkDQ97t1dPt5PDDcPNEO0tfZXehuV7867akU3D+wV0/o6Lzxa87knQuGf3B4vF2skRi79yP00GeiAY9L1/HpKPt5ODD8DXq4Y48+XHESWScbf3yKqmdnSnCyOXNCVp6vzXFtZmRgjzytxRzRR7M5v62nNlc3HZONf2ZpFI2vrebyOWUoq5XJ20bqk5UbTYIbo+TiIgJDitRSXS5bUREzCbwRCVDNYgodyYbRMrB4v9z0PTGFlUjQrMBOih3LhtEnqC/etwu+IIeSqWVM8kYJFkhIk8g+N42qsvJzYPDbE4u6rpR+b3Xy9e4esAV66o1G5x+X+VXzyIIHJFZ0m/7fqUTeEef38ERETEmWL3+vpDffr0OUWco5KweBxcLOZWI9wz4LC0WtPnClYlOgsspUlbRS5Xp3oXM9ubRSV5V1ca2YRCRw+93HO2nt579lvJ6nT1eX3/Ia2OfvWPUVa1yuSieiKiYTWzsnZwXVLVUNqp76rJ++fDl2jtkWVKIyD04UPmszNU/4NmTstVn237Yy4q5nEJE5yv/+mylkeWUokG4Vt9lhrR7kDfIWojHFuOVjMaonN49yodHmi5hZfdWrtjGCyIjMuy91W1SFBmRoRtERk6SiZgr4K9uBGJf0B6TCrmzPLXo2Xif0OOtNPuYYBOJNFPHVVKu7/3fu3b7cuSRv72EUPSBtPjqILWyZq3v/bXExpvYGbn7pmbHXXbeSG682i1cfN3FuVkt/wqUiYh80QfTTWd1WQQRZ2BDh1XmZTRvtEYtYzQ9bHr6ZH15JWk4Q6N3Z9x2njuNLWxm6VquWFfNxRCz+D7JhVOir3L5GNdyzYPY1qe452NvY4eK1T85FvXaRUtu49V2unKcxVzRn+Z9iVQqnctnU6mjxPZO6OEfJj5zxyifZGUicnp6GFEhvvB2L8e7hqNTIbfVIicWllNtr7/zMetl9REM4hrhFR+2HXvowfxA4wLIjLdjJK0VLRk/UoiolDvJ5JqfKBxvnwzeDzbasRdbtK2+zEt7mKqWE6ov/T5Y6mvAP9THw9wt6AbME52ZKbxdSTfOcFAkxSDyhIciQZHIyB5+yqGM2+dkyXNZUsWh2rlTRlnHrgg6rbJl5pJpLdIvEJGWPc4Rkd3rZsxwOuksl0sli31NB6EluVAmEv2j4aCLiJTj5kMlnlmJtGJBMejyEdEV6/pWH7e78RYrka4qlT51PZu5am69zeEWSVKlo3TZH2w14HCZXpAVIt43PBLwE5GWM5qPw5g9GBkJRoionFx8uXSSSZ5PjH/6jtEonuwsbxeILP6hPieRIcsKEfMMTIa9jEhX9KbT1Cw844jKxWKJyHr9HbLTY6dkXj7JapE+gYj0zIl0rQ9rESxEpBYVnZx848vMySQGazfQMHS0iluSd3fPDOa9+3f1q2YREVEx8fzXndOdYzkYuf4dYJjHaacz+TyT1gNBnojU1IlCxLk9LiKyMiLSFaVMXguRcnJ+zasKv785QUtoNkCXEMP3pqQXq4e1EQWn3y3EVWlvY50CNvk0nviU65UL4dHB/aX95LtnRV9fj0ianE2fK+7xnx/h3Ab4Zsrp2OKLxp85JgZH7w0NDeyvHGZ3/vbyvM9Fciad1ck+MDpgI6KB8VBqIXm+9vJt2u+yqPl0ttz/6GHIK1JOPVrfFMJO7eT4sLk/0OHrEROymlx6qboFskfuTDdt30L4inXBF9TmsNvt6+ETSuF44XXJyxfP0vkr73jgGZ3wHq+eJZdfF/0+B9PO0xI/Pv+kp/0reLffzWVzJ7Fla8RD0uFxtnYkbaRjvyzm7EGvz+0QdDmRLRPv9jhI6PmoHWNud3H5iIgMXSsqsmoScc6BO3fDViJiHq+HP01n9xa2Sn5eTuxmmu965/E7WTqfjS2+OLHzzHfn3rXWawsN9O3FUumtF6/P/A6SM9nGWbntPywR2XweJ+Xlk60Xr1M2JvRPT45OeFOrZ5svFrJ9PU7OLJ5nT3M08PjJdPO1mYBIPzk4KhAf6g+9d9RpCwz6dteyR7tn4bvX/9IcA5Oh1ELydOl3PdQrGvlMUjKZIzweshBRj9/BsoV0bGnxzFE+y6YL13hDarU53Q9fffe/7mTpCf+x03WAW+Cnuct/VT7l+kqGydnET2+sqqp+vZczXUqmNPfAiL9x4VVmC/it0slZuSc8GrRZnD6/WMydnZ2kzvLME53skU9V51Ak5LJwev44VXQMDA708ETESvnkieaODIbcFiJi5dzRSalnKBJyWYgT/GGfqCv5cymdyeVVEj190TsRj3BbLz4FN8H1t3Pj/CSZK5dLmqrW/1NVi2eov7cv1MOrBVmS0pKiW52B0ckHk14rEZHF2RfwWEpKPn+WzcsG7wkNjg64enp9zlJBymZTp3nDHYmGS5lza/9IyGMl4my9Hr6Qk/O5QqHEOYP9fS7jLJkxvANjQRvH2QJt12WqpydZi29oxGcnIuJIzRxnLYHhAT8aFdf/h2ZaOnHG9YZHg7YWexbO5vMa+TM5nysopq1/asynZPNCcGSwR6h8/8w7PNxrr72Sd/uDzrJWKJ5L5/liWfT1jQ37nYKePsqWPf1jfZXLlXKldDJteAeHe53M6vW79UL+LJ1Jn+ni0OgQd57lfMPDXrvNJmjy2dl55jR9IhUtLv/43TuDTnbdHSNnqqepjGaUimqxqBZVvcwLLq9/dGp6dthd/V4szqCXFXLnmVQ6o1hC0SFHLlvZh3NEvMfr0ORcQcnLaln0hgf84eus1+II9oqlgnwu5c5V09E/eccjn+St/cNhr9D2w9qISOjx2bVcXsnlFJXEYDjg8/lDbrNYkM8yUva8UOKd/pHxO/22643jfA+uuQ0rmaMjiR+cHfO/33C0uOxaKimbPX0DPXzpNJXhapsrR2r6JGvxjoz4bETEGcrJ6RnfOzzstZHFGQi4SVXk80wmVyhbe/qH5+aGKudECD0em3IuyYXzfIn3Dd0d4TPpUk9kMORkrJyPp4quwUi4un0ZUuq06Ogf73daLm9OYfdX7f679n6+7csZq17pkqv8cHTxcdOFMLn6FTE5upAmImLsI45YuMFH/9MnVxq6x3//X0cuXFLJNOvnS5u1J6r3eGj8UPUG002P9DLn6fn04wXpvPg5Lwe4FbCddwn8Q8Nth234k33mVyedF3mL+UnNBvO9ZgN/3ZOfCOeDAAAAAADAh6HZAAAAAAAAH4BmAwAAAAAAfACaDQAAAAAA8AFoNgAAAAAAwAeg2QAAAAAAAB+AZgMAAAAAAHwAmg0AAAAAAPABaDYAAAAAAMAHoNkAAAAAAAAfgGYDAAAAAAB8AJoNAAAAAADwAWg2AAAAAADAB6DZAAAAAAAAH4BmAwAAAAAAfACaDQAAAAAA8AHMNM36A8SI28UAAAAA0M0Yx3H1B4gRt4sBAAAAoJvxpmlyHFcriePoYgZ55M0b1X6QzoudrgLAV4ftvEvgHxpuO2zDXaU62sBxHJlUOThsZJBHHmMOAAAAAHBptAElytZlpzfUBk+PrdNVAAAAAPh0t3SUhtXmolT7mBEjbhkDAAAAQDdjpmlW5q9XrpyDGHHLGAAAAAC6WWO04WJpIo98c77TGyoAAAAAdFJjtOFiySGPfHO+0xsqAAAAAHQSI2r0MSNG3D4GAAAAgO7FiBp9zIgRt48BAAAAoHtVRxtQovxQCQAAAADdqzra0CiJez+DPPIYbgAAAADobqxync16j7JJTTHyyDflAQAAAKBrscpdvWr9ytWYmmLkka/kAQAAAKBr1UcbKv3K9Xt7mcgj/14eAAAAALoWI6JaX3KjrM1lRx755jwAAAAAdKlKs8F8r7zYx4w88hhtAAAAAOhqrUcbUKJsVQIAAABAl2o92oASZasSAAAAALoUa4o5xIivEQMAAABA1+GbYhMx4mvEAN+alj89TuYKQu/kkIe/xvIAAADwxbFrLANw+0ixN78uporvp0uJty/eJErfujbFs3hSNq5exsgs/fImJrV8Lh/77bd/WZc+8A63Qz7224ul9Ed8FPlg+dmLvXSJOWzC199hfXT1AAAAugSaDfB90jVNOdlZOVAupg1V03X9Wx8Uaif777ZSuasXMnS9pJX0ls+J/sH+4aDtu/h11VVN17VrL26cbW/n3NP3H06PDAftX/8b+MjqAQAAdI3v4jgEoBU+2O852di8KX30n1MNq39obNQvfsHa3BqaUjRsbre10/UAAADodpgnDN8v5h6fFRcWt9OPJv0tt3Rd2l/fO0jLisHsbl9kcmzUe/nw9Gzllx3rnSGK7x1JqmF1he5MTTmld+sHJznNEJ0Dd6amgyIRkaGm44f7iTNJVnWyuoOD07NhD50t/etqUiei/Iu/Jok4/+yPD8MWPX/8LhY/kVSDWZ2ewPj0SJAnIjK0zObbvaNsUWeCOzQyNx2wUWVu1dtD//0nQyIZZ0vPdu1TwxS/vBiRdra5vnuULuhMdPcNRXvPFvbERz+OuC5+JHlv8ZXUP+c/i+2kZdvo0x/CNipLBzuxg3RONZjoDI5MTEWcle+sRVVtrO1XJ+38tmKMT9mOYofZonvm72bDfFmK78T20jnV4J2+4YnepoqUpYOt9YOsrBjMbvcEBqOTAWejK8NIr716c1QiIun5s/3aV2fkU2ux+ImkGGR1+vvGo0OVYZj81pvXysjP93qrbyDt/LZUjj6d9LP65z3f3EvnFIN3+IZn74x6LNU6tK0eAAAANKDZAN81W//dkdib1VP3/YDw/nPy7uvVXdZ/9/GMT9ClxNbKm2Xt0YOo5+IQnKFrqpLcSI3fu/ezi6TttYXVxbTNOTpzb6r6cMf/p+kgT6TlTiTyj01FPXarLm0svFve7PlT1Dv35z/cOVh+duB8+IcxDzHGiIqJN692df/Yg5/8TqZm40epbCkYJDLKJ7HDgenoj7NCWTpcXt5YcXseR6zVuVWKTiSSoelqYffd0fDU9B/uC0Z2f2mxtpiRj71aO7L0zTy56xd0KbGzui5pluDlMzl0taSlt5a0vompOa/HYSMjv7X0JumYuv8o7LLq+dTq4uoSP/8wZG1d1bDe9qvTS6qSXou5B0anxn1uD09a4t2bmNIbnZ4LukhJb73bOdFNX+WrPdl6s62Nzj8adlv0QuboQDovBpyOejWZf+bJP4zEXzxP+R49mHRXvrrjN6929L6Jh7N+O+VPYptLL9W5P0SDPJU0Xdc0oz6EqpfUkq7XP+/J1jqNzT4ac7Nicn11ZWXX83TCR1dVDwAAAJphkhJ854TQRFQ4XIm/d5IDGen4ruwcvzcWdFl5we4fmZnyaYc7mZYnFziHJka9Is+L/tGQ2yjZByeGKw+HQ25DzspERGQLTN+bGA66nIJFcPSO9tnU83ONiIhVfs0YY5VI2j2ShP65e/0+h1WwuUIT0bvh6gQk5+jUdMhpE6zO4PCwj3LZXMu5Te6RO9GgXWAWm39ksLaYkT46KjrH70+Eqp9oatzX/hec+abmJyJBl1NgpGc2DkvBqcmwy0pEvKtvesSejae1NlX90FfH98/MRsNej81CpBwdnLH+yXsRj02w2Dx9d2f77LUqaIWCYfcFPVbGmOAKjM5MhB2XqsmIiJil9tXtx7PCwN2ZPo/NItg8kXsTIUrvJtSrtwEiItEfvdfvsVmY4AyPB+xqTirS1dUDAACAZhhtgO+exRe9k369sem5N9k0WUfJFwybr9fWWMzjF+kgJ1PA894bMM7uqE1eYhaeWXhH7TQD3sLIKFWvT1vKHuwfJHOyVjaIyqpqOI0S0aVRjlK+oPJen+v9PBGzOFz1Exg4nmdGy7O3mcXhaJznUF9MOZcNW2/zJ/L5ney89ZfC7O7GpUzzUk4vGWtvfq23MgydOfylNlX9wFfH7B5X7Y0M5Vzm3CPuRvPF5XPxx5UGhi3Y79ndefVS7g/2+Dw+n1f80P6onM9rgtfTqA/r6XXRiaTQ0AdO/GA2d2P6Ey/wZOr6B6oHAAAAzdBsgC7AnJOzwVfLO9lHg42kfulmFO1PWn7vdnct+/CLB2tv9vjJuZl7HpERFffePku2r1K5TU3bv+ITFvuI87CZd+rpbPj99y2dtazqB766a9fO0f/4T75sOpvOnu/H95Y4/9zjyeClZtal1TT/a7S/o8gNORMeAADge4FJStAdHOG5kVJs9bR+Jwd7j5MVc1LjUpvlbFYhh9v5qWuQJYUcgQGPyIiIDLlQqh+4MsbIMGt92FaXS9Rz2S9+hSd7j5MVpUzjXhXl7IlyrZW43G6ST7OXl21d1Y/46pi9x2lemGolZfPNrQ5e9IX6J6ejj/9wd8A82T+5+pYaVpdD0M7O5HrCyJ3myemxVyYykV6uDxTIhcKHL7T7weoBAABADZoN0C2E0J1J6/FhrnpQyPyRQWduY3HnpFDSNSW9t7aRtQ2O9X7yAJzT56Tc8e5ZyaCynNzeTjemuvAet13N7h9IcrGkGeQZHvJrx6urx9liSSvmk1ux9eQ1Zud/CPMPDNjkzcWtpKRqRflk6912/nqv5APjEf5kbX03LWt6WStI8fXVFzHJoNZV/Zivzj4w5DUSmyvxfFEvF6XUyrtU7SwTI7u3vrKXyWtlgwztPJ0r8Tab5eqaekYjPu1oef00r5X1orS/vHVC/vGwSERuv5vljjcSclFTpeTW6u77Z7O0ckX1AAAA4AJMUoLvEy8IVsNysVls8U9NjebWcnzlNFvn5PysENuLvXip6CS4fcP3p0Y9lxrSjBesgsVayzOBtwpWvvlZvjIl3xaZelDciC283DV4d3AoOqYvJS3VUyJcQ3NRZWVv9bcY2Qdm/jjT9+AxxWLxpd92dMbbPYHJiEiMv/DOxASe5y3VuooCz9v5FhVoXoy5og9nWGz33evXOhPcoaHZMXq1894EKyIiXrTygrXpozJP9N5D+87mu+VtpcxEu9PbOzrpZkRka1lVse1Xx1tFKzXfzFkITz00dmJ7K89ilSucTg3GNlSBiJjb32vZ3F/YVRTd5O0u//jMlP/y928VrBah/nlt/Q8e07vYwctfYzpZnb7A3A8jlavrMv/Y3NC79djiLwZz+vonZ/s335X56ue18LyFb/We7asHAAAAF3CRh/9jp+sAt8D/8N8MEpFZn75hmkRcZWa5WXvCJCIym36IyDRNan6klzlPj+2KFV1NOi9+zsu7jbz15nm67+mPEXxlAAAAN8dnHs9I50XeYhLHERFX+eGILjyuPSQirhZUjtwaaape2+XaMNoA8N3I777dL/r7w363UyBVOlo/LLrHA2gzAAAAwOdDswHgu+HoH/Js7O0t7xUV1WSiIzA6O/2hK5MCAAAAXMeFZoN56UKTyCMPtwez+SNz/kinqwEAAADfoQvzmdodIyKPPAAAAAB0s2qzoflC5YgRt4sBAAAAoDtVmw3N/cqIEbeLAQAAAKA7MbN61UyqX14TMeLLMQAAAAB0M8ZxjTNfKxdwrcfII4/RBgAAAACojjZw9X7liyXyyNdLAAAAAOhmtdEGjszabeMaGeSRr2UAAAAAoJs1RhsqR4rN/c3II1/PAwAAAEA3Y/V+5eY+ZsSI34sBAAAAoJuxer9ycx8zYsTvxQAAAADQzaqjDcQ1jhERI74cAwAAAEA3q442UL1fGTHiVjEAAAAAdDNWvcJmrUe50ceMPPIX8wAAAADQtVj1rl6m2bjaZq13GXnkm/MAAAAA0LVqow3ENXqaL5TII4/RBgAAAIBux9emsVf6lU0irtbHjDzyjfzNIZ0XO10FAAAAgK7DE1Uvy1/pY65kqzHyyDfyN4Wnx9bpKgB8XdJ5Edt5N8A/NNx22IY/2S3tA2VElcvyVw4MESNuFwMAAABA92K13uVKvzJixO1iAAAAAOherNGvTG36m5FHHg0HAAAAgO7GiDgis9G7XIlNQh75i3kAAAAA6F6sdlxY713mmnqakUe+ngcAAACA7lUbbeC4pmPEphJ55NFyAAAAAOh6jMymo0PEiNvFAAAAANDF2IV+Za5pXgryyHOYpwQAAAAA1DTaUC2pKUYe+aY8AAAAAHSx2mhDpV8ZMeJ2MQAAAAB0Mdaqvxkx4ksxAAAAAHQxRhyR2dSvjBhxyxgAAAAAuhgjk4hr6ldGjLhlDAAAAABdrD7agBLllSUAAAAAdDHWuMAmxyFG3DYGAAAAgC7GqHFpfhMx4qtiAAAAAOhWjKipXxkx4itiAAAAAOhWPFFTvzJixFfEt4mRXnuzkLbPPJoNO5rS2uni7xu5wOwfpz2sg7UD+DKM9NqbhZR18sn9Ycc1Fv90ajqe0Vx9YY+lumJp78XbI9U99vhRv/OrrhmIqHj86vl2Vm8kGG91egKj0ZGQ4wvtybTUm9+2cv6pp/d6+S/zjtch7/6+vJkr1x5yvGhzunpCQ4ODfvE6H0zPnx5l+b6I1/Z5X4MUe/MqwY0/nh91Xbmclk8k87ZQv0/4rNV1Oy2z9PJdmu9/8MOY7yb9Jf5Sm9P3rem74ZpLDnnkW+dvh5Isq4Z6traw1fy3ljRZVk2loOhXvBTg1ijJsmroiqR85fVIh+vrOysbJ1o9o5dU3dRV9fZ1KdxGcj6nE/GOvlAgFAqEQr0ewcilE0uvY0ntGi+/DkUu6KZWUNQv9H7XYijZXJnI4vR5/X6vz+cUqSilk7G3r5+vZa7xyconsVgstrF1/rn1KBQUQ1fOFePq5eTE5kpse/1A/sz1dTdD2t1JlniSj2MHX3vP9VG+1Ob0nWvqVjCbSxN55FvnbxWjkFxadv8432frdE0AbjGTykREZv2oivknf/7zmMFbvmHPdNezB6P3IrVdWSnx+uVKNnN4UgpFrB2u2Odyj96fDVe3JKN4srOwnMwdbSz1zD+OiFe+0DCIiAwqX7nUF6SbRPTtVvdd0jPbCdUeno1q7xYO4umhSf9N6dr/5pvT7VT9TW1MX+cuzEhBHvlbOEOpjhNEpqW3FrYcTyZcl3ZNZSm+v5fIZHKqbnCCw903PhEN2RmRkd76bTHjjt4Jnu9vH8sKE3yDk3NDdLS+s59WdGbzDY7PTXiqvzx6Pr6xu5/OySoJDk//+NhkyH5TdoPQzTRpf2vvICUrOvF2p39oZGrIU5tboaa39raT2ZxikGjz+MOTd/o9TE7uxA9TklQoGcxid/tHp8cjrlL89eu1rElEJO388tcdYo7JJ/Ojwuny7xs5/8wfZ7zsqnUp+y8Xt43+uQk+vnV0miuR6AhNTM2E8Tvymaxul0BZVdd1Kpy+erFbDNXnXuZjvy0dWYd/+CHianz/tB87ThfFyZ/mRx2GnNyL7Z1KcslgVrundzw6Fqq+rXZ+EFs9yOYUg3f4Rueiwy5GREYxs79znEznZLVMvOj09UdnIz6eiMjIp2KxeEpSNIMTHJ6+4eHJiIv/9B0jswUn7o3nftssZPeP5ciIk0g7S2zvJtOSougmE+2+8NjMhPf/b+/O+9PG0n3RP1qIUWDAAmM8T8FDYmeqqlRVD/vc/TL25577Ds4593PPe9qvonvvfbq7Ul2VOIPnEM82tgFjkEEMQkj3DyYx2ThxYjv+fat69fJCIIGXqfWsSbbU1t8Wy2MtpeN3L4+J+MDMHx/18t2dV8vGwhuREymvme2+4RGP8aG2b5ZOl34Jx1QiIvng/V8OiOyB5z9PeknLxw/CO6dnckFjVpc4MDUT9CKY7kzeO0yojqkRj7/QZ4+e7B4Pi/XgsBB58+5DoW8+ZDkMHyazGu8SHzya7JF2N3ZOpYLGC/4HjyaClYl5hcTeznZEqnyJ+YJTU/1uvjZ10z79Yq4cZCvHa//ckL2Pns37TWpi87elZM9MyCcdbEfTOY0J3v6ZR6PeTIfqdHMf1K1V+Wuqz0FpbCOiHOV3mX3g0YOgXU/vrq/Gi80Pqsnt8PFZ0SoGgyODXrNyfriysZ0hIlKzck4rxjbWPqYtHr/LrhWSu2v//H0jojhEv8uq5RK74c0UERFpmc03y+tHOd43Mjsz1meV91dWVhPorICbpknhxdWaDun/AAAgAElEQVTwkVwSxKFBv4vkaHj11XpKJSIqxleW3u6eSprVG/D7nZQ+OTjMECWPP+wm82ZXYDg45LeWpNj6u+2EZvYMjoyUZ9Bbe4LDwZGJAZ+DKJdOF/RcWs5dcq6CJJfU9NH7lZOiwxsQ7ayQPd7YOs7f8Mdzx2mKdPIxViAyOZxWyslp1TD3Us3KWV1Np3Oa4fNfOpJ0q9fvd1soH1l7tXKckEkQ+wJeO0mx7ePqXJH08Wo4qfJWO68r2bPw8kGGiIiy+3ubJzLrEYeGgwGXlo7vvV87VYlIS62+2zyUyDMyHprqF62F2F40rX3uF6Pg9wpElJfPNSIqnGzuHmXIIfaNDPd5WT6xu758UCCHb3Is4LUSESf4gyPDgxNBge/yvOrZypvNw2ROZRbBop9tb2wm6g+2f7O8a3AiWF7bw7t8I8PBsVGfQKREw78vRU5LwtDUxPSQS4vvvH0XwRymjrSz7eMsEwcGbETugUGXntw7lOpTw/KpbEnLHr9fOdFcos/FlPTp6qs3r8LnzCv6BKakY+sbsXLjPr6y9HbzLE1CYLDPb1OTke3FN3uSVpu6KaerXzK5dE7RitmsQkRqJpPTitG11Q/nzNMnus2anIgsf5S0ttXppj6l2403bpODPPKd8ncUb+mdWBjNvtqLrqy7vn801vCY7+m/9BKrRM6y/d2vm9lEojDlrPZ8uAaf/zAqkJZcX1w8Kqq2kR++C9pIS6wvvj0qSlKOPHYluruf1u3Ds89DTkZEQXvp5Vp0L66I/VgyBzdIOT44zBLzjv/wrN9GRIpn6ddw7Gj3aPzJiHa0GS0S73n4w1ywoZpO/fH/mqr+QZTcym+rSSmeZjOBwZA1fxLNKjZxMhRsne930bkqRzPf3JMFv4moGHnzaj2ZTqS1Qaw6vKr03j/+umcssPjHH4iMEp2fUuWaWHg+KjAiImlj51wlc2Dh2bxoqh8hERERc4w9W5hyM1JOFn/ZTmbTkkJOCzlDj/81VK0amlv7+0Y0eZbUfP6slCkQEwfnJvt4IhqtvJhy/HlfjLzVQiRralElslhHnr0YqZ6cAtwvr6NSXFKH+wYnHSRFkwXWMzgeEsvn/djNefPHh7ECkSP4/YtxNyMtE1l8tVdrvHZ8s8PjNiV1LOWsnsFQqLwRQGZj60xhPQ+fzwQtRNQvWvL/CB8dSIMz7m7e572TjxzGC2b/rM9CRGQdGPZsr51uR0eeBo0T7Ux95a8Lxfnq79uSSv4njx+KjPLCq192JOlc0vr9+ZPtaJGsvfM/zPh5Ihpyv34Tlo62o0NPg11ch2vw+x9GBSIttfWPxaiSSuUso63VCdrije1C5JHvlL+7mHPw8Vz6nytnm0vbwrThP5NUTEb2do/T6VxeVSuTtrWCSlQJGywut0BExCwOM1HR6nTZiIiYzcITFbWCRkTplKwR5Q6W/uPA8MKmgkKEsAFuUPpc1ojcfrHSbrd4/W6KJXIpSRsiOUdEbp+/qY6qcnTz4DCZlvOqqpXHGdVSF7sHXHCuatggiN7yn57JYuGI9KJ6t8cxbwbv6BMdHBERYxazR+wLiPbuOkSFQECotIPz2XSBiHcPeE1tDrR5g+WJThanYKVkTi2Wp3tnz7Y3j+KZQqFQrxsaETlE0XG0n9h6+WvM4xF6PN7+gMfGPvuLUS0o5e2ieCKifPL44178PFsoFEta5Zu6pDYszazo8ryylCMi19BA+b0yZ/+Ae09KVh7t+GZb5dPpHBGdr/795Wq9lMvlNcJefa00afcgo5E5GwkvRcolCqNSYvcoExw1bGFl95R3bOMtVkak2XsrddJqZUSaqhFpaUkmYk6fWKkE1j6/PSxl06kMtenZaGbp8ZTDPmaxWYkUXcUuKd2rjDYgRXpxeqdZAqHH0tLiQWx13Vz79leOP74Np8jVNz034bTzWvTj4m628XmN77vtfwVKRETe0OMZw6ouk8WKFdhww8rzMoyVVquWaIYfDQ/HN1ZWo5oQGHs467Lz3Gn4/WaSunLBuaoas5jF90kalkRfpLWNa+qyEdt+iXsm/C58mDOLU+Mhj91qSn9c3E6U21nMGXrxxHsciyXSmWQsdnS8vRN4+uPkZ34xyvGkTESCu4cRZSPv3+2leedIaDrgMpvk4/crsY7771zlvKw2gkFcPXvBm+3EHnj8ZKC+ATLj7RhJa0eJRo5yRFRMx8/SxgeyJ9vxoQV/PY5tjGjbfZgt3zAVbRsrLX8PptoZ8Iu6uspoQ1Oqt5Sg/J6X33HMHZqdzb5bTdRXOOSknEbkDg4P+q1EWvLwU5oyLq/AoueyVLAOV9dOaSUVX0Vw08o1Mx1NKIP9FiJSkidpIrJ7XIxpgkCpdDoWzfcZGqFFOVsisopjQb+TiHInxqYSz8xESj6b06i1RXTBub7W273feJOZSC3kyn3qavLsorn1NofLSlJBOkqURH+7AYdWalbOEfHekVGfSERKWjO2w5jdPzjqHySiUnTp9XL8LHo+OfHpX4xaPr6zsp0lMonDfQKRJss5IuYemAp6GJGaUw3L1Ew844hK+XyRyNz9F7LgtlM0I8eTymCfhYjUs7jU1Zs1WUxEVMjnVBL4+oeZlsnqr95AQ1MRFbcl7+6mNOZ5+KfarllERJQ//u2XndOdE9k/2P0dYJhbsFNKPj9LqD4/T0SFWDxHxLncTiIyMyJSc7kSeUxEufh5l7sKN1cnaAujDUi//dEGIiKyBh9NS6/WDqsjCoLoskQK0t7HDfLZ5NPI8afsV24Jjg3tL+9HP7zMe/t6rKTIycR5zjXxx2dY2wBfTSkRXnpV/88cs/rHHg0PD+yvHiZ3/vn6vM9J8lkiqZJ9YGzARkQDE4HY++j5+ut3CdFpKmQSyVL/s6cBj5XShaONTUtQUOInh8b+QIe3x3osF6LLrwsuC9kHH8wY6rcleMG54Bp1aHa7vD38cS578v5N0cPnU4nMhXc8cI9Nek7WUtGVN3nR62DKeULiJ55839P5GbxLdHHJdDy8Yh50k3R4kqy2pLVE+B9Labvf43U5LKp8nCwR73I7yNJzpS/G9O7SyhERaaqSz8kFnYgTBh48DJqJiLk9bv40kdx7v1UUefl498x41zu3KLBEJhleehW388z74FFX57UFBvr2wrHE1qs3KdFB8lmyviq385slIpvXLVBGjm+9ehOzMUv/zNTYpCe2ltp89T7Z1yNwev48eZqmgeffzxj3ZgIiNX5wlCU+0B9oGtCy+Ya8u+vJo91U8GH3H5pjYCoQex89Xf5dDfRatcxZVNKZIzgRMBFRj+hgyWwivLyUcpRSyUS2ixekdtVpIXjx3f/uJ1NP/49t24id2o4ov5/lPy60rvD6lGhC0zmb9dP3JygU1O6ezlQpGlNcA6NifeNVZvOJZimeKvUEx/w2k+AVrfl0KhWPpTLMHZrqkU8LwvBgwGni1MxJLO8YGBro4YmIFTPRuOIaHAq4TETESumjeLFneDDgNBFnEYNeq5rLnEuJs3SmQFZ3X+jBoNvyTYRacEO6r+faeTyaLpWKSqFQ+7dQMLmH+3v7Aj18IStLUkLKqWbBNzb1eMpjJiIyCX0+t6mYy2RSyYys8e7A0NiAs6fXKxSzUjIZO81orsFQsHh2bu4fDbjNRJyt181n03Imnc0WOcHf3+fUUtEzzTMw7rdxnM3X8Vx64TSeNHmHR712IiKOCmcnSZNvZEBEUNH9L5opieMU1xsc89vafLNwNq9Hy6TkTDqb02390+PeXDJj8Y8O9VjKnz/zjIz02qvP5F2iXygp2fy5dJ7Jl6zevvERUbCoiaNkyd0/3lferpQrJqIJzTM00isws0d0qdlMKnGWSKnW4bFh7jzJeUdGPHabzaLIqdT52WkiLuVNTnHi4YMhgXX7xcjphdPYmaIV84V8vpAvqCXe4vSIY9MzcyOuyudiEvwelk2fn8USZzlTIDTsSCfL3+EcEe/2OBQ5nc1l5ELJ6gkOiMFuzmty+Hutxax8LqXPC7qjf+qBW45nzP0jQY+l45u1EZGlx2tX0plcOp0rkNUf9Hm9YsCl57Ny6kxKnmeLvCCOTjzot3U3jvMt6LIO586OjiR+aG5cbA4cTU67EovKek/fQA9fPI2dcdXqylEhEU+aPKOjXhsRcVoufprie0dGPDYyCT6fiwo5+fzsLJ0tmXv6R+bnh8trIiw9blvuXJKz55ki7x1+OMqfJYo9g0MBgbFSJhLLO4cGg5X6pUmx07yjf6JfMLVWp6Dri3b/df093/HpjFXuxsuV/+Go8Weq36yXq921l6OGYiIixq7QYuGCj//XjfdkI7396f/7fw833PZNrz1Y/l81Q7rhHyLSdZ2MP6klzt3z6e0F6Tz/OU8HuBNQz+8J/KLhrkMd/mSf+dFJ53nepH9S2KA3hQ18t4ufiIjYjbdHkd6JFAAAAADuM3bj7VGkdyIFAAAAgPuMkaF1iDzyF+QBAAAA4N5irTtvIo982zwAAAAA3FusupIVKdJLUgAAAAC4t+qrp409ysgj3ykPAAAAAPdQPWww9igjj3ynPAAAAADcQ1fYqxUAAAAAAO4nhA0AAAAAAHAJhA0AAAAAAHAJhA0AAAAAAHAJhA0AAAAAAHAJhA0AAAAAAHAJhA0AAAAAAHAJhA0AAAAAAHCJatjQ6YZeKEc5AAAAANx71bCB6/A4ylEOAAAAAPceI93QsYw88p3yAAAAAHCP8cQZOpaRR75T/taQzvM3fQkAXxzq+T2BXzTcdajD9wpPuk4chxTpJent4O6x3fQlAAAAANxHrNIibEr1lhKU3/NyAAAAALjHqmsbmlKupQTl97wcAAAAAO4x1jALBXnkO+UBAAAA4B5jVJu/XulXRh75dnkAAAAAuMcMow2VlFpKUI5yRA4AAAAA9xpraSlSu7Yjyu99OQAAAADcY4zI0K9MhvYiylHeUA4AAAAA9xcjMvQr1/McylHeWA4AAAAA91d1tAEp0ktSAAAAALi/mE46UaWPWad6fzPKUW4sv+mKCgAAAAA3iXFERJUeZa5yh69qHuUox2gDAAAAABAxnYio0sesE9X6m1GOcmP516yUAAAAAHDbVEYb6qmuN5egHOWE0QYAAACAe6022oAU6UVpl/UJAAAAAL5JjCPSDb3LyCPfNv9Fah8AAAAA3BG8TsQRp5OOFOkF6U1XVAD4NuVyRaWochxXVEs3fS1flYlxJe2298iYeZOuk9nCHDbLTV8LANw8vtajjBTpBelNV1QA+AalpKzdZnEKVpOJ3fS1fG2JpCx6hZu+isuVSpqqlpKprNfjuOlrAYAbxqq79JfHHJBHvn3+pisqAHxrkqms4LBarfw9jBnuEJOJWa1mp2BNSdmbvhYAuGGMqHZ/Lx155C/IAwBcl2xecdgtZrPppi8EumI2m2w2Sy5fvOkLAYCbxKjeo0zII39BHgDguhSVEs9jkOEu4XmmKPdr/QkANGG1XXKQIr04hXtLyZzub+1sHEjqTV/Jl6Nlzo5Txp5UTclmEglZJS2fzd3ON67lpeODvY1wLKPd9KVcHUcc5ibdLbyJcehDArjfeKrsllOZi4I88m3zt4kmxw+29k7P0gVV4yx2wRMYmBj3ORmRdrb8cs86/zTk/hLnzYR/XT7xzv1xxn1djR0tf7a5sXeSzClkEty+sdB40NnutfOpiGQOBoSrn7ckHWyFD5LpnEZWuy84NjPpuep+KPLByqvNgjvoE3ssLRdwDa/f0SXvWkusL75P9f3w06jzGk5WOA5/PBQXgh4zEZFytvruY1SxuJx9U3xs4/WJZe6H50GTvPduMTnw85M+vqsrvA7ZyKtX0tBPc8GWj1WT9l69OdFEX1C03sVe+2IJ/dZ3z33b7QoAmvDV+3mVe5SRR75T/raQI2uvNnKu4eGHUy47rxbSqaODrd+TxZ+/C9o0VS0q7Ev1DFvFoX6Lw3ZtLTQ1tf76Q8IxMP3M56RiYm9nfXGDXswFbc0HKvH9DwcuZ2D8qtGQfLC6uFkKhKZnveZiOra5sb5YmnsRukrYo6W2t9Oume+eBs1f5PU7u+xdM8HXN+T0tHxanyRzsi9Zg3N2IiLSEuGPUTby4o9BgYioOP/Ey3lNRKQWSqpaUon4rq7wOmiKoinFNoMJpejOUc4//cdHvfyXOzsAAIABX52/XulfLu/TX+5fRjnKjeW3Qyayd24dXngaqnTLO51uMTikKNyX31TcLA6Pi9f3cvnIbpT8j5+MioyISFgIKb++397NBGfa9p5ffRqKltrell1Tzx4OWomIHONPqfCPtYPomLu167ojJZfXbG5Xm5jhel7/svdwwWM2/2jomk6TiZ7Jtl5fJQTJJdOaMNBb3RrT7BQ9n3aFX1I+nSVhWEDMAAAAXw1f61cmqvUuV9qIKEe5sfx2UItF4gVrY3+2yWJop2rK2ea7vaNkXmUWV2B0fqbaGlSl/Y29g4Sc05jd5R2cGh/zmIkK+69XUsNPFgKVHV3ykZV/7tke/zjlrZxD3vx9oxB6/tBTPH737lBc+H7YSlpq+eWufXqEIu1OpKQ2N3aPElmVWV19w6He1Ps967MfmubSFBOJHC+OeevvROjvs+/HEjI563u5a6nlv69FVSLKvPprlIgT5354GjRpmdh6OBKXchqZBbFvIjTsbx0FOU8kNWHMb60V8H5fL32MS1rQ33SwJkf3wtunyWyRrHavb/BBqM/JtMT64tujIhFJv73cr576k16flERkY+vkTFY0ZnMHhmdCPoFRx4+x7bt27P+6qk1M247Ch8m8a/ZPcz2RpUVp4OcFH0/l6VI74YNEuqAxq+AfnZweFKrlWxsHSTmnMbvd7RsKTflaJhUVzpI53uN2EqmJrbdbKTmrawdrv0WrNZ85Rx5NNYwCdfq9ZE83w4cnyZxKvN3bF5oZFW1EVDx+9+5IfDCQ2d8+kWlw/g8hZ4cjibRcNLy1HU3nNGb39k0F24QlanTtbyspjYjCi38JEx+Y+/MjIdp6ik6VJLP367vC2KxwEj5MZjXeJU7OTXrk3Y3tUymv8YL44NFU0HEHpz0BAMAXxlO1X9mQNvQ3oxzltylu6Onvs77f+bhrGR0Qhda59qSV4uHDgZnQD3OWknS4svJx1eV+PmgmknffrO2y/ofPZ70WVTreWn27ojx7HHKbXYK2GYkrgX4LEVHuJHKu5uSDxIS33PZNnURl+4STiLSCoqo5lchKmqIWsrsfjkamZ35csGjJ/eWl6om0THhx/cjUN/v9Q9GiSsc7axuSYvK3bFtYkPNkFe3Gd+BwWEkp5InqYQPzzP/Ljw8OVl4eCE9/HHcTY4wof/J2cUftm3w6J9opEw9vLr8uzP8Y8jf2PGu5gspsgrGxy2w2KyWzRSKr8Ug1vrm4lvaEQj/7nZRLbK1tvV6iH5/0ibPf/+to5NVvMe+zx1Muxtinvn5i89VKRpyZ+2PAzpTM4dr6uw/8T7Me1vFjbPeuE8VCLrEedg2MTU94XW6epEJRVYoqEU9aZmv5bdQxvfAs6DSrmdja0toy/+RpwKzFt95uK2NPno24TGr27OhAOs/7hOabVuUkmYSAnYh479BsSNhe2ZZ9o6F+ExFR8Sy8dCrlqSFsaPt7UU5X3mwVgtM/LHhsVEhsflh+u/P0xbibaQWlmNz8oPpHQk8n3T1C5yNL8bWV5ZQw9ejJgJtXkofrH2I5zd50uXxg7l/90sY/19LDz54PmhljRIXmU1xQSdRisZD4uGd++Pi7eT53uLK6vvjG7uqbefqdm+UOl1bXN2Lis37cExgAAJowY+uwpb8Z5Sivld8STJx99HiYj39c+dt//vq3X5feru9FEgVjl6wwNj0TEGwWs+AfGfFSOpnWiLREZFcWJh6N+51m3mIXR2envcrhzplKzDvQa5VicYWIiDKx45xnZIA/Oz5TiYi05PFZUezzt5sL4hp9EPLbLcxkE0eH6ic6OsoLEwuTgcqJpie8bTtuS5pGrGkpK2OkaWpz/3Kluc5YpeEu7UeSloGHs31um8licw8+mgxQYve40PQ0VdPI1NTUNzGOWk5QONxJUP/Uo0G3zWKyufsezvdbE5H9TP3czNQcM1zp9Y924mzowUzAzhMxi3MkNMDHTuLVo9p+jK3vmoiI+P7ZuVDQ47Y1bvavnn08LPqnp4JOMxHxzr6ZUXsyklCIlGxWs3v9bjNjzOL0jc1OBltvdKvkFZWz2sxERMzq9DgtjOMFl9fj9nrcXre9w4Lj5ivM7B6c2kbmJz02RsSsYmiiXz89PK8e7R59+ijo9wgW1vlIJb4f1/oeTI+JdgtvdvrH50c73EWYmWonr5cZTnFZJbH0T46LDhNvcY4MupjKB0Kjos3EW5wjwy5Kn6fbnxUAAO61ymhDec+c1pEHlKPcEEXcElZxNCSOkqYW0lI6kzg9XHmzK05//6jXQkTM5HDWuro5nmflVmwuk9Vs3t56h7HJLVrpIC2Tz+3uD9iWjqKFwWFr5uisKI5ODKcTi7G46guy86OEJk63W3XKTA6HYX5O7UTnsmbrNZ7IKwrsvPX5PGMtLWxNI3bpXvalTEaxeNz1KU+sp9dJcSlHww19/DzPqKQ1nqCk6S2xiiafy+QaddVLnV4nf5JOl8h50a24un/9VFrP5Td+idaLiiZXZVFAh4+xPWZ3t91pKiOl1aK2/vaX2oOayhxikUjw97t3dxZfy/3+Hq/b6/VY2/wqNV0lZmkNjK6mKGVyWvpw8eVR7XWLRfKXym+HszqclkuPzMoy2ce89Y/d1uOyM6m7CzCe4rJKwqxCNR5hPM8Y1UdgGE+aqmrl3bkBAADq+OoslNY+ZpSjvGHM4bZhvNUtWt2iL9i3+Y/F/aOJ3jELUafWjtoyZFJvnQrBAfv+8Vl+0HV4qorTHt5pD9qXTuLFgCWWIPGh2KG3udsrbdsOtrlsdJTNaVRfp5HNFsgiXLY1UKUZaihpPxrEbFarJst5EmuvqOXlAtkd7dY3tz790gOu8Pom/+zz+dbl5GpXJ+rqophn+ue5YOvjjv7nf/AmE8lE8nw/srfMifPPp/wt82/Y9axt5uyDs38IddgPlnVxZOrzzl8/xeWVhF34422S23/9LizVr5/xVsHdOzEz2mY9z6e4/o2Vr52W2PxHmB5+PyU2Rr3y3tJieuSPjzyfeOVfYQdhAPi2MJ1qe2xyhjyhHOXG8lujlM9+ysbh9h6B5dOSUn+dZDJHDle5y1UIBFxy9PD4JEG9A15GZO8P2qXj0+NI0uTzt59kdNGJpLO84UTxXLsWqcnrF7TEabL+mHwSy1m9YuusFMYYaXp1X1mz02FRUim59rCWPs2Q4G6eAU8u0WOWo/H65CU1fiqR29/UOmL2HqE2NYiIiKRkRrW5XBcNNVzl9YUeQcskMpe8WovGd30hp8tFsvGjbMBbvYH+qZnQ8x8fDujx/XjLMhOLmWcltYsN6U3lEaH2V2h2Oi2FVDrf8dk1nY90CALlUsn6leRTUtvac/kpuqwkd0Apr+iusYU//+n7P//p+z//6fmLJ6Oidvr+9XbierZatopD/SPXFIJ8KYqiZGOrK7GmOqMWiqqqdHrS5a8a3/+wFcOENADoHjP2KyOPfKf8bZGPLf/2+y/vtvajqWRGzmQyieOd9ytxTRzob52zbsDEwSEh/XFpJ54tqkousbf+MWkbGq/OPrL5Bty53Y0Y+QLlIMEW6HNJO+tx3h+8Wh8kEwcGbPLm0lZUKih5Ob71YbtDg9kWHAmw+Oq7vagky1Jqf2ljX/FMjLXpq+bdLnshuX8gyfmiopF7bNCrHK1snGaUkpqX9le24iROBK3NT2OesVFB3lxbjaQyWTkZ3Xm7kbQOjgSa+9rtA6NeOt5cjWTyaikvxVbXTgri4NClN1Hr9vWtQ5N+LfJxOSLJSknNy4mDzcV3kUvDiKZ3feGhvolBPr6+sZuQFbWkZKXIxtqrsKSRltzbWN07yygljTTlPJEu8jZbSzjEbIKV8l00+G0uO8nx3bicV7U2v5eRYa+y/349JuVLqlKQ4pHl1xuRdq/a8UiLf8zPYh8/7CZyilrMRHeWD3KXXlVb3VaSu4Ej3myxlP+1Cm7f1MKot5g46hQoXo1ZHB4fE2/7J8PsfSO2k9VPrQ+d3cEbjAPAzeGrdwJGivSi9KYrapUt+PyFdX/v5Hjr43ahqGocbxd6g9Pfj/faytO0zRZzfRyfWXieN/GMiJgw9WTOEt4Lv3qdU8ni8o4sTI/VIwJzYFjcTefrjWWLf8h/IOcHBuu38mJWC8/b+coLdzyRM/R0loV3P7x5ozKLKzA8N06LO+0+QN4z+2x6c2Pvw5uIQia7W5x9PtF6rzciIufwfCi3urf2a5jsA7M/zfY/fk4fwgevfwmrZBa8vvnvRsV2i7aF4YdPaSu89+H3jRJZHb6h2ceTbRYHWAKh57QX3l5/uVEk3uoOTH4X6qtcCDNbzCZLh7sDdPn6vDj1fGEvvLX5aqOg8Wa7yzs40ee8+GNsfdcDZquZjHtn8VYzz5efzdyhR0/tO5sfVrZzJWa1C57esSkXI+YSe02b++93czlV5+1OcWJ2us2UM4fXaTrMpFUq79nK8ZxhhQbjGfGMJyLiA+OziY0PK++PhMEffhh1Nv9e+h4/Y5vhw/e/bipksgsucXAkYCvXHGaxGsIVW6cjTeLco/nw1vbKu02NCd7+qUdjuytJc5vI1WTj+Vz942g9RedKwpvNZq2+AoU3W82s9ktgZpPVzNrsUXarlAd6qL6Hr3awcySp4sL38yJrt9tvMfLm3ZH/0ffDtfGWUmLl3aZ95sWkpb6xcsdtmolSm39b4+Z/nvSWn62lll/uVG9I380mv5+P84Ym6c3HzZ5HU+27MtrvQZzZevc+3f/kSX95GFOJhxc/spkffYftdhC+9osGgG8M17/wP2szUmq9y8gj32TZ6qMAABfKSURBVJT/3/99lIj02nwlvTwKoVfnNlUzpBv+ISJd18n4k1ri3D3Xc2Pfu0Leevtbou/nHwbv19u+U9Tjtb+F2fyfZio3nNA0zbhFkabR5y6YhmaJpCx6O+wT1SATfrmcHHz2YrQ6IKDKxx/D6zHr7E9zQRZ7+382E7y9b2x4WHS5nVYtsfnbSkacmZ6q7vZ7YH3w06wnt/X2t2jP8x8nK01u5WTxl4jw9OmMp7j7+5tjz8JPIYFI3v19aZf1P5wZqmzTvF3sf/Y45GZadOO/1mj+X6o1RI29/fuOZeHFQ5G0ePhva8rYk+naJr/W0XYbdn36J0Da8dp/7Vif/zzpzp+8XcqMPKsscpDCi4vZ4f/2pI+Rltlaeh11TC+MV/cg3itNPnkaMJNytvz6Q8Y39yLkpuzx4qt9NvXk+aCVSMs37SDche6vGQC+KOk8z5t04qpzQ7hK1vBz9Uci4qqZcsutXkxExJuu8B+48tqGer8y8si3zV97jf92ZXbfrW0cnEnZoqoW5cTexmHeFfQhZrjNeH+/j6STRHXCRlMjCjHDDdPTm2/+4z9//Y///PU//vPlX/7P+w8p+8Tj6drNyIWhmYVRn9dpZZ13+xWGg+7C6X71VywfHEtC/3DjWuLO2zRfpKtNfq+Lrf/hqLa5dtq8oKHzHsRk6X34cIBFwiuRWPj9rtI3/bh8W/f2exwDAFyE54gMc1Go1seMcpQby2+6ot4hjv5h98e9vZW9fK6gM6vDNzY3M3zbZ07fd3zvxJB1NZkl/6VLOuAGCMNzCyOVVSmMN1uMm/wyk7OnOvXogt1+LX0j/oPlyKni77No0kFU8Y73NXWbX7BNs6vztdm62eT3+lgCk1PJ5dWI6+mg4Vul8x7EFiLmHn0ckv+5sam5Rn+Y9nzRywOAbxuvE3HE6brOcZyhvVhNUY5ywmjDlTCbODgvDt70ZcDVOCefvLjpa4AOOGa1CbbOsXdDZ3mH3X6J+Yd91jdHJ/m+gfTxiSbOB1p2Cr5om+bOj3S3ye/1MYmhqeSbD7vuR15jcac9iImISjm5oBFpaq6gUdt7nwAAdIOVe5SJI0Pvcj1FOcorJQAAt9zFu/26B4Zducj+2dFB0hoMtq6Nv2CbZtZ4e0Ytk84bI4pLN/m9Xsw5NedPbOzUt+q9cA/ifPTjcoQbeb4QsiWWl05q2/JeYY9jAAAiImK6Xl03QVw5rxvyKEe5XtmJFQDglrt4t1/rwLC7cLARllwjw23W9V60TbPL4yZpf/NMVor51Mlq+Kx6v5LuNvm9do7g/HBx/6hQCRQ67kFMWibyfi3tmpmd8jhHHj0Q8ztLG1I5VLjCHscAAERExBv7lZFHvmMeAOAGmGwW3tJpR1hm4c0W42KCjrv9lh/1jwy50lHXULA+ici4sXLnbZotfbNz6eWtj79FNN7lHQuNs5UDM0/U7Sa/n8fC87ytaU2CJfDg4dnSaqlc3GkP4lJ0+4gGQ/PlW3ZYeh8+HFlc3jvKL4zYWnd2/tS7TQPAvcEF5v8Hx1XnsiNF2iH9//77CDZgBYDrgq087+IncBevGeCbdGMbsJZ7lJtTvaUE5fe8HAAAAADuMVaZfqITR1w9z3EoR3lDOQAAAADcY6x6I+BKT3MlTzrKUd5QDgAAAAD3GKPaHHVjSi0lKL/n5QAAAABwj7E2bUSkSBE5fOMKieNU/qYvAgAAAO4Q/ubbo0jvRHp7aLno5s5uTEoXdN7u6B0cmxn11HZTVFLHHzaPEumCSmbB3TsWGg+2vSeqlose55yDvV3sCVKSjuOqt1+8dP8n7Wz55Z51/mnIffU31VY+FZHMwYDQaY8D5XjtZVh78OLR4JX3psrHtz5E2HcLgS+/wTwAAAB8ExgZ56Ugj/wF+VuheLy0tHrKAtPzP/3h6XcPAhRZf1W9e5Em7Sy+3c87hx9///yPL0JjDvnD4lqkbad6NrYd3o931d+eOdza2a3fjrUzTVWLSvH67rmqxPc/bMXSnQ/g3b6BYJ/b0vmIjtwBH396EMOAAwAAAHSJUXUX10qPMvLId8rfBvnTwyQ/MBca8zsFm93pDz6a66PjncM8EVHyKJZzjz6e6fM6rTaHOzgz+8CV3tpM3eX7n1507czRFwr1tR1NuZTb7+bT8Zjy6VcG8DnMPEa67h781gDuOZ6qt+lCivSS9DbQNI0Y4+stZcYzpmXjieLYoEkraWR8jBjPSEmdSuTx1gtLx+9+X03oRLT5y8tNIn5g7s+zHqZK+xt7Bwk5pzG7yzs4NT7mMct7737bzGpEtPbbX9aI7MHvfx53K1Jk9/jwNC3nimS1e4MT85Puphu4trnw7Olm+PAkmVOJt3v7QjOjoo2Iisfv3h2JD4bkw+1oWtaY4O4LPRoX+dTy39eiKhFlXv01SsSJcz88DaSXX+7ap0e0g50jSRUXvp/n935dLoV+nirflFZJRDa2Ts5kRWM2d2B4JuQTKuV7G1uxU7lIZqvQ45sKjYo2Yu4eF8VTSW0kgDvDwg3QdSqVNNNVbjMEN6tU0nALH4B7jidjjzJSpJ3SW8LhEYX9w40d8dGoaGNaPrUZljQrKekCkdMb8PIre2sR28yg00KlTGRrN2vhi/m8WqnpRERkCj75KSDt/PZGCr5YGLExxohI3n2ztsv6Hz6f9VpU6Xhr9e2K8uxxaPTJvw6nVl+u58e/exo0lQ9V02eJkmvs4ahXsGjS/vul8AfP84fiha0f5XTlzVYhOP3DgsdGhcTmh+W3O09fjLuZVlCKyfBHNvXg6R96eCX14f2H5Q33nxd65//lxwcHKy8PhKc/jruJMUakKmohu7u21zc2+jjkcjsZJYqFolqeFaUmNl+tZMSZuT8G7EzJHK6tv/vA/zTrYcrJ8lLMHJr7c9BOSjYeOUqki6LNTLxDsOoJKUcB3PMVboDVYlJVhA13iapqFgtGGwDuteraBqRI78RoAwlTC9P9dPr+l3/+5a8v/+u33WJwaszBlahERLz/weMpQd5c+ttfX/7lr7+/jwuhBx5zu4k+rNxYYeVAgLREZFcWJh6N+51m3mIXR2envcrhzplKRIyrHllp3/Di+MLsYMBtt/Ammzg05FbPU7mLLzqze3BqG5mf9NgYEbOKoYl+/fTwvHox4uj8qMfGM97ROzkkaJlkunxKajozEZEwNLMw6vM6rY2trcLRTpwNPZgJ2HkiZnGOhAb42ElcI8rl8mT3BwSeMd7mDE6GQn4zERFZBQvllMJdnsEFd5jNZs7lFaXYxaohuAUUpZTLF+02801fCADcJMPcCs7QOkQe+ab87WHrnfmuN6QWFY1ZLCZGud0DMpvLNdnkHp75aVhTlaLGWy2MtHi4SDx/WYdmLpPVbN7e+n5EJrdopYO0TL42uyKpmePtw6NULq9qRFohp1sdF8dVRSmT09KHiy+PqiVasUj+UrnFzlkdQu3vkOcZaXrHpjwzOXvsbco1OZXWc/mNX6L1oqLJRRqRyx8QYuu/r5z6vD6v2ys6bZVPgzGeNBVRA9wYj9uRkrK6zWziTTyGHW4rtaSpaimfVz3udl8+AHCfGMIGY8sHeeQ75W8HxpsrjXxVTspMGLc3PGixlnPZpKwJXSwaVlveYcfmdOl4ZXVd7X+88EC0mYhKx29+3778ejn74OwfQs727+Xyp3dztMk/+3xebC13Tv3wXTCRTKRS8b2T9TXT0OP5kMdERKQRu3RNBsCX5HE7cnklLyscUbF0v0YeTIxLJOWbvopLmHmTrpPFYkLMAACNYQPAHVCSM6rdMEVHjhwmzd55kRGRlpdzvFDvulfPdmJ5YbjdzRkYz0hXq5ul2nsEtp+WFHJWNjMtJZM5cgyVn2iicq98eVJvLp3VhMF+0Vb+MZ8u6OQovyYjIo20lqa92em0FFLpPDmvdH8FxhhpelcbujKhR9COExkS20YmJkH0CaJvhLT4yqvlfWnK08tILajE283o44WbZbdZ7Fe+8QgAANwAtBngTlGlrcV3v61EjhMZKXUW2VhZ3C76Jkf9jIgoG/n42z9XNiJnSSmTjEaWXn2IWwZmhtt1ktmcTnMuuh2T8gVF1Zg4OCSkPy7txLNFVckl9tY/Jm1D4708EZHT28PSh3vRTEFRShrZvU4mHx0m8hpphUR4L17bw5TZBWspeRBNZotNc3/cI8NeZf/9ekzKl1SlIMUjy6832t9QwoB3u+yF5P6BJOeLyiWTiaxDk34t8nE5IslKSc3LiYPNxXeRDJEa31naOE5kixqRlj9PpDW7rRx05WSF7FcLZAAAAOD+MjkDL276GuAO+Pmxp6XsU1Y8aDpns37GGBez+/ts+fjJ/t7hwUlS5pzDM9MP+qzlS7H0ir2cHN0/3N0/OZEUqzi88HCop+3OH5ytt4clj/a3tyOH8ZJ3pG/A38Ok2M7m3ubuyVlRGJmdmfSWr5M53Y5i8mRn+2Avkub7+gf6PSbp5GN4Z+sgpfhGRi3n547AkMdMZHG7tLOjg+2dk6wzGDBOjeKFgM+Wi0W2Pu5uHcSSsu4cGB7ptTDSc/GTTM/AYG0H13zqMGUZGvZYiMjS4zVnTvYOtnaOYopryG9KHKWtwWD9ftXF8+NT5h/udXDEHL19PUpi73Dr497u8dm5au8fH/TbTMxsLpwd727vb37c3z3OMN/owwdeC0eUT+zsZHvGRnwIHAAAAO6UQkFljIjjiIgr/8NR48/VH4mIq2bKLbd6MRERY1doznGB+f9x3e8FvkH/+/8ZJaL6pt16bXPW8v+qGdIN/xCRrutk/Ektce4eNFRvnhJZ+ceO7XH1ng8AAABwV0jned6kf1LYoDeFDVfakQJNBoB7qBiPpq2+fsQMAAAA0CW0GgDuH01O5V1jY+13dgIAAABohZ2UAO4f5nn4c+tiFQAAAICOMNoAAAAAAACXQNgAAAAAAACXQNgAAAAAAACXYHqHB1COcgAAAACAso73eEA5ygEAAAAAyiqjDcY+Zr0lRTnKAQAAAOA+q4w2GPuYuZYU5SgHAAAAgPuMtfYxI0XaaeQBAAAAAO4nxhHphj5m5JFvmwcAAACA+4zXDa1DpEg7pbdEoVC46UsAAAAA+FxWq/WmL+HKWFO/clNLEeUoL6cAAAAAcJ/xOukccdXWIfLIt8/fRZFI5KYvAQAAAL4Rg4ODN30JN4xRvY1IhvYioRzljeUAAAAAcH8xIr3ar1ybkaJzRChHeWP5rbaysnLTlwAAAADQ4N///d9v+hKuEyv3KFOb/maUo7xefpshZgAAAIDb6VuKHJiuG/qYkUe+Q/7zfMG4AzEDAAAA3GZfOHL4er27jDhOJ73So4w88p3ytxJiBgAAALj9vo0xB0a6zhFH5X5l5JHvlO/K144vHj169JXPCAAAAHBV//Zv//bVz3n9rbLyaEO1Xxl55DvlbytEDgAAAHCb3UTM8EUw0nUy9Csjj3z7/KfiuPL/viBEDgAAAHA7ffGYgeO6aWddSwcwI44jXa/1LlfzhHKUN5S3q4EXVUGunHylvVsROQAAAMBt89XGGbhqw+tCnxs7sHK7kHSdiDPkCeUobyjvUodjv1r8AAAAAHBPdGxffZnZ5XytRxkp0ovSq+NaftS/8GylJrgJPAAAAHybWqYmfYU2Frv59ijSO5FerPEAjC0AAAAAfH3NbbBr7bHlqWFeCvLId853iasPjRmfdi3DZVar9TpeBgAAAOBu0w0jDMa8sSV2vRgZVsEij/xFeQAAAAC4rxhx1R1xmlKUo7wpBQAAAID7ipFO9X5lY4pylDelnwWBBwAAAMD1+qrtK0Zt+5WRIu1itKFp2Q1HXNsA4yvc8Q0AAADg3ul0rzeOa9NI+2zVtQ1UXUnRpqcZ5SivVLW2VfOCasgZqim2VwIAAAC4LsYm1sWNsTaFn9QoM442ELXvaUY5yltGGzpWN738RK5amduPUwAAAADAdai0tRraXh3aX583+4O1fyHkke+Ub4CgAAAAAOD2u4Y2myFsMPYoI498p3yj+gMNYUbzYRxnCIIBAAAA4DNwnZaUGkuqD19XLy/r4hiAq2ipwogWAAAAAL6ENq2sL7YPDcIGuE4ttzT/cncqBAAAALjvKveHbtP+un4IG+CzcG3qqmFVdMvRAAAAAPC52jSy2qyH5owPfTaEDXA19YGv1iGwDssbyusavtiIGQAAAMC9w7Wubmi3sKG15JObZAgb4DO1Wy5dq5fYhhUAAADgy2jeerVdTGDYVv9zIWyAa1ZZztB6pwcMOAAAAABcB67tBpU6EelfbisahA3wGTiuw/KG8qP1TG1hNDMhdAAAAAD4dOXWVPNi6A5LSitRxHX03SJsgM+nt7l7A8e1WxjN6TqVStrXvkAAAACAb0KppOl6Q5RQnxHONU9VusYZSggb4FNcGq/WRxcaBxyIyMRRqYSVDgAAAACfolTSWXn8oM1Qw+UzlD5n1AFhA1yDhnlKTQMOtbl3HHFEzMTllWJRxYADAAAAwNUUi1peUU0mrtbw4mq9tY1DDde79WoZM3b8Io98p3xHlTravJ9S033earWWIzLzLJcvKkoJs5UAAAAAulEqaQVFzRUUM8+1TOYoax5qqM9QuqZNafiGiefII98xzxl3R+K4thuvVmMFjiNd54jTy0+qRRAckV6OHDilWNQUjuNIw5wlAAAAgM5MJk7TiZFu5lm9I7aWaZjc0WGjGqo9aPjximMRvF4/HVKkHdOL1IIE0tvtp8SRrlMthqiGECYTM5FORJUJepWI2BBCVOOShqiibbDSeAy2agIAAIAb1FWzxNCE59oX1lYwEMeRiQyLC9pMT2puIFVCCdKva6ihPtpgbB02pShHeXdqtxyhhgGHSn3V60MWHHGVIIEj0isDFxzVj6+8UDWcNoQKeoeqz3WOKAAAAAC+prZhQMdj2h1mbPE339y5FjPUi/UOQw3X3DTCaAPSrtJu5im1HZqoPKv6WrXIoZZwROUwQqdalquNPHCNocJF4QHHIW4AAACAW+KijtfGOKE2WFANBiptIq4aIdTbV8aYodLwarN7UtupIp85Q6ky2mDsV0Ye+bb5SzTGEJXabyw0RCEtkUMtOq4HD1T+K6hofOUuA3cAAACAW4kzNm6oeSShKWC4MGZofo2WYYumoYrPgtEGpF2lbTUEC5VZSZXjjZGDMU6oRQ5EpJdHFgzr/GtBgW44a238oeqiQQVEDgAAAHDjLpsBYWzG68bmi3GORfuAoTFmaJ2eZHjWNTeL+BtvjyK9E2m1ljbMU2qreW1028ih8jdSLSTjageqjTwQUfMfU/0RBAgAAABwS3VupugtD3PG5n11BWhDwNAwyGCIDIwxA9UfMbbdOl3ep7SjMNqAtKu0Y7VrGXCorsvR63W2GjlURxgqeyvVhx2ag4dq7ECkt0xK0i+6HAAAAIDbjGs7DFCLFurtrqaAoT7IwDWsZ2ic31SPGYzDFtfUdOLJ0DpEHvkL8mWtAw5tI4fyE5sih/rTq7uyUnXYoTV4qJ+wKYeVzwAAAHCXVVs+TYXNuYaAgaoxA3WMGcpds3RZzPDJt47mG1erIkXaPr2q2hM7Rw5EdFHwUHlS459U68Be63kBAAAAbtbFfZy1NlJdYwumfcDA6ZfFDF8WX3tjSJFenNZ0N+DQEDlUXqS63rkxQmgTPFDlp+YZSRhpAAAAgNvv8hb8pYMAXQcMzTHDlxlqICK+dh7OsH0N8sg35S91QeRAnYcdmoOHxr+ApprdGkUAAAAA3FFtWvDGOKBtwNBukKFxgtP1L2mo4Wvn0Q3nRB755nyjtlsqdYocqLq3UuuwQ0vwYIgfmuKVligCAAAA4G5rbOpUg4D6AukLAobqIEO9Y/bSmOEzm1LsVkx/QXr70xZta15DHeW46s+GXZWaAuLqMdUcV44PKv+W/09vfHL3/wIAAAB8NZ/QStFrPbWc4SHd0C5qaC+1xAzVhprhgC8UMxhGG5AivTht5/Ixh0uHHWrHNA4+1LRMTGq8Gr1DTAMAAADwlV3cKmlqyzes19SrQcNFT2kaZODaDTJ8uZihvLZBr5y3eQMdlKPckF5Fp8iBKreBawge6n9lDTdMrJZ1OHclXMGQAgAAANwNTd2jHRoxLa1+48+GgOEKMcN1+f8B1buteYwB8CgAAAAASUVORK5CYII=' />]]>
    </system-out>
  </testcase> <!-- dashboardTest -->
  <testcase classname="com.seledoc.tests.vendorPortal.VendorPortalTest" name="loginTest" time="5.247"/>
  <testcase classname="com.seledoc.tests.vendorPortal.VendorPortalTest" name="loginTest" time="5.249"/>
  <testcase classname="com.seledoc.tests.vendorPortal.VendorPortalTest" name="loginTest" time="5.248"/>
  <testcase classname="com.seledoc.tests.vendorPortal.VendorPortalTest" name="dashboardTest" time="3.694">
    <error message="element not interactable
  (Session info: chrome=127.0.6533.72)
Build info: version: &#039;4.16.1&#039;, revision: &#039;9b4c83354e&#039;
System info: os.name: &#039;Linux&#039;, os.arch: &#039;amd64&#039;, os.version: &#039;5.15.153.1-microsoft-standard-WSL2&#039;, java.version: &#039;22.0.1&#039;
Driver info: org.openqa.selenium.remote.RemoteWebDriver
Command: [b53a1e663d84e09a6a3511ab6bd2172c, clickElement {id=f.80A9ABE452694FA17D196456A6CC62D8.d.57FBE5215EDC68E15543E19685AEE670.e.32}]
Capabilities {acceptInsecureCerts: false, browserName: chrome, browserVersion: 127.0.6533.72, chrome: {chromedriverVersion: 127.0.6533.72 (9755e24ca85a..., userDataDir: /tmp/.org.chromium.Chromium...}, fedcm:accounts: true, goog:chromeOptions: {debuggerAddress: localhost:33229}, networkConnectionEnabled: false, pageLoadStrategy: normal, platformName: linux, proxy: Proxy(), se:bidiEnabled: false, se:cdp: ws://172.18.0.3:4444/sessio..., se:cdpVersion: 127.0.6533.72, se:vnc: ws://172.18.0.3:4444/sessio..., se:vncEnabled: true, se:vncLocalAddress: ws://172.18.0.3:7900, setWindowRect: true, strictFileInteractability: false, timeouts: {implicit: 0, pageLoad: 300000, script: 30000}, unhandledPromptBehavior: dismiss and notify, webauthn:extension:credBlob: true, webauthn:extension:largeBlob: true, webauthn:extension:minPinLength: true, webauthn:extension:prf: true, webauthn:virtualAuthenticators: true}
Element: [[RemoteWebDriver: chrome on linux (b53a1e663d84e09a6a3511ab6bd2172c)] -&gt; css selector: #logoutModal a]
Session ID: b53a1e663d84e09a6a3511ab6bd2172c" type="org.openqa.selenium.ElementNotInteractableException">
      <![CDATA[org.openqa.selenium.ElementNotInteractableException: element not interactable
  (Session info: chrome=127.0.6533.72)
Build info: version: '4.16.1', revision: '9b4c83354e'
System info: os.name: 'Linux', os.arch: 'amd64', os.version: '5.15.153.1-microsoft-standard-WSL2', java.version: '22.0.1'
Driver info: org.openqa.selenium.remote.RemoteWebDriver
Command: [b53a1e663d84e09a6a3511ab6bd2172c, clickElement {id=f.80A9ABE452694FA17D196456A6CC62D8.d.57FBE5215EDC68E15543E19685AEE670.e.32}]
Capabilities {acceptInsecureCerts: false, browserName: chrome, browserVersion: 127.0.6533.72, chrome: {chromedriverVersion: 127.0.6533.72 (9755e24ca85a..., userDataDir: /tmp/.org.chromium.Chromium...}, fedcm:accounts: true, goog:chromeOptions: {debuggerAddress: localhost:33229}, networkConnectionEnabled: false, pageLoadStrategy: normal, platformName: linux, proxy: Proxy(), se:bidiEnabled: false, se:cdp: ws://172.18.0.3:4444/sessio..., se:cdpVersion: 127.0.6533.72, se:vnc: ws://172.18.0.3:4444/sessio..., se:vncEnabled: true, se:vncLocalAddress: ws://172.18.0.3:7900, setWindowRect: true, strictFileInteractability: false, timeouts: {implicit: 0, pageLoad: 300000, script: 30000}, unhandledPromptBehavior: dismiss and notify, webauthn:extension:credBlob: true, webauthn:extension:largeBlob: true, webauthn:extension:minPinLength: true, webauthn:extension:prf: true, webauthn:virtualAuthenticators: true}
Element: [[RemoteWebDriver: chrome on linux (b53a1e663d84e09a6a3511ab6bd2172c)] -> css selector: #logoutModal a]
Session ID: b53a1e663d84e09a6a3511ab6bd2172c
at java.base/jdk.internal.reflect.DirectConstructorHandleAccessor.newInstance(DirectConstructorHandleAccessor.java:62)
at java.base/java.lang.reflect.Constructor.newInstanceWithCaller(Constructor.java:502)
at java.base/java.lang.reflect.Constructor.newInstance(Constructor.java:486)
at org.openqa.selenium.remote.codec.w3c.W3CHttpResponseCodec.createException(W3CHttpResponseCodec.java:200)
at org.openqa.selenium.remote.codec.w3c.W3CHttpResponseCodec.decode(W3CHttpResponseCodec.java:133)
at org.openqa.selenium.remote.codec.w3c.W3CHttpResponseCodec.decode(W3CHttpResponseCodec.java:52)
at org.openqa.selenium.remote.HttpCommandExecutor.execute(HttpCommandExecutor.java:191)
at org.openqa.selenium.remote.TracedCommandExecutor.execute(TracedCommandExecutor.java:51)
at org.openqa.selenium.remote.RemoteWebDriver.execute(RemoteWebDriver.java:523)
at org.openqa.selenium.remote.RemoteWebElement.execute(RemoteWebElement.java:224)
at org.openqa.selenium.remote.RemoteWebElement.click(RemoteWebElement.java:77)
at java.base/jdk.internal.reflect.DirectMethodHandleAccessor.invoke(DirectMethodHandleAccessor.java:103)
at java.base/java.lang.reflect.Method.invoke(Method.java:580)
at org.openqa.selenium.support.pagefactory.internal.LocatingElementHandler.invoke(LocatingElementHandler.java:51)
at jdk.proxy2/jdk.proxy2.$Proxy16.click(Unknown Source)
at com.seledoc.pages.vendorportal.DashboardPage.LogOut(DashboardPage.java:83)
at com.seledoc.tests.vendorPortal.VendorPortalTest.dashboardTest(VendorPortalTest.java:51)
at java.base/jdk.internal.reflect.DirectMethodHandleAccessor.invoke(DirectMethodHandleAccessor.java:103)
at java.base/java.lang.reflect.Method.invoke(Method.java:580)
at org.testng.internal.invokers.MethodInvocationHelper.invokeMethod(MethodInvocationHelper.java:139)
at org.testng.internal.invokers.TestInvoker.invokeMethod(TestInvoker.java:664)
at org.testng.internal.invokers.TestInvoker.invokeTestMethod(TestInvoker.java:228)
at org.testng.internal.invokers.MethodRunner.runInSequence(MethodRunner.java:63)
at org.testng.internal.invokers.TestInvoker$MethodInvocationAgent.invoke(TestInvoker.java:961)
at org.testng.internal.invokers.TestInvoker.invokeTestMethods(TestInvoker.java:201)
at org.testng.internal.invokers.TestMethodWorker.invokeTestMethods(TestMethodWorker.java:148)
at org.testng.internal.invokers.TestMethodWorker.run(TestMethodWorker.java:128)
at java.base/java.util.ArrayList.forEach(ArrayList.java:1597)
at org.testng.TestRunner.privateRun(TestRunner.java:819)
at org.testng.TestRunner.run(TestRunner.java:619)
at org.testng.SuiteRunner.runTest(SuiteRunner.java:443)
at org.testng.SuiteRunner$SuiteWorker.run(SuiteRunner.java:481)
at org.testng.internal.thread.ThreadUtil.lambda$execute$0(ThreadUtil.java:58)
at java.base/java.util.concurrent.FutureTask.run(FutureTask.java:317)
at java.base/java.util.concurrent.ThreadPoolExecutor.runWorker(ThreadPoolExecutor.java:1144)
at java.base/java.util.concurrent.ThreadPoolExecutor$Worker.run(ThreadPoolExecutor.java:642)
at java.base/java.lang.Thread.run(Thread.java:1570)
]]>
    </error>
    <system-out>
      <![CDATA[<img width=700px src='data:image/png;base64,iVBORw0KGgoAAAANSUhEUgAABBIAAANDCAIAAACfT6tNAAAAAXNSR0IArs4c6QAAIABJREFUeJzs3etvG9mdN/hfnapi8U5Rd8m0ZFmWZcvytX3tW3q609NBMjN4ZoAAGWCAZ4F9v4P9S/b98+pZ4AFmsQPsYJN5ssl0Mukk3e10u9sXtS1blm3JMnWjJIp3VrFu+4K3IlkUKYkSaen7SYc+LB4WSzJ9zvmdW3GTd/6ZABr5xV93tfsSAAAAAKBtWLsvAAAAAAAAOh3CBgAAAAAAaABhAwAAAAAANICwAQAAAAAAGkDYAAAAAAAADSBsAAAAAACABhA2AAAAAABAAwgbAAAAAACgAYQNAAAAAADQAMIGAAAAAABoAGEDAAAAAAA0gLABAAAAAAAaQNgAAAAAAAANIGwAAAAAAIAGEDYAAAAAAEADCBsAAAAAoP0SKaXdlwA7QdgAAAAAAAANCO2+gLpEFx/0MKeDExkZmpnNGrGkLhvtviwAAAAAgOOn08IGrqvfMTYoDgUFv1TzomEmktrqcu7FmprU2nJ5AAAAAAB7YZqmpmm6rhuGYRgGETHGGGOCIPA8z3Fcuy+wgc4JG1hPyHl5zNHv2iEL5w+I/oA4edYIv8k+eqkmMfgAAAAAAJ1N0zRZlmuP5+MHTSt0hzudTkHonMZ5tY64MuZxXJt2nQk0HWMJLDTmGRpUHz/JPI2aB3txAAAAAAB7YhhGNps1zabaq7IscxzncrkY68Tlx+2/Jmev65Nb7l3EDEW8S7x8zfd+iG//zwAAAAAAUElRlEwm02TMkGeaZiaTyeVyB3lde9TmJrfY7frRFalnz2MejIWmvB+NInIAAAAAgA4iy7Kqqnt7by6Xy2Qyrb6i/WrrJCWP9O4VKbjfJj/XP+m5raS+XsNCBwAAAHg7GNEt5eE9I7Ztytl6eThBZIGgY/oyf+Lk4V5dBX35Te7JjBGLmlq5EcyJDhYIOi5f4weG2nhtHSubzeq6vp8zGIaRyWTcbnfrLmq/+N6Tt9v10Wevec625lfBBbr4dCQXw/ZKB2Z63NnuSwAAADgizEQ885tfmskEaTu2XQzDzKa116/4YDfzdx3e9Vnoq+HsF5+bmTQZlf2zhm5m0trCC75vgHl9LfksJadLjo5YdrtPuVxOq/M3u7q6Pjs7n0ymVpbXslnZ63XzPF/vPKZpGobROYuk23YdnpBrOtC600nC5QkxPLPXoSAAAACAw5J79oSMXXRF55784AqNHuQV1f/op092zqA+fcwPDh/W5bwFDMOwXZmQy6lffvntysoaz5huGDzP67rucDjeeefS+Hjdv9z8hq07hBaHqU1hAxOnxwTHbt4hJ9WFN+q6bPIOfmjQMdbLqn5/zn7nGY/6NN3iKwUAAABoET0TS6cMhzcRKx7pFj/80NHrIsrpD34nL8Rt32aU8x82M1m8JPG087PrvIMn5uD4DeX//bUqt/naOlM2az/rLB8zEJFuGESUn8KUy+Xu3v1O07TJyfEdTuj1eg/ykpvVnrDBOSid2OH+DDW2w+kvZ9ViRKAuryhLU76PQ5WrIhh/ZlSYm9WwxAEAAAA6kKGqskqmqRnl6REpfeYPmVicRj9xXzzHFr6xbcaYatv21TFKdxtQX8n//oqI2JX/4up5rRcPmx2550+76Lpuu2/S6up6Pmawde/ew1BoyOOpO3df07ROmKrUlitgJ07YDzXk0tpWlvN38x5LRKAn5a9n1TRjgyel00FeJCOyloukjRyxqpN4ehy9TIvsIW7wOT+94fQpuW++yywrlS8JwuV3PGc9xvPvU4/iJhF5Qt5Pzwn6Wvrzx/kwm41c8t7q5yLPUn8MFwYcmU+6fcl5QtLv3029zBIx4eotz6SvepPZ9Er6fz5WEecAAAAccbqaSGSzhWDBMDSj2NLJGbEcETGRp2wqf4g789dO/uvsXOrArsbMJdOxrNHMtqBuMiuaL87TjtMO7ctnb1XrRX7z4IVyeupMoKLHWdteeLTkvnB5wKmsP3wQG7g2OSTEZu9HB66d7tnrhj2293QjovnnC7UHu9wuzTBSskJE4fDqDgMOiqIc17BBEEJ2qxrkSObzh7k0EQu4Pr1R3mFJjmtpYmNXfLd6C9/bof4685tcwpCHIsldXxHzCV0C8YLj2oQaeWxdIMH1j7vPBzgivsdHFCcirqubdzKioOhnqmwQMdYfYDyjnm7GwrpBxHzSB9dcQxLpWSOtFi6sPx8zGGSZyWjqb9W/OQAAANgLQ43HsnK9tQziaednt3gPb/zwwBBDjvcv8Z5uRn/lGo6od7/R7Fuh+2NqGbmpmKEGz09d5bdnspF97RF06HRVl9dfrQ9fHbL052fCi1sZQzSISOqbutotOIg0zcjtfd6KaZr1btGwFd0WeP7sUJ+mGwJjPpfkdTpD3QGeZ//33QcpWdn5Rg35M3Pcru9y1lptCBuYX/DbxHDm5lphGpIRz62lpWBxUb6nz3X7Gneit5nfFOsJMEruvTHuGXZdXtG+K955mvmcV0/WXGu9AJTl31KMGdK5b+5n1grL6PMXby7NJL6O4LbWAAAAx0guLdeNGcjFPBH53/+Fuq67P7sqzv9H7g9h7sxPnfyfDnC0gWMCT8oe9p/0TDhOk/aH+bev25MTHPrG4kb/VF9hbWwuEl7XBUfhGXNILbgH2M47ro4P9H54/kzt8U8vnfu3bx85HA3W/Oq63vYBh3Z8vJPZ7eXJ+QM8W9MMInIJPdaVDxI/IjV7bo+fseodwnaFjU06F77JbhlExJ85t6vbSnC8T3q3GDN8XTvfCQAAAI4dTcnV7zF09ojv3BICDiLdePWNnp+koCtEB9qdz3uDHj6ZScqNb1/MUbnflo1OsMgDeevtGmrIkwbHPJHF5WTPiI8RGcmlN+rAaHc0TERERnFuUjm/uv3qxSt9+OpEgOXii/MrMY0xMphv+OzpQL0G/g5hQ3dXYGKgx/algYDv7965mPE1WPR8TMMGl8jZbiLlH/V86lLX0tQ16Ohv5roM0omqbhAtCvsYvlG0pQw/EpSuncx9/lr3DLumg5TbzEV8jlATcQvvcnxwTeiXSE/m/nw/s2YTM3AjlwInytevv3iYehDF4AMAAMDRZdrMSTadLkpuExHJYeX34aomg7nw+6q9eJinpRvpmGo8qjr8nm6HHE9qWr2WCMecPheTJCNTGJgwZn9Vu2Ml19prOzDMe+K09+lCRLk0KMlrK3H/yGV3PJp/zaicm2Qo6/PzYWPw/GSAkbz89I0cmrzSIxLp2/PPXmx4S0MWVYz6HdcXpydDRt3xnf4uX7w7uPP17/PmcS3R/tUVFlyw39Hgd0YkJ7VIXFuNqKtRPedyfnrHaR0Q4Nl+Zn0Zr5/rvhtSz7hrPJobmBAchv70peq80tRWsbxP6CciMrdWlEi9cQZGli8a52jBgBgAAAB0Mpvp7oavi99Yaf4ULNjd2msydC0RS0seV7BbSMXkbE2LlOMFX5dTUOSst4tldtreng/ad6J3Hj44Nrj8w8p2MLi+yoUu+gTVdrtbefnJU90zdnEy4CAiJb6R1oy117MRIiIjR+TTiOzDhp1GG/p6zM1Nrk4GTpIkqUFrc4eY5NC0IWzIqaZe7/ddh57VI3EtsqmtbmkxxfKPL6vHVApahgLUuiFzcx+UlB9HHB8MCjfuCEQkr8mzSbrW3Htzm7klyXHGx/VPet5VU1+u1P7tmksPsbYBAADgONFsmorq6ISwssjJmWZOwAmi48r11l+YaSqpTDTn8Hd5HOlswrJIWnC6Ah5OSaa3cyY3fsG1FSHd/oa6nOhwXG6yodQBHL1jA+szD+Ku0LkBB5H9z8Q7HCyZzShaoHDHakdw/MJoM/co5jiu3pJoIlI8HmciYftSrjNuy9BQG8IGXTZkIk/DfJqxFdM2t7TlTTWSbrapnVX2GYuZyy/lSL+rnxEZ+uxLVSWx2bca6v17qn7DM+ljoSnvu0bq67X2x4UAAADQRppiEzaYvJi9/akQfsUZOieI7p3W43Li+ATnbtxu2hs9l9ve1r0Bd4+kJFKqSrzL6/KwXHw7lzOIiEyPP/PeT72xN0Jtg5jjxDOTnHM3t+JqN8/wqRE55R+2W2ZbIPZNjp9cefHskXx6eqxHCvTw68sbSqBPIqJcMpYWuoJ1fmLG2A4DDprLpSmKoFTPSDF5Xm+0Hjp/8oZ5DlobwgYjoSUMh8f2ZzfMRFLbimrhLTUSNeyDQCvGPBWtejMZ33dLPZ179Eb6eJSl32RfpOvvm2RLUx/cS9EN76SPjUx7iRA5AAAAHGN6LinbtwRMQVRPTRIRcbyj2+Pe1TSM1jL01HY653Z6g06BDCWT3cpULMcwHS524YqjzZt/7gfPhOI0duY5caYYgwkiE4gREROYQ7AkeF9o8qK0MDu75Lg6cvLC6OL8i/thIjLJ4R8901XvY3YOG4hI7upyRaO8qpJpUnE3VbO5bVWPadhAmh5J0lDVYI+hv3icfRrR0rtpZrPuyr1cDX21BSuMza255G/WmBqvc1uFeleYP65pD+6l6IYnHzlkc8kHUZMof1WVS6LJTK9kfjOL270BAAAcSXo6LucaVvOmnozJYo+z6ekNB8HMZbLRpuZMvY2cpy6ftTksDVy5SERErGvqej4YKCXI2Td2rY+IiByBUxcCp5r4GJ7nVbVBp7fmcvGqSpZQgWmaLud4Z4MBh7Zvo7TDPQgOlB6uvUtIVnuxtruYgYgLDQvWQaZcNLe6h02IiYy0HtNITmrFWz6YyXjxpumGHombuqZvFe4iZyaiumxQOq4l8pkNIxI3dMPcihbnR2nag3vpp9umTlSYFZfVIkmT8kuiy/9xfPvjRgAAADgoTd6e6/Dv4rW7T3yLxxkOFc83HjMy7PL88eu5xcWN/Z/8oHGTd/65DR/rkj5+z9Vf0Wg2Fx4mvtnNcuGqm0ljwfGB+sVf1x2SAwAAgLeKmUumY9lmbxQtuFzdPvEQYodESvF7m75XV0dKp9M7rIqWZfXVy9WbvRU/40Yq98eXUSJyOR1Dg11DQ10+n83iCW8HLJtu03hHNje7JvUPW+MGbmzC9Tpauq1yI4JweariXmx6XPkBMQMAAAB0KC2xlSlsdcoJXb1uqW29+JzD5+33tevTjzJJkmRZtn1peTn6dG4l6HcSVYQN25nCvKasnHu1GHm1GPG4peGh4OBgl8cjlU578NfeWLumSZlrL+Vwvztk/XyP4/ZV/YvvlVjDqUqMP3vJM2n9uhvGi2dK8mCuFQAAAGDfBK9X1JKqRszpdbYvZoADZLsCIZfTfnj8ZmMzQUROoXqG+kYqV3UknVHmX67Nv1wTRf7UaN/46QFRbOvKlyK+9+Tt9nyypkey/KkB3vrbFVziSB9Lb2vx+utJnN3Szauec10V/9q2F9NfrzQ71gZ7MD2+w1ZlAAAA0BgniC635HE7JAFBgw0lp0uO9i/83See5zWtPHlmfT3+3f1XyVRhCEJTDafARJ5jHLed0Z6spcIxud7qEcMwo9HUmfETDkdHhA3t/LuR1zJf+7w/GqtY4uHwOd69I05Gci/CStiyB6voEYZ6xdCgeCLAqpaEyJvZr+c17EcEAAAAAO3F87wgCJqmaZr+w+M365GKe1Fncto3S7GKN9TGDGb5YF+v3+vtlDtjtDekMyPzqT8y7/ujfMWmU4zrGZR6BqVbhplWTN0gh8Scda5U3sx+8RDTkwAAAACgIzidzkwmc++7+Xg8s599qASe//CD6VZe2f60fQdQMzKX+vxxLmG7EppxHhfze+rFDOZ2OP35/SbWQgAAAAAAHBa3203cXveu5YiIGMf97d/c5A5/d9762h42EJGZXMn85m766aax0431KuXS6qP7yd/OqukDvTQAAAAAgN378cdX/XZbqTYj4Hf//X+5w3fYHb7atyS6kqkZ66vKq03DdDCfi9VdKWSYiZj6bC7zl2fKegZLoA8PlkQDAADAgToaS6JLOI7Gx4cCAU9kfVuvt3GPWT0iwRFdmj5188bZjhpnyOusvxs5nnv0MPeIsZ5eoScgBF2cU+CISNcMOatvxfVIVEvv6T7QAAAAAACH7MRwz/BQz9NnS7NP39QGCVaM486fC507N9J58UJBZ4UNBYaxFcltRap3sQUAAAAAeLtwHE2dH5k6P7K5lYjHUlvRZDyeSaVkk4hnnOgQBgeC46cHAwFPu6+0gY4MGwAAAAAAjpbeHn9vj398vN3XsVedtdICAAAAAAA6EMIGAAAAAABoAGEDAAAAALSf3yu1+xJgJwgbAAAAAACgAYQNAAAAAADQAMIGAAAAAABoAGEDAAAAAAA0gLABAAAAAAAaQNgAAAAAAAANIGwAAAAAAIAGEDYAAAAAAEADCBsAAAAAAKABhA0AAAAAANAAwgYAAAAAAGgAYQMAAAAAADSAsAEAAAAAABpA2AAAAAAAAA0gbAAAAAAAgAaE3b7B5+EP5krgUCXT+q7yK4pqEpFpEkdkEhGZFX8Q1f0z/6TiWfmwJc3t6oIAAAAAjrSmmkkcZ5OnMlX8P3HFP8gk4jiOSJLE5q9n12HDbpubcGRwRCbHlSIHjjiz+AflDxTyFL7knOXLbnL233auTjgBAAAAcMxVNJ7qNaXsnhRbZ8UDdWKG3dp12ADHVCFUKEYOhWMcFeOEYvBQ+oqa1i8yVyc6qBdOAAAAAEBJ/dEGm+embcCQZ40ZdtkKQ9gATStHDkRUMexQFTxUBQ3WIYjaUwIAAADA3nCVfbNV85Q4ywBEPmAotOP21AhD2ABNKU1JskxPKg471AQPdsMLO303ETwAAAAA2Go4n7vePKXyEdMaM3BkOwrRBIQN0BTTGjkQcWY+SCgOO1QGD1QzvMA1860HAAAAgEq76nmtiASqA4aqaKLeFPK6EDZAU7hi5FDYPKlihMGynqEUv5rVX+R685QAAAAAYA9shgssLTKyttRqBhnM3U/3QNgAzSruvFox7FA5wlD8Plr3R6rJBgAAAACtUREnFMcWytFCRcBgs8nSbiBsgOYUxhCIaocd8mzjh8LzRuMMCCgAAAAAbO3cjCrHCYXnttGCzSADlkTDweLIMsxQ3kO4XvxQfBdXvikcQgQAAACA5tk3nSrmIVXntosW8gHDnmMGhA3QrOrhhYowwTLOUHm7hlIOzFACAAAAaB3ONmk5VmqbWaIF262WmoawAXahztykUrL6Hoam9f5vAAAAAHAwKiYqWSYj1Q4v7LkzF2EDNKdiqyTOJiSoHGYwLW9r8rtpYotWAAAAgKIm2/em5bEiVKhphFVvz7pLCBtgN2qCB/shBbuZSpYXdz47AAAAANRtMtmtZtjhee2i0z1eD8IGaBJHplkRw5YHFCrjhx2+jpiyBAAAANASjVpUde/qkGdWTS1vDGEDNMmkqntCV65psP12Vs87QsQAAAAAcAB2mtFUO4+cy9+/YXfzwxE2wK6Uph/ZxQ/FLCXYQAkAAADgsNlta0nlaKHhzSDsIWwgjuNEgXie4xnHGDGOiMgwyTBM3SBdN1XNbHi/siOvYhk02cUPNstwKh373yEAAABAK+3cPVu+aZZNtIANWHeBY5xT5ESR45nNb43niGecWHyqG6aqmrJqmsaxbvzaLGOoWP7MUdU9oTmyTwMAAABAC1mbqPlFC5xZ+9p+ZoIcx7CBY5zTwTkdtdNr6uIZx0ucUzLlnCnnjnvwULM3cOWXcuf1/Bi4AQAAANin6tXMVbtYVjS3WjVp/HiFDXsIGKpO4HRwTocp50xZMY/X1CWu7iwjrvp7WpUPq6IBAAAAWmunVmizccIuW2XHK2xwOTjJwfZ9Gs7p4DgyMvJxChvIZuukOrkafAdxWzcAAACAPdvv6AHu27AzjiOvmxf4lvV1Sw7G81wqox+rIYcCu9tB7+bdGHEAAAAAOEStaHztv+v97dDamCFP4Dmvm2/tOd8+XM1/AAAAANBGB9M8OxajDW4na3nMkCfwnNvJMrJxECd/WyFyAAAAADhyjv5og6M16xnqkhzM4Tj6LWXMLAIAAAA4SnbbujviYQPHkcd54D+jx8mqd8E6ijjiSv+1+1oAAAAAYNf205w74mGDS2KHMmmGc0pH/DdZxfqdQxQBAAAA0Jla2GY7ymsbGCPpsKYPOR2crBzfW5k1/y3E7qsAAAAA+9SWTtujHDYc1lBDHueSsDa6sfy3XF2d+cP34WzNb4sJkuR2BQLd/SdCoX6veHjXpax+9+V3EWnyvffPBg4if4eSl7//4kHUPXnrwwl/u68FAAAAOtpRnlrDH8zuSfUIAubqNCsZ2aiNGYjI0JRsIrb25tXMX/70m//8/vmmclhXlNncVgwtEUmoB5O/Q6U2Y4qhxrfe8h8DAAAADt6RHW1gjOPZobbjecYxxhkGJuE0rWf6s/dGnJYDuppJxWOby0sv30SzqfWnX8e2Lt26ecp77O+OAQAAANBmR3a0wSHuNWZgXHefODbAu3b/u9n7hwIREfGiO9A7PH759l9/emMiKBIpkZl7jyLoCgcAAABosyMbNgh766BmXHeP0C1xvMh3u3f9bv7I/joPndQ39d71035GlH3zaG4Ta0YAAAAA2urItnO5PdxJoRgzEJGuaJuZPZxg12+BulhwajrkIqJseH4VAw4AAAAA7XR01zbstgVfGTOsbBnK7nu4OcQNLcX3joS8S/MpY3N5Qz0xbN1YSY2vLL1ZXd1MxFOKZhhMcHm7e0bOTI73SjWnUePLL+cX1zfjWUUzmCC5fV29J0YmTvW5baNmI7O++OLV0kY0pWjEJLe/9+T45PiAr26IrWy+mpu35h88NTkx7LPdB0rZXph/9SYSS2YUjZgkeQP9J05PjAy4bUbHmv0Z4y//8NW8OvTOX13t07eX5uaW1qOprOGd+OD9qdIuT8rWwrNXi5FYKqsaTHQFukOnJydOeOv9SAAAAABVEDYUdO07ZsBowwHw9/dI8ynFiEeTNNxdOJhZ+vbuo7XiXxETJZeoK9lEJPw4sr566c77p6yt4dTSt988WFOISHB5/D7ekLOZ7fXF7fWllwNX33snVDUVTY3OfjUzv60SEyVRIlVRUrHlp9+vR85/+N6Yr/YC1djzrx4+3arM/+Lh6vLq5ffeGak8uRx5fPfbpYRBRCRILhdpSjYReZ2IvFk8cfXW9RPW3Lv4GdVENKUZxvbG+uLi45mNwuZTAiv921Y3Z+9+u7itUX6LWxdvKNvr899vrEYuTe7pbwUAAACOoSMbNpiHeMsGODjegItIISWbMai70N+vxOMq8w6cmhg51d/tk3jKDxHM3v/2VWLr8dPwiRuhYk+/vPj40ZpCUt/0zSvjwcJRPbO1ND839yaxrVBV2LA9+2BL7Jq4MT0xlL9rhLI5/+C7p1Fla+7xm+E7J6uHMuLPHm6R69TV65Mng04iIjW5Ov/gweJ2dv3Rt88CH54LFMco9O1n+ZjB1T95+dKp/PCCrmwt/TDzeCW7/P03ovTh5d7SmMMufkYiMogos/zosUreofOTIwNBv9ctFs6lhL/7dnFbI+Ydmr46NRKU+PypXj558HTmkYBVIwAAANCUI7u2Ybf7oMa2tKhiEhEvCcM9TNrTLwabr7acKIqMiAxdLa9uCF789Cc/+/idiyf7Cu1pImLugenzIy4iY2s5ohdz6ptrMYPIf/p8KWYgIt7dM3b53Z/8zV9dDFZ/nEHe87dvTA2V7jQn9U5cnexhRMbm6pZenZ00TTh589blQsxARKJvaOq9O6e8jIzE4uxy6b4TmaXHiwmDWM/0+7fHS1OSeKln7Pq7VwdFouzi48Vk+cTN/4ylS1cpeP7Dj66ePdETKMUMpEefzUc0Imng6ntXx4LFczH3wMSN96b9htbMXwIAAADA0Q0bzN024Q0zuu/IYdcfCq3kD/qIyMhkssUjRsUfTRD6J8YDVcsMpN5+FxEZmWztInnWMz7VW72IgQ9OTPaLRMbm0kYh2EmtLm4bRK6RqRM1G3RJocmTXiJKLC3GG15g7c9Y4hqZGqtZgBF7s5YlIv/pyVDNog/fqckTtStBAAAAAOwc2bBhLw34ysihd/cbsCJqaDlVUQ0iYrxou8KYiEhXVUXOZDIZRdWJiAy1FCaI3f1+RpSaf/jozbbcRPTg6/XVrk0W85+t2ix48fZ3O2sOEom9/T4iMlLRfCCgx6MpIhK6BqtjEiIiCvT1SkSUjW/Xuyv2Dj9jEevqDdS8L5OIK0Tk6u21W/3MuoaCR7YEAAAAgNY6smsb9L3N2TbM6JZGPUKAGdHdb8C6xw+F+lLJLBGR5KrY9chIrS4uLq1uxePZrLbTL919+tLlzXuP1hKLD+4uPmCS1x8MdvX29vUP9tnudMTso5O6bWun27673umWBCJNVWSDiJGiKAYROSWn/ZlcLolIISWjEBVP2PTPWCDyYu3J1axMRCS57WNgXnJLRLUDFwAAAADVjmzYkFNN194mYBhmdEON7vVD9/Q+qCcR2VKIiAW6yz3pyvp3f/p+OUskuHr6Q6GAx+UURcaI0dbcw8VE1Rm8Izc/7N9eX15ej2wn4vHYWiq29maRmGtw6sq108G6YxhNajZQZEREtWsjiqrHIHb3Mzah/kcDAAAANOPIhg2GYeqGyR/ilqi6YRqYpdRS+uZSOEVEYv+JvlLDOj4/u5wlcoVuf3RpoKLVr9NrsmtS887g8HhweJyISM/EN9cXX86+jq09vv/I9eH1oX0FDrKsENmcQc4oGhGJheEFSRIZkaEqGYMCNgMO2ZRCRCQVxy52/zPWIbqcRFlSUgqRzYCDrmTqTYsCAAAAqHCUZzar2qE24lUMNbSWsT37OJwlItfQRLlxr8ZTWSKSek8MVDfX04nG88p4d2Bg7PKta8MikbK+FtvnNabWNmSbw+pmJElEzFsYJOED3V4i0qKRqF23f3xjUyEiVyCYDxv2+TNauP0BiYiym5spm1eN6Oo25tUBAABAU45y2KDkTKJDa8qbcg5hQ+sq/Nx+AAAgAElEQVQoW7NfffcqYRC5Tl6e7C5/T5nIGBGpSlatfIcaWVyyaxvb4SWbdQB7YWwvzkaqLoT07fm5NZWI9Y70FZr93qFTPYxIWZpbSlafQ1l6+iaVz1OYidWSnzGv6+Sgi4hSr+bCNeMKycX5ZQw2AAAAQHOOcthgGKasHFJTXlZM00TYsF+6molvrrx8dO/3n38zv60SSf2Xblzut3a5870n+gQiIzJ//02q2HWvy5Fn33y3old9nZXw3X//9W/+PLMQSVnb3/Lms8fLCpHY29+1zwuWJOPNt9/cf5Monl9Prj67++1iioj5T02Vbw/nHpk+5WdkbD29+5eXm5nCheuZrZffff0oohK5Tl0aL96Fejc/YwN897nJQYFIWX/w1YOF0k5NRmp9/t7d2bS4txuUAAAAwPFzZNc25Mk5Q3JwHHewKxxM05RzmOyxe1uPf/vLx/VeZN6ByUvTZ3urF7aLJ6YvryYerGTXHvzpN8/8PjfTM+lEVnUNXppiT2dWLAGC6O/vlTYj4Zm/hGeY5PJKTp5UOZvKqkTMNXzh8on9rogOTF7pX77/+MGXbx6JLkkw1KyiEREx19DVm+esG6LygXN33tHufr+UiMx99bt5QZJE0pTC9rKek1dvXLbc/2EXP2P+d7XD2mxp+NrNxN1vX22nVmf+vPpYkCSRlKxiEPOOXr1Is9++xk5KAAAA0Bjfe/J2u6/hYBkmOUSO6OAiBzMjG/pR36nmwmm7+xPslWCmwmuJ2rUnTBCdbn/3wOD41KVr06f63bZhreAfDg16DVVW5HQ2JWskdZ08d/mdCwMePboc0btPnxnO332Bk7pDoyd7XLyuaaqqZDOZrKrxDl/P4MTU5WuTPQ7LOY3t5dWs58TEWF/NDypwqdXlOBs4fXbIy1fk9508OzkxEeqVVCWTTWdlVWeSNzg4Mnn95tk+R815fP0jo91OTcvlFFlWVJN3OP19J8YuX7843lMVHTX9MxLxJK8vb5s9o2dP+G1/X7y7d3SkW9Jy2Zyay+VUg3m6BkYvXr1+pttlxsJrivfk+OnqCwAAAICjj+1m9yBu8s4/H+TFdASXxJwHNhlDVoyszX3Ajpqff1J7LzEAAAAAeIvx/C7ChmMxszmrGJp+IAsPVM08DjEDAAAAABxzxyJsIKJUxmj5TRUM00xnj/rkJAAAAACA4xM2mKYZT+lK6xYuK6oRT+rYPAkAAAAAjoMjvpNSlYxs6IbpdrL9rZA2M7Kh4C4NAAAAAHBsHK+wIX8POFUzXBK3p+2VzJxqZhWz5fOdAAAAAAA62bELG/K3gUtnzYzCuRyc5GgqeDBNU1FNOWeaCBgAAAAA4Pg5jmFDnmmYGdnMyCTwnChyAs9xHDGO8reGM00yTTJM0nQzp5r6wWzEBAAAAADwVji+YUOJppsHtD0rAAAAAMDRgLAB3lYmIdgDOBa4fW1i0elQlAEcH297aYawAToOKlEAsGqyTOi0+hhFGQBUeUtLsxKEDdBmqFkBoCVqC5PDrHpRlAFAq7S3NNsBwgZoA9SvAHAIrEXNQVS6KMoA4HAcdGnWJIQNcHhQxQJAu5TKn/3XuCjKAKCNWlia7RbCBjhwe69iUTUDQEO7rDf3XOOiKAOAg3VYpdmeIWyAA7S7WhY1KwDsQW3R0VwFmi+gmqluUZQBwGE4+NJsnxA2wEFpqqLdX/2KqQIAR95eKkJrwdDo3SaZO38EijIAaIm2l2b7J5iWy0Aa6XrpXWlcBTZXRaIqBYCG5UCDatIs59v5I2rPg6IMAFqojaVZqwjWEyONdL108xr8q6j/YhM1q+WKTFTDAMcJZy2QKv75VxUddetLs/ByPVUddSjKAOBAHHpp1kJC6QLa3p+NdOend7a3WrbOuziqqlC5ylMcVCANAJ3JrPusUAebxVd23KZwx+p2P/ORUJQBQHMOrzRrefAgFK+mDGmk9zDmsFN1a/eKXX6uXLly5k6fje45gGOobsFkkrVY4LjaSre67tyhum34UvUxFGUAsEuHU5odwLADs5ZaSCNdL72zujGDaXMWk8zK/Fwxm0kcFf4rvdf2PwA4hnYuE8qlh1k8WDHjyKaYqi1PzJpEvZwoygBgzw6hNLPkb+GFY20D0gc2zmBXy1acPt8hx5nlT9rXdGEAOC7s+9uKrxVfLBYbxR47+1H70kTM2lDB9jiKMgBonQMpzajqcMvGHAo7KeERjzs/1tNkzGBTy+5YxbZqAxMAOCKqK8fqIqBcKZqWt1hr3B2q23rlSTMBA4oyANiVgy7NDjJyKIw24BGPOz/uTt2YobKW3Sm0sD/Vbl4EgKOgVFfu+LLd2sHqGre6uq3aN8l2A9Y6eyuhKAOAXTuc0qxBd+/+YLQBj0092mpYO5qVT5qqZe0m7JVUXcnO/y4wGQDgrbCrPrDqAqHqX3mhhq3sgbNOFy5UtxXZzDqBROkgijIAaEbbS7NytpoLacmAg2BtFyKNdL10rd3EDPmeuR0ykG3SOtxRrMIB4KjZQ7O4sn1fOljxpHrjEWt1a1o66szyLKNStWq9JEsGFGUAsJM2l2bWwOBgIgeMNuCxqcfab57Nt8m2HjVteuZsa9mKEJryewXUPT8AHF9cdRFUqghLxYglVdkPZ5ZKGcs5LMVcdeFmWs+LogwAWqqFpVkxw4FGDkLb26N4fCseG6sbM1RnqHjVkourrV8brkcEgGOhcqZvzVB+7VRg0666rahrKwcPygctb6koo1CUAUALHFRp1nzksB8YbcBjU4+VX/mdJu3axAzN1bK1p6qIoG1etQtnUP8CvNUa9VKYXNWzynqXq+iNq6puyy+ZpeyWIsZ6nqq1DDuUcpY8KMoAoOwwSzOuojjbOXLYz4BDxWgDWdI4juNUmd6dRjHDDrVsRf1qnQbMNXE1GP0HOMKq1x1Y613TWoPaV7eVFWo+Yds5Uj5puSSrWfaAogwA9qylpZm1JDrQTgeMNuCxqcfyd7m2NqvthKsXM1T2zNXUvuV/B4VDNcMc9hcAAMcDZ9bWh5aChKOqqcCWvZJsjldFDlRRNxeyVq5jth9kQFEGALvVwtLMNnI4oAEHwbZfGWmkq9J11cYMpffZxQyWb3V1IEHlm61WfLD9CkUAOH5MruLff8WYPkf5AsTkuNrq1qajrty2z3fsmfnwoWYLOK4iKuBQlAFAC7SwNLNZ6lA4ResXOWC0AY9NPRa/dU1UdJbdDG1jhvyRjGwKfH5rQwCAvbEtP8oHOSKO43ieY6yio840i3MAOEvWyrKr5mn+mFk+CZlElNRUyeQxdgAA+7PH0qw6crAtzexPvZcBB6Fz+rOR7vC0jdqhhlI1bFYetMQM8ZTx/TMlnjL6u4WP3vEyrPwDgANjGKamGTlVF3iOWKHRbxlkIOKKd2aoKuzynXf5lywFWqko29Qy/5lY2NQzJx3+v++7wO++AgYAaJ5taVYdOeQPcZUH86wdJXvFOuRuYkh3fnoHlulJhedVQxOlilbX6S+PlXjKIKKzIxJiBgA4UIxxDgfvdIq6YRajhcrwoGIeUcUx60ulF/JFmWYa/1/8xaaeIaIr3iHEDABw0GxLs8ryqbIgo5pl1/u/hqqCEY94rP9Y+c2r/R7aDooVlwfm3/50MZeRjfwrPQGhJjcAQOsJPMfzTNNM6wBC9ULnYkdJVV9JOVtpaILoXno5aSj5DIMO3+H/RABwPFWUZqXIobZJxlHtrSZr2nG7jigYWfqVrZ+F4zhedbwRu6GGqi+kSetRvfRMEtE/BwCHRBR506yqJbmKyKGmvKqIGawFoUlLuXjpmYsXD/riAQBK7Eqzeq2vFje0qkcbLB+N4zhecbye4ne0Zqih+NW19OtRKmuUXmdsx/MCALQOzzijVK0WV0aTpYCrqoSrt1utHKOI6XL5zJihBACHqFSa5Uuk8lSlquZasZRr4TwltkO/MtJIl9LNbh1oVmS2Tk/KHzeMOm8EADh45c3bCjOOSs/MyrKr8mnl7hCmaeqtq4YBAPag8v4z5SLJfvjU8jbbkzSJVZ0BaaSbH2ewfOFqdvGq6sArPEWfHAC0X3W1apbLKK5QTnGVx6v7RAAA2q1YTNWOjlZk4VpYdpWnibS9PxvptyJtzzLWXzXUYDlutzoHAOAQmZUlVcU+JGZ+MMI0ybTe9s2yrTRCBwDoGKXBU5OqSrOKnpGWNr3KYUMn9Gcj3flpu+c1gUX5G1z6SpvN3HwEAOBAWXcdMQt3UaVyLctZ8lWEFqY1ZkBJBgDtxxV6OvLPSqWZ3YBDpX3EEViUCntXfbuGyqEGqkhxtL9vKgDA/lUMFZTGE6wLHhq+hPEGAOgEdu2r6gEHKudpScGFsAH2rXI3kvJhDDUAQEcxzaoBB5vOjuJ6BpvaF0MNANBRagYcqjO0ep4SwgZotcqhfiLreD+66ACgrWwLovyqwaqaNb99Uk2UgJIMADqBpSwql1P285RaB2ED7JNttVpOVc8YBgBot/J6BuusJK4mU8WIg4mSDAA6Tk3HrE3IwLWs9BJachY4RmpG9ksHzap4oYBr+d1GAAD2ziQzf3tornrNVd0hfiIizize8Q0AoBOYZHL5ezZwpWEG6zaWJkectU+kcMS2o6Q5GG2A/bGbMFd3jAzVLQC0lV2xZBZfsR9uqI0lUJIBQPvVaWXZhwMtWt7AOmJTT6Q7P92kqrnBWAwNAJ2pcilhQc1OSsVnKMoAoFPtXJq1FOuIW4gh3fnpptl8UbGEEAA6imlXVNksiW7iXQAA7WPbwjq4gqo42oBHPO78WI9lwlzpWMXCBrujAADtYVZFA3ZbOtgUVda70+CG9wDQfmZ1C826vIGq0y0aLC2ONuARjzs/2qv/GmpVAHhL7FBcoSQDgLfJTmVWC0IHjDbgcS+jDTuMHHBVeVoU4AIAtBhHZNoPjlJlWYaFDQDQ0Tiyts12KK72OfODUX6viFK/MtJI26bzqr5sVfeHrv0qmlUbCaPnDgDarbR2sHxv1XL5ZFL51dJLpuVVzFACgM5gKYzMOsuxrInq5Vt7+UhWaBeW+pWRRto23ZzKvFzxIJY1AEAnqVMq7dAHgqIMADqRab+g9IDKKsvahrb3ZyPdyWkAAAAAOMZYeXCWI6SRrpsGAAAAgGOMEWe57zTSSNdLAwAAAMAxxgobRBT6lZFGuk66aRWTfznbJABA+9Qpl6oWLlifVhRfKMsAoDPUK5oObhlWabQBj3jc8XFHh3NLcwCAA1LcPalYeBU2UEJZBgBvm+oWWSvLMctoAx7xuMPjHpg1XXeoggGgrWoLoobFUnUGlGUA0AlsirMDL5oYkbVHGWmk66WbUi++QB0LAJ2jbonE1SSafCMAQDvUK5QOaDYlI7L2KCONdL203Xey/rey4n5JAAAdqclxAwwvAECnKzS76hdWXAuiCdbuPmyk35L0XmE8v4YZCStbWruvohma9iKs5dp9FQAHYpdlE4qyWpq6OZPNtvsqqmm5yExWafdVAByiQyyeBDJN4jg84rHBY6dRcl98lVkrNb4Zf/WOb9JDRETZ3BffyjTh/WiY5V/UI5lfPczJhZycr1u6ccHZL9HWbOLPGenj65I//9J25lczdOtH7p5I5ldP6dYH7iE198VXiueS90Zv/jdgvPguuTTo+zjEiCixln20oEbShs6Yv1ucnnCFPESa/uJZ9mlETxvk8Qgnxl3X+pn1wvW4/M0z/XyP1BXL/OqJefmmZ8xVfnHum9SLbu/PJngiM7Ei31/IRdJEEusflK5NOPyMiPSnd1PhXu/HEzyfv+r55B/Tzo+C8n/M6UbF74jrn/JdTqe+SDt/ds3hLP/elOA7vsvO3Bdfyf53/NcCRGQuPUw8Yu5PL4lOIiJjaSZ1n1x/O2ksPFO2Pf4bwdb/BQJA3mrs+39NK3rxqds19b92dwlERMZq7NEvla6/6x8bKpTB2fuRh39UC+0DiXkn/RM/8rgEfe2X66v+7osfOQUiIlKebMzMuS79g9e4H5l56br0c59rNfb9r9UTf9872J0/lfzyv28bPx6cCHFEenwm/mZGTkZN8gi+U56Tt70BD1E6+/r3iUhY04g5B6WBO13DQxWFmToXm7/Hn7/kKhRhSvb5v2zLl/ouXRPLP5r9hxr1Lli7t/74jffaP3jypzAWo9//nib+a+EXQqSv/TLyhvyX/s4j5Q9o2ef/Z4w+GTx7qlRNaZtfxqIe6dx4xdUCQAvk1zaYxR7lUkuRcBzHK493GM2QNe7EpPfTW95Pb3k/veEZ8xReiSzIMYFiL+WtYiNazxky8eeveT+95f142uGKyV/PazpRVjPlqPznOa1QYatmVjVzBuk5Q1YM2ch/iv5yJrNQ6FAz0wplsyYRpVdSn8/kYqIwdc59Y1z0K+rTFZ3IXJ1Nfxcx+8dd7067zvjMSFhNV1545HUu7RGGXESakVPUR/NqqTtfXpMfx01VMYkoHU5//jiX9jiuTbuuDbP0m8znD3NpIiIzlTO3FtLfRQp/K6pi5hTDecL90TXPj665xz1EPun9a54fXfNcH2RZxVQVozxioBmyZqTVfMKUC11y3OCwSGuZv4QNIkqHM/ci3MioyEtCyGMsvVF1Ajg+uAObFWzLUPQciUN/33vhF70XftF78ecBf7GJHLmbMTxm5G5aLWbOJXTT7zz9i96Lv+id+pGkP4nNz+pEpp42sw+iz+cK/1a1jKFldI0ol9D1tK7lPyWRW/h1PF7obDHVhKEqRGTEv9h48ntZ6/OMftI1dtXBIqnVNZ1IW/51dDnK+n8UnPjE2+XRI3O5yn4JLTKbYyGXv/g8O5PYFnjlQSJa7Oqv/6H1LthUE7quaKUOISOtq2k9VyyCjNXE8gYnbCTDq8VaSTdyaSOnWCopQeoeNLefZFUCgFbLr23gCrPYqdS7TDiO45XHOxDn9As9gfx/zJE/puRm12hk2j1C6g8Ra7jD+buEnoDQP+g808XJslGohyROfZP5JrJTYCSSdu+hvF1RY2qzLzW92/Xpdff5kGNs1PXuLf+nEzyRGUsbrNt5fdQxMug4P+39yTXJU3EybTVuOn1C6aAckZ8miYjI0H6Y11TL+anX9ckV15lhx5kJzyfnBH1TnosXXmaC+fpx+oV1doDA9/eKQ71iUCIm5dNCsfVBulH4L2fY/6SOftetELf2LDO3Jn/9TPeMuy8HiIjv8nFqXIvt+NcAAPvFufqkwJAUGJJ83Xyhk3wjtbomnvypz7OWCm9Y8vK8Z0jyDUldF7xd3aRGi21sN8V/v/V6Y4fCjBOU9PPfV7an09k3M7p0tefSZ4HhC57Ba8Gpfxw8N84TqekNcl3oGr3g7p30jX3Wd+UjZ0XvvaJsr5Ir5Cgc1LLhGSP4fnDYLYfntAYf2uwFV9E372VpMnh6kjbv7RAV8L5+3gzLybdiKijA20Ww9C5X9jHjOI5XHO9Axst7sZf5pEv69ANXD1FiRYm4HNcCAg2y3ywoiUFnsSvMeP08m+App2jLm9Q/JeTDDOZzvhtUvnicfnHLO2b7IYyNTTvlp9kvZ/nPpou1ZlaPZal3THQSUTz7q3tK2uCcw+6/nRZPDAuzc5nPH4pDQaG/WxzyVYZcmpHIkmekeB5BHO/VX8znJq859DfZJcFxtju3lD+/QsFx0Vl8n7NHDFI2ljQpQERccMwztpW+/zAbvOWihpLyb38nW55zfptMXP85z/nt1IMZjQVcPxkrzIDy+xit6AmNegSb9wBAS+i5V/9t+RUREXHjXdf/ziOSEb2fzo0Hu7sl4VR8/n725Geuwj/CTG71y/gmmVpU3ozy/Z84iHQiki4ER9Ox+f8ZC/xjULT9FN5x8qfi2r9tz82I01PFg9tKWmfdZyRGpD7ZuP/7nE7k/Wjg0iVH7yS/eW/rcdQZDEn+k5LPXznnJ6oqxPkChYPqXGqTd06dcrjTjqV7yfhUMCDU/1Cipi64SjS1ssgPvi8FyOX4H8mVqHu02z6jq0/gND2bIbIr6wBg7xiRScSV+5jJ0t+M4zhePt6BuBNT3s/u+D674/vsurOHiAzt6ZIRHHb4ifwhRzCde7pZzq1qZjqtLa0ZnjHvj0LlCrBnzHOjS7//MFt3mbLLceuKg61lvl4xbF4NOD99z/f+MJfLmUTkH/X+7JZ7zEOJDeWbbxK/KswsKl2EqRLxfHmXx9CEMxiTH63l7i+aoQkp2ORkXMbOXHSHtNzXj1W5YWaX490bhdlcH19yeOplY/z0uMCIGx2XSnWtKHKMzBxG+wEOEi8O/bzv4j/1XfynviufuEUiSqTDL7nuC5JArOuSk71MRhKl3Kam6MpqdmPRDP6sb3yoVJzwvZ90DwqZud+m6y0IZn2B85840l9sLawZ1tKM8URE4mT3lf+l/1SI1IRBxHd/0n/173xByYjPxh//97WH95SKIlI3NJ0rFma58IOc84LHRySe8QQy2eWXesMPrXvBtbMieSIyYw8y2SF3bzdRt2dgSIs8yNoVyERETGKMjByWRQO0nFBoI5Z6l5FG2j7dgTinRwj6ys/lNfm1Yhpzif9rrnBkezF3uTc/iM7OTLnHBHP1cfKPK8rqmDtU7j5nY5fckbuZr+fJMOw71fmA64MJ/fPZzJZhOolI4rskWoqocsjhJM7p4j0SR8UFBM6AOBkQJ4lykfSvHipLacf5UlO9NipwOa6eVH47kxF73T/r5VaX8get5ycikrfUbWJnApb4TRJvXXJ8fi9zj5lG3VCAiIgE1hUUCpGAoO3QrccLHE/MKVUcrFczA0DLcK4+h6/8L89M3k+nFCP1r6ul2Umr95XBjyQiIrd08pMuH2kr/7r++ttUdjxQHnIUpLGf+pP/GpsLk1mno12a7J4MR57+NsF08hFR0OHis4mXOWPIwQRe8jNHaZCTmCvkORHynCBK31t/dC+VuCp1W4pIRpSf7aktJiMbpG9s/OXL4mv3U9nJgFTvQ+teMCdKjNJaVqP82Ep2WydBFASidCY8Z5hK4vv/oxg/baQit12DdkW2QSbKLYADIVBp/nqpjxlppG3SHciUE9pWoSHOfAFzbkHje10fTQj5lrEazf55Tp5LOs6X38INjUv9a9nHC1Jogi8fFsTrV6TPv5F36Ln3j3pubSe/jJhOImLC5ClhaS77+/v65CDvMIzXazp5iEi7/1VmyyeO9QpOZkbCuirwPmsrXGRORumske8+ywuOu84nFc+kw1leey5MjQtLs9nfzxhT/UxPqnOvNb7XPVVR4RIfcH1wTv/N7N5n8Ka31XDh98f6e3lHTQZZMYkxl1T7VgBoHTO7qsQlIiImCR6P8mZOd13tPnOhUE4oT6LPZ5PRO5Il6hcG77iX/5/065fec+OWM3X7zv849/CXcv0hQtb1o+7hyMZyvvntcY9cSM3e33ysePpDIlPUzQiRn0hJz/6PpDHu6j3pcGja5pxGfqdkbaO7eYE3dMUkMiL3ZCPknfrIVbjcaPLZbzPhsH+83odaVV6wa9wp3U+//HUsN+mgRHZ1RufHA36i9GwqwTtO/SLgy1+Dprz5ZWL1QW7wBhGRuipHpXw1xftOObi0YRIvuXf91wAADVjWNrS/PxvpTk53GIE5BXN5LrWcf8r4q9ccEUWYviL1l7refe7pteTCpjHtYU6JCsv5XNLl0dwXUS1NvEvgHKwQEfE+5wdT+n/Ocw5GvKOYX2BOxjyFqpILXXKf/ya95eDyUcTHYvbRgnr/sWIwzuMRJ0MCT2xyQry/oD6aVVSD8/iEq1etwxpEjO/10Gra0IkngTkkLh+EXL6Wz8Q5BU6UOCLyhDwfs+yjhdy9NYMkvn/Y/cG5fC8g53VQulBDkifkeTeW/EbjSsMYTgfnYFwpKHFJnKixcvehwJwC84iFX+Da6/SXr/MXJlx/z3tG4pwC57FccCJukEfswj6GAAeFSbyD5NV/21zNP3e7zv2E0pJr4n2Xr/hv0XcnsL24HV01T/p53sPnD7OQf/SM/PpFzhh38B5OLK49EMeDZ29sPovwAhEr5mcS7/AYhZ4BwTH6s67svyZ4iYhY1yd9U8HY4kx6YcYkN3P2uU5MiiQJJ28or2cyCzMpU+Bcg56zP/ZXDGv6HS6BslGNQmosKgz+g7+rr9i/1Nc1+jLy5kWOTdb7UK7uBQ8Fpn5GL+9mFn6bNgXmHQ9MfeQSSIss6t47PcNDpdLJMXZHnnmSzd52OCRKPNh+9oCIiHjhxD8OdG1o5Hf5dh6FBYA94CZu/29csV/ZNE2kkbZN//wTP1nu+mySJZwwK+4JbVr+Z3laSP7yy3KH/i/+uqsNX/l2255P/naF//gDd/9b0BbX7v85tTro+5l1ZAbgrZVIyjxvcsQVhlALzVyu8t6p+VRFYWcp3fIFn/nfth+U3vC/n3j3MH+KTmFs/nr1eTpw4+fephY0Hx5t+V/WV4Z63qna+gngKEmkFIHlN7oslGBcvuziLP8rlmelZ/kCrPQk/6fA7+JfSr6vtdCvjDTS9dLNf6VgZ8GQo1/XVzvuzqp20lpEFSZDiBkAoAbrvuqWNuR4p+1zqijb20L/JcQMAAdAMIk44kwq9isX09ZHHMfxdn9RjxCX9P4dkZrYN7X9PNIHdyTPW3GpAHDY2FDXpX8y+E7bnFlyTfyTU8LWqwAHQcj3KJf7lYtpHMdx6/H9fc2ggsP1tnSDcYgZAKAuTvR34GAkQ8wAcFCYSUTEFR9NSxrHcbx8fH9fMwAAAAB4u7Fi77K1vxlppKvTB/LtAwAAAIC3BLPrb0Ya6er0gXz7AAAAAOAtURptqHg07Wa64/hxPr6/rxkAAAAAvN3yow1UNa+dK6RxHMcLx5v8PgEAAADAkcQ4Ks1Bqe5vxnEcLx0/kG8fAAAAALwlWFUfM1en7xnHj/nx/X3NDpwaX3nxOqa2+zIAAPYnu76wtJ402n0ZAAA2WKlHOd/HbFr6mHEcx6rjqRcAACAASURBVEtH2v1F3Vn29YMHM/cfzcXbfSEAAPux/vzbhz/cfbKmt/tCAABqsWLrsNCvjDTStul2f1F3pusGEekGaloAeLsZRES6geEGAOhAQnEuSqFHGWmk66U7kZoIP3/5amUjmiKi7Iuvf7cR7AudHj895BXzGTJLX/3nD+u1s5eYFHrng5shqdk8tfTUyrNnz8PRWEYlUfIFB8bOnz3dLR1IHgA46uTNhadz4fXthEpEkR9+8/nr3oGTZ86O9DnzrxsbM3/+6mWqNpwQA+MffnwuYD1VdOn58zdr0XRGUUl0dfX2jZw5e7q3WKqoifDCwuvwViyZVQxikrerb+DMubMhX/271zf5FnnjxZOXr9a3UwqJkjswEJq8MD7gpF3nAYBOJVC5RxmPeKz72Ink9e/+eH8pY6lGVSUeCccj4YWR65+8MyASUXIrarviwVBltfjGZvJU0RNzf/7Lk+3i21QlHll6GNnYvP3ezSGpxXkA4Igz4s/v/umJdXWWoaZiq6nY6tKbSx+8dyZAREo8ahMzEJGqqjnrqV58+6cftsqnUrPR1aXo6mr4ygcfjrkoufCnP85uWj9JSUXDqW9XNmIfvDfdbRc5NPmW5NJXf/5hXSl+rJLaXHq2ub515YObp320izwA0MGEfLvQ0q+MNNI26c6jhh8+WsoYRGL3+NSF0S6PSGomsbUSfrG0kclkVCKxnFkauf3elKU7jjHJ6ayqIJvJUxB/9uDJtkok9p69PD3iF5WNpw+ehFPZ8Pc/hD67Piy2Mg8AHHHx5988ialEzDswPX1mICCRqmRiW28WFsLb2ZhqEFkKouC5T25aywYmSlLpqbr+w90ftlQiMRg6Pxnqc/O5TGL99euF9WwxRyqjkugdGD1zcijgcvBqcv3l4ycbGSPx4kn4zAcjNv3+Tb0l++rhk3WFSPSPXbl4pltQowszD5eiysbMw6XBD0bczeYBgI4mdEJPNh47/7Hj6NGVdZWIxNDl9y4NFGpNtzfQO3z6kqET4ytyM15yuRtUSs3kydt69TpFROLQ9J0LAyIR+UZu3s4kf/cyrm68CCvDY1Lr8gDAEZdc30gREfnP375+ptDp7vIFugZGx6/qBs9Xdl7wktvtqtOlkHr1JJwhYsFzH300XjhToKtvaGS6lKX74qd/c44XyycIBIIs+ru/rKpGJp4hsgkbmnlL8vWLTYOI9V64fjXkIiJyX7ytpn/zcMvYXHiTHJn0NZcHADobK/Ul1+tjxnEc78jRBj0/Zs5EoaYGrYoZLO/RVbXRsunGeZIbGwoRsd7RwfJH+0IhLxEZ0fWY3sI8AHDUGYXJkKJYU5ZVxwzWN9VOocysh+NEJA5Pju3QAuerP0ZXdZ2ISPLWW2LQ8C3y5laKiCgYGnKVMjmHhruJiFLrm0qTeQCgw2FtAx6beuw4vL/XR+txUl4/uus+Nxnq63bvMKdHiT797vfxjbhiEDEp0Dd64cL0gGv3eYiI9FQqQ0Tk9rmtNbrb42OUMoxMKkMD7hblQe8bwJHn7faLlFJp68lffqDzo8O9fme9ng8iyoQf/Pn5+mZWJSLm6g2duXxpJCASEenx7SQRkb83qKw/f/Z0YSOa0UW3tzd09vK5AXfVOXVFVgxDz0QX5h9HDCIpNDncYLS1/lsy8SwRkeTyWSMPp8ctESn5V6Vm8uz2VwcAh0yo7V3GIx5tHzuM98yV8fDXL+NqdvXJg9UnRKIrEPB3Dw2fHh0OVEcQRjyyXkor8fXnX8cytz+oXHbcTB4iIiOX3xtRcFZ8ChNFnsggVTFalwcAjjx+6NzVoa1vVxV1e+nh10sPiUlef1d3T2h0NNTrqo4gMlvhTDFtZDeXfvhDUv2rD8YDPKmyYhARo/iTuw+XCosZ1Exi9fl3m7HLn7wXKkcF8tKffvvDZqmIYa7QO3fe2Xkbhp3eUhz64EVHxXtEB0/5RdvN5QGATieUUta5KEgjXZXuQHz3uU9+3Pfq2cLSejSaUUnNxjez8c31hSfzIzdvX8/XZzxjRMRcQ+cvTIW6vRJlIvPff78QVZXwzPMzQxe7m8xjwXhihc3V7emtywMAx4ArdPtHvvDL+YX19WhKMQwlFVtPxdaXXj7uPff+u+MBnohYfvKlGBy5ND02EHSLauL1D/cfhrPG9vNH4dCHo1LhxjXG1kJYGrh4++pYUFIT4SePHiyl1Mjs49WBm0OlLgrBKTIqdU0Y2fDD+27nzeneHcZsd3gLI/u5VNbirZk8ANDpymGDtUcZaaTrpTuLs+f0lZ7T+U0Go1vR1fCL11sZI7X0/aO+H98cdRL1nrtzu0/3DvYV9xf3DU3dPLf9Hz/EjEx0I0ndvubyWPB8vmbV5IreMUOVdSIiURJblwcAjgcxEDp3PXSOyJDj29HoRnhhKRxXlc1nd5/0/ORSF5E0euWmIyX1DvkLc3z4rtPXLkY3vl1SjOhqTB8dEMXCyIQ4cPHmmR6RiPiu0SvT0c2/LGTU9ZUYDfUVPs05fPOnwzeJiAw5vvFi5tHzzdjzbx/3fXZ1oN78qB3fIooCkUq6dStYIlJzlsKsmTwA0OFYVV8y0kjXS3c00dU9EDpz5fYn7/QxIlK31uP5Tiype2i4r/KeRO6u/M3gdKXQXm8mj4XX7yMiyiST1n6yVCxjEBFze90tzAMAxwtzBnqGx87d/Pj2GS8RUWZzK0lERLyvL1SKGfJ4f7ebSpOERJ8nP2fI3e0pt8F5bz5Pnb0emDMwMH1hyE1Eytab7SavsPotvoCbiEhJJWVLRjmVUoiI3D5Xk3kAoMOxDunDRrrz051GzWTlmmqQ8fkON76407mayVQ3/JPRhEJEJLmd1HQeC19Pn5uIjM3wWvlt8ZWVFBGx7qEuvoV5AODI05XaIoiIScUiIP+nLteUeGpsM0VEJLolkYgCg30iEVEmmiifTk9FM0RETmd+UbQhy9WfpauaSkRk1JkZ2fgtYndfgIgosRTOlvJkVldiRET+gV6pyTwA0OEE26NcnfYijh/b4x0ns/DV57NR0T/0/7N3Z89xHHme4H/uEZEXkEgAiYM4SPCAKIriTYklVala1aquMnVrpte6bXd6bJ7mYd52d8z239nHfRjbsR3b3qnestVMTamlUamkksQSxUsURYoiBBIEcSYykVccvg9xeVyZCSABJIHvp8qiPD0jD7AifxHuP3eP6ZmZyYF8Ok2k11fnv7nzVCcibXh6mIho9ebHHz6saYXxEyeOjheyKdLLyw9vf7NBRHxk0l4EpIN99MWbn38538jPXvnZ6UGFBk+cGPj+zoa+cPvTO8rFYwO8sfTNV48qRJQ+Mjtpn/y6tQ8AHGzW4o2PPpkzcyOTJ45Njg5mMxrp9c2lR/e+KRER9Y+P5oioPv/Zf/l6kbIj0zMnp4v5DDer64+/vTevE1F6YqZIRKSMvnyi/+n9ir5w9/P72oVjgxlr48c7Xz+uElF28tgAEa3e+PDDR7V0YfzoicnxfC6jUX396bd22OSD9nU9lec+/ez+qlK8+Mbl6VxnL8lPz449vP5cX73z5Vfa+dlRVV999NWddYtIGzsxk+94HwDobfHNhqQ+ZtSjvldouZxGq42NhYe3Fh4Gn+LZY1fP27dRzRT601RrlBbv31i8L++THr1w6YQ9CqiDfVYfP1pvWNS4/2j59OVxovypi+cWP7u5rC/f//L3/muyxy6f9W7f2q19AOBA47l8H6f16vL8neX50HPayJmfnBkgItKy+RxfrNSW5+4tzwVeXjh18eKIM8aycObyudXPbi43Fu98/rs7gX1eGeZElBnqTz+qNUqLD24sPgh+1PiFszMZIqLywuOFSoPo6YOnZ6Zns528hCg9c/ns/IdfLzY2Hv35k0feLunRC5en3ZRtJ/sAQE9TitM/2e/vAC+AV09Go/p2khDfzhle+dypHZwplP6pk5PDKWFYpq4bpiWIiKcHxqZOnH/t8stF56JbG5w6MV3ICFM3DMMwLcG1XH50+vTrr5+d7KOO99HU+vKz9YalFI6dPtJPRDw9PD1ZUBvVzXpDtwRP9xcnzr7+2qtj0tKC3doHALqk0TQ4J0bMiV9ODGMsEM/aRDb76ev1Z17NmwNHd/Kt0sVjx8dzTFiGruumJQQRabmh0Zmzl65dmOy3WwQ8N37q2HiOGbpp6LpuCeLp/uL4SxcuX5kd8vv/eHp4ZnpEa1arDd0wLablBoozF6689tKQHRMj4Y54Ojs0Nvny1asX3ds2pFPW6pOVTVNkx08cH9Y6eQkRkTZw7GhRa9Y26w3DFCydLU7NXv7J+Sl5zkIn+wBABxpNkzMnkNkRzI5sTkF6KD/pRj43yjEiIs63cDnHXnrj33f9j4GD51/9VYGkvIMg6f7Rwn4YeCTVBYq/+YM/G+5f/3qwS9+u8u0HH90pZWfffufCcAe7b/cjvklffO9n00gDALygNsp1RRGMmGjfbAgEOym62YFP/O9rX3kv+N+mftq1r7j41T/98ak5ts+hRl/46v3P1mbeeedCYf++BAAk26g0VC621WwQoWaDmng3+hhb2BWgVykKJyKF79okYn3+3v1y/8lXMHQIAHYVJ+9mMvtm49vbT2ns9Gm0GQAgKH5uA8ALJTtz+TKt56Z37SSnjZy4+rPc5DCa2QCwm8ZPX7s0YI4c2deF1LJHL7x2dHgc8w0AIATNBjgItMLk7K52jGWKkziFAsCuy46fOLHf30ErjI/v93cAgF6E3lMAAAAAAGiD99yinqjvzXoAAAAAOMR44lpzqEc9AAAAAACRNEip1/q2Ud+b9QAAB5xABAQAiOU2G3qtbxv1vVkPAAAAAIdScG4DyignlbdLuskIAEDP6Cw2eVEQoQwAelSH4akbF3XBuQ0oo5xUjiFaHILy7QkBAHpT23Mt62w3AIB95t0QupWdNh3cbAO22LbediZpX5xyAaB3JEYkESl0+EIAgP2QFJS6kVqIwb2+FGyxbbXdBhZ4JVL8ALDvooGobVgK74BYBgC9ICac7XpoQrYB2y5kG7Z8HgYA6CXuuEo3eDGGsUkA8EIKX5F1M45xYkRC6ldGGeXYcscCB6iILQIA7J+EuBQ6ucoPA+ELsQwAekNSaNq9Lg/uXBd6/coooxxbBgAAAIBDTMo2RPuYUY96rx4AAAAADjEevlKkuGtH1KMeAAAAAA6xhLkNPdXPjfpeqI8VmrMfHkwn/Go0PACgd4SikhvKGBEjxuTQJhcRygCg1wQCk5CqI32+3VhnKWFuQ0/1c6O+F+r9wzCixXHI/IOZtdkVAGBPMObdjzI0CZoSHjI/hLE9WOIQAKADgV6NVqFpqxdvySJzG7DFNqkVETjYEg+3cIoB8yIAoDcJp2uDeQ9Dz3oNBsYQygCgdznxqv2V1w5zppG5DdhiG7ttcZwCAAAAQE/rwjUbpx5Z3xPl3i/Hcp+S26/RYXYMo4IBoBcwFhzyG5NLjQtVwUiHcUoAsN9YwsSG+OuxLnXzcuqRu4mh3PvlzsTsizMsAPSaaFwKr/EQ2QOhDAB60B7GKjfbEO1jRj3qQ/WdiC6thDHBANCDhDQ32pOw/ANCGQD0rtbRrKvcbEO0jxn1qA/Vx7I75II7eHmyyM7J7wMAsPviwpIf8rzzLpMiYHR8JSIZAOy/hKuscP+GE+G6E7eC2QZssW2xtTHvf6OnUhZXFu5aJTjVAkAPsHMHzE2nBiczMAp22vnPCsYYIhkA9A4nInnRLPFKLFKz3TgWzDZgi22LbTwRTdwHj9nYxi8AwL6xA1KgDRBd+0Ge1uXuikgGAL3F6f1o2SIQXYteyDZg2/G2QzHNhMhBDQCwL2IDkXDzooE9WUK3CCIZAOy/2JvOeEmHXcL9oMgIZZSTyrHcO62y2H0Co4QxmxAA9h1jfhZBHm8pL8rqjkpyHwbudd96PWoAgD0VnAwd06XhjBlh8c9uHZeXdEUZ5aRyS3L7wj/zBpu8zqOhPPdeZlmt3xYAoGtMS3AW7OFwU6MtzqWRUOY8GFP7/HdGUwIA9pAbzWzOgI5QNAtewnUtRjnZBuG9K6NgDepRHzna2rZXA31zboExIir0+82GpoFzLQDsEcMw/cyoU2jZSxeMYMx7DRERjag5b7eGZezB9wcAsHnRLD7V0PFF2jY42QbmBVJBwRrUo76D40sapxRKODC3ghERYy8d1VKas8PGprn9IxcAoGOWJZpNk3N/NJIdmgKpBuacg1mgQeEmHKRYxoguZY+kmWLvsGrU9uNvAoDDyItmzj3v3egUk2pwmxZd/HQe199MCf3QqD+89UncU2skJ8FiH4q+LH/zfEZViIju/dCwkG8AgN1kWaLRMDarTVVlgZOsTFplVThBTwTrKfTCgpL5F4WXNeJEdL38xGoTKQEAdioSzdwwJQs99K/putN4YC/95N/LDRSUUY4t/8OvBsMtA+H9rwjsKgKV7s2mAxXCErWm0BScaQFgF9kLmjPGFO6sjMSICfu2biwQ7Lx64b7QfehHOi+WufXMEqJq6mlShOhmfx4AQEhsNKNQqkEe9OFdkgVHgkS7QhRlC+FLFVIYxRbbpG3LQ5kJe+1CIaI7ekOVhL2X/YaMcmm3c0/q2pPOz6EHLuE/SqrvUosaAPac/KuWEuuB33RsvT80Ui6GOtiEPwjTCUyBhZFCgS6SkXBCHBPMi3ucqF/R3O+OUAYArj2JZtHhSeHvIDcwukGVrwvdz/ZjIupR3/HR5v5EGHnNA7dM4aecRrCQWh3kbqLjouJzEqHfHhIXAC+8+O6wkMDZOFAnz6wK9K4FT8DCqwz2jLDIews/JDqdI96oAIQyAGhhb6KZ/L/RVEP4I7oA2QZsO802OCdF+QiPzmeItnndOyZFzqlugiLMvemScE7PTM7+x67s5H4OxjwBHATJp9mYOQl+G4DiAlA4m09EjDEhBDEp+eCSx1oy/0OkACiIMYQyAOjMbkczCgxPCojNQYQ/c8tZCNXrUXavESmyRT3q24htUciV/lAlEsRI2OdR4fXH2T8FQeSfWYWfvBPBT2r1KwSAgyzcWxHqWWPyqdQ5aQphX6Mz5l39B2OF1N8hNRUo8Fj4TyCUAUAXdCmaseS3CFR2KbAg24Btp9mG1ge9dx51ju64oUpCeGVG/smVpFVL3CFN0tAmEW5Ht2zF4HQL8EJr00sRyA0Eh/f4JRG87ndeI8i+0GdMGn7p5R+8BRzkb8JCQcyOhwhlANCBPYlm4aeCuYouzmqwqdLVYbSPGWWUnbJ3jCcl1qXDPTA3mhETTlec1KigYKPCP+M651UhnYGJ2v/4fEjuAxxkcb9wqU8ubtRv+FTqd4jIy5mL8Azp8DIP9kk61D+CUAYA29S1aGYPngy8MQvnMuI+ajstCmQbsO1o2+K4CyccvImDXgY/3C3nnoy9ysAUQqeZEXqh/3NoP2YKAA6mmFjkhiBpyrJ8WzZpH8a8+QzOs864IuYnHEgKSvJIAOE/hVAGADvXxWjmzZVykw/SPSrlN+8GNXqNSAnXjqg/zPXygR5OOMS2HERwZ38BEhZYrVVQ6M0jqfzwcoTygOD2qQ8AeMHFnPniBgS7Wf5AfAittRoe4yu80y1jwQ/y35Tc5IEIfDpCGQBs1S5GM6krhFj7NsO2By8h24BtR9utHVZuWp4ltRyE16AO9tJRoE8ueoO5yKk1/MUwHhjghRa3IFHgQeQ37gWomOmEwh01REIakiSNOyIvMRB3HhXBWOa/CqEMANrZy2jm75O0hlKXqHIfM8ooJ5d90RqKG0QnzY4OpO9FZLKgN48i5kcWnCXE3KR/UtccuuwADiQpEdByzK47xjdwqe/MIRQskvEXoZtU+msgSh/CSB46jFAGADuxW9EsqbHQvVSD3WzY/55sbHt/2/5Q8mYyBHrj/FMwhZL73tHvTJhmwV3tddDlMQPSSRpdcQCHlx2Xgpg0KFg4w4IFBaYJyiuQ+NflLPKs8yEUClYIZQDQbd2MZoEo4yY1A1Olu0F1R65ji23rbfCojlYGb9QQajk4XXosuKd76vUnAAlBwm6oCArcdr1lxh8ADoHA3INgcLCv2ZmbF/Bz/cJ7ZSDpb5+MnSkGLXtG5K4ThDIA6IrdiWZEwa4I5t5oJumjtwHZBmw72sYe9P45Lzwl2j12pTOqfOzKXXTkjA92VjMR5N0kyZ8jEfo5dHjQ45QM8ELY0mlMHtwT7Xxzr92Z2znn7S7FMScWOedmxljrUGHvgFAGAG3tbzQLtxkC+2z568VSvdlcdmBCGeWkcpTc0xaujM3jC+fodX4MzvKs7k1UQ+8VHjQspEcuEf/FAOAF0uayOJxkF4GTXygkkGDBaQhyml5491NwXiol+pO+AkMoA4BO9UQ0izYPoq2K7eLuuwtpRWrnY1GPerk+XtwPhBELnjQZuf1tzqgA9+hnjAWfZfZ/nZrgmzBnkUS3aY0TLcBhIAQJ4f32nRDhP+v8148eJNXYMca5LPfPv+G7KLSIJQhlANAtexLN4psHXQozarBf2WsnCdSjPlifIK6XTvj3PJIeeskLcvrk/JvBRbvomP9e/pvIT7hvkfjFAOBgcNcSccX3z3nRw+tT8yKKfLb1+ucCif4Osg0IZQCwU3sSzeLHlnch00DO3AZye5cFyignlGOPHvcoDv0I/POlEMFfhz9n0O+vI/8OrPHzJeTTb/h7tFwiQBDOxAAvgC2OBvbPu8GS/1ZeEoCY3/3hp/vdBKpT33pug0AoA4BO7X80c6qDV27R1sV2qe7HxvQ3ox71wfqAQKW0XJi8B/N+CEJa2Nw7pzr7CnuosHBXKvSnEjLyf0GxLRMAePF1+Itm8gW3fO5zb0zvBBZv7RFpSejAwF9n6KV72hVtTqXeDghlANDa/kYzrxURaCQERjDttOXApa/sbUWkBvWoD4j5YbBwm8H7X+Yd0qE0PXNe5fxG5GmFbhLO+y8552OBEy3A4SRHgFBwsNdDsnvjvEt2Qf5iqaG+f+auSyICvSTxH+p+NEIZAHTHbkQzudL7lGgbYYeRx882YIttu21LIpy3D7Z7idw2SPiIJ+YO0WPCP5OGP9fZt92tVQHgQPIjCYvmP6WuOPfKXsiDiOUEfTBv792KzX/We0kwWAWGESGUAcB27VY0895ZRJIS3aMG/xCBMsoJZV9MUzXu1OcdqzEnV+mU6SbZRPgzY965/bTBrv46AGCvJf3G/WAUCgOh37yb9vSGFXmnWz9RIKdGQ/lUESlEX4JQBgAd2MtoxtybS8eEjkjtToYqyc0GgTLKHZQ7wCi0SLn8HsK7i2rovg/yDoEhUv7bsuB3iTZgtvhFAaDXRSf2BX/nzIsc/tLP8unWHfvrnymlLg037x8/JdmZhOiMFgh/OkIZAGzJ7kUz5yYP8jvvjti5DaG/CfWo97VONTjPuifj0Hk0MPbXPY16vyJ7XJ+wdxb+o8AHCZIGAeLECnDwBX7ykaggPR9+MnBalYcIu8HELni9dHJU8UYaO/d0c3dGKAOAbdutaOa+2Et6hq/WYi7cthl2kuY2EOpRH6mPE9Nh5h+z/myHQItCxBzWwu3YI2LeaL/ooY9eOIBDTLDA79+5oGfkZwac/YJddF52362XFxgR3kIlzD4hC//thXAGH0v9gghlALBz3Y1mkZkMTjTz8xtdmuSAuQ0ob2FuQ0fNUxGYue+9xBkH7L7rpmFqxIPLoSfBKF8AaCsmlthLGSmccS+zLpyrefkk7T4VXHUk/JC8NoYcyiyjZlK6s5QBQhkAdGIL0cx9Qej+lTFrKEU+YzszHDC3AeWtluOrA8OTot1y9jOMCRKrhvHHlfKabk5kU389WeTxbw0A0AWWJQzDauqGqnDG7ChEUpKBnLu5sWBXiZeLEOGUghfKmLHGSp8qxpqWPqKO/9od9AsAsCtio5k3XTrQG8KClbZuJBwQ5qALpOFJzuNQasIZj0fCEOKj5Y013SSiVwt9OP4AYFdxzlIpJZNJmZZwWwtxvSJ+F4dUEESRne1QxoTB1v47M9aISMm/gpMpAOy22GgWjE/BQCYNFO/ad+jie8HB1n5gbmxSTPhtBiK6WapWDMt+ZjST2r1vCwDgURWmKNwwhJxAiN7rzZ0bHRqd5O7mpSaIqHyLWRXnVenRPf+DAOCQCkQzr+UQvSRjcUs9h6/jttyiQLMBuiUu1RA6IAU9rTe9RxmOww8A9oimKSI8BYGFF2yQBQYmBZsSgljzqf9QSe/ydwcA8MVFs6Srry5PqcJ1G+yUe4xGUg3SZAdvTfOSYXrPK5gfCAB7ReHM8k6rQuqKc8+voZNw+D4MwRwFMzbk996bPwEAQI5mdkTyhyqFGhJulOviOCU0G6AjnS4dGJzVIA9Psuutbg6xAwDYGn/xNve+C+4jEYxdwYciMGFaCEFk7fl3BwDwyfFKnuQQnz6VXhb7Jh1CswF2xJ8MHZdqiBy+yC8AwP4Ln1b9Wysx5q2cHqiPWekBAGBfuWEqmh0N7NLNidG8J5b0RLn3y61Juf5QqkGqj5udAwCwh0QwUgXWIRF2HkG4d3D2q91lpdF0AICe4SVPBYWiWaBnpKuXXjzQ/4syykllWfQIjEs1hIYndXLzEQCAXcWCLQdnPVYvWMl3fws0LYTcZkAkA4D9x5yeDvuRF83iEg5BO2hHuNkGbLFtvY0Tvl1DMNVAgRKjlm8FALAHAqkCL58gT3ho+xTyDQDQC+Kur8IJB/L36UrgcrMN2GLbettCcDUSvxqpBgDoKcLLHshn2WBnhzufIebsi1QDAPSUSMIhvIPT/9u1ng5kG7DdfrYhnqBIW8PL96OLDgD2VWwgYkTyskrOnoKiiz0gkgFAb5BikR+n4scpdU8k2yAS+ptRf8jrE8WeVv1SeMQwAMB+swNSoAEQjXXhCYYCkQwAek6kYzamycC6Fr0i2QZG4RrUo17mH5ciVCnXSGXmLEwSdyQDmZ+x7gAAIABJREFUAOw1e9ykEN75Vg5r3n+9KrfIhBCIZADQO5yIJPxuj5grMUHhmh2kI6Rsg9zfjDLKoXKSuAFziTkynG4BYF/FhSW5m0TmTYIIvwiRDAD2X8JVVnxaoUvTGzjF9jejjHKo3CEReoTJ0ADQk1hgKqFDRArOI4QyAOhVraNZV/Ee6s9GuZfLHYs5UJHXB4CeIuJCVcyU6A5eBQCwf2KvsHYvUPEe6s9GuZfLSdxGReLEhrhaAID9IUKtgbglHZKHXjrnY9zwHgD2mwi3D5KnN3RvPQcp24Atti228ZIPQ5xVAeAF0SJcIZIBwIukVczqQtOB7//1KLYvxDZ8WLZvSWDpVQDoaYzkNZPCwUqKZZjYAAA9zVuG1X8Ub4cjPzj1yBgYlHu/HG3Fhu4PHTtWWMhPoucOAPabN3fQv7eqH5/81VeF/5SQnsUIJQDoDVIwEgnTseRCePrWdj6SU4/MuEW598sdiB00jBnRANBbEqJSiz4QhDIA6EUifkLpLsUqd25Dj/Rno9yzZQAAAAA4xLh/azlGKKOcVAYAAACAw4wzqV8ZZZSTygAAAABwmHGR0MeMetRTqNyZwOBfFlsEANg/CXEpNHFBfhgIX4hlANAbkkLT7k3DcrINzJ9nTSyyRT3qW9ubW5oDAOwSd/UkN3g5CyghlgHAiyZ8RdbNOMbl7hR/+isj1KNert+O4FJfWIQEAPZdNBC1DUvhHRDLAKAXxISzXQ9N3L8gdO9mw6Qy6lHfSbbBk9S+wDkWAHpHYkRikUKHLwQA2A9JQWl7/b1tcZHQ34wyyuH8QxhrcVQG7pcEANCTOswbIL0AAL3OuexqddW289YEl/uYUUY5qbxtyOcDQC/aYmxCKAOAHrWH4Un1FthkjIRAGeX4cs8xq+8/Ls27P5P+dObK+OBpzbg9v/xZw6lMKepMcfCtvKYQkdn4emnjm5pREaw/nT43VDiX40T0fPn5b0um6b5roVD8++zm/7lEbx/NPpxb+84KfqiSfe/44IT7BX43V0mNjbzdx92nxfPlpfcbfX831Zd3avTbT1Zuq4W/H8+m4r52Np2+MjL4SoYTEZnNb5Y3blf1iqCUmpop5K8WUlmz+v5cpTAx9qZWfX+u0j8+8lbO/jjzm6dL3/eNvldQduWfFwD2mPHAfHadBt9T+vuJatbibyztHXV41HterP3GbJ5VxmdZeGciIqr+wVglPvUWr7mFcNw2xepvzfoRZeKaG9JL1sJvLN2Nf3yUFd5U8sNkPjCf3qLRv1My3muDe5LChv9B6U+5b+ztX7IW3reyv1IHh53vvP4bs3lJGXhmLpf4kV9x1fsuj8yFGzTyd7z6j2al5H/H3K/Ukf74N8ncMteXgn+RQkP/o9pvWuufW5vPyDJJGWUD15T8sPMPsvzA3TNLmbNK8TwzrhtLS3z0VzytEBE1bhlLc3z8Pa5t4/8wgMNIda4L3X5llFGOLfccy6gKmi4Wr2SILOOb5dIni5sT06myQdm+wq8GVRLW+sbGJ0ulsezIK7zxh/nVe0I7M1SY4NZCefOzheXy5OibWaoZpqlm/nLMudBPpVLmZrlmUpWlr0wMn7IENTc/WDEmRgqvaKRwbcz7AsKqWubj5fIrucKYfQ7WNz/dMJuq2XR3aVbKXxs81Sx/08heTMd87YerpU+eV8aODRRF89MnK3dM5WQ+fzHFmo3G/fXK0/zwKcuoWmbKFKQYVcucX1wfOzp8WiUiq2mIqmERodkA0F3273mPo54pSjcES1Hpluh7k7EsS2WpfMsqvMPtn7g1Z1VKlB9lMTvbO9TIIhJSIdRsMB6ZmybxB2blvJrPEhFRU5gm9b2j5AskmqLyqbX2uZV9l4uaEDUW6DRpCtOk3NtuK0WhVMp/0vL2bwqzRhsfmKm/VXIpIiKzRlaNUkeYuGuVV/mQ2xIo3xJimKdIlCukneVDJ5wvqw4Trca/Sd9biloR1BTrHwl2lhemGCmUIWv5t1ZNYf1XWVqh2l1r7beG+Ft1oEBWjWiUjVzjnMiaM1eum2ujanGWK3et5ets4hqjZ+byDUq9xdBmAOgY97IN5MYZlFGOlntTStPGMqmxXO5aQTObzVVBRKQo6lgmNZbNnC5k+oW5blCtUv7OUF49UnxrMHdqoP+tyaFXVfPeWs25vleUYiY1lk2NZVOD/kU4y2fS07nMdFpRiPWnM9O5zERGCV+kG9UvNuweOOvxSmUp8I9l3C81+guD13LW7fW6KT3hfe1zeZUMoyaoVi7f05VXj4y+M9J/eqDv3Ojw388Mn+KhD6MUNT55trHSy/+XAMA2mHNWVWHFtxg9sqpNImIDZxk9scpOT7zYvCtoiucLsTt3QpRvUeq8UhiljbuBEKIUWKrA0sMslSVKhRsbMnWYZUZZZpRlhlkkOvlYU6x8ZOlSDT/G+/qpcteymyLimVVZpf7z3H4TVnDfdpSpSuKbKAWWm+K5I4wT8WGem2K5I8x4YNWaNPiuMvwy75vlI+/ybIpKtyznL0w5b5u7xNMKmRViBT7yJll3zdVH1uofhDjGiyda/MUAEOJnG7DFtsW2l5mW/sOmQUqunxERNRuVL5ZVEtZ6rVZSs2+lxXrJMJXM8Yx7dmDa0Qy7U2uuU5aIqLH5n77ftJ84eWT8rc4/mCkv9SuP1zbm80PTzcrnNfXVvLhXd79VrXK7kbpyJDWTzny6sPnQyJx2E/Qr5Y0vasywjIVNI5vrH2NipaabSuZ4lhFZ958+/6QmiGlvHB15JfRxY/21pdLvllJ/P4YkA8DBIcq3hDKrZEapr98sfSv6zjPlBM9dNyt3ReFNxlatjWeUe8/OPMTs3PYDrDmrUmPFYyyTYmufWtXzTkc+EW38o7Fhl1I0+B5XiKyEN/H3HOUTSQN7FCq8w2sfWEvX2cRVr5blz1LlurV5leezonpXWEd43sk8UPNTc+5T+7Vs+B+U/sQ3iaEvERVYxh2pRSmeG7Vqq8Jpb5TE+nWTERnPRF2hoSNERNqsMjxnrnxkUT8beZMjlAJshbrv16PYvhDb3vT9s2ff2yWmnBnvL5JBRKZFVdNYrzWWKP2X04MTTMwTUYvRPFr2V2O5fiIinkszKm/hC+QGBi42lz9frZWbVSU//IpacpsN1g/r9WZ24LhClMmdUle+Xm+eHnEnOFhW1bSebzZrmYG/Hc+mSJj+N+SnjoyO6bXPnlQrZvhLq0ru7XH9Py+sf5QZHNzSvxQA9CzxzKqUaOAEI6K+Wdq4ZVXPKjmFDZyl6i2rdlWhu8Ic5QOjLXZu8wmVW4IdUzIp4lM8S2bpgciddQK7PUiJTLH5ubX+Byv7XmIiIfe2Yqc7WKrlwJ5+PvK2WPjAXBn151doszx7wyrfFf0vi40nlHvHn+egnVeGTxCFxj7FvUlH5MyuKcwaE6uiXqGBd9W807pgfVdZaU4ol/y2EwB0Ru2RMTAo9365B00Xi69niBjPpdSse2rJZvvfHk2RXvnPP5ZvV/RTg1oxqyqV5uO6GLMTDqL5Q10o6dQgUY2IOB/OpNxJzNRpyt+hnRvOfrOw/omSefdIStlwq/XK11XRpNL/8dCd7VeuPB4eniEiorHC4Nt9rFZe/b+eb35Tz72ZZcWMqlSaD+tiLMMUrgymIqOhXEp24J2i/pvltQVh50oA4MUmNm8Jy6T1/2SsuzXlRyI3y1KzPH3LKt0w2SPKvGX37ifu3OoDlqzyEllL5rw3RfiuVX/ZmfGsFFiqQERMnRXlT0XTpKRraXWYpQsd/UnKlDJy1nj+B4ua7ruleH7Wev7AWq8JvZ8NT/k7swKlh2O+f8ybRGijRE9EvUIpu0nQtKpLxI5xzQ7lw7z4FudNa/kfrcpda+AtZ1gUpRgjwZBoANgylXqgJxvb3t/2ppSmFTMJ307ru9a/+du18uOB4Zn+/Etrq18/WzGGcmPMWihX7pnKq4PZrnQ0KbmBtwbMh5mBae4lKsTCWm1VSf/Fkf6iXWHV//Bs80bZmMn5L8zm+19ZW7m9Wj031ZfP97+0vnZnYbk50DedomajviIoIZ/ABgvDb9eWfrdpodkA8OJbtTaeUPqaMnjEqWhcN9dvWY1ZJZ3lAyespbuC+tnYsTY7B96zJmpzlh0alVFm3BJmgY287Q7IqVjLH4iNObLH9pgl0SQiU2w+ENTvzi4wRWPOHazUz+zAZayKut2volCq5fQGIspcVYZWzbUnUs1ZnvrWKj+g9Fs8Le0pVkXdXSJJHWZqyzcJSc3y7F1r/X3TPM9SiqjdFTWTBs8HV/9L8cFL1tNPrY3zfLCzZg8AJFD3vQ8b5Rei3HO4muNKVgm1GVheZVnNmWc3MZyfqZZ/qImZvvRbU0P55fI3q6U7gvWnUm9MDJ7LMiLKKkpWqPIpTFF4VqGc98acZznPR7ulGM8xnlWIiE+PFqeJiEjlPKXwFOnf12mmOHg6451XtbcG6r/dbNb61RxX8s7XTl0sZh4+bzy3+vI843zDjdJ3FqUUpdjfdzJNZLl/JlfdjyMiPjM2dPHp6nO19XkbAHqe/kyYR/joWX/YT/oar75v1UqULlD2PE89stglnlHa7JzKEidiRDxL9ESsfODEbfU8Ty1R7i0l584loGFl6GVjZc4Sl5iiiM0PTGdu1zAbfEtJE5lZRqYof2A5HSFH+OSbTFFE9SOzatcEF2DlWcayxIkoxZQUKU49y7/NG7+1rJQbTft5YdZaesYG/FnITOmn2l3r+V3nce5X6kh/yzdJkZIl5vWZZPnIe7T+ubV5XZRNUkbZ0HvOSCru/oMQkTqr5L81a0/EYIERESmkZElBxwvAlrFT1/7Xfe/Jxrb3t//w60GSGhBCblaIwD2hhfQf6aFT/A8La97B9+9OTezDIQ8Ah9VGua4oghGz45dzTWnfmcbvggguwBqObnbgE+nl/+i9QD32b/fyrwAA2Kg0VG7fkdeJYMyOXUz6jxvPvEd2APMe2P+rKlvoguS905+Nco+XAQAAAODQ4vLcBpRRblEGAAAAgEOLe7lYbLFtvQUAAACAQ4t714T2ypQoo5xQBgAAAIDDy1towL5CRBnlpDIAAAAAHF482K8sEvqbUY96AAAAADi8vLkNdr8yS+hvRj3qAQAAAODw4rvaP436A1QPAAAAAIcX39X+adQfoHoAAAAAOLz8bAO22LbcAgAAAMDh5WcbsMW25RYAAAAADi9kG7BFtgEAAAAA2rCzDULqV0YZ5djy4WWWF79f2ND3+2sAAAAA7CPVvS7EFtvW255UX/n+3sNHi+vlqm4R13L9w+PTp8+cGM3IO+mlx9/dfvhstVzTScvlhydPn35lekDzd2gs3b9759HSetVUckPTZ85emBlQ/FcvffXxl3N6UfmbN2Y0AgDYbfry3U8+e1zuP/0XvzhVcOqspZsff/KwYkV21gqn/uKdM4VIPQBA18lzG/a9PxvlXi73nvLcf/9vn914tFSq6hYRkaVXNxYf3f34v332oOydW/WlG3/85z8/WizVdIvI0qulxQdffPLPN1e87EHp/uef3Hm6qquDQ/28vvLoz599Pt9wn7RK9+/ONUgbPzaJNgMA7IHq/OefPVrVLX1tad3PcjZKqzFtBiLSdb25l18PAA4xZBuw7XDba/Snd+4t60S8/9ili+cmBzRqlJ7e/+rGfElfuX3z2czPJjUic/ne9UcViyg3cebyK5N5qjz95tbNhVrl4de3J39xeYQTrXz3YMOi7Imf/uLyMK/Pf/67L5YW7s9Xp0/liKj6+KsHFeKDr1xAqwEA9kDlwfVbiy3GRA6d+eU1ORxxLZ1GdAKAvcGTrxFRj/qebTMQUW21rBNRevrcazODGY0rWnZ45uKFmTQRWZWVMhGRvvhgoUpEuWNXXz81XsjmCqOzr188kSOi2vyDJZ2I6huVBpE2NDnMiSgzcqRAROWNMhFRY/7md6sW9c+en83t958LAAefVbr/1e3l2KSCS0nnclnpv2lNabU7AEAXIduAbYfbXqNlYnrY3NOtltOIiDYWV3UiSo9PjnpnVqU4PZ5+9Kihrz5fp/HRhHc3iczl+7cXdEpPXzw90JVv/EOl/vVaed0wdasnB33BAfVvJkf2+yvE4JxpqqIoPRhb9o25eu9P32xYWvHEePXRfK3lvpauk6bxPftuAAB2s2Hfr0exfSG2vSY7eaL4zdpKY/7uV+MXX5kYyFCjtHDv5uMGER85MZknIn2z3CAiyhf65VfmC1miBjU2qzpRZqCQptXG2uKqNT7M9eVnJSLKD+TNjQc356qkjb96ZkRf+v6bp8tVnefGZk5Pj2a2c6p+VK79/vl61/56gBecZYlG00inVLQcHPrSV188qljpiasXT5Y+f5S0W3X+q4/vLy7XdCLi2ZHp2YsXjhUwSgkA9gSyDdh2uO05uZmrbzSuf35n5dEXH0unWG349OVrJ7JkTxUkIiJFC5xUNU3jRJb9tFacnR14fGfjwccfrg5rm6sbOmnjp6eVua++KREvnDo3OP/xB/dWnaHGi3NzTy+9/cbJ/Ja/7dfrlR3+vQAHj26YiqLu97foBY2nN76eq1Lu2MXXprPVUvKO1ZX5qlu2astzt/65rP/lz08VMFQJAHaf3W8q9yijjHJSucfUV+efbjTCtXp58emyc1rlnZxJ86ev/ezV8YLWWF+uWLniiStvXBtfv/3NikXZmQuT67fvr+q8cOqNv/kX77xxop/0lTt3nm7jHg4lw9z6iwAOOAsD9oiIqP746+vzDcodu3phNCFzwO1wpg0du/rzt//mb//6f/jrn12azhKRtXb/6/lIIAQA2AV2N8++92Rj2/vbXlP59o9/flSyeGH68qXTk4WsRnq1tPjtjVuPSvNfftZfeOdU3h35q+s6Udp7pV63F2zV3CREevT0a7887T1vrd78cr5B6elXzw1tfLVsERVPnC5mNJo8fWz40d3V5aVVmhzf8z8YAA6m6tznt5Z03j/7+qtJjQai9Myla6lKemRiwLktjTJ48sr51aXP5xrW6sK6OTOOfAMA7DZvbkOP9Gej3LPlHlOef1yyiLIzly7ODNtVWm54+vKltcWP5qql+aflUy/n+/M5Wq7S5mqFTvjNhnKpRkSU7svHnqHLj24+qhEvvvLquKbP1S0ins7YJ+p0WuNEZkM3ibZ4ii6oynLT2MEfDHAAcd6DXRJ7TH96896yTkSVBx/9fw8CT61c/39/+1Vu8to7lyc1UvKj06HhkcrAcI7mGmTpurXlmAQAsGWchNeXLPcrM9SjPlDfa3Sr5SKFZkMnooHxYY2IGovzS94QIXPl8WKDiLTRsbj7qjYe33y4alFh9uzJHJGmKpyIdMt+uW6YFhHxbcyJvjjY38FeAIeLpuJat3UoI6ve0E0iIrNeq4eGOurryxUiIi2HWzcAwF5QiSX0MaMe9RQq95J8saA9quq1xze+HrYHKSl6dXXx2xvzVSLSBkbyRMTHT03n5h9VG/PXP+u/fG4yT5Wnt7+eaxBRdubUaPSCRV+8d/u5TrnpC2cGiIiUgZE8LZY2nj7Xpye0ur3OUqE4uPVLnRP57F8xhgVYAWxYgNWVnn7jr8brDV1qPZTvf/rJoxrR4IV3rkz3ZzMKUX3+s//y9SJlR6ZnTk4X8xluVtcff3tvXiei9MRMcT//AgA4NNy5DUIQixvRjnrUk5dz6CXa+MXzo6t/XmqU5q9/NH898Fx6/Pyr9m1UleGXrp5a+eThRvX5vU8+uOfuwAunLr4yHM0ZbHx7c75B2sSrZ9wmRf/M6fH7XyzOf/5RuZCulzZ0Sk/MTm7v5m/H+zPH+zPbeikAHGBcy2TldIHu3MJN0XLZjF3UsvkcX6zUlufuLc8FXls4dfHiCG7gAAB7QRmeukYtBqGgHvVERHTuVLbjF7dyq1L3yleGt76OqUQbnDo2nhHNZlM3DdMSxLV03+DY1Nmrl85PeFfnSt/40am8WdtsNHTDYlpuoDjz6pXXXh6KyemXHt34ds0YOvPGhRFvJoQ6cORIrl5ar2yUG6xveObcpSvH+nCKBngRNZoG58SIOfHLiWGMBeJZm8hmP61W73g1vHCpu99T4+UnC2U2fPzMiSEnFvHc+Klj4zlm6Kah67oliKf7i+MvXbh8ZXYIS9gCHDaNpsmZE8jsCGZHNqcgPZSfdCOfG+UYbXWOGTv1+v/i9yvLfcwooyyV//WvB0maGi3kwUvCfhh4JNUFiv9hYc07+P7dqYkd/3C6Sy8vr1v9owWkBAAOoo1yXVEEIybaNxsCwU6KbnbgE+nl/+i9QD32b/fyrwAA2Kg0VC621WwQoWaDPYmzQ97cBiJ/XDvKKEfKh4KWHxnd7+8AAAAA0Is4CXtuA7bYttwCAAAAwCHGnR5lbLFtvQUAAACAQ4xLg1AYyignlgEAAADgEOPkL7ApUEY5sQwAAAAAhxgnaUUcEkRM6mNGPeq9egAAAAA4xFRn+El8HzPqUe/WAwAcCoh3AADxpLkN+96fjfpergcAAACAQyxpbkMv9XOjvhfqt0u6yQgAQM/oLDZ5qQeEMgDoUR2Gp25kUqNzG1BGOa4cQ7Q4BOXbEwIA9Ka251rW2W4AAPvMuexqHax22nSQsg3YYtti25mkHXHKBYDekRiRRKTQ4QsBAPZDUlDapUlaXEhXhyijnFTeDhZ4GVL8ALDvooGobVgK74BYBgC9ICac7Xpo4kwai4Iyyknl1rZ8HgYA6CXuuEo3eDGGsUkA8EIKX5F1M45xQVK/slRGPeopVO5M4AAVsUUAgP2TEJdCJ1f5YSB8IZYBQG9ICk271+XBvSVzQn3MqEd9IOcAAAAAAIeYm22I9jejHvVSPQAAAAAcZm62we1XFqFeZ9SjHtkGAAAAgEOPh/qVWUJ/M+oPeX280Jz98GA64VcjXwEAvSMUldxQxogYMSaHNrmIUAYAvSYQmIRUHbl468Y6S/7cBrm/GWWUQ2XpMIw5ZBMx/2BmbXYFANgTjHn3owyEpPApNlj0XrH7SxwCAHQg0KvRKjRt9eItGbcvCP1+ZZRRjiuHtOhzC6cYMMAJAHqTcLo2mPcw9KzXYPACIgBAD3LiVfsrrx3mTLm9KL/fr4wyynHlVscpAAAAAPS0Llyzcfu6ML6PGfWob9vF5j4tt1+jw+wYRgUDQC9gLDjkNxLhWGzuPhjpME4JAPYbS5jYEH891qVuXj/b4GylPmbUo96r39px3L4KAGBfReNSeI2HmNGZAAA9Zw9jlZ9tsPuVUUY5ttyp0GnXnj6IoUwA0GuENDfawyIF5xFCGQD0qtbRrKu4Py5FEMootyjHYzErJHl5ssjOHRySAAC7Ji4sMfcZ4Z13mZ9zjRlfiUgGAPsv4SorfMnmRLjuxC1O0ogUlFFuUXYw73+jp9KE6Q0MUxsAoGfYuQP7rpaRyQz2fRvkx+4jwRhDJAOA3uFEJC+aJV6JRWq2G8e491HeiBSUUY6Wk4no08FjNrbxCwCwb+yAFGgDsEiYkrtM3F0RyQCgtzi9Hy1bBKJr0Yvvex82yi9EeQtimgmRgxoAYF/EBiLh5kUDe7KEbhFEMgDYf7E3nUkcJd4l3PuMpD5m1KM+qYnq3mnV3iY8S5hNCAC9gTE/iyCPt5QXZXVHJbkPA/e6bxEPAQD2mgjEqJguDaf3l8U/u3Xcf093KyI1qEd9S36HnHTshpq8zqNiSvVeZuL0CwB7xbQEl5sLUmq0RYiLhDLngVCL8nt3+8sCACRyo5nNGdARM7LSf75r11sx2QZssY3d+tq2VwN9c26BMSIa1hRvr6ZltXsjAIDuMAzTz4w6hZa9dMEIxrzXEBGR0Ib8/azm7n99AACHF83iUw0dX6RtA499E5RRTirHk8YphRIO3tg7RkSMnc3nUm4beV032r4xAMDOWZZoNk3O/dFIdmgKpBqYcw5mweWUnISDFMsYkZU7K1jK3kHopf34mwDgMPKimXPPezc6xaQa3KZFFz/dbzbIPcooo5xUDvG63sI7sdiHIq8qvxwpqIyI6NZaBekGANhVliUaDWOz2lRVFjjJyqRVVoUT8USwnsIvVPPW0DuCqURkle4QIZgBwO6KRDM3TMlCDwX5/R7doAbGbkY+GvWodytZoGXQ8sXOzu5rvNfahWJK/VeTxZpppYhVKo24dwEA6AJ7QXPGmKba4yQFY24os4OVNKJSkLB77IIPhb/2qneaZkyQEFrRHP2fhFk3KW1V9H38MwHgwIuJZtLwJHmlh0CqIfaNAo+21pxQW/Qlox71nXDPrIyEiB5+3lAlITUlOFGfwt2P87v23I+OPvC+nP8oqb5LLWoA2HPyrzohsc7iHgRv0CZNfJbmBDIhiPmJUSdceXGGCSccCRZ8KH07N8K5UUsIYqRkFRJKKG4FIlVMLEsMswhlAAdDQjQLRrC4eil4yXEseH0vpDGTLHFdB0GhBsbOqbG1PdXPjfpeqO+A+9JgwoHkpoT3lHPu9VMQ3p4i5owaf4YN/fa22toBgJ7TyYw+uYEQ01HB5BOqV+U9lJKfbqUIPSW8N/dCUyiUyQlVokD8cu71YHejBL+kkKJUYsBCKAM4GDqanxxoWwTq5HmicqyL6xaJ2dP/1C5HlPhmQ6/1c6O+F+rbj1OKXa7VvWNSpHkQOLMGPs0+ywvhfmrgMiHm9kvu53T71wEA+yH5NBszJ8EJT05XRPC8KXXCSU8wxpy8AYt8nPeC4OxCkkMZY9GeEeG0VwSRE7KE9wEIZQCH1g6iWcyLI90ioeFJAbE5iJ2NUEpsNgBsSWyLQq70hyqRIEZCOCl+b+Jh6IxLRMJP3ongJ7X6FQLAQRburQj1rAUaDLFthnAK1I1L0s0rvZgk34LVD2VS8iGSKUUoA4AObSOauSMtmRugQk2D2FkNW1iYtQNoNsAOSAd9OKEfe1oVXtkfPexm+YPnc+m87nfauRVtvhLhxLU0AAAgAElEQVQAvLjadLTLvWPB625pNGR8g0HOiIrAU3YCwa9zvwiLG3UZHLaEUAYACXYvmgmye2BZdPn7YK6ii7MabGg2wBaEswrxOwXmRjNiQriTC+VRTPKZmOQhwuR110kf1XHOHsl9gIOs5S/cHU8ZqLE75/yuusClvzPPQTAhBLFQfGNCiEDQkxZTikyPbvdNOvn+29oRAF5McT9yKcMQN4ch3DBwgpvwb+HgPpU0WVX+qO20KNBsgJ2JJhzcUb7+YKRwt5zbrvAXNpRnQzvNjNALPQIzBgEOq7g50G4I8tcMkZ5yX+UlQcMzFuQJD85UaTcoBUYCCP8lgZ6OQPeH/7/26xDKACBBi2gmvOuowE0mpX2YPczRr3TCFwsMtgwuMdedr41mA2xNTMIhtuUgKHy6lWuY33KQ381tWsgHeHDKBAUGBLdPfQDAgRPMCISf8ScquLlNL5Pg3Bc60l0nzx2Uo0rgKbng78mElHcIvoP0zUJZjC78GwDAiyfmOj5ueoO/uoPLCV9M7h8Jz1iQ4lv7NsO2By+h2QC7wO+HS2g5CK9BHUw4uIOX3LcRobeNtBLCxz3OxwAvtNY9AX7SwNN68p/bLRd7lg23B2KxyKeGO0HcxEIwggl5WkNkxVUpeZH4sQDwQotbKTLwIPIz98JUoNXg33DS6ZEQjMW1GfyZ07sYQdBsgC1rnXAI1bFQw0BQTELfe8/ojyx4gcDcpP9W15AFgINJBG6Z5KcEhNs1J5w1nf0zqfQSIQTzpyI4uYlw2X4371MCUUjaTTDhDpEKtwpiVppu/2cBwIEkDaRsOQPBDTuBjgsnk+omH+QMRVJjoXupBjQboHu8mQyB3rjgzMDoyCUid8J0cPCAMyw4MEpZ7r1DVxzAoRU/JtjmNgAYifC9USPdciS1OEJ3U/LKgXvDObMjpErpXYQ3rkBEBloG73gtqMXaqwBweAgWzkRKbQnhDLC0Ox7kSc/hcZhOpf+0Nz6DsS4HGzQbYDtiEg7BGzWEWg7O8F8W3NNtRfgTgIRwe+xE6PTdavASABwmItgeENHufXfIkDzLWTrFisBKI9KSSsEp0dIHeGMEpGXiIpMZ3I+O1AYjGcIXwGEnR7DQpY7dmeokS+VpDMJ7ZWAIkxAi1KQIfEokB7HDJVnRbIBtCq9LGK2UZzwHbyAdWJbEmerAvG48PzURWdjQHfTX0UGP0zPAC2FLpzF5urE0Cth/r8S3DXT/k7/SSKTNEApl7jgBQaFVpKVJDu4bBxoVob9KioxbO28jlAG8KLYRzcK9Hm4rwe3CYG6qwdtd6jfx7wPnNyjC30S6+tr5bRzU4GgolFFOKseInZDgn27jFlMKzHZwxhC7N1ENvZefmnCfjJ6Itz5iGAB6TZvL4nCSXV7pKHIWlNoT4caAvGCSu1vongzRJGp4H+kbs8Cj2C+Y+DcilAEcSNuIZkl3cbabB948LOdKyp+XFeiBCOVUYwIj60KbwW42yO+CMspJ5QRxPxAm33sh+NA+noUQTP41iODZXaqR3yTwsTjLAhwSItQXF3wykiigUDIiOCpJGjjEwuErNqgkL+cmKHBry9h3SL6GiDRFAODAE6H5BnG9HhS5d5tdw/z3YM70LQq1Jeya+PkMXVpeyRuk1Av92Sj3fjkibhkA6fZt0kO/i064i5S4VwP+s3Ia3/1w/6Vyy9p5i8QvBgAHSei3Hjkvxkwk8KOGu6SS9Nro6MekhdzC+VQ/8vgLKEUmMITeQ34OUQvgsAoHn/hsQ6A3hJF8fcSYM2rSuTJznw3d+q3VuhE74zUbeqE/G+XeLweEbsgQqLSPXRH8dfiTDaNzGyhwk4eYzjgW81VaLhGAAcEAB1fg1x3ORjqV0lnY3a/Fa1kwaCTV++/jjjQO9XKE7iwR/1oAOIi2OLeByXEj3DtKjPwVoZ0ll7xlHrzR3X67ggJDmqLryMU3J7YIcxtQ3maeITwPQUQq/dseEQVvpBqcFCG8xdXt9rM/K5pR7Ike7QGAQ6j1CU/ONsTsF/fS6Bt6PRehp2KWV4pLRoTaD15vSPJ3RigDOFA6/FEzuSc02M3g3QlXyCspSQvcB6YxuPeN9q+U/M4St5HA5LffacsBcxtQ3kGeQRbNLbj/y8hd6Tw04sg+8oU3OdGdIe29XbhhglMswOEVXhTV43e7RZ6RTqEBUv9c+8+KPNf5S9yFYFuNWgKAw0YehhQOD+5tZ0g48xgSMwl28yLmdpb+p0TnOeyw5eBlG7DFtvW2/Y8gNAQpJlvBIk/bvxmvaSH8FIS0lfZtd5doADiQgue50DzlUBKAJexHCcOU4l/behJC/GIQMa+Nmfsl74neEIDDxv/9s8gtsOTEgr/6szQlwu3yiCy3Gm45hNZW6hYv24Attq23vpjzXNyJzztWY9oJ0tW/m2SLmSYReef2cwnRkQdwQCX/+qMhKn6vduGBBV8bt95D6DMTL/pDHxXeSyTtCAAHRlL88Acxhrs8KPRQHjMppBDl5BBEYJ/EXt5I7U4SDsFsg3sXa6ndgnrUb72tyih0vwUKDFtybwgduu9DYAgT899IetvQaT16zkbHHcAB0/701vpnz7y9EvcL3IQ15u07iCs7Cz3IOQAcBtFpysGfPvOug/wVouXGg3NFxkLjlLyWAJPfeXeo0pUiBa8RUY/6mDZD61SDf6M3+zgWgSaBvxyi8Fdo9eYg+q0F4Scmoh+E8yvAobKNn3zMPRxa7t3+I7byFRCjACBWYK02wVo8787ydHeWGwnyhAe7deG1HIJZiNgbRXuftL2Eg5ttkPuVUUY5ppz4I4gc726DQASWH5FaFELaxW9XMLedzVjgPtOd3IEVAA6v5Hs4tHrRlvbe2r6RgIl7NQBAkGCBsCA3ABhJz7ltgOA+wqt3F2UKJB/c5kWrlsP2uHMb5H5llFGOKVPHyfrAbVODywX4DQbTEpYlGGOmhQkLAHCwIYgBQOdiros4ZyQszpnC3UyESLhRAwtfiSV8xnYSDup+92Gj/IKU2x3YoeFJgUSB94ydRmCk61Y6rXIWv8A6AAAAAAQJS1C9rqdS3B2a4eQe/MyDXcWClc6ru3DNxfe7DxvlF6TckjQ8yXkcSk0I5xgWRGQYIpvROONoMwAAAAB0hnHGslnNMMhNFwQSE3Jfrb1/12dbcRJuv7Iz/hJllOPK0SMvehzGJsVEqM1gpVOhmwwCAAAAQHuMWCqlmIYItByil2QsblZV+Dpuyy0KN9uALbatt50cydJBGWnyukeooOg9CwEAAACgE5yRJSLX/PFXX12+4pKzDdhim7xN5h6jkVSDNNnBuz0D2gwAAAAAO8C8tVYDQ5VCDQk34dDFcUqcnBtvuf3KKKMcV+50FdTgrAZ5eJJd38G6SQAAAACQyJTSDaFJDvHDPch/Ovhoa1dl3Lku9PqVUUY5tpx4+LmToeNSDZHDF6kGAAAAgJ1z79UgX/1HEw5dnRgtzW0QkS3qUe+3HFoSMXdn81sb3pNt3wcAAAAA2hJCHpuUmHDo6qUXF1K/spCuFFGPerk+eKRGjqO4VENoeBKJ9jcfAQAAAID2mN1yCAxVoviEQ9AO2hHcGbjOGAnhl0mgHvVyfezRE75dQzDVEDw6Ge3sSAUAAAAAR9z1VTjhQP4+XRmnxIUgr1/ZLxNDPerl+pYHbvzkG6QaAAAAAHZLJOEQ3qHb45ScbAO22LbebuGYckcoSfxlwrp14AIAAAAcWtJVlX/NFT9OqXu8bAO22LbaJh9CkTWUgiOURFwzAgAAAAB2KtIxG9NkYF27DuN2fsPpV0YZ5YSyf8iEVlaVKkWoveAdrUIg1QAAAADQRc61lTSYPOZKTFC4ZgfpCC6ImNevjDLKCeXkYzahWRt7UKLhAAAAALBzCVdZ8VdscVdr28AZSf3KKKOcUO70gIrefRCToQEAAAB2iXOhFr4C2w1c2KNI7H5llFFOKHd+SMUcqBihBAAAANBtsVdYu3fJZc9tIK932ekalsqoR32r3JbboEic2BBXCwAAAADbJsLtg+TpDd1bmYZ7/cosob8Z9ahPPtpazHnozgEKAAAAAB1pdfXVhaaDGupXRhnl2HLksEw8MJl3dxESzvKs3W9CiM2lxp0n+lLJqhukZHg+rx6fSZ8q8O2928ZS8xmpp0YVpevftOss69mT+v0FY3VT6Balc8rYaPrsSW1gC3+6ef/LzVsN7edvZse29w9mqzc+/FN9czT3q7NaSn73ter7N4zMbN8vjypUqv3XG816PvOLK+mB5Hdqlps/bLCpCa1vJ98HAADgcHKXYWXtFlv19tkeLtzrPKePGWWU48re4RY8+oJre8VM6g8t9tWVBoT15G7l/ZuNxytW1WKZDKOmtbrU/POX1fvV7b2fcfdu/evb9WdWN77drjL0m1+WP76vL5YFz/BCjllV88fH1d99Wn3S7PxdrPVNYdWtqrGzL7NprhtUrVp6sFqvWlVLrJcsIjINUTdIN0TLf1rx9Lva1/dq90o7+z4AAACHiNSpK+K7eAOF0A7buiJT7Rfa/cooo9yi3NEhHGjjMnfoXTenNWw+qX22YFmcz5zJXppQU0REYn2p+cMKjWW2+Z6mRWSR2bXvuEvEk3u1b8vEc9obl7NTGUZE1NRv3qx9W9K/uN0sXklt9x9gtyjF3HtvW6bKU632Eva/vGkFDx8AAABoTZBgXgKBSdW7ckJVvYs7bLFtse0Z5sM5wyIqnMxdm/CGFLHB0fSlUSKi+mL1v941xs7l3xhlRETVxu+/qOsTfe+eVonE5lL9xiN9aVPoxPIF9eSJzNjK5u8fWxYRkfGnfy79iWj0TP4XU7xZbt562HiyZjWI5fLqqZn0mVGFiKipf/an6kox+3reuPGDXjZYXzH9xllt8/varQVj02L5YvraufSgPdjGMB4+aHy3ZGw2Scupx2Yz50cVhai5Uv3dTaN4NndkpX5z0bRGc//ynFqPfLfTQ8EhO/XmvSVBxF86l5vy2gcp7cI5a+nT+upa4345dSGf+ObXH+hLdaFk1OMn1WDfv9hcatx43FwqC5PzwWLq0pl0USVqNj/5U608mrvSp9/4Xi+pqXd+li1u9f+uZvOzP9XWi7l3z2oKkVlt3rjfeLJmNSxK59SpY+nzueb7f9YbRETi8Y2Nx0Tp8dy757RU07j/oP79klk2KJ1RjhxLXziqZcgZYXXXSr1xiu7fby7W+cWfZJV7mzca2s9/4o65soybX1a/T2XevdRz7SgAAIAXl+rnLrDFtuW2JzSN1SoR8WOj8dMQ6iWzYYmNkkX2DjWzbJBesZpEqVL9w5vNekY9dVLN6eazVeO7J+bUTPpVS//hR6NMfPyoOshZcYhRuf7xl41VixVGtWOqeLak37pprJzr/9k4p4ax3qTqQu3jNWWqqKVW9KWl+oefNkhVJkc1bUVfXap//qP66xmFLOPmnze/LbPRqcxLeSovNr67udm8lL9WZHrFqlqienfzR2KFgloc5Urcdzs+FOikN8vmukWUUY/lg39zRj3aR6tla3XDojyPvjmt1T68qVeJeIbnyHx425CbDfXF6u9vG3pOe2lW7WsYD5/UP7xBv3otPVAz15tUXah+bFEmr04Oq32x/+Kbzc/+bMj/Z5gN6e3tN6mYddL6LP369dpjgx89mhnWrPUV48kPzaNXUq/O0I+L+lKdCqOpIxnKFJWUZdy4vvldldIF7WQ/lVf0x/erS2V7EoW1uil0o/HZTaKUMj6qFVOszIVVbd5bTI9NcCJqrjS/LwsaZZgoAQAA0EUJ2QbmzohFPeqp1U2i95olmkREPNNy1EusesWsEg0fy1w6qhDRabf+TB9beWKULX58NnuME5F4cru5alFhtu/XM4ozx/fP+tMHjfXx7KD9Gq5eer3vVIrMxc3/57ahW8pPXu87plJzcfOfbhulFbM5o1iLje/KlDua+/lpVSGiCd78pPrjY/1S0f3qqvbTn+SmUkRE9Sfx301m2jME0lwLP8NTKSKipiG17/w3F3M39CpRbsK+7BabT6q/u2e4ExKMew+MBldfv5o7niKi1FS68k/3G9+V0ledf3B+6kr/paHkI8CwVtfaTwoxiWjTWG0SL6avzKZSRDTjPDU2y2lDX6qzwanMhSIjovqT2sMq8aHMr6+kM0TUbH7yae3pQuOHk9ppN32QP9n/ixlnCvvgUe3mir70RN+cSPeR9eOPuk78pRl168cIAAAAJErINohIDeoPfX2HAvMYGHmPpOIOcLsD3qo37YN3CzJD2jA3V+9vvr+oDA8oY0VtsqjEXVmaK2VBxI8MO33oSkErqnq1bq40yWk2ZLh98a9keIaomlWKKhFRKsU0ooYlLBLra6ZFVP1x8//+UXpv1awS2df9WlGbcj++k++mqIwTWY3wFGQiq2k4n+5VSW9urm4SEZ86aq93xPomUkceGD/a86Hr5kqdiIwvPi59Ib1jvS7IvkDPqMdbtBmIqJD5m9fSciKi/qTyT/fi5on0aZO55rcrtfc/1YsFPjqkTo3HLp0k1kumRTQ8qjlthJQ2Vag9XTGXysJtNihHx/1lr5Ri6nhO/7bUfFhOX1CaD9eIF1IvFXqnsQsAANB9LOGBs5TlLsDcBmw72ra2N7c0JyJK8eEcLVWtuSXzzMwWl0vNpX/xJv9xXn9WsVYXG49/bKTHc78+p0WHv1sdLKkUuNzlif9Co6f7rhT9Z5UU7yPajL5DB99NySuDpK/WjbmyGMxLn1g3fiwTET8irT8bvRrniv9c+NmM9tPLaX/oE2d9GUalhJ23jasXftI/ttB8smatr+lfLzRvfa/9/M1c0iKwSssPDj6rnppWvrtv/vhEP8L1ErHJo1r8kCoAAICDLXjdtsMVV0P4vo+Yx/ZF2W5ZMEnRpfWU1FPHFE5U+r76+aLpLjoqNlYaN+83VizS0oyI6k3LJCISK0um3DevZLTjs7k3LvW/+7PcyQw1lvQVi4iTxonIqtadvUbzjMh6tup0mZtr+opBlFGKWxj1wgYLCifaKIlMThmw/5vhWnIDI/67yTLamXFGZH13u/ak7v5TNvWbtxurFmnF9PFc/BsP9xGRtbTi/zlL3tKrGWUwQ9S0ysQH3O/Zp+5aPz1Xjkxlr57r++XP8j8dZZbT4GEaJyJRdf4oNljgnGhl0ai7f+OTkvf/S7y+ifQRlaoLtT8+sSilvjSKeQ0AAHCgRa+rtjQ4ZFv8cR7yGBKUUQ6VOyS/StbFA7lvKvfG2uZni9bj25XHd1kuRWZTNCwi4qnp9JlBJUdmdaH2oaX3Nc1n0rD7lfvlDxfZkVFltI9bm8aTOvGCMsiJSD0yxB4vWXeuV54XmJJLvXEiNbzSWH2w+fuyWuTi2aJRJTY5mx7cyvfMTKRPzRnfLVbfr2tTA4ya1tKKsZnP/ssrMY2P5O8m41Nnsi9Vq9+V9T9+oqdzPEOiWhU6Ec9pb5xNWjWITc1ouRV99f7m70tqkYtnS4Z0fwv11ZPqk7vGrS8qz0fVAS42K8azEh1/beDqVv7YthQic6X629tmX1GdKnBumT+uCVLV0SwRsWJR4Svm0v3ND5c45+qFc+njc9Xv12q//9I40k/lFX3JoNxE+niLdZFU9cw4f/rE0okKx9I7uo0dAADACyJpSMgu9f8pQ5PXdued4UA5P5uN1LXKeiVlFizBUtoO78XMBsZS03lqNkVDF/Um8TQfHNJeOZs9nWeUUYuatVoy18uWkVYvvJIylw1RTL9S5Ok+bm6aK6vm/HNjqSb6iunXX80MK0TECkPc3DTLVatUE7yQOjmROjrM9Ya5smY+37BYvzp7JndlTOFExGj5md4opM+MKQoRcbH0zDALqTOj9rNiccEQw6mXRxTO+JEJtc8QayVjcc0sNSgzpF08nR7WmGIaj5+LwlRmZsD5F0z+bkFcOTKhFVVRq4tKVdRN0rLK5GT2jfOZotsDEH1znlWn8mKjbK2umxsWn34pc1Q3lkidndH6GKl5bbpA9U1radVY2rCaijJ1InN+TFG5WHpmNL2/NIpbzxYMGk6dGQmMGGLCnH9m9U2mTxa48+8zmD4zqigZnm6Yy2vGwpLxdE2wfu3sq9mTfYyIUgWl0LRWqmZp0zLS6onJ1IlxRdOt0rqxWLJ0VZk6nv3pS1qaiIiqy/oSU1+a0fqCgzpzaevHJ2aTqxfOpgdfgNt9AwAAbJNumJzZjQPGmHRBxqT/uK0H55F7/2h5ZyLiyeMgotiJ1/7nrv8xcPD8m3eHScoauLNtBMlpMumRVBcoGhbry2KFG+i+zR8r7983tYnce2d32jAFAADoZZu1psqF02zwWwYtmw3OYxFqNqitpxIGIZcPAAeA8d2caRE/fhRtBgAAgF2BZgMAvPgs0bQoN545ne9gZwAAANi6LS59DwDQg7h27eeF/f4SAAAABxmyDQAAAAAA0AaaDQAAAAAA0AaaDQAAAAAA0AaaDQAAAAAA0AaaDQAAAAAA0AaaDQAAAAAA0AaaDQAAAAAA0AaaDQAAAAAA0AaaDQAAAAAA0AaaDQAAAAAA0AaaDQAAAAAA0AaaDQAAAAAA0AaaDQAAAAAA0AaaDQAAAAAA0AaaDQAAAAAA0AaaDQAAAAAA0AaaDQAAAAAA0Ia6318ADp3NWnO/vwIAAAAAbA2aDbDXBvrT+/0VAAAAAF5UG5XGvnwuBikBAAAAAEAbaDYAAAAAAEAbaDYAAAAAAEAbnIT0CGWUk8oAAAAAcIhxYtIjlFFOKgMAAADAIeYOUuqF/myUe78MAAAAAIeS22zohf5slHu/DAAAAACHEuY2oIw8AwAAAAC0gbkNKCPPAAAAAABtuNkGaSsiNahHPQAAAAAcZm62QdqySA3qUQ8AAAAAhxkXdmey06/8/7N3r91pa+ue4B9NhBAIWQaMuRg7mDiOE+eysrLXrt11Ro/qt1X1EaqrXnfVR+wxukfXOKfOOHuvS1Zix1dCMMbGGGNZFgJJiEm/ANv47lxth/9v7TH3w8NFEzwjNC8SiBFfHAMAAADAMGOCIFD3eFwZMeKLYwAAAAAYZqzb7ZLQH1fudmkgRh75kzwAAAAADLP+bMNRSQMx8sif5AEAAABgmA3MNqBEeXkJAAAAAMOMCYLQHRhjRoz4whgAAAAAhhnrdrvCwLgyYsQXxgAAAAAwzE5mG1CivKIEAAAAgGF2MtuAEuUVJQAAAAAMMyaQ0O12++PKRzENxMgjj3MbAAAAAIYc61LvGLErCHQc00CMPPI4twEAAABgyB3NNpyUdC6DPPKYbgAAAAAYakezDSclncsgjzymGwAAAACGGqOBceWBuIs88qfzAAAAADC8RDpZy44S5aXlbTfUQbxZ3y6W9w3L9bggySF1LPFgKqowIn6w8ltZevIsp952HQFgGLhWZWOrolstt0OiGFS1RCYzofm/6Tab5fcLRuL1/Jj4TTcDAHCOSANjzChRXl7eFc2d9bf5lpKemM0qsthxLaO6tfGn0X79MiFzz/PazLvtKgLAMPCM/Lt8VYhMTc+Mhnzk2Ye12vb799aTF7MR9u0223E7ntfxiNBtAIDvTCTqCnS0lr2LGPHF8W031GPWTtmU0k+e5ZTe17KiqJHxlOsK0m3XDACGirdfrbrqzF9yif7eJ6Rq0dSUw8Vv2GcAALhFIhF16WREGTHiy+K7wfM88oWk01/LPmmg08DbB8X35arheMyvjGXmZqJy/6nm1ofytt60OZMVLZmdnNT8RM7W21UjPf807us9yt5ZfVOWnv48rfW30Sy+ybu5F7Pad3uPAHAPeF6Hi7J8esSCSYHjvZOrV/LFmtFqcxZQx9IzuWiIERFv1qrlnbpuOa7HZHV0avZBIsiIqFleXjDjc5HDDyW9Fci8fpmQydGLmx93zZbLxWBIS03NpBUiImpbOx9XygeWzcWglp6dnlR9RGTvrL0pUvbVbCrw/T8PAPjx+UbTvwgk9OYciAgx4gvj54+C5xrP50xB8K4QkL5kal1irfp2tSHIwaDs952pAm/ubuq64YQmp2dz6WTYq5W2dH88EfYRNTffrm52RmeezMxMxsLd/WJ+1x0diwR8XXOndOBPJhQfEZFdWS/vt1wvnIiHBCIiY3t9W0hMx8IYQASAAaLE9a3qvu0PhWX53AyDp3/8c/UwnH00Pzc1Na50dj8WDoOpmCxQa698wKPJ3HQmm4lIh9v5XTaeDItE9l5la29fd8OZ7FR2Qgv6uvr68mKdJR/mZnPJeFho1C0pNiIcVCv1Q1OIzcw+eJCJSI2dQqU9mh6Viahtma4YjWtB7K8AfmiO22FC70BMODpcE+g4GLg5eCedHNod3yLGPuFwzjea/mXgpkAX/yAw8sOef/EodNG9n+yLuw1CMDaqdq1KeavwcXunZhxYTocFlKAo9LoN5QM2NTefCoo+nz8UZoc7u+3wxJjc1TeXK2zqxUwi6GM+MTgSCRxWNgw5PR4KSU510/An4qqPyNrJb7PxOK+bUioeZMSNzY1qIDWTwLcwAJwmhseiklPfLX3c3Nja29NNq02BUFBiRORU1jassUfPJoKMSPBJI2q3+vHAn44qgl8di0TCsiT6mM8fllqVraYyEVMEcvXqTlN99FMuEZb8PoHc+nr+IPTwyexYQPSJUjAci4/IvYe1tLmXk6OSzydKquzuVhr+8XFNJBbUxsfRZwD48d1Wt0E8el5/FTtixBfGX7m9f5FAJJOLZIh7jmVaDX2/srpYjjx8+XhUIiLmCynH0/OCKDLucSKyrRYPaKMnE/c+NSLRdqNFUVWNxwPL1T0nlQ5Y1QMvkplKN/SFvboXTTCzqncjD0dx6iEAnCcqY7n5sRxxt2WZZkOvlv8sV6eeP54Mtgyrazv5X/eOH8s9FiZOxLitV0vbB6bd5l0i3nZ5mHMiRkTEAop6vLtpWS0uZ0Z857fLAspJ30Dy+9adjQMAACAASURBVKjb8YiwMAkAvrHe/qlL/WNExIiviO8WJgbUSECNRBOxj78ubFWnRif9RP0v33O8c2+BH0eh8YS8VT2wk+HKvhd5OCIq8nhgubbfjvvrOo1+04uiAMD9x6SgGguqsfEx5e27Yvlw4hER+WKPXsxFzj3WKr9fPlBmZp6PhSRGZG78umB/+ga/UsUBAD5Fb9/TW4siIEZ8ZXwXdOxW5zOeJqsh5liH7snrGIZNwXDvjI1QfExp7e3s7uoUSWiMSI4nZLO6X90xWHRMwzc0AJzDXdvml9zHgmqQW7p1/h7PatksnBjvX9jBaznuZS+iKApr6kb7K9YZAOBL9A6IuihR3qC8A5y9lTd//vp+Y6tmGFbTsix9t7S0us8jifj5c7YHsEgyFWwUl0v1Vttzbb2cLxqB1NTR6qNANKHam/k6HXUS5LExxdzM132xhIpeAwCcw82Nld9/e79SrNUNy7KaprG/tb5WtAKJ5AijQCob5TsfV3bMptvxnKa+/fHd+4pFJCpKkB9ubTc9zj2rlt+8oGvRJ0YnkwGjUCjWm7bbbuq1/GrFvKyPQUREnl5afF/S8ds1APBtDK7ZPh5XPi6RR/6OzTYEEi9eBbbKu9WNjyXX87ggyiFt/OHLqVGZiJgoin7xpFEzyecTmY8REQtl52f9H8uFt+9sjyRFSz/JTZ70CPzxdKRsOcmU0k9I0VRsq2UnkvjBaQC4ANMezT/bqWxVq/kdx/W6TBRlRcs+z6RURkRiZPr5k3Kh+PFt3uWiKCtacmpMISIl8/RRZ21j9e8FLqrRbC5pr7d612HySX5R8rPBTeQeP5U2Nz6ubtmcyaFIZirIyJV8oug72c8Jfkn0+UUiIs+xTZPcDn4KDgC+CSH7+n/cdh3gHvgv/zFGA7MO3cE+Rpe6R8HxrYHcqdDjwkgYJ+4BAAAAfKbDhiOyLn3OlZS6Z66kJPo+YVHF8bkNx4RzJfLI35nZBgAAAAC4DYPnNtBAfH5FO/LIAwAAAMCQGpyYOD/GjBjx+RgAAAAAhs5gt+H8GDNixOdjAAAAABg6uLYkAAAAAABcA90GAAAAAAC4xmXXdhYuWZeC/NDm7xbLchynLTDBdT/nR6Ph7pD8vm63Gwj4FQVX5oX7xLbbzZbLebfTufI32ACOiCITBCEUlGTZf9t1Afgcl3UbLlvLjjzyt2+vbiqhgDoS9Iu+264LfAVtr+O1O3t1cyyGX9eD+8G22y27rYZlvx97IfgE7XanYdlEhJ4D3EdYpAT3zN6eOaIGg0EJfYYfhl/0BYPSiBrcqzduuy4AN9JsuWElgD4DfCq/3xdW5GbLve2KAHwOdBvgPrGaTjgsS9Jls2Rwj0mSqIQky3JuuyIA1+O8iz4DfB6/39ft3q05fIAbQrcB7hPHbosiGu0PSxR9juvddi0ArofzGeBLeB7aD9xLOAKD+0QQBBFrk35cfr/vzp19DwAAAEToNsA947Zx3aQfHP7EAAAAdxO6DQAAAAAAcA10GwAAAAAA4BroNgAAAAAAwDVwIUv4wXgHm2vv8+7E337KBo+T3Krk36/tHticKaMTc3NPxqRbrSQADLvDtX/8Yz/9T3/LBG/w4It5u3/8z7z/1d+eRzECCADfA7oN8APxDgp/LBVdkVzGB65ux/fzvy01ki//8ioqutX8H2/fFf76lxx+j/jbW15ZJ6Inc49uuyIAd054YmZ+LPT5fQYiEkdzz2fZCPoMAPCdYHcDPxIWnHj2T3/Lnv4a9aofd9nk7OMx2c9EJTU7P+4Wiwe4aPa3tryyvry8try81us8AMAgpkRTUfnLXkMaHR8bwegfAHwv2N/AD0QcSU0Qcft0trF/yEanw0c32ejYiPfx0KHRLxrngyv1+gz9eHkNcw4wVNqVxX/dGZ0J7BWqDYdCqfm5Saf4vnBgeRQcn/n5+XiQyNl697/20v/HyzFGdnWtUKgcWB4nMZx68nR+XCJqrP7rGn8w1trYPmh5/mj2+VyoupTfOXTbbCT38mluVCQ6XP6XfODVzznltt8wAAwHdBvgR8ddxxOVwEmCBUSxbTtE6DZ8I4N9hn4GPQcYJtzzWrvbB69/+t+fSk5l8Z/f/raffPrX//A04Oz+8a/5/N7Y8zHGPc/zvA4R4x4PjD3529xogLX31/7tbX5v7OkY8zznsLI1/r/97W8KNVb/7Y9//NvIzF/+8h9UOlz7499WdlJ/ywTJ89outW/73QLA0EC3AX54WIn3vT2Ze4QeAgw5pqZzYxIRBaLREbLHcmMBIgqMxhWv3PKIBq7KwMKpB/3pUP9oVOXFQ4fGgkQkjuXSCiOicHxU3GxnsiojopHxkcBWo4WBDwD47tBtgB8dEwOi5zpER/P43HE9/6j/lqsFAD80Uex/v/oYEfP3bzDmI+KnT63i9l6xWNxrtjkReZbHRvr3i36xP+rBiDF2dIPYuZcAAPge0G2AH144OsLzew2K9sbz+P5eQ1SnMFD37ZxfpERET57MYgoC4Dxna+WP7fBf//bzqEjEd3/7f0q3XSMAgIth/Qb88MTE9DjfXFvdtzn3rN388q40kR1F0/92nsw9evJk9lQGfQaAqzEi8g7y5X3MIwDAXYXZBviB7K/8v7/uuEREtPcv/98aSZO//Pv5KLHozF+e5t8t/PZ/21xURieeP3uMH234xnqdhP6Z0OgzwJBhoij6Rd/JDWnwRm/pERNFURR9RP6J2ecHK2//57+SX1LTyZSy52dEJIoBkfrPIr8oBo4WPZFfkvy9L29R9EsBLLgEgO9FyL7+H2dzXSLhosciP8T5//IfY/24n+s9unt0o3t8b3fgv4Gb/dDjwkg4cNFmbqS6e5gYH/nsp8N39hk/94Y/MdwLaKjwJdB+4AsdNhyRdUkgIkEgIoGE3jGcMPAf0WCO+re7xzd6/y/6PmH5xUWzDRceOyKPPMAnwiQDAADAD4N1uyc3ECO+LAYAAACAYcaEgbFkxIgviwEAAABgmPVnG1CivLoEAAAAgGHWn21AifLq8o7wS74bPAruMcmPPzEAAMBdhNkGlPdqtqFLnte57UrAt9Jud+5UcwMAAIBjTBCo2z0ZV0aM+ML4jpADYhvdhh9X2+sEAvgxGbgHRBG/GAmfD+0H7inWOy48HldGjPjC+I4IhQKW5bqud9sVga/PcbxWy1VCn/+zHgDfjSAI7TaGMOBztNsd4U4NyAHcGLs749mI73J8d4zFwoem3Wq5+M7+YbTbnWbLbVh2LBq+7boA3EgoKFmWg70QfKp2u9Ow7FBIuu2KAHwO8XhEGSXKK8o7ZSwWtizHbNgCkYuv7XtOknzdLgUCIvoMcI/Isp+IzIbNebfT4bddHbgfRJEJghAKSXLAf9t1Afgc4mXHiMgjfzf7DD2KElAUrGYBgFsjy/5e5wEAYEiw88eIZ9a1I488AAAAAAw5dv4YESVK9BwAAAAAYNDFsw0oUZ4pAQAAAGCYsTtyfU/Edz8GAAAAgKHFbv3KnojvSwwAAAAAQ4sNjisPlsgjf6a8zzrmbk13Lr+/Vf3z394s1XAtVwAAAICLsW63ezyuPFgij/yZ8j5rVoqlTePyXoE/nBiPx8O+71opAAAAgPtDJBIuGW9GHvlT8w8/MlFJ5ZTbrgQAAADA3SUOjDELx8eIAyXyyN+12YaOuV36sH1guZxJoVjmQS4ZEonILP2+2pl6FKoXKvWWR2IwNjU9mwzZ5fdvii1ORGtv/nmNSB7/6S+p5vv31ch0wtou1ZqUnPsl6638tinPP8sqRES8tV8sVGqG7ZFP1sZyM5lI75flnINCvlwzbI9EWRlJZh9MaJigAAAAgKEgHo0rnx1jRh75O3luA7eKK4t7wdyTZwnF71l7a8trK775Z3E/eZ5r64Ui5WbnZwLU2i0sFj5uafOTmfl/Shtrv+XtqRfPxn2MMSLnwPWMYsGLpXPzD1Q1RHzP89quS6QQufsrCxvueO7lE00mRy8WVhZLz15NqczeXPqgh6ef/3VUJtfcq1b0JtdUdtufCAAAAMB3wIj6h4SCQIgRXx7fDd7Bx5127GE2ofiJSFTGZjJBY+fA7d/tj+em44pfFP1qMhlhtm52iIgY65WMnRzkMzXz7HEipoWk0wf+VnlbD6TnsprMiFggkpuKd/crJhE5lsOU6GhIZEyUteSDuSz6DAAAADAsRKL+IWFvjBkx4kviu8EyLc8z1xd/PT5g5x0WHPWIJCJisnJ8hgITRZFsjxNduI5IkIIh6YJ8+9CyuVVZ+K16vAHPoxjnROHEmH9pfWlxfzSiqaOjqiKh1wAAAADDQiQ6PulVIDpdIo/8SXlnsJHcX2YTlxyxf8KB/KUPFeTko18uOkM6MvP0l5SpG4ZRK5fz7WB29lk6hK4DAAAADANGJNDJuPLpEnnkT8q7QVEUauoG/9TnMSLu3eRZ/rDid42GfcnLSIqWSE/Nzs+/mgma5Zr5qfUAAAAAuJ+Oz20YLAfXtSOP/F06t0GMPkiK9fX8pt50vY7bMiv5tT8L5nUdgpCmMqtSrlmO63aufrA6kdba20vre6bT8VzHrFdW3uYrDpGzl18tVQzb40SebegOBeTAV31zAAAAAHeWeHoVypl17cgjf5y/I5iae/xM3vz4YbVkd5gkB7XRyUmFEZEoiqIgnjzSF/D5XH9vDZEvnps210r5twucqdmXOUlifmngnAfmF0W/1DvXITD29DkrFipLvxdd8slBJZKaiAeISI0phxv5laLjeSSGtOjcXEL+7u8fAAAA4FYID37+7wNHiihRXlz+n/8pRifTD9Q9uat3o3t8b3fgv4Gb/dDjwkgYY/QAAAAAn+mw4YisS8LRihCBhN5QrzDw39Hw7/Gt3pHb8Y3e/4u+Tzst9Hhc+cwYM/LIn5pzAAAAAIChNXhugzAQE/LIn84AAAAAwPBi58aVESO+MAYAAACA4cXOjSsjRnxhDAAAAADDa3C2ASXKK0oAAAAAGF7sDhyPorwXJQAAAAAMr8tmGwh55NFnAAAAAICey2YbCHnkT+cBAAAAYHjh3AaUNywBAAAAYHjh3AaUNywBAAAAYHj1flB6cEQZMeLLYgAAAAAYUr1uw+CIMmLEl8UAAAAAMKSOz22gcyXyyJ8pAQAAAGBIHZ/bQOdK5JE/UwIAAADAkBKJ7s54NvJ3PH/7DhvObVcBAAAA4EuNhAO3XYVP1us2CANHhyhRXljeFffxnxnAJzlsOGjnwwB/aLjv0IY/2z0dBj2+khJKlNeWAAAAADCkjq+kdGb9+mXr2pEf5jwAAAAADKnzsw10LoM88phtAAAAABhq52cb7s7YNvJ3LQ8AAAAAQ+qycxsIeeTP5QEAAABgSLGB+LK17IgRY84BAAAAYKgNdhsuW8uOGDHmHAAAAACGGrvBYwAAAAAAYKih2wAAAAAAANdAtwEAAAAAAK6BbgMAAAAAAFwD3QYAAAAAALgGug0AAAAAAHAN1h24tOapK24ijzwBAAAAABARMWHgh7xO/b4X8sgTAAAAAAAREeuNKPfGmPvxYIk88gQAAAAAw471RpR7Y8z9eLBEHnkCAAAAgGEndrskCNQlEogQI74svm+4vr64pMszz2cTwYG0u7/050crOvt6RsXVAOD+4/r64lLdn335ZCJ4g4d/PkffOXCVsYTq62/YLP/5vtpWpp4/j4e+6ZaBiJzauzcbhneSYKIYVKOTuUw8+JX2ZO7e4h8bVuTh68ej4td5xZtobr5ZLVqdo5uCKAWCihpPJ1ORwE3emGftVw1fLKnJX/YxmIXFd7vC1PP5SeXKx7lWda8pj8U16Ys2N+zcg5V3H3Rf/OnLKe0ufRN/reb0Y2ODx4WIEV8W3zftZtPl7mF+6dR3LbWbLbdrt2zviqcC3BvtZtPlnm3a33g75k4+v7lW2HePM1677XU918Eixu+h2bA8IjEYi0fj8Wg8Pqr6u5a+u7JQqLk3ePpNOM2W13Wbra/1ejfCbcPqEPlC2kgkMqJpIYkcU68V3i++WT+4QU069UKhUPhYMr+0Hs2WzT3btPnVj2vuFtcKG/nt5hdub7hxs1yqeT5q1T5sf+s91yf5Ws3pB3c024AS5ZXlPcVbtZVV5eX8mHzbNQG4xzhxIiJ+fFTFItO//G2Ki77vODI99ALR3OPU0a6sXV14t2YcVPbb8aT/liv2pZTMk9lEvyVxu765tFqzqh9X1KcvkoErn9hrkF265mj/6/G6RPT9NvdD8g42dl15/FGuXVjarujp6chdGdr/7s3pfhL7q9h748qnS+SRPy7vJ0GSmKtvLBWDP2WVc7umjrmztVk9MCzX44IUDMemHuTiMiPi+sbvy7qSm46Z26Va02Z+LTk9l6bqh9K2bnssoCUfzGXV/tecZ1U+lrf1RtMlKajGp6ayccxwwh3gmlsb5e160/ZIlEORdCaXVo/WVjh6cWtjz7BsTlJAjSSmp+Mqa9ZKO5X6odnyOPPJymhm5kFKaVcWFvNGl4jI3Pz1XzaJBbMv5yf9+yt/frQiM68faeyqbdlbb5dLPD6X9VWKVd3ySArGsw9nxvFv5Av5w4qfDNfzOtTaf/e27Iwdr720Cr+vVMX0i5cp5eTzp61CTXek7Kv5ySBv1sqF8r7Z8jgTZTUylZuM91+2bW4X1rYNy+ZiUMvM5SYURkTcOdgq7dZ0q+V2SJSCWvzho5QmEhFxa69Q2KmbtssFKajGJiaySUX8/B0jk2MP5qYavxdbxlatmcyEiFyjWirv6aZte10mydr45ExWk42Nvy/05lo61fe/VYnE+Mwvj0fFm22Xt/YK+Z2a6XBRjqQntMG7LnyztL/0W6HuERE1t5f+eZtIjr/4ywONuF3fLpT2jZbLmaREEtMPExo605drliu6F8xOaDE3Jtdqm7vpyEnn0KksLBXc2FzOXynsGC0uKpHs3APVLOdL+6bLxWA0O/cg0V+Y5+jlzY0ds78Tiyams3FVPF66KedezaYCRETu7tqbfFN7/Hwu5vP0j2+WDXXmYeRwu7TXsDkLafGZxxnNuqQ53d4HdWf1f7eh2z1ayz5QIo/8cXk/yYnH0wm5a5XX1+rts3d6xkZh1/ACkfHxiaQmts3Kar5kERF5rabNvXp+vdjwa7GwzF2jvPbmz/yOG4zEwhK39fKHokFERNwqLqzkqy1fND0zk4lJza3VlTW9c0FdAL4nbhYWVgvVJg9GUsmoQs1aYfXtem/JXru+urxY3je5pMWjMYWs2lbFIjKqhbLhiOF4ejwVk7hZz7/f0LlfS6YneivoJTWRHp+YSkSDRE7Dcrt2o2lfsy3HbHU8q7q0WvNCWjwiM7dVzW9Undv+fO437pq1j3sukS+kSGQ3LW9g7aXXara6nmXZfODzX66aXUmLRUf8ZO+sv13d1VsUjMTiWpDMvVL1aK2ItbtWMDo+SRa7buugsLJtERFRa6tcrDWZOppKj8cVbtW3ltb3PSLixtr7YsUkNT2Zy8Yjklsv71n8S3eMoZgWIiKnaXIicmrFctWiYGRsIh3TmKOX8yvbDgWjU5neOQZCKDY+kU5OjQfFG27XO1hZKFYM22P+oL9rlPJF/eTOi9+sqKSmxnvn9ohKdCI9PpmJBoncWuHt8o7OQ6nsg1wyzOubi+8rWMN0KX5Q2m2xSCIRIFITSaVrlHfMk9F912x1eGt3abXGw6MRhbnW/trbhbcFk2mjkSBzrXo+X+8d3NdXlxeLBxaF4smxWMAzdjbeLZRNfrx0s2kdNWqnYbvca7baRORZTZt7tbXVgilosYgq8qa+s/LR5Bc2p9v6lO428WQtCp1akYI88oP5e8onjc48mWi+3aqt5pWXjycH7xOjz/42Sqw/DtWU3/9ebO3rTlY5GvlQks9fZULEjfV376qeF0i/fpmQievr7xar3qFpkya7e+UtqyunH73IKYyIxmX+23qtvO9G4jhlDm6Ru7tdaRHTpl4+j8tE5GpLfxTq1XJ1Spvg1WLNI3Fk9qfZxKlmOv3Lvz/+B9FR3Tdrhlm32Ew8lZPcWq3lBkanconz6/2u2lb/HxOLPJp/GvMRtSsLb/NGQ2/w1I1OeYUB1tav/7I1mJBik9kII/3ypxxRpp68yIQYEZGZL5keifEnz+civpNH9NZzs+Dk8ydZlZFbe/fbhtGyDl1SJFJyT/8pd9Q0+Aj/R75mHBg8GmuZlksskpzNjolElOm/mLv7ZTtGX8BPRLzjeURSYOL5q4mjjVOc/fq2ZtZNLz2Wyspk1gyXqcmpXKS33eJNtmvvVuouUXD8p1dTKiNuVd693To+eL30zaanAu5h1exIWjKX610IwMpvHLhMnX0+k5CIKB6RnF8L1W0zNaPe5H0OHXunUnfF2KOoREQUSEyMlNb2N/bSz8YHF9r5Yr3dhVv78x8bpkex+aezEUZO9c9fN03TNHk85uxu1DySRud+momJRJRU3y4WzOrGXurZ+A3qoSRfvsqEiLix8etCzT00bClzvjnBhXBuA8oblfcXU1JPH1lvVg+KyxuhhwNfk9Q2dsqbVctyHM/r9r4yuu7JuJQUVkNERMwf9BN5khKWiYhYwC8SeV2XE5FlNDmRvb38v7YHXtjntInQbYBbZJlNTqTGRvtH+ZIWU6mu28YhT1HTJiI1GjvTRr1mrbhdMRotp+Px3srEDr/B1QOu2NZEf+1LKKL1/un5JEkg6nqde7vy8RaJwViktz5DYH6/GhmLR+SbDYiG4vFQ/zjYaTZcInEkofkueGBAG+8tdJJCIYkM2+sv5m8dlIrVuuW47nHb8DgRBSORYHVL3/j997o6ElQ1LT6myeyLd4wdp01EzCeKRES2US2W982W63qd/uk1vOMRnX/vN9xuy7SJSEkleu+VKeMJdcs0+vde+mbPcxoNm4jMtX/8tnaSFWybE67Vdx43y9sWJ7G5U1ja6WXajDr6ZtUazwxcwkrWeldsE/0SI+JBrfdh+gMSI+IeJ+INs0XElGik3wgCsZhcMFuW0aTx65uYpGq9bh+TJD+R2+1ghcDNiWePEemSY0fkhzt/r0nx3FNz+d12fW1dPN77u7sfFwuHpMRyjx6EZR+vfXxXbp1+HrviVh8nItJyT2cGzupifglnYMMt6zV0dlGGD9wcuLv+YXWtxkPxzOxMWBaF/cJS0aAbuWJbR06H+I7+LKdOib7K+WNcdsOhH3ZRX4KswvtCxRYj2amcJkvM+riwoff6k0zJvZrXdvfqutUw6vXqbqkUf/bzgy/cMTbrRpOIgqrKiFqVpfdblqhM5HJxxc+a1aXV+qXX3/mU7bLjGQwSTsIr3uxl5PjT+YELfTOfjJm0i7h7lapNRJ5VP7AG72jVNuqpp7GTtnf647uo7XYveNxljz3/74EdPxN/qE+H2QaUNyrvOabmZmZaS2sDu3/n0OZEaiKdigWIuFH5nEMZRQuxmtkyXSl9dO4U73jYFcFt67VMq3bgJuMSEblGzSIiWQszxkNBOrSses0ZS51cqKbdbHaIpEgmEVOIyK4NHiqJgkjkOrbD6fzppVds63u93eEm+kQiz231xtQ946B1xYMDobBEpntY1TuR2IWdhHO8VtMmErWJTDRCRK7FB4/DmBxLZmJJIurUlt+t1PWa+WDq83eM3K5vrpRaRL7IxFiIiDdbDhFTE9lxjRF5dmegYfpEJhB1bKdN5L/5DjmoylSzWnXDTY5JROQd1I+vuXnlm2WSj4hcx/YoJJ58mI0mTcaOfkCDe+gVX6hZ3jzkbGT2r8dXzSIiIqf6x6+bemm3GUvd/BdgmBqS6bBpHuheNCYSkVOv20SCMhIiIpERUcd2OkQ+Irtu3vCqwmebE1xIpIGjQ8SIL43vvUDicc58u145+kYNRsLSzr5ZLuYpGmju7+x+zvXKpfFMamtlq/bhd1uLqRK1W4Zu2sqDX57j3Ab4bjp6YfnPk29iJsUyc+l0Ymu1YpTevDVjCjUPdMMjOZFJBIgo8SC+t1Qz82/f65GQ6DZ1oxN//iyuSWS51fxHfyLUrtcqg+OBQU2VdptubeWto0gkJ6dnBtq3NH7FtuAruuSwW9FUcddu1ZYWPE10DN26cl+mZrIjtbXD2uqCHdFCrG3qpm9q/qcr1uKL4YgiGNZ+YdWfVMms1IyjI2muF35dbgRi2qgi+71m1eiQOKIGSVI/acdolZdXq0TEvbZjN90ukRBKTM+O+4mIqSOquK8b5aViOyI2q+WDwV+9UyMhpltGYfnPuiwybfrxjbYrjyVi5UJd33i7cBgJUvPAODkr9/I321s9EyKrWd94u7AXYP74zHQmO1JfOyy+XTJiakjgtmnoFiWe/zQzeG0mIPLq29UWifHx+Jm1ZYFoSivnjWrZSMze/EMLJrLxvaXa/sqfXnw0wC29ZnZZcPzBmI+I1EiQGS29sLJkBPmhoV/VjR50rjk9SVz963/DyaclfzkZUR4cXUaMeCB+8ej8QMDnzEHwrhCQPv/6BI7budnTWces7bXDiUzk5MKrTI5G/Gb9kKvxyZjsC2kRyWkYh/U9oymEp7NqU3eCqWRc8Qles1Z35GQyERaJSGhbe/ttJZmKKz4iEjqN3f22kkrGFR8JUmRckzzbapj6gdV0ya/GctPJEeneT9DALbp5O+826rVGp+O1Xff4f27bN5IeHx0bU0W31TRN/dDuiKFIJvt0WvMTEflCY5ER5rWs5qFhNbmojqUyCSU8qoXarcNDY2/f4uFUbtw7aIjxTHzETyTI2oiv1Wg2rVbLE5TYeCzUNWoHXS0xFZMFIRC9dFvk1OuGbySd0WQiIoHcg5rhi04kI+hU3PwPzTx991AYHZ+MyRfsWQR5ROXNw1bTatndQDw3NWobTX90Iq1Kvc+fjUxMjB4/U1QisWDHbTkNs2E5Hb82NjURCYmeXjX4yPjkWG8+SWjrezpXUxOREBO1qNJpWYf6gX7oSenJHyMB+gAAIABJREFUtGAagjYxMSIHAn63eXhoHuwf1E3XF4pMPZ5OhdhNd4xC16nvHbR523Edx3XcTsfnD42MTj58+Ggi3P9cfKGoKrQajYP6wYEtxqfTIcvoqP2PQlRHgm6r0bKbTZdLI+PJSOIm2/UFY6OS12o2zEbD6Qbj2Wm1VW+K4xMJTbr0zQaISAprstuwbMuyXQpEE9FRLTKmdJ1W8/DANEy7IyqRzIPseOBm8zg/ghu2YfugWjXF1KOpyNmOo0+R2/W9VleNJcI+d79+IBw1V4Hc/brhG8lktAARCdze2z8URycmRgLkC0Uj4a7bajYODhotLobj6SdzE71zIvzhkYBtms1Wo9n2jaYfZ8QDva0mU2MhxjpWte6GUolxpVdnbu7pTjA+OR7ynW9OifA3Hf678X7+0qczoXcgJghEJJDQOyoTBv47OlI7vtV/wvHxm0BExG66ipGISJj6+b/3fwoYJcrLy//6n8foeEEhUffk7t6N7vG93YH/Bm72Q48LI+HPP144bDhf8nSAewHtfEjgDw33HdrwZ/vCj+6w4Yis+1ndhu6ZboPo+4QFpYwGxpVRory0BAAAAIAhxnq/7UVH69cRI74sBgAAAIChxfrTG0cjyogRXxYDAAAAwNA6mm1AifK6EgAAAACGVu+SCXR0SgVixJfHAAAAADCsGBHR4IgyYsSXxQAAAAAwrE5mG1CivKYEAAAAgGF1MtuAEuU1JQAAAAAMq4GfeBgcUUaM+LIYAAAAAIbPQLdhcEQZMeLLYgAAAAAYPud+UPqycWXkkQcAAACAYXWu23DZuDLyyAMAAADAsDrXbQAAAAAAADgN3QYAAAAAALgGug0AAAAAAHANdBsAAAAAAOAa6DYAAAAAAMA10G0AAAAAAIBriLddAYBPc9hwbrsKAN8c2vmQwB8a7ju04aGC2QYAAAAAALiGSNQd+ClgxIgvi++KkXDgtqsA8G0dNhy082GAPzTcd2jDn+2eztKw08eFiBFfFgMAAADA8DpepNQdSCJGfFkMAAAAAMPouNtwF8azEd/9GAAAAACGETsaSx4s6VwGeeQBAAAAYHgdn9swWNK5DPLIAwAAAMDwunC2ASVKzDkAAAAAwIkLZxtQosScAwAAAACcwGwDSsw2AAAAAMA1erMN3YFxZcSIL4wBAAAAYHixo+PC43FlxIgvjAEAAABgeA2e23Dr49mI73IMAAAAAMNr8NyGWx/PRnyXYwAAAAAYXji3ATHObQAAAACAa+DcBsQ4twEAAAAArjE424AS5RUlAAAAwBfxrAO9xW+7FvCZBmcbhO4lR43II3/bDRUAAADuPWu7WKjat10L+EyM6GQtikAXr1FBHvkva2YAAHD/uLX87+vGF48Mc319cXG383XqBAC3RySi3riyMDDGjBjxufg+4s3admnnwDAdl5Moy6o2NjEVjwQY8YOV38rSk2c59Utev119v1iJPP0pHfjyulrFxUUz8fJ5XD5/n7O3+HYn9Bm15XZt11aSo6GjjRR+X6lps7/MqOzLawx3wA2bjbu79nuhm331OPUVmupXfjW4AW7rtVK5ppu2ywUxGI5NTOaSIfH4buegmC/XDNslX0iNZnKTCaX/T5y3DkqlSt1oNt0uk2Qtms7loiHWf9VaabuiN1qttktMDiqxzFQ2Lg/sHDr6jumLTTIi4s1qYbO812h6JAXV+NSDbDzAiIgbK/9Yr3lna6xkn/2cOWqV/LCqUzjtO65uvVgs7FLm58cpaeBNXlFV+BG0jfLmxx3Dsjuclv9eV2MTE9mkIhI1y+/fFM+tWxJHn/51JsaIqG3ubG9UDLPleuSTFS2ZnZzU/EeP65jbGx+2DcvmJMmR8cxMVpPOb7zHNTbXN8vu6ItXGWUgbeTfvdtxT289+uyvuQia3zni+XFlxIgviu+dtr6+ulTz1PFULhOSRXJbjXqlsvS2+fQv0xHueV6bnfuq+0TcdXnH/jpDaF7bc41yoRZ9GvedvqdTL5Z1tyt9Rm1be6WCMR4ZDfUP76RIKu4PStgT/jBu2GxENZoYpxH/Ja/yib7uq8G1eL34ZrWhJlO5TCgkeo3qdiG/6vle9P/onpF/+0EPJnLPowq19fJmfiFPr2YTASK3tvim1I4k0g8zYZl55u7HQuE9+V/PqIzILH0omaHxiakHQUmk9mG1XFxdI/nFyfCEp9csOT4bIHKqy6v5lpp9NDcqk61v5deXXfZ8LuYjps3+/Dw78BXBD7cWVhsj6smRGzf2Dd/IpEJE5JnVtdWy7hLnsjf4xXJlVeH+42ZhdXFHiGdzDyOyj3uOWd8qry3ypz+lA6H03Ov4wDcc93bWVraY1uv8GvnlxX1/IpOZUGWR2/Vyqfi+IL7uD1s0t9feFTvxXO6R5vcaex8/5Bf47Kvc+WbDrd3iSkF3edeTOqe7KNzrdEibfD07evIswS+j5V1EvO0xbMT3I77thvrJvNrGSpXH5+dnI0dHN6oaG0/k3K7IiO7k6VhMke1S2Yg90Ab2Vtzc2mgGFPGrrAT1R9JTka/xQnB33KTZsOBYLvf1tvhVXw2uxSKTr/7ql48mFxRV9qyF0n6D4hoR2TvlGkWfzmd6I6OhJ/7270ulTSsxo5AUm3sdlQJHXUplWmpaf+zrFqkqkZqdfz2wFUXpGrsfmi1OR0dcnr5vBkZnAkRmtaT7U69mJpTeI2fE1rvF0m4zlgoRMSkwMNnVru4aXJucOmmO3Ng7ZJFHChERbxkGJWdea8bCgnnqTV5ZVbj3uLm16yi5F7PJ3jdyIKQokWSG95bKM58c8A08tloz/YmXsV670rKPf8kFjoa7QqrCG//YqBud1LiPuFEqNZXss9lkgIgoOPWM3F/Xt2uZx4mzMw7uoc4jj+aTzsc32xdUkDG/HAigp3At8bbHsBHfj/ibtL5vyKluG1ybykbOjIgycXBOvH1QfF+uGo7H/MpYZm4mKlNvaVO1vFPXLcf1mKyOTs0+SAQZETXLywtmfC5y+KGktwKZ1y9Hz2yVt/aLhUrNsD3yydpYbiYT6Q3zOweFfLlm2B6JsjKSzD6Y0M6MDRMRsVBimm1/2LZPJvfJqRQPw1Npvr5xvJFLqteuvn9fjUwnrO1SrUnJR1Ot9TW9S0TFX38rEomJR//uUaj2/n0l8uSndIC4sfJbWX44QTvnPwG4T27UbMzS78ud3F+mI4zINSvlamW/0bI9kmRt/MFcVhWJiIy1f2yK02naKVdNl4tKfDqXC5mF/HbdanMplJjOzcQCZ18NvgN2ZuBTZEzon5lIbV23xUhmoNMYisfkrbreJCVETDq9kEyQhJOnDuKOsV01RC13Mt7a0fesQHxKJmoaphscSZys6mDauCbWDg03FTp9cMaNcsnwJ16ODcw1WDWdRZ70nszUzOxTIrKM82/yplWFe6nLOUm+M1987KK/r1Mt1rzI9NTxhIEYONXKmMiIuCAQEZkHBg9lYidNR4xFtfWPdZMnYmdeW049niEi+6I+A9yc2CUSjsaVUaK8rLzthvqJeMtsdYMZ9dIFjkTEO/VCJfEw9/KRn5uVldWPa2H1RdJPZBv7LTE++Ww2FBDa9Q9r+bWa9jIhE3XctqtvrLhjUw/nNDUoU/vUC7r7Kwsb7nju5RNNJkcvFlYWS89eTanM3lz6oIenn/91VCbX3KtW9CbXLpx5Z9qDhPSuVB2f7Y2UePWtbUo8j/iKJ4+5rHrcdT2jWPBi6dz8A1UNSex13Cy9WTDHXz2ZCDDGiMhx3U5/VRVve25r80N14uHMqyd+bmytLB9/AnC/3KDZeJ7reb1FAJ6l6x1l8nFGC/q5ubW0/KGgvZiNMOId17VrH/emHj/+RSGzlF9aX9YDoczM41z/5mZEm4mJp14NboGr10ympcO9Gy2H/JFT3YpgSKId1yEKnX2mXa/ZkjYVPMk0N98sF60uEZGoTM4/ih/vNLlRM6R4ViYix3JJDp06qpdDfjJbDtGpnaxdKex7kYdTg8vGzX2DabOfPGVwvqpwnzE1EfGtbOQ3WSYRCV2xUtbTt0qmnHoZvezr29P3TQr3prO443gscKppsoAs0UGrTfRpp15xr1FZr+3oTZsLshIZPEEIBrHeiDJKlFeXN2xPd4bneSSKF4zoDwpmcjPxkCz5Q7GJCY0sw+JERKHU41wuqSkBvyiFEmlNtAzzeFET03LzD1Ix5fxuzypv64H0XFaTGRELRHJT8e5+xSQix3KYEh0NiYyJspZ8MJe9fLWuFJ+OuqUNgxMRt0rFZiQbOz3QeFX1mJp59jgR0/q16/UViLELh3SISMlkczFZYj45kkmdfAJw31zfbE6Ikamnj1JxVZZEnxxJpdSOaZwsgQumH0xqAVEMRDJjCvcCqQcTvZsTYwpvGq3v957gEk51vWypmVyst3/jnPeGXwcIjDj3zv5j5lb5Y7mtZacG9z+hiflnr18/+/nlTC7GK+/XK0d/Yq7vG34tGuxtgtOZvYjARDq7Ca9eLrXkTHZUHEiaNYNr0U/sNVxYVbjXfLHHT+bGWP3j8t//9fe//768lK/UrPNnBjbLRZ1imVMnLA9yD/IfdX96sj9EwrvEhNONxMcE6nqfdNDCiIjMA90fyz15/NOTqRjpawv5qvMprzE0xG6XBOFoXLnbRYz4wvi2G+qnEkWRml6H6PKxc+YLKcejEYIosqPvQG7r1dL2gWm3eZeIt10e5ry/Y2EBRRUvfLn2oWVzq7LwW/Uowz2PYpwThRNj/qX1pcX90Yimjo6qypXnJCtTGeWPcslSx41STU6+Ovu9eUX1BCkYumqC5fwnEByY2z35BOD+ua7ZDPCsaqlSNWynw4m4a3el4NFXLBPk4NE/GeYTmU88biE+Hzt3mAjfXbu2upq3tacn187ysfN/mC4nJp7uSvDmTn6xzFPzufjpfQSTAiEiIllRg9RcLG2ZqRmViOt7DSmWVuho4ME93gv2N+Gd7a00S0WDxWcnTk0QWNUDHnn0ScO2l1YV7jcWiGVnYlnirm2ZZn1vN/+2Wn80Pxc/+Zp2d8uVVmjqqXbx16xn5t9/NJTpl9n+FbZEn0C8e7r1d3iXBPHTDlq09ORsWkuovZqElHmf/dv6Vs1OZLBu9yxREKh7PK6MGPEl8Tdpfd8OC6pBquumm5Gv+N65+JvMKr9fPlBmZp6PhSRGZG78unDD05EFOfnol9wFgySRmae/pEzdMIxauZxvB7Ozz9KXX1dQHM2mK29XVvc7PDE/drb+V1fvE4fmMJL347i62ZzoVFfX8l786dPpSMBH1Kku/FkauPtMk0ALuUva9fXVNTM892I6cvIHDigBqrZsTidnc7aaLvlPLdywdwsLxXb8yVUznUSBkMw8x/FIFblZM8TIfOhoGxI1ms7RJduJiJrNNgUGhh3I3dmsOuHsg9MbMOsG1y64qs3lblZVuMeYJKsxWY3FtNW3i9v72Xiif2zOrVLpUBy/5MrOnllYyNelyeePT87BY3JA4s2mQ5Hjp3Cn6dLJ8MfNiOpY4lQVQ1pAMFptInQbzmL9cxu6vV9vQIz44vi2G+qnCsTTI8yoFPTTpx8Qd9321QOmntWyWTgx3l/n47Uc9/InMEa836fyhxW/azQu6WEwSdES6anZ+flXM0GzXDMvflhfKJ2Jda22NnF+ovaTqkfMJ1C3g0Xow+GKZjPAtlo8GItH+tctcSz3vg0KDKm2nl9dM0Kzz3OxU51CnxYLcX1/4CfZmrW6LWmR4xMb7Fp+oeDEnszlTl+JgXtnLkNpN5odUfKLvUumspH4UUMKRVSpdVi1Tp5q7BlecOTk8vjcLJZMKZk5c/kaq3boaVHtxsf/l1UV7j/uXvVdRURk75Sq3sjUhSvTPKu4kK9JmedPxk4NuSmjmtis1U+WE3n1fZPU2Cf2Ob0zBwa8aTpdfxCzXRcQBaLuwLgyYsQXxrfdUD+ZFJ+e3V9eWX7/bjyVioVkkTy7Wd+pVq3w07/mrrgIqagoQb63td1UkzK16vlN64ITC/v8IZnZ+9VqfCKiBNSJtLa3ubTuezQVCQpey9zfKlva3EyK9vLFppIcj6uyyG1Ddygwes25Wkydef7MPbni4udVjygQDotbtdJeLKcGfH7p4nlf+FFc3mwGyJrCKtUdPT4Z8bf1YrnevurRcDd0jPzq0p5/6smESo7dO0YSREnyMSJ5PB3fzq+99+eyvd9t2Nhqj8xM9g/53XphYb0RzD3KyJ7t9IYQmBjwi2RvLbwvczUxMRZRZJG7hzvlUis4MasScXPPYKOPTk5IUFLZ2P7acj7wMBWRqKVv5WsUezx+vOtpbpdqfHR26sxipGZN97QzswZe2+5wsjvEu23bsYlEf6C32OnyqsL959SWft/mkfjEuBaSfYy3G7WdYl2IPTqaOvCMYrkpJ5+cu3AqEW9uvl/botjT3AhrO/2xOZ9fFhkxLZMJvS2ur7HJif7vNhhScq63vM3TSyvbNPF4KiISEXHXcbvkuJxz7jqOTUwK+BkRUbO0sFxlkdRENBKUmNeslctVGp0bx+9ZXqB3bgP1z3Do9o4R6WhdO/LI9/O33VA/gz/2eP6n2tbGdjW/63pcEKWAEkk8nY1HWO/kB7948nXEJJ9PZD5GRErm6aPO2sbq3wtcVKPZXNJeb/W+1XySX5T8A1+BLJKdTq0U8291KTn7y8zY0+esWKgs/V50yScHlUhqIh4gIjWmHG7kV4qO55EY0qJzc4nzE5+iXxQ93/GLs4A88BhR8vv76wMurR6TJOaXTg/RMTX3eGIlv/nu1w4Ljj97nZIkn0/2EREx/6WfANwfN202oiiJgkhE5Is9ms2uF9d+/8NjspaZzMbszX6T8Emi/2S5+pkWwkRJFKWzrwbfhadv7tqc28WFhYGLqsmTr55lFSJRm3n+sJgvFxZ2XPLJ6ujM8weJ/gGPUyvrNu/a+eVfT54oaDMvXiTlyedPpPJ2ZatUaXmc+WRFy85PTiiMyKwZRz+00OePP57jhY3y6krBIzGoJh7NZWPHexu7XmurUw/jZ9pEa3+/HX5w6jK99ubC+/6Fm4i2Fha2iKTk4383o15ZVVze7f4LJJ699JfL1fKHatPtEvOFFC39ODsR6/9xuVEzWHQ2c8EoGDd2ymaH0+7i77snWSn+4q8PNKJQevYZbXwoF/7Md0gKRpIzM9l+99VzbNMkt0MkEnl7S78V9f6cQmvp1zqRL/bk5dMYIwrlXs4ppa2t0sctu0OiGNTGnr5MxzDZcBFh6tX/dXxlfpQoLyv/23+O08A5Dt3B33PoHk1HDNwayJ0KPS6MhD+/B3/YcL7k6QD3Atr5kLijf2in+m7RmX499YW/s+bV8m/2x14/HsVgxA/sM9qwsf5n3j/7Onv5PPlw+MJ//ocNR2RdEohIEKg3vivQcTBwc/BO6v8q19FYsEBEJH7KgCHrdkkgGiiFcxnkkQcAgOEQSLz44j4DEYnxmV/QZ4BzRL//7MQ43B+9KykR9daiCMdr2Ql55AfzAAAAAF9Iyc6/uO06wGfrzzbQ2fFmAXnkB/O33VABAAAA4DYx6p//Sl3qIkZ8aQwAAAAAQ4zR8ZWUemPMiBFfGAMAAADAEOvPNqBEeU0JAAAAAEOMHV9IUzhXIo/8SQkAAAAAQ4wR9Y8ULxhdRh55zDYAAAAAQK/bcPEYM/LIY7YBAAAAAIgGzm24g2PbyN+pPAAAAAAMsaNzGy4aY0Ye+ZM8AAAAAAyx0+c2IEZ8RQwAAAAAw4oR9UeU+xfnR4z4shgAAAAAhtXRbANKlNeWAAAAADCsjmYbUKK8tgQAAACAYYXZBpQ3LgEAAABgWGG2AeWNSwAAAAAYVphtQHnjEgAAAACGlXgSCgNHh4gRn4nvjMOGc9tVAPjm0M6HBP7QcN+hDQ+VgW7D4IgyYsSXxbdtJBy47SoAfFuHDQftfBjgDw33HdrwZ7un3S122xUAAAAAAIC7Dt0GAAAAAAC4BroNAAAAAABwDXQbAAAAAADgGug2AAAAAADANdBtAAAAAACAa6DbAAAAAAAA10C3AQAAAAAAroFuAwAAAAAAXAPdBgAAAAAAuAa6DQAAAAAAcA10GwAAAAAA4BroNgAAAAAAwDXQbQAAAAAAgGug2wAAAAAA34NnHegtftu1gM+EbgMAAAAAfA/WdrFQtW+7FvCZ0G0AAACAC7i1/O/rxhePDHN9fXFxt/N16gQAt0e87QoAfBNmYfHP7ePxDEGUAkFVTaTTKc3/2a/p7q79XuhmXz1OBc7d16r8+dZM/TybkM7dxY213zbY4xcz2pWvzg9WfitLT57l1M+uIAwdq7i4aCZePo/L5+9z9hbf7oSePMupVzbdT/d1Xw1ugNt6rVSu6abtckEMhmMTk7lk6Pj7mzsHxXy5Ztgu+UJqNJObTCj9MUHeOiiVKnWj2XS7TJK1aDqXi4ZY/1Vrpe2K3mi12i4xOajEMlPZuDwwmtjRd0xfbJIREW9WC5vlvUbTIymoxqceZOMBRkTcWPnHes07W2Ml++znzFGr5IdVncJpH1Hb3NneqBhmy/XIJytaMjs5ebRPvqqq8CNoG+XNjzuGZXc4Lf+9rsYmJrJJ5bgZu2a1WKzpZq8ZjyanMhO9tuHW3v22cbrzKqi5Zz+lezugjrm98WHbsGxOkhwZz8xktfPfw0RE3K6Xyht7ZsvmTJLVscR0duzoH8qNX2ToodsAPyav3SZ14ue5qI+IeKdtNw92q8WFxWp29kVG+bxvIlGNJsZp5MJ+B2+3edvrXvi8juu1RY9fM7nHPc9rs3PfvgBX8Nqea5QLtejTuO/0PZ16say7Xcmja5rup/u6rwbX4vXim9WGmkzlMqGQ6DWq24X8qud70f+je0b+7Qc9mMg9jyrU1sub+YU8vZpNBIjc2uKbUjuSSD/MhGXmmbsfC4X35H89ozIis/ShZIbGJ6YeBCWR2ofVcnF1jeQXJyMXnv7/s3evfYkj+6PofxS5kRhjRESuIo13bcfl9KwH+y2cc17CPufR2a90//deM6unZ1ptb4gYI4iI6RgDIYRiPwAEvPV1tdr8vrM+tYoCkrIpksqvqkLZFkJzPEC9tLOXrcmp2YUxARzjNHuw45LVhaAfiDL3j9VU36GPXp1u7l2Pyr1OFzUvTf9oQgIzu7N1yYbj8ZgsMNSp6Fp+O8dszEc+VVX08lErt7d15gul0q9UwU+9ulU51fe36FK79+8Zx5s7l/5QNJMc4aBxXTnXd7KwvhjjAVqeB1xkeT4u3myNMHznAFQt7L/PN0Pp9KzCetcXR4fZTTq3nr7bbJzi9k6uLsWS6WCA8Zyrsq5vHbBv5hXyBRtBeNmAfl6EYXmebzdxISDK6kRI2X+XPczJKxnla44GJDCRTn/3aiL0TYgkOJpuBqf7GzW1To+rvMR0Bty+b9PFL8IPRtTE+m+s0D1dS7Lg2Zva5TWEFABwzvQyjC8tx1UCACAuso23H7QTO5yRgAsubIxzfPeSUprhqvafl4YNsgwgp5Y3+vYiSS3z/LBao9DtLHnGpcWPZXgAq6QZbGQ9E5Par8wwtfdb2nk1GBEBCMf3DXY1SucmVRLJXnOk5sUVUWclAEjNv0nzXOcZUZbo9e/HFbMZmfQ/XlX04lHr9LwupV/PTbW7+7woSepUnHaiabZ2eAHRxdepzvCSrIxFBg4yhOF44e7wJjU1rSqlVuameACAQHIF3D8OCuX4/K2Rf/dcy9fkuV8yoXa5LKmhyJduBOFlAxouwlQycrpVLFyllTECtFou6WcVw667HhHkseTcdDhAwDz+44Bm/jGj3pz1aqW/Nq3Yr5mQrb3daaZ/nVEJAHXKuWPt4tqhRFCCqcn7Bxru4Vmnh3rBqDqU3BqjBwDa+Jjf1ktm3SOsNBFfyIwL7WkA/9aFVzE4u/MUgGvo2fyFUfOA4QLy+Ew6rvIAANS+yObOKpZDgQmoE9PpaJAnAACW9navmZwVK7lipeYBEwgmZ+amcC7AS0XE8AwpHBac3pwQqBfzVyPJKD047hRYfU3XtYp6qXh5XXM84ARlcnohJTMAAOb+7yfMTBTO9JLlUkYKzaTTopXLFip2g3JieCadCfK3t4Z+AMIKA//UDCG+7uBlwzAcRo33XTSKoaBwWjGqIIlAuMGelo/z9d7aj9bNQslklPTYzZNN48LmQ0kBoGpabmA0LPUqpEwqTPnKdCPiYL+KmrpmsuG1ib6xBrtsEHVRAgBg+IGXE4YAUJ+v/eBzq4pepBalwPlvDYqSzudrVSruSDz65ach66NJxXiw13SY4LhycFSxaDjYv7GmUbaY8YXQvZcBn7sRBHjZgIaNoCrMiXldgzEJHPOyxoQSK3Mi72tUDvez+2VlLSxIiuQdnpzH1U5QhJqnJTsQkQmA57me5wEANCsHu7ummJpfDsv+hlk8OLxw6D3Ty++onmzu6yQ0t5pR2KZ1fry/vddYXeqMhdJmJVcMv0qvzbLUKu7uHe2PyK+nWKANz62dHJZirzLriyw1T3d3uk+55d2dCyY9989JARq1SrFkXDdUnoV6eWtT84LTK3MqD9VK7mj3b3fhH+kgA+B5rmPk8pCeW87wUDvPbeWOTpXlROA//G+P/lOIMh3m3mulyc7SGq9yWoDwqurP37yk13TBsw2jKSXm40qApdbph53DnPJ6TiVAm67rlI8ukvPzbySwtOyHgx2DF+OZ+XTn4YmqZDpNqLs19ARco2wRJTrSflCrA6sOXFYERA7O3DqAePudTqXscEqy77tePXm3k7dbAACMlFie7fWrqFk2uVBKAIC67YIgDvTqBZEFq1YHGOiHOcXcpae+Skp9ZdalSZS5+4YMPOPSgpHk/WO/d6uKXjIih1X/7nH2hMTDqsgNfuZereZygZGWmd/Ry6brEVYen5pJT/TNJ6ZOWf+wf2nWGsCJylQ0E1c4AFqve4Rv82AOAAAgAElEQVQfaJqEFzj4WGsA9Jc6Vg0CIcY+Pz48MewGMIHRqWQiobLwBRtBAACkBb0oKeYx/1D+p8EwDDSbHgCAGJlPp6cUiWcZTgxHFcY2LQrAjCYmWKt4UW2/wbs6vWgGo+MD1wTu5WmlFZx5lVAFjmGlYHIhfucEfR9qnOk1MbmQDEoswwlqPJNWGkXt400PLBBPZ0KiwLFiMBZTwDbtm2VgUjyVDgoc8QtqPHLzVL1Wh0BwQmQIYXgpnEqngywAWKdFkw3Pz07IvJ/j5cj8dAiMk/N6d2NsKD0TkliGYeWpKZU4hoU3OXnJuNDMuKu1Fw1SW8tX1VRQeCBMxqjJpdlISBY4xi+okYjctMzezRAD0emEwjMMr8YnJOrxkelY+2FsQqJVs/bj/ib0gHrpQLfleDrYDtxSSttR+z4+ApR6t+9/RG39SG8oqWT/jG0xtryysbHyj7VMOkiL2wfF7kdMjUuTVcYD7V1QIIQM7oKB27vwKrpWE+Kpsf54pFU2qTJ+z1WD+zF7ZLDRxH3zQO6tKnrR/MH5xYUJUjna+dd/vf3X250P2WLZ7px3PNcDn3P8QXeU+MLq/NLMGFzm3+9cuDfvpq5hNJTkzOu1hYUoX9OymzmbAni0BcQ32Ej8xAet2wsNPc8Dr3y8W/JFMnOvV2fiYk3b2ctZFL5gIwgAgPGB7+YB5jH/UP6n4TU88PsZaN+cpKQVPlpOg7YAaMOlI5QCECLHQoF35TMrkpbBvSgZTPB1cHBotVatgRBXeoWCLAnE+uTeHbtGeWWsF7/wyyoHhesajMsAQPyidPOcj2FI77RM/GKgbwj15ikpGArsZ//aM8ZHVWVUUSWBAEDz2m5wo3LfnAJZkaBiOZ3YCRGkm+cIwzDgeBTg1vAxekmkZFz6U9dsedLUysLU+iPdLc8uacWS6dSbFIC6TosLdM+OxCcEulPmiJ8hfuam1fn95E43Ef1wjfLeXtZRlnr3zvKTux9MiwJhBi8laPUsu6XTyHL61jwNwvEiAIAgyQGobmmnViQjA1Dj4poLRiUAAEIIAZcO3NWhRb3bVytVLW+S0FxsYIDALn2k6uydu1B4Vnb7yJRm1lJ356U8WFX0shE+mMoEU0Bdx7asysV59u9SZXZ5IcQCIbR25aVXV9o3R5JEmWu+3SyVahOJAACrTs8FAhNj7bYiSelluv2HXjJSadXvA9oabP1N2gIfc7v3QqBl2ezKr8n21EppVgBnK1+4Ss2PMZ+9EdT73Yb+S6rBeDOWY/nPdMHtGFceMzISAABb394p09D06vrrN7++frM40YvOBiZiSqNcMCk4heK1FA1/tzV5d6MXg8eqR0Jr9z9FpNT66/VXIZk4Ff3w7e/bObPZ3Wj/O27vF2N4PxtmLBUlxd29XZ2GUxMPd7eapb39rCUklhbf/Pr6za+rGWXg1HirYWA7eU4alYO9fWtkYXVG7X3AvMRDveb0H0hqVRfYgZUCznluM98ILS6kHgvf86JAvHrdAwBqlU1GDYndfXDgVuv9r61WG8D3hTLAPTsp1UeS04M7sComVUK3dupZuc1shUuszo/fndn5eVVFLxjhBDkYSs0vLgRb5cKlA8DxLAPMSC9qBkSWAqRRaw83ECE4OdZ/fSnIIkfrrgdE4DlaH2iatF51oRf+6OADPEBgpO/6lR+RWOrUPfj8jSDonRT6zxuD8WYsx/Kf54LbOdeKNS40NUoAPLvmkJHwZGeSpVeru70TLxuKjoNRKpVL5boSm7wzuzEgBsAxzd7EHse0nIcCsV7Do6Q9wi/IIqnbV72R16ZpOhAY+bb5u35RHY+lZpbWVhZUt1iwKLAjAda9Mqs3L6HXhg0B+XNWX6CXSozGgy27ocTi0iOvcuwaDQRDaueWNXXb/ZniAj+xhpHd2zfFudV0cOCi0K8ERWpc9t3VvlquOJyi3sybdMrZzVw9uLiQVgZGFKnXHDxoOdfVJsOxTPuWqWQ01G1IoipztauS3XureWF6gdHene2pldcsbip+a8aRXb7ylPGBxQuend/Mlrn46uLE3YGGh6qKXj7qug8OVhJlTCbNa7vXc6eWXQM20D5l0YY7uJTKsR2P8AIDII0pTLVc6b3Rq1xaIAdvX3MK4woHteverF9oXNsNIggMfP5GEAAA04KWD3wtAB9AO99+AsuxvL/8JaJeo96JnDUbTrVyXiqW3UBqLq0QAGAkKUAvTgtVeUqAWiV7YvcvICRqOMx+yO6BMDUfvHvjAG48ETzdOjo8YZJh2d8wigcFB+BOp9xrVOtVI1+0GCkmtzc7FQns5Hc0bi6i+JvW+XHe5COrY199awKvou0bfCQ2rgRYqFvGNRVUjgDIiYhyoe1mxfmkwreqpdxxBdSlu9c/6GdC5Mzqitu7Uee9BEUixdKZEUqobMPI65XGj6sg+lpNM7v34YJNLsZkqDvt7o2P4Tg/ARAmo6FCdn+bTafav9twfNoYzSQ6XX63kts8uA6kZ+OC59TbnS/C8CwDzunmtk7lcGxClQSGuldnulYLxOZkAGpdmGRstjfKKkVSwcv9nSz/KqJyUDNOs2UIzk/eHDGrBa1Mx+aStyYjVcuGp/SPGtDqyfb+KQSX0qOkUe8sqfGzAkMerSp6+erlD28LVA3FJhVR8BPauC6f5Su+4Oy4AADM+Ey09Fc+u0/iMYWnVeP46IKqM2EeAMCrHL09cKTJcCQoCgy4Vjmfrwai7VtOK/G4+Hf+YJ8kYp2fXDC5qc4dkzxD2y1AbD6pMiDF48GLo/0dNp2ckEjDKmp5i4+syQQAyGMbQbd01ja0+4Z357VjOZa/UAzLQvn0zz9OAaD7K9GjqbVIRO4OO0rxpdnm/vHev3KUkcdT6SnnoNY3VVeMJsZKuUY01nfOYxiO8TEAAH51dmEhd6ztbecpEZVQaj5+smfemglpHG1vlZpMQE7Mz4Tapz4ippbn2CM99/d7xwNOUqKL6UR7D4RhGJbpnSEJ5/czxE8AgLAPPUXkoHKp5zYLjtsERpAnphdTIgAAH1pahVyu8P7fOQ8YURlfWIurTOevYDp/RZuf9/tdFsMqLxLDMoznv/nwCC/0XbwyHMtC90O/abrB2bnUQX7/7Z8eEZR4IhV0TgQ/AADxcwzbm65+q9URhmMY7vbW0A/hGSfnDqVOfnOzd3csEBLrKykJgFEyq6/yWT23eeaCX5DHMqvT4U6IoF7WDYe2nOzOH703+pTM69dTQmJ1kdMLxVOtWPMo8QuSklpOxCQCYJXNzg8tdLGh+QWaO9b3dnMeMAE5PLuQ6q34cirlhpx8FbrVJmqXl42R6b7b9FLzTLeaFM633p73XsaFXv82rTxWVZwr8vLx4ZU1VtdL+mGp6raA+EVJic6nYsH2h0uk1MJrQTvUc39lm8AJysTMamq83W9nQpl1UsoXyrmdukuBC4yo6YV096bhYnRuBY67bwyoU5lMqnP56tUdywK3CcAAcOMLa0TLnna+JpISX04kute5j2wE3eKL//I/fODrxpgxxfT+9L//XyHomyHfgu6AROdB6+bZVt9/fQ87WY/6Rke+PuZ9dV3/lrcj9CJgOx8Sz/SDrpfeb9VnNpLfuKbLK2ffXU5szI9h9+sn9hVt2Dz4K8vObaQ+6/aDP7Fv/PpfXdcZ0mpHen2dQK8PbjJ9D/ufbPfcekFhHwAA4/+C7+jNaAOmmD6WIoQQGgp8+PXGZ7zsU5hQ5k3oO2wH/WQYlmU5XLvyUnV+twFTTB9PEUIIIYS+kZRafh19foNs6POQm1ko7bgy5jF/bx4hhBBCCA0zcjN/ve8uOpjH/O08QgghhBAaZu3RBriTtrAcy/vLn7qhIoQQQgihp0RarVb3Dv3Ql/dhOZb3lz91Q0UIIYQQQk+JgK8vxtyXx3IsHyhHCCGEEEJDjEDrVoy5k8dyLB8oRwghhBBCQ4y0I8p9MeZWJ8aM5VjeV/7UDRUhhBBCCD2l9toGX1+MeSDFcizvlCCEEEIIoSHWXdvQH2PGPObv5hFCCCGE0BDrX9vgwzzmH8wjhBBCCKEh1hltuJ227pRg+ZCXI4QQQgihIUag1YJuXLmX+nxYjuUD5QghhBBCaIgR8AH0YszQF2/GcizvK0cIIYQQQkOMQAv6YsydvK8vj+VYjmsbEEIIIYSGHOlGlLsx5tZNjBnLsbyvHCGEEEIIDTECLQBfX4y5l8dyLO8rRwghhBBCQ4wBaMeVuxFlzGP+ofzzcHVdf+oqIPQfh+18SOAHjV46bMNDhQFoR5dbmGL6WPpsjI7wT10FhP6zrq7r2M6HAX7Q6KXDNvzVXujlVvdOSt24MuYxf38eIYQQQggNsfbaBoDOmAPmMf9AHiGEEEIIDTECAJ3eYSeujHnMP5BHCCGEEELDisD9MWYflmP57XKEEEIIITSs2qMN3bhyL9/Cciy/XYIQQgghhIZVe7QB4Nb89U7UGcux/E4eIYQQQggNn+7ahlsR5bvxZizHcoQQQgghNKz6Rxv6UrhTguVYjhBCCCGEhlX/aENfCndKsBzLEUIIIYTQsCK97N14M+YxfzePEEIIIYSGT99lw914M+YxfzePEEIIIYSGD/mM1yCEEEIIIYSGGl42IIQQQgghhD4BLxsQQgghhBBCn4CXDQghhBBC6Efw7I9GjT51LdBXwssGhBBCCCH0I9iFfK7kPHUt0FfCywaEEEII3cMtZ98emN8cGabGwdbWefP71Akh9HSYp64AQv8RVm7rr8LteIYQXXyTlqr69qYZ3lieYAAA7Nzb3bIy9yYjf/E1tHX8xw7N/DqjftE7qVM+d6SpMbHzuFHa3iqqS79E+c/eRNM42N6vhlfXwuKjr3PP998W5bW1yOMvQy+Xnd/assJrqyHh7nP1i62/z8TFlbQM7vn+21wrtT4f+fxW9rDvuzX0GahjlDW9bFiOS31MYCQYS6SnxJvzN61/zGf1sum44Bfl8Xg6EZY6RyVa+6hpxYpZrbotwgnKeDSdHhdJZ6tlrVA0rmu1hgtECEjBeDIVEvqOZ03jzPIHEwQAaLWUO9EvrqsecAE5lJxOhXjSV8GKph9fWDWHEk6QJ8IzqQnp5ml6VTJgJOr/+qqin0HD1E+OzkzbaVLY+VdFDsZiqSmJAajq2+/yd+YtMWNLv2WCBB5vNmb2/fszd/CN4yu/pW+dl2ndPNVK5atqve5RYARZ/YqNILxsQD8tr9EgyvTG/Fj/t54wLAA03abnNb1O6+fUSIgNcF9zcPCanud5X/qu2oWWMyfVMbHT5aKuS5vOl8ThaudHBhtgi1oltBB8rOLUa9JGA0N8PzGv4bmmniuPL4X8g880K3ndcFucBwDAyOPhSRhlv89Ov+/W0CfRSv7d3rU8FUnHRZHxrkuFXHbP87/ufOiemf370AiE06vjEjQM/SS7mYX1uTAP4Ja33mkNNRx9FR8RiGedH+Vy28BuZGQCYGmHmiVOxpLTAY6BxlVJz+/tg/A6LXd37BllWwjN8QD10s5etianZhfGBHCM0+zBjktWF4LtVucUt3dydSmWTAcDjOdclXV964B9M690Lk/MS9M/mpC+vqro5aNWbm/rzBdKpV+pgp96datyqu9v0aVforwYXdgI9Z1LqXe2v3tKlE6v/pFmA9RrNkFJbMz1net9rHC70TjF/ZMKNxZJhUcEFtxqWdf3t5vcr+0Lg8/cCAK8bEA/NeLnOPZTX3xWjSbVH1Sh74Kaerk58Wpl5PSdXnaC4XvCzGiYEElwNN0MTit9bZ1ap8dVXmI6A24kMJFOf789ftetoU8iamL9N1bonq4lWfDsTe3yGkIKADhnehnGl5bj7ciouMg23n7QTuxwRgIuuLAxzvHdS0pphqvaf14aNsgygJxa3ujbiyS1zPPDao1Ct6PuGZcWP5bhAaySZrCR9UxMar8yw9Teb2nn1WBEBHDPtXxNnvslE+IAAECW1FCkb8PUvLgi6qz0DVVFLx61Ts/rUvr13FQ73sCLkqROxWl7qjzxC7y/77WlssWG14Lts9tjzQYAAAhhBZ5/9FwvxFZXYjePJFFm7MpmtdoAtTtk+hkbQYCXDQg1StvbRXXxlyjvnu39kbX6x0ml+NI/UqJnX+h6uWI6jkuJMBKeSaWDvckZnlXezRcNu0EZQY0mM3G5fersjOlfXjseYQJKNJ1IKKS0/de+0QKA/B//zgMw4dl/zgrQni2QPdEurquUiHIwPZ9UuQfq616eVPxTaxLHh9X8sW6FBoJx9Y/5rF4y6x5h5YloQuj7a1yrqJeKl9c1xwNOUCanF1IyAwC2/nbbjc8Gyrkzs0YZSU3OTStVPatdWnXKBNTUQiocIJ2/6PBYq1QdSjheDCYSqUkRjyBPjojhGVI4LDj/iN9cQtaL+auRZJQeHHcKLO3tTjPdnlD3UEsAc//3E2YmCmd6yXIpI4Vm0mnRymULFbtBOTE8k860W37/1tAPQG4FPhlCfN2ViQ3DcBg13nfRKIaCwmnFqIIkAuEGJ5L5OF/vrf1o3SyUTEZJ9+KtTePC5kNJAaBqWm5gNCz1KqRMKkz5ynQjItc0yhYzvhB66JBF7bJB1EXpu1UVvUgtSoHz3xoUJfd9vvVSvuypM8nOqe3xZvM1qGuXNMOTY0GcZvnl8KSPhhx13WZ7jhA3Nf/fJmm7o+0Z+XcHjUhEBKA146PLhzLLssRD7Sy/tXcs/TYXbn91qJXPkmRmPi1B47Kwl93/AMu/xAUAp7i9p5Howi+zCgfV8vHOTpasLcaWN0KW9m7TmlxfjPGEEACoA7SqZ1oxnlr4R5ptWPnd3O7h6D8Xx+49X9qFM0uemgsAgBKbJO+1j6nl8c7XmNq5rcMSE5pbiyhs0zrXsppDuU6ozrMNoykl5uNKgKXW6Yedw5zyek4l4DU818jrzNzS6wW/U9zbz25uCtJEZuW17HOKO/vZbEVdDXEAVi6bvR5bWp9X2KZjXurnVh0vG54FokyHufdaaXIuzAEAeJXTAoRXVX/+5iWe53Yn1D3YEmjTdZ3y0UVyfv6NBJaW/XCwY/BiPDOf7jw8UZVMkBnYGnoCrlG2iBIdaT+o1YFVBy4rAiIHZ24d4E6nyqmUHU5JBnol1ZN3O3m7BQDASInl2V7vn5plkwulBACo2y4I4kAXSxBZsGp1AM6xahAIMfb58eGJYTeACYxOJRMJtTuJzbo0iTInf3tV0UtG5LDq3z3OnpB4WBUfmRbsGaeaJUTWxrst8dPNhnrXxYPymVF1qE+QBhYtDHDL7/88Nj0AABIILa0NLAn73I0MPTzpo58WNXL/67+O+gr42OpK6vEB73ZP3r3MHl7Jr5YjPAAQOZ65eZMcDSmaZtoQVtoF/mA6HVMIAHCTM/NV+89CyYpPS0ZRs+X0r2GFAQAQQ9Opi7/zJSeWEtp7AEL6wyxEjS+kxjgA4MaTkWK5YNowdk9N6ceTc0+d7RxPpUgo8LZYrI0nAu2/t1iqi8mVZJAHAFaNv0qZf+3WOm9l1OTSzWQsNRKRywXTAbV91GVDqaQaAAApNiVpe24oHVd5AJBiUUk7tGwIcdCs1hucHFR5AkBENTz3oqZ2/eS40Mx46cOxGZpVCLW1fFWdSwnEuve1j7YECESnEwoPAGp8QiqcQGQ61n4Ym5DOSmYNgjhl5InVSwe6LcfXO+sKKKVAmMH+jY8ApR69da9EautHekPJJPsHKMXY8kqw2Wp5zsezU237gF+bj3SOJ5cmq0wH2rugQAYDwz7CAPUoAHieB175eJcKycycyDSuCnpuZ6+xupSWCQBYZZMqM/J3qCp60fzB+cUF7eTkaCe/A1xAlJWxUGQyJN0af6jqeQOCmXhvaOvxZkMAAKyPhhJNLyY46pQ1bX+z3l35MIgLLq3LLqVNxy5p+odN/y9rcYl07yn6mRsZenjZgH5aREms969wujMI/oB6ce/YVtProU60jNYuNa18eV1vtgCAurQZvDnLEVHpGzqVFIkrONcu+O2q6zm5v97fhHupB2zgocXJPi4QuInxMQwDlN57x0PnrFjxj/9yMzWEn4iphZxuxmYVAuBYDuXHxnp/o19WBdK9bADPLmnFkunUmxSAuk6LC7S6/zB8oBvTIwxDCNw8BMIA9TwKQPzqpJo/OPizoY6rsqooSuDW4R49JSkZl/7UNVueNLWyMLX+SHfrsZbgEwLdIDHxM8TPBLrtye8nnW4iekKN8t5e1lGWevfO8pO7H0yLAmEGO1q0epbd0mlkOX1rNhHheBEAQJDkAFS3tFMrkpEBqHFxzQWjEnSDHC4d6Nu3qNftyxFoWTa78muyfWSSZgVwtvKFq9T8GAG79JGqs+2w7bdWFb1shA+mMsEUUNexLatycZ79u1SZXV4I9e6u4J7rxZqYXFL6+qafaDZKNDEXVcJyeyOitOx3/n1wWnbC8bvr/gjDCwwABERZ9jm/nxwb0aUg+cKNDDu8bEA/r69a4VTVc3k3uLTcPWxRM7t5ZI2/WlwbFRkC9OPu70ePvL1zbPNaRIqvrX/uemUCvk+/iNp6waaO/dd/lXtltAXkrDStRO49v/aOtM3S3n7WCy0tzai8H6BZ2vxLG6jArfrcgwul34zahnFlmhfZ/BFVplcXJ/CY+lwwY6lo8e/dvcsmDS9PPNzd+g4tAT2RRuVgb98aWXg907f2iZd4KNUcCr1jXa3qAjswp8g5z23mG6HFhdRj4XteFIhXr3sgM9Qqm4y6LHb3wcF1td7fY6hWG8AHeIB2yoz0TejgRySWWnUPgLMqJlXSnZ1+x6qiF4xwghwU5GBQ2ft7q3CZCnVPlNTWtCtm8tadnT/RbBh5IjywdVHhfWatAfDo2YkJiBz9WGsA8F+/kaGEX0s0dAgA3B/NB2rpuzqNL/StvmpUrz1WDY+J7chGo+70hz1o1ez7KSTbtD1OGOFAUERSN0339vYBAIjfB63ml08M9yqnZVdOra1sbPT+92YjE+asgm4DgCALpG5f9XbaNA2nWznHrtFAMKR27lZRt93WA/t5DOGl4FQkPT+3sRb1G2dntc94D/pRxGg82LIbSqxvfP+u79MS0A/XMLJ7+6Y4t5oODlwU+pWgSI3LvuNQtVxxOEW9WS3glLObuXpwcSGtDIwQUq85eBx0rqtNhmOZ9i1TyWio25BEVeZqVyW791bzwvQCowoHAMK4wkHt2u5tq3FtN4ggMAB2+cpTxruH06+vKnr5qOt+YrDSOdNK3mjy9sy0TzQbz20MbJdWrXqLDdyKnFDv1t7d6rULHN+5EP68jSDA0Qb0U6NN123c+t0GhgA/IsDZpV5R4oog9H8DqJXbL5PkYqx/IRQ7MsqdVgoXU68mBGqd5kr2QPyhZeRzRZIISVC7LOwX6nIqIwOAGk0GdnI7GsmEVZ64tnVeKLkTc3MhP/AjI8xpWbsIpmXez3Kf+xV0irrFTC7E5Fv3kuZTydG3uWI5mQmpkTC/m9/RuLmI4m9a55pmAXSOe4IikWLpzAglVLZh5PVK40v/NavFvbP6eHhKDQikZZtWg3AS3rn/WSFyZnXFZYVH29S3twT04zXN7N6HCza5GJOh7tQBAMDHcJyfAAiT0VAhu7/NplPtu9ofnzZGM4lOl9+t5DYPrgPp2bjgOfV2uIIwPMuAc7q5rVM5HJtQJYGh7tWZrtUCsTkZgFoXJhmb7S1jkSKp4OX+TpZ/FVE5qBmn2TIE5yfb/TYpHg9eHO3vsOnkhEQaVlHLW3xkTSZQLRue0jdq8LVVRS9fvfzhbYGqodikIgp+QhvX5bN8xRecHe+cTz0zr1eFqcXwnb76o82mqm3ulIgaiY2rAY541bKul2BsYZIHAM/QdgsQm0+q9HL338c1eSI6NTYisMSzi3nd5CZedxYIPbYRdAt+H9HPiWFZWj7+4/fj/kJhavFNRmImkhkjm9v7UApM/bIe5ji/X/ADgFcplmpNmtv6n7nO64mSerM6kV5MZbP6u/+dJ4IcnklGqhptjzwwDMeNJTMjldxevn0D1uRcJto+Bgqx5Xkmf6Jtbu16wAmCPB5JtY9QRE7Px3azJ+//aJLA5MpGhONIuwKdnfpZxn/nTFk3Kw05nrjnzg7cRCx8clAxaSgopVdekayefVf2CCtPxBcy5EOR9QMA+IOzc6mD/P7bPz0iKPFEKuictHfKsAzT6s0tZhiO8d3snTB+jvFxBAAEZZzL64d/HzRcCpykRBenQ3j8eGoMyzCe/+bTI7zQd03LcCzbOcb3PtaHWwLxcwzbW3pIWIZhmb6mwDEMd3tr6IfwjJNzh1Inv7nZuzsWCIn1lZQEwCiZ1Vf5rJ7bPHPBL8hjmdXp7lLOelk3HNpysjt/9N7oUzKvX08JidVFTi8UT7VizaPEL0hKajkRkwiAVTbbP7Rwgw3NL9Dcsb63m/OACcjh2YXOAQ0AuPGFNaJlTzsVkJT4ciIhEahdXjZGpvtv0/uVVcX4xMvHh1fWWF0v6YelqtsC4hclJTqfigW7awjNsknG5+L33VL1sWYjptcWJO30VDs6dZrAMAFlYmkt2h6R8+qOZYHbBOAnltaZU610dpRz3CZlGEkJraRvphU8thF0iy++9j+eug7oBfh//+9JAIDudIYWtAB8ncet9sOBR31lA1mP+kZHvv4K/uq6/i1vR+hFwHY+JJ7pB10vvd+qz2wkv/GmWV45++5yYmP+/ntJo5/DV7Rh8+CvLDu3kfq6H134eXzj1//qus6QFvgAwOcDAB/42oskfX3/AfSXQedx6+ZB+/8Z/xd8R5kW9BZjYh7zD+URQggNBT78euMzXvYpTCjzJvQdtoN+MgzLshyuXXmpmP5+IeYx/1AeIYQQQugbSanl109dB/TVSHvWCaaYPp4ihBBCCKFhRtoRZUwxfTxFCCGEEELD7J7RBrhTguVYjhBCCCGEhhlp3w3nblwZy7EcxxkQQgghhD2Ewb8AACAASURBVFAb6buP5u0Uy7EcxxwQQgghhNDA2oZbMWYsx3Icc0AIIYQQQm3keca2sfy5lSOEEEIIoWF2e20D5jF/bx4hhBBCCA2z22sbMI/5e/MIIYQQQmiY9UYbMMX0kRQhhBBCCA0z8uT9UUxfRIoQQgghhIYZeSZzYDD//PMIIYQQQmhokWey4hbzzz+PEEIIIYSGFnmG9/rE8udZjhBCCCGEhhaBVl9cuS+P5Vg+UI4QQgghhIYYAV9fXBnzmH8ojxBCCCGEhhgDLfD5oIUppo+mz8fVdf2pq4DQfxy28yGBHzR66bANDxWmHVHGFNNPpM/G6Aj/1FVA6D/r6rqO7XwY4AeNXjpsw1/thV5uddc2tFq9ee0DKZZjOa5tQAghhBAadqQbUfY9EGnGcix/XqMNCCGEEELoxyPQakFfjBnzmL8/jxBCCCGEhhgBnw9avRgz5jF/fx4hhBBCCA0xAu2b83fiypjH/AN5hBBCCCE0xG5GGzDF9NEUIYQQQggNsb7RBkwxfSRFCCGEEEJDrD3a0HogxozlWI6jDQghhBBCqDPa4HsgxozlWI6jDQghhBBCaGBtw3OKbWP5cytHCCGEEEJDjHxl7BnLh60cIYQQQggNMQLQF1fGPOYfzCOEEEIIoeFFAPriypjH/IN5hBBCCCE0vLqjDZhi+okUIYQQQggNr+5oA6aYfiJFCCGEEPomnv3RqNGnrgX6SgQAHowuYzmW42gDQgghhL4Tu5DPlZynrgX6SgQAHowuYzmW42gDQggNK7ecfXtgfnNkmBoHW1vnze9TJ4TQ02GePoaN5S+j/IWxclt/FW7HM4To4pu0VNW3N83wxvIEAwBg597ulpW5NxmZfPE+jv/YoZlfZ9Qveid1yueONDUmdh43SttbRXXplyj/2ZtoGgfb+9Xw6lpYfPR17vn+26K8thZ5/GXo5bLzW1tWeG01JNx9rn6x9feZuLiSlsE933+ba6XW5yOf38oe9n23hj4DdYyyppcNy3GpjwmMBGOJ9JTI3Dxd/5jP6mXTccEvyuPxdCIsdY5KtPZR04oVs1p1W4QTlPFoOj0uks5Wy1qhaFzXag0XiBCQgvFkKiT0Hc+axpnlDyYIANBqKXeiX1xXPeACcig5nQrxnc1Usv/a+egNVJiLrb1Oyzf1uyoZMBL1P15V1yxr+oVpO47bBE6QldD0q7DCAPpZNEz95OjMtJ0mhZ1/VeRgLJaakhiAqr79Ln9n3hIztvRbJnjTHGm9ks/nziH+j/kI1/+6plU4PiyYtkOBE9TJeCalcHAbrZunWql8Va3XPQqMIKv9bc/Mvn9/5g7ufXzlt/SXndyHAwPQAuhGlFuYx/wD+ZfGazSIMr0xP9b/rScMCwBNt+l5TQ+AAQDg1EiIDXBfc3Dwmp7neZ/xwgG1Cy1nTqpjYqfLRV2XNp0vicPVzo8MNsAWtUpoIfhYxanXpI0Ghvh+Yl7Dc009Vx5fCvkHn2lW8rrhtjgPAICRx8OTMMp+n51+362hT6KV/Lu9a3kqko6LIuNdlwq57J7nf9350D0z+/ehEQinV8claBj6SXYzC+tzYR7ALW+90xpqOPoqPiIQzzo/yuW2gd3IyATA0g41S5yMJacDHAONq5Ke39sHoa+77xllWwjN8QD10s5etianZhfGBHCM0+zBjktWF4J+AKDNJmXG5tYSSu9oxHB9l5TUvDT9ownp8apeZLPnoE4mo4LIEa96dXJ88mHPv7E8cbcLiF4gauX2ts58oVT6lSr4qVe3Kqf6/hZd+iXKi9GFjVDfuZR6Z/u7p0Tp9urBs0r7e7rhAqWCNxjGrBb23+eboXR6VmG964ujw+wmnVtP34oDOsX9kwo3FkmFRwQW3GpZ1/e3m9yv7QsD6jWboCQ25vo6DD5WwGuG+7Qv5PsjypjH/EP5l4b4OY791BefVaNJ9QdV6Lugpl5uTrxaGTl9p5edYPieMDMaJkQSHE03g9N9nTag1ulxlZeYzoAbCUyk099vj991a+iTiJpY/40VunF3SRY8e1O7vIaQAgDOmV6G8aXleDsyKi6yjbcftBM7nJGACy5sjHN895JSmuGq9p+Xhg2yDCCnljf69iJJLfP8sFqj0O1xecalxY9leACrpBlsZD0Tk9qvzDC191vaeTXYHckkfiHAP3AsoubFFVFnpU9UdWJpY6K/Nmz98t1ZtQGAlw0/A2qdntel9Ou5qXa8gRclSZ2K0/ZUeeIXeH/fa0tliw2vBbstitZME6YyG4q5uWkNbtbUtKqUWpmb4gEAAskVcP84KJTj8+GBdiPEVldiN48kUWbsyma12gC1e31LCCvwPF4pfFL7OOTrjTlgiun96c+qUdreLqqLv0R592zvj6zVP04qxZf+kRI9+0LXyxXTcVxKhJHwTCod7EXSPKu8my8adoMyghpNZuJy52DVHtO/vHY8wgSUaDqRUEhp+699owUA+T/+nQdgwrP/nBWgPVsge6JdXFcpEeVgej6pPnSqdC9PKv6pNYnjw2r+WLdCA7Or6h/zWb1k1j3CyhPRhND317hWUS8VL69rjgecoExOL6RkBgBs/e22G58NlHNnZo0ykpqcm1aqela7tOqUCaiphVQ4QDp/0eGxVqk6lHC8GEwkUpMiziB4ckQMz5DCYcH5R/ym21Yv5q9GklF6cNwpsLS3O810e0LdQy0BzP3fT5iZKJzpJculjBSaSadFK5ctVOwG5cTwTDrTbvn9W0M/ALkV+GQI8UGnpGEYDqPG+y4axVBQOK0YVZBEINzgRDIf5+u9tR+tm4WSySjpXry1aVzYfCgpAFRNyw2MhqVehZRJhSlfmW5E/GSnntplg6iL0qeqOvAez77USm5gakK6Z4voJWpRCpz/1qAoue8QUi/ly546k+yd2ogcn1sCANu8/Vrro0nFeN8ZmQmOKwdHFYuGHx6Kp65d0gxPjgVxmuWXuxltwBTTT6Y/Jeq6zfYcIW5q/r9N0nZH2zPy7w4akYgIQGvGR5cPZZZliYfaWX5r71j6bS7c/upQK58lycx8WoLGZWEvu/8Bln+JCwBOcXtPI9GFX2YVDqrl452dLFlbjC1vhCzt3aY1ub4Y4wkhAFAHaFXPtGI8tfCPNNuw8ru53cPRfy6O3XvMswtnljw1FwAAJTZJ3msfU8vjnb47tXNbhyUmNLcWUdimda5lNYdynQkHnm0YTSkxH1cCLLVOP+wc5pTXcyoBr+G5Rl5n5pZeL/id4t5+dnNTkCYyK69ln1Pc2c9mK+pqiAOwctns9djS+rzCNh3zUj+36njZ8CwQZTrMvddKk3PtAJtXOS1AeFX1529e4nlud0Ldgy2BNl3XKR9dJOfn30hgadkPBzsGL8Yz8+nOwxNVyQSZga2hJ+AaZYso0ZH2g1odWHXgsiIgcnDm1gHuLGpyKmWHU5KBXkn15N1O3m4BADBSYnk2dHMZQM2yyYVSAgDUbRcEcaCLJYgsWLV6dyyANgw9d3Rm2i4wASnUv0bCujSJMid/VlVpJfevvUuPAoBPCM2sxnFZ1s+CyGHVv3ucPSHxsCo+Mi3YM041S4isjX/OKBOt1z3CDzRNwgscfKw1AO5cE7jl938emx4AAAmEltYGloRR77p4UD4zqg71CdLAygfUD0cbMP1pRxuokftf/3XUV8DHVldS8iPvAGj35N3L7OGV/Go5wrfjHJmbN8nRkKJppg1hpV3gD6bTMYUAADc5M1+1/yyUrPi0ZBQ1W07/2lnPJ4amUxd/50tOLCW09wCE9IdZiBpfSI1xAMCNJyPFcsG0YeyemtKPJ+eeOts5nkqRUOBtsVgbTwTaf2+xVBeTK8kgDwCsGn+VMv/arXXeyqjJpZvJWGokIpcLpgNq+6zMhlJJNQAAUmxK0vbcUDqu8gAgxaKSdmjZEOKgWa03ODmo8gSAiGp47kVN7frJcaGZ8dKHYzM0qxBqa/mqOpcSiHXvax9tCRCITicUHgDU+IRUOIHIdKz9MDYhnZXMGgQf/wah/7h66UC35fh6sB24pZQCYQb7Nz4ClHoUBocVqK0f6Q0lk+wfoBRjyyvBZqvlOR/PTrXtA35tPtI5nlyarDIdaO+CAhkMDPsIA9TrDmdSz6pY0eTslMg0rot6bm/3ZuWDVTapMiN/XlVJcHp9PUqBNqzL4/zRdpZdy8gYm/gp+IPziwvaycnRTn4HuIAoK2OhyGRIujX+UNXzBgQz8c8bZvJoC4hvsEn5iQ9a3n2xTi64tC67lDYdu6TpHzb9v6zFJdK9p6j10VCi6cUER52ypu1v1jurbtCge0cbfA/Em7F8yMtfGKIk1vtXON0Zr39Avbh3bKvp9VBnySetXWpa+fK63mwBAHVpM9g7y4lK34i7pEhcwbl2wW9XXc/J/fX+JtxLPWADDy1O9nGBwE1khWEYoPTeOx46Z8WKf/yXm6kh/ERMLeR0MzarEADHcig/Ntb7G/2yKpDuZQN4dkkrlkyn3qQA1HVaXKD7sRI+0A0/EoYhBG4eAmGAeh4FIH51Us0fHPzZUMdVWVUUJXDrcI+ekpSMS3/qmi1PmlpZmFp/5MZgj7UEnxDornQmfob4mUC3Pfn9pK+biJ5Io7y3l3WUpd69s/zk7gfTokCYwf45rZ5lt3QaWU6HBqO4hONFAABBkgNQ3dJOrUhGBqDGxTUXjErQDXK4dOAypEW97iUAo0zNzbPBUGfsUcqIUH+fLRhecIIBu/SRqrPtsO3nVNUvtA8sAXGFbfyxUygnb902B71YhA+mMsEUUNexLatycZ79u1SZXV4I9e6u4J7rxZqYXPrcG2gxfh/Q1mCTatIW+Jh7Y52E4QUGAAKiLPuc30+OjehSkACAEk3MRZWw3K6JKC37nX8fnJadcBwXD96Gow2Y/rSjDfBVK5yqei7vBpeWu4ctamY3j6zxV4troyJDgH7c/f3okbd3jl9ei0jxtfXPXa9MPudfmNp6waaO/dd/lXtltAXkrDSt3H9m7R1Nm6W9/awXWlqaUXk/QLO0+Zc2UIFb9bkHF0q/GbUN48o0L7L5I6pMry5O4DH1uWDGUtHi37t7l00afuzmM9+hJaAn0qgc7O1bIwuvZ/rWPvESD6WaQ6F3rKtVXWAHJm4457nNfCO0uJB67EbTvCgQr173QGaoVTYZdVns7oOD62q922MAAKhWG8B3Lip5JRzq3w47IvFQceoAjFUxqdK9q81nVfUGEYWBeVDoZ0E4QQ4KcjCo7P29VbhMhbonSmpr2hUz+QV3diYCz9Fqtd5b2Qy0XnWhF/54CBMQOXozl4mRJ8ID2xUV3mfWGgB4irut/eV9DvPmMX3+6U+CAMD90Xyglr6r0/hC36K9RvXaY9XwmNgOiDXqTn+0jFbNvp9Csk3b44QRDgRFJHXTdG9vHwCA+H3Qan75xHCvclp25dTaysZG739vNjJhziroNgAIskDq9lVvp03TcLqVc+waDQRDauduFXXb/ZrPlPBScCqSnp/bWIv6jbOz2me8B/0oYjQebNkNJfbo+P73aQnoh2sY2b19U5xbTQcHutF+JShS47LvOFQtVxxOUW+WBTjl7GauHlxcSCsDI4TUaw4eB53rapPhWKZ9y1QyGuo2JFGVudpVye691bwwvcBo5/b4XsMd2FDz2m6AIPAAdvnKU8a7h9PHq9p0B4+K3rVdpyyP1ww/Ceq6nxisdM60kjeaTH7JbyhJYwpTLVfqNwVe5dICOXh7G9S7tXe3eu0Cx3cuhD23MfA0rVr1FhvAxneP/oGg/rkomMf8rfwLRJuu27j1uw0MAX5EgLNLvaLEFUHo/wZQK7dfJsnFWP9CKHZklDutFC6mXk0I1DrNleyB+EPLyOeKJBGSoHZZ2C/U5VRGBgA1mgzs5HY0kgmrPHFt67xQcifm5kJ+4EdGmNOydhFMy7yf5T533q5T1C1mciEm37qXNJ9Kjr7NFcvJTEiNhPnd/I7GzUUUf9M61zTrJlAnKBIpls6MUEJlG0ZerzS+9F+zWtw7q4+Hp9SAQFq2aTUIJ+Gd+58VImdWV1xWeLRNfXtLQD9e08zufbhgk4sxGepOu4/kYzjOTwCEyWiokN3fZtOp9o8hHJ82RjOJTpffreQ2D64D6dm44Dn1dsecMDzLgHO6ua1TORybUCWBoe7Vma7VArE5GYBaFyYZm+0tY5EiqeDl/k6WfxVROagZp9kyBOcnRQAAahxtfzD4UDQUlAMC8a5Ket70h5fHGajqhqf0DXA8UlVqHL/duQqEwpHxEVEgnl05yX8kwXQIJ5f/HOrlD28LVA3FJhVR8BPauC6f5Su+4Ox453zqmXm9Kkwthu/tq3sNp0nBaQJtNZy6A8CwPEMAiBKPi3/nD/ZJItb53QaTm1poz8TzDG23ALH5pEovd/99XJMnolNjIwJLPLuY101u4nVngVBV29wpETUSG1cDHPGqZV0vwdjCJDa+e/SfX1qYx/xn5F8GhmVp+fiP34/7C4WpxTcZiZlIZoxsbu9DKTD1y3qY4/x+wQ8AXqVYqjVpbut/5jqvJ0rqzepEejGVzerv/neeCHJ4JhmparQzpZfhuLFkZqSS28u3b8CanMtE28dAIbY8z+RPtM2tXQ84QZDHI6n2EYrI6fnYbvbk/R9NEphc2YhwHGlXoLNTP8v42ds9v7pZacjxxD13duAmYuGTg4pJQ0EpvfKKZPXsu7JHWHkivpAhH4qsHwDAH5ydSx3k99/+6RFBiSdSQeekvVOGZZhWb24xw3CM72bvhPFzjI8jACAo41xeP/z7oOFS4CQlujgdwrWKT41hGcbz9+5TyAt917QMx7KdY3zvY324JRA/x7C9FauEZRiW6WsKHMNwt7eGfgjPODl3KHXym5u9u2OBkFhfSUkAjJJZfZXP6rnNMxf8gjyWWZ3uLuWsl3XDoS0nu/NH740+JfP69ZSQWF3k9ELxVCvWPEr8gqSklhMxiQBYZbP9Qws32ND8As0d63u7OQ+YgByeXegc0ICos8srhcJJSd/XPA/8gqTEFxMJhUDt8rIxMt1/m96Hq0rU1PpiWStcaAcFx2sRTlAm0qupz7qdDnoB+PDKGqvrJf2wVHVbQPyipETnU7Fgdw2hWTbJ+Nz9985yTja3O/f7Ajjd3DwF4Kbm/5mRAUCMzq3A8aGe+yvbBC6gTmUyqc6J0qs7lgVuE4CfWFpnTrXS2VHOcZuUYSQltJK+mVYgptcWJO30VDs6dZrAMAFlYmktGsTGdx9f7PX//2zi2Zh/vvn/7/8JQ9/lQwv6lkq32g8HHvWVDWQ96hsd+for+Kvr+re8HaEXAdv5kHimH3S99H6rPrOR/MabZnnl7LvLiY35++8ljX4OX9GGzYO/suzcRmrY7677jV//q+s6Q1rgAwCfDwB84GtPDPH1/dedLHLzqN1zu3nQ/n/G/wXf0f47KQHmMf9oHiGE0M+OD7/e+IyXfQoTyrwJfcbr0JBhWJbl8EZ8L1X/FYYP85j/jDxCCCGE0NeQUsuvo89vkA19nv7LhucQz8b8888jhBBCCKGhg3MOEUIIIYQQQp+Alw0IIYQQQgihTyDPYdYL5p9/HiGEEEIIDTPyHNbYYv755xFCCCGE0DDrTFJ6DvFszD//PEIIIYQQGk6dy4bnEM/G/PPPI4QQQgih4YRrGzCP4wwIIYQQQugTcG0D5nGcASGEEEIIfUJntAFTTB9PEUIIIYTQMOuMNmCK6eMpQgghhBAaZjjagCmONiCEEEIIoU8gPoBWX1wZ85i/N48QQgghhIYZaXV7h9DtI2Ie83fzCCGEEEJomPVGGzDF9JEUIYQQQggNM/Lk/VFMX0SKEEIIIYSGGQMP9BSxHMtvlT8TV9f1p64CQv9x2M6HBH7Q6KXDNjxUGLivj4gpprfS52N0hH/qKiD0n3V1Xcd2Pgzwg0YvHbbhr/ZCL7fIk8ewsfxFlCOEEEIIoWFGbmLJD8WYsRzLn9VoA0IIIYQQ+vHIM7m/J+affx4hhBBCCA0t8kx+TQzzzz+PEEIIIYSGVme0AVNMP5kihBBCCKGhRW66hD4AaPVizFiO5QPlCCGEEEJoiJGbLmELAHx90WUsx/L+coQQQgghNMRIJ6J8N8aM5Vg+OOaAEEIIIYSGFulElO/GmLEcywfHHBBCCCGE0NC6vbYBHog3Y/mwlyOEEEIIoSF2e20DPBBvxvJhL0cIIYQQQkOsO9qAKaaPpwghhBBCaIiRm4gyppg+liKEEEIIoSGGow2Y4mgDQgghhBD6BAI+gFZfXBnzmL83jxBCCCH0bTz7o1GjT10L9JVIp194E1fGPObvzSOEEEIIfRu7kM+VnKeuBfpKfaMNmGL6SIoQQmjIuOXs2wPzmyPD1DjY2jpvfp86IYSeDvP0/VFMX0T6ItFqpaQVKqZddz0gHC8pY7F4NCSRp67YHa5d1IrFj1bNaVLiFwKSGo4kozL31PVCz5yd39qywmurIeHuc/WLrb/PxMWVtAzu+f7bXCu1Ph/hv8NOv+/W0GegjlHW9LJhOS71MYGRYCyRnhKZm6frH/NZvWw6LvhFeTyeToS7Rzla+6hpxYpZrbotwgnKeDSdHhdJZ6tlrVA0rmu1hgtECEjBeDIVEvqOj03jzPIHEwQAaLWUO9EvrqsecAE5lJxOhXjSV8GKph9fWDWHEk6QJ8IzqYnegZZelQwYifoBGtZZ4bhoWjXXA78gKVOpREJhP11V9DNomPrJ0ZlpO00KO/+qyMFYLDUlMQBVfftd/s68JWZs6bdMkMDjLRygaRWODwum7VDgBHUynkkpd0+dtG6eaqXyVbVe9ygwgqz2b8TMvn9/5g7ufXzlt7SKze8O5nZE+aFIM5YPefnL0zSyOx/OPXkyko6PCAx4TtW4KGX/Np315UTgqWvXh9bKHzaPLf9YJDmjBlhCvap1WdT331qv/jk/hkct9Aiv4bmmniuPL4X8g880K3ndcFucBwDAyOPhSRhlv89Ov+/W0CfRSv7d3rU8FUnHRZHxrkuFXHbP87/ufOiemf370AiE06vjEjQM/SS7mYX1uTAP4Ja33mkNNRx9FR8RiGedH+Vy28BuZGQCYGmHmiVOxpLTAY6BxlVJz+/tg/A6LXd37BllWwjN8QD10s5etianZhfGBHCM0+zBjktWF4LtVucUt3dyden/tG+mT4kjUQB/NLlIzGQixghE1IiIgzPquu7//3nP2hEHhkMhchgjZGLMQQjtfgAHcB1nt2prd9zK70NX5VWn86ryqvtdncmqyQQR+rdGu12qkSe7wjQ8sQZW/NU6B1a9XBqQsqJkeIbAfr+tNc/OiePd1NdUjXj5YPv8Y+kqJm2q2yITx+HQ7nfa1RJ+c5im2XThWArn5oZX1UoHCVOv/hkLB3C71ffNsaSqOwIZ3t1cNOqnOH+kPjIbv1e97FOvU5vyEkNC4BrtdvVsTH0/CQxwOB6DsH6cnztwYyQTWd5TRNWGaPxr40sjNC4qV1gqFvPig3fDc6IkKZ4P31LMAOBqFc2i1w/fzrInvCDI6bQzIqNdK+KrII7xtbaV3BDmzAXbnZZLc8S0gRglVlT1n/viP7paxFdB4vrRDyTzUFzgeCZ0TrXBHUgCAPhXbQOW3xSVSWaU3SNHv3zQLh05xwGVLBwvU/RDSMltUa7z68B0gOcB+M3i8dxXOO7eum64HoYHjys0Bzb9OkcD2LpmkqmjXIabzMwR3vuSdu0mUyxAcK01PT5/mJMmOV6eE6XU3MLYurlF4g4HAJu7JypNTZdneQ7f/djqW+PUavx5VSNePNjuXA859V1+bXIi0yzHiWsKBgQAgOIMHZ+bqxs2KR8kJ0XU5ywcW5rmcpv7+TUaACCR3Yfgp1rXUHblhYoDk3m7n/n8xLE84fRPXXcE4kPJFCGSoenozP0qxBM+4reQ247k35r8hTHUuxYWNjbFxxlRKjHr5sDeoHneMyw/hDgjrKg55WEHGZnN1sW15QWAmKWkoqhrHAEAMNLPznRxS3a6muHCWuFE5UJbr9d7fW8MBJNUspLbOr/fONmZnHRju6s1up+cACOKTSob830FUx0sXXfI1IH8uHMK0dzDdua2y6e2VBBvG5rp0crxgcxMGgYGd36IiISQVmeF/sDs1ZuG5Y0wovmVdG5S5cdW5ec2s52Bq7ZuDUNEcitKIbf8RGdLxEsDsfIW6ja6/nfK5/857DVvl7JpXGtNBbb2S3msfr8lIoDA7rX13uDO80OgGGF1o7DJEwAAVvXHS2IrDVdt3Q4wwUlbqsra5/Vu3xlhipW31FySfrxaxL8AepT4JBCKwVQyMk2fEJW5oJGVkkynb7rAsYCoxUayGBWbvToPHlpd3SIEdZZvHZs3Di1lGQDXsoPEK5mbKSSsCoRxawUplhqbhk0sF6QvtVRixzCRuMcBABD0wixEIAAcm+Sl/rKqES+Se4yBij8qiqKn/u9QbxqhuJWdhq/PWrj9ycKskpyZDpFcFmoXfRvLyS/aDg4cXTNDPpOM2iz/PgTc30Ms9pS/GMkj+dz4ssCe7d0nlGfvBgSDymkrWFUP9gQGhmbzvFLS9o+yPMJWvfxhwGR3ijIfH1m9Wq1SCouHCgOAgyC0mudhMq0WN3ieBU8vnbbH0sa7N2ICXKOpVfs+FkcYAAF2mpXSTULd25c5MnRuquVqJV7clxYiGd92A2JJ5L6sJ8A4GAVmqxKsZLcLAp9gwO+dfdRQunC4I1DgGq1yuY4O9jIJCM2L3z+64nb+RGJQ4PRqtbNG/HhHQHgUBt5lQ89s5472SGx1KuWL6hL/bi1qNPkfgIQNmXqv6av5SYIt7He6IL8V483PU8IwCMNJE0DomOaYW99VhASJ7c6HcuNceJcXEeBxEPjGxU12d/eEA1urf6iVTZpVcrvq9PFSFHJJYmG1iP+AwDRsJKSXJg/eEEhxIaxIsBRcBUMA9vGbdytFVQAAAK5JREFUft/wKSE7V3B1L38rN517AACCWy/uzLx/bBkWJW0yADB0AmDYBReLYUmwvSEA5dseJCTCuW41Lk1nBETi1Vp2ff1zysYeWEjIP1UyCM2BDUtZ4Un37s+qRrxkEC+L8UqrfokUWWSpL4eDodnRbCZ1sPxgic9ZODMchoheME1EMxR88kYAf4oJAuP9ry0rBABACenNwcKVMBze9WrGlen6OMZw4uL1iYgZfwCPxXlf8FVx4wAAAABJRU5ErkJggg==' />]]>
    </system-out>
  </testcase> <!-- dashboardTest -->
  <testcase classname="com.seledoc.tests.vendorPortal.VendorPortalTest" name="dashboardTest" time="3.695">
    <error message="element not interactable
  (Session info: chrome=127.0.6533.72)
Build info: version: &#039;4.16.1&#039;, revision: &#039;9b4c83354e&#039;
System info: os.name: &#039;Linux&#039;, os.arch: &#039;amd64&#039;, os.version: &#039;5.15.153.1-microsoft-standard-WSL2&#039;, java.version: &#039;22.0.1&#039;
Driver info: org.openqa.selenium.remote.RemoteWebDriver
Command: [0e8b7fa0c0f710dcd8f28a29af152537, clickElement {id=f.1174BD5E06549A8206277EDF09C979D2.d.CC233A1550DED307476BBFC0CD905945.e.32}]
Capabilities {acceptInsecureCerts: false, browserName: chrome, browserVersion: 127.0.6533.72, chrome: {chromedriverVersion: 127.0.6533.72 (9755e24ca85a..., userDataDir: /tmp/.org.chromium.Chromium...}, fedcm:accounts: true, goog:chromeOptions: {debuggerAddress: localhost:37281}, networkConnectionEnabled: false, pageLoadStrategy: normal, platformName: linux, proxy: Proxy(), se:bidiEnabled: false, se:cdp: ws://172.18.0.6:4444/sessio..., se:cdpVersion: 127.0.6533.72, se:vnc: ws://172.18.0.6:4444/sessio..., se:vncEnabled: true, se:vncLocalAddress: ws://172.18.0.6:7900, setWindowRect: true, strictFileInteractability: false, timeouts: {implicit: 0, pageLoad: 300000, script: 30000}, unhandledPromptBehavior: dismiss and notify, webauthn:extension:credBlob: true, webauthn:extension:largeBlob: true, webauthn:extension:minPinLength: true, webauthn:extension:prf: true, webauthn:virtualAuthenticators: true}
Element: [[RemoteWebDriver: chrome on linux (0e8b7fa0c0f710dcd8f28a29af152537)] -&gt; css selector: #logoutModal a]
Session ID: 0e8b7fa0c0f710dcd8f28a29af152537" type="org.openqa.selenium.ElementNotInteractableException">
      <![CDATA[org.openqa.selenium.ElementNotInteractableException: element not interactable
  (Session info: chrome=127.0.6533.72)
Build info: version: '4.16.1', revision: '9b4c83354e'
System info: os.name: 'Linux', os.arch: 'amd64', os.version: '5.15.153.1-microsoft-standard-WSL2', java.version: '22.0.1'
Driver info: org.openqa.selenium.remote.RemoteWebDriver
Command: [0e8b7fa0c0f710dcd8f28a29af152537, clickElement {id=f.1174BD5E06549A8206277EDF09C979D2.d.CC233A1550DED307476BBFC0CD905945.e.32}]
Capabilities {acceptInsecureCerts: false, browserName: chrome, browserVersion: 127.0.6533.72, chrome: {chromedriverVersion: 127.0.6533.72 (9755e24ca85a..., userDataDir: /tmp/.org.chromium.Chromium...}, fedcm:accounts: true, goog:chromeOptions: {debuggerAddress: localhost:37281}, networkConnectionEnabled: false, pageLoadStrategy: normal, platformName: linux, proxy: Proxy(), se:bidiEnabled: false, se:cdp: ws://172.18.0.6:4444/sessio..., se:cdpVersion: 127.0.6533.72, se:vnc: ws://172.18.0.6:4444/sessio..., se:vncEnabled: true, se:vncLocalAddress: ws://172.18.0.6:7900, setWindowRect: true, strictFileInteractability: false, timeouts: {implicit: 0, pageLoad: 300000, script: 30000}, unhandledPromptBehavior: dismiss and notify, webauthn:extension:credBlob: true, webauthn:extension:largeBlob: true, webauthn:extension:minPinLength: true, webauthn:extension:prf: true, webauthn:virtualAuthenticators: true}
Element: [[RemoteWebDriver: chrome on linux (0e8b7fa0c0f710dcd8f28a29af152537)] -> css selector: #logoutModal a]
Session ID: 0e8b7fa0c0f710dcd8f28a29af152537
at java.base/jdk.internal.reflect.DirectConstructorHandleAccessor.newInstance(DirectConstructorHandleAccessor.java:62)
at java.base/java.lang.reflect.Constructor.newInstanceWithCaller(Constructor.java:502)
at java.base/java.lang.reflect.Constructor.newInstance(Constructor.java:486)
at org.openqa.selenium.remote.codec.w3c.W3CHttpResponseCodec.createException(W3CHttpResponseCodec.java:200)
at org.openqa.selenium.remote.codec.w3c.W3CHttpResponseCodec.decode(W3CHttpResponseCodec.java:133)
at org.openqa.selenium.remote.codec.w3c.W3CHttpResponseCodec.decode(W3CHttpResponseCodec.java:52)
at org.openqa.selenium.remote.HttpCommandExecutor.execute(HttpCommandExecutor.java:191)
at org.openqa.selenium.remote.TracedCommandExecutor.execute(TracedCommandExecutor.java:51)
at org.openqa.selenium.remote.RemoteWebDriver.execute(RemoteWebDriver.java:523)
at org.openqa.selenium.remote.RemoteWebElement.execute(RemoteWebElement.java:224)
at org.openqa.selenium.remote.RemoteWebElement.click(RemoteWebElement.java:77)
at java.base/jdk.internal.reflect.DirectMethodHandleAccessor.invoke(DirectMethodHandleAccessor.java:103)
at java.base/java.lang.reflect.Method.invoke(Method.java:580)
at org.openqa.selenium.support.pagefactory.internal.LocatingElementHandler.invoke(LocatingElementHandler.java:51)
at jdk.proxy2/jdk.proxy2.$Proxy16.click(Unknown Source)
at com.seledoc.pages.vendorportal.DashboardPage.LogOut(DashboardPage.java:83)
at com.seledoc.tests.vendorPortal.VendorPortalTest.dashboardTest(VendorPortalTest.java:51)
at java.base/jdk.internal.reflect.DirectMethodHandleAccessor.invoke(DirectMethodHandleAccessor.java:103)
at java.base/java.lang.reflect.Method.invoke(Method.java:580)
at org.testng.internal.invokers.MethodInvocationHelper.invokeMethod(MethodInvocationHelper.java:139)
at org.testng.internal.invokers.TestInvoker.invokeMethod(TestInvoker.java:664)
at org.testng.internal.invokers.TestInvoker.invokeTestMethod(TestInvoker.java:228)
at org.testng.internal.invokers.MethodRunner.runInSequence(MethodRunner.java:63)
at org.testng.internal.invokers.TestInvoker$MethodInvocationAgent.invoke(TestInvoker.java:961)
at org.testng.internal.invokers.TestInvoker.invokeTestMethods(TestInvoker.java:201)
at org.testng.internal.invokers.TestMethodWorker.invokeTestMethods(TestMethodWorker.java:148)
at org.testng.internal.invokers.TestMethodWorker.run(TestMethodWorker.java:128)
at java.base/java.util.ArrayList.forEach(ArrayList.java:1597)
at org.testng.TestRunner.privateRun(TestRunner.java:819)
at org.testng.TestRunner.run(TestRunner.java:619)
at org.testng.SuiteRunner.runTest(SuiteRunner.java:443)
at org.testng.SuiteRunner$SuiteWorker.run(SuiteRunner.java:481)
at org.testng.internal.thread.ThreadUtil.lambda$execute$0(ThreadUtil.java:58)
at java.base/java.util.concurrent.FutureTask.run(FutureTask.java:317)
at java.base/java.util.concurrent.ThreadPoolExecutor.runWorker(ThreadPoolExecutor.java:1144)
at java.base/java.util.concurrent.ThreadPoolExecutor$Worker.run(ThreadPoolExecutor.java:642)
at java.base/java.lang.Thread.run(Thread.java:1570)
]]>
    </error>
    <system-out>
      <![CDATA[<img width=700px src='data:image/png;base64,iVBORw0KGgoAAAANSUhEUgAABBIAAANDCAIAAACfT6tNAAAAAXNSR0IArs4c6QAAIABJREFUeJzs3elzG+mdJ/hfZiKRiYMAwfsUJUoUSZGSSiWpJEulUrmqbLVdLrtna6Z7Zr0RvdGOmInYfbF/wEbvi/0D5t1sxG5Eb4QjtmPb7vXY3WW7XWNXWVVSHVJRRVGiJOoixUvgBYK4kZnIfPYFrsRFgCRIQOT309Vw4kEi8YBKPPn8niu50bf/jgDK+dsfe2qdBQAAAACoGb7WGQAAAAAAgHqHsAEAAAAAAMpA2AAAAAAAAGUgbAAAAAAAgDIQNgAAAAAAQBkIGwAAAAAAoAyEDQAAAAAAUAbCBgAAAAAAKANhAwAAAAAAlIGwAQAAAAAAykDYAAAAAAAAZSBsAAAAAACAMhA2AAAAAABAGQgbAAAAAACgDIQNAAAAAABQBsIGAAAAAKgLgWC81lmAkhA2AAAAAABAGZZaZ6AMq11ocvI2ibMKpGssFtXXA0bMqHW2AAAAAAAOkvoMG7imDutAt7WnxeKWCl40WCCQWJhXpha1gFaT7AEAAAAAbA1jLJFI6Lqu67phGETE87wgCIIgWCwWjuNqncEy6i1s4FoP284dkzrtpXfhObdHdHvEkWFjdjY6NqUF0PkAAAAAAPUqkUjEYjHGWF56MoRIbnMcZ7PZLJZ6q5xn1VHOeKf14hn7kKfiSEvk+445e7q0b+9G7q/l/zMAAAAAANSWYRjRaDTZt7A5xlg0GuV53m6383w9Tj+ulzzZ2mzvX3FsIWZIE+zi+Yuudw8L9fJNAAAAAACIFEUJh8OVxAwZhmGEw2FFUXYzX9tUF5Vta4v9+2/IreJ238/zfacarvUjcgAAAACAuhCLxbZd+1cUJRKJVDtHO1UHg5Sc0nfPS807rfJznaPOt5Tg9UWMVgIAAIBXgLG2Gr/9hbG+xmKxUvtwopX3NElnzgmHjuxt7vLpczPK3TvGuo9paiaRs0q8p0k6d1Ho6qlp7upONBpNJBI7OYKu65FIxOFwVC9TOyW0Hb5a0wzwIxcahqvzB+E8zULIq65jeaVdcGbQVussAAAA7B8ssBH5zS9YYIM2r1waOouEtedPLC2tfKNn7/KXS1+Yjf7hIxYJk6HnvqCzSFh7OmXp6OJd7p1/kKIkZKkOGrV3RlEUTSteH11c9N679ygQCM7PvYzG4g0NDkEQSh2HMWYYhihue0BOldX4H8Z52H6mij8BSTw/LM7dMUXBAAAAAPVHvX+XdL2CHVOUu3fsff27maNNP/3+3c13UO+P27p79yo7dc0wjKJjk1RV++STm/PziwIv6IZuEYSErktW63cunTt+vOS/rKZpVqt1k9BiL9U0bODFM8dE61beEQuoT2c1b5QJktDTLQ208Xl/RVunbdCp3Q9XOacAAAAAVcGU6OqGJq/70uvAtFi//z1rm51ISdz+XfyJv+i7jI31Pc1lLhZI58o6IP/kkkWykCBxwpLy//5XNVb77NWVaDRaND0ZMxCRbuhElNB1IlJU9fr1LzVNGxkZ3OSADQ0Nu5nlStUybLB1S32b3J+hgG82/MmElo4ItLl5Zfq064d9ubMieGH4qOXBRAL3cgAAAIC6w3QlltAZY6qWDhtCiTt/0Hx+Ovq+4/VR/smNonUYptZyLIWRmX2hPo3/01Mi4t/4D/a254l0MlMw1IOSExKKrpu0uOhNxgxFffHFN4cP9zocxavFjDFN0+phqFINwwbu0KHiXQ1qOLEa5dwtgtMUEeiB2PUJLczz3YflgRZeIvZyMb4UMlTi8w7ibLW28Yml7cUNonBs0DbcYWmSOSIWixo+n/LgsbIUz89892jDdw/zscXI78e1vHlMzsPOD0ZF3Rv5/R01r9uDd0vfu2jv0JQ/3YguYg4GAADAAcLUSHQjpCVHJrHsJAHF8ClExFsFigWTSdzwj23Cn6OToV3Mjq741mNqZeOkHEQ5a+TbBqTj1sQnk69UK60emH/+ZD4QM4jIYmts6z/W3SxX+TNiJWa3P3z4tDCxyWFPGEYwFieiFy/mN+lwUBTlYIcNoni42KyG2FLko9tqmIj32D64LGdWWIptaCHij73heqstdd52d5QY32QXexpoKbCdLF264hxyZp5zTqfgdNp7nPSrL5ScAMAtn+sXrETWXvuZ+cCXazmHaWq22HiibvvllcTH8+YfFD9yyt4tEUmWTokQNgAAABwcWiSyHkoUX/DROiD/5C1Lg2DcuWVY+6R3zwrOFp7+wt67pF6/kSi5zNLO8hNVKowZiIjInHFBeO2C4LsT9W7h/TWneh9PeG0j5843W4lI8y8u+AJKsyxV8SOSM5iLvrS26rMIwkhPR0I3LDzvsssum9zX2iTw/M8/uxWMxdVNu2sMw2CMcdyW729WXTULG3i3xV1k0VW2sphqoTf8ymJIbk5Pynd2ON6ycX1tlfy9+FYPR4Etr8TqPmwbchIR8z6LjL1IxHje6Rb7u0XbWiJ3kBp35JjUTMbTR1rnsNR/zDq+phb7RXPdJ2yHliJz6fDAedhxumZLIAAAAEDtGEqwVMxAdr5hKf5Pf0/Nlxw/uSA++hflX2e54f/OJvxxV3sbBFHgaSv3IctoGJaOk/avj16prgbDvxqwdQ80p9qcRU/3kapXyvRN57gPdbV/79RQYfoHZ0f/4eaYVSoTwOi6brHUeCmj2n28jS+2oifX6BH4Rd0gIrvYah7iJQn9bZUeu8HN86Rv9Wx2JgdFadqDKW3VICI9HNaXFvPHJ5FTGu3kKKA8eK5sdEjn22ynPOqtovOXJOvFUXVpXFOJSLZeGLRsaf43AAAA7A9MKb3Mo61V/M4VsVEiShhPbujJ/XSFaHfb8nnZ0eqJ+QOKWrbCxFvMY5T4/mHeeyu28ip1NRDxDocc8S74PIea7Tnr6US8z58shlSDDJ2chwZHum08bdz/8qXUbQmtRlWVnEeOdIQW54JqXCXXkeGTnSXr95vcqKGlyTPc1Vr0pU6P+6+/83rEXWbS84EOG+xi/iJISe7+hg/s6mKYmrukzkoGcRmkE+XdINpq4bfxY1v3J9Re0SpaL1/hela1lfXEqk8PFAwl6h6QW3nyzirrhhF7oZ32iAMD1vHb+TOVdJ+64LT2ddvPvAjc8nOHhm19Eq3Oq9ZeaxWWNQYAAIBXh16wVguz2SmwTkQUm1V+O5u3YCd78ru85Xj4aq+lo4XCASZ5mi2RQDSilhyjwVulRrekSTJLpMZrGxP/VLhiJVcfS/1swnnkxIj+/Nm3tydIbnA2eDo7D7c7LESSu2O4/ajME6lLd27P+jqHWimRUEIJ62tnz0kUnvnq1pR39PWzx0Uj8PyrBwv+zqOluilKjVAiojNnRvqMkkFFZ5Pb39K8ef4TiYRUrkdit9XhDTW45g6pzF+OKBZIeDe0Ba+2uKYrdvmDt23m+0wLwnbGfsVeRD93Oy/3Cja3OOQWk91IYZ/y7WTsWWbIk1061c2Rpk0tGkQUW1RmT4gDbfIptzqWN5tC18af8j2jlqFRefoRf76Xp6jy7Qu6iEWNAQAADpjC+qThaqKlhcqPwDe3VDlPzNCikVXV2uhpkKNRf6RwFUrO6rA32imyEdJdTZbIZsvbC83Fm9LrCC+1Hj/RepwMNRbwbyzMTn7jH7ow5DbU0IvpedXgOYpHNFITydqxo6NVIiKyO2S+obVZTHVYKBuqQVRkmD1tPkippb2VraxwJXbgJEmSygxJ2XwE1N6oWdigaoZOW7t3hR7Vl/yJlyva4qq2bh46FNXXNWo2BWCqtuWJDUREZMxNBOce8h1tYqvH0ua2dHp4Z7P01kVe/yw8Eyci6hiQO3kiXnzrmuet5Jt4IhIGjon3Cm4zt/EiNnW4YcRj++ASEbHFZ3GvUeMwEQAAAPYcSxQMnVaPnhAXnnPRSCXv50RROn95d3Km+td0m9ve0qRtBOLZSdKC2OC2yUZ8fU1NMOKGXhPWlrgSI604qySdu7gb2dsNvNXmabd5pMjnjzaihj4zsWQ7e2rIyRMFHtycz+xl3uD5zPZmI7o4jmOsZBU03tBg29go+pLicm3zy+ytmoUNiZgRI3KW3U8zVv2JlRVtdkVbClcaDESVbU3xSX/i0qKytKgQkbXb+eFZ0SZZ+hppZolIlk53pU6cvGFRxW8zZyTuPdYGzopWIgqr384ZRr334AEAAEC1MU0pXD7RIkbe+kCcfcLpCeJ42W4VS7RhE3Hi4AnOUb7StN3s6bGNkGaze5qdSjAWihuCLLtdFiMUXo2l6lPM6VZ++B/ci4+JFfZJ8OLQCGfbyq24akBbfT4XcXX0tDosRGQoywsBajxqJ4OILDxPRImNtQ3NaNzBZ/A8v8k4Jc1mE+NxSzx/0iwThIS1/OzXerhRdM3CBiOQCBiSs+gvxGCBQGLFp82uaEtrRvnbhwi8M2cWBAusb6cfp2PU9VYb884r0349HDV0XujuEKxERCymEBG1HpO7RdL90V/dMK/Hyh272PhWmzA6ID4Y1/JOlthidLzffcHDph/GVl+pFQcAAACgGpgaiseLtnyKonZsJLmp2xytbrGG62smYtE1VWxw2dvdvK6qIV8onleZkh3WM+drlb0dEz0tDb6Zp7ceJ++bYXG09L5+vJHnaWBo/f7E+KokSk5Po0PheSLeYpF4S7qHwSJlNnlRslhKRnfE86VfIyKiqMfj8PkEVSXGKL2aKqtsWdUDHTaQlngZoO68SSWGPjUeuefVw1upYfPNlkbzP5ORWPBtI0Oc08k7ndzAsGUg94XYUuyBn0i0nurliWhlPu8mbmxuXlPbRFu3PPBYe5x/Q3HjwdcBr51tbH1BWAAAAHjVMSXqj5av1uix6Lq1odlWpt65q5iuBf1asIY52E0Wd9vQa0UW5ZTbj51vzzzrJiKixpOX0r0OfNPJS03p7ZZTlzabYVJJzV6z2QRVJVOowCcSRlzl5TIdDvUQNtTw7DTmlgr6BKKJqcWtxQxEXN8h0byWq7qmbutOauzZneCfHqmLfiOWfLvBwoHE08nwR2NqmIgE0g3Sw8q9xfwAQPXGpvxM1ykZgAZ8iZjB1n3pYYyasR5Id+lFEytR0qP6St6KCQAAALBPVdiHwO9xX8NWP67Gtxp7BVSyQKpRbJ+P//zg+fOVnR98t3Gjb/9dzT7cLv3gHXtnTuTCnt4O3FjaQsN83s2kidj07Y3rS1XNJxD97Y9xpzoAAIB9RFd867FKbxQtiO4mh33327sDwbjbJe/6x+yacDi8yfSGeFx7MrX4ZnvOAjlLQeWPj31EZLdbu7uberqbXK4i9zZz1cG06ZoGLlHl3qLc2WuOG7iBE7ZpX7TS7gLRcv6UOWYg3R8fR8wAAAAAdcmIhpeDqfX7LQ2uVkftxn0IUnMrFnisMkmSYrFY0Zfm5n33J+ea3XainD+7L5qq9Uaj6tOnS0+fLjmdUk9Pc093k8OR2tNmK3aT5D1X4/6Oxcex2Q5Hn3lCs1N66w3946+U9fL3LBRGzjpHzPdOM4ypyXhgk7cAAAAA1A5vs7mUSEgxeEl222s5kwF2gyiK8Xg8bxlWVU18O/5ieTlARLaCBbNWgvkj18NhZWrq5dTUomi1HOtvP368UxQruQXyrhPaDl+t5edr+lLMcqxLMP8xRLvY386HfNpG6UWUbC3SmxecJz054+x8z0N/ni+9Xi7swJnBughzAQAAXm0cb7VJTqfssFm2dXPafU5RErJU+0H8O2GxWDQtO2zG69348usnwWCqC0JLJGSLYLXwAsf5ItrdheALf4wrPnGEM3S2thYaHjokSXURNtT+Hya2GPmzu+HasZz54Va39N23raNe5dGsMmdag9XqtHS3Wfu6xT4Pnze+LrYSvf6w4GYqAAAAAAB7RRAEURQ1TUskjG/HZ7zenFu8ReL6zWm/OaVEzJDS3u5uaKiXe2LUPmwgYksPQx/zDe/1CzlLT/Fca7fc2i2TwcJxphtklXhbiVgrthL9+LaC4UkAAAAAUFs2m80wjM8+f7SxEdnJElQWC/+9985UNWs7UieD6tjSZPCjcTVQdCY0zzntvNtZKmZgvtnwR19XMBcCAAAAAGD3ORwO4rjtxQzJ8fYcR3/1765wld0Mbm/USdhARBSYj/z6s/C9FaPyOzyrYe2br4P/PKGFK9gZAAAAAGBv/OiHb7jddkabzbotfI0RcUSNjfaf/vdvC0IdVdTrYEp0LqYZLxeUJysGkwSXnS95j3WDBda1+5ORz+8r3gimQO8FTIkGAACA3bYPpkRncBwNDvZ4PE6v16frxeurhVVdjqPXXz/65uWRuupnSKrHf5iYXx27rY7xXGub2NZkabLxdpEjYgmNxWKJlfXEkk8Pb+c+0AAAAAAAe+dQb2tvT+v9yZm7Ey+IWN4EaGaKHDiOTp08fPLkkfqLF1LqMWxIMdjqkrq6VHoRVgAAAACA+sZxdOrkkVMnj6ysBvzrwdW1gN8fCYZiRCTwvNVq6e5uHjze3djorHVOy6jjsAEAAAAAYL9oa3W3tboHB3trnZFtqq+ZFgAAAAAAUIcQNgAAAAAAQBkIGwAAAACgLrhdcq2zACUhbAAAAAAAgDIQNgAAAAAAQBkIGwAAAAAAoAyEDQAAAAAAUAbCBgAAAAAAKANhAwAAAAAAlIGwAQAAAAAAykDYAAAAAAAAZSBsAAAAAACAMhA2AAAAAABAGQgbAAAAAACgDIQNAAAAAABQBsIGAAAAAAAoA2EDAAAAAACUgbABAAAAAADKsGz1DS4nIo39IBg2trR/XFGJESPiKPm/xBgRJZ+wnF1TL+Smstx9MsmmbW5LGQIAAADY1yqqJnFckX24nN054pKvJZM54pI1OuJIlqyV52fLYcNWq5uwf3DEpSIHjhHjOGKpJxylYwmOiKXPVM4UKjCu+NnOlQgnAAAAAA643Lp/iapUsX24dMiRDheoaMywVVsOG+BgSoUM6cjBHCCkzktT8JB+jynoLdXbUOI3AAAAAAAZlfQ2ZLBiAUNyb3PMwG0xdEDYAJUyRw5ExIhLDljKDR5SZ6I5fuA26W3Yo7wDAAAA7ENc/limZN2K5QUM2U6G7cYMCBugYhxlOxtS26luh9zgITNCKS8o2GwwEoIHAAAAgKLKjec2N81mK2J5AUPxmGGLNTCEDVAZlo0ciIglw4JUt0N+8GA+bZM4Ss+EAAAAAICKla48sYIRSpw5YbOAobCfogIIG6AyyRnQ2Y6vdLdDOnhI7pQ9ubn8M5EhZgAAAACoGq5wDHiqeTf71Pw/uZ0MrOQ061IQNkCFssOScrodTOFAJlJIz5km05mJyc8AAAAAVZYXJyT7FvKiheKdDFwFA6ByIWyAipjGJuV3O1Bqs0j8kH6pzOg5BBQAAAAARW1etc+JE5KKRgv5nQwMU6Jhd5nGJnGpO7htGj+k37XlwXMAAAAAUL51tdjLxaOFZMDAse3FDAgboGKplZJY7tikVGL23GNF1vMqDCQAAAAAoCqKxwCmuhlxmaFMpoBh68PHETbAVuQGD0Xih2LLrm4vogUAAACASuVVwDIznrPdC9sPGJIQNkBFMh1cZAoezCGBqUvBFEKY31wWBjIBAAAAZGypBpWa6Gxe5jI3Wsi7X/TWs4OwAbagSPBQED+UGJVkvhUJ4gMAAACAckrVmLjcnoWcSldBqFDQvbDtQSAIG6BCHCOWPM9ygoeC+GGTUUms/KJKAAAAALA5c4tt6XpVwWCkvHFMWx1GjrABKsTSnV7JMzVnpk1K4VC53I4FTHIAAAAA2BWlZywUTDsljjguNQFiCxA2wJYw070Z8uOH1B7mJ7jHGwAAAMDeKqx+5UYL25xRirCBOI5EC2excAJPAk88zxGRYTDdIN2gRIJpCYbR+OZp0ERF4ofMOVoqUMCfEAAAAKCKNm+dZdndikULWIC1chxPNitnFTlBKPJXEwROEIiISOKISNeZqrGYypix9zmtJwXTGEzxQ+bGbiznebFtAAAAAKgic/ssl741b5EXdzAS5CCGDRxPNom3Wbcw0l4QOJvA2SSKqSymGAc9eMg751jOSVnwR82d3o9eBwAAAICdKajFstznudWtKg0aP1hhwzYChtz3k03ibFYhprJY3DhQI5c4rvS6qXnnYv5+ebOiAQAAAGCHNq2GVhYnbDWaOFhhg13iZWnHFVeObBLHER+JHaxOhyIDlDbfr5QDFW8BAAAAVNfOeg+2/e6DEjZwHLkcvMVStcZuWeIsAh+MHKw+h6TiA5S2934AAAAA2GVVqXzxVTjGq8DlrGbMkGSxcC7HQfkDlsJx+f8BAAAAQA3tUvXsQPQ2OGycpdhySTtnsXAOGxeJHbweh9IQOQAAAADsP/u/sVyycrK0i19TlnjJuv9ryrjBMwAAAMB+stXa3T4PGziOnLZd/45OG38QmtjNnV21zgsAAAAAbNlOqnP7PGywy3tSxeXIJh+smnTekLlaZwcAAAAAiqhinW0/z23geZKtexQX2ax8LK4fwFWVkio/C3G7NwAAAIAdqkmj7X4OG+wyv3d/Uo7sMuZGl5c8y9WFsT98NRfR818VREl2OjyNLR2H+vo6G6x7l6/4wpeffOmVR99594RnN/avU7G5r/5wa80xeuX7w421zgsAAADUtf08SMki7OnHidVe4HUfCy4tF8YMRKRrSsS/vjDzZOyzP/7m9189XInvVY4iKz5F1wLeDXV39q9TwZX1uK5trLziXwMAAAB2377tbeB5EnZn0dVSBIHjeTIO1p2jd6bttb98p99mStC1SNC/vjw382RmLRL0Tny6vnLurSvHGvY2AAQAAACAfPu2t2H7i6LyfEu7daDTYt/63+YgrMS6qwTR4WnrHTr31o8/uHSiWSRSvGNffONFUzgAAABAje3bsGGb93fj+ZZWsUXmBKvQ4tjyEQQeYUOVyB2n37k06OGJojNjD5aLjWgCAAAAgD2zb8MGfhvfLBUzEBHp8cRyZMvzmxE1VJPQfPpMn4OIIrOPFtHhAAAAAFBL+3Zuw5bvv5YbM8yt6srWZylsJ1aB0oS2I32umYdBY2VuWT3Ua15YSfXPT88sLK4G/MG4phuCaG9oaTkyPDrUJhccRvXPPXn47OWKPxrXDEGUHK6mtr4jw0c7nEXnTOiRl88fPZlZXgsqGvGyo7HtyPGTx7tcJSdYxJefTD4y79999OSJXpdYdF/f04dPZpbWgxFFI16WGzydh44P93c5ihy90u/of/yvnz7Sei7+xYUO3Tc9OTnjXQtFjIYT7717OrPKU3z16eSTZ971UETTBdHR2NI3ODp8qKHUVwIAAADIs2/DBmFrcQPn2XHMQEQ8uhuqrLGjTXoYVHT/WpB6W1KJkemb18cWlNTAJUGUHaIej25458a93sVzb797zFwbDk3f/PzWgkJEosPZ6BKMeDTi8z7zeWced1545zt9jtwP1NYmPr3z0KeRIMqiRJoSD67PTXzt9Z78/jsDrsIMausPP/1mYiV3/+D64tzCuXe+05978Jh3/PrNmQ2diEiU7Q7S4pGA99l978zzQxeuXD5k3nsL31HdWAtphu5b9j57/u3YcmrxKVHIhC3qysT1G899WvJIkkMw4j7vwy+XF7xnR7f1rwIAAAAH0L4NGxjh3sX7gavRQaRQPBrRqSXVIh/f8Gu8q/PY8JFjna0uWaBkF8HE1zefBFbG7832Xe5LV5ljz8bHFhSS289cOT/UnOqu0COr048eTM4EfHHKCxt8E7dXxKYTb54Z7kneNSK+/Oj2lxNr8ZUH3870vn0kvyvDf/+bFbIfu/Da6JFmGxGRGlx49PWt576Id+zmpOe9UU+6F0H3TSZjBkfnyLlzx5LdC3p8dfrbO+Nz0bkvb1jl751vy/Q5bOE7EpFORJG5b8Y1cvWcHj3S2ex2Oazpv9aLL28892kkuHrOXDjV3ywLyUM9uXtr4s43Ilb+AgAAgIrs21E1hrGlmQnMv6qtxYmIBNlyqFWQtvWH2eKHQnlWqygQka6rWiat+fUP/vLf/vA7rx/pSNWniUhwdL1+6oiDSF+d82YmUOsri+s6UePgqUzMQESCo3Xg3Nv/5t/9xevN+R+nU8Ppq5dP92TuNCe3D78x2sYTGSuLq4UTszVNPHLlyvlUzEBEVlfP6XffPuoSSPc/m5jL3HciMv3tsw2dhLbX3rk6mBmSJMitA5fevtAjEkWfjT8LZg9c+XfMZF2j5pPfv/bGiUOtnkzMQPra5JRXI5I7L7zzxkBz+liCo2v48ruvNxpa/mEAAAAAitrHYcOW37C248gBN22oKXezi4iMcCSaTknVrSv/ZxE7hwc9edMM5PZOOxHpkWikYH+h7fjptvybWQvNw6OdIpGxMrOUmsodXHjmM4jsR073OfOPIfeNHHERkX/mmb9sBgu/Y4a9//RAwQSM9ZmFKBE1Do72FUz6cB0dOVQ4EwQAAACgmP0bNmyj3T83cmjf+gKs6GyoOjWu6UQkCNaiM4yJiHRVi8cikXBEUXUiIkPNtMRbmzsbBaLgw9vfzPhiFazi6mpzF85NFkVrMiuFB2jobLUVJBJZ2zrcRKQH15KBgL6xFiIisam7sdjEak97m0xEUb+v1F2xN/mOaUJTW2PB+yIb/jgR2dvbis1+Fpp6WvZtCQAAAADVtW/nNujGtmY3GMbaqkatFg9vrG19AVYdcUO1BYMRIiLZnrPUkB5aeP5sZmHV749GtM36EpzHz55b+WJsIfDs1mfPbvGyq7Gl2dPa1t7V01F0pSNBLBqdlKxb2xxSiXRZJNI0Ja4TCRSLx3Uiskm24ssx2R02ojjFI3GidPt/xd8xReTFwoOr0Tgl/3xF3yPIdpmosOMCAAAAIN++DRsUldm3NwDDMNaW1bXtfui23gelbCytKEQkeFoyS4lS/OUXf/x6LkIk2ts6+/o8TrssWgWBeFp58E3BOJ+G/je/1+l7OTvrXfJt+DfWF4LrCzPPx8fsPafPXzgmTJh+AAAgAElEQVTenD/AaKsqvQ+dsPnO+XHJ1r5jFfMJAAAAUNy+DRsMg3SdCdu7V/S26DrD3Ibq0ldmZoNEJHYeas+0pPsf3puLEDkOXf2Lc105fQM6PadnRQ4j2Jp7h5p7h4iI9LB/2fv8ycSz9YVvv+bt37vcs6PAIRZXiIocIRaJa0QkSsk5yDZZFIh0VYnolD91gogoGooREckOebvfsQSrXSaKUDwUJyrS4aDHo6WGRQEAAADk2M8jm9XEnrb9qxq6GqpK902Mz0aIyNEz3J2pmqv+UJSI5La+rvzxRKGNwjnL+QSnp2vg3JWLh0Qixbu4vsM8hhaWYkWS1ZWlABEJrlQnidDY0kBE2qrXV6zZ37+8Eiciu6c5GTbs8DuaOBo9MhFFV1ZCRV7VVxfWEOkCAABARfZz2BBXGO1ZTZ5RTEHYUD3x1YlPv3zsN4jsR86NtGRb6AWrwBORFo+oue9Qvc+mg4UHKkqQrdU583Xf8wmvWpD4aHJBI+LbjnSkwh1Xz7E2nkiZmSzMY3z63kwwuU9qJFZVvmNS05EeOxEFH0/OFvQrBJ9PzaGzAQAAACqzn8MGw6DY9u72vHUxxWCIGnZM1yL+lfmpsS9+99GNhz6NSOo8d/l8p3kUkNB2qF0k0r1Tt2ZC6aZ7PeadvPHlgp43/if+4vo//ddf/3HsqTdkrn/HVia/nVWIxPbOph1mWJb1mZs3vp7ZSB9fDy5MXr/xPEgkeI6dzt4eztF/5lijQPrK/eufPV6OpDKuR1anvrw+5tWI7MfOHU/fhXor37EMoWV0pEckintvfXr7aWalJj308tEX1ydCoryfSwAAAACoon07tyEppjBZIm6XJzgwdDVsz8rd3/zj3VIvCq7O0XNnTrTlT2y3HjpzfiFway66cOuPv550uxyCHgltRDRHz+un+ftjc6YbmImNHW3Sindu7LO5MUFyuGSZJy0eDUY0It5x6LVzh3Y6I9oz+kbH3Nfjtz6dGRMdsqir0bhGRCQ4ei68Oeox7Sl4Rt/+jnb9q5kN74NPP3okyrKVtHhqeVnnkQuXz5vu/7CF75g8+CZznuXeC1cCsRtPfMGFsT8ujIuSbKV4RNGJdx1743W6d+MZVlICAACA8oS2w1drnYfdpTOSxN2NG8JRQ9/vK9W8dryaNwazGMG5xUDhZBBBFO3OxpaurqHT5y6+frTDUTSstTT2Hupy6WpUiYWjoZhGUtPhk+e+81qXI7E2t5RoPj50KHnbM15uOXy0r81m0ROapsYjkXBESwiSu7Vz+LXzF0daTUGDRffNLkadh4YHOgpuxCByoYU5v9B5/ERPg5Czv/vIyMjwib42WYlHo6FIXE3wsqu5q3/k8uUT7QVLs4quzv6jLbaEpijxWExRmCDZGzv6jp27dHaoNW/vir8jkUCxxTkfa+sfOdRYdPlYwdF2tL9FTihRRVXjqmLwDU1dR8++cWmoxW6szy3GnEcGj7fixm8AAAAHDs9voZLMjb79d7uZmbpglznbrg3GiMWNaHz/dzX8zfuF9xIDAAAAgFfYlhYdPRAjm6NxltidVZU0jR2EmAEAAAAADrgDETYQUTBiGNW+hbNhUCiK9SsBAAAAYP87KGEDY+QPGvHqTVyOq8wf1LF6EgAAAAAcBPt8JaU8kZiR0DmnjaedzJFmFI4ZioqIAQAAAAAOioMVNhCRojItodtlXhK5bQQPisqiccPA0CQAAAAAOEgOXNiQnJMQjhoRnuwSL1srCh4Yo7jKYorBEDAAAAAAwMFzEMOGJGZQJGZEYmSxkFXkRYE4jjiOSy5fazBiRMxgms4UjemJWmcXAAAAAKB2Dm7YkJFIUCKBTgQAAAAAgJIsjFhmmA62sV1quw4xwqx0gAOhnguinUNRBnBwvOqlmcX8BbCN7VLbewkXUQAwq7BMqLfrMYoyAMjzipZmGXzyC6QfybSNdKRn03cPI5b3365+HADsV7UtTFCUAUC11G15kuptSD+SaRvpSM+mV1f9/AAAYB8zFzUoygDg1bXbpVmF+Pppz0Z6PadXRb0FzQBwcFSx/EFRBgA1VMMiyMIRx0ztyszU3ox0pGfSd2LbZzbDRRkAyuG2WERlSqStFm4oygBgV+1ZabZtPCPGmdqVsY3totvbs6VoOH8cHy60AFCBbRcdlRdQKMoAYA/sQWm2Q5bcNuacR6QjPfO4DZWcwTu9oOKCDLDvbbX9LbdgKPvusitNoygDgOqodWm2c3xeuzJXor0Z6Qc8fUvKRr2VhtGFcTca8QAOmp2VA5XsVarIQlEGANVUu9KsWpJzG5ipXZmZ2puRjvQtR65lr7Lbei0pmxNMRgQ4UHILotyff17RUaJFLrnXJs11ecUdijIA2A17X5pVkSVdR8QjHjd7rORk2uZVtvgLXN4BOcr5ddVs7TEAqA1W6km6gEqnbdqpv/nldkfjkVCUAUBF9q40q3rwYCmoI1KJuiPSD3R62TNpk32KX0yLpGY/iEud7qU+CwAOHK7ENpmWjU5fJgsuurmX1k0ut2VfqiAVRRkAbGZvSrPd6HZAbwMeK3rc/DQqFTNUdpXl0jExK91vBwAH3SZlApdz6U0VMUWuuOUut8y0e9H03AyhKAOA7diD0sz0WdWMHCxkqh1iG9ult0vaQsyQk1TkErvdocQAcMDkXTLNr2QvugVX3BKX22RCXhlTKr0gCUUZAOzALpRmeaoYOVioDlqy8Vj/j6VOoEpjhoKrbJlLbNn1BNCEB3CQ5JdChUVE+mpp6t/PueJucrktVd5UEjCgKAOALdnt0mxXIwdLuqUEj3jc/HELSscMOVfZ/IMWu74WfDSXs4F2O4B9j+Nyi4ucXz2X3xhX5C2cqbzIudzmjUMqvNiWHKuEogwAtm5PSrNSkUNVWIgYEVe0zwHpSN+8t6FoOJFz+TM9YaZO/E2usrnH5Ii43N9P7ls3/2HgQgzwSig7earUMy5ZIpgXJjLVwnNb7HIvt5SzGysRSGQSUZQBQCVqXpqlnxVpBqlGh4MlnY1Ui3Ju6zLSkV6yt2ErMUMy9qD8X0zxS6zp4pr8EZnficsnwP6zjd+1+RqaLTyyhRWXU5Jkm+uSl1tzQx1jrEgznbl0yu6AogwANlXT0swcLuxS5GDJ3OGrrtq2kV5v6YVnXuHJVDRmKN4yV+Qqm/5VcCx7cc0Py3GlBYDkRTQ/ichcnKSuuIXNdSy3oS79NsqJHEzMlXwUZQBQXVUszQrDhd2IHCymrOW1MSMd6VxuymZKxwyU2S541XSVTV5ic6+vRT4XV1uAA47LLxnyr7uZG6wVXm5N19rkjpmLbSYx04yXW2plr74oygCgOqpbmlUcOewEn8kXZ/pQLpsNpCM9f9Z/4SVw85ghewFlLPkqI5bq0Eg+M11lWWonxtLPzf+x/IT8/wDglVb+N17wmy9eaGQut8SZXsoUQel3mxdDN5UhOeVJuqxCUQYAldvL0iy3MMsbZlmYse2XMflzG9JfJL+9GelI35K8pjvKb5nLbZbLpue9J+eD08P4NssMLrcA+xhHXH6xkFtGZBvksr0G2ba6vIa61EZOM12BbFmWP+0BRRkAbFt1SzOWLVhKFmZVYUnnheERj5s+plTS1VAqZsjtyi+4yhZcarm8YxR+HAAcKFzh7z+bxGUKmMLLLWM5vfx5t4Pm0i0k6UHD6R3SXa2ZVZWSz1CUAcAOVbE0Kxo5bDpUadszHDK9DXjEY9nHIooNTzJfgbPp2QuqqWUur1nO9P7sEUrcBWJXw2kAqDfJMiHnh8+ZRgZzmets0ctttqGO8peWTl+DU9FD/hJwnDla4DI9sSjKAGCbqlyaFU51oExpVu1JDhbzZ2TLzdQ20pGe09tQ0dxoYjlnZn7MkLqEhuOGKBBjlRyyxOcAwIGzyQ+/2Esc8RwnCJzAc2TqWWeMZa+4lHklp+wqfEqUeqO5KAskVJlZUJQBwBZVqTTLjRyKlmYlPmM7HQ4W0zuYqSOVIR3p5nQqpvzwpGIxw3rI+Pp+3B8yOluEa99x8WhrA4BdYxhMSxiKmhAtPG+eNmjueWAGR1y254AyY5Uo+VLO6KN0UbacCP8+8HQlETksNf60/TUB/QYAsJuKl2a5kcOWhiptA8+IiDhT/S91WxqkI92cTpvL7W1nOYnpJI6IUUJnn4/H/CGDiE4csSFmAIBdxfOcZBVsNquuG5SNFrJylplm6WuuqcnD3I/A0pdqjfRfb0ytJCJE9EZDD2IGANhtRUuz3OKM5Tb05qziUJ08JA9pij9SbcxIR7o5Pe/aWfQ8LNopxtIj8JLvvvdcjcRS72z1WAp2BwCoPlHgLAKvJQxK3/U5e3U1F2VcellDc1mW3i1VkjFGRDdDcwE9nny9W3Lv5XcBgIPMXJpl6leFoyS5gmpbYc1tG2MreZbteuWwje1S2xWcS0W6GtLXWUq/xLxreuapbEX7HADsEdFqMQovrqbIIbs+UnbKYfFxmozYjLqReWoXxF3PPQBAWrHSjDN1mRZ0OFQPn2xXNrcxYxvbhdubnUTpCCHv3MyewaZQOBgxMjvw/GZHBQCoIoHnGMvEB8w0xyFdvrHM/5gChuxQpZxGvfVELHtkjFACgD2UKc1MAzpYTmlGlNPhUL1xSuneBjzicfPHciOUUul5L+cNvGNkGMXfCACw61hqiFGmpYOZCyvKKazMT9PjmjIlHNMJZRkA1E7ebe1z6lp5HQ6578t9YavjlNK9DbmPrCAF6Qc8vaTUCWiaDZFMzgxPKhZ1AADUSGG5xDEyrZ/KZXv10+lcdmdmOggAQK3lFU2FHQ7VnRjNp7o5cluXM20wSEd63uTAosy3NDJ1NbD0BRqhAwDUBWbqbiDKdu6ng4RUGx4zl1iZQjB9dc72UQAA1Aij3BYQLrcCVjgOsxp4juMyK7lypvtFIB3pXM79Q7IKr5jFuxpyhycxNNABQK1xXDJyyEQAyYKJy1v8IbXBKFuUpS/PjLHCUhEAYI/lrAhH2dKsWIdDjp20e/DJemGmjZnjTG3MSEd6Or249AilIiejqQEv+yL6GwCgptIlE2cukdK9B9nLbXZsUn5Rxu3wogsAUBXF61cF1TCiao5T4tMtyqk2ZmZqY0Y60jPpZU/cIrugqwEA6kmq4m/ucMgpqVh6qJJpmKZpB3Q1AEBdKdLhkKvq45T4ZCGYaWPmTO3NSEd6Jr1y2RFKBeloogOAGstObsgWUqaZC6Yd83YiU1cDyjIAqDVW7C5vRccpVRFPpnbl7DYjpCM9J72kYjGFuVs/d8QwAEDNcekee9OopPxiKm9yVrJUQ1cDANSVzESsIuOUcvapTuHFU6p1mSVbUTLtzUhHek56WvZsNJ2XrCCFcjfR1QAA9SI5RMnItm7kDFjK/FfwKjMYuhoAoH4k2z5yiiSW+3JePyorUl/bktRKSlTwiHSk5zyWOmWLdIRxOeuuljqbAQD2XGEhVPbyWbgDSjIAqL0iRVNmgEd+30K1hi3x5jZmymtvRjrSM4+VyT8vMRkaAOoTRwXNdJS7kpIpnRUbxgQAUAfyJ0YT7d7alTwRxxhLtyib2puRjvSc9IoV7I0RSgBQX1hBxFBiSnTZdwEA1FDxidG7VlLxRIzjuHSLsnksO9KRbk4vLvuK+RwteroWPbMBAPZSyWKo2FSHUitLoyQDgForWasqmN5QxZVpkr0N6Tbm7DYhHem5KUWVPA8RIQDAq2KThjn0LgDAK2TT2lcVYgeeiFGmjTm7TUhHem563olZ6rw03bGBVekkBQDYDckRwTmtcZkSy1TsMUzSAoC6liqfmPl5iTJrZ20hPFFquf5kuzK2sV1iu8jJlnd/6MIYl5WeYggAUAvmmzVkbghN2QItPX8h/yWWLu5yij0AgJphOaMrN3mVCqth2wsfkr0N2XZlbGO7xHaFp3CR05BhpXMAqCs5yzRwhcm5yziYGvJQlAFAXWElVp3ZncIq29uARzxu+rhD6OAHgPqx7RIJRRkA1JU9LZR4So3ZTLcrYxvbxbcBAAAA4ODiiShVO2TpOmK2dRnpSK9WbwMAAAAAvMKSYYOpXTn7iHSk56VXpuiQ4a0dAgBg13BFN/ObR1iJogxlGQDUiZK1rF1r7OXT9UIqVlNEOtLNKaXlXm+xaBIAvFqyXa2U3UA/KwC8cvLrYFUtyDJzG+qwbRvpdZW+ZazwKS7CAFBTrGChwrLNHIXXYLSMAEDtFSyhtAcFk2luQ34bM7axnbddgVJ3F8FVFgDqRskSiSvYqPCNAAC1UL40q6q8uQ3YxvYm23k2XV8p2cWPSywA1DFGmVJuk104FGQAUOfMd6gsiss87ECmtwGPeCz7uB0M93rLx7yzyqpW61xUQktMzWpqrXMBsCtK3CKp5O6EoixfQl0Zi0ZrnYt8CWVpLBqvdS4A9lCpO77tAgtRqdHteMSj+bHOKMrHn0YXM5VvXrjwtmvESUREUeXjmzEadl3rTUbFpC9FfnlbjaX25Nwt0qUztk6JVu8F/hSWf3hJcidf8kV+eYeufN/RthT55T166z1Ht6Z8/GncedZ1uS35FzCmvgxOd7t+2McTUWAx+s0zdSnEEgLf2CyeOWHvcxJp+tRk5N6SHtY5Z4Olb9B+oYM3Z1z3x27cT5xqlZr8kV/eZefedA7Ysy8+uBGaamn4cFggYoH52NdPVW+Ykcx3dtkunrC6eSLS730Wmm1r+OGwICRz/Sjw30K2ay3xf5nUjdw/Usdp9/lQ6OOw/OFFyZb9u8WbLrrP25WPP403XnRf8BARm74dGBPsH5y12oiIjOk7oVtk/6tR4+n9mM/ZeLm56v9+AJCyuP7Vz8PxRPqpw376f2lpshARGYvr3/xjvPnfdx7rTpXB0Vvebz7WUj90SXCNuoevOe0W/eUvXs43tp69Jiev6fG7y3ce2M7+1GXc8t6Zcpz9G5d9cf2r/0/r+2lbV0vyUPHH/8Vn/KhruI8j0jfG/DN3YkEfI4fFdcx55Kqr0UkUjj7/3cbSi0SCBLlH6nq7qbc7pzBTJ/2PvhBOnrOnirB49MHf++Ln2s9esGa/WvEPNUplOPHFy/EXrgs/dSYPYTxf++q3NPw/p/4gRPrLXyzNkPvsXzvlZEIi+uC/+OlHXSNHM5epxPIn66sN8snBnNwCQBWgtwGPVext2MPoQjNiGndo1PnBlYYPrjR8cNk54Ey94n0WX7dw649jq+lKtK4YMRJOXmz44ErDD85Ybf749YeaThTVjNha9E+TCT11TBZVmWqQrhixuBHVk59iPL4TeZpqUGOhOItFGRGF50Mf3VHWRfHUSfvlQdGtaPfmdSK2eC/05RJ1DNrfPmMbcjHvCy2cm/GlaTXcIPbYiTRDiWtjj7LN+bHF2LifqXGDiMKz4Y/GlbDTevGM42KvEH4R+ei2Ek7mQWGrT0NfLKX+UdQ4UxRm63Vcu+i8dtEx6CRyS+9edF676LzcxUcVQ1WMbI+BZsQ0FtZSXy2qJFO5nkMiLUY/n01+dORLL/X3i4Jk6WtgMy80fbf+FQHAiOsqib0/bT/zs/YzP2s/+zeexnQVeel6xHAy7/VQ5hesbhiG2zb4s/azP2s/fU1KTKw/uqsTGYkwi95afTCZ+q0mInoirCeI1A0jEU4kkp8SUJ7+yr+Rik8MNaCrcSIyNj5eGv99LNHh7P9h08BFiV8KzS/qRNrcr9bm1oSOa83D7zc0OxNLk2puu4S2NKHwh+2N6efROxvrFiH+dWAt3dS/yYeWyDBTN/REPJGJoYyQrkZ0Nf3cWNyYXSLLUmB2MX1RShhqRFdjpmuURW7tYet3o+goBah+rQy9DXjcg94GruLAY2tsbrHVk5ukqPcWqf+ig+6Ev/Wya92ZnHONHkurSOQRYvPK9ZiRulrJnPoi/HmL+7sdJb+jlbQvvok1XbE1Z9uuEhOPE4kW+4eXUq34A/3JdMMXZnyzfLnfKhBRt3Qq/2CJBT+zNVucRMkMxLzRiYD7vJvISHz7SFOJbOnjU5v9h28kj2/ts4d+MRF/4JcueIiIeJGmx8NtVxuGMj0VotDZJhCxkEw8L3S2icnGuo3kpxqpj9P14v8Q1g77lcPBf70ffmARp+8nnEOucx4iEppdnOrT1klsLfuPAfCK2UaxtltFGXH2dqnRmZu2FJxfsB75mcP794G5JdexjnS6RXB2Sy4i6qbmW9FVXyLVAOigjd+tPG/pOFqyMOMs8fCD38nnf2K3ZtLC0Zk7unyh/ew1iScicnZdSL6ghJbI/qbn6GtWImobdeUfLK74Fsl+WkoVi4no7Bhr+lFLw/Xl2Umt5Zy42Ycmlc9wHn3lZpRG2wZp7f7N6JG/duQfMEVwdQjGWCyYcLZYKjswwCtu7xptk7+pemjJxmP9P9Yb9vgL/+Pkpl364D17K1FgPua1Wy96LNTN/fpZPNBtSw1AImP6UXSDJ1VJzK1wHadTtWreZXu7Rfl4PDR1xTVQ9EN4fuCMLXov8smE5S/PpOOGaGI9Sm0DVhsR+aO//EIJG2Trdf7VGbGvV7g3Gf3ottbdInY1i93u3B+zpm9EydkvpJ6K4mBb4vEjZfSipL+IzojSSIsynTx+nJoGrbb0+2ytYjPFfEFGHiKi5gHHwErk62+izVfsVFYg/s+/NY/05dxFduI6R50n14K37ui8x/ZvjqVGQLndPM3rGxq1ikXeAwBVkVAf/+e5ZGHGDzZ956+dVjLWboXVoeaWFtlyzP/oVvTwT+ypOnBYmf/ELxHT1mIrPqHjR1aiBBHJrzUfDfsf/Wrd87Pm4vVpi3Tk31oX/x/fg27xzGvpRF88nBBahiSeSL27fOv3SoLI9f3Os+ek9lFh5ebq+JqtuU9uPCy7GnPH/PjUOHEuTypRnQytWOTTRyV7SJr5IrjxWnOqz6TohxJVlOE8a6H550L3u1IjOaz/V2B+zXG0pfiO9naR1xPRMFFj8R0AYJvMxUCpm81hG9v1N7eBiIg7dLrhJ1ddP7nq+sklWysRGdrEtNHcK7mJ3H1Sc0iZWMnszFSNhcPazKLuHGi41pc587m2Y87LHuPr29GVUtOUbda3zkvCYuTP80aRVz22D95xvdvLKwojIne/68Mr9oEGCizFPr+x8cvUyKI0jalEgpDtAzk8bGvyx75ZVL5+ZhwalpsqHIzLC0NnHX2a8ufx9JyNTditb19uSI7m+sFZq7PUbrzw+qDIE9c/KGfiCqvI8cTUV2ICN8AryyL2/k372f/YfvY/tp9/32Eloo3w7BTf8ppsIb7pnI2fCng3MnuzRFyPLcSWnlPThx2D2S5Voe39lm5L5ME/h0tNCObbG0++L4X/2+qzRcNcmvEWIiLraMv5/6njWB+pAYNIaHm/88K/dzfLhn/CP/5/LH7zhZIwHythJBK8xZL8dGXuliK/5nQRWYecjeHo7JRe9kNLZjjnY5J/HyJi67ci0W5nWwtRi6OrO7F0K1qsQCYi4m08T4aKadEAVWfuwWPYxnYF23XE5rQ0m1rOY4vx6TgZk4H/ezKV4numnG+TBCIiYeiUY0Bki+OBj+fjC8ccfdnmc37grMP7Wfj6I84wivdpCx77eycSH02EVw2yEZEsNMk041VjfZKNOJtdcMpESjpXHuuIxzpCpC6Ff3k7Ph2WTmWq6kJBAGaXLhyO//OdqLXN/mEbtzCdTEweX4v1pTocYquqj/jhRtPbJfGts9JHX0S+FMgoGQoQEZHINzdbUn8nUdukWU8QOQtxNiknsdSVGQCqhrO3Sy4585QFb4WCih78+cJSOmnhltJ9TSIicspH3m9ykTb/c+/0zVB0sDHb5WiRjn3YGPj5+oMXZJRoaJdHW0Zmvfd/E+AT5CKiZqvdEt2YUoxuibcIciMvZbPB2/uch/qch4jCX7z85mZw40KredgPT2QkiIgSz4PeZUosL3/2Sfq1W6HoaKNc6kNLZpizyjyFtWiCkn0rUV+CBKvFQhSOzE7qhrLx1f+ejp+WQktX7V3FimyDGMotgF2BgX/wCosFtFU+WZPm3R42+TRhabO9O5wagKT6op9MxicD0unsO7juQVvHYnT8mdw3LGSTRfHyefmjG/FNWu7d/Q1X1gKfLDEbEfHi6DFhZjL6+6/1kW6L1dCnFw1yElHi1qfhFbd1oM1i49nSbEIVLW5zLVzkbDyFowZR9tObBx0nA/GGUcmWDc/E04PCzETk93f0Ux2CHlQfPNctbfZTuaOLBI/9vZP6byYK2+YqFV5TZ5NbvNDZJhRGFDHFIF6wyYVvBYDqYdFFZUMmIuIli9MZn5nU7Rdahk+nyon4xNqDu4G1q22m36jY/bZj7h9Czx83nBw0HanFdfJHyje/iJWeEMw3XWvpWVqeCxARkdN55HRo4tbKeLyhs0/k4+ryElEjUTw88X8GjCFH+2GrVUssTyao0SabawwOi8USTcQZkeG9GTP6Gk5fSw+jWgve/5fI7Kx7sNSHmuVm2D5kk2+FH/9qXR2RKBCdH9MtQ45GovBEcMMiHfsfGt3JP4muzPzjxvwtpesyEZG6GFuzJS8FguuoxIcMgwRp8+YUANgGhA3wahJ5m8jmJsNzyae8cOGidUkRzrwhd2auFW7HmcXg01XjdSdvk8mevNrYpfNH4x+vaWES7CIvpaIOEty2907rv3/EWXkSpPT+Im8TOGeqX4LrO+c8eSO8KnHJKOIHYnTsqfr1uGLwnLNBHDlsEYgfOWENPdXGJhTVIKdbvPCGuVuDiLe0NdBCSNdJIJGXJE4mIt5y/mIy05xd5KwyT0TOvoYf8NGxp8oXi4xkvvOQ473RZM8D1yBxYSmVbWef87vrwc81LhOF2CRO4vnMU7vEWzUhM0eCRN4mck4xuUGL05FPplN/wEvvuIYkziZyDaYMb6wb1GBtxjqGALuFlwUrxeb/YXk++dxhP/mXFJbtw+/aXekrtKvR43vmW11kRyydPIsAACAASURBVBp5i9OSTOb7Go8Oxp9PKcagZHFyyQWaicg62Dxyefn+kmAh4tP787JgdRipqMMiHf2wKfrzgEUmIr7p/Y7TLevPx0JP7zByCHKHvW/ESrJ45HL8+Z3I0ztBQ+DsPc6R93PnbDda7QJF1zTq09bXLN0/bWzKzGzuaDr6eGlmSuVHS35oyQx3e05/SI+vR57+S9gQBNdQ4/A1u4U0/zPddbW1tztTOkkDV6N3JmLRq1arRBu3fPdvJT/Fcuhvu5qXE+S2uRE2AFQdd+Lq/1o0vcS4FKQf0PT/8UeNZL7ZEcssspT8//QGMdP/UeqOSqZnv/gkO9z0b3/sKfZZ+5zvUeCf5y0/eM/R+QrUxRO3/hRa6HZ9aO6ZAXhlbQTjFsHgiGNEHHHpSVscR6zkXe8ZY5mCkREjxhExYv/Zdyuzy/926Lt7k//6Yqz8auFBuPHy37gqmtC8d7S5v/fO97R955r8ChSyANsTCMYtQqrgSpZmyU3T8/RTIuIyBRxHpuIu+b8WYQu/lFK7lhrLjnSkw44098kdemKh7u6sWkxY82qWkT7EDABQgG+56JCX4hvbHyW5O+KKb83ScRYxA8AuwCAlgL1ll967KlIF66bWnlN+7yo5X4msAsBe47ubzv4nw1Jv1QjZPvyfbDKWXgXYDfX2ewfY/6z2V6UZjEPMAAAlcdbGOuyM5BEzAOyWV6X6AgAAAAAANYOwAQAAAAAAykDYAAAAAAAAZSBsAAAAAACAMhA2AAAAAABAGQgbAAAAAACgDIQNsB+o/vmp6XW11tkAANiZ6Mun0y+DRq2zAQBQBMIG2Aei07dvj3019sBf64wAAOyE9+HN2+OfjS/qtc4IAEAhnpmeYBvbpbbrm67rmUcAgFeXTkRkGCjMAKAOWTjTE2xju9R2nVI3Zh8+fjK/vBYkoujUn3+73NJxeGBwoKfBWnR/PTR98+YtL/W9+d6lHtH0guaffjg+9XItGFVJdLhaekdOnOprLH6Q9KHm799/MLvmD2tklVwtXQMnTxxvkXdlHwDY7+Irz+49eLG4FlCJ6OW3v/lour2rb2ikvz1TGKgbs0+fPV9Y9fujMZ0EW4OnvWv45Ik+V5FRA6p/9u6dhy/W6PDVa290mncwlu/86dOpUGFYYvUMfu+Ho56S+VuaGn/8xLsejJHV5vB09o2cGeySd2cfAKhXQsvhtzgiRoRHPG7y+NpxW8HJs52w4sFMIrN9ZrDwmFsRf/nlH25OLAYiipHqGNH1eCiwNPv8RaTxaG+DkP8GY2388z9PRxjTVFvXcFfm07Xl23/+48RSMK7pjIgZWjy8Njc7r7Uc6XIUHCT5QRsP/vTZ17OBqGowIqbr8dDG4vPFYFPvIZelyvsAQJXElQTPM444IuKIS5dhHJd+KIErfPJVbDGTctV9ZGf5MvwPrv/rly9WQoqWqs4zXYkF15amny9bu4602IiCz/74u68eLgZCUS3BiIhYQo1u+Oaee/Xuw502Uw7V9Se3v7h+e2YloulM41qPHms2FyaxhfsPFqNFMqFbXIeHOp1FMxic/vTj249Xo0qCETE9oUb8KzMv1uXuQ81StfcBgAooSoLn06VX8v8yBRmXKd+4TCGXLiM4ykkmIuL5LVTnUr0NeMTj5o/1R5u9NTYdNojElqHTZ/qbnFZSIxur87NT08uRSFQjyusrUL3f3pgKFR5IX7n/5dOQTuToGb1wqtdNwfl742ML0eDU2N3ea2+0FWnJ89+/Pb6mEYntI+fO9Dda40v3bk28CEZffPVt308u9VqruQ8A7HP+hzfurqtEgqvzzJmhLo9MajzsX33x9OnsWmRdM4h4PbIRVMnq6hwY6m33NNgo7p9+NPZ0XdUDU3fnR77blywtdP/jP/5pcq2S1SFaRt9/01zG8KIslyhyok9uT7yMEVndx994fahFVNeejt2eWYst37k93f1ev6Oa+wBAXbMwRhxXrI0Z6Ug3PdYdfXXeqxGR9fC5d852Ja92DkeDp633+FlDJz6/lyD+8vZXs5EiB9JePlqIEJHzyKU3B9sFIrIPvXku+NvPn4SjLx4tvdbWVXApXX06HSIia8+Zq691WYnI1f/m1Wjgo8d+dXlqNt47IFdvHwDY54Ivl4JERO5TVy8NuYiIyGF3eZq6+gcv6IYg8EQkdJ774C9PkMOeKY48LY2J4O9uL5Me9AWpr4WIiPSgL6iS4Oo8NWR9fns2uMmnCrLDdLRN8zc9tWwQ8e2vXXqjz05E5Hj9bTX069tr+vKzF8H+EVf19gGA+sZn6oj5bcxIR7rpsf7oyQY1QRQLrnwFMQNFp78aexEj10Bfe/5LG16fRkS2zt72zNuE1r5OiYhU31KRxZmCy0sxIuLbj3ZnP9rVd9hFRMbay3W9ivsAwH6na8nlVouUZcmYIcmaX8u32kSeiIgXMkWXte/ijz/4/ocfXBppLxylWZShqmUWe40vrwaJiJr6eu2ZRLm3t4WIKPRyOV7FfQCgzlnqs20b6fWWXneExnYXvfRTbHrsM8foyOGOFodYat/g02/GXmqCZ/DKa+7x6Vky18fVUCBGROTyNJjf4vY4iBSKhSJq/mgnPRiMEBE5XA7z+CWH08VT0NAjoQiRo0r7oPUNYN9ztbitFFJp7e5n39Kp/kNtjXIlVX59Zd5nEJGtpd1UUPCyq2Gzd2VEXtz+08OXy1GViAR7e9/gubP9nmK9D2F/hIjI5nCbuz/lBoeNKEZhf5RIrtY+FeUcAGrHUrSNObuNdKQT1eVKrA1Dbwy++PNjvxqdv3t7/i6R1e7xuFt7egf6e3Mufv7HX95ZU4Wmc2+OeoT5/MNoWqrXwppzwRStokCkk6YWTJLQ1eTaiKItJ50XrQKRQVpcr94+ALDvCT0nL/Ss3lhQ1LWZ25/O3Cbe5mr0tLQePtrf12YvEUFoy3fvTceIBPfQSEdlHQu5wmsvwultPbo8Pf6HoPYX7w168o9lqMnOECGvL0S0CpQuQau1DwDUu9y5DdjGdontOiS0jL7/QfuTe0+nvWtrYY3UqH856l/2Prn7qP/Nty71yERE+vrYzck1XWx/48KQi6hITVzY6hVXEEgoeqQ0vXr7AMABYO+7es01+/jR05fetVBMN2LB9Vhw/eX04/H20Xe+W6QqH3z65WdTISK+5eS5oa11SvLJQZzWliPnzgx0NTtEbeP5nVu3X0T1tYdjs33f689r8udL3BXW2IV9AKDeWXLalbGN7RLbdUpuPf5G63EiUv9/9t7sOY7rzvf8nZNZO1BAgQUWCBKESIokxEUUKYoSLcq0rW7JskO67du+y4QnZm73jXm6L/f1zkTMnzCv83Bj4saN6b7T3eEOK+yw26tsyZJoSVzFRaRoLuACoggQSwG1ZmWeecjt5FbYCkAB+H5MHZ76ZebJLDrrd85vOedUJp9NTD68/9XdybI+d/fc+YF3z+xNasULn90sUXzw2Bv70+EtxGJmj9xoNOQQuVY1F0KMxQOpT4oSs05pELlrfxhWeCCWjLfvHADA1iCWGz7yjeEjREZt+tnEZHH09t3701q1eO0Pl/t/8HKfdKZRuvvpbz6fbBBl9r76rcO9S3R8JPedej1RShZ29Vr6Tuk78NrxyeInd6vG5MMpfe+gr8F4PEakke4LBzQakqJq1zkAgA6HC2H5lcn0LqOOeli904mn8zuGR06d/f7pgkJEjYmxaYNKt87frhBRY+z8j//+n//u7//57/7h8zGdiKh88/d/9/c//eX1GYp393QREZUnPWuzzlppuN3ZYF+W7c0SEZVLJdlPVpqaN4hIyXRn2ngOAGBrwZO5/qH9R85875tmGKFszSS2KN/902/OFatEmedOvXN6OfukKdmBYcdmsES9+QwRka5pwSBnNpcmIqrOzcqTlmvzpSoRUVc23cZzAAAdjr2SEkqULcsOpFGuBNP/FcWMHihEnHTSWznitGrNIOrdkY8RUfXJaNFpTZ+486RORPHCQMieqdn+QhcRGcX7j1232fSjhyUi4vmhPqWN5wAANj16rVzWAlIlZasARxWURz/79bknps3w1utDy5tBrNcCmrMx9bRERBTPJIJ+knjeVIMzd++7u8SVHz6cJiLqGSwk23gOAKDDsec2oETZsuw4yn/+4GdXJuM9Q8N79w719iSTRI3q5OiXlx81iCieH95GFD/y3r95vlYz3C5SH/v0Z1eKRKm9p797vD+ZjBHR4MHhzP0/l6ujn37U/epLQz1Uenj5/N0qEaX3HjTnGmpjFz4+N1rLHnz1O4f7FOo78HzP7cuzjUeXPrysnNzbq9TGv/zsdomIUoMj5pyKtp0DANjcGGOf//qDu3qmMHRg765CLpOKU6M6V7x97ctpIqLsYMEMPNYenf/1uUdlonj+4DeObqNyxdqIRollkm4ypV6r1XSDapZpoJcr5bKhKDFT3VFt9MP3z49RujC898Bz/dkk18tTd69fu98gosSufduJiEp3P/zwxqTSf/Lsq8MZouzwC4O3Ph3TJi9/+nn8xEgh1pi8/dnlKZ0oPrh/nzmzol3nAAA6G5Wc0SER6qhH1juNWLorTpPV2Yc3Lz286T2kpPeePmFtf6okk3Kuj56IK0Q68XjS6WiV/KFvjEx8cHO2PHbtg7Fr9qk8N3Lyxbw5iW/i7u2pqk7VG7eLh18dJMqOnDz+5KPzRa14/dzPrzutp/eeOuZsu9qucwAAmxrele1WaKpcHL1UHPUdixeOvHG0l4hIHz9/brSsExE1Jm/95me35NOyh99876VeImqMfvz+x0V58sD09d//5DoR8fzLb393JE2xdDbDx0qV4t1rxbuex8iNnDy5nRNR6eHdh6U60aOvHh4dHkkTJfeeOnb/V+fHqrNfn/v9184VqcLJU8O2e6Nd5wAAOhqlf/ibrkdZ9i6jjrpUf+lAKvDyLCcGcf1e06kfPxhsc/FvbvfuA0P5hNE0dE1rNnVBREqqZ8fu/SdeP3WkP2IPBx5rTDwcr6SHjx7c6e6GpHQNPjfc06zM1WqapvNYprd/3/FXv3F4mz10j6mVp4+n6rqS23N4sJuIeDI/PJRTa+X5ar1hCCWR3b7r2JlvvDSQkO7VpnMAAG2iVm9yLhgxImLEbB3GmF1EwIIfzlUfO5KzPXtW8lSJ7Xv2D2aY0JtaQ9MNIYgolskX9h175Y2Xh7pN3wVvPBt9MFEL9eHEevfs37ctRkR69emdB7NayFnxbfv2PderEs8MHtwz2MWbWlPTNE0XpCSy23ccOvnqayPbTL2ZSBqTDyfmmiI9uP/5fIyIKN67Z09/vF6er9WaTcFT6e27D776zRO75fkI7ToHALAI6vUm57b2Mv/nKDLm6DfmKDlbizHyiImIOF/CcI69cPb/IHO5HJQoo8u/eTdH8vRo4Rw2/7MrJKT/EZEQguRP//g7dzbc374XMnFgWcxd/8WvL02nR95+52S+TU2G3eLL1Mm//vYwwgAAbFBmSjVVMRgx4TcbRKTZIISwdZ2pyhiRIPF/PfvMOeX/3P3ttj3ik8/+6YNH+uA6q5rGo8/e/3Bq7/feOdkuJQ0AaCuzpZqqiGWZDcJnNqhK+OrIoXCS/MooUUaWHY2iKE65KjRGr14vde8/itQhAMCqopC7ucJ6MXP90iMaPHQENgMAwIs1twElygXKjia999Qpms48t2qdXLyw//R3MkP5JVjkAACwZHYcOnOqVy/sXFezIfPcydPPbVvO6q4AgM2NKuevo0QZVXY48dzQyKo6xpL9y1zsEAAAlkB6cP/z6/0MsdyOwfV+BgBAJ8I7wpONsvNLAAAAAACwheHOnFcmzX9FHXV/fUXA7AAAdBrL0EtQZQCADmTtVBO3bud4lFFHPaoOAAAAAAC2Kpzs5ZispehQRz2qvjAwLwAAAAAAOoH2j8rsaANKlAuWAAAAAABgq2JHG6xSSHXIIffKlwVjrbdfBQCA9YAtSjE5PhNGUGUAgI6ELUqdtcUD7Is2sAhPM+SQB2k55YGZBXpZAEDnwshUcJGaihEjElBkAIAOh9kDr5as1HbwRRtsHzMR5JD75Ysh4lzYDwCAziFSI4lAZZEXAgDAerCwNmsroXMb7CeAHHJZvkRY8CNC/ACAdYUR8ymiBS0B/wmMwXgAAKw/gdSkNVBM3OtjRh31qHpLltgNAwBAR8HkKKtdgaMDALDhCHo62tg49/qYUUc9qr5opPdTvm5JbQAAwGohQqv+vpVFqDLoMgBAhxA5ylo1l4cTbUCJsnUJAAAAAAC2Lk60ASXK1iUAAAAAANi6cHsVTUFEqKMeWV8pCFkAADqHZWskqDIAQEexpkqJE2NE9qrVqKMeVQ/DN+0muESJJceObwCAjsKzAolwNBljjDFiTDrO3F6ZEVQZAKDDiNrrLbDmW1uWq+HWuND1K6OOemidonrMFq8hk15TLK8EAOgAmKSVPN1qiy7W8YnI/wEAwPoiD7FaD8ZChMtSY/bchk7wZ6Pe0fVFvm7CPNfpmRHRBwB0KKaSY5azTpCssSx/iR19gC4DAHQuTkhUGntF6KyVhUztuQ0iwscMOeSt8pTQkQIANgEtVBm0HABgc9AGbWbPbWARPmbIIW8Zjg9PYApcwRjJqQEAALA+sKgpCnKsn/mE0llOrhIAAKwnLGpKqSyxD7fL/8E9fmXUUY+qL57AKwxrAQDQcYRoqlYfQy8BAIB1J2SUtWrKSo42oEQZXS6OwJbmSAkGAHQkgoKOuqglHMx4KXQZAKADsdJCIrRZe5GjDShRRpcRsJB3VZoVHTgbAADWkZB4Pgs7zCJOiGgEAADWmhDVFDIfmsmHVgwnxkg4fmWS6pBDLsmd948Fa2ESb5VRxLrCAACwxpibM/DQyQyWwpI+uUcZZwy70AAAOgYWnN0QNrEhKFm2GuPWuNDyK5NUhxxySR6JCInbM7c/xjKsAIBOw1RbTN7CIaCmZMXnOD7C9B0AAKwb/qVXw2wC7+rSK0KKNrglBSSQb3n5orGmMwR3ekDAAQCw7rg7qrpKytqiwXei7yT7EwIOAIBOgIUuUCmISKzeUjQ8bKRIYWNHyLe2POqdDZ/eYB51K5hMCABYdyxLQFhpSo5UDtu7WUnM1mzSiYwxBBwAAB2C8OqoqCmlsk5bIZxI9jFLdcgh98kjkQ4zKUYWMjGabevhzgfDWPZ7CwAAS0M3hDOfwYobODmUzAktyN2vncnkUWWWthtQu9yW4RUBAKwhtjZzx1cBbebbsaFtOopbTQf9zZBD7pM7b+dC9qobXfAGHIiot9s1Gxoa+loAwBqhaTq3NJwTT3B0lAgP6TNyVZl1hZXkVIi5ZkPN0NbkGwAAAHm0WUioYeEMpZVEHbibue56l6UScsgXMbfBk6fkCzg4uXeMGNGh5+LxmHV8Zl5f/psLAACLxjBEo9HknLlTG0zVJDnnrAVJrC3tvfMLhazJiDF2Kr0zyVTz+KRWWZcvBQDYgrjajFx3huWt9YYa2rv0qgl3b+N6l6UScshbzG1wjQS/YeGbzuC8td1p9u2XU6pKRHT1zzUD8QYAwGpiGKJW1+bm66rKuRw9cBGeNViFq7psuaSnbH9eTkn+MHc4RpyIzpUeGMhTAgCsMgFtRgGrwB9qcDOU2rSQA3vhjf+dfIvPoY56oP63723zrY7kGgpCyEnBwiMU1gFhL64kyJzVUGkYMQUTpQEAqwkjxhhnpChuTIHsKKhnbWlbTiLsI3k1mS3XSZSbWoJUwkwtAMCqEqrNPKEGz9Rn/4StiB0bGDFFWYJFoZInlx0lyoiy1avMSAhGTJAIW0/JbIGYYMLaQo4Yp0ySW+uECfvV9q3batslEcaKRy7CZmUDADYWctRSXrA5anIVCxc6Ob/k6V09MXuvzeA5y+5t/Z2r1S8LJpzPnFi3GocqAwD4WBtt5k1P8jtihZP60T5tohJJuewoUbYoF8A6hzlrm9u2hPM22x+JWT0rIxKmWWHOoLBOCHnzQ5B/BIwxxC0A2Ogw7/A+Avm3zjwy5ukj/c41u5cVljqyhcJ3yFFlrqfDatW9K1QZAKAVa6PNpJuJYKghcIs2oApTTwnBbHtFCME8JeSQM7m7dd5SnzUh9b+ykMlhfbkndgvf+205+9yeXG4uZCc5++5IeQJgM9BiLpU/BMDcnCILnxYI6WXNvRfkCYMkX+0P7UunmZqMMagyAMCiWGVtZg+8QlZPCgmohmUoLfJ7OKiMTNeI/XhWXUAOuSxf4D3y2hBywMEjciwHZ+YDWXsnWR2x85nkhCfptfZ1vf7HWOAxAQAbG6dndSXk+enbnjkh7CxL0wkn7DwBb9zAcW1IjjrhtmOf6AzxGUGVAQDaQZu0mS9eGaI/ImY1LA9Vni0hhLBdzFYdcsiFNy1PxmMsWFlJ1jsclqpE1mqudqfNbCcc2b0vOe+18xgUnDDR8sVHdwvAhmZBRzsLrXq6RGF1q46f32xYMGLCyZqUjjHGzVkFcq9tffQqMVMKVQYAWJi10WZu5MG1GYIzoduFKj8acx5d0nSQQ+4YB748pVD8c6MZE8IgIqnPZeT0uMLzups9ruOui4hy+MN4IQcBAJuN6B++5JMj283hGgBStyp84QK5b6aQZaNlVWbFFhhUGQBghbRZmwkSjHG5df/K0WEsbz8H1VlKDiXKFmXkaxcIONjzcgRz+k7HUUfODEKPkBzXnfnJ8DTou7vA8iIAbEVYeDdrB/qFq6qEm/VrXcmcKChJdoA1N5pxq3t20oys5oSdCWD7PlxXClQZAGDZtFmbMbLUF3OzKyVtRr7qilAlNYgSZWTpEAw4hFoOwnvMvcrrq/MtNmL1174beqtM8tvBHwfApsejgsJ0hNt3+gfm5F9rVe5lyUkUtn1z8vVOXVg9tzP/AaoMALA8Vk+bmdfYUYyFbYZlbx2NaAPKFUUbQhHOXyzccrDnETK3dSF15E5/LTwZeiQi1x5xaJM5DQBYH4K/cI9E+BYMEb65V1IPah13VnVwznPOkWL91hpJgXu7Oki+CqoMALAga6nNXCOELWfYtnhUeVyIOupRdZkFAg7Sea7lYP9ChJUJbDvtmNX3mieHdKXejpzZcX4R/mgLdcUAgA2J8PegYR/swbrTfZq+OftaQb5dVM1JCMzbnPBWXE0mGQFQZQCA5bJa2izKXGhjqAHRBpSLLReEMRKGu0ahv2a950IWWj2utaMc+YJqgjxdp7uV0opfegDARsMf2xd+x4WFmSLp2AQ+352bmESOFvK0IaR25Du5x6DKAAArYrW0md8YMXUXb7OGUdd9PIpyQ5Q+ggEHM2wmrbnksRxMl55v4RG365XWWbJ+J4yIiHvWOfFF/AEAWwu50/QqB4/ecIL3zhje9cq5/amwhcy9MuquzglQZQCAdrA62oyCRklQva3QVYFoA8pFlSEvvWQ5BKZEk2s52L46TzuSi8710tldsdtBk+TDs5sPjbiFgi4ZgA3Bkpb4kH36tvtNMKdqj91966vKCsiu2ns+s1Ybr5l3gSoDACyGddZmYY8iWw4rD2+qJI0OUUe9RT2IaTn4uzTbcghG+a2u1145zF6e1XrV/UuRWD2vcJdDDHaf6E0B2PgsMCxula1rxuj9HarTe1qhe+aoH2/3aycmtdRyUGUAgMXSCdqMAuaLaTm0JSVSld0nKFFGlVGE/0IY8xgTzqrn1m+GC2EwJkfqhXTUK3Hb8N7XQDcLwNbA9OBHZOg6I3Tv3m2W907WKIxxYoajtHy7I7W8uQ1UGQBgJayJNmNhIY/WyZiLR113HzbqG6IeRfgaSkIw+SrhrHduvrkG87noyO+ic4P+tigkpgEXHQBbAclJ78qCMXdBkkieuewkIhmeHlXqRVm0LoEqAwC0jTXRZqEmQtu2e+sETzbKzi9DsY1g729Antvg3c+Ime466zp33UMnIVjuou11CVkwIdil5c8ACcEAbAiWkw1s6gxrWoJ/QUNhb5jK5GuYk0REsrz13AYBVQYAWDTrrs3cpgPbvQkSbZvbIJcsIIEc8iBy9q5rOfj2PXVeVbtnlRculD1yJNwW7bfdnhTkpAs7LaMTBWATschftDyNWO78hLmeuak3nPUKmRTxlxx2zDpLEi4UvBfySkpQZQCAaNZZm8kuCJ8CIveqlXxB7rg5nFIEJJBD7iO4mRFjAZvBqbFAf+lYy+Z+hsK9hBFx+6U2hHD+mD8B8w8AYAsiawCfcpD1hqUhzOVHTCUjqSR30RJriC+5+6Luat0bqgwA0B5WRZvJl9i3CbpEFtyivjUh0QaUKEPL1lj7NlBoON/C2VrVPmh2udbWqmYmQNS9hPdRorZWBQBsRjyB+4Ca8AjkfVXdlc4dF4ZXJcm7KblrlDhRVrth4fXYQZUBAJbLamkzR5c4iZTkhhzahuq7I+qoh9ZlgqZqeA/p9IZu12t2ro5lYfaywrlZcBc5z36q/luH3BXdLwAbmsjRtn2ECeYR+1YqN73+li4Qnu7WDhQw8m8vw9zmQh7DOsHjD4EqAwAswJpqMyfmEAwvBCyHlaQquWZDlA5DHfWoVz8Kq+sMtRnMnwYxa9aEf+KgfIXTmFtlXts8+GBLfVQAQIfj7Ug9MXrfeJ7ZGcByd8uc3th1xTkLIlnJwUQRfShjJKy25Kuso1BlAIClsHrazNmaYbWdDuoizgHAZYFQg73Rm20yeG0Gt1slJnnsrINBRx/z9p6eNgAAWwL5J89CIptMViwkZxNJ3aqQ1Yk0v1CQsJY8F/ZheVc2y5ywtmvwTWmAKgMALIlV0maO5eBZXkmKMrQx4ACzAayIsKVXmdsDe7ZFJedtdjtaufe1N4lj3LMuU4SZghg+AFsKQUTCH8T3rBbiZB5FdauuXA4xCGGG/i1fnqvUmJMD4IkzQJUBAFZE+7WZf5doR5tFWw7LA2YDWAKLmYAvyJOsJ4XcrNmHZiPzmhE3ybpkCQAAIABJREFUFzJfss8NvSwAW5AWP3wR+ZERZ0zhjCvCnnLgrlko+9tYQHcFP5LdLcuqzNAqOiUNETQLVvKNAACbmLZqM+tE3/6VYkH9sryAA8wGsHxapSd5hFZ3a/bWz7Tm7ydKk43mUDrxg6F+Hto0AAC0A8MQWtOoN5oxlTNnnXPyWA5CGNIRT3aAecgTUrBVGdee0fSHivYsntqp7njPXNAcAABWiXBt5nhArMCpEwhdOFVpGUDNgXbgjbaHzAe0U4A1IX5VnJ1sNInoWK4b7x8AYFXhnCXiSioV13WDXGvBRZDs3bD7XMnl4dmgzU3D1Niz3zDtGREp2RfRmQIAVptQbUZhDlwbeaZWm56hjW2BzY0vnSj4HoYGxYSzLrkgIjo/M19q6uahgVR8FR8XAABsYgpTFa41DXOpBmkClm+Wor0Pkzc/iWwNyOyVHtjsRdLnrIuShbX8LgCArYyszaRlGfxjMhYYtgVHbstIE4fZANpFSKjBt5ORIPGw2nA+pjhePwDAGhGLq0awc5UsB/sQk5ZJDzMtzEP1h+5nJbnaDw8AAA5h2oxJIdNAwKF9YNwGVoxtIYTvCudOHhRENKPpzgkKJgQCANYKhVsLHJnqiHmiCFbN/su3OJIIOvVYc0Zuew2/BwBgq+NoMymhw59R6Qk4tC9PCWYDWBQLZijZp3kP+xLvBOltzbEDAIAlIDybyTgZRxSMKng/2nlNjoYTJIy1fHAAAPAgvPrKM9YKW/HZc1BuZmmjMpgNYGXYk6HDQg3uDojLyJ8DAIBVIKiXmCBpKWjmRvVteSBnCWunAgA6A59qCgYc2jsxGmYDaANOEJ88oQbh7GtIMB0AAB2AkMINRG5w3zYSLB+ekDWWM0Pa7p0FoqYAgPVG+DwgzDsAC+ZhtgOYDWDJBHvM8FCDNz1JwEEHAFhvGDMtB8cCMBUTc7pd6zTzL0GuKrO7ZyFEWzZbBQCAleBZEc7dOSs04OBhJX4PmA1gBXi3ayDyW7qBJc/hogMArCe2ZmKyRrKjB2536+Ym+VUZa/cy6AAAsBzCx1eBYRhRO/OUYDaAlSK85q58QD4D7jkAwPrizMRyAw4eTSWk+QzepR2svxFqAAB0ECEBBy9tz1OC2QDajJuhFJDDRQcAWGfcyQ2ukpJmLkgn+k4iKdQAXQYAWG9E2C5voXlKbQRmA1ghYa43OazvzRgGAIB1h9kReykrya+mfJOzTK2GUAMAoKNwJmKF5Cl5zmmP8gozGyLXeoUccultlN5L/xpK3qsEQg0AgM7BTFEy5AWUpHwk50/gqDAEQg0AgM7B9H14VJLwHvYN4kTIeG1JhJkNUQYJ5JAHCAuEMc+6q96zAQBgHQkqoQW7z+AJ0GQAgPUnRDU5CR7+oVu70pa41y5BHfWI+uLwv5eYDA0A6EwYBdx05F1JSZK7S7UCAEBn4Z8YTdTeadAy3KMHUUc9qr54Aq45ZCgBADoLEbAYIqZEL3gVAACsI+ETo1dNU9nRBpQoW5cRuJZFxMQGWYh9GwAA60ykGnLjDNIpYbbDsiKxAADQXiJHVZ60EetDu2KldrQBJcrWZTiRx2AhAAA2Ci0cc4guAAA2EC1HX22wHbilFC2/MuqoR9R9RPal0o4Ngtpo4AIAQJsxM4I93jhHY0lLrQpM0gIAdDSWfhLy5widtTJfCCfGXIWIOupRdaLgy+bbHzpo4wqKnGIIAADrgbxZg7MhNLkKTTgOE+8hZylDZCkBADoDeYgV1EryvjTBYdjyzAdujQsdvzLqqIfWF0nYyVjpHADQWXiWaWBBsXcZB8mRB1UGAOgoRMSqM6ujrLgVpXX8yqijHlpfKQjwAwA6h2VrJKgyAEBHsaZKiZMQlkfZLSkggXzLywEAAAAAwBbGmdvAIvzNkENO7Yg2AAAAAACADUxotAElykC5eEJThhGxAAB0CCy0Sv4lHyJUGXQZAKBDiBxlrZq3NzTagBJloGyNt7/FokkAgI2FsJcasT8T5j8DADYi/jFYWxUZF5JHGXXUo+rLQAQ/ohMGAKwrIrBQ4YJujmAfDM8IAGD9CSyhtAaKiTNiJITpUUYd9aj6YonaXQS9LACgY4jUSCxQWeSFAACwHiyszdoKFySIMdOvjDrqUfXQV7LVOynvlwQAAB2JvZd9C00liBgUGQCgw5F3qAyFURuMCTPaYPmVAyXkkFvlst8w7PUGAOhEIrZIijwdaZYAgM4kase3VUAVJBhjQqBE2apco/dx8ejln9yZHrV+JyybTL62o+9QvHlp9OmHNUuaUGP78n1v9sQUItJrX4zPXq02SwbLJhPHt+WOZzgRjT998uNpvWm3mstt/5/Tc/9Pkd5+LnPr3uQN3XtTNfPDfbld9gP87F4pMVB4q4vbh8X40+JPal0/2t2VtSTapQcTl2K9P9qRToQ9djqZOF3oO5rkRER6/erT2Ytlbc6geCy+rzd7OpdI6+Wf3Cv17dpxNlb+yb257I7tb2bM2+lXHxZvdRV+mFNW618YALCWNG/qj89R7q+VbJaoYjz5RyP2jpofcI6LZ//YbBxTd4ww/8lERFT+nTZJyu43ecWu+NW2LiZ/3KzuVHedsTX6tPH4H/W6reaUAu/9ltKTJ/2m/vACDfxISTrXes8khef/Rskm7Iad86eNx+8bqXfVvrz1zFP/2Gy8ovaO6cVpvvNdrjrPclt/9DkVfsTn/75ZmnGfsevd2Pbu8EaSF5tTRe83Uti2/0XNNo2pj435x0LXSS3wnjeUnrz1D1K8aZ3I0ix1TOk/wZrnmuPjfOA9nlCIiOoXm+N3+eAPeWw5/48BsAVRGTER4W+GHHJHvjhax/rbit6sCDbcnz+dJtKbXz6d+eDJ/K7heKkp0l2597apZIip2ZkPitM70tuPKrXfjU5eFfGjfb27uPGoNPfho6elocLZNJU1oxlLvTPQ1UNERIlEvDlnVJpUZonXduUP6kT1uV9MaLu2970YJ0WJ7XAewDDKun7n6eyLmdyA2Qc35v8w06zHmnX7lHpp9osmTzRKX9bTryRCHvvW5MzvnpQG9vT2i/qHDyYu6erBbPaVOKvXazem5x72JA7qzYpuJJuCeLOiN0efTO0Yzh+KEZFRa4py0yCC2QDAJkAX058bLE4zF3n3txhLs3halC4aue9x8ydu3DXmplm2wEJONhuokE4kpIrPbGje1uebjH+ll06oPWkiIqqLps6631F6ciTqovShPvVHlvkBFxVhVJjHaVIXTZ11vaVku4mISKV4wj1oOOfXRbMiZn6hJ/6dkklYT2VUKD7IxBVjdpJvsy2B2YuG6FfiJPQ5ShxTtj1vPazaTzQR3kj3m2psTlBdTP3a4MeU3t2MFEqR8fSf9YrCu0/zpEqVK/qzHwvx79TeHOkVogIvnOEKkX5PnzjXfFaI9Y9w9YpePMd2nWH0WC9+LhJvMtgMYNPSfp8vt6INVvqmILPOCHLIZfnKWK1gRTIeH0gmBjKZM72xZr0+IYiIVFUdSCYG0slDuWS3aE7pVCmVvtKU4zv73+zLHOztfnNo2/FY8+qzijW+V9TtqcRAOjGQTki+e5ZNJoczyeGkqhDLppLDmeSupOIfpGuVj2fM3tW4MzE37jGamjdm6tnevjMZ49JUTe6Cncc+nlVJa1YEVWZLVxvK8cHCO9u7D/V2HS/kf7Q3f5D7bkYJqn8wNjuBRAkA2sAy9NKqxV31u0ZZ4dvf5HTbKNeJiPUe4/TAmJ02j4u5Kwbt5j250JMXg5i9IBIvK70DYvaKR4UoORbPsUQ/i6eJEq2+oppnyQGWHGDJPAtoJxdeNyZ+bWiyZC/v6hZzVwzDfJTHxtwk6z7BzUZYr93sAFOVyEaUHMvs5pmdTCHieZ7ZzTI7WfOmUa6z3F8p+SO8a4Rv/yslkxAzFw075MxSAyw5wDKneFIhfY5Yjm//FjOuNCdvG5O/M8RepX9/5wXTAVgqa/cWq45HWVDQxww55Fa5Zm/kMtAN7c58k9R0lhER1WtznzytkhBTlcp0LP1mQkxNN5tqal/S/l2x+HMpfqnSmKY0EVFt7r9/PUdERPzgzh3fWfyNmXIoq96Zmhnt2TbcKH1cVY/3iKtV+6kqc5dq8dd2xvfVUx8+mruVTx6yfFri6ezMJxXWNJqP5rV0pnuAiYmq1lRT+9KMyLjxcPyDikEsfva57Ud9txvIVoozPysmfjSAIAMAmwcxe9FQXlCTA9SVbU5f510nmLKfZ841566I3LcYmzRmxyjz12bkIeTkBW9g3DXmKrx/D0vF+dSHRvmE5cgnEjP/Q7OyhOKs74dcITIiHtI9s6AMRSX2KKz3e7z6C338HNt12pGynmNs7pwxd5r3pEX5imEMWqlERFT7sHn3Q/Nanv8bJRvZSAiNcUE5nrYztSjBMwW9PCkse2NaTJ3TGVHzsVFR2LZBIqLYiJK/23z6a526eeEshyoFYCmo5ujQneGAOuph9fV+UUMRtx4/vmVWmXp0MNtPGhHpBpX15lSlNk7Jd3bndjExSkREalQz8cy7OzJZIiKeSTCaXcITZHp7T9affjxZKdUrajb/ojptmw3Gn6eq9XTPPoUolTkYe/rFdOPQ9rh5TDeMsm48matXUr3/fjCdIKG7T8gP7izs0Cp/GJ0vGURel56qZt7a0fiHR1O/Tvb1LemfCgDQsYjHxtw063meEVH3CJu9aJSPKRmF9R5j8xeMymmFrhh6QekdaHHyAncoXTTYXjWVID7M09Scuckzx0y1biUpkS7m/qhP/87I/DAqkMC63lLMcAeLt0zs6ebb3xaPftGcKChO1xEb4enP9dIVkT0sZh9Q5nvuPIfECTW/n4iIFCn3KayRRSFHdnWhV5iYNCol1vsDtSdrf5HTfPqeoZ5ybCcAwCJRGZHkV0Yd9fD6er+oobDh/vyZNCPGM3E1bXct6XT3W4UENeb+4X7p0px2sC/Wn1LVUv1OTQyYAQdR/3PVUBPxHFGZiDjvT8Ydb9ViQ/4WsRP59NVHU79TUz/YGVecqX2NufNlo07T//ctK8eA9NKdfH4fERHbket7q4tV0pP/fXzuy2rmbJr1J1W1VLtVEwNJpnAlF1eijBwl3fu9fu0fnj57JER6qf9gAIDOQ8xdNHSdpv5fbcqWlG7zzAiLj/DUBX3mC2K3KfWm6d2PPLnVDcaNUpH0YvO+PUWYrhi1I9aMZyXH4jkiYrkXxOwfRF2nqLG0mmeJ3KK+krJbKRwTT36nU8NuLcF7XjDGbhpTFaPezfO73ZNZjhL5kOcPaSRAfIDRA1EpkaXC60Z5nPheHiOqEVGe97/JeZ09/R/63BWj900rLYoSjBMxBBoAWDKqIHIyUlCijCrX+0UNJxmP9ycjni3edSY79+Op2Tu9+X3Z7AtTk188nmj2ZQaY8ag0d7WpHh9It8XRpGR63uxt3kr2DnMqWTLxaKo8oSbf2pntNwV65XePy1/MNvdl3AvTPdkXp55emiwf392V7cm+MD156dHTek/XcJwa9eqEoIh4Asvl8m9Vxn82D7MBgE3ApDH7gFJn1L6dlqB6rjl1waiPKIk079mvj18xqJsP7l3gZE+bFVG5a5iqUR1g2kWj2csLb9sO/pJR/Bdj5q4y0E1EpE+LBhHpYu4rg7p5zGxJF7W7drJSlpmKqzkpaqZfRaV4y+kNRJQ8rfRNNp89kCQv8uQ1ffYmpd7ksvIVk6I2btXVfqa2bMRHfIRnrujT7+v6CZZQReWKUdZZ3wlvgDzB+14xHn5ozJzgfYszewAAEaj2uJCkMSLqqPvr6/2iBlDUtMLTqs9m4FmVp61uj+3a1rOvPHunIvZ1Jd8cymefzl59NnPJYNlE/OyuvuNpRkQZlaeFKndhqsrTKmWchhWeUZRssIPkPMOVNCciPlzoHzav5TyuKAnSvq7SvnzfoaRzWezN3tqP5+uVrJpWeNZ67PjJ/tSt8doToyvL7SecnbmhU0JV+rPdBxJEhv01FTVt3Y6I+L4d2155+OyJ2rrfBgB0PNpjoQ8qA8fctJ/EGaXyvlGepkSO0ieU5G2dneJJZaGT06QQMSIlTfTAePov1gmxE0qiyLreVDL2XALKK9sOi4l7hniFqYox9y9Na25Xnve9qSSI9DRjujH7L7qZsckGlaFvMVUx5n/dnDdb8C7AytOMp0khogRTE2QrVNbzllL/sW4kbG2a5b0jRvEx63FnITOlm8pX9LEr1ueud2Pbu1s2kiAlTczxmaT59r+mqY+N+XPGrE5qgW/7oZVJpdj/IESkvqBkrzerDwTlGBGRQkqaFDheAFgy7OCZ/7LunmyUnV/+7b/q82x2JISz3KqzC5KzMbT9P3tHJenTf330zHn5/vPBXevy0gMAtiYzpZqqGIyYGWa3w6iMkYjc9V4I4SwtLcjxpCSK/805Jbb3P63N8wMAgMlsqaYqluIytZlZlT7bH4nInaLKSFJ35t+qsgQXJCdy9SBJPmbIIffJAQAAAADAloWTNbfBNkxs7zLkkPvkAAAAAABgy2JFG4I+Zsgh98kBAAAAAMCWxYo2SD5mkiWQQ+5IAAAAAADAloUHfMwU9DpDDvmqvH0AAAAAAGCDwIM+ZorwPUO+xeUAAAAAAGDLEow2dIpvG/JOkwMAAAAAgC2Lu1arnL+OOupRdQAAAAAAsAVxzQY5fx111KPqAAAAAABgC7KEneEAAAAAAAAAWxOYDQAAAAAAAIAFgNkAAAAAAAAAWACYDQAsgF4a+/rRTGO9HwMAAAAAYB1R1/sBAFgu5bsf/OLSWHA4rySeO/0XZ4aT9mdt+u6NSzfHJkuVBsUy2fzQ4UMvDvfG3QtqxetXLv25OD2vK119zx099vLeXsU52Bj/7Lfn7jby6r8+uzceuBcAALSPxvTo5Qs37k/Sc2ffPrXD59czSqM3vrw9VpwuVxuGEk9kcv1D+w8e9mgzAABYRWA2gA1LaWIyNASga9WGYX/Qip///oPbc7r9sTz95ObHxbHJM999ud/sa6evf/zB5Vk9ns7n0+Xpya/PfVRV3jprWR3G9I0v71YpvmvvLvTMAIDVozH19YWLl+/Omlptar5BlJQOa2Of//5DV5WR3qiXio+uF8ceFk9/99QA9BMAYA2A2QA2Oom9Z79zLOd+VpRkMml56fSnVz+9PacTZXYdefXFoR4qPfzy0vlHldLN85eH3j61nRNNfHVrVqf0gW+/fSrPa6Mf//Tj4sPro+XhgxkiKt/97OYcKX0vnhxCrwwAWCX06Vu/+e21cD+ISenW+dtzOlFq8Mjpl4cLmbhefnr7wvlLY/XS7Utf7n/nZC76WgAAaBOY2wA2OoqaTGcy7h/HZiDSxr56VCairj3fOHNwMJfO5AZGzpw80EVElftfjTeIqDZbqhLF+3blORElC4M5IirNzBIR1UbP35jUKTtyfCSzrl8RALCp0UvPSg1SsjuOnxrOhp4wPVMmIuo7evrgYDapKDyeHTh8+lCBiKgyPa2t9RMDALYkiDaATYKuazrF4oosm3nyTCOi1I6hgiNX+od3JL6+XW88G5+mwUJUa0T60xsXH2mUGj55qLctT3inVP1iqjSlNRsGts9bZ/63oe3r/QhbHYWzWExVFOxAT0QUH37tvVyZZ7vjpVv3w05Q4jGFSA87RBRLeRUfAACsEjAbwEanNnH1059PF6erBhFP5Qp7j790fEeaiKgxN1slIsrmuuULenIZojpV58oNomRPX4omq1Njk8ZgnjeKY9NElO3t0Wdunr9XptjgS0cK2vjXVx89nW/wroF9h58rJJcTo7tdqvz8yVS7vjMAGx3dEHpdSyZisByIiIgns92tjm/fu7fr0c35qavnbvWc2lvIKI3y07uf3ygSUdfgfv/kaQAAWBVgNoCNjjE99sSpV6efXP9gqnz2L87sSpKmmanCStwzMSFm+e20hkYU7x852HPn8uzN3/5qMh8rT842KDZ4eFi5+9mX06TkDh7Pjf7mF07O8ZO7dx+eevvsgdA0gpacn5pb+VcFYJPR0JopJbbeT7ERUPqPf/tU48Pzd8eu/eb9a644u+vVsycKCDYAANYEuCjAhkVRFCJS0kMvnf7+X733P/379947+3w+TkT1+xduTJpnLKKZ7OEz33lpRy5emy7O6Zn8gdPfPLNj6tLVSZ3S+04OTV++MdnguZFv/vDfvHN2fzc1Ji9feriMPRymteYyviIAmxsDCXuLRSuNPSyWDZ9UL0/cf4hdZQAAawSiDWDDsv3I2bMFPbuzkLWs3+yuY28cnfrphSl9frJYonwyZpoNjYZnKUOtqulkRh1MQbJw+BvfP+wcNyYvnLtfpdRzx17aNvN50SDK7z/cn4zT0OG9+dtXJp8WJ2locG2/KwBgK9N4dPGDC0+qlBh86eTJfduzSa7X5op3rpy7XBy7/OnnPW+f2YWgDQBg1UG0AWxckvldQ47NYJLp644TEenVBlG8u6eLiKg86UkQmp0uExGlurOhi6qWbp+/XSElf/SlwbhWq+pESjJlGh3JRFwh0mtaxMzEFuRiMNEB8MM5JjYsBqN4Z6xKpBQOnTk8kE1yIlKS3YOHTx4vEFH94Z2JpeskAABYMjAbwMZFK5f9yw6WJmaqRETJrhQR9e7Ix4io+mS06G6SNHHnSZ2I4oWBsIXOa3cv3JrUKTdy7ECGKBZTFCLSDPNyTdN1IuLL+Nmc7Gs53xGALUkc5vSi0DXDn57kwViGKwMAAJYMVDbYqExe+O0vb1biuR379z83mEvHSSsVb128OktESmFoKENEfPDgcOb+n8vV0U8/6n71paEeKj28fP5ulYjSew8OBGc+NJ5cuzSmUdfwyaO9RERKbyFLY9MzD59ow7tiNXOdpdz2vqVPQNyfTb9LDAuwAmCCBVh96LVaTTeoVjMNAL1cKZcNRYklkzGiWH57N43N6cUbH19Py0lKl4pERNntfdiPEgCwBsBsABuVVK47RZXq9JPrnz+57jlQePnU8+b+bEr+0DdGJj64OVseu/bBmLP8CM+NnHwxH4wZzFw/P1ql2NBLR+yVSbr3Hd5x/eMn9z/+1WwuWZuebVBiaGTX8jZ/25dN7cumlnUpAGAz0xj9+P2Pi/LM5unrv//JdSLi+Zff/u5IOrv/+Mjoxzen62OXP/npZc+1Su75k/sRzAQArAUwG8BGJbP3zLv5sbs3798vTpXK9YbO413d+R17X3xxb96d/xwrvPyd7+evXro+VixVGhTLZPuGRo68uLc3xDk3/ehhiZT8oePD7vXJ4df+Ur/42dWx6ck5JZs/cPjYy9JRAABoA/FkTKFGSKZRLJXiRETx/pNv/0Xh5q3boxOTpUpDJ1JimWxfYXjvkZHBLBZgBQCsCezg6/+FnCixINRRD63/x3+1jYiEk1wjzGOCrP/sCgnpf0QkhCD503999Mxugv7zwV3UWWilp8/07EAOdgEAm5GZUk1VDEZMEDFitn5jjASxiHQpIYSt60xVxogEiUTxvzmnxPb+p7V5fgAAMJkt1VTFUlymNjOr0mf7IxExR8ExktSd+beqLGHCpkqyqkQd9aj6liCW3T6w3s8AAAAAANCJ2BaGPEUTddSj6gAAAAAAYEtimw2d4M9GvfPrAAAAAABgS8ItX7JcUkACOeQAAAAAAGALwy1fslxSQAI55CsC9gcAoNNYhl6CKgMAdCBrp5rCog0oUSLmAAAAAAAAJMKiDShRLjPmAAsDAAAAAKATaP+oDNEGlIg2AAAAAACABeBk7mPj+JVRRz20vlwYo8h9lAAAYL1gi1JMjtuEEVQZAKAjYYtSZ21xAnNyd/sl1FGPrIcgIo/YqU3OLqwAANCBMHI0XdQJjEhAkQEAOhxmD7xaslLbQYo2oETZolwkEWfCfgAAdA6RGkkEKou8EAAA1oOFtVlb4UIaHaKOelR9GbDgR4T4AQDrCiPmU0QLWgL+ExiD8QAAWH8CqUlroJg4k3JRmORdhhxyWb4AS+yGAQCgo2C+heMYwdEBANiIBD0dbWycC3L9yp4ScsjlmMNSXlgH2dzAgkwAgI5AhFb9fSuLUGXQZQCADiFylLVqLg/OJB8zY4EScsgXE20AAAAAAACbGt6Zvm3IO00OAAAAAAC2MpwRCcnHjDrqofUVg4AFAKBzWLZGgioDAHQUa6qUuCBiko8ZddRD66H4pt0Elyix5NjxDQDQUXhWIBGOJmOMMUaMSceZ2ytjOTgAQMcRtddbYM23tixXY62kZPmVUUc9om6/hGFvZvTrxaTXFMsrAQA6ACZpJU+32qKLdXwi8n8AALC+yEOs1oOxEOGy1BgXJKwlNxkJEq6PGXLIJfmiXzezAbdnRkQfANChmKFUZjnrBMkay/KW2NEH6DIAQOfihESlsVfUppUr8npwRszUnEIQIyb5mCGH3JW3flEBAGAj00KVQcsBADYHbdBmXJAw/crM72OGHHJXvvA7KNuvgfMZ86QGAADA+mCqobAQqnNc0lQhugw5SgCAToBFTSmVJfbhdvk/uO1RDvqYIYfclS+BwCsMawEA0HGEaKpWH0MvAQCAdSdklLVqyor7/Mqoox5aXySBLc2REgwA6EhEyCzCqCUczHgpdBkAoAMRYSs1rJLHlpPkV0Yd9eh6OCzkXZVmRQfOBgCAdWSB9R3CspOCfhNoMgDA+hOimkLmQzP50IrhZHmUhXkr1FGPqNvvHwvWwiTeKqOIdYUBAGCNMTdn4KGTGSyFJX1yjzLOsAsNAKBzYMHZDeEjNr9k2WrMijagRLlQGUVYKIK5/bFr+gIAQGdgqi0mb+EQUFPCE3uwHB9Lm+gFAACrjKWT5FVnAjaBoLYNxKxoA0qUC5WLxZrOEHg/EXAAAKw/7o6qrpIyaz79xHwn2Z8QcAAAdAIsdIFKYQ7bVktHmdEGIfmVUUc9tB6GtRQhC/a4RF5PHQIOAID1xrJ4iPRlAAAgAElEQVQEhJWm5EjlsL2bleTZFpps38cSV5YDAIBVwz8ZOpiUZJWuTlsh3DZKTEVo1ZlUhxzyhV40qRt1XkrGwiZGs+1x1fmgo/cFAKwVuiGc+QxW3MDJoWROaEHufu1MJo8qs9SWiPXLba/RdwAAAFebueOrgDbz7djQtvGWG22gEB8z5JA7cpcF7VXX8PAGHIgon3DNhrphLPvFBQCAJaFpOrc8bk48wdFREZtaMnJVmXWFneQU2+aeZtTX4PkBAMDE1WYhoYaFM5RWEnXgtn8lxMcMOeSLfQXlV9cXcHBy7xgxomPZTEKxTphuNJf4ugIAwHIwDNFoNDln7tQGUzUJzxIOzLYQ7MI8wEjImowYY0bXMeIJ87hozKzLlwIAbEFcbWYPvJjjrfWGGjwZSm2C+/zKqKMeUY/ADu77zvFNZ3De2h5V+f72XIwxIrowVUK4AQCwqhiGqNW1ufm6qnIuRw9chGcNVuGqLlsuqTcnOqFm9b53iKlEZMxcIoIyAwCsLgFtRgGrwO/ndTOU2rSQg+p4l1GibFEyb6oSY+ELEVodLGMkBCMm5Iwn+/D2uPofhvoruh4nNleqteU9BgCAEBgxxjijeNzqZJk0V0GQtL6brPC8H92whK0GrUbi/c0d/6to1pqUEKXG+n1JAMAWIKDNXAPB1lf+5RxCm/EeWGosQl338SjKDVK2eJVtIyF08rRpYTg2BCMSxBl1qYrZrGV+WBaxdCPbLvHcWzJWhEccMisbALCxkJ0RUQs2s7APds/HvIU0KVBIw39X4npDmLUkhG012HpJUkrMbIQkfSUEIyWlEpFiPb1XbQmPWpPVW+S/AFQZAJuBKG3m1WBhco9Q0mk+WyEkPcmvVyxTgkQbtYkqpIx21FGPqi/iXbJ7X7Mm2RLO22x/tLpk04awAheM3PND3vwQPCs0sdZ70gEANgDM0yFGnSRXA+sOhtkMTPa9OX0rY2ZA31Z0AQ+J2dvaJ8iqzDlkXiec3eOEcJSd/Zf7iELSUlEKC6oMgM3BorSZX+NIMuYZ8fs3d3ZnjDpiR4/5Qg1t1iiqs2KTs/4m6qgH6+6g3yaYpxRqYbiWgNQH23W7cJHSjgVzrpebC9lJzr57u38dAID1ILqb9cfT7Ywjr9VATkdrbtEgdahkDc2FICbstRzcNh0NJqsy5zRTlTHmU2LCbNCaOE1k7uzgxl6hygDYsqxAmwUUQZjNYLt5g7lGoR7fFWYomdEGYmE+ZrmEHPIF3iOvDSEHHDwix3IQTuyeuX46qcf1dLo+72KLDhUxfQA2N4wFelLy/PQlgyHcZjBVCPO2IPzt+NIB3JvKkxzkcASz1BpUGQBgUSxZm5E1HhN21lPQWRs6q8EfqlgRKovwMUMOuTfmEILHWJAC9MxrOThdrLCdc9Zvw3bCkW1IkPNeC7+rTr5tqzca3S0AG5oFHe0stOrpEiWDwRvJJ+bET/3xBycoKj8JC7MQ7CNQZQCAVqyaNrM8vPachWB6kqvM2j1HKmRuQ6f5uSHvBLn9WrOowLr7tts9q/P2C2GQM5XBfr/lnth5s33uuvDVmgJhvJCDAIDNRssffsgpwulcnS7UnNPsibGb86yc2c5eBSIsReg0LxwdKOR8JnIyjkTYkyzrG0GVAbBpif7tSxEG8szL8oRMXcNAWBmPjHG5dXsg14plZCiFz23oND835J0gj3ztAgEHuSnLDPC45ZwbuEInRdhsRhieBn3vtcDyIgBsRVh4N+sE+p1EIym24F4qrHWkZSeI1LC5pqo8t8oWSjOw5LkQwoxbCI/7Q9j6SVpIye7socoAABYLaDPXK+H4bQMhU+YVkrDXhpZtBnlRpjbpG242bGWZo456RN198wKvuuddlHZ/E9Ixfw8tJwkIz9WM2T8I51LnD2Pmb8JzHACwxRDSH0mB2GN1KTjgkdhTqly5EykQnsvcNoWwdRnJV9kXila3kx7JPCa8bQMAthqeAYx/xMPkM6yDDrbnQsiDI+tvp8ZcdbWQzbC8UIMbbUCJsnW5yPfJxPW0MTce4SY4MbKnRLvJA0F3ndvLOy932OKsPmBLALChaf0LF1Z/Kglkn0Yg1CDI64KQDvlj/RFI87XcqxxVJkVMAwEH4e22vROxocoA2PQEf+QeifCtNyN829X4/K1k5X8L+TzZZrDbWECnrRBVnh8WyHGHHHLP3AbnNfX1eeGbRrv9rdWLWhdKFoIVZnPnSgda8drIzI7zB2Yvki0HAGw+on7Z/h7Snj5IhpC7UbsN5rcThN3LerOTPHW7WflRHMvAPU1Idxc+hShaGwJQZQBsHYTfHgj7YPsgHC1mRhqEm6bBPFNDyafa5HYDwmWHGqxog30jc7wopDrkkC822sAYCcM6zZ0M4dSsVoQstIwHIWcAuK+3G2hz2pd+Eit56QEAGw1v7xrdCzr6xjqnpevO01RYP858ZoQcobBSAiSDQDZUmKzKhE9dCQENBsCWxa/NhN8Na2F5IqwPwheJsMMP0hjNp8TMRA/eZlXDbb8yOdaLndEOOeSu3PfeBPs8f0TeW3PmRsuTe6wUYSmjz7ypYQcdOGPOHycPENMIAdji+F35ggwhDMcDIc1eIGkygWdFJKkFZ4YDeWY1uB/lKKiIaNArtKZKWE8VeFoAwBZHHs/4hjryKMhJRTKXS3J9r9KAyt6lnki+xL5NUOGs0GehOh5lO1tJBErIIQ/p6ORUpcBiSuQGFSyDwRs9k6IN8kvPPB47e0VEeSM5b0SuNeieAdgQLMkXYBkHVqyA2fMArYOeHtHbrByRYB6ptOmSHHywhW6egFeVeSY52E1LdxE+R0pQlS3pKwMAOp/laDMzaGmvKMOcquNMFd5JD5IKc9JDrChn2KPIOZYrj3MG5zagjnpIPfTtMc/xd2m25SC8H10rwl5EwA5B2NnAXvMkZH5hsPtEbwrAxmeBYXF0NyeEfxVTO2vIm1zp9KtWUFTYnjzXYLDC/f4pCcJ3jl1hUvaAXxGF+VkWijlAlQGwKViGNnOG94y8i0Sawy/nsHWyM5jyGhO+iVtezWhaDm3JjVSd21hb2KCOekQ9lPBfCGOeTtLZ8c36zXAhDMbkFZOEdNQrcdvw3teIfCQAwKbC7i3DD7oxAfkK4fGryUsoSNrGp9lCFZ1fKKS/AiszBFtYOFCAUAIAWwczPBkx38BRILI54MQi5PERY5yY4XpAfHu9hWlLOeawElQ56ooSZVQZRfgaSsIKU0gf7WmEQhAzmC/aQP5ogxzod954/43hogNg6+DXAIHjvpwiIuHmMnka8Pju7GsodAQfIRfeunQXb+LlYr5IK/0KANhchGmUkAwiSVs5sVMn2sCYIDI89oFkE7AIE6Fd80JVZ3jnjBFRRz1YD8U2gr2/AXlug3ffIzsN2YpkuBF+Z0KPZG3YjjzWKiG45c8AXjwAtgj+gLw1jmfStAeKzOu1fRqy/mkltxWP5Bq0/rZcIb6tJRYyeAAAm4aVzNQyP/nWfLO1imQhWBOivVlJ0i7RFLAcnCmj7Z3bgBJlZBnyupNnNC/vw2qfIL2qtpEgr8EqBxdIuC3ab7s9KciZ+eC0DHsAgK1H6/5YjjYwdzU4WxhpMAQkIuyQMzfRI/OpJuGzH4ImRNQzAwA2B4v8Ucvru8jaSZi7M5ijIGf+lJRRKYcfmHWWLJTb8o6liNpiOaiOJozyMUMOefBXEEzhlfdt8HSvzhstvKsiOp2ud8skJmUUGN44A7pYALYy3qimVPdNfAqLT/p3qHT62MibtTgSfkyE6j+//RLhhgEAbCXkSVneoQ6TR0GWGWCHI+yLyWM5eDe29FkOwXkUK7QcMLcB5aLKRf0G7Dxgn83g/h6IyTEGd4c3e/ejwBLn3val3jdql2gAwKak1a89OgsobLYCa2EUeOc3t3qWVrMXlmKQwBkCwBbDk4YUnDnlcTJIW0j6l4nzrYwkDdesv1nUNIcVERJtQIkytHRY7GohzsDejSeYdoLT45oGg3AiGvJeEFLT/iUFpBv4gSUBwJZjcb2idxnDsBO8+oOF6Tpfa5G2g++Jom0MqCwANiuRblD7CBNeT4Vv3wVn9WcnHdIxHuzkbeZYHubmb2EO1aDlsJKAg+rcg0kjNNRR99WXhGUFhNoM5k/D2o6a5BWXIhZN8kYrvLZ58DcJ1x0Am4yF9U9rx793JmGLUxaRfbTcZ1jw6pVcDADYIHjNAl+qJJMVCbPnM8jGA3NsCzewYBsA9tYMq+2MUJ3mhXQr1FH318mptww12Bu92SaD12ZwLQRyPXm25eC241SY9+aeNgAAW4Jl/OQ9veaCA3rG2ru7AnQUACAUWTmE6R15c0nyRFIlI0HIgyPmsRw8yytJUYY2BhxUZwSHEmWrMuo3ELAZHDtA+AL5dmGvsxowJOxN4hj3rMsUYaYgtg8AIApTBosZuIcskb6Ie7RIW2oFLAkAgIsgaeU1E3mgL60BE2kkuHKzGd96rNY4q5XlsDzsaANKlK1LokV2mYI8yXqePVmFazDoutAN4ox0fak9KgwGAMDKwVgeALAutBjGiKiPXGFCkMJJUcwmmJDDEd4d3/wjsfA7LSfggGgDyuVHG1qlJ3mEVmDBXoeY1TUjlVA5Z7ABAAAAAAAWgTAMqtQaybhiBRgEuSEIIYgxKaeDFkxVWgbcMy70lZBDvkjnvjdxKGRqs2OBEGlNkUnFOOewGQAAAAAAFgfjnGXSca0ppX2HOXCd88nv4l0p3HNXXwk55J7pB543L/gehgbFhLPFgmUzGImECoMBAAAAAGCpMGKJuNpsGiSN2UI24Q0M24Ijt2VM1uId6tuGvNPkCxMSavBtyiZIGIJ4e7ceAQAAAADYMnBOut9UsLe9Cg04tPHWHerbhrzT5C2wLQTfu+m+wZIpHNjmHAAAAAAALB5mjqakhA7hjruck+SRWJsIzG1AHfWw+oIZSpbcd9iXeCeWsW4SAAAAAABw0XUhD668Yy3RwuW7wjylwNwG1FEPrUdhT4YOCzVYBscy3ksAAAAAANAa7y5YLBhwsAdj7RmGSdEGlChblIt4awOhBkFypAKmAwAAAABAOxA+zyzzDsBcD3A7B198/cejKDdEKb+pgTcwPNQg2xsi2AwAAAAAAFgOTLIcyMkQCQ84eFhJ4IHTKuW0oL756kG82zVIErciv76INwAAAAAArJzw8VVgGEbUzjwlTp0x4xb1DVCPwJOh5D0gn4FQAwAAAABAuwgJOHhpe56SHW0I+pghh9wnXxxuhlJA3tadCgEAAAAAtigibJc3CstTaiN2tKGjdhaDvDPl4YRt3iZnKImFGgAAAAAAAEvHGl+JsDwlzzntGYiFzW3oQD835J0gN6siWLOPy2+qt4pQAwAAAABAGzEDDp7hlfAe9uWLiJDx2pIIm9vQgX5uyDtBHkZYIMzKUAo5BMsBAAAAAGDlhAyynAQP/7itXWlL3rkNKFG2KBeB/73EZGgAAAAAgFXDPzGaqI12gg/uuS3qqC9YX5BA6AsZSgAAAAAAbSd8YvSqjboks8GTDoU66hF1L65BETGxQRZi3wYAAAAAgJUTOaryjN+sD+3K++B+QVTDkEO+lMOwEAAAAAAA1pKWo6822A5q8IZRDwI55JI86gBz1wsW5KbctRkxV6xdGdXGZ4yqRkqK92TVffuSI7mAGby41maKjTFSDhTUwO+h89CNxw+qNx41J+aFZlAyowwMJI7tj/cqS2jixidzF+rxvzybHljCVQGq9V/+sTpfSL97LJ6QxM1n5fc/11IjXd/fo9J05adfNKrZ1NuvJXqjW6qXGnemaWhXvHslzwMAAABsSSyDwLOeTYSRIEToyvmLRBomRY3vIIfcxmcsCBLyWcH5z4Jcy6N98Qdj9Mr8R48Mg4g4y6SoUTcmi43JYtM4mz3UtfT2dO3Klep9Xc281TXc4cNWTbvwp/K1EhFRMsO7SMyX9ft3Kg/GtG++nhlOLNwAERHpU2UyNH2+SbSS7zvfnNJImzcaRPKdtXmjbFB1xiCiZlNUNWpohtGqIfHwRuWLZ2y2K3562wqeBwAAANhKCBLm4pXmAIxFHjXHdEI+YXnmg2Q2dJw/G/KOlLdGiKB9K0Q7Z+fMjZY/emQYnO87mn5ll5ogIhJTxfqfn7KB1DLb1HUig1oObTsBMXqtcq1EPBP75qvp4RQjIqprF86Xr81on1yqb38tsdx/gNVC7c/89VuGHuMtLRrRJCISuoFltwAAAIClIIQgFmIAhI3HVs4GSMoAm4J2JSs1v76nG0S5A+kzu5y3l/UVkqcKRETVsfJPrzQHTmTPFhgR0Xzt55/WGrsyPzgUIxJzxeoXX2vj80IjyuZiB/enBibmf37H9IU3P/rlzEdEhSPZ7w7zeql+8Wb9wTOjRpTJxg4+nzxaUIiI6o0P/1iZ6E+fyWqf39FmNerqT549Fp+7Xb74SJ/Xqac/eeZ4ss/04mvNmzerXxX1+TrFM8qeF9InCopKVJ8o/+x8s/9YeudE9cKYoQ+k/+3xWDXwbIe2eXOuqo1r44KIHzqRGXbsg0Ts5ROp8T9UJ5/Vb5QSL2cjG//TV9p4VSgp5fkDcd3Trpgr1r74c2O8JHSF9fUnXjmS3B4jqjc++GNltpA+3aV9flubVuPvfCe9fan/d9UbH/2xMtWf/qtjcZWoOd/44kbtwTOjZlAyo+zekzzR1Xj/T1qNiIjufD57hyg5mP6r4/FEXbtxs3arqJc0SqaUnXuSL++JpYiImjc+mb9sJM6O0I3r9bEqf+WNDL8290Ut/pdv2DlXevPCp/O3EqkfnOo4OwoAAABoK2vqboPZADYUdX2iTER8TyH81a3ONGuGmJ3WyTyhqs9qpJWMOlFiuvqr841qSj14QO3S9McTzRsPmrv3JV4ytD/fa5aIDe6J9XGW38aoVP3tJ/VJg3KF2J6YeFzULp5vThzv/s4gp3pzqk7lR5XfpJTd/bH4hFYs1n75YY1UZXchFp/QJou1j++r7+1TSW9e+NP8tRIr7E6+kKXSk/pX5+cbp7Jn+lmjpJcNUb5Svk8sl1P7C4oa9mz7tnnnDJSaUwZRSt2T9X7nlLqniyZLxsS0QVkebJyeVX51XisT8RTvIuPWpaocV6mOlX9xqdnIxA6NqJl68+sHtV99Tu++nuyt2N/UoFRWGepXu0P/xcv1j/6kyblOek2ySsxGSnqVqFtv/OlPlTsaf25Psj9mTE00H9xp7Hktfmwf3R/TilXKFeI705TqVxO69vm58ldlSvbGDmRpdkK7c6M8Xsq8eyyWIGOiTJpW//A8UYIPDsTzCVbiZJQbV58kB3ZxIqpP1m+ViApseTNdAAAAABAKzAawoTCMBhERSy02j9+lWtLLRPk9qVN7FCI6NGLJjx5kE6PNkqE8fzC9RyEiMXqpPmlQbqTrvX2qNcf3T9rDm7WpwXSfeQ1XXnm9eyRBzbH5/+9SUzPUb77etSdG9bH5f7rUnJ7Q6/tU40n1Rokye9J/cSimEtEupfH78r07jVf67UePxb71hjUhoToa/mwyujlDIMFj/iPcNC8aTSme4zYu7n2ulYkyu8y5y2JudP5n13TNOk+7erNZ48rrpzPPJ4goMZyY+6cb9a+mk6etf3B+8LXuU9uinRmamHymRx51Hp6Iys2JOvH+xGsjiQQR7bMODYwoNKMVq9Q3nHq5nxFRdbR8q0x8W+o9M+2q3vjgw8rDR9U7B2KH7PBBz4Gut/dZU9j79sQuTGjjo425XcluMu7d0zRiL+yLLf0dAQAAAEAkMBtAu5HGrnJmUnuylDiPExGJap0oMHxuTWpbLM/1yRtzPxlT+3PKQH9sqF8NG1nqk7NExHf2W78OtTfWH9PKVf1pnSyzIaVsTxARqSmeIiqnlHyMiCiRYHGimi4MElPPdIOofK/89/ektlW9bD94rD/mTGJezLMpMc5JN+qGRj6MhkZEFE+4g3upcX1inojY7j2mccG6dyV23qrcN1up6hNVItI/+e3MJ1KL1aogc4CeUp9vYTMQUW/yX7+elAMR1dG5f7oWZkhkYrszjWsT1ff/0OjPKQPbYkM7YmFLJ4mpGd0gyhdilo2QiO3upYcTxnhJ2GYD3zPoLnul9ieez2jXZhpfl5Iv8/rXz4j3Jl7IYZoEAACAzUzkxryrtgY+zAbQDrwznldx04aE0p+hYtm4V9SPdi1xGaCu5NvfUu6PNh6XjImx+p179eRg+r3j8WD6u76IydGeBBgeOUItHOp6rd89qiR4N9GcWZd/44t4NjWr9pE2WW3eK4m+rHRttXmvRER8Z6/7UIo/2ZEp3D3m/4dLxb51KtnjXsy6Uoymre/ZtlQfJfbyG10DjxoPpvSpZ40vHjUufB37y7OZqEVglVY3ZtxzVD0wrNy4od8b1XYqjWmioT3x8JQqAAAAYFPjLKBkf17Riqs+kP0LVgsR/NiG9ZTUA3sUTjT9dfnjsWbdbntmon7hRv2pTrEEI6Jq3TAX53k63pR982oq9vxI5uyp7h98O3MgRbVx7alOpLC4QkTGfNU8Sylkich4PNE0PzentAnNjTAsDtbXq3Ci2Rkj1aX0mn9SPB5tYIQ/m0wqdmSQiIwbFyujVftfsq5duFidNCjWn3w+fPFZpb+LiIzxCau55jNt3PlHSSl9KaK6XiLeaz9nl7pqfnpF3TmcPn28+/vf6flWgQzL4GEJTkQ0XzG/lPVPN/FEq9rf8cEMEfGBbOSDde9K7IxR+VH5g1FBidihAjQbAACATY3wD6rWYJ9dVTZKUEc9qr5YIlKR2hh/6B7OfHNq7qMx486l+TtXWCZBel3UDCLi8d2Jo31qhhrlR9VfGVpXvfn4mXvfpzdmfzXGdhbUgS6uz2sPqsR7lT6FiNSdfXSnaFz+U2m8lytdiW8eSOQn6pM3yz8vqf1cPB5rlomGRpJ9S3nO1K7kwXvlr8Yq71e03TlGdX18Qp/Ppv7tayHGR/SzyfDhI5kX5stflbQ/fDCbzPAUifmy0Ih4Jnb2WEjYhIiI2NC+WGZCm7wx//MZtZ+Lx8Vm2T0ae+mA+uBK8+Knc+MFtYeL+VLz8Qw9/42e00v5sguiEDUnyv98qdnVH9vdyxVDvzdFFFMG0kTE8v0Kn9CLN+Z+WVQUrr58PPn8vfLXz6o//6S5M0uzE1pRo8yu5L4W6yLFYkd2sIcPhEaU25NY0TZ2AAAAwAYhcqi2Og5AZdvQG9ItGOqoh9ZffiFNfloGvYTnLwdDsHh8halxrHdHYriH6nVR00S1TizJ+7bFjh5LH+5hlFLzMePZjD41a2iJ2MsvJvSnTaM/8WK/kujixpz+9FlzdLw5XqGu/sTrx1N5lYhYbpuiz+mz88Z0xVBy8f07E3vyrFHTJ6b08RmDdasjRzOv7jCzZsTTx1otlzi6Q1GJiBvjj5v6/8/enXanjbX9gr/YCAkQGDAGjPFsx3GcOHGSSg2puu9nWGed1avfdT/9FbrP6g9wzuqP1f2m+/Tq+znD/dScSuzYju3gCQ+YyQyyECAhNv0CsHE8Zipi8/+5sutiIySBt8WeJPnE2X4rIyJLPbFv8j7pfsjKmDUSEVzVWrZgHhzW8hVy9IrPZux9osVaM7cS3DfkmPA2P8KL9+00qzUyaAsIda1cV7V6uUai0zo47PjrY0ewdabH2ZUzp23IU1eUWibHCzXL6D3nWLWaJNu9cZuLka3HNuKjslpLHtZSBW5YrcN3HE/CVhurJ+NV4/idnsXq8X2T+qTZ0Kn5RJZ6bSdecw1KUz5GrJ6MV2u90my/VbAze4Wns+Z+ytzLcovbNjfnnHJZiEjyCV69ltF4XuVVu3BnWLoTtooGz+XNgzw3bGx40vlP90Q7ERGVkkbSYrs/bnOdGlGwyA6+vVvTmfXpI0cvZl8CAMDtZVRrjDUrYhbL8X0bGo+bPycVOYvFQq2Mtupb4//s4nkQZ1kmn/8frVvHWdpuI4cY8an4f/2f+k5NMqq3nmybfVRv3RW69dMaQjseR6vXzZrFJeMKN/Dpqdvq/7lSEwed//LoYxumAAAAX7KipgvWequZ0Gg6XNFsIGrNCTndbBAuPZXwHc0mRmO9iBFfFAN82aqr2zVObHIMbQYAAIDPgtWPO4xbvcWIEZ+NrwcNDOiQWt3gJA/YZ3qusTAAAMDt9+lrZcLxXJSzfczIR/4nKnSf5p4NABeyij/8O7HTOwEAAPDn+/M6bVmd6paTfuVTKfKRf5wCAAAAQDdjrR7lRh+zhc6kyEd+p0spAAAAAHQY+zL7tpH/peUDAAAAQDdjFrIc3yoCMeKLYgAAAADoZqx1hf7jPmbEiM+JAQAAAKCbseNZ7K06ImLE58SdLqgAAAAA0EknV1Jq1RQRIz4n7nRBBQAAAIBOYnTSr1xviwn5yD+dDwAAAADdi9FJv7KlLSbkI/90PgAAAAB0r+Zow9k+ZuQj/3Q+AAAAAHSv5mjD2T5m5CP/dD4AAAAAdC/Wup+X5fiam4gRnxsDAAAAQNdijbt6HfcoI0Z8UQwAAAAAXYt1vA8b8Q2JAQAAAKB7MaI6tfUrI0Z8QQwAAAAA3YsREbX1KyNGfHEMAAAAAF2q0Ww46VdGjPjiGAAAAAC6lEDU6FFGivTK9NMoavonXBsAAAAA/AkEqhNZWj3K9TpixOfHn46nx/4J1wYAAADQVZSjSke2y8jS1qOMGPFFMQAAAAB0MUZ1IrIgRXpFCgAAAABdrDXagBTp5SkAAAAAdDHWNgnFghjxhTEAAAAAdDFGJ6e81hEjvjAGAAAAgC7GmvXC435lxIjPjQEAAACgi7WNNhxfZvOdHOQjHy0HAAAAgO7G3q0p0nl1R+QjHwAAAAC6WPu5DZ3uz0b+l5wPAAAAAF3sgnMbvqh+buR/CfkAAAAA0MXOnNuAFOlFrQgAAAAA6FaM6m3X2USM+KIYAAAAALoYo33/laIAACAASURBVMZdvZo9yogRXxQDAAAAQPdi1LyrV51O7vCFGPHZGAAAAAC6V2u0ASnSK1IAAAAA6F6t0QakSK9IAQAAAKB7YbQBKUYbAAAAAOAKGG1AitEGAAAAALgCRhuQYrQBAAAAAK7AqFklbPUrI0Z8fgwAAAAA3YsRtW7o1ehXRoz4/BgAAAAAuhdr1guP+5URIz4/BgAAAIDu1TbagBTpZSkAAAAAdC/2BdRHkd6IFAAAAAC6F0YbkF4zBQAAAIDuJZxTR6zXyXJe3RH5XZ3/5eBaZm9z5zCn6ia3iA7ZGxoYH+tzMSKeW/p5R5p9POXp9D4CQDcwivHN3f2squk1EmyyxxceHRn22j7rNrWdhZf5gedzQeGzbgYA4AzhnH7lc+uOyO/2/C+FFl95sVZ2Dw3dn3Q7BFNXCwd7m7/nq8+/Ctu5aVYNZnZ6FwGgG5iFtT9WDyz+8TvTPlkgs6wkk3vzC+rDp/f97DNuVq+ZZs0kQrMBAP5kQr1et7Tqi4gRXxR3uqAeK8Z3jqShh4+nXI2vZZfL4w8PGoZF7PSeAUBXMTMHB7rn3vdT4ebRR/Z4+wbHdS58xjYDAEAHCRbLyXU2ESO+KO50QT1mVqskyNLpr2Wr2NZo4EZuY2HnIF8xmegOjcxO99mbL1V213b2slqZM4fbF5kcG/XaiPTdP5YLQ3MPQ9bGUpX48q879kffTvqa29A2fl/Tp57e9/5p7xEAbgDTNLnNaT/dY8HEk6OTkY2vbSZzmsGZ3RMamp7qkxkRcS2ViMXTWbVimMzh8Y/PjIedjIi0ncWXSv+svxDdzmr20edfhe2kZze3NxKKpnPBKfsGx+8NuRrrVuMbSztZtcwFp2945s6ox0pElfjKrxt055uZiP3P/zwA4PZj9To1+pWJLIgRXxR3uqAe6+kPSur2eiyjGfy853ktE903w1Nff//VNzO9PLH+Jl4lIiIt9mplq+KeevrVP37/cDpg7M4vRxVOZHPL/DCeMZqvLyfjR2Y5u5dtrb2QTGmOXtef9f4A4IawBwKeaia6msxXamefNbMbL5Yz4sjMD//03T9+dydQ2V54W+BEROVCRrOFxp5889U//uXBuJhfXUlVGi/Rq0Z2cylhHbw7+83DkJ14dnV5PmH67z54/pcnT6YCLJ9VORERVw6iWXly7skP389OyOrGm1ieiIgEu8PjcdgxewkAPg+rf+h7ouYpr0iRXpQ+vSefKTwf0pbgdYtd+pjvNIsz4O+pq/HYbnR9bz+VzxUrnDlcTsFCRFxL7uSs47NzEYdgtYpyj1WJHxju4aCjno293mfjT6cHnFZmtTm9fruyt1lwDPXLslg5iBXESKjHSlQ8WN21hvt5WpEGQ05GPL+9dSAN3mt0BgIAHBPcoYBUySS21mObu+l07qhokN3lFBkR6fsrm8XQzOMhJyOyWEVPDyXWc+Jwn8si9gT9/h67KFiZVXRL5b0dzTUScFlIzyYOtJ6Zr6fCblG0WsjIrK7m5OlH94OSYBVEpzsY8joai5W8s89Ge0WrVRB77EZi/0gM93sFYk5fuN+HoxXArafrJmPNKpql8WOh04+Pa3BEllZAbRW71v8Ze4/qnFCvk8XSnMWOFOlF6acu8B9D8o9M+UeIm7qqqMXs4f7yq5j/7rMHvSIRMavTJbWWtAgC4yYnonKxxO2+3pOBe6vHL9GeqlGfx9Mfsi8epPTIkFQ8yFX9I+NDavZlOmP2hdnRQZb77/ai8w4AzhJcwam54BRxo6QqSjGb2Pk9djD+9MGoUyuo9XJl7afU8bK8anUTJ2K8kk1s7mWPylVeJ+KGwd2cEzEiIuZwe44PNyVV447G7KN3MIdbPm4bSKJAdROXggCAz0+wWKheb85iR4z4orjTBfUcTJA8fsnj7wsHN358uXsw3jsqEjW/fM8wz7yFkzlOcnjAsZvIVSLu/UPTf9cruBxhx2IyUw2J6Sz5P+tFUQDg5mOi0xNwegLhoPuPP9ZjheEZIrIG7j2d9Z9Ztrgzv5hzTU8/DckiI1I2f3pVfv8NfqIdBwB4H6w12tCYxY4Y8flxpwvqsVqldM404is5emRWURXjOKOWz5fJ6W5MvZJDIbeW2k8ks9Q74GNEjv6wQ0kcJuJ5a1/Ah29oADiDG+XKuWdYERGTe2RezBbPPmOqWpm5B8KyyIiIzJKuX7QSl9vNtGy++gn3GQDgYzCLhaje1q+MGPF5cacLakslvfTb7z8tbO6mCvmiViwWs4nt18sZ7h/od172OuaPDMrq+uJ2plQ1jXJ2Z3U9bx8ca80+svcNeMqxtTT1hRqNBHso6Fa2VzNCIOxBqwEAzuDK5vLPPy8sbSYzhWKxqCmFw93VN+uqfWDQy0ganAjw+PpSXNGMmlnRsnsbLxfiRSLB7Za5srunmZybxeRqTL1wC0LfaMSej77dyGgVo6plk2vLceWiNgYREZnZ7fmF7SwmLAHA59E4t4HaznBAjPicuNMFtcUefvqNtLuTTGyub+lVk1sEh9wbvvtsrNdOREwQbKLt5EQEJgqCYBUYETF5cm5GjO5EX/xRNkl0+4Yf3h09aRHYQkP+mFqJDLYumSQGBgN7WmUgghtOA8A5mO/e3OP4/l4isbpfMcw6E2wOt+/Ok5GIhxGR4J98+nAnurnxYk3ngs3h9kXGgy4ico08mjHfbC7/PcoFT+DO1GBlVWvc6UGQbIJoY+2bmHrwSNreWl/eLXPmkP0j4zIjXbIKgrXtOGcTbVZRICIyK2VFIQO3ggOAz8My+d1/ams5NNMG5CP/OP9/+5+DjadOFmrdz6HeeqJORFRv+yFqDFS0PTJrFk8PrigOAAAA8IGUo4pgrX/QlZTqbdlERIL1PSZVsDN1xMZc9rN1R+R3dT4AAAAAdDP2Tr9y27wU5CP/JB8AAAAAuln7aIMFMeKL4k4XVAAAAADoJNY2L6WOGPElMQAAAAB0LdY4JaJRO0SM+JIYAAAAALoWO748DlKkl6cAAAAA0LWE9h5lpEgvSr80xWKlUqlamMUwcGejm020CfV63W63uVy4Mi/cJOWKoWkG57xWu/QebAAtgsAsFuaSRbtd7PS+AHwIoeN92EhvSvrlSGeOXLLd43HabNZO7wt8AtVqrVqtpTNHwUBPp/cF4FrKFaNUrvb0OEQcheB9GEZN1cpEhJYD3ETs5G4Qrbns76TIR/4XNdqQTitej9PpFNFmuDVsNqvTKXp6HOnMUaf3BeBaNM1wu+xoM8D7EkWrW3YUNaPTOwLwIU7ObaCL+piRj/wvZrShqOlut0MUhU7vCHx6kmRzyfZisdLpHQG4GuccbQb4MKJordcxsQ1upJMbSrf3KCNGfFHcWZWyIQj4qr61bDZrRcfJKnAD4HwG+BimifIDN9JJs6G9Rxkx4ovizrJYLJibdIvZbNYvpokKAAAAp7BrLAPwpTCq6Iq+5fArBgAA+DKh2QAAAAAAAFdAswEAAAAAAK6AZgMAAAAAAFwBF7KEW6aa315ZeKsP//XrCedxJi/GVxfeJHNlzly+kdnZ2aDU0Z0EgK6Xf/O3Jdfzv444r7EsAMCXAM0GuEWquehvrzd1G+ms/eqI/HD15wU18uz5N32Cnlj79cVL6YfnU55O7mmXWFpaJaLZ2Xud3hGAL0/VrFT1aqf3AgDg+jBJCW4TJg8//ue/TnhOletqYj3JxmbuBx02ZnNF7s+F9c3NHC6a/bktLa2+Xlx5vbjSaDwAAADAjYbRBrhFbN7IMBEvn85VMwrrvdPTesh6Q95qtFChXswN+HwabYZG3Agw5gBdRD+MLm3tHqqVGonu4PST+8MuRkR6eu3lUjxXYaK7bzpy3HfBld3o2mYqVzJrVql3eObZTK+NqBqf/6/7vdP2VDShVkgefDQ7VtlYWM+pVZLD0988CTuJqFrYfL2yeajXiNk9oelH02Ec1wDgs0GzAW47rutVm8t+ksEkwVYt60T4ev1M2tsMDWg5QHepcmtw8vmTXifjysqv/7aUCH0XkYpbP7849Dx5/j+GHVRKLPy4XLXKRERU4yQPP/n2mUdieuK3/7q0Fv6HWR9xo6ol93LfPft3jyQ9Pv///fHzYeTRX/79I0lP/PZf19bSoSdBpqwtR2sT//w/hCWqFhNJlXNMIgCAzwfNBrj1cFfpP9vs7D20EKCruYITrkbEPGGPuK+WiCq7B1rvxA9hByMiZ/j+nb39rcYyNt/wUPOFUl/YtbyvVslnIyJrz9BUUCIiqa/PS+Vg80Fv0GXualUiiVONuFnlJDGbKzzk6tgbBoCugGYD3HZMkGxVvULU+kblul619do6vFsAcHvpuc21nYSi14ioqmm8n4j0SlV0SsdHHkmWWuMCvBjfWN3NlapExEtKzR1pLWQTmsszRsRsrQdWKxHnROSbfjS9FH3xt42qTfaFRu9PB50YbACAzwbNBrj13AEPX00fUV/j9AZ+mFJtnnHMUPp8zk5SIqJHD2cwBAHdgScW5jdts//wQ1BixNNL/+8CEZFktxmKXiVqVP51rczJQURU3Ph1ITf8w9NnHhuRvvn3vyeuvymbd+zJ12NEvJRb/WP+t41v/2lK/lxvCwC6Hvol4Nazhe/08+2VN4dlzqvFxOpiQhqe6EXR/3xmZ+89ejjTnoM2A3QXKxFnjBFxbWczXeFERJ7hATm3+SatcyJeSiyuF2rNpQUrJ7JaiUhPb2wrtcvX3aaa391LFKtExJyyV2Jkfq43BACA0Qa4XQ6X/p+f4hUiIkr9639+Q9LY9/8010es797zudWXr37+v8rc5vKNPHl8Hzdt+MwajYTGmAPaDNBlWHh29vDFm7/9Z7JKcmS4v7diY0TkGv/mifFq4cf/u8pEd9/09JASk2xE5Bp98kB99eN/32Q2Z+/IcNCRF61ExESbzWZrnptltdlsksiOHwg2GyOySjZt9cXPCzonYva+8Sd3MNQAAJ+RZeLb/9TpfYAb4D/8S5CI6vXW43qdyEJUp+a/VkD1th8iqtfr1P7IrFk8PfZLNnS5RLIQ7vd+kncEf4IPuN0bfsVwI6CgwsdA+YGPpBxVBGudLBYisjR+LESnHrceEpGlFTRqbifZRESC9T2mX2C0AQA+FwwyAAAA3BqY4A0AAAAAAFdAswEAAAAAAK6AZgMAAAAAAFwBzQa4SWwizsa55UQbfsUAAABfIjQb4EapU7V6/Yuaww1Trdbq11gMAAAA/nxoNsBN4rDbqiaaDbeWUa3Z7bZO7wXA1QQB357w4VB+4IZCwYWbRJalYrFiGLgV6i1U0aulUsUlS53eEYCrWSzMMNCFAR/CMGoWC2pfcCOh4MINEwz0FJRSqaRjttKtUa3WtJKuquVAX0+n9wXgWlyyWNQqaDnA+zKMmqqV0T8CNxTOPoSbJxjoKRYrylHZQmRUMfJws4miUK+T3W5DmwFuELtdJKIjtcw5r9V4p3cHbgZBsFosFpcsYTYm3FBoNsCN5HLZXa5O7wQAdDG7XWw0HgAAugQmKQEAAAAAwBXQbAAAAAAAgCuwOp1cJx0x4otiAAAAAOhmzEKW4weIEV8UAwAAAEA3a05SavQr19ti5CP/bD4AAAAAdKdms6HRr2xpi5GP/LP5N1ZNSSSzlYufLyVe/PffFlO4BDsAAADA+Vi93tavXG/rb0Y+8tvyb7ji/uZ2LH9xq0B0D4T7Q27rn7pTAAAAADeHYLFY6sf9ypa2/mbkI78t/5YTXJEp3AYCAAAA4EJCvV63WCxIkV6edrqgtqspe9vRvayqcybJgZGJuxFZICJl+5c3tfEZOR3dz2hVsjkDY3fuR+TyzsJvGyVORCu//W2FyBF+9nywtLBw4L8zUNzdSmoUmf1+0lz6edsx93jSRUTES4cb0f1kvmyS4PAFp6ZH/HYiIqrkoms7yXzZJJvD7YlMTgx7MUABAAAAXUFo1AibfcytuD1FPvI7XUrb8eLm0nzKeffhk7DLZhbTK4srS8Lc45CNzKpezr7doLszc/fspCXezkfXd31zoyNz/zxUePPzamXsq8dhK2OMSM8b1fzGWzMwPPV4wtMjE0+bVUPXiVxExuHyq009fPfrh1476dmNt0vz24+/GfOwcmzxbdZ95+lfeh2kK6mD/WyRez249QkAAAB0g9a5DfW65Xhe++kU+cjvdCltY+bW96uBu5Nhl42IBFdwesSRj2eN5tNi/53JkMsmCDZPZNDPylmlRo3rDBMRY4ydVPKZZ+Txg3DAK4unK/7F2N6hfXh2wmtnREzyT4331w/3j4hIV8vM1dcrC4wJDl9kYnYCbQYAAADoFkL7LBTEiC+KvxRFRTWrfHX+p+MKOzeZ018lEomIOdzuVj4TbDaqmJzo3HlEFsnpEs/JryrFMlf3X/58cLyBapUCNU7kHgiJr1dezwd7/V5Pr7/HJaLVAAAAAN0C5zYgvVba6YLahnnvPp8JX1Bjf4+K/IWLWhyRe9+fd4a0f/rRD4NH2Xw+l4rF1qry5MzjIRlNBwAAAOgGzNKaxd6sIyJGfF7c6YLa4nK7STvM8/d9nZWIm9d5lc3lEvWCesE9Hpjo8oaHxu7PzX077VB2ksr77gcAAADAzcTqrVnszZoiYsTnxZ0uqC1C33hEyKyuxbKaYdaMkhJfW3kRVa5qELh8PUzd30kVdcOoXb6wZ3jIZ+y+Xk0rlZpp6EomvvTHWrxCVEmvLW/HC2WTE5nlfFYnu9PxKd8bAAAAwJdLoJO5KHQSEyEf+afyvxTMM/XgsWN74+3yVrnGJIfs7R2ddDMiEmw2GxNOlrTaBcFonn5gDU3dUVa2V1+kOeuZfHZXEpkotZ3zwETBJkoSERHZg4+esI3o/utfNgyyOmS3PzIcshORJ+AubK0ur1eqJtlkX9/sg7D9T3//AAAAAB1hGf/mP57MSEGK9IL0P/xLkIhOJivVGzeFa91S+uTe0vW2n9Z1mNoemTWLpweVbQAAAIAPpBxVBGudGhewafw0rmVz8rj18NSl9C1E9bZsIiLB+l6nhVos9Xq9rY+5TmdS5CP/k5d4AAAAALhBGNXrFouF2vqV6UyKfOR3uqACAAAAQCex5jySVo8yYsQXxQAAAADQtVhzylOrRxkx4otiAAAAAOhajKitXxkx4gtjAAAAAOhe7PiUaovFghjxxTEAAAAAdC9GrYtpNnuUESO+KAYAAACAbsWoeeHWZr8yYsQXxgAAAADQrY5HG5AivSoFAAAAgG7VuDPccb8yYsSXxAAAAADQpRrNhvYeZcSIL4oBAAAAoEu1jTYgRXpFCgAAAABdqm20ASnSK1IAAAAA6FKsLbYgRnyNGAAAAAC6jtAW1xEjvkbcScpRpdO7AAAAAPCxPD32Tu/CexOusQzAF+Qm/pkBvBflqIJy3g3wi4abDmX4g93QblB2jWUAAAAAAKCrodkAAAAAAABXQLMBAAAAAACugGYDAAAAAABcAc0GAAAAAAC4ApoNAAAAAABwBTQbAAAAAADgCmg2AAAAAADAFdBsAAAAAACAK6DZAAAAAAAAV0CzAQAAAAAAroBmAwAAAAAAXAHNBgAAAAAAuAKaDQAAAAAAcAU0GwAAAAAA4ApoNgAAAAAAwBXQbAAAAAAAgCsInd4BgM+BZ1fnX2cd957MhJ1t2cbh4u/rat/Md9MetJjh5uPZ1fnXadvks4fDzmss/uH0bDxnuIJhj7W5YWXnxcKB7h57+qRf/qxbBiKqJF/+tpU3TzKYYJM9faNTIyHnJzqSGen5XzZV/93nD3r/xGqBFvt9eUOttR5aBMkuu3pCQ4ODfuk6b8wsHh7khWDEa/+4j0GJzr9MWMafzo26Ll3OKCZSRXuo3yd+1Oa6nZFb+uNtVuh/9NWY70v6Jv5Uxel2w2cDt1JV03SuF1Zfb7Z/15KhaXq9XCqbl7wU4MaoaprOzbJS/szbUfbX1rbfrGeM4xyzqpt1U9frn3nLQESkFVWTSHAGQ32hUF8o1OsRuZpNLL2KpoxrvPw6ylrJrBulsv6J1nctvJxXa0RW2ef1+70+nyxRRcmmoguvflvNXeOd1TLRaDS6vnn0sftRKpW5WT4q88uX0xIbb6Jba3vaR26vu3Eltp2qCqQlo3uf+8j1Xj5VcbrlMNoAtxkvpZaW3V/PBe2d3hOAG6xONSKi+nGtivknf/iHMS5Y8RXy53EEph5EWoeyauLVH2/yuf1MNRSxdXjHPpZ79OFMuFmSeCWz/Xo5pR6sL/XMPY1Il76QcyIiTrVLl/qEzDoR/Xmbu5XM3FZCd4Rnpoy3r/fi2aFJ/5fSff2nF6ebCcd8uMUsosSM7ObrTeezCdeZQ1NNie/uJHI5VTe5RXS6g+MTUyEHI+LZzV8Wc+6pO4Gj3a2kVmaib3BydogO1rZ3s2WT2X2D47MTnuYfj1mMr8d2s6qmk+j09I+PTYYcX8phELqZoexu7uyltbJJgkP2D43cHfK05lbo2c2drVReLXOS7B5/ePJOv4dpqe34flpRSlXOrA63f3R6POKqxl+9Ws3XiYiU7R//dZuYc/LZ3Kh4uPz7uuq/9909L7tsW+XdPxa3eP/shBDfPDhUqyQ5QxN374XxN/KRbG6XSHndNE0qHb58EauEjudeFqO/LB3Yhr/6KuI6+fxpN5rMVqTJb+ZGnVxL7UR3DhWtypnN4ekdnxoLNVdrHO1FV/byapkLTt/o7NSwixERr+R2t5OprKrpNRIk2dc/NRPxCUREvJiORuNppWxwi+j0BIeHJyMu4cMPjMwemHgwrv6yUcrvJrXIiExkFBJbsVRWKZfNOpMcvvDYvQmvvbD595eNsZZaYuHnBJEQmv7hQa9wve3yUjq6Fk8qFW5z9A0Ne9ufOvfN0uHiT9G0SUSk7b3+2x6RI/T0+YSPeCWzF90+zGk6Z5LbPzA5HfahYnUxbWc/azonh70BPehIJWOJIf9J41CPv1p4qwdnp8T96H6+xAW3/86DiR4ltrZ9qOhckAN3HoyHmxPz9OzO9lZcaR7E+sKTk/0e4XjqpuPuNzONRraRWPl1TfM9eDIbsJrZjd8W8z3TU33K3lZKLXMm+/qnH4z4ihcUp859UF8s1j7EjBjxRfHN5Bh4cCfsqKux1TeZ6rtPmvmtaCJXlfzh8HDEZzOO9pfXtopERGZJK/Nqem1lXRW9AbeD6/nYyq+/r8UNpz/glng5G4tuFIiIiBc3Xi2tHpSFvuF706NBSdtdXn6TRWcFdBpXoi/fRA+0muwfjATcpKWib16sFkwiompmeXE+dqhwyRcKBFykJvf2i0T5xNtYvmJzh4bCgwGppqRXF7ay3OaNDA83ZtBLPeGh8PD4QJ+TqKyqer2sauUrtqUrWs1UD14vJ6tOX8jvYHopsbaZqHT447nhuKEk19M6kdXpkqisqWbb3EuzpJXqpqqWedvnv3ig1CVfIOARqRJfebGcyGok+4Mhn4OU9FaiNVdETbyJ5k1Bcgh1o5SLLu0ViYiotLuzkdRYj39wKBxyczWz83rl0CQiXnizsLGvkHd4bGqy3y/p6Z2Uyj/2wCgHfDIRVbQjTkR6ciN2UCSnPzg8FPSxSja2urSnk7NvYjTkk4jIIgfCw0OR8bAsXHO7Zm751cZ+vmwyURbrua21jezJk+e/WcEdGQ83zu0R3H3DQ+HRkT6ZyEhFf1+MH9bkwcnxu4NuntmeX4hjDtOFeG4rUWL+gQE7kWcg4q7nd/aVk6lhlUKpxkuJ18tJ7vb3uZmhHr558epF9Ij5/H0yM9T06lq6UbnPLC/Ob+RUkkORYMBu5uNbL1/tKPx46qamtg4yZbVs8GqpZBCRWSyWeTW18ubtEfMG/R4b17LxpXWFn1ucOvUpfdkES9sDxIgvim8oQewdfzhSerGTWl51P3sweuq5vsf/0Eus2Q+lORZ+2Shls/qkq9Xz4Y48/XpEJp5fffnyoGrah7/+Kmwnnl19OX9QVZQyeR1GKrar1h1D955OuRgRhR21n1dSOxnD349T5qCDjMTefomYb+zrJ/12IjK8i79E0wexg7G5YX6wkaqS4L3/9Uz4VDGd/OGfJlt/EDWP8dubvJJR2XQoMiVVkqmSYfdPTIXPzve7bFvNpVnfzNzDgJWoGn/1YjWvZlUewVmH70vd+fFfd9ozxMDYHT+j7MUvaXGPP3w6IjMiImVt+8gkW+jhk1m/9WQJhYiImHP0ycNJDyMj+fKnrXxJVQxyieSaevTPU62iwT3839ZS+Vye9wVKSlEn5o/MTAQFIhpprsxIfNyBUZBEIo2bVZNIlIaffDPc2jiFLD/9kVIyijkUjEw4SUnlddYTGZvyN7a7fp3tVhL7aZ3IGX72zZiHES/GX77YOa68Xvhmh8bsRiGhlCVvZGqqcSGA4tpmzmA9959Oh0Ui6veLlR+jB3tKZNpznffZdSrx/YxuC9zrE4mIpIEh79bK4VZq+HG4faKdNdg4XBiuF/+2pZgUmHt038+oIr/4aVtRjhTeH6gkt1JVknpnv54OCEQ06PnjVVQ52EoNPg5fYz/ckWdfj8hEvLD548uUUSiUxZGzxQnOJdSJLERIkV6e3lzMFXk0o/66nNtY3JLvtn1NUjUf34klVLVcMc3mpG2um0TNZoPo9shEREx02oiqksttJyJidlEgqnKdE5Fa0DhReW/xv+y1rdiqG0RoNkAHqUcaJ/IE/M16u+gLeCidLRcUPkhamYg8fYF3yqippTb29vOqVjFN3hhrNGvXuHrAJdtqNRtkv6/xp2cVRQtRvWre/LHMP5/gDPqdFiIixkSb1x8M+R3X6xCVQyG5WQ+ulFSdSPAM+KznLGj3hRsTnUSXLFG+bFYb071Lua2Ng0xR1/WTssGJyOn3Ow92s5s//5L2euUer68/5LWzjz4wmrrRuFyUQERUySfWdzJHJV2v1njzSF0zz5tjfc3takqZiNyDA433ylz9A54dJd98N7xeYwAAIABJREFU9sI3e1ZFVctEdPTm335+c5JrKVc44Vp9Z3EltlfkZCvFo4vxRo7BqJaNHRTDI22XsHJ4G1dsE0SJEXFHb7NMShIj4iYn4qqiETFXn79ZCKRgwBFVSmqhSOf0bLxL7PE2mn1MtEtERt3EVVKurznagBTp5emNJoamHimLL/fSb1Ztx0d/I7E+Hy2QO3h3ZtzlEHhq/WWsdPp1p9/6ud8CNSIi39Sj6bazuqyihDOwocMa8zLaCy1v5fC2h21PZ9aW36S4HBq9f8/tECyH0dcbebqWS7bVcjrELL4PcuqU6MucreNar1mJPf8U92J0Ibpftvknx6a8Dsmqrr/cyjbqWcw19c2cL5FOZ9ViPp0+SGxthx5/O/GRB0Ytk9eISPb0MKJS/PXCjiq4hqfuhtw2q5Z4vZy+8Po777NddjyCQZaT8JI3exFH6NHcwMkFkJngwEjaeYxU/KBMRFU1k1PbnygltzKDDwMn7djTLdrzPswzR5imc+srZ/4erMdbwC/q/WG0AektH20gIiLmmbp3r7TwJntyhkNZKXMiT3goEpCIeH7/Q6oybp/MUkeaoktDrXOneM3EoQg6rVEy1VTWiPSLRGTkkyoRObxuxrgsU0FV06lKsK0SWtVKNSLJPxoOuIionGyvKgnMRmRUSmVOZ2tEl2zrz3q73U2w2ohMvdzoUzfzucvm1tudbokUXTnI1vyB8wYczjJLWplI8A2P9PmJyFB5ez2MOQKRkUCEiGqpxT+WMrnU0cT4hx8YeSWzvbxVIrL6h4IyEde0MhHzDEyGvYzILJttp6lZBWYhqlUqVSLb9Q/IssdBqaKWyRuRoEhEZi6jXOvNWkUrEemVskmycPJhqhpJgdYNNLiJVvG5tFiswJn3/l+Or5pFRESVxG8/bR9uJ7VA5Pp3gGEe2UEF7SiXNfsCAhHp6UyZyOL2uIjIxojILJdr5LUSlTNH17yq8LvFCc4ltNcLESO+KL75pPCDu8qLlf3WiILsd4txXdlZX6M+u3YYT3zI9crF8Ojg7tJu6u3PFV+wRyJDy2ePyu7xH57g3Ab409Sy0cUXJ19zTAqMPhgaGth9s5/f/vWPo6CLtFw2b5JjYHTATkQD46H069TR6h8LWb/Lqhez+Vr/k8chr0SqfrC2IYZlI5Pcb+8PdPp6pISmp5b+0N0iOSJ3ptvKtxi+ZFvwCV1Q7Xb7eoREuZR8/arqFSqFbPHSOx54Rie8yZVCavlVxe9zMuMoqwjjc896Ln6F4Pa7LXk1E122RTyk7CfzrZo0z0Z/XFQdAa/P7RRNLZGvkeD2OEnsea8DoxpbXD4gIm4albKm14ks8sCd+2EbETGP1yMcZvM7rzerfkFLxHLtd73z+GWWLeajiy8yDoH57jy41nbtoYHgTjSd3XzxquB3kpbLn5yVe/GbJSK7zyNTUctsvniVtjOxf3pydMKbXilsvHidD/bIlnrlKH+o0sDTZ9Pt12YCIjOzd1AiIdQfemdAy9436Iut5g9ihfD9639ozoHJUPp16nDpdzPUK/FiLqXUmTM8HrISUY/fyfKlbHRpseCsFfLZ0jVWSOcVp4fhy+/+152s3sHv3+1drpPFcl6vM/K7OP+rmbN/Ph/SoOB1i1368OsT6Lp5vZczU0mlDffAiP/kwqvM3ue3KZlCrSc8GrBbZZ9fqqiFQiZdKDLP1GSPdqjLQ5GQy2oxi8l0xTkwONAjEBGrFlMZwx0ZDLmtRMRq6kGm2jMUCbmsZBH9YZ9klotHSjanFnWSPMGpOxGPeFtaW9AJ1y/n/CiTUmu1qqHrx//putUz1N8bDPUIeklTlKxSNm1y3+jko0mvjYjIKgf7PNZquVgs5IsaFzyhwdEBV0+vT66WlHw+fVjk7shUuJo7svWPhDw2Iou91yOUVK2olkpVixzoD7p4IZXj3oGxgN1isfdduK26fpjJW31DIz4HEZGF9Fwyb+0bHvCjUXH9XzQzsomCpTc8GrCfc2Sx2H1eXixoRbVUrtv77475yvmiGBgZ7BEbnz/zDg/3OlqvFNz+gFwzSpUj5ahYqUm+4NiwXxbN7EG+5ukfCzYuV2qpZlNZ7h0c7pWZzet3m6ViIZvLFkxpaHTIcpS3+IaHvQ67XTS0QuEod5jNKBWryz9+/86gzK57YLTU9cN0zuDVil6p6BXdrAmiy+sfvTs9M+xufi5WOeBlJfUol87mytbQ1JBTzTeO4RYiweN1GppaKhc1vSZ5wwP+8HW2a3UGeqVqSTtS1CO97uyfvOPRMkVb/3DYK174Zu1EJPb4HIZaLKtqWScpEO7z+fwhd71S0go5JX9Uqgqyf2T8Tr/9euM4t8E1y3A5d3CgCIMzY/53G45Wl8NIp7R6T3CgR6gepnOWVnG1kJ7N5K3ekRGfnYgsvJw5LAi9w8NeO1nlvj436WXtKJdTSzVbT//w7OxQ45wIscdjLx8pWumoWBV8Q/dHhFy22hMZDMmM1YrxdMU1GAk3yxdX0ocVZ/94v2w9W5zC7s/a/Xft4/yFL2eMyGIhIkvjx0KnH7ceEpGlFTRqbifZRESMvUeNxTL+zX9sRO39yogRvxP/7/9LiIjqx+cx1o9bFo1/rYDqbT9EVK/Xqf2RWbN4ej68vqAcVT7m5QA3Asp5l8AvGm46lOEP9pEfnXJUEaz1D2o21N9pNgjXPfmJiIjVm3W9Zr8yYsTnxgAAAADQzdipeSmWkzoi8pHfng8AAAAA3YzV681+5faUzuQgv8vzAQAAAKCbtUYbkCK9NAUAAACAbnb+aANSpO+kAAAAANDNGFmo3rryJmLEF8YAAAAA0MVY40JMzR5lxIgvigEAAACgizVHG5AivSIFAAAAgC7GqF63WFo3fziVIh/5bSkAAAAAdDFGFssFfczIRz5GGwAAAACATs5t+OL6tpH/peUDAAAAQBdjX2jfNvK/tHwAAAAA6GKMmhfnb/YxI0Z8fgwAAAAAXYwRNW4F3OhRRoz4ohgAAAAAuhcjar8VMGLEF8UAAAAA0L1aow1IkV6RAgAAAED3YnVq61duS5GP/NMpAAAAAHQvZqHjy+UQtcXIRz6digEAAACgewmNC+XU63ULWU5ii4XqyEd+W/4XQzmqdHoXAD47lPMugV803HQow12FnfQx0zn9zchHfisfAAAAALqXUKfT/cqIEZ8Xd7qgnvD02Du9CwCfl3JUQTnvBvhFw02HMvzBbugoDXu3Xxkx4vNiAAAAAOhmrE51Ikud6kSEGPFFMQAAAAB0s+ZoA1Kkl6edLqgAAAAA0Entow1IkV6YdrqgAgAAAEAnMQtRva1fuS1GPvJP8jtdUAEAAACgk1idyNLWr9wWIx/5J/mdLqgAAAAA0Ems1aNM9bbe5bYU+chvtBwAAAAAoHuxVr2Qzqs7Ih/5zbTTBRUAAAAAOolRW78yYsSXxAAAAADQtRi19SsjRnxJDAAAAABdq3klpVa/MmLE58edLqgAAAAA0EnNKym1+pURIz4/7nRBBQAAAIBOYnS6R/lsHzPykY/RBgAAAIAux+h0j/LZPmbkIx+jDQAAAABd7pzRBqRIz00BAAAAPoZZzGVLvNN7AR+IHUftPcqIEV8UAwAAAHwYdW8zmih3ei/gA500G9p7lBEjvigGAIAuYaTWflktfHTPMM+uzs8nap9mnwCgcwQistD5tULkI/824MXoH2+y3vvfTLnYNRbXdhZe5geezwWF93nqo5QSL14dOO/N3fdbL12uGP1lVZ96Ouu/zvuArqBE518bIz886H2nTGg7iy/z/d/OBcVPvMGaksiYvn6//ROvFy7FK9nU5k4yq5QNbhGc7sDw2N2ILJw8ndtY20nmywZZZU/f6NRYuHW046Xc1tZ+pqBpep1JDl/f0NRUn9x4kpdT23v7WVXTDIOYQ3YHRsYmQ462slTLxhUhMMaIiGuJ6HYspWomiU5P//jEZEg6WZKXM9s7WylFK3MmOTzBgTuTwZMDLi8cZMk91Dq+cT2zsR5N0Oh3DyJtBdQoJLdi6XyxXNZrJDk83v7x6bDvEx9toYOq+Z3tjXheLdc4Lf497QkOD09GXAIRUTn2+8KGeqrqwfyTf21+21aV+O5WvKBouklWh9sXmRwb9dpaC9aUvc3oXl4tc5IcfeHR6QnvOcc9U0ts7e0fKmq5RoJN9gXHp0YCJ8ex660EGs2Gi+qIyEf+LWCkdpMkS+nd1OhM+BqHAVOvmWbNbPxtXPupj8CzW/umU8puJjV/RL581wzTND7ltuGmMw3DNE3ePnDcyNerplH9DNOHi/ub25WJgD98eRMXPiWe2fh1WfVEIndHXLJgqondt2vLNeGrhyErEZFZWP3jbdY5cPdJn4uq2Z3t1Zdr9M1M2E5kJOd/2zb8A8N3R1wOq6kkN6LRBbJ9N+1hRMr22y3FFR4aG3dKNqoqidj68grZn055Whs2s0nVEZqRiPTE4vJqyTM5M9vroHJ2d3VlUWdPZgONYlCOLyy+rbiHx+5OOwWzoiR3dl6tiD888DabJ/nDvNU75iIiMpXEypvYoU6cO04VUCO9tpokf//4kEOWrFVNiW1uv162Pv/0TV/oCK5El+fjltDk3Sm/Q+DVipLZ3Xkzz+eeDUlEtYpJ7tGHjyLHjQFiotT4qs2vLc4f2gZGRoZ7HEK9nIltb8y/tX33IGInItL23rzcqIWm7t7z2apqemNt9WVt5pspz+lDYjn2ajFG/tGxO5NOiYzC3vru0jx9/d2Ii66/EiC6qP7TuDcw8pF/nH8284bQdmOab3Ju4HAhuqeFJy6tlndEJR0ryKNfDavzb2OF8H0vDlMAcArzj337F5u99XXt8jiqxZdbGZVCXiKqxGMpCjyaG2kMQ8oPp4xfXm/FiuFpF4nB2e8Cor3VxnNNSpr662FOJY+HyDMx913bVlzu4VzirVbi1KosmdlDxeG/ZydSDray4uA308MuIiKXa1oovZzfTmqBiExkJLbXS577X0+HGhV8j8sfirStmOfTitV/z0VExLVCniL3nnvzL18pp96kGHz4XbBtb1xiJfNbXDOI0Gy4DfjRbqLinvrqfrNhIMkulz8ywtt6PJgo2e22sy/1TT74YUoSmwvKngdc/bfNdL4WCVuJF7a2NPfkk/sRiYjIOfaY9B9X9lKjntO9hI7Bh18N222tjckeVv5xIX9YGXHZ6dorAbqw2XDRXHbkI/9m4Zn4Qb3vUcDmcfTRQjwzMhU4KfI1ZW9zbS+vlTlzODx9g1OTrbF7MtT4xtJOVi1zwekbnrkz6jm3b7Wm7G1H97KqzpkkB0Ym7kZkobD500p9+tvJk5lEpfiLV+rw8+nQOS0CruzGNe9EyO7yDdp+3UobT/rF9vXHt6M7WVXnguwbnuhte52eje/vJhqDtjZ3YHB6JuxhRFRLLb7a9UwMlva3klqZRF9kYnbcklzZjmXLJhN9g5OzE57GZ2Bkd9Y204dalWyS3NM3OTWCmSe3VDW7ubmRyGs6MYc7MDJ6tzkxQN99tZgJzT1t9fA1pjY1p+FVctG1nWS+bJLN4fZEJif8ytJvGyVORCu//W2FyBF+9nzMc+HKq4mFhQP/nUFtfyulapzJnuDUgzE/voY/ALPZTx09BCuzUPOYVM1my4J/1HeygNwfdOymsxq5ZGLi6T9qi2Q5eWk7ruf3DvI2392TI1ctm1IdoTE7kVZQdKd3wHWyQ76wT0jmC0ZEFmvZlGLrmw1d9JvlajLL/LONFzPPyMxDIirmL33D3Cwebh3ociTounQ5uDl4nZMkvFP02LX6yQTpVOFigpWoxixEREfZPJdHA9LJsoG+XlrPKDwcOP03c7pBwqwWYq2tX3slcGGzAeBW0Pd38lJkzkNEroGIfSGW0ANDzUMDz2zObxmjc0+G3VazlDvYU44qfbKTiIgrB1FxdGZuRGZ6Jrq6+ibmeT7he3flvLi5NJ9y3n34JOyymcX0yuLKkjD32O9xVtdjqRF/uHGQ4vndA9U+dP5gp5nbSVD/nJcR2cMDnq293WL/ZOt70ki8nY+We6emZwMuKmc3325nzHpzNww1o5B/7O6Ux2EzlfXXb5c3er6fkom4blSVjW1p+u6zO45qfnthcfXXtMM3cefbGXs1u7mwHN3wP5v2EhnJpcW0bWrmr2EHGaVM/CCrVv3n9fTADcfza4uvDx3j9+YGPIKR319dWZo3556NOIhMQzdN0yRq/t5NvdqahleOLb7Nuu88/Uuvg3QldbCfLQ5OzP3zUOHNz6uVsa8eh62MsUtXznWjmo+us8k7j7/vEYzC29dvl9Y8f3347mkY8N6MbFJhvUNuIiLStQpJ/vYTEsjplMjQK0RnRlfLmVRZ8o05T3K02O+LzTnlgmt0buqk9s/zqbwUmnQQUUXVySGfaoDYZYkUrUwklpUSOUO2YmLzbSynGmSTPZGxsVF/62BydFhg3hkPXQfPRP++fGhyIrI4Qneejnx548PwYZgn7BeWNtdibGTAL4vnHAXqvJheW0inlQq32mV//9SdsOe8KqqZPSyQe8LHiIiXdZPZTxVNZrdLlC9ViaRzXtzElXTBlJvnaH3oSroUmg1wa3Flf09zjz9s/NlLA0Purc39fKRxtCGjVOKOQMBjY0Siq2/0Xt/JKwX/9IOwjxGRLTLSF3ulKBXyvdMTb+bW96uBB5ONUw8FV3B6JP1jPGuEgqNBYX4vXQlH7ERkFvZSvG8mcG4/vhbfP3QMPG98oQq9w8HtN7Hc6IPexiliB3sF1n//QcTDiEgM3p/Rjn5LNF9p75t+0NphsXc0aP8tf2SQ3PjGZ/6hmYhLIBID4ZAzvesYvBeWBSIxFAlsZfOKTl6JyuUKOQZCssCI7K7wxFT4U3/+8Ofg2Y3/9q8b5zzRqFWah7GE2Tdzd9RvJSIxMDY7rv68E88OTV56ar2ulplrrFcWGJHDF2k1mxs9fIw1++muWjnzj8yOeAUiEnonBuXUXl6l3utVIOEiemJlR/WMfNs8r6DGOTHh9O+SMeL8zCkvvLizHjN898bbOzHk4bknAZPXq+Xcwe7Wworj2YNIo/cke5gTfeNOIuKc85Ou2eYmLALxap2IzGqVzNTmEneM35uRhaqyF3u7uGw8edSYGa4kCzXf5DV/6Sww8e03QzXihnK4tbk+v2Z7Nn1u1RFuHGvgwcPZ7e3Y+uLGIolO2evzhwb7Q66T8Qc1nfVMjj2atFG5sLUee/mKf/P1mfP9jNzqelYaftiYPmRyTtZ3hiyszELcvOzELrOwvRKngcfhxso/bCVdC3+PcFvVMjuHteDd484zIRAJrK/FUqO+sJWI7IF+T2z75R9af6DH5/H5vNLxHwNzuOXjQ4gkClQ3zTOrLyqqWeWr8z+dXC3EZE5/lZhvKOh4kd4tRqZcZKQODm19j8+9RBJXYnu6byLYalEw/1DQ9mL/oNI7bCfi5SPN4h5xnxzLXD6XkGztSDW/t7uXUjWjxolqus5lXm1OArYI9uP3IghWi+R0tB4y0UrcNIkkcgdCcnr19+XDPl+fz+Pzu+zoBL6hPCPPZnpPH8p5cWtlqUREREVVJceo76QE2nvcUlVRDbp0Tpp7ICS+Xnk9H+z1ez29/h7Xed2DV63cIjlPrvYjCIx4Hd/DH6eaWl5eLfsePe1v/fYExs7UbzgnJpxuSnAtvvYqxgfbxxOIGhPKZZGIHC6PTNqrzV0lMu0h4tmUKgWHXNRsJpLBTzVDeN0kZmu0IqmuFMXHz8cabUXXvXtUfrW+V5j09DIqJnLcP+O+9tHFanc6iEh2yo/F6o+Le6lxTwQT224HJgUmpgMTxI2yqiiZVHL1xUF6Zm42ZCNyDk5MhjzBZvecS34kGr/8kdxrFMZjprK2sJ533fl6ovkVLQiMavx06a/x+pmGdBuuxOdfH4qTD6daZxJ+wEq6GZoNcEuVkrFMzaDV/5Y8yeO8TntJLRyRicjZ//R7Xz6bz+aPduM7Sxb/7NPJQLO7/nqbYN67z2fCZxd2DQx7Djb3CpP3pIO4KrfGN95hpPZSeo2v/P5f1o7z6pzTXkwZnL7iAg6VvdX5HWFy9t4Dj8SIKjsLP6dOnrWenrp8/qqYa/Lrr8LZfLZQyOwkV1esg49mp7y4PM7NwwSbfNIybDJFxkrvv66Tb06rf/rRD4NH2Xw+l4rF1qry5MzjIfl9v0XxrftJVTOry2+O3LNfTbadImJ32+mgVOZ0cjnUUkkn8dSci0oi+nLD6H80O3nZoUWS7cys6CaRwI+SBcE/Kre2IdGBViE6OdNA03SSZAdRIxVcbS0DyeUS+ZFuEolKJs99Uz0fUhCY7GjNg/qAV8OXi4kOT8DhCQR9yy/m9w7vhMJ2Yq5Q8NQybrebJY3KyQn6ZCrRV2tpcezpg77jss3sksQ1rdLWCcIrmk4O5/kTbnkxMb+wT6MPHg+dzOt735V0OTQb4Fbi2Z0DzR1++mDg1EXIKwfL8wdb2XDz1geC5Av1+0L9xItrvy7tZkYCkcsOE9ZGN16Dy+2m3GGeh8+Z6mELDfnWV5KpoBQve8bDjvNWpu3GjqSB6bkxua2qzvXM5suteGrcExYdPXJ9N6/yUOuoqeSLZr1xWNOUMjnHBjyNigLXSh92qU2r7O+T/X3DxDPLL5Z2lUkv5p3fOk63TIeFfG041CxolSNFt7k8IhEJopVM/fgmXNViSW8rSEx0ecMub3iIjMTyj5tJZWjCR2SlRt+29aqVw6dVza4tv8nL959MBU59vFZfQOY7h3nubR2KtGS6LPn8x7M7Kqm1l9FK8Ey/ADdrJFjb/uTLaqkmuEWhcclU5n3UaiXIfo+0UTgo0lQzh+fTeVMe8IpE5OjzShvposqptQPVYtFgdodAVEwVqt6xc/tNzqgZplVsq5KYqlrmtjDmlt8S3DBIPHfQsvlsXRTbymdJ1bjoPx4EN4sbr9aS4sjTh8FTvRduv9eWTmX04dZZi2bmUCHP3fOax7yYmF/Y5aP3n46c7gF5n5UAPhS4jYx0LEmBsRGfU7LbT/6TvSOTAcrspCvE8ztrb3ZyRaPGiRtHWbUq2O1X9LXb3Q7SMrGMVjE5CX3jESGzuhbLaoZZM0pKfG3lRVRp1LoE/2C/LfdmIVELDpx7gREzEz+o9IxP9Mr29j10eIZGB21KbE8jcgwMeXli4028WDFrFSX95m263Hq57JNJTcYKVU41LbW1lT07ieoKZmZ7cS2RLVU5Ea8cZVXusEs4HNxCYt94WDhcfxvLlg2zWkxtv94qu4ciPkZEkscrltO7cUU3Klpm8+3m8eVtKum15e14oWxyIrOcz+rUmDtCLl8PU/d3UkXdMGr8spXDJ1TLry2/TtlGZ0Y8pFcqeqWiV4xa42hjDw+HWObNwk5K0TSlsLu4tmt4x0ebFXwjE325ojonJ0ftZvOFlapJRFTeffX7339ZicYPs4qmFHK7y2tbmnNgqIeIK+m8tTdwMj3ENTgZMPcX13azRa1YzOysLSUpMNbfaJm4RkeClHmzuJNSylpRSaz9/+zda1/iyNow+osiJISEDhgBEUVQGs+nPk7PYb14vsPev/0Z9t7vnv357vt51pqZnpke226PiMpJERAjRsBACMV+AQjYajvdPdPaXP9ed90XJYQ4lEnlqqqwuataRwKPCJSziuH09I41GLVKpVrR6kAbeqVaqVSbE6yosv/rf9682U5n8qpaKimZ+PudU+IaHsLbu30bKrn3v7z5fS2ZyatqqVxSzzLRrc08cY8OWls//eP1u3g6d6aWSoVccnUtW3X6/M0mSMuJd5spcM+GnWa93f6b7YY4AmNCeW9rM31WuigXcvHVSIHz+ZunXUOJr76Lt06PF9n37xIVeWLaY9FbfwhVvfkndOtG0BU42oC+QUbhtCwMT15z6zQijw/b35wU9CGXPGDeS71PaJrRYHhRHp9u3nmQ4cwMY+78YRALa2nlwBhPcFqJ7Gy8PxJ8L16MSeG5ZT6+t7MR0+qE4wXHQCDUHqgn4qjPdrjXGB69/osY1BPV4r06yRgAAMRAUMoenJUnBME7uUzj0eTmr9HmDVgnR6K7VRYAwOqbXKzsRt//maCM3TUaDhrrObMFAIBwLMPwl9c/zYed6eUWhmFZBgAYyeU4SUTfprRqHRhe8kwshPCmJQ8Pw7IMXDMDl+EshG3epJw4p+YW9+N722uxKiW8II/PT4+2RsCk8clQZXf/7coO4STP2GyIbhbMDABYJZf9LLa9sVupGWARnIPzc14rAIDZE36sbsW33xxT8ij0fM5/48YJx5KutgeEYRmzBUf9P4WhJDIapdreykrX4nc+8HI5JAIwjuknk3uR5M7btA5mXpKnn457W73tajapaLShRdZ+7rzQ5Jx69tTHB54scMmDw1T88KJGiZm3O0PLQb9IANRcgcgz3fc+tXjm5mh0P7GxHjWAsUnDM3MhV/s4ww7OPSOxSKq1A3ZnYDkYEAlcnCi6fbxnPFZLvO18GXBqZSUFwPpm/zUlETn03UJu/yAX20ppRoNwvNMdfhoaxJ7bN8LqXX5uSSSOEjtH5WoDiFmwO/1zj/0uS/OnT59bYrGj1G62XAXCWZ2DE8/CrYV/tJBOqHUKmdXXmc4GOc/THyecAMLo7DLsR5M7f0TqwNkGR6YXJ1pfUG5UNFUF3QBgQD1MK9UGHEV/O+psg3FNNe/tdstG0BWmwIv/72vvA3oA/u//YwgAGpff39BoAJia3yjdaP+gAa3veGj/A4BGowHdj4y6SXr06ekj9bzyOS//B1Fle+V9efT7Z5gsQ3/Zw2nn6LPc0w+6kllZrYReBT/znldGLvJ73v1qDqc+fss+oQ0Xtt9E2JlX9/DbV/9Zn/nnr55XGHMDTKbWd/KaWmHX4/ZDADC1g2bPrVMNzS+Cufv74mgDQn8D/SR1fON9VxFC6P6yep++usPTPobxTP2D9TeWAAAgAElEQVTg+QLbQd8YC2thWex8PlT4ySH05dHiWZEdWnThjYkQQgihDnFi6enX3gf0yQg0uh5hjPFNMforiBz+16sx/ForhBBCCH0zCJi6HmGM8U0xQgghhBDqY+1lEPchn43x/Y8RQgghhFBfal823Id8Nsb3P0YIIYQQQn2pvbahu4QParAe6xFCCCGEUB9rr23oLuGDGqzHeoQQQggh1MeuG23AEkscc0AIIYQQQl2uG23AEkscc0AIIYQQQl1wtAFLHG1ACCGEEEIfQcAE0OjKK2OM8bUxQgghhBDqY6TVL7zMK2OM8bUxQgghhBDqY12jDVhieUuJEEIIIYT6GPn6/VEsH0SJEEIIIYT6GAG4oaeI9Vh/pR4hhBBCCPUrAnBdH/HKilisx3qEEEIIIdTH2msb7mFuG+vvVT1CCCGEEOpjTKMBpnbvEGOMb4rvD/W88rV3AaG/HbbzPoEfNHrosA33FcbUlVfGGOOb4vtDemT92ruA0N9LPa9gO+8H+EGjhw7b8Cd7oJdbrbUNjWZ2uSvGeqy/Wo8QQgghhPpV605Kpg9KrMf6q/UIIYQQQqhfkcvlr5fZZbiMsR7r2/UIIYQQQqifkc6S1w/yzViP9V2XEQghhBBCqH+RBoDpuhwz1mP91TEHhBBCCCHUr4jphhwz1mP91TEHhBBCCCHUr0gDGs1uockElzF0xViP9TjagBBCCCHU54gJTF15ZYwxvj5GCCGEEEL9jDT7hZ0cM8YYXxcjhBBCCKF+dnknJVO7j4gxxtfECCGEEEKon5EGNC7Xv2KM8U0xQgghhBDqZwS68soYY3xzjBBCCCGE+heBVka5YQLAGOObY4QQQggh1L9aow3tvHInxnqs761HCCGEEEL9qzXa8GGOGeuxvrceIYQQQuizGKVT5YJ+7b1An6g52tDoyjFjjPG1MUIIIYTQZyke7Ecz2tfeC/SJmqMNpq4cM8YYXxsjhBDqL3ou8nr77LMzw1TZXl3N1L/MPiGEvh7ma+ewMX4o8QOjRlffHFzNZ/CjCz+ExXLy3Uph+PslNwMAUIq+Xs86Z36ckshffo/9X9YbU9+H5L/0SqrlMproGxBaj2uZd28P5aXno9ydN1FXtt9tloefPvMKtz5Pz2z9mpaeP/Pd/jT0cJX2V9+q3hdPhqwf/qxyvPpnWphfDkugZ7Z+jdLHL+d81zzvL/uyW0N3QCtKbj+ZVVRNpybGZnf5g5M+gen8+HQvkswWNB3MgjQYCAe9YuuoRC9OY7HD/Fm5XG0QjncOjobDg0Lzh1TLxQ8OlWK5rOtAeMHuGguGPHzX8ayupFXGFSQAQMuZaDyRK5YNYG3S0PhEyMN1nkm1fDwZy6lljRKOl9zDj0Nu8fLH9OxIAfuo+dN3FX0LaoVkfC9dKGp1Cmv/Ppbcfn/IJzIA5eS73/c+mLfEDCz+NOUicHuzKURWVtLV3hcOLv8UvnJeppWzVPwod1bWKjUKFl4a+ISNoOZlQ+sem6Z2TxFjjD+Mv3ZD/csMXSfO8e/nev7qCWMBAKNaN4y6AcAAAHDyyBBrs37KwcGo12qG8VdfdXEcixa88oDQ6nLRqk4NzQC482XDRXZPsQjsYSzvmXfdtuPUMKiu/+U9RA9HTTf0QjKacy14zL0/qef3kkqVsgYAACMNDntBYr/Mm37ZraGPovm93zaKks83OSYKjFHMpHYiG3XmWetDN862/9xRbMOTTwZFqCnJ+PZKBF7OeK0Aenb197guD/snx0TebKjZvWj0HVheTUkEQI3vxFTROxoct3EWqKmZxO7GFlifhqX2GxtKtsh7ZjiAamZtY/tCCs3MD/CgKantrbUqeTLvarY6Lf1ubadi9wcnp2yMUVGzyeTbLfbHOUfr8qRwUjA7guKn7yp6+Kga3VhNmzyhybDMM7RWUfOp5OYqXXo+ygmj8997us5UtHa4tZ4iDnvzs7+l2QA1DAOcwVczA50jILF8cEbXDrfieXZgJDQs8haolnPJ5Oa7Ovt988LgjhtB0BptgK68MsYY3xA/QIRhWcvH/vAt8mhQ/od26IughWTWcE8u21O/JXMVlxcTvn2O2Hktlii4JpxdbZ2qqdgFZ2daA27E5g6Hv9w7ftGtoY8icvC7nyzW9uCCKPG10kosXwSPAwAq6UQOXItLY80cibAQ1l+/jyVK3ikRWPf8KxdrbfeFxBBXLv52cloESQKQJpZedb2LaPefZnbKFxTaHXVDOVF5edoKoB7FFHbk5ZRfBAAQxSnmYmU1ni27fAKAnonvXkizL6Y8zStJSZQ9vq4N08Kxapanxc/YVfTg0fNUpmIPP5v1WQAAgBNEUfaNUSAAAMRstXZ67FQ9yqns8DN38+x2W7MBAABCLLyVu/Vcz/ufLPsvH4mCxBTzb8tlHeT2GfQOG0HQM9qAJZa3lt+qWubdu0N54fkop6c3fo6cd4+T2gOLLycEo3ScSGTzZ5pWpYS3Dz9+HHZ1RgaM8+z6Xlop6tTCD44Gp8baSdjmmP5JUasRRnD6w8GAg2Te/bGpNABg75df9wCY4Zl/TfPQnC0QicdyxTIlguQOzwXlm1K5+kni2Ox7LrLWYXl/P6F6epJxldO9SPKoUDEIK3lGA3zXb6Or6UTm8KRY1mrA8U7v+PyExABAKfn6XTUwLWSjh4ULytjliZkJRzkRiZ2oFcoI8uO5kNdGWr/Rzn7suKxRwloFdyAY8namSaCvhdiGQ+aD6IH2coxv11UP98/E4Cjd2m9VqPHX6/Vwc0LdTS0BzjZ/jlsej0I6eaRWqUX0PJ6cFNSdyEG+qFNOGH48OdVs+d1bQ/+Aq4lPxkxM0Opl1RRFY+RA10WjMOTmU8dKGUQBCNubVzBxps5Lu9Fq4eCoYHFOdj7UupIr8p6gFaB8plZtjmGxs0NOr5PJFs50n8DWlZxqGZz33HTIosWsQuR58YvtKnqQaIMCx1z5PMl1h5BqZj9bkx+Pt05ttzebT9oVvZSJn9akUTdm3f465h70R7F8EOW3ilZ1ozlHiPXN/Q8vbXa0DWXvty19xCcA0LJyWuWHpgKS3Qrl9O7qxr79pxlvs79M1d1tMj49NymCnj/YjGy9h6XnYzyAln63sU/88y9mnCyUc7G199vk+YJ/6ZVHjf/+VvW+XPBbCSEAUAVolNPxw8DE/Cs7q6u769H1iPSvhYFru2Slg7Qq+WZtAOAY85I/46ehpcFW352Woqs7R5ah2ecjTtZQM/FITKNcK1VnFE+Vuj0wO+YUWKqm3q9FdxxPZ2UCRq1WVXaTltnFZ/OMdrixub3ylre7p5afSUQ7XNvcjhzLT4ZYADUa2S4OLL6cc7J1rXCSyJxXvIJ43U6ifxZxTnjZP+MZ74yXBQAw8skD8D6Vmd3Lpxi1antC3Y0tgRp6VcvtHo/Pzf0oghrbfr+1pliFwPTcZOthXP5hysX0bA19BbqSVcnAqB0AAKrlCnBy94IEsNk40KsVgA86VVo+p3HOoK1TU078sbZXbAAAMGJgKdzp/dNCrsB5QjwAVIpV4IWeLpZV4EAtawCspl6AzWMpZfZ3EqdFHSyC5AsGA7Kl9czzkzPimJE+f1fRQ0Ykr8ys70cSZGxYFtibMw6GktxX+ZHng+2W+PFmQ43i4XY2rZS1OuHtPYsWeujZldexggEAQGyexec9S8LuupG+h6MNWN6xfHioEv1f/73bVWH1P1kO3T7g3ezJ6yeRHdUxteSzAgCRxqYuXySNDg3E4qcl8DqaFYwrHPY7CACw3tDsRfG3gyN1bMKupPeL0uQPXicDACB4xkO5N3sZzT/BEzNpvVHXEYnIY/MTAywAsIMTI4e5g0IRBq7ZU3oazxjydOt4KvqGhNeHhxeDAVvz9z08qgjjy0GXFQAs8thkqPDH+kXrpYwcXLicjCWPjEjZ1JkGcvOoyw5NBGUbAIh+nz22UfWEx2QrAIj+UXsscl6EIRnqFxWde+SSrQSACLJ39kFN7frGsUOPBzPv98880w5CS7G9sjwTspLza597a0sAYXQi4OAAQA547AdxGJnwNx/6Pfb0UaEMLpwy8pVVM1vJojT2XWtdQZ1SIExv/4YQoNSgAD3VtJTcTejO6fHuAUrBv/TEZdBGTTs9SsXebfHP53yt48nJKesctwEApZQC6U0MExMDtNYAAKNWAyO3v0758ekZgampB4mdtQ39yWJYIgCgZs/qzuZx9zN3FT1oZtfcwnw8nthd21sD1iY4nLJnZMgjXhl/KCf2FXBNBzoZqdubDQEAUE8V52h4XuAaWjYW31yptlc+9GLdiy+lKqWGVszEk+/fMi+ejYkEWo3vjhvpe800ZXdGGWOMb4ofGOIMvuxe4fTBIPgNqumN/aI8+dLTypbRi5NYLKsUq0YDAGiVGq5a+yxHhIGuoVPRYWdTWkkHplTSDW3nj5W99o/qNeCEm+4/aOJstsscH8MwQBvX3vGwkj7MmwdfXM4isLr9cmoneeafdhAA7Vyj1oGBzu9olmSetC8bwChlYodHZ1rFoAC0qjU4W/tjJZzQzvURhiEEhMsUH2GAGgYFIGbZK+9ubf+uD8iyJDudThtOH7hHxPEx+2+JWGnBW4hled93t3S3bmsJJt7WThITM0PMjK09H48xk1Y3EX1FtdzGxrbmXHx6mShlCAFq9B4wKAXC9Ha0aDkdeZugI93jCQAAQFhOYAGAFyUBym/3U6pvSgKgSq7IuUdFaCc5dNrTt6cNA4jFBABAoKGW2OXvg80jkzg9Ddrb3YOzkDRAoJQ5pfJMc2nr5+4qetgI55qYck0A1bWiquZz2e03R8czS/PtUy0A6JnkYVkYX3B0TX/9SLNxjgZnR51eqbkRIbTEaL9upXKatzNps7MHjJVnAMAmSBLR/hOPKaMLLvIXN9Lvmh/NV89kY3n/ywfok1Y4lZM7u1X34lL7sEXPtt/ung9OLjx3CAwBerr+n91bXt46thkNYg+8eHHXVAW5y39hWkoclKhW+uO/s5062gBymJlw+K49v3aOtPXMxua2MbS48Fi2mgHqmbd/xHp24Mr+XIP1hH+USoqiFgrHkb1d6px4uoBTQ+8NZmBi9PDN+oZSp8NL7pu7Wx9pCVcaIuZ675Nafntj89w+/yzUtfbJarfC0YVGoXOsu7ioAtszp6iSia7s6UOL86Hb0vecYCVGpWoAMPQ8e8bIAaH9HhwclSsAnRRwuVwFTuABmiUj2jsb5kSRpedVA4BV8wXqDD8iX3pX0QNGWF5y8ZLL7dx4s3pw8tjTPlHSUix+ZvHOjvTOh7u92TCS29uzdWHAaipc6AC39vgZm8DRwkWteQ/DT9xIXyLX9RHhhr4j1vdz/bfD3MxVXIeqyY0EDcyPdYYQ9HKpxsreAaGZ2dCrle60By2fFjoPS2dFg+NFFniHQLRCQb/uPQhDoPEJE8ONfCpbfRR6tvz9qyeX//vx1ZSXO08lSgDAP+JJpah23rReULT2zmnFCyq4huTW3SoqxeqnfKbEKrp8vvDczKvnfkZJH17c4TXonyKMjrkaparDH7htxcmXaQnoH1dTIhubBWH2SdjVc1FodroEqpx0HYfK2WONc8qXqwUquchKtOJenA87ekYIqVHvPQ5qxYs6w7FM85apxOFpNyRBlriLs6NS56WF44IhOB0sAPCDDg4uSsXOtmqlkk6sPANQyp3VHIPtw+mn7yp6+Kiuf+RrAyvp2FHNMX51ZtpHmo2h13q2S8tnlQZnu5LRosaVd9dLxSqw7duT3W0jCHBtA5Z3Lx8gauh67cr3NjAErHYe0vlE3hFw8tbuOwFRNbqVJeML/u6FUKwocdX8wbFPcPNUTUWPigBdxxKq7EfT5qBHhHL+YCtVkUJTEgDIo+PC2s5anEwNy1ZSLamZ1FHVMzvrMYNVFC3JXOzYFZZ4xsLe9VZE2mFStXjn/RLfe0jlHgcdv0YPc+NTHnlk2Lq+uxZnZ0acjKFm4jH18tsgeKdIDo8OFU9QZmvKXjJ/7SXNbcrpjbTmGh6RbVbSKBXUKuHsOIXgXiHS9JNlneVvbVOf3xLQP69eiGy8z1nGF8ckqFYqAK0bTJsJgNXr9xxsb76zTE4072q/n9Idl3PD9Xx0ZatoC08HrEalYrReabUwoKXevkvUpWG/WxZ5plFVD5Oxss0/8wiAqscF88B0ZxmLOBJynWyuRayTIzIHF0pqOwuuuaFmv00MjLmPdzfXLJNBt2jWzw/ju6p15PkjAuWsYjhDjy4PWZ+6q+jhq+Tev05Recjvddh4xlyvFXOHu3ninhlsnU+Ns91kmR9Z8H5wWrm12ZRjK2tHZnlkdFC2ccQo55LJDAzMezkAMJT4+gH454IyPVn/Zf9Cco/6ZLvVQozi4X6ywLmfthYI3bYRdAWubcD421zbwLAszcV+/k/3/AvgfQs/TImMJzitRHY23h8JvhcvhjmWYXgGAIx8+uiiTqOr/xVtPZ84Qz8+cYcXQtuR5O//e4/wj4YfB0fKcdr8NgjGwnHy+KR4vLux27wB6/jM1GhzTJP3L81Z9uKxlbfrBrA87xgcmWgeoYg0OTe2vh1f+aVObN7lVyMcS5iunh5hWMZssUCvyllelwKBa+7swHr8w4nt4wL1uMTw8iSJJLd/zxqElTxjc1Pkfbp5YWJ2zcyGtvY2X/9mEN4ZCIbcWoI3N38Li4V25hYzFs5CLveGWMychbAEAHiHi1OSO39s6ToF1u70L0548Hz+tVlYxlIzX356xMp3XdMyHMu2jvGdj/XmlkAY1sKaL7/phLCMhe102QjDWhju6tbQP8JQEhmNUm1vpbNcCoAPvFwOiQCMY/rJ5F4kufM2rYOZl+Tpp+PtaR/VbFLRaEOLrP3ceaHJOfXsqY8PPFngkgeHqfjhRY0SM293hpaDfpEAqLkCkWe6B60snrk5Gt1PbKxHDWBs0vDMXMjVHhBgB+eekVgk1doBuzOwHAyIBC5OFN0+3n2b3k/c1auHQ/TwWL3Lzy2JxFFi56hcbQAxC3anf+6x39VeQ1jIFohrduy6W6re1myE8PN5eyyViu+mtDowFsHpXnw22hyRMyqaqoJuAFjdiy+ZVOwovbujVeuUsdidQ8vhy2kFt20EXWEae/4/70EmG8v7Xv4//+cQADQuLx8ancuJRvsHDQCARtc/AGg0GtD9yKibpEefPvCnnlc+5+UIPQjYzvvEPf2gK5mV1UroVfAzb5pl5CK/592v5q6/lzT6NnxCGy5sv4mwM68mPu1LF74dn/nnr55XGHMDTCYAMDX/mQB6HrcfAoCpHTR7bp1qaN3w4s4uRxuwxPKjJUIIoW+d1fv01R2e9jGMZ+oHzxfYDvrGWFgLe+fpuei+aV5hmLDE8g4lQgghhNCnEyeWno7isoGHqnnZcB8y2Vje/xIhhBBCCPUpHG3AEkcbEEIIIYTQR+BoA5Y42oAQQgghhD6ie/W0CWOM7xAjhBBCCKG+033Z0MAY4zvECCGEEEKo73x4r9ab8spYj/UIIYQQQqhPfXjZcFNeGeuxHiGEEEII9SlyL6a9YHz/Y4QQQggh1MfIvVhki/H9jxFCCCGEUB9rjzZgieXtJUIIIYQQ6mPt0QYssby9RAghhBBCfQxHG7DE0QaEEEIIIfQRBEwAjRtyzFiP9TjagBBCCCGEWqMNphtyzFiP9TjagBBCCCGEetY23KvcNtbft3qEEEIIIdTHyCfmnrG+3+oRQgghhFAfY67mlTHG+Nr43lDPK197FxD622E77xP4QaOHDttwX2E6eWUssbylvDekR9avvQsI/b3U8wq2836AHzR66LANf7IHerlFvn5/FMsHUSKEEEIIoT5GGl29Q4wxvilGCCGEEEL9jJi61r9ijPFNMUIIIYQQ6mekAZ28MsYY3xQjhBBCCKF+1hptaJVdOWasx/rueoQQQggh1M/aow0f5pixHuu76hFCCCGEUD8jJoBGV1650ZVvxnqsv6xHCCGEEEL9jDQATF15ZVNXvhnrsf6yHiGEEEII9TPSk2PGGOMbYoQQQggh1M9Is0PYyStjjPF1MUIIIYQQ6mfE1OwXtrPLzRi6YqzHesDRBoQQQgih/kZafcTLsjvHjPVY365HCCGEEEL9jJiu9BQbcLUG67H+azdThBBCCCH0dXWNNpiu6zViPdYD4NIGhBBCCKE+RzrzUhrQPUcF67H+Sj1CCCGE0OcwSqfKBf3ae4E+EYHejDLGGN8UI4QQQgh9juLBfjSjfe29QJ+IXN4mB0ssby8RQgj1FT0Xeb199tmZYapsr65m6l9mnxBCXw8Dja5Z7BhjfEP84KjR1TcHV/MZ/OjCD2GxnHy3Uhj+fsnNAACUoq/Xs86ZH6ck8pffY/+X9cbU9yH5L72SarmMJvoGhNbjWubd20N56fkod+dN1JXtd5vl4afPvMKtz9MzW7+mpefPfLc/DT1cpf3Vt6r3xZMh64c/qxyv/pkW5pfDEuiZrV+j9PHLOd81z/vLvuzW0B3QipLbT2YVVdOpibHZXf7gpE9gOj8+3YskswVNB7MgDQbCQa/YOirRi9NY7DB/Vi5XG4TjnYOj4fCg0Pwh1XLxg0OlWC7rOhBesLvGgiEP33U8qytplXEFCQDQciYaT+SKZQNYmzQ0PhHycK3N5CP/Xjs1enaY8z97GpYu9+/sSAH7qPn2XdXPsrHEcaGkadU6cLzkGBqf8joZQN+KWiEZ30sXilqdwtq/jyW33x/yiQxAOfnu970P5i0xA4s/TbkumyOt5vd2oxkIvJrzsd3Pq6sH+9GDQlGjwPGD3sDUhIOFq2jlLBU/yp2VtUqNgoWXBrrbXiGyspKu9r774PJP4b92cu8PDHTdeRNjjG+MHxpD14lz/Pu5nr96wlgAwKjWDaNuADAAAJw8MsTarJ9ycDDqtZph3OGJPS6OY9GCVx4QWl0uWtWpoRkAd75suMjuKRaBPYzlPfOu23acGgbV9b+8h+jhqOmGXkhGc64Fj7n3J/X8XlKpUtYAAGCkwWEvSB+eSz/Jl90a+iia3/ttoyj5fJNjosAYxUxqJ7JRZ561PnTjbPvPHcU2PPlkUISakoxvr0Tg5YzXCqBnV3+P6/Kwf3JM5M2Gmt2LRt+B5dWURADU+E5MFb2jwXEbZ4GamknsbmyBtau7byjZIu+Z4QCqmbWN7QspNDM/wIOmpLa31qrkybzL3DrOMAOzz4POztGIYbsuKWnhpGB2BMXbd/U4sp0FeWh8lBc4c62sJvbj7zfM3y+5saF9E6ga3VhNmzyhybDMM7RWUfOp5OYqXXo+ygmj8997us5UtHa4tZ4iDnu7RRlqZmszcVIFSvla7+VF+WBzZa/uCU9OOy214vFeZHulPvMyfCUPqB1uxfPswEhoWOQtUC3nksnNd3X2++aFATUMA5zBVzMDncMosXxSt+Db1x5twBLLW8sHiTAsa/nYH75FHg3K/9AOfRG0kMwa7slle+q3ZK7i8mLCt88RO6/FEgXXRFenDaiail1wdqY14EZs7nD4y73jF90a+igiB7/7yWJt591Fia+VVmL5IngcAFBJJ3LgWlwaa+ZIhIWw/vp9LFHyTonAuudfuVhruy8khrhy8beT0yJIEoA0sfSq611Eu/80s1O+oNDucRnKicrL01YA9SimsCMvp/wiAIAoTjEXK6vxbNnVHsk0M1Ybd8OxiBaOVbM8LX5sVxdeubv2RmQr+d/TZR0ALxu+BfQ8lanYw89mfRYAAOAEUZR9YxQIAAAxW62dHjtVj3IqO/zM3W5RtHxWAN/0947Cylu1d7NnsVjZHnoy6+MAAGzBZaj+vHWQC0jennbD+58s+y8fiYLEFPNvy2Ud5PZ7EGLhrRxeKXxUe7QBSyxvL79Ztcy7d4fywvNRTk9v/Bw5705k2AOLLycEo3ScSGTzZ5pWpYS3Dz9+HHZ1RgaM8+z6Xlop6tTCD44Gp8baSdjmmP5JUasRRnD6w8GAg2Te/bGpNABg75df9wCY4Zl/TfPQnC0QicdyxTIlguQOzwXlm06V+kni2Ox7LrLWYXl/P6F6emZXVU73IsmjQsUgrOQZDfBdv42uphOZw5NiWasBxzu94/MTEgMApeTrd9XAtJCNHhYuKGOXJ2YmHOVEJHaiVigjyI/nQl4baf1GO/ux47JGCWsV3IFgyCvgDIKvjtiGQ+aD6IH2coxv11UP98/E4Cjd2m9VqPHX6/Vwc0LdTS0BzjZ/jlsej0I6eaRWqUX0PJ6cFNSdyEG+qFNOGH48OdVs+d1bQ/+Aq4lPxkxM0Opl1RRFY+RA10WjMOTmU8dKGUQBCNvblzdxps5Lu9Fq4eCoYHFOdj7UupIr8p6gFaB8plZtjmGxs0NOr5PJFs50n/DRTj0tZhUiz4sf29We1xilk9hRVfC5xWu2iB4i2qDAMVeaHrnuEFLN7Gdr8uPxzqmNSGMzCwBQKlx97rlSoEKg64zMuAYHYDevUu/NQ/FUL2XipzVp1I1Zt7+OgfYtNpt5ZYwxvjb+dtGqbjTnCLG+uf/hpc2OtqHs/balj/gEAFpWTqv80FRAsluhnN5d3di3/zTjbfaXqbq7Tcan5yZF0PMHm5Gt97D0fIwH0NLvNvaJf/7FjJOFci629n6bPF/wL73yqPHf36relwt+KyEEAKoAjXI6fhiYmH9lZ3V1dz26HpH+tTBw7TGvdJBWJd+sDQAcY17yZ/w0tDTY6rvTUnR158gyNPt8xMkaaiYeiWmUa004MIqnSt0emB1zCixVU+/XojuOp7MyAaNWqyq7Scvs4rN5Rjvc2Nxeecvb3VPLzySiHa5tbkeO5SdDLIAajWwXBxZfzjnZulY4SWTOK14BT+r3AHFOeNk/4xnvTDPBZuSTB+B9KjO7l08xatX2hLobWwI19KqW2z0en5v7UQQ1tv1+a02xCoHpucnWw7j8w5SL6dka+gp0JauSgRHAHWMAACAASURBVFE7AABUyxXg5O4FCWCzcaBXKwAfLGrS8jmNcwZtnZpy4o+1vWIDAIARA0thz+VlAC3kCpwnxANApVgFXujpYlkFDtSy1h4LqOtKMrqXLhSrwAj2oe41EucnZ8QxI91pV2k++u+NE4MCgIn3PH46hsuyvhVE8srM+n4kQcaGZYG9OeNgKMl9lR95PniXUSaqVQ1i7WmaxGrloHBRu2ber55deR0rGAAAxOZZfN6zJIwaxcPtbFopa3XC23tWPqBuzOUtNpt5ZYwxvj5+gKgS/V//vdtVYfU/WQ5Jt7wCoNmT108iO6pjaslnbeY5pi5fJI0ODcTipyXwOpoVjCsc9jsIALDe0OxF8beDI3Vswq6k94vS5A+t9XyCZzyUe7OX0fwTPDGT1ht1HZGIPDY/McACADs4MXKYOygUYeCaPaWn8YwhT7eOp6JvSHh9eHgxGLA1f9/Do4owvhx0WQHAIo9Nhgp/rF+0XsrIwYXLyVjyyIiUTZ1pIDfPyuzQRFC2AYDo99ljG1VPeEy2AoDoH7XHIudFGJKhflHRuUcu2UoAiCB7Zx/U1K5vHDv0eDDzfv/MM+0gtBTbK8szISs5v/a5t7YEEEYnAg4OAOSAx34Qh5EJf/Oh32NPHxXK4Lr9Lwj97aqZrWRRGvvO1Uzc1ikFwvT2bwgBSg3avFfiJVpK7iZ05/R49wCl4F964jJoo6adHqVi77b453O+1vHk5JR1jtsAgFJKgfQmhomJAVprnxuooeZV//iMT2BqxcPEzsbG5coHNXtWdzaPux/fVeKa+O7laB2orp7E9ndXI5bnUxIOaX4TzK65hfl4PLG7trcGrE1wOGXPyJBHvDL+UE7sK+CaDtwtI2VQCuYrQxZmYgJqXHf3L9a9+FKqUmpoxUw8+f4t8+LZmEha9xQF9VRxjobnBa6hZWPxzZVqa9UN6tUZbcASy9vKB4g4gy+7Vzh9MF5/g2p6Y78oT770NKdgAr04icWySrFqNACAVqnhql2e5YSBrhF30WFnU1pJB6ZU0g1t54+VvfaP6jXghJvuP2jibLbLzArDMEAb197xsJI+zJsHX1zOIrC6/XJqJ3nmn3YQAO1co9aBgc7vaJZknrQvG8AoZWKHR2daxaAAtKo1OFv7nE84oZ3UIwxDCAiX2UjCADUMCkDMslfe3dr+XR+QZUl2Op22a2Y6oK9FHB+z/5aIlRa8hViW9313y43BbmsJJt5macdmhpgZWztjx5hJVzcRfSW13MbGtuZcfHqZKGUI+aCTRCkQprd/TsvpyNsEHekeTwAAAMJyAgsAvCgJUH67n1J9UxIAVXJFzj0qQjvJodOeyxDaMIBYTAAAjHNkds7i8rSmLIpTs1D5c/tAMVxuBkqZUyrPNJe23mVXzVYbDwCCTVhmaz+vHeTGJR8ubvg2EM41MeWaAKprRVXN57Lbb46OZ5bm26daANAzycOyML7guOO1IsMQqNPeJlWnjQ+uTtt7wFh5BgBsgiQR7T/xmDK64CIA4BwNzo46vVJzT4TQEqP9upXKad7OzE/UwsD9+ToxjO9z/BB90gqncnJnt+peXGoftujZ9tvd88HJhecOgSFAT9f/s3vLy1vHL6NB7IEXL+6aqiB3uTKjpcRBiWqlP/4726mjDSCHmQnH9WfWztG0ntnY3DaGFhcey1YzQD3z9o9Yzw5c2Z9rsJ7wj1JJUdRC4Tiyt0udE08XcGrovcEMTIwevlnfUOp0+Labz3ykJVxpiDhIf5/U8tsbm+f2+WehrrVPVrsVji40Cp1j3cVFFdieiRuVTHRlTx9anA/ddqNpTrASo1I1ABh6nj1j5IDQfg8OjsoVgE4KuFyuAic0+1RWR++RzmK3W+FYqwCIar5AneFH5O67eokIfM88KPStICwvuXjJ5XZuvFk9OHnsaTcfWorFzyze2ZE7n1eIleNouVzprGwGWilXoZP+uAljEzh6OZeJkdzenu0KA1ZT4UIHwMuGqwg0GgBdeeVOjPVY31X/DTE3U1zXoWpyI0ED82OdIQS9XKqxsndAaGYv9GqlO1tGy6eFzsPSWdHgeJEF3iEQrVDQr3sPwhBofMLEcCOfylYfhZ4tf//qyeX/fnw15eXOU4kSAPCPeFIpqp03rRcUrb1zWvGCCq4huXW3ikqx+inXgsQquny+8NzMq+d+RkkfXtzhNeifIoyOuRqlqsN/6/j+l2kJ6B9XUyIbmwVh9knY1dONNjtdAlVOuo5D5eyxxjnly2UBlVxkJVpxL86HHT0jhNSo9x4HteJFneFYpnnLVOLwtBuSIEvcxdlRqfPSwnHBEJyt2+MbNb1nQ/ViUQeetwKUcmc1x2D7cHr7rtav3CvaKBY1arHe/fts0L1Gdf0jXxtYSceOao7x8b/yHUp22WEp5/Kdr1ww8icqSK6r26DGlXfXS8UqsO3bkxl6721dafms0uBsmBa7BgMm0/UzUrAe67vrHyJq6Hrtyvc2MASsdh7S+UTeEXDy1u6hUKpGt7JkfMHfvRCKFSWumj849glunqqp6FERoPuO5Mp+NG0OekQo5w+2UhUpNCUBgDw6LqztrMXJ1LBsJdWSmkkdVT2zsx4zWEXRkszFjl1hiWcs7F3n7WqHSdXinfdLfO/hkHscdPwaPcyNT3nkkWHr+u5anJ0ZcTKGmonH1MtVYbxTJIdHh4onKLM1ZS+Zv/aS5jbl9EZacw2PyDYraZQKapVwdswC3itEmn6yrLP8rW3q81sC+ufVC5GN9znL+OKYBNVKBaB1g2kzAbB6/Z6D7c13lsmJ5pch7Kd0x+XccD0fXdkq2sLTAatRqRitV1otDGipt+8SdWnY75ZFnmlU1cNkrGzzzzwCoOpxwTww3VnGIo6EXCebaxHr5IjMwYWS2s6Ca25IAACgyu679wrnGR1ySzbeZKiZxG6BGV4eZKCcVQxn6NHlIeuWXaXK/q9rqjA0PDIo2nizUcwn9k+JK3zdFxmiB6iSe/86ReUhv9dh4xlzvVbMHe7miXtmsPUJG2e7yTI/suC99rRi1CoGBa0OtKFXqhUAhuUYAkAcgTHhzd7WJgmOtb63ocD55psz8Qwlvn4A/rmgTE/Wf9m/kNyjPtlutRCjeLifLHDup60FQuXYytqRWR4ZHZRtHDHKuWQyAwPzXrxmvcbl2obG9f1FrMf6h3nlwLAszcV+/k/3/AvgfQs/TImMJzitRHY23h8JvhcvhjmWYXgGAIx8+uiiTqOr/xVtPZ84Qz8+cYcXQtuR5O//e4/wj4YfB0fKcdr8NgjGwnHy+KR4vLux27wB6/jM1GhzTJP3L81Z9uKxlbfrBrA87xgcmWgeoYg0OTe2vh1f+aVObN7lVyMcS5iunh5hWMZsuTrCWjnL61IgcM2dHViPfzixfVygHpcYXp4kkeT271mDsJJnbG6KvE83L0zMrpnZ0Nbe5uvfDMI7A8GQW0vw5uZvYbHQzkRQxsJZyOXeEIuZsxCWAADvcHFKcuePLV2nwNqd/sUJD65V/NosLGOpmTv3KbTyXb0shmPZ5pcadn2sN7cEwrAW1nz5TSeEZSyspdMUGNbCcFe3hv4RhpLIaJRqeyud5VIAfODlckgEYBzTTyb3Ismdt2kdzLwkTz8db0/7qGaTikYbWmTt584LTc6pZ099fODJApc8OEzFDy9qlJh5uzO0HPSLBEDNFYg80z1oZfHMzdHofmJjPWoAY5OGZ+ZCrS4XkaeXlg9SiUxyM1YzwMzbnYGFYMBB4OJE0e3j3bfpvXlXiRz6biG3f5CLbaU0o0E43ukOPw3d6XY66AGwepefWxKJo8TOUbnaAGIW7E7/3GO/q72GsJAtENfs9ffO0hJv37Xu9wWQWllJAbC+2X9NSQAgjM4uw340ufNHpA6cbXBkenGidaI0Kpqqgm4AWN2LL5lU7Ci9u6NV65Sx2J1Dy+HLaQVC+Pm8PZZKxXdTWh0Yi+B0Lz4bdWHju47J/+x/XtdrxBLLnvL//b+80J7BBK2o+ePm/7UDaHT9A4BGowHdj4y6SXr06ekj9bzyOS9H6EHAdt4n7ukHXcmsrFZCr4KfedMsIxf5Pe9+NXf9vaTRt+ET2nBh+02EnXk10e931/3MP3/1vMKYWzfINzX/mZozRi4ftx8CgOnyRvom6LqtfvP/M+a/8DfK9OaVMcb4hhghhFA/sHqfvrrD0z6G8Uz94PkC20HfGAtrYe88PRfdNwxA11wUjDG+MUYIIYQQ+izixNLTr70P6JMRgEY7rwwYY3xzjBBCCCGE+heByy8ExhLL20qEEEIIIdS/2qMNWGL5kRIhhBBCCPWv5mhDoyevbLqMsR7rL+sRQgghhFD/ao42mHryyp157ViP9bi2ASGEEEII9axt6M0xYz3W99QghBBCCKH+RaDVJWznmKFrRjvWY32nHiGEEEII9S8C0OwdtvPKGGN8fYwQQgghhPoXafULL/PKGGN8fYwQQgghhPpX12gDlljeViKEEEIIof5F7kF/FMsHUSKEEEIIof5FAOCGniLWY/2VeoQQQggh1Kealw03ZZexHuu76xFCCCGEUJ+6XNtwD3PbWH+v6hFCCCGEUP+6XNtwD3PbWH+v6hFCCCGEUP+6srYBY4zxHqwIIYQQQugqBuCmfDOWWHaX94V6Xvnau4DQ3w7beZ/ADxo9dNiG+0rzsqHRW5o+qMF6rL8vpEfWr70LCP291PMKtvN+gB80euiwDX+yB3q5dXknpe6y8UEN1mM9QgghhBDqX5drG7DE8qMlQgghhBDqU6SrP2jCGOObYkAIIYQQQn2MdPUHGxhjfFMMCCGEEEKoj7XWNtyHfDbG9z5GCCGEEEJ9qrW24T7kszG+9zFCCCGEEOpTpGvF6zU5ZqzH+mY9IIQQQgihPka67q95NceM9Vh/WQ8IIYQQQqiPkfvwLWJYf//rEUIIIYRQP2vdSek+fJcY1t/neoQQQggh1M9Ib465cUPuGev7vR4hhBBCCPUz0ptXNjWuzzdjfb/XI4QQQgihfnZ1bUN3jhnrsf6yHiGEEEII9bPOaENXafqgBuv7vR4hhBBCCPUz0ui65ybGGN8UI4QQQgh9JqN0qlzQr70X6BMR6MoxY4zxzTFCCCGE0GcpHuxHM9rX3gv0iUj7G74al9/whTHG18UIIYT6i56LvN4+++zMMFW2V1cz9S+zTwihr4eB1sx1U9cs9qsl1mP9g6NGV98cXMlnmJxTz576LF9g6/R0/dckN78clu72/IvMm7dHtumlWdl8+3aVjZUIO/1DWPwCO4n6Ai3nD/aTJ6fFqkFNLC84PMPjwUGRfIltGyerv0QVo7eS8zz9ccL5JTZ/vYvMmzcpburZguf2P5a+QitKbj+ZVVRNpybGZnf5g5M+gen8+HQvkswWNB3MgjQYCAe97RZAL05jscP8WblcbRCOdw6OhsODQvOHVMvFDw6VYrms60B4we4aC4Y8fFfbqStplXEFCQDQciYaT+SKZQNYmzQ0PhHycJ1nUi0fT8ZyalmjhOMl9/DjkLvTCOnZkQL2UfNtu6rGf/nzwxS0ZeTp8ynH3/bfFf2jaoVkfC9dKGp1Cmv/Ppbcfn/IJzIAAHU1k0qmz4rlimYAwwsDHn94wmFtvk7PrvwSK/RcvJqk8JPnoxw0X3uwHz0oFDUKHD/oDUxNONgP39woZ2IHhydqUasDYxGc7vHwmKv1BlCIrKykqz3PZwaXfwrLX+RA+m1hABomMDWwxPLW8ms31L/M0HVwBl/NDXZfJTDsl7hmAABqGDWdGHd4JgAAVWKHho1T9rNl2Sfc+lTdMGpw1+0iVE5vvYlo9tHR2ZCdZ4xq8ezoYP+PQu37Z17rHV7+EUZNpxbvwsJjqevkSczXnJK/INY+7B1i7HjN0EHze79tFCWfb3JMFBijmEntRDbqTPvKyjjb/nNHsQ1PPhkUoaYk49srEXg547UC6NnV3+O6POyfHBN5s6Fm96LRd2B5NSURADW+E1NF72hw3MZZoKZmErsbW2B92smGGEq2yHtmOIBqZm1j+0IKzcwP8KApqe2ttSp5Mu9qfkxa+t3aTsXuD05O2RijomaTybdb7I9zjtblSeGkYHYExVt3VRp7/sNwV8+QlhOR1RzvxBTKN4Kq0Y3VtMkTmgzLPENrFTWfSm6u0qXnoxxV4lsHutM7OmW3ckxdK+T29rbfs0svR3kAAFo3gBtZmgt0Tp+EsbbO5uWDzZW9uic8Oe201IrHe5HtlfrMy7DU2+HXEm/XEiAHgo9DNg70s4Pd1PoqvHg1JkLzjG6AM/hqZqBz3CEWK14zXKc52tDoyjFjjPG18cNDiJljLcwdnvn3qhwnzoTAM39xdSdx5p114KEIfSmldPKcG11YDrcSu6Ioyd4RXTd9uZ49sbAc+/deKPRiRB+OtvUicvC7nyzW9rFMlPhaaSWWL4LHAQCVdCIHrsWlsWZmVFgI66/fxxIl75QIrHv+lYu1tvtCYogrF387OS2CJAFIE0uvut5FtPtPMzvlCwrtHpehnKi8PG0FUI9iCjvycsovAgCI4hRzsbIaz5ZdPgFAz8R3L6TZF1OeZjuRRNnj69owLRyrZnlavH1XgbBWrvMi43T3pGIPTHm+/hEcfQn0PJWp2MPPZlsD/pwgirJvjAIBACKHXsmd54qiaOSVHbUKzcsGAADCcJz1w1wIPYvFyvbQk1kfBwBgCy5D9eetg1xA8vYctfiRhWd+q6V99hUkov38rnBSGRPb2yTEwls5PD1/FI42YHmn8ms31C9Hjb/epOOT1qPoYaFin/5pxkvVdCJzeFIsazXgeKd3fH5CYgCAnq3/muAn/ZBOHhUqBmHtnrH5qcEPDlx1Nbn9/kh48ip4XWeHqql02THhsYrOEctvsWP9yVD30Uw/S0eiRydlg3CCPDbWNemJlnOZRPpYKVZ0g/CSPD4z7rURAKgcrP2huGfl872kUqwRwTkyM+c2krvRjFquEUH2z8x5W+f9ymk0kswWNAMsvF3yhSb8DkzifkuMWg0Y4cqpztzu5d/YhMrJtRV1aL7ZhDTK2Jz+mccB6e5to5Z59+5IfjxcSsWyZfDN/xC2fdJ70XIuHo2dFi4M4KzSoG8y7BbhbP3XOL+0HBIBaDmzsx87LmuUsFbBHQiGvM2ZOVVlP76XUctVytgE58j49KjIAC3nktHYSeGiBhzvHPQ9Dru/zGStr+5q4pMxExO0Pq6aomiMHHB2niAMufnUsVIGUQDC9h6wTJyp89JutFo4OCpYnJOdaRl1JVfkPUErQPlMrdocw50DHHF6nUy2cKb7BLau5FTL4LznpmtLWswqRJ4XP7arPUrJZB5ci51eI3roaIMCx1xpeuS6P9B6OZ9IFa1Di48+vtVzpUCFgKtzwcm4BgdgN69Sr6v3b8baM9eAmE1Arn139BHM185hY/xQ4m+FUatqynbUPhyYHHfaJQYM5VSp2wOzY06BpWrq/Vp0x/F0ViZAdaN6kdg58k9OfbfA0kJqfW130y71ro6oF6LrqxkyvjR2fYLUOE1mYGjJQQCs3mEpdpAqDYUun3qRXl1NwdDE0wWZh1I+Gt8tNMDV/Jl2li9bPMEnM4KV6PnI1vZWzvnMawUw9LquxKPc4/kXE1Y9v/Uutvpblh8cW/hukqvk19/FtuKOVxM8gJZY21Hsj5/+NMBDVc0dHSol6pDwQPkNeTTk5t7HdxPs2LAssFc/2pubULWm5/cjEJx5ErSTSi6ytbmZkL6/+4oFWtVrhb0dw+UPL09IjwSA8ie8l56LrmyV7aHHLz2CWS9mEyenF27Rqhs1vVoFEEGNRraLA4sv55xsXSucJDLnFa8gAlW2N1YVLjA5tygxRvE0mVaKPtGu7K1sFR3h8PcuETRlf2v/zzX4bsn9BSZr3Te6klXJwKgdAACq5QpwcveCBLDZONCrFYAPpkRq+ZzGOYO2Tk058cfaXrEBAMCIgaVwp/dPC7kC5wnxAFApVoEXev5LWgUO1LIGwGrqBdg8llJmfydxWtTBIki+YDAgt4+T5ydnxDEj/ZVd1Y93DytSaAZnln87iOSVmfX9SIJce7CC5gKD1XSVAgBYnFNzUz0j81TLJde2Tk7LOnDCgM8/NeZgAahWNYi1p2kSq5WDwkUNgPvwLS63ph6fGcKQ3PVCahQPt7NppazVCW8f6F4ghLox0GiAydQac8AY4xvir91QPwVV9v793/udx0SafDXjAwBghqZnwu1DEiMHFy6HR+WRESmbOtNAbp3F7GOPw81Mhjw24szuFIrUN9A+llTz21vrCjf5dMp3w/GlnD484Ye/bw4iMAN+d3wzcRqYG2gOvBdSR0Xr8HfTbhEAQPLNBc5+3cq3Xir45sLtzVi8fufuakGl3lbSkZHDk4MiAWCHRuWDY0UKNZc5ikN+OfleLRrAM1AtakQMDggMAeCdvr9zGSv6Oog8PbeYTMZ2N/bWKGsT7A7J7R7yys3xh1ubECeH54YkAgCCd3ww9kZVK+C8Zg5ANfX29WFXBeed+WHKCgBEGlueuxw6+4T30o6SpzA0szjqIADADgTmBgCga2lP/aKic49cspUAEEH2zjb/TvWTRNaQZ5ZCzYn1rfpqIq7A0MycTyIAwLpn58uvf0+nSu5vbsZTNbOVLEpj37XWFdQpBcL0Hn8IAUoNCtBTTUvJ3YTunB7vzh0I/qUnLoM2atrpUSr2bot/PuezAQBQ5eSUdY7bAIBSSq+mZomJAVprtIa8jNz+OuXHp2cEpqYeJHbWNvQni83p5Wr2rO4MSX9hV2khdqBYhp57b+n2oQfH7JpbmI/HE7tre2vA2gSHU/aMDHnEzviDM7zw0m8A1UtKZi+6scYsLXjaF5+0qii18WBonDdXC0fRve2V6vzLsGhQCuYrgwZmYgJq3Hb3L+MsvpWG4WVv+2K1uSj/VHGOhucFrqFlY/HNlWpr1Q3qxTT7ha28MsYY3xQ/RNLYi7nBrpmxTGvyBuGl7l6+UcrEDo/OtIpBAWhVa3C29m9MzDZb1+gnQ7oORvQsupGr89NPppqTMa5B1cRB1Tlxme8k8qjb8ubwqDLgtwJA7eLCYB1S18j/owHR1L5soBUls3+gnGs12gCguk7ttH1yJbxwOWmBmAmxCkL7IWNigFIKAGAf9rDvt96vugdkhzQgPxKvzfCgh42Tx8LyGFCjWlSLJeXkcONtQp58PjfA3t6ErPbLNgMMy0DDuH4pvsU7MzfR1c8kLAdQBTBxNrFrWspffy+qnZdN9rFHNzdKs+yVd7e2f9cHZFmSnU6nzQwAcFEsU/7qlCpaPi+Dfcze2ZroFJlssVgH8VuamFfLbWxsa87Fp0PtowpDyAedJEqBML39c1pOR94m6Ej3eAJA8wMVWADgRUmA8tv9lOqbkgCokity7lERAIAQQkCnvX37hgHEYgIAINBQS+zy98Hm4IA4PQ3a292Ds5A0QKCUOaXyTPNzuduuVnJ7GcM948eB0W8N4VwTU64JoLpWVNV8Lrv95uh4Zmn+8tqAWASbBYAXREmorv4WOyp7xgQAYAfGZ3ibZ6B5GBHF8DJ993PiSAmFZYZAnfY2qTptfHB12oWq6dX3J2xoIdw1muEcDc6OOr1Sc0+E0BKj/bqVymneMZwmd1V7tOHDHDPWY33PmMPDQxiL1cpdt6Cu+4BSz2xsbhtDiwuPZasZoJ55+0fshqdewfBcvaDl1ZrXdn1WTM8d5Kp1uvXHf0Uu6xqUwkFCHZm6PCd2/7ftukArJVfXTsWpqacegSUA6v4vb+/+/TjN7ZjlqcUfR86VQuE0l0hEakJoZnlUwHPxN4kwnCRzkjzode/9vJI6Gh8I0M9pQpfbJRYrf81KxCt/G5/cXG/9RgDWE/5RKimKWigcR/Z2qXPi6cJfm3T0bbX2Wn57Y/PcPv8sJHe6/la7FY4uNAqdJS4XF1VgeyZuVDLRlT19aHE+dFtnnBOsxKhUDQCGnmfPGLl95xqrnYOjcgWgk+Mol6vACTxAs2TEris2ThRZel41AFg1X6DOcOva8C67Ws/vHRaFkRm8/e63i7C85OIll9u58Wb14OSx55qcvtXOkUx79hrhXd6e7rtVEll6oRtArBxHy+UKdKYb0Uq5Crzt+rsm0lJm9d0hBOaWR3smyzGS29uzi8KA1VS40AHwsuEq0sood/LKjZ4arMf6Vvyt0ooXVHANya2bjVSK1Tv+skQcnXk6JRQja6vp8nWdn3Iqcf7/t3evbWljax/AbxaBAIEGRKSIclBEqmhrrdN2Zu/9OZ4v8bx4vuK+9t7TmdnWQ1UQEQEPgJpixHAIITwvRETroeMcmOr/1165ljcJiWZBsu6VlfDDsfc/vP7+fff/3EL0WaO0X1KJyGSzcerJidJdQq8cn3XWrlWUGnMM+zrXgGrVRuMhj1xiZrvTNxqefvXqXcwq54ryA94D/rpa9eqtj9D6narQV3nIupjgFKgind49I7PYPX5/ND71fiHASft7VSK7w8EUqdy8Op/1mUCVcuXy3eTymWZxPJ4buTal5Np6WZh+HfVc6S4wujyCLh333NVeKR7WeJe7O1qgXkoupupDL2eiV++IoGutq3/8WqXa4ngzd37LVOb0XrQSBLfIV08Ozi4XLR+WNcHlNBORddDJU/Ws50/fPDtTmcXKEZ2VTprOwYsx0PdvKp3tpY/IO+67+0bV8A3SVfX2z7revNoLpVfkmm428Revqlf7QuuVqsYsFo7I4XaalNLR5SMXtKNjmUTPTc1j/aywtJzXQ9PzwevpM01tXl2/clJv8zZconSDq70NmGJ62/TRsrrsbO9gT/KG3eamlM4dqV+/LBN8sQUuvbi2tqhNzwXtvT0b2tH+Qf3ZxPiAcPWSAMtoaGT3U3ZX8Y0LrsCwWMivJYXpMZdFPztIZcsXJ4GcwyHoh/ldRfRbqXqYyFZuxTh2sQAAD25JREFUGN94t/phMq04Rp57n1k5vVaWGmRxI3PyqNQPP/2UVV1Doz63QzCZqN2oHOW3j3T3+HMbcfpvrkJf7UHVlR8Ou7NrWyu7E9HzIdG7n03BiP/y86Lsr+3XPMMjbpuFtc/KcoPxDjMRNxjy7y+lNtNceEQ0tyrSbqHlm/IPB135jfS6Y3LCayVF2t4oNtzjI49kYEOrnFxbKZnGXgZFatTrRETEOLPZyIgsvoB3N7G+bJocP38YwnZedb4IdX5z9Si1uFGxRV+ELFq9rnWWtJg4quU/Lmdb4nBgyG23cu2GvJfLKLbA1DMiXT4sGwdeXN7YzT4S8RyvryYtkyNunqpSPlEkT/z5+T62h4JDh1vrq6bJ8JDdqJ7u7WzJlpGFZ4yUoqS5IpfXod29qUTNQrpYE4NzGAr9+NRLKz/mdffzgM9ps3LGVrNS2ts6YkNTgxYiOb26WDB6Roafu21WQ0s53k8XNFe0c+8u7WjrPxs1h294xGOzcKSeltJpRQiMuxgROUNB4Zf0xjoLBzvPbSjz/s59vTRp59MuBeJhN0dULa4sZ+vuiZdek1rvNDOYmTczIlIyi6sHRvfI6KDbxjNNKeVyBRqYweiam1yMbehM6Xq+GXHEv83eBs5s5uimyxs5E2+inov8jZ6p6chGev3HDxqzukLhyFAtazUSETEzZ+p97gMzcxxn5BgRMa77ktkTWZgzLa1tZd1zkZ5zFPlYNvmuX0ZMRET2UFgs7p4o44Jg87+co2Rq5+d/bzFe8AQjk6ZExsgREdmDL6e09e21f6Z0TvRMREfqCeX89+HMRsYZu12wHG/iOGN3MzmrkVNNjIgsosdxkkmsbdWbGpkE1+BMHOO7HheLb/4tn88VC9tbmUZT0w2cVRjwTS6EByx3VyHe2FtniJnMJqP5y+v5OKPZZLzpGYmMNzMz35O6ftC6OE/ku3gusbP1U1ojk0Uc9McsRGTmTGaeJyKr08NLuc2fN1RVJ7PDFXg57uWIiLmi8Zf8TmZrLV/TmVVwB8cERpw3Ok+5VCbxn2STOF70jr+JPpbbKGlStlDT9Vp6cTF9GbWG3s5F7ESc88XryXQyt/lxXyWjVXS/mB+7+Kg3ijmpprdrydV/XS5ocMXezPutodezfG53L7+zV23qzGh1uCJz4YCdEcmlMnNP9Ta5TN54XE9tZ9c+pTTibOLwVLwzJJ2IzIPxNyyTzHc2wOEKzYVDdkbVY0l1jPW2Ae7aVCJVOpD5wKO8+RVYfHMLpmz2ILt5oDTaxIyCwxWITwQ8JiISo7PzQj6zv7ueb2i6gbM5nsfikYuzds4be8cKW7vFzdW6qpPZ5nBHZyb9nR4DYXR6jrZTuc2fky3ibYMjL16OdwYvavWaLJOqEXEk7+1LjTYdpD4cXG4U54n9Y3aAkRBdmHFk8vmdrfzFM6Rfvhn1/JnPq/l2GEZf/1//M9mY/uWn//s/w0TU7jYf2m2iTnOiffFCm4io3fOPiNrtNvX+pLUM4rOHHxTk0/pvWRzgm4B6/kT8RXd0vbC4VI+8D4tfMe8dtFLyp6Oh9/EB9B08Yg+ow+XEL0nz1Pvxp34l2m/8+Mundc54ntglw/k/Q+dWNhc/X/xIRIbuRSPd1DB1X+aMv+Izeq234SLH3L4l94z4k40DAMBTYPHNv/+K2e7DeWM/eH+H94FHxmQ2mW/o3IRvA2ufp43bbTq/Zw4ZqE1kMCCOeG+83xUVAAAAvnn28Vfzoxg28K1ihp4cM8oo31bud0UFAAAAgH5i7Z4cM8oo31bud0UFAAAAgH7q9DZgiund035XVAAAAADop25vA6aY3jXtd0UFAAAAgH5iBqJ2N6+MMsq3lPtdUQEAAACgn1ibyNDNK6OM8i3lfldUAAAAAOgnZjBQuyevjDLKN5b7XVEBAAAAoJ9Y50HAF3lllFG+sdzvigoAAAAA/cSIqN15EPB5XpnOc8yII34tDgAAAABPFiPqZpSv5JgRR/xaHAAAAACeLNa9Tc71HDPiiPfEAQAAAOApY+2LJwAbzu+cQz2ZZsQRv4gDAAAAwFPGiDpnip3r2qkn34w44j1xAAAAAHiyesY2EKGM8h1lAAAAAHiyOndSOs8ro4zyHWUAAAAAeLJYt2TonfaklxFHHGMbAAAAAJ44rltq90570suII/6XGtsgn9b7vQkAfzjU8ycCOxq+dajDTwp3nlHunhYauqNgEUe8J/LXIT6z9HsTAP5Y8mkd9fwpwI6Gbx3q8IN9o80tdu3K9fYXU8QR/yt1NgAAAABAH1wf24AyyneXAQAAAOAJumw2fJljRhnlL8sAAAAA8ASxr5gHAAAAAACeNDQbAAAAAADgHmg2AAAAAADAPdBsAAAAAACAe6DZAAAAAAAA90CzAQAAAAAA7oFmAwAAAAAA3APNBgAAAAAAuAeaDQAAAAAAcA80GwAAAAAA4B5oNgAAAAAAwD3QbAAAAACAP4N29lmq6v3eCnggNBsAAAAA4M9Q2d1OFWr93gp4IDQbAAAA4AZqKflj4uQ3Z4Z1KbG0VGj9PtsEAP3D9XsDAP4QcmppRQ3+LT7QbRmr0s5K4sT1ai5i/7VvpkuJxZWToe/eB3/1okRELSmxvK4Mz7/xCXfOpxY2/rMvLrzx3z0bQJecWvplt5u3M3C8RXj2bDgQ8DtN/d0w+F3pdam0nStKck3VDZzN4QmEJ/0Cd/ny53QyVyzXVDIK4mAoGvbZO998evVzJrN3dKIojTbjra7B0Wh0UDh/Ua+Vdnb3pIqiqCoxq+DwBMMRr7Unm9iS9mXOE2ZEpCuF1E62VFE0MtvE52PjES9/OadeO9rJZUqyUtMZbxWHhiciQ/buy/rJgUSOUeN9a2zJu9up3XKlphNvHfSFYuNO85/w14U/SbOc20nvlyu1lk6r/zwUhwKBiN/+xWloq5z69OnUe/2IqTeO0lupAoXex/1XqsXXVRu9VkrvZA/lSqPNWW0D/lAseDlbObm4uN+4Mj83OPf3qBup9S+g2QCPk6aqmqbpnQ41XSmkl5MVR2xq7CEn/kwYHBqxOy0P25RqMS2ZBPNe5sg747nrS0jXNF1VtYetBZ4kTVVJDL6LD3JEpGuNmlIuHGwtfjyITM8H7TjkPQ76UfrDWkX0+yeDdoHTKoX8ZnKtxb2Z9RqJiLSTxH83Jdvw5OtBOzWl3E5iMUlvp3wWIrW49NOO6h4OTAbtVqMmF9Op1DKZ3sdERiTvbGZku280PGbjTdSUC9mttQ2yzEfFixVrUrFi9U7xRI3C6lqiKkamZgasVJPyiY3VBns94zESEVFtf3l1s+4IhCdjNk6ry8Vc7uOG+W9xZ6d5Uj4uG51hO8nbd61R2V1fTLe80ckXLlOzcphOJhZbU2+jIqrxo6DLqbWlfYM3Mhl1Wzm9WZeP8rn1Jf3VwijfO59a2vq0W1Wt9d5DoSYXNtazxw3SdWvzaufX11WbZmF1NVEVxyZn4g5ju3KS2Ur8Upt6GxM5Oj/2auQKv58aMHaXYCYLat5N0GyAR68l5xIrWW1odjbmfmAK1uIJRh+4dr2cK2pDk3OO/Idcqe7xPbDtAXALxpksFp4jIuItNkF0Dz13bXxIbqbEuZgTx73HgLnD7/5uslwcru2itXm2mDmqkNdJRPX9bIk8L18FzzOjwmxU/XElkz3zxexkHpp57zFbLs6F7BFeqXw4/lwhUSQSx1+971mL3RH4XNhUqjpdnHFp0rFsdb+wEMkHGck88jYWsBMR2e0xrrq4tFNUPH6BSC3sbFXF6e9i3vPkrWh3e/09b6yXD2Wj+4WdiO5Yo36SySiOyOtpP09EZAvPUeNfG7ulkOhDj8MjoJ/mC3VH9M20//wozAt2u9sf1K9dKl8tfNqquzzW0tmVhZWTMvlffO8sL36Ur77t11Wb+vFemRuei4bOvxIt1rip+uPSzl7oVejikMyYyWrh8Y15LzQb4HFrHiXX1o9NY/Ozgd7c63mH+3Gl1mSc4ApEwyGnScktL5aH370a6n7bqIWND4WBd6+fN3Ori/Lw97ODHDULy8sH7okRZS9Tqig6E8ShaDzsvu3Aph5nD43+BbvZMuze3s7K3lhvEqT+OZ3MHZTrGjOL3tGQtSeLosr72cLecUWpNYm3unxjM+PneZGT9X/tmCZGaT93IDd0k907MTkpyJvJ3aOKqvPC8MRkzMN3fsfN7cyhUtOZ2SIMhcIRn4AP/FNg8YdH8kt7+ZOoc4DdUtuJSMmtLsrPZ9yn6ZxUqemczRWYmgiJRjrZ/vdGO/YuctlBXy388lEOfB/zMtKrx+nUXrFc04izuoaisaDbQnTxuRg+y2eKCvlnfog+6II+uNH1xCdnZAbqtAWaklTj3CHX5QzC8yFr/lBSyC4QM19NVBh4w+WivfRGefegbHJNXu71llSqWL1hC5FyIjdszuHLXcpcPhdXLJ+ofsHckkqyaXDGe9t3oF4pSsw980V9uLbGU6msCyHPZeKZ8wwO0NaRrPvu7KSFb4Te1onnrlU9dmXX6mfptT0Wjo9pm0dXmg1MDE7NEtFZ+fq7fmW10XWdGOMuI4xjTK8eSc2QH9dz/jo4i4BHS9eUveXdTE2cfhPxXjl21vaX17ZZYOa7KZeZlFJmdSXBFmZHRIcxc3BQHQrZOrPls7JpKGgmqjWamtrUiDjSG2qznNpikYm5H55x6snmyuanpPiP2YEbj2xnu/uy6J+2EZEz6GP/3fkceTXY+dTpZ6mlzQPT8+mFEZdZkws7yUxN5zvXB2iVz1LLEZoOugSzLudXVlObzvlpNyNdUxu10tbhWDz+NzvJmcTKxqpkEUIv4pOdH3fcP8Q8HMmpZKIy8PJt3GVu1crH2cJp3SfgVO5psLpdpmy5UqUB+y21PWAjrdFUj7aTFJ56HXaweim5sb6eFb8fd9ldjuZmthB0dw6oejl/ULH5RUakHq993G74Jr+bdVqoIaU3Py3tzL0Ni0xvqM1yelPzBKJz4+IzDM/5I6lSUWYDow4iImoodeLdvQMSyGbjSW3Uib7YDbWjUo13hW2XESX782q60iYi4uyhV9HLs3+9XCrz3oiViOqVBlmFK1+iFoEnWakRmWtylWxe01lhezP7uaKSSRD94XCo27V7enzCnFPiPWvUaw2NWa6sg1ksPJWrTaIrF7HAN4mJPjf3aTuZZcFht2C+4XjZkjY3S7bxBb+1mfvad/3aamNzuoX8XnLHHQ+6LUyvn6RTss6TWmkQdSqqrlX2EsV9Sam1mNUx0DtACHr9Pzk+emtBtsNpAAAAAElFTkSuQmCC' />]]>
    </system-out>
  </testcase> <!-- dashboardTest -->
  <system-out>
    <![CDATA[<img width=700px src='data:image/png;base64,iVBORw0KGgoAAAANSUhEUgAABBIAAANDCAIAAACfT6tNAAAAAXNSR0IArs4c6QAAIABJREFUeJzs3elzG+mdJ/hfZiKRiYMAwfsUJUoUSZGSSiWpJEulUrmqbLVdLrtna6Z7Zr0RvdGOmInYfbF/wEbvi/0D5t1sxG5Eb4QjtmPb7vXY3WW7XWNXWVVSHVJRRVGiJOoixUvgBYK4kZnIfPYFrsRFgCRIQOT309Vw4kEi8YBKPPn8niu50bf/jgDK+dsfe2qdBQAAAACoGb7WGQAAAAAAgHqHsAEAAAAAAMpA2AAAAAAAAGUgbAAAAAAAgDIQNgAAAAAAQBkIGwAAAAAAoAyEDQAAAAAAUAbCBgAAAAAAKANhAwAAAAAAlIGwAQAAAAAAykDYAAAAAAAAZSBsAAAAAACAMhA2AAAAAABAGQgbAAAAAACgDIQNAAAAAABQBsIGAAAAAKgLgWC81lmAkhA2AAAAAABAGZZaZ6AMq11ocvI2ibMKpGssFtXXA0bMqHW2AAAAAAAOkvoMG7imDutAt7WnxeKWCl40WCCQWJhXpha1gFaT7AEAAAAAbA1jLJFI6Lqu67phGETE87wgCIIgWCwWjuNqncEy6i1s4FoP284dkzrtpXfhObdHdHvEkWFjdjY6NqUF0PkAAAAAAPUqkUjEYjHGWF56MoRIbnMcZ7PZLJZ6q5xn1VHOeKf14hn7kKfiSEvk+445e7q0b+9G7q/l/zMAAAAAANSWYRjRaDTZt7A5xlg0GuV53m6383w9Tj+ulzzZ2mzvX3FsIWZIE+zi+Yuudw8L9fJNAAAAAACIFEUJh8OVxAwZhmGEw2FFUXYzX9tUF5Vta4v9+2/IreJ238/zfacarvUjcgAAAACAuhCLxbZd+1cUJRKJVDtHO1UHg5Sc0nfPS807rfJznaPOt5Tg9UWMVgIAAIBXgLG2Gr/9hbG+xmKxUvtwopX3NElnzgmHjuxt7vLpczPK3TvGuo9paiaRs0q8p0k6d1Ho6qlp7upONBpNJBI7OYKu65FIxOFwVC9TOyW0Hb5a0wzwIxcahqvzB+E8zULIq65jeaVdcGbQVussAAAA7B8ssBH5zS9YYIM2r1waOouEtedPLC2tfKNn7/KXS1+Yjf7hIxYJk6HnvqCzSFh7OmXp6OJd7p1/kKIkZKkOGrV3RlEUTSteH11c9N679ygQCM7PvYzG4g0NDkEQSh2HMWYYhihue0BOldX4H8Z52H6mij8BSTw/LM7dMUXBAAAAAPVHvX+XdL2CHVOUu3fsff27maNNP/3+3c13UO+P27p79yo7dc0wjKJjk1RV++STm/PziwIv6IZuEYSErktW63cunTt+vOS/rKZpVqt1k9BiL9U0bODFM8dE61beEQuoT2c1b5QJktDTLQ208Xl/RVunbdCp3Q9XOacAAAAAVcGU6OqGJq/70uvAtFi//z1rm51ISdz+XfyJv+i7jI31Pc1lLhZI58o6IP/kkkWykCBxwpLy//5XNVb77NWVaDRaND0ZMxCRbuhElNB1IlJU9fr1LzVNGxkZ3OSADQ0Nu5nlStUybLB1S32b3J+hgG82/MmElo4ItLl5Zfq064d9ubMieGH4qOXBRAL3cgAAAIC6w3QlltAZY6qWDhtCiTt/0Hx+Ovq+4/VR/smNonUYptZyLIWRmX2hPo3/01Mi4t/4D/a254l0MlMw1IOSExKKrpu0uOhNxgxFffHFN4cP9zocxavFjDFN0+phqFINwwbu0KHiXQ1qOLEa5dwtgtMUEeiB2PUJLczz3YflgRZeIvZyMb4UMlTi8w7ibLW28Yml7cUNonBs0DbcYWmSOSIWixo+n/LgsbIUz89892jDdw/zscXI78e1vHlMzsPOD0ZF3Rv5/R01r9uDd0vfu2jv0JQ/3YguYg4GAADAAcLUSHQjpCVHJrHsJAHF8ClExFsFigWTSdzwj23Cn6OToV3Mjq741mNqZeOkHEQ5a+TbBqTj1sQnk69UK60emH/+ZD4QM4jIYmts6z/W3SxX+TNiJWa3P3z4tDCxyWFPGEYwFieiFy/mN+lwUBTlYIcNoni42KyG2FLko9tqmIj32D64LGdWWIptaCHij73heqstdd52d5QY32QXexpoKbCdLF264hxyZp5zTqfgdNp7nPSrL5ScAMAtn+sXrETWXvuZ+cCXazmHaWq22HiibvvllcTH8+YfFD9yyt4tEUmWTokQNgAAABwcWiSyHkoUX/DROiD/5C1Lg2DcuWVY+6R3zwrOFp7+wt67pF6/kSi5zNLO8hNVKowZiIjInHFBeO2C4LsT9W7h/TWneh9PeG0j5843W4lI8y8u+AJKsyxV8SOSM5iLvrS26rMIwkhPR0I3LDzvsssum9zX2iTw/M8/uxWMxdVNu2sMw2CMcdyW729WXTULG3i3xV1k0VW2sphqoTf8ymJIbk5Pynd2ON6ycX1tlfy9+FYPR4Etr8TqPmwbchIR8z6LjL1IxHje6Rb7u0XbWiJ3kBp35JjUTMbTR1rnsNR/zDq+phb7RXPdJ2yHliJz6fDAedhxumZLIAAAAEDtGEqwVMxAdr5hKf5Pf0/Nlxw/uSA++hflX2e54f/OJvxxV3sbBFHgaSv3IctoGJaOk/avj16prgbDvxqwdQ80p9qcRU/3kapXyvRN57gPdbV/79RQYfoHZ0f/4eaYVSoTwOi6brHUeCmj2n28jS+2oifX6BH4Rd0gIrvYah7iJQn9bZUeu8HN86Rv9Wx2JgdFadqDKW3VICI9HNaXFvPHJ5FTGu3kKKA8eK5sdEjn22ynPOqtovOXJOvFUXVpXFOJSLZeGLRsaf43AAAA7A9MKb3Mo61V/M4VsVEiShhPbujJ/XSFaHfb8nnZ0eqJ+QOKWrbCxFvMY5T4/mHeeyu28ip1NRDxDocc8S74PIea7Tnr6US8z58shlSDDJ2chwZHum08bdz/8qXUbQmtRlWVnEeOdIQW54JqXCXXkeGTnSXr95vcqKGlyTPc1Vr0pU6P+6+/83rEXWbS84EOG+xi/iJISe7+hg/s6mKYmrukzkoGcRmkE+XdINpq4bfxY1v3J9Re0SpaL1/hela1lfXEqk8PFAwl6h6QW3nyzirrhhF7oZ32iAMD1vHb+TOVdJ+64LT2ddvPvAjc8nOHhm19Eq3Oq9ZeaxWWNQYAAIBXh16wVguz2SmwTkQUm1V+O5u3YCd78ru85Xj4aq+lo4XCASZ5mi2RQDSilhyjwVulRrekSTJLpMZrGxP/VLhiJVcfS/1swnnkxIj+/Nm3tydIbnA2eDo7D7c7LESSu2O4/ajME6lLd27P+jqHWimRUEIJ62tnz0kUnvnq1pR39PWzx0Uj8PyrBwv+zqOluilKjVAiojNnRvqMkkFFZ5Pb39K8ef4TiYRUrkdit9XhDTW45g6pzF+OKBZIeDe0Ba+2uKYrdvmDt23m+0wLwnbGfsVeRD93Oy/3Cja3OOQWk91IYZ/y7WTsWWbIk1061c2Rpk0tGkQUW1RmT4gDbfIptzqWN5tC18af8j2jlqFRefoRf76Xp6jy7Qu6iEWNAQAADpjC+qThaqKlhcqPwDe3VDlPzNCikVXV2uhpkKNRf6RwFUrO6rA32imyEdJdTZbIZsvbC83Fm9LrCC+1Hj/RepwMNRbwbyzMTn7jH7ow5DbU0IvpedXgOYpHNFITydqxo6NVIiKyO2S+obVZTHVYKBuqQVRkmD1tPkippb2VraxwJXbgJEmSygxJ2XwE1N6oWdigaoZOW7t3hR7Vl/yJlyva4qq2bh46FNXXNWo2BWCqtuWJDUREZMxNBOce8h1tYqvH0ua2dHp4Z7P01kVe/yw8Eyci6hiQO3kiXnzrmuet5Jt4IhIGjon3Cm4zt/EiNnW4YcRj++ASEbHFZ3GvUeMwEQAAAPYcSxQMnVaPnhAXnnPRSCXv50RROn95d3Km+td0m9ve0qRtBOLZSdKC2OC2yUZ8fU1NMOKGXhPWlrgSI604qySdu7gb2dsNvNXmabd5pMjnjzaihj4zsWQ7e2rIyRMFHtycz+xl3uD5zPZmI7o4jmOsZBU03tBg29go+pLicm3zy+ytmoUNiZgRI3KW3U8zVv2JlRVtdkVbClcaDESVbU3xSX/i0qKytKgQkbXb+eFZ0SZZ+hppZolIlk53pU6cvGFRxW8zZyTuPdYGzopWIgqr384ZRr334AEAAEC1MU0pXD7RIkbe+kCcfcLpCeJ42W4VS7RhE3Hi4AnOUb7StN3s6bGNkGaze5qdSjAWihuCLLtdFiMUXo2l6lPM6VZ++B/ci4+JFfZJ8OLQCGfbyq24akBbfT4XcXX0tDosRGQoywsBajxqJ4OILDxPRImNtQ3NaNzBZ/A8v8k4Jc1mE+NxSzx/0iwThIS1/OzXerhRdM3CBiOQCBiSs+gvxGCBQGLFp82uaEtrRvnbhwi8M2cWBAusb6cfp2PU9VYb884r0349HDV0XujuEKxERCymEBG1HpO7RdL90V/dMK/Hyh272PhWmzA6ID4Y1/JOlthidLzffcHDph/GVl+pFQcAAACgGpgaiseLtnyKonZsJLmp2xytbrGG62smYtE1VWxw2dvdvK6qIV8onleZkh3WM+drlb0dEz0tDb6Zp7ceJ++bYXG09L5+vJHnaWBo/f7E+KokSk5Po0PheSLeYpF4S7qHwSJlNnlRslhKRnfE86VfIyKiqMfj8PkEVSXGKL2aKqtsWdUDHTaQlngZoO68SSWGPjUeuefVw1upYfPNlkbzP5ORWPBtI0Oc08k7ndzAsGUg94XYUuyBn0i0nurliWhlPu8mbmxuXlPbRFu3PPBYe5x/Q3HjwdcBr51tbH1BWAAAAHjVMSXqj5av1uix6Lq1odlWpt65q5iuBf1asIY52E0Wd9vQa0UW5ZTbj51vzzzrJiKixpOX0r0OfNPJS03p7ZZTlzabYVJJzV6z2QRVJVOowCcSRlzl5TIdDvUQNtTw7DTmlgr6BKKJqcWtxQxEXN8h0byWq7qmbutOauzZneCfHqmLfiOWfLvBwoHE08nwR2NqmIgE0g3Sw8q9xfwAQPXGpvxM1ykZgAZ8iZjB1n3pYYyasR5Id+lFEytR0qP6St6KCQAAALBPVdiHwO9xX8NWP67Gtxp7BVSyQKpRbJ+P//zg+fOVnR98t3Gjb/9dzT7cLv3gHXtnTuTCnt4O3FjaQsN83s2kidj07Y3rS1XNJxD97Y9xpzoAAIB9RFd867FKbxQtiO4mh33327sDwbjbJe/6x+yacDi8yfSGeFx7MrX4ZnvOAjlLQeWPj31EZLdbu7uberqbXK4i9zZz1cG06ZoGLlHl3qLc2WuOG7iBE7ZpX7TS7gLRcv6UOWYg3R8fR8wAAAAAdcmIhpeDqfX7LQ2uVkftxn0IUnMrFnisMkmSYrFY0Zfm5n33J+ea3XainD+7L5qq9Uaj6tOnS0+fLjmdUk9Pc093k8OR2tNmK3aT5D1X4/6Oxcex2Q5Hn3lCs1N66w3946+U9fL3LBRGzjpHzPdOM4ypyXhgk7cAAAAA1A5vs7mUSEgxeEl222s5kwF2gyiK8Xg8bxlWVU18O/5ieTlARLaCBbNWgvkj18NhZWrq5dTUomi1HOtvP368UxQruQXyrhPaDl+t5edr+lLMcqxLMP8xRLvY386HfNpG6UWUbC3SmxecJz054+x8z0N/ni+9Xi7swJnBughzAQAAXm0cb7VJTqfssFm2dXPafU5RErJU+0H8O2GxWDQtO2zG69348usnwWCqC0JLJGSLYLXwAsf5ItrdheALf4wrPnGEM3S2thYaHjokSXURNtT+Hya2GPmzu+HasZz54Va39N23raNe5dGsMmdag9XqtHS3Wfu6xT4Pnze+LrYSvf6w4GYqAAAAAAB7RRAEURQ1TUskjG/HZ7zenFu8ReL6zWm/OaVEzJDS3u5uaKiXe2LUPmwgYksPQx/zDe/1CzlLT/Fca7fc2i2TwcJxphtklXhbiVgrthL9+LaC4UkAAAAAUFs2m80wjM8+f7SxEdnJElQWC/+9985UNWs7UieD6tjSZPCjcTVQdCY0zzntvNtZKmZgvtnwR19XMBcCAAAAAGD3ORwO4rjtxQzJ8fYcR3/1765wld0Mbm/USdhARBSYj/z6s/C9FaPyOzyrYe2br4P/PKGFK9gZAAAAAGBv/OiHb7jddkabzbotfI0RcUSNjfaf/vdvC0IdVdTrYEp0LqYZLxeUJysGkwSXnS95j3WDBda1+5ORz+8r3gimQO8FTIkGAACA3bYPpkRncBwNDvZ4PE6v16frxeurhVVdjqPXXz/65uWRuupnSKrHf5iYXx27rY7xXGub2NZkabLxdpEjYgmNxWKJlfXEkk8Pb+c+0AAAAAAAe+dQb2tvT+v9yZm7Ey+IWN4EaGaKHDiOTp08fPLkkfqLF1LqMWxIMdjqkrq6VHoRVgAAAACA+sZxdOrkkVMnj6ysBvzrwdW1gN8fCYZiRCTwvNVq6e5uHjze3djorHVOy6jjsAEAAAAAYL9oa3W3tboHB3trnZFtqq+ZFgAAAAAAUIcQNgAAAAAAQBkIGwAAAACgLrhdcq2zACUhbAAAAAAAgDIQNgAAAAAAQBkIGwAAAAAAoAyEDQAAAAAAUAbCBgAAAAAAKANhAwAAAAAAlIGwAQAAAAAAykDYAAAAAAAAZSBsAAAAAACAMhA2AAAAAABAGQgbAAAAAACgDIQNAAAAAABQBsIGAAAAAAAoA2EDAAAAAACUgbABAAAAAADKsGz1DS4nIo39IBg2trR/XFGJESPiKPm/xBgRJZ+wnF1TL+Smstx9MsmmbW5LGQIAAADY1yqqJnFckX24nN054pKvJZM54pI1OuJIlqyV52fLYcNWq5uwf3DEpSIHjhHjOGKpJxylYwmOiKXPVM4UKjCu+NnOlQgnAAAAAA643Lp/iapUsX24dMiRDheoaMywVVsOG+BgSoUM6cjBHCCkzktT8JB+jynoLdXbUOI3AAAAAAAZlfQ2ZLBiAUNyb3PMwG0xdEDYAJUyRw5ExIhLDljKDR5SZ6I5fuA26W3Yo7wDAAAA7ENc/limZN2K5QUM2U6G7cYMCBugYhxlOxtS26luh9zgITNCKS8o2GwwEoIHAAAAgKLKjec2N81mK2J5AUPxmGGLNTCEDVAZlo0ciIglw4JUt0N+8GA+bZM4Ss+EAAAAAICKla48sYIRSpw5YbOAobCfogIIG6AyyRnQ2Y6vdLdDOnhI7pQ9ubn8M5EhZgAAAACoGq5wDHiqeTf71Pw/uZ0MrOQ061IQNkCFssOScrodTOFAJlJIz5km05mJyc8AAAAAVZYXJyT7FvKiheKdDFwFA6ByIWyAipjGJuV3O1Bqs0j8kH6pzOg5BBQAAAAARW1etc+JE5KKRgv5nQwMU6Jhd5nGJnGpO7htGj+k37XlwXMAAAAAUL51tdjLxaOFZMDAse3FDAgboGKplZJY7tikVGL23GNF1vMqDCQAAAAAoCqKxwCmuhlxmaFMpoBh68PHETbAVuQGD0Xih2LLrm4vogUAAACASuVVwDIznrPdC9sPGJIQNkBFMh1cZAoezCGBqUvBFEKY31wWBjIBAAAAZGypBpWa6Gxe5jI3Wsi7X/TWs4OwAbagSPBQED+UGJVkvhUJ4gMAAACAckrVmLjcnoWcSldBqFDQvbDtQSAIG6BCHCOWPM9ygoeC+GGTUUms/KJKAAAAALA5c4tt6XpVwWCkvHFMWx1GjrABKsTSnV7JMzVnpk1K4VC53I4FTHIAAAAA2BWlZywUTDsljjguNQFiCxA2wJYw070Z8uOH1B7mJ7jHGwAAAMDeKqx+5UYL25xRirCBOI5EC2excAJPAk88zxGRYTDdIN2gRIJpCYbR+OZp0ERF4ofMOVoqUMCfEAAAAKCKNm+dZdndikULWIC1chxPNitnFTlBKPJXEwROEIiISOKISNeZqrGYypix9zmtJwXTGEzxQ+bGbiznebFtAAAAAKgic/ssl741b5EXdzAS5CCGDRxPNom3Wbcw0l4QOJvA2SSKqSymGAc9eMg751jOSVnwR82d3o9eBwAAAICdKajFstznudWtKg0aP1hhwzYChtz3k03ibFYhprJY3DhQI5c4rvS6qXnnYv5+ebOiAQAAAGCHNq2GVhYnbDWaOFhhg13iZWnHFVeObBLHER+JHaxOhyIDlDbfr5QDFW8BAAAAVNfOeg+2/e6DEjZwHLkcvMVStcZuWeIsAh+MHKw+h6TiA5S2934AAAAA2GVVqXzxVTjGq8DlrGbMkGSxcC7HQfkDlsJx+f8BAAAAQA3tUvXsQPQ2OGycpdhySTtnsXAOGxeJHbweh9IQOQAAAADsP/u/sVyycrK0i19TlnjJuv9ryrjBMwAAAMB+stXa3T4PGziOnLZd/45OG38QmtjNnV21zgsAAAAAbNlOqnP7PGywy3tSxeXIJh+smnTekLlaZwcAAAAAiqhinW0/z23geZKtexQX2ax8LK4fwFWVkio/C3G7NwAAAIAdqkmj7X4OG+wyv3d/Uo7sMuZGl5c8y9WFsT98NRfR818VREl2OjyNLR2H+vo6G6x7l6/4wpeffOmVR99594RnN/avU7G5r/5wa80xeuX7w421zgsAAADUtf08SMki7OnHidVe4HUfCy4tF8YMRKRrSsS/vjDzZOyzP/7m9189XInvVY4iKz5F1wLeDXV39q9TwZX1uK5trLziXwMAAAB2377tbeB5EnZn0dVSBIHjeTIO1p2jd6bttb98p99mStC1SNC/vjw382RmLRL0Tny6vnLurSvHGvY2AAQAAACAfPu2t2H7i6LyfEu7daDTYt/63+YgrMS6qwTR4WnrHTr31o8/uHSiWSRSvGNffONFUzgAAABAje3bsGGb93fj+ZZWsUXmBKvQ4tjyEQQeYUOVyB2n37k06OGJojNjD5aLjWgCAAAAgD2zb8MGfhvfLBUzEBHp8cRyZMvzmxE1VJPQfPpMn4OIIrOPFtHhAAAAAFBL+3Zuw5bvv5YbM8yt6srWZylsJ1aB0oS2I32umYdBY2VuWT3Ua15YSfXPT88sLK4G/MG4phuCaG9oaTkyPDrUJhccRvXPPXn47OWKPxrXDEGUHK6mtr4jw0c7nEXnTOiRl88fPZlZXgsqGvGyo7HtyPGTx7tcJSdYxJefTD4y79999OSJXpdYdF/f04dPZpbWgxFFI16WGzydh44P93c5ihy90u/of/yvnz7Sei7+xYUO3Tc9OTnjXQtFjIYT7717OrPKU3z16eSTZ971UETTBdHR2NI3ODp8qKHUVwIAAADIs2/DBmFrcQPn2XHMQEQ8uhuqrLGjTXoYVHT/WpB6W1KJkemb18cWlNTAJUGUHaIej25458a93sVzb797zFwbDk3f/PzWgkJEosPZ6BKMeDTi8z7zeWced1545zt9jtwP1NYmPr3z0KeRIMqiRJoSD67PTXzt9Z78/jsDrsIMausPP/1mYiV3/+D64tzCuXe+05978Jh3/PrNmQ2diEiU7Q7S4pGA99l978zzQxeuXD5k3nsL31HdWAtphu5b9j57/u3YcmrxKVHIhC3qysT1G899WvJIkkMw4j7vwy+XF7xnR7f1rwIAAAAH0L4NGxjh3sX7gavRQaRQPBrRqSXVIh/f8Gu8q/PY8JFjna0uWaBkF8HE1zefBFbG7832Xe5LV5ljz8bHFhSS289cOT/UnOqu0COr048eTM4EfHHKCxt8E7dXxKYTb54Z7kneNSK+/Oj2lxNr8ZUH3870vn0kvyvDf/+bFbIfu/Da6JFmGxGRGlx49PWt576Id+zmpOe9UU+6F0H3TSZjBkfnyLlzx5LdC3p8dfrbO+Nz0bkvb1jl751vy/Q5bOE7EpFORJG5b8Y1cvWcHj3S2ex2Oazpv9aLL28892kkuHrOXDjV3ywLyUM9uXtr4s43Ilb+AgAAgIrs21E1hrGlmQnMv6qtxYmIBNlyqFWQtvWH2eKHQnlWqygQka6rWiat+fUP/vLf/vA7rx/pSNWniUhwdL1+6oiDSF+d82YmUOsri+s6UePgqUzMQESCo3Xg3Nv/5t/9xevN+R+nU8Ppq5dP92TuNCe3D78x2sYTGSuLq4UTszVNPHLlyvlUzEBEVlfP6XffPuoSSPc/m5jL3HciMv3tsw2dhLbX3rk6mBmSJMitA5fevtAjEkWfjT8LZg9c+XfMZF2j5pPfv/bGiUOtnkzMQPra5JRXI5I7L7zzxkBz+liCo2v48ruvNxpa/mEAAAAAitrHYcOW37C248gBN22oKXezi4iMcCSaTknVrSv/ZxE7hwc9edMM5PZOOxHpkWikYH+h7fjptvybWQvNw6OdIpGxMrOUmsodXHjmM4jsR073OfOPIfeNHHERkX/mmb9sBgu/Y4a9//RAwQSM9ZmFKBE1Do72FUz6cB0dOVQ4EwQAAACgmP0bNmyj3T83cmjf+gKs6GyoOjWu6UQkCNaiM4yJiHRVi8cikXBEUXUiIkPNtMRbmzsbBaLgw9vfzPhiFazi6mpzF85NFkVrMiuFB2jobLUVJBJZ2zrcRKQH15KBgL6xFiIisam7sdjEak97m0xEUb+v1F2xN/mOaUJTW2PB+yIb/jgR2dvbis1+Fpp6WvZtCQAAAADVtW/nNujGtmY3GMbaqkatFg9vrG19AVYdcUO1BYMRIiLZnrPUkB5aeP5sZmHV749GtM36EpzHz55b+WJsIfDs1mfPbvGyq7Gl2dPa1t7V01F0pSNBLBqdlKxb2xxSiXRZJNI0Ja4TCRSLx3Uiskm24ssx2R02ojjFI3GidPt/xd8xReTFwoOr0Tgl/3xF3yPIdpmosOMCAAAAIN++DRsUldm3NwDDMNaW1bXtfui23gelbCytKEQkeFoyS4lS/OUXf/x6LkIk2ts6+/o8TrssWgWBeFp58E3BOJ+G/je/1+l7OTvrXfJt+DfWF4LrCzPPx8fsPafPXzgmTJh+AAAgAElEQVTenD/AaKsqvQ+dsPnO+XHJ1r5jFfMJAAAAUNy+DRsMg3SdCdu7V/S26DrD3Ibq0ldmZoNEJHYeas+0pPsf3puLEDkOXf2Lc105fQM6PadnRQ4j2Jp7h5p7h4iI9LB/2fv8ycSz9YVvv+bt37vcs6PAIRZXiIocIRaJa0QkSsk5yDZZFIh0VYnolD91gogoGooREckOebvfsQSrXSaKUDwUJyrS4aDHo6WGRQEAAADk2M8jm9XEnrb9qxq6GqpK902Mz0aIyNEz3J2pmqv+UJSI5La+rvzxRKGNwjnL+QSnp2vg3JWLh0Qixbu4vsM8hhaWYkWS1ZWlABEJrlQnidDY0kBE2qrXV6zZ37+8Eiciu6c5GTbs8DuaOBo9MhFFV1ZCRV7VVxfWEOkCAABARfZz2BBXGO1ZTZ5RTEHYUD3x1YlPv3zsN4jsR86NtGRb6AWrwBORFo+oue9Qvc+mg4UHKkqQrdU583Xf8wmvWpD4aHJBI+LbjnSkwh1Xz7E2nkiZmSzMY3z63kwwuU9qJFZVvmNS05EeOxEFH0/OFvQrBJ9PzaGzAQAAACqzn8MGw6DY9u72vHUxxWCIGnZM1yL+lfmpsS9+99GNhz6NSOo8d/l8p3kUkNB2qF0k0r1Tt2ZC6aZ7PeadvPHlgp43/if+4vo//ddf/3HsqTdkrn/HVia/nVWIxPbOph1mWJb1mZs3vp7ZSB9fDy5MXr/xPEgkeI6dzt4eztF/5lijQPrK/eufPV6OpDKuR1anvrw+5tWI7MfOHU/fhXor37EMoWV0pEckintvfXr7aWalJj308tEX1ydCoryfSwAAAACoon07tyEppjBZIm6XJzgwdDVsz8rd3/zj3VIvCq7O0XNnTrTlT2y3HjpzfiFway66cOuPv550uxyCHgltRDRHz+un+ftjc6YbmImNHW3Sindu7LO5MUFyuGSZJy0eDUY0It5x6LVzh3Y6I9oz+kbH3Nfjtz6dGRMdsqir0bhGRCQ4ei68Oeox7Sl4Rt/+jnb9q5kN74NPP3okyrKVtHhqeVnnkQuXz5vu/7CF75g8+CZznuXeC1cCsRtPfMGFsT8ujIuSbKV4RNGJdx1743W6d+MZVlICAACA8oS2w1drnYfdpTOSxN2NG8JRQ9/vK9W8dryaNwazGMG5xUDhZBBBFO3OxpaurqHT5y6+frTDUTSstTT2Hupy6WpUiYWjoZhGUtPhk+e+81qXI7E2t5RoPj50KHnbM15uOXy0r81m0ROapsYjkXBESwiSu7Vz+LXzF0daTUGDRffNLkadh4YHOgpuxCByoYU5v9B5/ERPg5Czv/vIyMjwib42WYlHo6FIXE3wsqu5q3/k8uUT7QVLs4quzv6jLbaEpijxWExRmCDZGzv6jp27dHaoNW/vir8jkUCxxTkfa+sfOdRYdPlYwdF2tL9FTihRRVXjqmLwDU1dR8++cWmoxW6szy3GnEcGj7fixm8AAAAHDs9voZLMjb79d7uZmbpglznbrg3GiMWNaHz/dzX8zfuF9xIDAAAAgFfYlhYdPRAjm6NxltidVZU0jR2EmAEAAAAADrgDETYQUTBiGNW+hbNhUCiK9SsBAAAAYP87KGEDY+QPGvHqTVyOq8wf1LF6EgAAAAAcBPt8JaU8kZiR0DmnjaedzJFmFI4ZioqIAQAAAAAOioMVNhCRojItodtlXhK5bQQPisqiccPA0CQAAAAAOEgOXNiQnJMQjhoRnuwSL1srCh4Yo7jKYorBEDAAAAAAwMFzEMOGJGZQJGZEYmSxkFXkRYE4jjiOSy5fazBiRMxgms4UjemJWmcXAAAAAKB2Dm7YkJFIUCKBTgQAAAAAgJIsjFhmmA62sV1quw4xwqx0gAOhnguinUNRBnBwvOqlmcX8BbCN7VLbewkXUQAwq7BMqLfrMYoyAMjzipZmGXzyC6QfybSNdKRn03cPI5b3365+HADsV7UtTFCUAUC11G15kuptSD+SaRvpSM+mV1f9/AAAYB8zFzUoygDg1bXbpVmF+Pppz0Z6PadXRb0FzQBwcFSx/EFRBgA1VMMiyMIRx0ztyszU3ox0pGfSd2LbZzbDRRkAyuG2WERlSqStFm4oygBgV+1ZabZtPCPGmdqVsY3totvbs6VoOH8cHy60AFCBbRcdlRdQKMoAYA/sQWm2Q5bcNuacR6QjPfO4DZWcwTu9oOKCDLDvbbX9LbdgKPvusitNoygDgOqodWm2c3xeuzJXor0Z6Qc8fUvKRr2VhtGFcTca8QAOmp2VA5XsVarIQlEGANVUu9KsWpJzG5ipXZmZ2puRjvQtR65lr7Lbei0pmxNMRgQ4UHILotyff17RUaJFLrnXJs11ecUdijIA2A17X5pVkSVdR8QjHjd7rORk2uZVtvgLXN4BOcr5ddVs7TEAqA1W6km6gEqnbdqpv/nldkfjkVCUAUBF9q40q3rwYCmoI1KJuiPSD3R62TNpk32KX0yLpGY/iEud7qU+CwAOHK7ENpmWjU5fJgsuurmX1k0ut2VfqiAVRRkAbGZvSrPd6HZAbwMeK3rc/DQqFTNUdpXl0jExK91vBwAH3SZlApdz6U0VMUWuuOUut8y0e9H03AyhKAOA7diD0sz0WdWMHCxkqh1iG9ult0vaQsyQk1TkErvdocQAcMDkXTLNr2QvugVX3BKX22RCXhlTKr0gCUUZAOzALpRmeaoYOVioDlqy8Vj/j6VOoEpjhoKrbJlLbNn1BNCEB3CQ5JdChUVE+mpp6t/PueJucrktVd5UEjCgKAOALdnt0mxXIwdLuqUEj3jc/HELSscMOVfZ/IMWu74WfDSXs4F2O4B9j+Nyi4ucXz2X3xhX5C2cqbzIudzmjUMqvNiWHKuEogwAtm5PSrNSkUNVWIgYEVe0zwHpSN+8t6FoOJFz+TM9YaZO/E2usrnH5Ii43N9P7ls3/2HgQgzwSig7earUMy5ZIpgXJjLVwnNb7HIvt5SzGysRSGQSUZQBQCVqXpqlnxVpBqlGh4MlnY1Ui3Ju6zLSkV6yt2ErMUMy9qD8X0zxS6zp4pr8EZnficsnwP6zjd+1+RqaLTyyhRWXU5Jkm+uSl1tzQx1jrEgznbl0yu6AogwANlXT0swcLuxS5GDJ3OGrrtq2kV5v6YVnXuHJVDRmKN4yV+Qqm/5VcCx7cc0Py3GlBYDkRTQ/ichcnKSuuIXNdSy3oS79NsqJHEzMlXwUZQBQXVUszQrDhd2IHCymrOW1MSMd6VxuymZKxwyU2S541XSVTV5ic6+vRT4XV1uAA47LLxnyr7uZG6wVXm5N19rkjpmLbSYx04yXW2plr74oygCgOqpbmlUcOewEn8kXZ/pQLpsNpCM9f9Z/4SVw85ghewFlLPkqI5bq0Eg+M11lWWonxtLPzf+x/IT8/wDglVb+N17wmy9eaGQut8SZXsoUQel3mxdDN5UhOeVJuqxCUQYAldvL0iy3MMsbZlmYse2XMflzG9JfJL+9GelI35K8pjvKb5nLbZbLpue9J+eD08P4NssMLrcA+xhHXH6xkFtGZBvksr0G2ba6vIa61EZOM12BbFmWP+0BRRkAbFt1SzOWLVhKFmZVYUnnheERj5s+plTS1VAqZsjtyi+4yhZcarm8YxR+HAAcKFzh7z+bxGUKmMLLLWM5vfx5t4Pm0i0k6UHD6R3SXa2ZVZWSz1CUAcAOVbE0Kxo5bDpUadszHDK9DXjEY9nHIooNTzJfgbPp2QuqqWUur1nO9P7sEUrcBWJXw2kAqDfJMiHnh8+ZRgZzmets0ctttqGO8peWTl+DU9FD/hJwnDla4DI9sSjKAGCbqlyaFU51oExpVu1JDhbzZ2TLzdQ20pGe09tQ0dxoYjlnZn7MkLqEhuOGKBBjlRyyxOcAwIGzyQ+/2Esc8RwnCJzAc2TqWWeMZa+4lHklp+wqfEqUeqO5KAskVJlZUJQBwBZVqTTLjRyKlmYlPmM7HQ4W0zuYqSOVIR3p5nQqpvzwpGIxw3rI+Pp+3B8yOluEa99x8WhrA4BdYxhMSxiKmhAtPG+eNmjueWAGR1y254AyY5Uo+VLO6KN0UbacCP8+8HQlETksNf60/TUB/QYAsJuKl2a5kcOWhiptA8+IiDhT/S91WxqkI92cTpvL7W1nOYnpJI6IUUJnn4/H/CGDiE4csSFmAIBdxfOcZBVsNquuG5SNFrJylplm6WuuqcnD3I/A0pdqjfRfb0ytJCJE9EZDD2IGANhtRUuz3OKM5Tb05qziUJ08JA9pij9SbcxIR7o5Pe/aWfQ8LNopxtIj8JLvvvdcjcRS72z1WAp2BwCoPlHgLAKvJQxK3/U5e3U1F2VcellDc1mW3i1VkjFGRDdDcwE9nny9W3Lv5XcBgIPMXJpl6leFoyS5gmpbYc1tG2MreZbteuWwje1S2xWcS0W6GtLXWUq/xLxreuapbEX7HADsEdFqMQovrqbIIbs+UnbKYfFxmozYjLqReWoXxF3PPQBAWrHSjDN1mRZ0OFQPn2xXNrcxYxvbhdubnUTpCCHv3MyewaZQOBgxMjvw/GZHBQCoIoHnGMvEB8w0xyFdvrHM/5gChuxQpZxGvfVELHtkjFACgD2UKc1MAzpYTmlGlNPhUL1xSuneBjzicfPHciOUUul5L+cNvGNkGMXfCACw61hqiFGmpYOZCyvKKazMT9PjmjIlHNMJZRkA1E7ebe1z6lp5HQ6578t9YavjlNK9DbmPrCAF6Qc8vaTUCWiaDZFMzgxPKhZ1AADUSGG5xDEyrZ/KZXv10+lcdmdmOggAQK3lFU2FHQ7VnRjNp7o5cluXM20wSEd63uTAosy3NDJ1NbD0BRqhAwDUBWbqbiDKdu6ng4RUGx4zl1iZQjB9dc72UQAA1Aij3BYQLrcCVjgOsxp4juMyK7lypvtFIB3pXM79Q7IKr5jFuxpyhycxNNABQK1xXDJyyEQAyYKJy1v8IbXBKFuUpS/PjLHCUhEAYI/lrAhH2dKsWIdDjp20e/DJemGmjZnjTG3MSEd6Or249AilIiejqQEv+yL6GwCgptIlE2cukdK9B9nLbXZsUn5Rxu3wogsAUBXF61cF1TCiao5T4tMtyqk2ZmZqY0Y60jPpZU/cIrugqwEA6kmq4m/ucMgpqVh6qJJpmKZpB3Q1AEBdKdLhkKvq45T4ZCGYaWPmTO3NSEd6Jr1y2RFKBeloogOAGstObsgWUqaZC6Yd83YiU1cDyjIAqDVW7C5vRccpVRFPpnbl7DYjpCM9J72kYjGFuVs/d8QwAEDNcekee9OopPxiKm9yVrJUQ1cDANSVzESsIuOUcvapTuHFU6p1mSVbUTLtzUhHek56WvZsNJ2XrCCFcjfR1QAA9SI5RMnItm7kDFjK/FfwKjMYuhoAoH4k2z5yiiSW+3JePyorUl/bktRKSlTwiHSk5zyWOmWLdIRxOeuuljqbAQD2XGEhVPbyWbgDSjIAqL0iRVNmgEd+30K1hi3x5jZmymtvRjrSM4+VyT8vMRkaAOoTRwXNdJS7kpIpnRUbxgQAUAfyJ0YT7d7alTwRxxhLtyib2puRjvSc9IoV7I0RSgBQX1hBxFBiSnTZdwEA1FDxidG7VlLxRIzjuHSLsnksO9KRbk4vLvuK+RwteroWPbMBAPZSyWKo2FSHUitLoyQDgForWasqmN5QxZVpkr0N6Tbm7DYhHem5KUWVPA8RIQDAq2KThjn0LgDAK2TT2lcVYgeeiFGmjTm7TUhHem563olZ6rw03bGBVekkBQDYDckRwTmtcZkSy1TsMUzSAoC6liqfmPl5iTJrZ20hPFFquf5kuzK2sV1iu8jJlnd/6MIYl5WeYggAUAvmmzVkbghN2QItPX8h/yWWLu5yij0AgJphOaMrN3mVCqth2wsfkr0N2XZlbGO7xHaFp3CR05BhpXMAqCs5yzRwhcm5yziYGvJQlAFAXWElVp3ZncIq29uARzxu+rhD6OAHgPqx7RIJRRkA1JU9LZR4So3ZTLcrYxvbxbcBAAAA4ODiiShVO2TpOmK2dRnpSK9WbwMAAAAAvMKSYYOpXTn7iHSk56VXpuiQ4a0dAgBg13BFN/ObR1iJogxlGQDUiZK1rF1r7OXT9UIqVlNEOtLNKaXlXm+xaBIAvFqyXa2U3UA/KwC8cvLrYFUtyDJzG+qwbRvpdZW+ZazwKS7CAFBTrGChwrLNHIXXYLSMAEDtFSyhtAcFk2luQ34bM7axnbddgVJ3F8FVFgDqRskSiSvYqPCNAAC1UL40q6q8uQ3YxvYm23k2XV8p2cWPSywA1DFGmVJuk104FGQAUOfMd6gsiss87ECmtwGPeCz7uB0M93rLx7yzyqpW61xUQktMzWpqrXMBsCtK3CKp5O6EoixfQl0Zi0ZrnYt8CWVpLBqvdS4A9lCpO77tAgtRqdHteMSj+bHOKMrHn0YXM5VvXrjwtmvESUREUeXjmzEadl3rTUbFpC9FfnlbjaX25Nwt0qUztk6JVu8F/hSWf3hJcidf8kV+eYeufN/RthT55T166z1Ht6Z8/GncedZ1uS35FzCmvgxOd7t+2McTUWAx+s0zdSnEEgLf2CyeOWHvcxJp+tRk5N6SHtY5Z4Olb9B+oYM3Z1z3x27cT5xqlZr8kV/eZefedA7Ysy8+uBGaamn4cFggYoH52NdPVW+Ykcx3dtkunrC6eSLS730Wmm1r+OGwICRz/Sjw30K2ay3xf5nUjdw/Usdp9/lQ6OOw/OFFyZb9u8WbLrrP25WPP403XnRf8BARm74dGBPsH5y12oiIjOk7oVtk/6tR4+n9mM/ZeLm56v9+AJCyuP7Vz8PxRPqpw376f2lpshARGYvr3/xjvPnfdx7rTpXB0Vvebz7WUj90SXCNuoevOe0W/eUvXs43tp69Jiev6fG7y3ce2M7+1GXc8t6Zcpz9G5d9cf2r/0/r+2lbV0vyUPHH/8Vn/KhruI8j0jfG/DN3YkEfI4fFdcx55Kqr0UkUjj7/3cbSi0SCBLlH6nq7qbc7pzBTJ/2PvhBOnrOnirB49MHf++Ln2s9esGa/WvEPNUplOPHFy/EXrgs/dSYPYTxf++q3NPw/p/4gRPrLXyzNkPvsXzvlZEIi+uC/+OlHXSNHM5epxPIn66sN8snBnNwCQBWgtwGPVext2MPoQjNiGndo1PnBlYYPrjR8cNk54Ey94n0WX7dw649jq+lKtK4YMRJOXmz44ErDD85Ybf749YeaThTVjNha9E+TCT11TBZVmWqQrhixuBHVk59iPL4TeZpqUGOhOItFGRGF50Mf3VHWRfHUSfvlQdGtaPfmdSK2eC/05RJ1DNrfPmMbcjHvCy2cm/GlaTXcIPbYiTRDiWtjj7LN+bHF2LifqXGDiMKz4Y/GlbDTevGM42KvEH4R+ei2Ek7mQWGrT0NfLKX+UdQ4UxRm63Vcu+i8dtEx6CRyS+9edF676LzcxUcVQ1WMbI+BZsQ0FtZSXy2qJFO5nkMiLUY/n01+dORLL/X3i4Jk6WtgMy80fbf+FQHAiOsqib0/bT/zs/YzP2s/+zeexnQVeel6xHAy7/VQ5hesbhiG2zb4s/azP2s/fU1KTKw/uqsTGYkwi95afTCZ+q0mInoirCeI1A0jEU4kkp8SUJ7+yr+Rik8MNaCrcSIyNj5eGv99LNHh7P9h08BFiV8KzS/qRNrcr9bm1oSOa83D7zc0OxNLk2puu4S2NKHwh+2N6efROxvrFiH+dWAt3dS/yYeWyDBTN/REPJGJoYyQrkZ0Nf3cWNyYXSLLUmB2MX1RShhqRFdjpmuURW7tYet3o+goBah+rQy9DXjcg94GruLAY2tsbrHVk5ukqPcWqf+ig+6Ev/Wya92ZnHONHkurSOQRYvPK9ZiRulrJnPoi/HmL+7sdJb+jlbQvvok1XbE1Z9uuEhOPE4kW+4eXUq34A/3JdMMXZnyzfLnfKhBRt3Qq/2CJBT+zNVucRMkMxLzRiYD7vJvISHz7SFOJbOnjU5v9h28kj2/ts4d+MRF/4JcueIiIeJGmx8NtVxuGMj0VotDZJhCxkEw8L3S2icnGuo3kpxqpj9P14v8Q1g77lcPBf70ffmARp+8nnEOucx4iEppdnOrT1klsLfuPAfCK2UaxtltFGXH2dqnRmZu2FJxfsB75mcP794G5JdexjnS6RXB2Sy4i6qbmW9FVXyLVAOigjd+tPG/pOFqyMOMs8fCD38nnf2K3ZtLC0Zk7unyh/ew1iScicnZdSL6ghJbI/qbn6GtWImobdeUfLK74Fsl+WkoVi4no7Bhr+lFLw/Xl2Umt5Zy42Ycmlc9wHn3lZpRG2wZp7f7N6JG/duQfMEVwdQjGWCyYcLZYKjswwCtu7xptk7+pemjJxmP9P9Yb9vgL/+Pkpl364D17K1FgPua1Wy96LNTN/fpZPNBtSw1AImP6UXSDJ1VJzK1wHadTtWreZXu7Rfl4PDR1xTVQ9EN4fuCMLXov8smE5S/PpOOGaGI9Sm0DVhsR+aO//EIJG2Trdf7VGbGvV7g3Gf3ottbdInY1i93u3B+zpm9EydkvpJ6K4mBb4vEjZfSipL+IzojSSIsynTx+nJoGrbb0+2ytYjPFfEFGHiKi5gHHwErk62+izVfsVFYg/s+/NY/05dxFduI6R50n14K37ui8x/ZvjqVGQLndPM3rGxq1ikXeAwBVkVAf/+e5ZGHGDzZ956+dVjLWboXVoeaWFtlyzP/oVvTwT+ypOnBYmf/ELxHT1mIrPqHjR1aiBBHJrzUfDfsf/Wrd87Pm4vVpi3Tk31oX/x/fg27xzGvpRF88nBBahiSeSL27fOv3SoLI9f3Os+ek9lFh5ebq+JqtuU9uPCy7GnPH/PjUOHEuTypRnQytWOTTRyV7SJr5IrjxWnOqz6TohxJVlOE8a6H550L3u1IjOaz/V2B+zXG0pfiO9naR1xPRMFFj8R0AYJvMxUCpm81hG9v1N7eBiIg7dLrhJ1ddP7nq+sklWysRGdrEtNHcK7mJ3H1Sc0iZWMnszFSNhcPazKLuHGi41pc587m2Y87LHuPr29GVUtOUbda3zkvCYuTP80aRVz22D95xvdvLKwojIne/68Mr9oEGCizFPr+x8cvUyKI0jalEgpDtAzk8bGvyx75ZVL5+ZhwalpsqHIzLC0NnHX2a8ufx9JyNTditb19uSI7m+sFZq7PUbrzw+qDIE9c/KGfiCqvI8cTUV2ICN8AryyL2/k372f/YfvY/tp9/32Eloo3w7BTf8ppsIb7pnI2fCng3MnuzRFyPLcSWnlPThx2D2S5Voe39lm5L5ME/h0tNCObbG0++L4X/2+qzRcNcmvEWIiLraMv5/6njWB+pAYNIaHm/88K/dzfLhn/CP/5/LH7zhZIwHythJBK8xZL8dGXuliK/5nQRWYecjeHo7JRe9kNLZjjnY5J/HyJi67ci0W5nWwtRi6OrO7F0K1qsQCYi4m08T4aKadEAVWfuwWPYxnYF23XE5rQ0m1rOY4vx6TgZk4H/ezKV4numnG+TBCIiYeiUY0Bki+OBj+fjC8ccfdnmc37grMP7Wfj6I84wivdpCx77eycSH02EVw2yEZEsNMk041VjfZKNOJtdcMpESjpXHuuIxzpCpC6Ff3k7Ph2WTmWq6kJBAGaXLhyO//OdqLXN/mEbtzCdTEweX4v1pTocYquqj/jhRtPbJfGts9JHX0S+FMgoGQoQEZHINzdbUn8nUdukWU8QOQtxNiknsdSVGQCqhrO3Sy4585QFb4WCih78+cJSOmnhltJ9TSIicspH3m9ykTb/c+/0zVB0sDHb5WiRjn3YGPj5+oMXZJRoaJdHW0Zmvfd/E+AT5CKiZqvdEt2YUoxuibcIciMvZbPB2/uch/qch4jCX7z85mZw40KredgPT2QkiIgSz4PeZUosL3/2Sfq1W6HoaKNc6kNLZpizyjyFtWiCkn0rUV+CBKvFQhSOzE7qhrLx1f+ejp+WQktX7V3FimyDGMotgF2BgX/wCosFtFU+WZPm3R42+TRhabO9O5wagKT6op9MxicD0unsO7juQVvHYnT8mdw3LGSTRfHyefmjG/FNWu7d/Q1X1gKfLDEbEfHi6DFhZjL6+6/1kW6L1dCnFw1yElHi1qfhFbd1oM1i49nSbEIVLW5zLVzkbDyFowZR9tObBx0nA/GGUcmWDc/E04PCzETk93f0Ux2CHlQfPNctbfZTuaOLBI/9vZP6byYK2+YqFV5TZ5NbvNDZJhRGFDHFIF6wyYVvBYDqYdFFZUMmIuIli9MZn5nU7Rdahk+nyon4xNqDu4G1q22m36jY/bZj7h9Czx83nBw0HanFdfJHyje/iJWeEMw3XWvpWVqeCxARkdN55HRo4tbKeLyhs0/k4+ryElEjUTw88X8GjCFH+2GrVUssTyao0SabawwOi8USTcQZkeG9GTP6Gk5fSw+jWgve/5fI7Kx7sNSHmuVm2D5kk2+FH/9qXR2RKBCdH9MtQ45GovBEcMMiHfsfGt3JP4muzPzjxvwtpesyEZG6GFuzJS8FguuoxIcMgwRp8+YUANgGhA3wahJ5m8jmJsNzyae8cOGidUkRzrwhd2auFW7HmcXg01XjdSdvk8mevNrYpfNH4x+vaWES7CIvpaIOEty2907rv3/EWXkSpPT+Im8TOGeqX4LrO+c8eSO8KnHJKOIHYnTsqfr1uGLwnLNBHDlsEYgfOWENPdXGJhTVIKdbvPCGuVuDiLe0NdBCSNdJIJGXJE4mIt5y/mIy05xd5KwyT0TOvoYf8NGxp8oXi4xkvvOQ473RZM8D1yBxYSmVbWef87vrwc81LhOF2CRO4vnMU7vEWzUhM0eCRN4mck4xuUGL05FPplN/wEvvuIYkziZyDaYMb6wb1GBtxjqGALuFlwUrxeb/YXk++dxhP/mXFJbtw+/aXekrtKvR43vmW11kRyydPIsAACAASURBVBp5i9OSTOb7Go8Oxp9PKcagZHFyyQWaicg62Dxyefn+kmAh4tP787JgdRipqMMiHf2wKfrzgEUmIr7p/Y7TLevPx0JP7zByCHKHvW/ESrJ45HL8+Z3I0ztBQ+DsPc6R93PnbDda7QJF1zTq09bXLN0/bWzKzGzuaDr6eGlmSuVHS35oyQx3e05/SI+vR57+S9gQBNdQ4/A1u4U0/zPddbW1tztTOkkDV6N3JmLRq1arRBu3fPdvJT/Fcuhvu5qXE+S2uRE2AFQdd+Lq/1o0vcS4FKQf0PT/8UeNZL7ZEcssspT8//QGMdP/UeqOSqZnv/gkO9z0b3/sKfZZ+5zvUeCf5y0/eM/R+QrUxRO3/hRa6HZ9aO6ZAXhlbQTjFsHgiGNEHHHpSVscR6zkXe8ZY5mCkREjxhExYv/Zdyuzy/926Lt7k//6Yqz8auFBuPHy37gqmtC8d7S5v/fO97R955r8ChSyANsTCMYtQqrgSpZmyU3T8/RTIuIyBRxHpuIu+b8WYQu/lFK7lhrLjnSkw44098kdemKh7u6sWkxY82qWkT7EDABQgG+56JCX4hvbHyW5O+KKb83ScRYxA8AuwCAlgL1ll967KlIF66bWnlN+7yo5X4msAsBe47ubzv4nw1Jv1QjZPvyfbDKWXgXYDfX2ewfY/6z2V6UZjEPMAAAlcdbGOuyM5BEzAOyWV6X6AgAAAAAANYOwAQAAAAAAykDYAAAAAAAAZSBsAAAAAACAMhA2AAAAAABAGQgbAAAAAACgDIQNsB+o/vmp6XW11tkAANiZ6Mun0y+DRq2zAQBQBMIG2Aei07dvj3019sBf64wAAOyE9+HN2+OfjS/qtc4IAEAhnpmeYBvbpbbrm67rmUcAgFeXTkRkGCjMAKAOWTjTE2xju9R2nVI3Zh8+fjK/vBYkoujUn3+73NJxeGBwoKfBWnR/PTR98+YtL/W9+d6lHtH0guaffjg+9XItGFVJdLhaekdOnOprLH6Q9KHm799/MLvmD2tklVwtXQMnTxxvkXdlHwDY7+Irz+49eLG4FlCJ6OW3v/lour2rb2ikvz1TGKgbs0+fPV9Y9fujMZ0EW4OnvWv45Ik+V5FRA6p/9u6dhy/W6PDVa290mncwlu/86dOpUGFYYvUMfu+Ho56S+VuaGn/8xLsejJHV5vB09o2cGeySd2cfAKhXQsvhtzgiRoRHPG7y+NpxW8HJs52w4sFMIrN9ZrDwmFsRf/nlH25OLAYiipHqGNH1eCiwNPv8RaTxaG+DkP8GY2388z9PRxjTVFvXcFfm07Xl23/+48RSMK7pjIgZWjy8Njc7r7Uc6XIUHCT5QRsP/vTZ17OBqGowIqbr8dDG4vPFYFPvIZelyvsAQJXElQTPM444IuKIS5dhHJd+KIErfPJVbDGTctV9ZGf5MvwPrv/rly9WQoqWqs4zXYkF15amny9bu4602IiCz/74u68eLgZCUS3BiIhYQo1u+Oaee/Xuw502Uw7V9Se3v7h+e2YloulM41qPHms2FyaxhfsPFqNFMqFbXIeHOp1FMxic/vTj249Xo0qCETE9oUb8KzMv1uXuQ81StfcBgAooSoLn06VX8v8yBRmXKd+4TCGXLiM4ykkmIuL5LVTnUr0NeMTj5o/1R5u9NTYdNojElqHTZ/qbnFZSIxur87NT08uRSFQjyusrUL3f3pgKFR5IX7n/5dOQTuToGb1wqtdNwfl742ML0eDU2N3ea2+0FWnJ89+/Pb6mEYntI+fO9Dda40v3bk28CEZffPVt308u9VqruQ8A7HP+hzfurqtEgqvzzJmhLo9MajzsX33x9OnsWmRdM4h4PbIRVMnq6hwY6m33NNgo7p9+NPZ0XdUDU3fnR77blywtdP/jP/5pcq2S1SFaRt9/01zG8KIslyhyok9uT7yMEVndx994fahFVNeejt2eWYst37k93f1ev6Oa+wBAXbMwRhxXrI0Z6Ug3PdYdfXXeqxGR9fC5d852Ja92DkeDp633+FlDJz6/lyD+8vZXs5EiB9JePlqIEJHzyKU3B9sFIrIPvXku+NvPn4SjLx4tvdbWVXApXX06HSIia8+Zq691WYnI1f/m1Wjgo8d+dXlqNt47IFdvHwDY54Ivl4JERO5TVy8NuYiIyGF3eZq6+gcv6IYg8EQkdJ774C9PkMOeKY48LY2J4O9uL5Me9AWpr4WIiPSgL6iS4Oo8NWR9fns2uMmnCrLDdLRN8zc9tWwQ8e2vXXqjz05E5Hj9bTX069tr+vKzF8H+EVf19gGA+sZn6oj5bcxIR7rpsf7oyQY1QRQLrnwFMQNFp78aexEj10Bfe/5LG16fRkS2zt72zNuE1r5OiYhU31KRxZmCy0sxIuLbj3ZnP9rVd9hFRMbay3W9ivsAwH6na8nlVouUZcmYIcmaX8u32kSeiIgXMkWXte/ijz/4/ocfXBppLxylWZShqmUWe40vrwaJiJr6eu2ZRLm3t4WIKPRyOV7FfQCgzlnqs20b6fWWXneExnYXvfRTbHrsM8foyOGOFodYat/g02/GXmqCZ/DKa+7x6Vky18fVUCBGROTyNJjf4vY4iBSKhSJq/mgnPRiMEBE5XA7z+CWH08VT0NAjoQiRo0r7oPUNYN9ztbitFFJp7e5n39Kp/kNtjXIlVX59Zd5nEJGtpd1UUPCyq2Gzd2VEXtz+08OXy1GViAR7e9/gubP9nmK9D2F/hIjI5nCbuz/lBoeNKEZhf5RIrtY+FeUcAGrHUrSNObuNdKQT1eVKrA1Dbwy++PNjvxqdv3t7/i6R1e7xuFt7egf6e3Mufv7HX95ZU4Wmc2+OeoT5/MNoWqrXwppzwRStokCkk6YWTJLQ1eTaiKItJ50XrQKRQVpcr94+ALDvCT0nL/Ss3lhQ1LWZ25/O3Cbe5mr0tLQePtrf12YvEUFoy3fvTceIBPfQSEdlHQu5wmsvwultPbo8Pf6HoPYX7w168o9lqMnOECGvL0S0CpQuQau1DwDUu9y5DdjGdontOiS0jL7/QfuTe0+nvWtrYY3UqH856l/2Prn7qP/Nty71yERE+vrYzck1XWx/48KQi6hITVzY6hVXEEgoeqQ0vXr7AMABYO+7es01+/jR05fetVBMN2LB9Vhw/eX04/H20Xe+W6QqH3z65WdTISK+5eS5oa11SvLJQZzWliPnzgx0NTtEbeP5nVu3X0T1tYdjs33f689r8udL3BXW2IV9AKDeWXLalbGN7RLbdUpuPf5G63EiUv9/9t7sOY7rzvf8nZNZO1BAgQUWCBKESIokxEUUKYoSLcq0rW7JskO67du+y4QnZm73jXm6L/f1zkTMnzCv83Bj4saN6b7T3eEOK+yw26tsyZJoSVzFRaRoLuACoggQSwG1ZmWeecjt5FbYCkAB+H5MHZ76ZebJLDrrd85vOedUJp9NTD68/9XdybI+d/fc+YF3z+xNasULn90sUXzw2Bv70+EtxGJmj9xoNOQQuVY1F0KMxQOpT4oSs05pELlrfxhWeCCWjLfvHADA1iCWGz7yjeEjREZt+tnEZHH09t3701q1eO0Pl/t/8HKfdKZRuvvpbz6fbBBl9r76rcO9S3R8JPedej1RShZ29Vr6Tuk78NrxyeInd6vG5MMpfe+gr8F4PEakke4LBzQakqJq1zkAgA6HC2H5lcn0LqOOeli904mn8zuGR06d/f7pgkJEjYmxaYNKt87frhBRY+z8j//+n//u7//57/7h8zGdiKh88/d/9/c//eX1GYp393QREZUnPWuzzlppuN3ZYF+W7c0SEZVLJdlPVpqaN4hIyXRn2ngOAGBrwZO5/qH9R85875tmGKFszSS2KN/902/OFatEmedOvXN6OfukKdmBYcdmsES9+QwRka5pwSBnNpcmIqrOzcqTlmvzpSoRUVc23cZzAAAdjr2SEkqULcsOpFGuBNP/FcWMHihEnHTSWznitGrNIOrdkY8RUfXJaNFpTZ+486RORPHCQMieqdn+QhcRGcX7j1232fSjhyUi4vmhPqWN5wAANj16rVzWAlIlZasARxWURz/79bknps3w1utDy5tBrNcCmrMx9bRERBTPJIJ+knjeVIMzd++7u8SVHz6cJiLqGSwk23gOAKDDsec2oETZsuw4yn/+4GdXJuM9Q8N79w719iSTRI3q5OiXlx81iCieH95GFD/y3r95vlYz3C5SH/v0Z1eKRKm9p797vD+ZjBHR4MHhzP0/l6ujn37U/epLQz1Uenj5/N0qEaX3HjTnGmpjFz4+N1rLHnz1O4f7FOo78HzP7cuzjUeXPrysnNzbq9TGv/zsdomIUoMj5pyKtp0DANjcGGOf//qDu3qmMHRg765CLpOKU6M6V7x97ctpIqLsYMEMPNYenf/1uUdlonj+4DeObqNyxdqIRollkm4ypV6r1XSDapZpoJcr5bKhKDFT3VFt9MP3z49RujC898Bz/dkk18tTd69fu98gosSufduJiEp3P/zwxqTSf/Lsq8MZouzwC4O3Ph3TJi9/+nn8xEgh1pi8/dnlKZ0oPrh/nzmzol3nAAA6G5Wc0SER6qhH1juNWLorTpPV2Yc3Lz286T2kpPeePmFtf6okk3Kuj56IK0Q68XjS6WiV/KFvjEx8cHO2PHbtg7Fr9qk8N3Lyxbw5iW/i7u2pqk7VG7eLh18dJMqOnDz+5KPzRa14/dzPrzutp/eeOuZsu9qucwAAmxrele1WaKpcHL1UHPUdixeOvHG0l4hIHz9/brSsExE1Jm/95me35NOyh99876VeImqMfvz+x0V58sD09d//5DoR8fzLb393JE2xdDbDx0qV4t1rxbuex8iNnDy5nRNR6eHdh6U60aOvHh4dHkkTJfeeOnb/V+fHqrNfn/v9184VqcLJU8O2e6Nd5wAAOhqlf/ibrkdZ9i6jjrpUf+lAKvDyLCcGcf1e06kfPxhsc/FvbvfuA0P5hNE0dE1rNnVBREqqZ8fu/SdeP3WkP2IPBx5rTDwcr6SHjx7c6e6GpHQNPjfc06zM1WqapvNYprd/3/FXv3F4mz10j6mVp4+n6rqS23N4sJuIeDI/PJRTa+X5ar1hCCWR3b7r2JlvvDSQkO7VpnMAAG2iVm9yLhgxImLEbB3GmF1EwIIfzlUfO5KzPXtW8lSJ7Xv2D2aY0JtaQ9MNIYgolskX9h175Y2Xh7pN3wVvPBt9MFEL9eHEevfs37ctRkR69emdB7NayFnxbfv2PderEs8MHtwz2MWbWlPTNE0XpCSy23ccOvnqayPbTL2ZSBqTDyfmmiI9uP/5fIyIKN67Z09/vF6er9WaTcFT6e27D776zRO75fkI7ToHALAI6vUm57b2Mv/nKDLm6DfmKDlbizHyiImIOF/CcI69cPb/IHO5HJQoo8u/eTdH8vRo4Rw2/7MrJKT/EZEQguRP//g7dzbc374XMnFgWcxd/8WvL02nR95+52S+TU2G3eLL1Mm//vYwwgAAbFBmSjVVMRgx4TcbRKTZIISwdZ2pyhiRIPF/PfvMOeX/3P3ttj3ik8/+6YNH+uA6q5rGo8/e/3Bq7/feOdkuJQ0AaCuzpZqqiGWZDcJnNqhK+OrIoXCS/MooUUaWHY2iKE65KjRGr14vde8/itQhAMCqopC7ucJ6MXP90iMaPHQENgMAwIs1twElygXKjia999Qpms48t2qdXLyw//R3MkP5JVjkAACwZHYcOnOqVy/sXFezIfPcydPPbVvO6q4AgM2NKuevo0QZVXY48dzQyKo6xpL9y1zsEAAAlkB6cP/z6/0MsdyOwfV+BgBAJ8I7wpONsvNLAAAAAACwheHOnFcmzX9FHXV/fUXA7AAAdBrL0EtQZQCADmTtVBO3bud4lFFHPaoOAAAAAAC2Kpzs5ZispehQRz2qvjAwLwAAAAAAOoH2j8rsaANKlAuWAAAAAABgq2JHG6xSSHXIIffKlwVjrbdfBQCA9YAtSjE5PhNGUGUAgI6ELUqdtcUD7Is2sAhPM+SQB2k55YGZBXpZAEDnwshUcJGaihEjElBkAIAOh9kDr5as1HbwRRtsHzMR5JD75Ysh4lzYDwCAziFSI4lAZZEXAgDAerCwNmsroXMb7CeAHHJZvkRY8CNC/ACAdYUR8ymiBS0B/wmMwXgAAKw/gdSkNVBM3OtjRh31qHpLltgNAwBAR8HkKKtdgaMDALDhCHo62tg49/qYUUc9qr5opPdTvm5JbQAAwGohQqv+vpVFqDLoMgBAhxA5ylo1l4cTbUCJsnUJAAAAAAC2Lk60ASXK1iUAAAAAANi6cHsVTUFEqKMeWV8pCFkAADqHZWskqDIAQEexpkqJE2NE9qrVqKMeVQ/DN+0muESJJceObwCAjsKzAolwNBljjDFiTDrO3F6ZEVQZAKDDiNrrLbDmW1uWq+HWuND1K6OOemidonrMFq8hk15TLK8EAOgAmKSVPN1qiy7W8YnI/wEAwPoiD7FaD8ZChMtSY/bchk7wZ6Pe0fVFvm7CPNfpmRHRBwB0KKaSY5azTpCssSx/iR19gC4DAHQuTkhUGntF6KyVhUztuQ0iwscMOeSt8pTQkQIANgEtVBm0HABgc9AGbWbPbWARPmbIIW8Zjg9PYApcwRjJqQEAALA+sKgpCnKsn/mE0llOrhIAAKwnLGpKqSyxD7fL/8E9fmXUUY+qL57AKwxrAQDQcYRoqlYfQy8BAIB1J2SUtWrKSo42oEQZXS6OwJbmSAkGAHQkgoKOuqglHMx4KXQZAKADsdJCIrRZe5GjDShRRpcRsJB3VZoVHTgbAADWkZB4Pgs7zCJOiGgEAADWmhDVFDIfmsmHVgwnxkg4fmWS6pBDLsmd948Fa2ESb5VRxLrCAACwxpibM/DQyQyWwpI+uUcZZwy70AAAOgYWnN0QNrEhKFm2GuPWuNDyK5NUhxxySR6JCInbM7c/xjKsAIBOw1RbTN7CIaCmZMXnOD7C9B0AAKwb/qVXw2wC7+rSK0KKNrglBSSQb3n5orGmMwR3ekDAAQCw7rg7qrpKytqiwXei7yT7EwIOAIBOgIUuUCmISKzeUjQ8bKRIYWNHyLe2POqdDZ/eYB51K5hMCABYdyxLQFhpSo5UDtu7WUnM1mzSiYwxBBwAAB2C8OqoqCmlsk5bIZxI9jFLdcgh98kjkQ4zKUYWMjGabevhzgfDWPZ7CwAAS0M3hDOfwYobODmUzAktyN2vncnkUWWWthtQu9yW4RUBAKwhtjZzx1cBbebbsaFtOopbTQf9zZBD7pM7b+dC9qobXfAGHIiot9s1Gxoa+loAwBqhaTq3NJwTT3B0lAgP6TNyVZl1hZXkVIi5ZkPN0NbkGwAAAHm0WUioYeEMpZVEHbibue56l6UScsgXMbfBk6fkCzg4uXeMGNGh5+LxmHV8Zl5f/psLAACLxjBEo9HknLlTG0zVJDnnrAVJrC3tvfMLhazJiDF2Kr0zyVTz+KRWWZcvBQDYgrjajFx3huWt9YYa2rv0qgl3b+N6l6UScshbzG1wjQS/YeGbzuC8td1p9u2XU6pKRHT1zzUD8QYAwGpiGKJW1+bm66rKuRw9cBGeNViFq7psuaSnbH9eTkn+MHc4RpyIzpUeGMhTAgCsMgFtRgGrwB9qcDOU2rSQA3vhjf+dfIvPoY56oP63723zrY7kGgpCyEnBwiMU1gFhL64kyJzVUGkYMQUTpQEAqwkjxhhnpChuTIHsKKhnbWlbTiLsI3k1mS3XSZSbWoJUwkwtAMCqEqrNPKEGz9Rn/4StiB0bGDFFWYJFoZInlx0lyoiy1avMSAhGTJAIW0/JbIGYYMLaQo4Yp0ySW+uECfvV9q3batslEcaKRy7CZmUDADYWctRSXrA5anIVCxc6Ob/k6V09MXuvzeA5y+5t/Z2r1S8LJpzPnFi3GocqAwD4WBtt5k1P8jtihZP60T5tohJJuewoUbYoF8A6hzlrm9u2hPM22x+JWT0rIxKmWWHOoLBOCHnzQ5B/BIwxxC0A2Ogw7/A+Avm3zjwy5ukj/c41u5cVljqyhcJ3yFFlrqfDatW9K1QZAKAVa6PNpJuJYKghcIs2oApTTwnBbHtFCME8JeSQM7m7dd5SnzUh9b+ykMlhfbkndgvf+205+9yeXG4uZCc5++5IeQJgM9BiLpU/BMDcnCILnxYI6WXNvRfkCYMkX+0P7UunmZqMMagyAMCiWGVtZg+8QlZPCgmohmUoLfJ7OKiMTNeI/XhWXUAOuSxf4D3y2hBywMEjciwHZ+YDWXsnWR2x85nkhCfptfZ1vf7HWOAxAQAbG6dndSXk+enbnjkh7CxL0wkn7DwBb9zAcW1IjjrhtmOf6AzxGUGVAQDaQZu0mS9eGaI/ImY1LA9Vni0hhLBdzFYdcsiFNy1PxmMsWFlJ1jsclqpE1mqudqfNbCcc2b0vOe+18xgUnDDR8sVHdwvAhmZBRzsLrXq6RGF1q46f32xYMGLCyZqUjjHGzVkFcq9tffQqMVMKVQYAWJi10WZu5MG1GYIzoduFKj8acx5d0nSQQ+4YB748pVD8c6MZE8IgIqnPZeT0uMLzups9ruOui4hy+MN4IQcBAJuN6B++5JMj283hGgBStyp84QK5b6aQZaNlVWbFFhhUGQBghbRZmwkSjHG5df/K0WEsbz8H1VlKDiXKFmXkaxcIONjzcgRz+k7HUUfODEKPkBzXnfnJ8DTou7vA8iIAbEVYeDdrB/qFq6qEm/VrXcmcKChJdoA1N5pxq3t20oys5oSdCWD7PlxXClQZAGDZtFmbMbLUF3OzKyVtRr7qilAlNYgSZWTpEAw4hFoOwnvMvcrrq/MtNmL1174beqtM8tvBHwfApsejgsJ0hNt3+gfm5F9rVe5lyUkUtn1z8vVOXVg9tzP/AaoMALA8Vk+bmdfYUYyFbYZlbx2NaAPKFUUbQhHOXyzccrDnETK3dSF15E5/LTwZeiQi1x5xaJM5DQBYH4K/cI9E+BYMEb65V1IPah13VnVwznPOkWL91hpJgXu7Oki+CqoMALAga6nNXCOELWfYtnhUeVyIOupRdZkFAg7Sea7lYP9ChJUJbDvtmNX3mieHdKXejpzZcX4R/mgLdcUAgA2J8PegYR/swbrTfZq+OftaQb5dVM1JCMzbnPBWXE0mGQFQZQCA5bJa2izKXGhjqAHRBpSLLReEMRKGu0ahv2a950IWWj2utaMc+YJqgjxdp7uV0opfegDARsMf2xd+x4WFmSLp2AQ+352bmESOFvK0IaR25Du5x6DKAAArYrW0md8YMXUXb7OGUdd9PIpyQ5Q+ggEHM2wmrbnksRxMl55v4RG365XWWbJ+J4yIiHvWOfFF/AEAWwu50/QqB4/ecIL3zhje9cq5/amwhcy9MuquzglQZQCAdrA62oyCRklQva3QVYFoA8pFlSEvvWQ5BKZEk2s52L46TzuSi8710tldsdtBk+TDs5sPjbiFgi4ZgA3Bkpb4kH36tvtNMKdqj91966vKCsiu2ns+s1Ybr5l3gSoDACyGddZmYY8iWw4rD2+qJI0OUUe9RT2IaTn4uzTbcghG+a2u1145zF6e1XrV/UuRWD2vcJdDDHaf6E0B2PgsMCxula1rxuj9HarTe1qhe+aoH2/3aycmtdRyUGUAgMXSCdqMAuaLaTm0JSVSld0nKFFGlVGE/0IY8xgTzqrn1m+GC2EwJkfqhXTUK3Hb8N7XQDcLwNbA9OBHZOg6I3Tv3m2W907WKIxxYoajtHy7I7W8uQ1UGQBgJayJNmNhIY/WyZiLR113HzbqG6IeRfgaSkIw+SrhrHduvrkG87noyO+ic4P+tigkpgEXHQBbAclJ78qCMXdBkkieuewkIhmeHlXqRVm0LoEqAwC0jTXRZqEmQtu2e+sETzbKzi9DsY1g729Antvg3c+Ime466zp33UMnIVjuou11CVkwIdil5c8ACcEAbAiWkw1s6gxrWoJ/QUNhb5jK5GuYk0REsrz13AYBVQYAWDTrrs3cpgPbvQkSbZvbIJcsIIEc8iBy9q5rOfj2PXVeVbtnlRculD1yJNwW7bfdnhTkpAs7LaMTBWATschftDyNWO78hLmeuak3nPUKmRTxlxx2zDpLEi4UvBfySkpQZQCAaNZZm8kuCJ8CIveqlXxB7rg5nFIEJJBD7iO4mRFjAZvBqbFAf+lYy+Z+hsK9hBFx+6U2hHD+mD8B8w8AYAsiawCfcpD1hqUhzOVHTCUjqSR30RJriC+5+6Luat0bqgwA0B5WRZvJl9i3CbpEFtyivjUh0QaUKEPL1lj7NlBoON/C2VrVPmh2udbWqmYmQNS9hPdRorZWBQBsRjyB+4Ca8AjkfVXdlc4dF4ZXJcm7KblrlDhRVrth4fXYQZUBAJbLamkzR5c4iZTkhhzahuq7I+qoh9ZlgqZqeA/p9IZu12t2ro5lYfaywrlZcBc5z36q/luH3BXdLwAbmsjRtn2ECeYR+1YqN73+li4Qnu7WDhQw8m8vw9zmQh7DOsHjD4EqAwAswJpqMyfmEAwvBCyHlaQquWZDlA5DHfWoVz8Kq+sMtRnMnwYxa9aEf+KgfIXTmFtlXts8+GBLfVQAQIfj7Ug9MXrfeJ7ZGcByd8uc3th1xTkLIlnJwUQRfShjJKy25Kuso1BlAIClsHrazNmaYbWdDuoizgHAZYFQg73Rm20yeG0Gt1slJnnsrINBRx/z9p6eNgAAWwL5J89CIptMViwkZxNJ3aqQ1Yk0v1CQsJY8F/ZheVc2y5ywtmvwTWmAKgMALIlV0maO5eBZXkmKMrQx4ACzAayIsKVXmdsDe7ZFJedtdjtaufe1N4lj3LMuU4SZghg+AFsKQUTCH8T3rBbiZB5FdauuXA4xCGGG/i1fnqvUmJMD4IkzQJUBAFZE+7WZf5doR5tFWw7LA2YDWAKLmYAvyJOsJ4XcrNmHZiPzmhE3ybpkCQAAIABJREFUFzJfss8NvSwAW5AWP3wR+ZERZ0zhjCvCnnLgrlko+9tYQHcFP5LdLcuqzNAqOiUNETQLVvKNAACbmLZqM+tE3/6VYkH9sryAA8wGsHxapSd5hFZ3a/bWz7Tm7ydKk43mUDrxg6F+Hto0AAC0A8MQWtOoN5oxlTNnnXPyWA5CGNIRT3aAecgTUrBVGdee0fSHivYsntqp7njPXNAcAABWiXBt5nhArMCpEwhdOFVpGUDNgXbgjbaHzAe0U4A1IX5VnJ1sNInoWK4b7x8AYFXhnCXiSioV13WDXGvBRZDs3bD7XMnl4dmgzU3D1Niz3zDtGREp2RfRmQIAVptQbUZhDlwbeaZWm56hjW2BzY0vnSj4HoYGxYSzLrkgIjo/M19q6uahgVR8FR8XAABsYgpTFa41DXOpBmkClm+Wor0Pkzc/iWwNyOyVHtjsRdLnrIuShbX8LgCArYyszaRlGfxjMhYYtgVHbstIE4fZANpFSKjBt5ORIPGw2nA+pjhePwDAGhGLq0awc5UsB/sQk5ZJDzMtzEP1h+5nJbnaDw8AAA5h2oxJIdNAwKF9YNwGVoxtIYTvCudOHhRENKPpzgkKJgQCANYKhVsLHJnqiHmiCFbN/su3OJIIOvVYc0Zuew2/BwBgq+NoMymhw59R6Qk4tC9PCWYDWBQLZijZp3kP+xLvBOltzbEDAIAlIDybyTgZRxSMKng/2nlNjoYTJIy1fHAAAPAgvPrKM9YKW/HZc1BuZmmjMpgNYGXYk6HDQg3uDojLyJ8DAIBVIKiXmCBpKWjmRvVteSBnCWunAgA6A59qCgYc2jsxGmYDaANOEJ88oQbh7GtIMB0AAB2AkMINRG5w3zYSLB+ekDWWM0Pa7p0FoqYAgPVG+DwgzDsAC+ZhtgOYDWDJBHvM8FCDNz1JwEEHAFhvGDMtB8cCMBUTc7pd6zTzL0GuKrO7ZyFEWzZbBQCAleBZEc7dOSs04OBhJX4PmA1gBXi3ayDyW7qBJc/hogMArCe2ZmKyRrKjB2536+Ym+VUZa/cy6AAAsBzCx1eBYRhRO/OUYDaAlSK85q58QD4D7jkAwPrizMRyAw4eTSWk+QzepR2svxFqAAB0ECEBBy9tz1OC2QDajJuhFJDDRQcAWGfcyQ2ukpJmLkgn+k4iKdQAXQYAWG9E2C5voXlKbQRmA1ghYa43OazvzRgGAIB1h9kReykrya+mfJOzTK2GUAMAoKNwJmKF5Cl5zmmP8gozGyLXeoUccultlN5L/xpK3qsEQg0AgM7BTFEy5AWUpHwk50/gqDAEQg0AgM7B9H14VJLwHvYN4kTIeG1JhJkNUQYJ5JAHCAuEMc+6q96zAQBgHQkqoQW7z+AJ0GQAgPUnRDU5CR7+oVu70pa41y5BHfWI+uLwv5eYDA0A6EwYBdx05F1JSZK7S7UCAEBn4Z8YTdTeadAy3KMHUUc9qr54Aq45ZCgBADoLEbAYIqZEL3gVAACsI+ETo1dNU9nRBpQoW5cRuJZFxMQGWYh9GwAA60ykGnLjDNIpYbbDsiKxAADQXiJHVZ60EetDu2KldrQBJcrWZTiRx2AhAAA2Ci0cc4guAAA2EC1HX22wHbilFC2/MuqoR9R9RPal0o4Ngtpo4AIAQJsxM4I93jhHY0lLrQpM0gIAdDSWfhLy5widtTJfCCfGXIWIOupRdaLgy+bbHzpo4wqKnGIIAADrgbxZg7MhNLkKTTgOE+8hZylDZCkBADoDeYgV1EryvjTBYdjyzAdujQsdvzLqqIfWF0nYyVjpHADQWXiWaWBBsXcZB8mRB1UGAOgoRMSqM6ujrLgVpXX8yqijHlpfKQjwAwA6h2VrJKgyAEBHsaZKiZMQlkfZLSkggXzLywEAAAAAwBbGmdvAIvzNkENO7Yg2AAAAAACADUxotAElykC5eEJThhGxAAB0CCy0Sv4lHyJUGXQZAKBDiBxlrZq3NzTagBJloGyNt7/FokkAgI2FsJcasT8T5j8DADYi/jFYWxUZF5JHGXXUo+rLQAQ/ohMGAKwrIrBQ4YJujmAfDM8IAGD9CSyhtAaKiTNiJITpUUYd9aj6YonaXQS9LACgY4jUSCxQWeSFAACwHiyszdoKFySIMdOvjDrqUfXQV7LVOynvlwQAAB2JvZd9C00liBgUGQCgw5F3qAyFURuMCTPaYPmVAyXkkFvlst8w7PUGAOhEIrZIijwdaZYAgM4kase3VUAVJBhjQqBE2apco/dx8ejln9yZHrV+JyybTL62o+9QvHlp9OmHNUuaUGP78n1v9sQUItJrX4zPXq02SwbLJhPHt+WOZzgRjT998uNpvWm3mstt/5/Tc/9Pkd5+LnPr3uQN3XtTNfPDfbld9gP87F4pMVB4q4vbh8X40+JPal0/2t2VtSTapQcTl2K9P9qRToQ9djqZOF3oO5rkRER6/erT2Ytlbc6geCy+rzd7OpdI6+Wf3Cv17dpxNlb+yb257I7tb2bM2+lXHxZvdRV+mFNW618YALCWNG/qj89R7q+VbJaoYjz5RyP2jpofcI6LZ//YbBxTd4ww/8lERFT+nTZJyu43ecWu+NW2LiZ/3KzuVHedsTX6tPH4H/W6reaUAu/9ltKTJ/2m/vACDfxISTrXes8khef/Rskm7Iad86eNx+8bqXfVvrz1zFP/2Gy8ovaO6cVpvvNdrjrPclt/9DkVfsTn/75ZmnGfsevd2Pbu8EaSF5tTRe83Uti2/0XNNo2pj435x0LXSS3wnjeUnrz1D1K8aZ3I0ix1TOk/wZrnmuPjfOA9nlCIiOoXm+N3+eAPeWw5/48BsAVRGTER4W+GHHJHvjhax/rbit6sCDbcnz+dJtKbXz6d+eDJ/K7heKkp0l2597apZIip2ZkPitM70tuPKrXfjU5eFfGjfb27uPGoNPfho6elocLZNJU1oxlLvTPQ1UNERIlEvDlnVJpUZonXduUP6kT1uV9MaLu2970YJ0WJ7XAewDDKun7n6eyLmdyA2Qc35v8w06zHmnX7lHpp9osmTzRKX9bTryRCHvvW5MzvnpQG9vT2i/qHDyYu6erBbPaVOKvXazem5x72JA7qzYpuJJuCeLOiN0efTO0Yzh+KEZFRa4py0yCC2QDAJkAX058bLE4zF3n3txhLs3halC4aue9x8ydu3DXmplm2wEJONhuokE4kpIrPbGje1uebjH+ll06oPWkiIqqLps6631F6ciTqovShPvVHlvkBFxVhVJjHaVIXTZ11vaVku4mISKV4wj1oOOfXRbMiZn6hJ/6dkklYT2VUKD7IxBVjdpJvsy2B2YuG6FfiJPQ5ShxTtj1vPazaTzQR3kj3m2psTlBdTP3a4MeU3t2MFEqR8fSf9YrCu0/zpEqVK/qzHwvx79TeHOkVogIvnOEKkX5PnzjXfFaI9Y9w9YpePMd2nWH0WC9+LhJvMtgMYNPSfp8vt6INVvqmILPOCHLIZfnKWK1gRTIeH0gmBjKZM72xZr0+IYiIVFUdSCYG0slDuWS3aE7pVCmVvtKU4zv73+zLHOztfnNo2/FY8+qzijW+V9TtqcRAOjGQTki+e5ZNJoczyeGkqhDLppLDmeSupOIfpGuVj2fM3tW4MzE37jGamjdm6tnevjMZ49JUTe6Cncc+nlVJa1YEVWZLVxvK8cHCO9u7D/V2HS/kf7Q3f5D7bkYJqn8wNjuBRAkA2sAy9NKqxV31u0ZZ4dvf5HTbKNeJiPUe4/TAmJ02j4u5Kwbt5j250JMXg5i9IBIvK70DYvaKR4UoORbPsUQ/i6eJEq2+oppnyQGWHGDJPAtoJxdeNyZ+bWiyZC/v6hZzVwzDfJTHxtwk6z7BzUZYr93sAFOVyEaUHMvs5pmdTCHieZ7ZzTI7WfOmUa6z3F8p+SO8a4Rv/yslkxAzFw075MxSAyw5wDKneFIhfY5Yjm//FjOuNCdvG5O/M8RepX9/5wXTAVgqa/cWq45HWVDQxww55Fa5Zm/kMtAN7c58k9R0lhER1WtznzytkhBTlcp0LP1mQkxNN5tqal/S/l2x+HMpfqnSmKY0EVFt7r9/PUdERPzgzh3fWfyNmXIoq96Zmhnt2TbcKH1cVY/3iKtV+6kqc5dq8dd2xvfVUx8+mruVTx6yfFri6ezMJxXWNJqP5rV0pnuAiYmq1lRT+9KMyLjxcPyDikEsfva57Ud9txvIVoozPysmfjSAIAMAmwcxe9FQXlCTA9SVbU5f510nmLKfZ841566I3LcYmzRmxyjz12bkIeTkBW9g3DXmKrx/D0vF+dSHRvmE5cgnEjP/Q7OyhOKs74dcITIiHtI9s6AMRSX2KKz3e7z6C338HNt12pGynmNs7pwxd5r3pEX5imEMWqlERFT7sHn3Q/Nanv8bJRvZSAiNcUE5nrYztSjBMwW9PCkse2NaTJ3TGVHzsVFR2LZBIqLYiJK/23z6a526eeEshyoFYCmo5ujQneGAOuph9fV+UUMRtx4/vmVWmXp0MNtPGhHpBpX15lSlNk7Jd3bndjExSkREalQz8cy7OzJZIiKeSTCaXcITZHp7T9affjxZKdUrajb/ojptmw3Gn6eq9XTPPoUolTkYe/rFdOPQ9rh5TDeMsm48matXUr3/fjCdIKG7T8gP7izs0Cp/GJ0vGURel56qZt7a0fiHR1O/Tvb1LemfCgDQsYjHxtw063meEVH3CJu9aJSPKRmF9R5j8xeMymmFrhh6QekdaHHyAncoXTTYXjWVID7M09Scuckzx0y1biUpkS7m/qhP/87I/DAqkMC63lLMcAeLt0zs6ebb3xaPftGcKChO1xEb4enP9dIVkT0sZh9Q5nvuPIfECTW/n4iIFCn3KayRRSFHdnWhV5iYNCol1vsDtSdrf5HTfPqeoZ5ybCcAwCJRGZHkV0Yd9fD6er+oobDh/vyZNCPGM3E1bXct6XT3W4UENeb+4X7p0px2sC/Wn1LVUv1OTQyYAQdR/3PVUBPxHFGZiDjvT8Ydb9ViQ/4WsRP59NVHU79TUz/YGVecqX2NufNlo07T//ctK8eA9NKdfH4fERHbket7q4tV0pP/fXzuy2rmbJr1J1W1VLtVEwNJpnAlF1eijBwl3fu9fu0fnj57JER6qf9gAIDOQ8xdNHSdpv5fbcqWlG7zzAiLj/DUBX3mC2K3KfWm6d2PPLnVDcaNUpH0YvO+PUWYrhi1I9aMZyXH4jkiYrkXxOwfRF2nqLG0mmeJ3KK+krJbKRwTT36nU8NuLcF7XjDGbhpTFaPezfO73ZNZjhL5kOcPaSRAfIDRA1EpkaXC60Z5nPheHiOqEVGe97/JeZ09/R/63BWj900rLYoSjBMxBBoAWDKqIHIyUlCijCrX+0UNJxmP9ycjni3edSY79+Op2Tu9+X3Z7AtTk188nmj2ZQaY8ag0d7WpHh9It8XRpGR63uxt3kr2DnMqWTLxaKo8oSbf2pntNwV65XePy1/MNvdl3AvTPdkXp55emiwf392V7cm+MD156dHTek/XcJwa9eqEoIh4Asvl8m9Vxn82D7MBgE3ApDH7gFJn1L6dlqB6rjl1waiPKIk079mvj18xqJsP7l3gZE+bFVG5a5iqUR1g2kWj2csLb9sO/pJR/Bdj5q4y0E1EpE+LBhHpYu4rg7p5zGxJF7W7drJSlpmKqzkpaqZfRaV4y+kNRJQ8rfRNNp89kCQv8uQ1ffYmpd7ksvIVk6I2btXVfqa2bMRHfIRnrujT7+v6CZZQReWKUdZZ3wlvgDzB+14xHn5ozJzgfYszewAAEaj2uJCkMSLqqPvr6/2iBlDUtMLTqs9m4FmVp61uj+3a1rOvPHunIvZ1Jd8cymefzl59NnPJYNlE/OyuvuNpRkQZlaeFKndhqsrTKmWchhWeUZRssIPkPMOVNCciPlzoHzav5TyuKAnSvq7SvnzfoaRzWezN3tqP5+uVrJpWeNZ67PjJ/tSt8doToyvL7SecnbmhU0JV+rPdBxJEhv01FTVt3Y6I+L4d2155+OyJ2rrfBgB0PNpjoQ8qA8fctJ/EGaXyvlGepkSO0ieU5G2dneJJZaGT06QQMSIlTfTAePov1gmxE0qiyLreVDL2XALKK9sOi4l7hniFqYox9y9Na25Xnve9qSSI9DRjujH7L7qZsckGlaFvMVUx5n/dnDdb8C7AytOMp0khogRTE2QrVNbzllL/sW4kbG2a5b0jRvEx63FnITOlm8pX9LEr1ueud2Pbu1s2kiAlTczxmaT59r+mqY+N+XPGrE5qgW/7oZVJpdj/IESkvqBkrzerDwTlGBGRQkqaFDheAFgy7OCZ/7LunmyUnV/+7b/q82x2JISz3KqzC5KzMbT9P3tHJenTf330zHn5/vPBXevy0gMAtiYzpZqqGIyYGWa3w6iMkYjc9V4I4SwtLcjxpCSK/805Jbb3P63N8wMAgMlsqaYqluIytZlZlT7bH4nInaLKSFJ35t+qsgQXJCdy9SBJPmbIIffJAQAAAADAloWTNbfBNkxs7zLkkPvkAAAAAABgy2JFG4I+Zsgh98kBAAAAAMCWxYo2SD5mkiWQQ+5IAAAAAADAloUHfMwU9DpDDvmqvH0AAAAAAGCDwIM+ZorwPUO+xeUAAAAAAGDLEow2dIpvG/JOkwMAAAAAgC2Lu1arnL+OOupRdQAAAAAAsAVxzQY5fx111KPqAAAAAABgC7KEneEAAAAAAAAAWxOYDQAAAAAAAIAFgNkAAAAAAAAAWACYDQAsgF4a+/rRTGO9HwMAAAAAYB1R1/sBAFgu5bsf/OLSWHA4rySeO/0XZ4aT9mdt+u6NSzfHJkuVBsUy2fzQ4UMvDvfG3QtqxetXLv25OD2vK119zx099vLeXsU52Bj/7Lfn7jby6r8+uzceuBcAALSPxvTo5Qs37k/Sc2ffPrXD59czSqM3vrw9VpwuVxuGEk9kcv1D+w8e9mgzAABYRWA2gA1LaWIyNASga9WGYX/Qip///oPbc7r9sTz95ObHxbHJM999ud/sa6evf/zB5Vk9ns7n0+Xpya/PfVRV3jprWR3G9I0v71YpvmvvLvTMAIDVozH19YWLl+/Omlptar5BlJQOa2Of//5DV5WR3qiXio+uF8ceFk9/99QA9BMAYA2A2QA2Oom9Z79zLOd+VpRkMml56fSnVz+9PacTZXYdefXFoR4qPfzy0vlHldLN85eH3j61nRNNfHVrVqf0gW+/fSrPa6Mf//Tj4sPro+XhgxkiKt/97OYcKX0vnhxCrwwAWCX06Vu/+e21cD+ISenW+dtzOlFq8Mjpl4cLmbhefnr7wvlLY/XS7Utf7n/nZC76WgAAaBOY2wA2OoqaTGcy7h/HZiDSxr56VCairj3fOHNwMJfO5AZGzpw80EVElftfjTeIqDZbqhLF+3blORElC4M5IirNzBIR1UbP35jUKTtyfCSzrl8RALCp0UvPSg1SsjuOnxrOhp4wPVMmIuo7evrgYDapKDyeHTh8+lCBiKgyPa2t9RMDALYkiDaATYKuazrF4oosm3nyTCOi1I6hgiNX+od3JL6+XW88G5+mwUJUa0T60xsXH2mUGj55qLctT3inVP1iqjSlNRsGts9bZ/63oe3r/QhbHYWzWExVFOxAT0QUH37tvVyZZ7vjpVv3w05Q4jGFSA87RBRLeRUfAACsEjAbwEanNnH1059PF6erBhFP5Qp7j790fEeaiKgxN1slIsrmuuULenIZojpV58oNomRPX4omq1Njk8ZgnjeKY9NElO3t0Wdunr9XptjgS0cK2vjXVx89nW/wroF9h58rJJcTo7tdqvz8yVS7vjMAGx3dEHpdSyZisByIiIgns92tjm/fu7fr0c35qavnbvWc2lvIKI3y07uf3ygSUdfgfv/kaQAAWBVgNoCNjjE99sSpV6efXP9gqnz2L87sSpKmmanCStwzMSFm+e20hkYU7x852HPn8uzN3/5qMh8rT842KDZ4eFi5+9mX06TkDh7Pjf7mF07O8ZO7dx+eevvsgdA0gpacn5pb+VcFYJPR0JopJbbeT7ERUPqPf/tU48Pzd8eu/eb9a644u+vVsycKCDYAANYEuCjAhkVRFCJS0kMvnf7+X733P/379947+3w+TkT1+xduTJpnLKKZ7OEz33lpRy5emy7O6Zn8gdPfPLNj6tLVSZ3S+04OTV++MdnguZFv/vDfvHN2fzc1Ji9feriMPRymteYyviIAmxsDCXuLRSuNPSyWDZ9UL0/cf4hdZQAAawSiDWDDsv3I2bMFPbuzkLWs3+yuY28cnfrphSl9frJYonwyZpoNjYZnKUOtqulkRh1MQbJw+BvfP+wcNyYvnLtfpdRzx17aNvN50SDK7z/cn4zT0OG9+dtXJp8WJ2locG2/KwBgK9N4dPGDC0+qlBh86eTJfduzSa7X5op3rpy7XBy7/OnnPW+f2YWgDQBg1UG0AWxckvldQ47NYJLp644TEenVBlG8u6eLiKg86UkQmp0uExGlurOhi6qWbp+/XSElf/SlwbhWq+pESjJlGh3JRFwh0mtaxMzEFuRiMNEB8MM5JjYsBqN4Z6xKpBQOnTk8kE1yIlKS3YOHTx4vEFH94Z2JpeskAABYMjAbwMZFK5f9yw6WJmaqRETJrhQR9e7Ix4io+mS06G6SNHHnSZ2I4oWBsIXOa3cv3JrUKTdy7ECGKBZTFCLSDPNyTdN1IuLL+Nmc7Gs53xGALUkc5vSi0DXDn57kwViGKwMAAJYMVDbYqExe+O0vb1biuR379z83mEvHSSsVb128OktESmFoKENEfPDgcOb+n8vV0U8/6n71paEeKj28fP5ulYjSew8OBGc+NJ5cuzSmUdfwyaO9RERKbyFLY9MzD59ow7tiNXOdpdz2vqVPQNyfTb9LDAuwAmCCBVh96LVaTTeoVjMNAL1cKZcNRYklkzGiWH57N43N6cUbH19Py0lKl4pERNntfdiPEgCwBsBsABuVVK47RZXq9JPrnz+57jlQePnU8+b+bEr+0DdGJj64OVseu/bBmLP8CM+NnHwxH4wZzFw/P1ql2NBLR+yVSbr3Hd5x/eMn9z/+1WwuWZuebVBiaGTX8jZ/25dN7cumlnUpAGAz0xj9+P2Pi/LM5unrv//JdSLi+Zff/u5IOrv/+Mjoxzen62OXP/npZc+1Su75k/sRzAQArAUwG8BGJbP3zLv5sbs3798vTpXK9YbO413d+R17X3xxb96d/xwrvPyd7+evXro+VixVGhTLZPuGRo68uLc3xDk3/ehhiZT8oePD7vXJ4df+Ur/42dWx6ck5JZs/cPjYy9JRAABoA/FkTKFGSKZRLJXiRETx/pNv/0Xh5q3boxOTpUpDJ1JimWxfYXjvkZHBLBZgBQCsCezg6/+FnCixINRRD63/x3+1jYiEk1wjzGOCrP/sCgnpf0QkhCD503999Mxugv7zwV3UWWilp8/07EAOdgEAm5GZUk1VDEZMEDFitn5jjASxiHQpIYSt60xVxogEiUTxvzmnxPb+p7V5fgAAMJkt1VTFUlymNjOr0mf7IxExR8ExktSd+beqLGHCpkqyqkQd9aj6liCW3T6w3s8AAAAAANCJ2BaGPEUTddSj6gAAAAAAYEtimw2d4M9GvfPrAAAAAABgS8ItX7JcUkACOeQAAAAAAGALwy1fslxSQAI55CsC9gcAoNNYhl6CKgMAdCBrp5rCog0oUSLmAAAAAAAAJMKiDShRLjPmAAsDAAAAAKATaP+oDNEGlIg2AAAAAACABeBk7mPj+JVRRz20vlwYo8h9lAAAYL1gi1JMjtuEEVQZAKAjYYtSZ21xAnNyd/sl1FGPrIcgIo/YqU3OLqwAANCBMHI0XdQJjEhAkQEAOhxmD7xaslLbQYo2oETZolwkEWfCfgAAdA6RGkkEKou8EAAA1oOFtVlb4UIaHaKOelR9GbDgR4T4AQDrCiPmU0QLWgL+ExiD8QAAWH8CqUlroJg4k3JRmORdhhxyWb4AS+yGAQCgo2C+heMYwdEBANiIBD0dbWycC3L9yp4ScsjlmMNSXlgH2dzAgkwAgI5AhFb9fSuLUGXQZQCADiFylLVqLg/OJB8zY4EScsgXE20AAAAAAACbGt6Zvm3IO00OAAAAAAC2MpwRCcnHjDrqofUVg4AFAKBzWLZGgioDAHQUa6qUuCBiko8ZddRD66H4pt0Elyix5NjxDQDQUXhWIBGOJmOMMUaMSceZ2ytjOTgAQMcRtddbYM23tixXY62kZPmVUUc9om6/hGFvZvTrxaTXFMsrAQA6ACZpJU+32qKLdXwi8n8AALC+yEOs1oOxEOGy1BgXJKwlNxkJEq6PGXLIJfmiXzezAbdnRkQfANChmKFUZjnrBMkay/KW2NEH6DIAQOfihESlsVfUppUr8npwRszUnEIQIyb5mCGH3JW3flEBAGAj00KVQcsBADYHbdBmXJAw/crM72OGHHJXvvA7KNuvgfMZ86QGAADA+mCqobAQqnNc0lQhugw5SgCAToBFTSmVJfbhdvk/uO1RDvqYIYfclS+BwCsMawEA0HGEaKpWH0MvAQCAdSdklLVqyor7/Mqoox5aXySBLc2REgwA6EhEyCzCqCUczHgpdBkAoAMRYSs1rJLHlpPkV0Yd9eh6OCzkXZVmRQfOBgCAdWSB9R3CspOCfhNoMgDA+hOimkLmQzP50IrhZHmUhXkr1FGPqNvvHwvWwiTeKqOIdYUBAGCNMTdn4KGTGSyFJX1yjzLOsAsNAKBzYMHZDeEjNr9k2WrMijagRLlQGUVYKIK5/bFr+gIAQGdgqi0mb+EQUFPCE3uwHB9Lm+gFAACrjKWT5FVnAjaBoLYNxKxoA0qUC5WLxZrOEHg/EXAAAKw/7o6qrpIyaz79xHwn2Z8QcAAAdAIsdIFKYQ7bVktHmdEGIfmVUUc9tB6GtRQhC/a4RF5PHQIOAID1xrJ4iPRlAAAgAElEQVQEhJWm5EjlsL2bleTZFpps38cSV5YDAIBVwz8ZOpiUZJWuTlsh3DZKTEVo1ZlUhxzyhV40qRt1XkrGwiZGs+1x1fmgo/cFAKwVuiGc+QxW3MDJoWROaEHufu1MJo8qs9SWiPXLba/RdwAAAFebueOrgDbz7djQtvGWG22gEB8z5JA7cpcF7VXX8PAGHIgon3DNhrphLPvFBQCAJaFpOrc8bk48wdFREZtaMnJVmXWFneQU2+aeZtTX4PkBAMDE1WYhoYaFM5RWEnXgtn8lxMcMOeSLfQXlV9cXcHBy7xgxomPZTEKxTphuNJf4ugIAwHIwDNFoNDln7tQGUzUJzxIOzLYQ7MI8wEjImowYY0bXMeIJ87hozKzLlwIAbEFcbWYPvJjjrfWGGjwZSm2C+/zKqKMeUY/ADu77zvFNZ3De2h5V+f72XIwxIrowVUK4AQCwqhiGqNW1ufm6qnIuRw9chGcNVuGqLlsuqTcnOqFm9b53iKlEZMxcIoIyAwCsLgFtRgGrwO/ndTOU2rSQg+p4l1GibFEyb6oSY+ELEVodLGMkBCMm5Iwn+/D2uPofhvoruh4nNleqteU9BgCAEBgxxjijeNzqZJk0V0GQtL6brPC8H92whK0GrUbi/c0d/6to1pqUEKXG+n1JAMAWIKDNXAPB1lf+5RxCm/EeWGosQl338SjKDVK2eJVtIyF08rRpYTg2BCMSxBl1qYrZrGV+WBaxdCPbLvHcWzJWhEccMisbALCxkJ0RUQs2s7APds/HvIU0KVBIw39X4npDmLUkhG012HpJUkrMbIQkfSUEIyWlEpFiPb1XbQmPWpPVW+S/AFQZAJuBKG3m1WBhco9Q0mk+WyEkPcmvVyxTgkQbtYkqpIx21FGPqi/iXbJ7X7Mm2RLO22x/tLpk04awAheM3PND3vwQPCs0sdZ70gEANgDM0yFGnSRXA+sOhtkMTPa9OX0rY2ZA31Z0AQ+J2dvaJ8iqzDlkXiec3eOEcJSd/Zf7iELSUlEKC6oMgM3BorSZX+NIMuYZ8fs3d3ZnjDpiR4/5Qg1t1iiqs2KTs/4m6qgH6+6g3yaYpxRqYbiWgNQH23W7cJHSjgVzrpebC9lJzr57u38dAID1ILqb9cfT7Ywjr9VATkdrbtEgdahkDc2FICbstRzcNh0NJqsy5zRTlTHmU2LCbNCaOE1k7uzgxl6hygDYsqxAmwUUQZjNYLt5g7lGoR7fFWYomdEGYmE+ZrmEHPIF3iOvDSEHHDwix3IQTuyeuX46qcf1dLo+72KLDhUxfQA2N4wFelLy/PQlgyHcZjBVCPO2IPzt+NIB3JvKkxzkcASz1BpUGQBgUSxZm5E1HhN21lPQWRs6q8EfqlgRKovwMUMOuTfmEILHWJAC9MxrOThdrLCdc9Zvw3bCkW1IkPNeC7+rTr5tqzca3S0AG5oFHe0stOrpEiWDwRvJJ+bET/3xBycoKj8JC7MQ7CNQZQCAVqyaNrM8vPachWB6kqvM2j1HKmRuQ6f5uSHvBLn9WrOowLr7tts9q/P2C2GQM5XBfr/lnth5s33uuvDVmgJhvJCDAIDNRssffsgpwulcnS7UnNPsibGb86yc2c5eBSIsReg0LxwdKOR8JnIyjkTYkyzrG0GVAbBpif7tSxEG8szL8oRMXcNAWBmPjHG5dXsg14plZCiFz23oND835J0gj3ztAgEHuSnLDPC45ZwbuEInRdhsRhieBn3vtcDyIgBsRVh4N+sE+p1EIym24F4qrHWkZSeI1LC5pqo8t8oWSjOw5LkQwoxbCI/7Q9j6SVpIye7socoAABYLaDPXK+H4bQMhU+YVkrDXhpZtBnlRpjbpG242bGWZo456RN198wKvuuddlHZ/E9Ixfw8tJwkIz9WM2T8I51LnD2Pmb8JzHACwxRDSH0mB2GN1KTjgkdhTqly5EykQnsvcNoWwdRnJV9kXila3kx7JPCa8bQMAthqeAYx/xMPkM6yDDrbnQsiDI+tvp8ZcdbWQzbC8UIMbbUCJsnW5yPfJxPW0MTce4SY4MbKnRLvJA0F3ndvLOy932OKsPmBLALChaf0LF1Z/Kglkn0Yg1CDI64KQDvlj/RFI87XcqxxVJkVMAwEH4e22vROxocoA2PQEf+QeifCtNyN829X4/K1k5X8L+TzZZrDbWECnrRBVnh8WyHGHHHLP3AbnNfX1eeGbRrv9rdWLWhdKFoIVZnPnSgda8drIzI7zB2Yvki0HAGw+on7Z/h7Snj5IhpC7UbsN5rcThN3LerOTPHW7WflRHMvAPU1Idxc+hShaGwJQZQBsHYTfHgj7YPsgHC1mRhqEm6bBPFNDyafa5HYDwmWHGqxog30jc7wopDrkkC822sAYCcM6zZ0M4dSsVoQstIwHIWcAuK+3G2hz2pd+Eit56QEAGw1v7xrdCzr6xjqnpevO01RYP858ZoQcobBSAiSDQDZUmKzKhE9dCQENBsCWxa/NhN8Na2F5IqwPwheJsMMP0hjNp8TMRA/eZlXDbb8yOdaLndEOOeSu3PfeBPs8f0TeW3PmRsuTe6wUYSmjz7ypYQcdOGPOHycPENMIAdji+F35ggwhDMcDIc1eIGkygWdFJKkFZ4YDeWY1uB/lKKiIaNArtKZKWE8VeFoAwBZHHs/4hjryKMhJRTKXS3J9r9KAyt6lnki+xL5NUOGs0GehOh5lO1tJBErIIQ/p6ORUpcBiSuQGFSyDwRs9k6IN8kvPPB47e0VEeSM5b0SuNeieAdgQLMkXYBkHVqyA2fMArYOeHtHbrByRYB6ptOmSHHywhW6egFeVeSY52E1LdxE+R0pQlS3pKwMAOp/laDMzaGmvKMOcquNMFd5JD5IKc9JDrChn2KPIOZYrj3MG5zagjnpIPfTtMc/xd2m25SC8H10rwl5EwA5B2NnAXvMkZH5hsPtEbwrAxmeBYXF0NyeEfxVTO2vIm1zp9KtWUFTYnjzXYLDC/f4pCcJ3jl1hUvaAXxGF+VkWijlAlQGwKViGNnOG94y8i0Sawy/nsHWyM5jyGhO+iVtezWhaDm3JjVSd21hb2KCOekQ9lPBfCGOeTtLZ8c36zXAhDMbkFZOEdNQrcdvw3teIfCQAwKbC7i3DD7oxAfkK4fGryUsoSNrGp9lCFZ1fKKS/AiszBFtYOFCAUAIAWwczPBkx38BRILI54MQi5PERY5yY4XpAfHu9hWlLOeawElQ56ooSZVQZRfgaSsIKU0gf7WmEQhAzmC/aQP5ogxzod954/43hogNg6+DXAIHjvpwiIuHmMnka8Pju7GsodAQfIRfeunQXb+LlYr5IK/0KANhchGmUkAwiSVs5sVMn2sCYIDI89oFkE7AIE6Fd80JVZ3jnjBFRRz1YD8U2gr2/AXlug3ffIzsN2YpkuBF+Z0KPZG3YjjzWKiG45c8AXjwAtgj+gLw1jmfStAeKzOu1fRqy/mkltxWP5Bq0/rZcIb6tJRYyeAAAm4aVzNQyP/nWfLO1imQhWBOivVlJ0i7RFLAcnCmj7Z3bgBJlZBnyupNnNC/vw2qfIL2qtpEgr8EqBxdIuC3ab7s9KciZ+eC0DHsAgK1H6/5YjjYwdzU4WxhpMAQkIuyQMzfRI/OpJuGzH4ImRNQzAwA2B4v8Ucvru8jaSZi7M5ijIGf+lJRRKYcfmHWWLJTb8o6liNpiOaiOJozyMUMOefBXEEzhlfdt8HSvzhstvKsiOp2ud8skJmUUGN44A7pYALYy3qimVPdNfAqLT/p3qHT62MibtTgSfkyE6j+//RLhhgEAbCXkSVneoQ6TR0GWGWCHI+yLyWM5eDe29FkOwXkUK7QcMLcB5aLKRf0G7Dxgn83g/h6IyTEGd4c3e/ejwBLn3val3jdql2gAwKak1a89OgsobLYCa2EUeOc3t3qWVrMXlmKQwBkCwBbDk4YUnDnlcTJIW0j6l4nzrYwkDdesv1nUNIcVERJtQIkytHRY7GohzsDejSeYdoLT45oGg3AiGvJeEFLT/iUFpBv4gSUBwJZjcb2idxnDsBO8+oOF6Tpfa5G2g++Jom0MqCwANiuRblD7CBNeT4Vv3wVn9WcnHdIxHuzkbeZYHubmb2EO1aDlsJKAg+rcg0kjNNRR99WXhGUFhNoM5k/D2o6a5BWXIhZN8kYrvLZ58DcJ1x0Am4yF9U9rx793JmGLUxaRfbTcZ1jw6pVcDADYIHjNAl+qJJMVCbPnM8jGA3NsCzewYBsA9tYMq+2MUJ3mhXQr1FH318mptww12Bu92SaD12ZwLQRyPXm25eC241SY9+aeNgAAW4Jl/OQ9veaCA3rG2ru7AnQUACAUWTmE6R15c0nyRFIlI0HIgyPmsRw8yytJUYY2BhxUZwSHEmWrMuo3ELAZHDtA+AL5dmGvsxowJOxN4hj3rMsUYaYgtg8AIApTBosZuIcskb6Ie7RIW2oFLAkAgIsgaeU1E3mgL60BE2kkuHKzGd96rNY4q5XlsDzsaANKlK1LokV2mYI8yXqePVmFazDoutAN4ox0fak9KgwGAMDKwVgeALAutBjGiKiPXGFCkMJJUcwmmJDDEd4d3/wjsfA7LSfggGgDyuVHG1qlJ3mEVmDBXoeY1TUjlVA5Z7ABAAAAAAAWgTAMqtQaybhiBRgEuSEIIYgxKaeDFkxVWgbcMy70lZBDvkjnvjdxKGRqs2OBEGlNkUnFOOewGQAAAAAAFgfjnGXSca0ppX2HOXCd88nv4l0p3HNXXwk55J7pB543L/gehgbFhLPFgmUzGImECoMBAAAAAGCpMGKJuNpsGiSN2UI24Q0M24Ijt2VM1uId6tuGvNPkCxMSavBtyiZIGIJ4e7ceAQAAAADYMnBOut9UsLe9Cg04tPHWHerbhrzT5C2wLQTfu+m+wZIpHNjmHAAAAAAALB5mjqakhA7hjruck+SRWJsIzG1AHfWw+oIZSpbcd9iXeCeWsW4SAAAAAABw0XUhD668Yy3RwuW7wjylwNwG1FEPrUdhT4YOCzVYBscy3ksAAAAAANAa7y5YLBhwsAdj7RmGSdEGlChblIt4awOhBkFypAKmAwAAAABAOxA+zyzzDsBcD3A7B198/cejKDdEKb+pgTcwPNQg2xsi2AwAAAAAAFgOTLIcyMkQCQ84eFhJ4IHTKuW0oL756kG82zVIErciv76INwAAAAAArJzw8VVgGEbUzjwlTp0x4xb1DVCPwJOh5D0gn4FQAwAAAABAuwgJOHhpe56SHW0I+pghh9wnXxxuhlJA3tadCgEAAAAAtigibJc3CstTaiN2tKGjdhaDvDPl4YRt3iZnKImFGgAAAAAAAEvHGl+JsDwlzzntGYiFzW3oQD835J0gN6siWLOPy2+qt4pQAwAAAABAGzEDDp7hlfAe9uWLiJDx2pIIm9vQgX5uyDtBHkZYIMzKUAo5BMsBAAAAAGDlhAyynAQP/7itXWlL3rkNKFG2KBeB/73EZGgAAAAAgFXDPzGaqI12gg/uuS3qqC9YX5BA6AsZSgAAAAAAbSd8YvSqjboks8GTDoU66hF1L65BETGxQRZi3wYAAAAAgJUTOaryjN+sD+3K++B+QVTDkEO+lMOwEAAAAAAA1pKWo6822A5q8IZRDwI55JI86gBz1wsW5KbctRkxV6xdGdXGZ4yqRkqK92TVffuSI7mAGby41maKjTFSDhTUwO+h89CNxw+qNx41J+aFZlAyowwMJI7tj/cqS2jixidzF+rxvzybHljCVQGq9V/+sTpfSL97LJ6QxM1n5fc/11IjXd/fo9J05adfNKrZ1NuvJXqjW6qXGnemaWhXvHslzwMAAABsSSyDwLOeTYSRIEToyvmLRBomRY3vIIfcxmcsCBLyWcH5z4Jcy6N98Qdj9Mr8R48Mg4g4y6SoUTcmi43JYtM4mz3UtfT2dO3Klep9Xc281TXc4cNWTbvwp/K1EhFRMsO7SMyX9ft3Kg/GtG++nhlOLNwAERHpU2UyNH2+SbSS7zvfnNJImzcaRPKdtXmjbFB1xiCiZlNUNWpohtGqIfHwRuWLZ2y2K3562wqeBwAAANhKCBLm4pXmAIxFHjXHdEI+YXnmg2Q2dJw/G/KOlLdGiKB9K0Q7Z+fMjZY/emQYnO87mn5ll5ogIhJTxfqfn7KB1DLb1HUig1oObTsBMXqtcq1EPBP75qvp4RQjIqprF86Xr81on1yqb38tsdx/gNVC7c/89VuGHuMtLRrRJCISuoFltwAAAIClIIQgFmIAhI3HVs4GSMoAm4J2JSs1v76nG0S5A+kzu5y3l/UVkqcKRETVsfJPrzQHTmTPFhgR0Xzt55/WGrsyPzgUIxJzxeoXX2vj80IjyuZiB/enBibmf37H9IU3P/rlzEdEhSPZ7w7zeql+8Wb9wTOjRpTJxg4+nzxaUIiI6o0P/1iZ6E+fyWqf39FmNerqT549Fp+7Xb74SJ/Xqac/eeZ4ss/04mvNmzerXxX1+TrFM8qeF9InCopKVJ8o/+x8s/9YeudE9cKYoQ+k/+3xWDXwbIe2eXOuqo1r44KIHzqRGXbsg0Ts5ROp8T9UJ5/Vb5QSL2cjG//TV9p4VSgp5fkDcd3Trpgr1r74c2O8JHSF9fUnXjmS3B4jqjc++GNltpA+3aV9flubVuPvfCe9fan/d9UbH/2xMtWf/qtjcZWoOd/44kbtwTOjZlAyo+zekzzR1Xj/T1qNiIjufD57hyg5mP6r4/FEXbtxs3arqJc0SqaUnXuSL++JpYiImjc+mb9sJM6O0I3r9bEqf+WNDL8290Ut/pdv2DlXevPCp/O3EqkfnOo4OwoAAABoK2vqboPZADYUdX2iTER8TyH81a3ONGuGmJ3WyTyhqs9qpJWMOlFiuvqr841qSj14QO3S9McTzRsPmrv3JV4ytD/fa5aIDe6J9XGW38aoVP3tJ/VJg3KF2J6YeFzULp5vThzv/s4gp3pzqk7lR5XfpJTd/bH4hFYs1n75YY1UZXchFp/QJou1j++r7+1TSW9e+NP8tRIr7E6+kKXSk/pX5+cbp7Jn+lmjpJcNUb5Svk8sl1P7C4oa9mz7tnnnDJSaUwZRSt2T9X7nlLqniyZLxsS0QVkebJyeVX51XisT8RTvIuPWpaocV6mOlX9xqdnIxA6NqJl68+sHtV99Tu++nuyt2N/UoFRWGepXu0P/xcv1j/6kyblOek2ySsxGSnqVqFtv/OlPlTsaf25Psj9mTE00H9xp7Hktfmwf3R/TilXKFeI705TqVxO69vm58ldlSvbGDmRpdkK7c6M8Xsq8eyyWIGOiTJpW//A8UYIPDsTzCVbiZJQbV58kB3ZxIqpP1m+ViApseTNdAAAAABAKzAawoTCMBhERSy02j9+lWtLLRPk9qVN7FCI6NGLJjx5kE6PNkqE8fzC9RyEiMXqpPmlQbqTrvX2qNcf3T9rDm7WpwXSfeQ1XXnm9eyRBzbH5/+9SUzPUb77etSdG9bH5f7rUnJ7Q6/tU40n1Rokye9J/cSimEtEupfH78r07jVf67UePxb71hjUhoToa/mwyujlDIMFj/iPcNC8aTSme4zYu7n2ulYkyu8y5y2JudP5n13TNOk+7erNZ48rrpzPPJ4goMZyY+6cb9a+mk6etf3B+8LXuU9uinRmamHymRx51Hp6Iys2JOvH+xGsjiQQR7bMODYwoNKMVq9Q3nHq5nxFRdbR8q0x8W+o9M+2q3vjgw8rDR9U7B2KH7PBBz4Gut/dZU9j79sQuTGjjo425XcluMu7d0zRiL+yLLf0dAQAAAEAkMBtAu5HGrnJmUnuylDiPExGJap0oMHxuTWpbLM/1yRtzPxlT+3PKQH9sqF8NG1nqk7NExHf2W78OtTfWH9PKVf1pnSyzIaVsTxARqSmeIiqnlHyMiCiRYHGimi4MElPPdIOofK/89/ektlW9bD94rD/mTGJezLMpMc5JN+qGRj6MhkZEFE+4g3upcX1inojY7j2mccG6dyV23qrcN1up6hNVItI/+e3MJ1KL1aogc4CeUp9vYTMQUW/yX7+elAMR1dG5f7oWZkhkYrszjWsT1ff/0OjPKQPbYkM7YmFLJ4mpGd0gyhdilo2QiO3upYcTxnhJ2GYD3zPoLnul9ieez2jXZhpfl5Iv8/rXz4j3Jl7IYZoEAACAzUzkxryrtgY+zAbQDrwznldx04aE0p+hYtm4V9SPdi1xGaCu5NvfUu6PNh6XjImx+p179eRg+r3j8WD6u76IydGeBBgeOUItHOp6rd89qiR4N9GcWZd/44t4NjWr9pE2WW3eK4m+rHRttXmvRER8Z6/7UIo/2ZEp3D3m/4dLxb51KtnjXsy6Uoymre/ZtlQfJfbyG10DjxoPpvSpZ40vHjUufB37y7OZqEVglVY3ZtxzVD0wrNy4od8b1XYqjWmioT3x8JQqAAAAYFPjLKBkf17Riqs+kP0LVgsR/NiG9ZTUA3sUTjT9dfnjsWbdbntmon7hRv2pTrEEI6Jq3TAX53k63pR982oq9vxI5uyp7h98O3MgRbVx7alOpLC4QkTGfNU8Sylkich4PNE0PzentAnNjTAsDtbXq3Ci2Rkj1aX0mn9SPB5tYIQ/m0wqdmSQiIwbFyujVftfsq5duFidNCjWn3w+fPFZpb+LiIzxCau55jNt3PlHSSl9KaK6XiLeaz9nl7pqfnpF3TmcPn28+/vf6flWgQzL4GEJTkQ0XzG/lPVPN/FEq9rf8cEMEfGBbOSDde9K7IxR+VH5g1FBidihAjQbAACATY3wD6rWYJ9dVTZKUEc9qr5YIlKR2hh/6B7OfHNq7qMx486l+TtXWCZBel3UDCLi8d2Jo31qhhrlR9VfGVpXvfn4mXvfpzdmfzXGdhbUgS6uz2sPqsR7lT6FiNSdfXSnaFz+U2m8lytdiW8eSOQn6pM3yz8vqf1cPB5rlomGRpJ9S3nO1K7kwXvlr8Yq71e03TlGdX18Qp/Ppv7tayHGR/SzyfDhI5kX5stflbQ/fDCbzPAUifmy0Ih4Jnb2WEjYhIiI2NC+WGZCm7wx//MZtZ+Lx8Vm2T0ae+mA+uBK8+Knc+MFtYeL+VLz8Qw9/42e00v5sguiEDUnyv98qdnVH9vdyxVDvzdFFFMG0kTE8v0Kn9CLN+Z+WVQUrr58PPn8vfLXz6o//6S5M0uzE1pRo8yu5L4W6yLFYkd2sIcPhEaU25NY0TZ2AAAAwAYhcqi2Og5AZdvQG9ItGOqoh9ZffiFNfloGvYTnLwdDsHh8halxrHdHYriH6nVR00S1TizJ+7bFjh5LH+5hlFLzMePZjD41a2iJ2MsvJvSnTaM/8WK/kujixpz+9FlzdLw5XqGu/sTrx1N5lYhYbpuiz+mz88Z0xVBy8f07E3vyrFHTJ6b08RmDdasjRzOv7jCzZsTTx1otlzi6Q1GJiBvjj5v6/8/enXanjbX9gr/YCAkQGDAGjPFsx3GcOHGSSg2puu9nWGed1avfdT/9FbrP6g9wzuqP1f2m+/Tq+znD/dScSuzYju3gCQ+YyQyyECAhNv0CsHE8Zipi8/+5sutiIySBt8WeJPnE2X4rIyJLPbFv8j7pfsjKmDUSEVzVWrZgHhzW8hVy9IrPZux9osVaM7cS3DfkmPA2P8KL9+00qzUyaAsIda1cV7V6uUai0zo47PjrY0ewdabH2ZUzp23IU1eUWibHCzXL6D3nWLWaJNu9cZuLka3HNuKjslpLHtZSBW5YrcN3HE/CVhurJ+NV4/idnsXq8X2T+qTZ0Kn5RJZ6bSdecw1KUz5GrJ6MV2u90my/VbAze4Wns+Z+ytzLcovbNjfnnHJZiEjyCV69ltF4XuVVu3BnWLoTtooGz+XNgzw3bGx40vlP90Q7ERGVkkbSYrs/bnOdGlGwyA6+vVvTmfXpI0cvZl8CAMDtZVRrjDUrYhbL8X0bGo+bPycVOYvFQq2Mtupb4//s4nkQZ1kmn/8frVvHWdpuI4cY8an4f/2f+k5NMqq3nmybfVRv3RW69dMaQjseR6vXzZrFJeMKN/Dpqdvq/7lSEwed//LoYxumAAAAX7KipgvWequZ0Gg6XNFsIGrNCTndbBAuPZXwHc0mRmO9iBFfFAN82aqr2zVObHIMbQYAAIDPgtWPO4xbvcWIEZ+NrwcNDOiQWt3gJA/YZ3qusTAAAMDt9+lrZcLxXJSzfczIR/4nKnSf5p4NABeyij/8O7HTOwEAAPDn+/M6bVmd6paTfuVTKfKRf5wCAAAAQDdjrR7lRh+zhc6kyEd+p0spAAAAAHQY+zL7tpH/peUDAAAAQDdjFrIc3yoCMeKLYgAAAADoZqx1hf7jPmbEiM+JAQAAAKCbseNZ7K06ImLE58SdLqgAAAAA0EknV1Jq1RQRIz4n7nRBBQAAAIBOYnTSr1xviwn5yD+dDwAAAADdi9FJv7KlLSbkI/90PgAAAAB0r+Zow9k+ZuQj/3Q+AAAAAHSv5mjD2T5m5CP/dD4AAAAAdC/Wup+X5fiam4gRnxsDAAAAQNdijbt6HfcoI0Z8UQwAAAAAXYt1vA8b8Q2JAQAAAKB7MaI6tfUrI0Z8QQwAAAAA3YsREbX1KyNGfHEMAAAAAF2q0Ww46VdGjPjiGAAAAAC6lEDU6FFGivTK9NMoavonXBsAAAAA/AkEqhNZWj3K9TpixOfHn46nx/4J1wYAAADQVZSjSke2y8jS1qOMGPFFMQAAAAB0MUZ1IrIgRXpFCgAAAABdrDXagBTp5SkAAAAAdDHWNgnFghjxhTEAAAAAdDFGJ6e81hEjvjAGAAAAgC7GmvXC435lxIjPjQEAAACgi7WNNhxfZvOdHOQjHy0HAAAAgO7G3q0p0nl1R+QjHwAAAAC6WPu5DZ3uz0b+l5wPAAAAAF3sgnMbvqh+buR/CfkAAAAA0MXOnNuAFOlFrQgAAAAA6FaM6m3X2USM+KIYAAAAALoYo33/laIAACAASURBVMZdvZo9yogRXxQDAAAAQPdi1LyrV51O7vCFGPHZGAAAAAC6V2u0ASnSK1IAAAAA6F6t0QakSK9IAQAAAKB7YbQBKUYbAAAAAOAKGG1AitEGAAAAALgCRhuQYrQBAAAAAK7AqFklbPUrI0Z8fgwAAAAA3YsRtW7o1ehXRoz4/BgAAAAAuhdr1guP+5URIz4/BgAAAIDu1TbagBTpZSkAAAAAdC/2BdRHkd6IFAAAAAC6F0YbkF4zBQAAAIDuJZxTR6zXyXJe3RH5XZ3/5eBaZm9z5zCn6ia3iA7ZGxoYH+tzMSKeW/p5R5p9POXp9D4CQDcwivHN3f2squk1EmyyxxceHRn22j7rNrWdhZf5gedzQeGzbgYA4AzhnH7lc+uOyO/2/C+FFl95sVZ2Dw3dn3Q7BFNXCwd7m7/nq8+/Ctu5aVYNZnZ6FwGgG5iFtT9WDyz+8TvTPlkgs6wkk3vzC+rDp/f97DNuVq+ZZs0kQrMBAP5kQr1et7Tqi4gRXxR3uqAeK8Z3jqShh4+nXI2vZZfL4w8PGoZF7PSeAUBXMTMHB7rn3vdT4ebRR/Z4+wbHdS58xjYDAEAHCRbLyXU2ESO+KO50QT1mVqskyNLpr2Wr2NZo4EZuY2HnIF8xmegOjcxO99mbL1V213b2slqZM4fbF5kcG/XaiPTdP5YLQ3MPQ9bGUpX48q879kffTvqa29A2fl/Tp57e9/5p7xEAbgDTNLnNaT/dY8HEk6OTkY2vbSZzmsGZ3RMamp7qkxkRcS2ViMXTWbVimMzh8Y/PjIedjIi0ncWXSv+svxDdzmr20edfhe2kZze3NxKKpnPBKfsGx+8NuRrrVuMbSztZtcwFp2945s6ox0pElfjKrxt055uZiP3P/zwA4PZj9To1+pWJLIgRXxR3uqAe6+kPSur2eiyjGfy853ktE903w1Nff//VNzO9PLH+Jl4lIiIt9mplq+KeevrVP37/cDpg7M4vRxVOZHPL/DCeMZqvLyfjR2Y5u5dtrb2QTGmOXtef9f4A4IawBwKeaia6msxXamefNbMbL5Yz4sjMD//03T9+dydQ2V54W+BEROVCRrOFxp5889U//uXBuJhfXUlVGi/Rq0Z2cylhHbw7+83DkJ14dnV5PmH67z54/pcnT6YCLJ9VORERVw6iWXly7skP389OyOrGm1ieiIgEu8PjcdgxewkAPg+rf+h7ouYpr0iRXpQ+vSefKTwf0pbgdYtd+pjvNIsz4O+pq/HYbnR9bz+VzxUrnDlcTsFCRFxL7uSs47NzEYdgtYpyj1WJHxju4aCjno293mfjT6cHnFZmtTm9fruyt1lwDPXLslg5iBXESKjHSlQ8WN21hvt5WpEGQ05GPL+9dSAN3mt0BgIAHBPcoYBUySS21mObu+l07qhokN3lFBkR6fsrm8XQzOMhJyOyWEVPDyXWc+Jwn8si9gT9/h67KFiZVXRL5b0dzTUScFlIzyYOtJ6Zr6fCblG0WsjIrK7m5OlH94OSYBVEpzsY8joai5W8s89Ge0WrVRB77EZi/0gM93sFYk5fuN+HoxXArafrJmPNKpql8WOh04+Pa3BEllZAbRW71v8Ze4/qnFCvk8XSnMWOFOlF6acu8B9D8o9M+UeIm7qqqMXs4f7yq5j/7rMHvSIRMavTJbWWtAgC4yYnonKxxO2+3pOBe6vHL9GeqlGfx9Mfsi8epPTIkFQ8yFX9I+NDavZlOmP2hdnRQZb77/ai8w4AzhJcwam54BRxo6QqSjGb2Pk9djD+9MGoUyuo9XJl7afU8bK8anUTJ2K8kk1s7mWPylVeJ+KGwd2cEzEiIuZwe44PNyVV447G7KN3MIdbPm4bSKJAdROXggCAz0+wWKheb85iR4z4orjTBfUcTJA8fsnj7wsHN358uXsw3jsqEjW/fM8wz7yFkzlOcnjAsZvIVSLu/UPTf9cruBxhx2IyUw2J6Sz5P+tFUQDg5mOi0xNwegLhoPuPP9ZjheEZIrIG7j2d9Z9Ztrgzv5hzTU8/DckiI1I2f3pVfv8NfqIdBwB4H6w12tCYxY4Y8flxpwvqsVqldM404is5emRWURXjOKOWz5fJ6W5MvZJDIbeW2k8ks9Q74GNEjv6wQ0kcJuJ5a1/Ah29oADiDG+XKuWdYERGTe2RezBbPPmOqWpm5B8KyyIiIzJKuX7QSl9vNtGy++gn3GQDgYzCLhaje1q+MGPF5cacLakslvfTb7z8tbO6mCvmiViwWs4nt18sZ7h/od172OuaPDMrq+uJ2plQ1jXJ2Z3U9bx8ca80+svcNeMqxtTT1hRqNBHso6Fa2VzNCIOxBqwEAzuDK5vLPPy8sbSYzhWKxqCmFw93VN+uqfWDQy0ganAjw+PpSXNGMmlnRsnsbLxfiRSLB7Za5srunmZybxeRqTL1wC0LfaMSej77dyGgVo6plk2vLceWiNgYREZnZ7fmF7SwmLAHA59E4t4HaznBAjPicuNMFtcUefvqNtLuTTGyub+lVk1sEh9wbvvtsrNdOREwQbKLt5EQEJgqCYBUYETF5cm5GjO5EX/xRNkl0+4Yf3h09aRHYQkP+mFqJDLYumSQGBgN7WmUgghtOA8A5mO/e3OP4/l4isbpfMcw6E2wOt+/Ok5GIhxGR4J98+nAnurnxYk3ngs3h9kXGgy4ico08mjHfbC7/PcoFT+DO1GBlVWvc6UGQbIJoY+2bmHrwSNreWl/eLXPmkP0j4zIjXbIKgrXtOGcTbVZRICIyK2VFIQO3ggOAz8My+d1/ams5NNMG5CP/OP9/+5+DjadOFmrdz6HeeqJORFRv+yFqDFS0PTJrFk8PrigOAAAA8IGUo4pgrX/QlZTqbdlERIL1PSZVsDN1xMZc9rN1R+R3dT4AAAAAdDP2Tr9y27wU5CP/JB8AAAAAuln7aIMFMeKL4k4XVAAAAADoJNY2L6WOGPElMQAAAAB0LdY4JaJRO0SM+JIYAAAAALoWO748DlKkl6cAAAAA0LWE9h5lpEgvSr80xWKlUqlamMUwcGejm020CfV63W63uVy4Mi/cJOWKoWkG57xWu/QebAAtgsAsFuaSRbtd7PS+AHwIoeN92EhvSvrlSGeOXLLd43HabNZO7wt8AtVqrVqtpTNHwUBPp/cF4FrKFaNUrvb0OEQcheB9GEZN1cpEhJYD3ETs5G4Qrbns76TIR/4XNdqQTitej9PpFNFmuDVsNqvTKXp6HOnMUaf3BeBaNM1wu+xoM8D7EkWrW3YUNaPTOwLwIU7ObaCL+piRj/wvZrShqOlut0MUhU7vCHx6kmRzyfZisdLpHQG4GuccbQb4MKJordcxsQ1upJMbSrf3KCNGfFHcWZWyIQj4qr61bDZrRcfJKnAD4HwG+BimifIDN9JJs6G9Rxkx4ovizrJYLJibdIvZbNYvpokKAAAAp7BrLAPwpTCq6Iq+5fArBgAA+DKh2QAAAAAAAFdAswEAAAAAAK6AZgMAAAAAAFwBF7KEW6aa315ZeKsP//XrCedxJi/GVxfeJHNlzly+kdnZ2aDU0Z0EgK6Xf/O3Jdfzv444r7EsAMCXAM0GuEWquehvrzd1G+ms/eqI/HD15wU18uz5N32Cnlj79cVL6YfnU55O7mmXWFpaJaLZ2Xud3hGAL0/VrFT1aqf3AgDg+jBJCW4TJg8//ue/TnhOletqYj3JxmbuBx02ZnNF7s+F9c3NHC6a/bktLa2+Xlx5vbjSaDwAAADAjYbRBrhFbN7IMBEvn85VMwrrvdPTesh6Q95qtFChXswN+HwabYZG3Agw5gBdRD+MLm3tHqqVGonu4PST+8MuRkR6eu3lUjxXYaK7bzpy3HfBld3o2mYqVzJrVql3eObZTK+NqBqf/6/7vdP2VDShVkgefDQ7VtlYWM+pVZLD0988CTuJqFrYfL2yeajXiNk9oelH02Ec1wDgs0GzAW47rutVm8t+ksEkwVYt60T4ev1M2tsMDWg5QHepcmtw8vmTXifjysqv/7aUCH0XkYpbP7849Dx5/j+GHVRKLPy4XLXKRERU4yQPP/n2mUdieuK3/7q0Fv6HWR9xo6ol93LfPft3jyQ9Pv///fHzYeTRX/79I0lP/PZf19bSoSdBpqwtR2sT//w/hCWqFhNJlXNMIgCAzwfNBrj1cFfpP9vs7D20EKCruYITrkbEPGGPuK+WiCq7B1rvxA9hByMiZ/j+nb39rcYyNt/wUPOFUl/YtbyvVslnIyJrz9BUUCIiqa/PS+Vg80Fv0GXualUiiVONuFnlJDGbKzzk6tgbBoCugGYD3HZMkGxVvULU+kblul619do6vFsAcHvpuc21nYSi14ioqmm8n4j0SlV0SsdHHkmWWuMCvBjfWN3NlapExEtKzR1pLWQTmsszRsRsrQdWKxHnROSbfjS9FH3xt42qTfaFRu9PB50YbACAzwbNBrj13AEPX00fUV/j9AZ+mFJtnnHMUPp8zk5SIqJHD2cwBAHdgScW5jdts//wQ1BixNNL/+8CEZFktxmKXiVqVP51rczJQURU3Ph1ITf8w9NnHhuRvvn3vyeuvymbd+zJ12NEvJRb/WP+t41v/2lK/lxvCwC6Hvol4Nazhe/08+2VN4dlzqvFxOpiQhqe6EXR/3xmZ+89ejjTnoM2A3QXKxFnjBFxbWczXeFERJ7hATm3+SatcyJeSiyuF2rNpQUrJ7JaiUhPb2wrtcvX3aaa391LFKtExJyyV2Jkfq43BACA0Qa4XQ6X/p+f4hUiIkr9639+Q9LY9/8010es797zudWXr37+v8rc5vKNPHl8Hzdt+MwajYTGmAPaDNBlWHh29vDFm7/9Z7JKcmS4v7diY0TkGv/mifFq4cf/u8pEd9/09JASk2xE5Bp98kB99eN/32Q2Z+/IcNCRF61ExESbzWZrnptltdlsksiOHwg2GyOySjZt9cXPCzonYva+8Sd3MNQAAJ+RZeLb/9TpfYAb4D/8S5CI6vXW43qdyEJUp+a/VkD1th8iqtfr1P7IrFk8PfZLNnS5RLIQ7vd+kncEf4IPuN0bfsVwI6CgwsdA+YGPpBxVBGudLBYisjR+LESnHrceEpGlFTRqbifZRESC9T2mX2C0AQA+FwwyAAAA3BqY4A0AAAAAAFdAswEAAAAAAK6AZgMAAAAAAFwBzQa4SWwizsa55UQbfsUAAABfIjQb4EapU7V6/Yuaww1Trdbq11gMAAAA/nxoNsBN4rDbqiaaDbeWUa3Z7bZO7wXA1QQB357w4VB+4IZCwYWbRJalYrFiGLgV6i1U0aulUsUlS53eEYCrWSzMMNCFAR/CMGoWC2pfcCOh4MINEwz0FJRSqaRjttKtUa3WtJKuquVAX0+n9wXgWlyyWNQqaDnA+zKMmqqV0T8CNxTOPoSbJxjoKRYrylHZQmRUMfJws4miUK+T3W5DmwFuELtdJKIjtcw5r9V4p3cHbgZBsFosFpcsYTYm3FBoNsCN5HLZXa5O7wQAdDG7XWw0HgAAugQmKQEAAAAAwBXQbAAAAAAAgCuwOp1cJx0x4otiAAAAAOhmzEKW4weIEV8UAwAAAEA3a05SavQr19ti5CP/bD4AAAAAdKdms6HRr2xpi5GP/LP5N1ZNSSSzlYufLyVe/PffFlO4BDsAAADA+Vi93tavXG/rb0Y+8tvyb7ji/uZ2LH9xq0B0D4T7Q27rn7pTAAAAADeHYLFY6sf9ypa2/mbkI78t/5YTXJEp3AYCAAAA4EJCvV63WCxIkV6edrqgtqspe9vRvayqcybJgZGJuxFZICJl+5c3tfEZOR3dz2hVsjkDY3fuR+TyzsJvGyVORCu//W2FyBF+9nywtLBw4L8zUNzdSmoUmf1+0lz6edsx93jSRUTES4cb0f1kvmyS4PAFp6ZH/HYiIqrkoms7yXzZJJvD7YlMTgx7MUABAAAAXUFo1AibfcytuD1FPvI7XUrb8eLm0nzKeffhk7DLZhbTK4srS8Lc45CNzKpezr7doLszc/fspCXezkfXd31zoyNz/zxUePPzamXsq8dhK2OMSM8b1fzGWzMwPPV4wtMjE0+bVUPXiVxExuHyq009fPfrh1476dmNt0vz24+/GfOwcmzxbdZ95+lfeh2kK6mD/WyRez249QkAAAB0g9a5DfW65Xhe++kU+cjvdCltY+bW96uBu5Nhl42IBFdwesSRj2eN5tNi/53JkMsmCDZPZNDPylmlRo3rDBMRY4ydVPKZZ+Txg3DAK4unK/7F2N6hfXh2wmtnREzyT4331w/3j4hIV8vM1dcrC4wJDl9kYnYCbQYAAADoFkL7LBTEiC+KvxRFRTWrfHX+p+MKOzeZ018lEomIOdzuVj4TbDaqmJzo3HlEFsnpEs/JryrFMlf3X/58cLyBapUCNU7kHgiJr1dezwd7/V5Pr7/HJaLVAAAAAN0C5zYgvVba6YLahnnvPp8JX1Bjf4+K/IWLWhyRe9+fd4a0f/rRD4NH2Xw+l4rF1qry5MzjIRlNBwAAAOgGzNKaxd6sIyJGfF7c6YLa4nK7STvM8/d9nZWIm9d5lc3lEvWCesE9Hpjo8oaHxu7PzX077VB2ksr77gcAAADAzcTqrVnszZoiYsTnxZ0uqC1C33hEyKyuxbKaYdaMkhJfW3kRVa5qELh8PUzd30kVdcOoXb6wZ3jIZ+y+Xk0rlZpp6EomvvTHWrxCVEmvLW/HC2WTE5nlfFYnu9PxKd8bAAAAwJdLoJO5KHQSEyEf+afyvxTMM/XgsWN74+3yVrnGJIfs7R2ddDMiEmw2GxNOlrTaBcFonn5gDU3dUVa2V1+kOeuZfHZXEpkotZ3zwETBJkoSERHZg4+esI3o/utfNgyyOmS3PzIcshORJ+AubK0ur1eqJtlkX9/sg7D9T3//AAAAAB1hGf/mP57MSEGK9IL0P/xLkIhOJivVGzeFa91S+uTe0vW2n9Z1mNoemTWLpweVbQAAAIAPpBxVBGudGhewafw0rmVz8rj18NSl9C1E9bZsIiLB+l6nhVos9Xq9rY+5TmdS5CP/k5d4AAAAALhBGNXrFouF2vqV6UyKfOR3uqACAAAAQCex5jySVo8yYsQXxQAAAADQtVhzylOrRxkx4otiAAAAAOhajKitXxkx4gtjAAAAAOhe7PiUaovFghjxxTEAAAAAdC9GrYtpNnuUESO+KAYAAACAbsWoeeHWZr8yYsQXxgAAAADQrY5HG5AivSoFAAAAgG7VuDPccb8yYsSXxAAAAADQpRrNhvYeZcSIL4oBAAAAoEu1jTYgRXpFCgAAAABdqm20ASnSK1IAAAAA6FKsLbYgRnyNGAAAAAC6jtAW1xEjvkbcScpRpdO7AAAAAPCxPD32Tu/CexOusQzAF+Qm/pkBvBflqIJy3g3wi4abDmX4g93QblB2jWUAAAAAAKCrodkAAAAAAABXQLMBAAAAAACugGYDAAAAAABcAc0GAAAAAAC4ApoNAAAAAABwBTQbAAAAAADgCmg2AAAAAADAFdBsAAAAAACAK6DZAAAAAAAAV0CzAQAAAAAAroBmAwAAAAAAXAHNBgAAAAAAuAKaDQAAAAAAcAU0GwAAAAAA4ApoNgAAAAAAwBXQbAAAAAAAgCsInd4BgM+BZ1fnX2cd957MhJ1t2cbh4u/rat/Md9MetJjh5uPZ1fnXadvks4fDzmss/uH0bDxnuIJhj7W5YWXnxcKB7h57+qRf/qxbBiKqJF/+tpU3TzKYYJM9faNTIyHnJzqSGen5XzZV/93nD3r/xGqBFvt9eUOttR5aBMkuu3pCQ4ODfuk6b8wsHh7khWDEa/+4j0GJzr9MWMafzo26Ll3OKCZSRXuo3yd+1Oa6nZFb+uNtVuh/9NWY70v6Jv5Uxel2w2cDt1JV03SuF1Zfb7Z/15KhaXq9XCqbl7wU4MaoaprOzbJS/szbUfbX1rbfrGeM4xyzqpt1U9frn3nLQESkFVWTSHAGQ32hUF8o1OsRuZpNLL2KpoxrvPw6ylrJrBulsv6J1nctvJxXa0RW2ef1+70+nyxRRcmmoguvflvNXeOd1TLRaDS6vnn0sftRKpW5WT4q88uX0xIbb6Jba3vaR26vu3Eltp2qCqQlo3uf+8j1Xj5VcbrlMNoAtxkvpZaW3V/PBe2d3hOAG6xONSKi+nGtivknf/iHMS5Y8RXy53EEph5EWoeyauLVH2/yuf1MNRSxdXjHPpZ79OFMuFmSeCWz/Xo5pR6sL/XMPY1Il76QcyIiTrVLl/qEzDoR/Xmbu5XM3FZCd4Rnpoy3r/fi2aFJ/5fSff2nF6ebCcd8uMUsosSM7ObrTeezCdeZQ1NNie/uJHI5VTe5RXS6g+MTUyEHI+LZzV8Wc+6pO4Gj3a2kVmaib3BydogO1rZ3s2WT2X2D47MTnuYfj1mMr8d2s6qmk+j09I+PTYYcX8phELqZoexu7uyltbJJgkP2D43cHfK05lbo2c2drVReLXOS7B5/ePJOv4dpqe34flpRSlXOrA63f3R6POKqxl+9Ws3XiYiU7R//dZuYc/LZ3Kh4uPz7uuq/9909L7tsW+XdPxa3eP/shBDfPDhUqyQ5QxN374XxN/KRbG6XSHndNE0qHb58EauEjudeFqO/LB3Yhr/6KuI6+fxpN5rMVqTJb+ZGnVxL7UR3DhWtypnN4ekdnxoLNVdrHO1FV/byapkLTt/o7NSwixERr+R2t5OprKrpNRIk2dc/NRPxCUREvJiORuNppWxwi+j0BIeHJyMu4cMPjMwemHgwrv6yUcrvJrXIiExkFBJbsVRWKZfNOpMcvvDYvQmvvbD595eNsZZaYuHnBJEQmv7hQa9wve3yUjq6Fk8qFW5z9A0Ne9ufOvfN0uHiT9G0SUSk7b3+2x6RI/T0+YSPeCWzF90+zGk6Z5LbPzA5HfahYnUxbWc/azonh70BPehIJWOJIf9J41CPv1p4qwdnp8T96H6+xAW3/86DiR4ltrZ9qOhckAN3HoyHmxPz9OzO9lZcaR7E+sKTk/0e4XjqpuPuNzONRraRWPl1TfM9eDIbsJrZjd8W8z3TU33K3lZKLXMm+/qnH4z4ihcUp859UF8s1j7EjBjxRfHN5Bh4cCfsqKux1TeZ6rtPmvmtaCJXlfzh8HDEZzOO9pfXtopERGZJK/Nqem1lXRW9AbeD6/nYyq+/r8UNpz/glng5G4tuFIiIiBc3Xi2tHpSFvuF706NBSdtdXn6TRWcFdBpXoi/fRA+0muwfjATcpKWib16sFkwiompmeXE+dqhwyRcKBFykJvf2i0T5xNtYvmJzh4bCgwGppqRXF7ay3OaNDA83ZtBLPeGh8PD4QJ+TqKyqer2sauUrtqUrWs1UD14vJ6tOX8jvYHopsbaZqHT447nhuKEk19M6kdXpkqisqWbb3EuzpJXqpqqWedvnv3ig1CVfIOARqRJfebGcyGok+4Mhn4OU9FaiNVdETbyJ5k1Bcgh1o5SLLu0ViYiotLuzkdRYj39wKBxyczWz83rl0CQiXnizsLGvkHd4bGqy3y/p6Z2Uyj/2wCgHfDIRVbQjTkR6ciN2UCSnPzg8FPSxSja2urSnk7NvYjTkk4jIIgfCw0OR8bAsXHO7Zm751cZ+vmwyURbrua21jezJk+e/WcEdGQ83zu0R3H3DQ+HRkT6ZyEhFf1+MH9bkwcnxu4NuntmeX4hjDtOFeG4rUWL+gQE7kWcg4q7nd/aVk6lhlUKpxkuJ18tJ7vb3uZmhHr558epF9Ij5/H0yM9T06lq6UbnPLC/Ob+RUkkORYMBu5uNbL1/tKPx46qamtg4yZbVs8GqpZBCRWSyWeTW18ubtEfMG/R4b17LxpXWFn1ucOvUpfdkES9sDxIgvim8oQewdfzhSerGTWl51P3sweuq5vsf/0Eus2Q+lORZ+2Shls/qkq9Xz4Y48/XpEJp5fffnyoGrah7/+Kmwnnl19OX9QVZQyeR1GKrar1h1D955OuRgRhR21n1dSOxnD349T5qCDjMTefomYb+zrJ/12IjK8i79E0wexg7G5YX6wkaqS4L3/9Uz4VDGd/OGfJlt/EDWP8dubvJJR2XQoMiVVkqmSYfdPTIXPzve7bFvNpVnfzNzDgJWoGn/1YjWvZlUewVmH70vd+fFfd9ozxMDYHT+j7MUvaXGPP3w6IjMiImVt+8gkW+jhk1m/9WQJhYiImHP0ycNJDyMj+fKnrXxJVQxyieSaevTPU62iwT3839ZS+Vye9wVKSlEn5o/MTAQFIhpprsxIfNyBUZBEIo2bVZNIlIaffDPc2jiFLD/9kVIyijkUjEw4SUnlddYTGZvyN7a7fp3tVhL7aZ3IGX72zZiHES/GX77YOa68Xvhmh8bsRiGhlCVvZGqqcSGA4tpmzmA9959Oh0Ui6veLlR+jB3tKZNpznffZdSrx/YxuC9zrE4mIpIEh79bK4VZq+HG4faKdNdg4XBiuF/+2pZgUmHt038+oIr/4aVtRjhTeH6gkt1JVknpnv54OCEQ06PnjVVQ52EoNPg5fYz/ckWdfj8hEvLD548uUUSiUxZGzxQnOJdSJLERIkV6e3lzMFXk0o/66nNtY3JLvtn1NUjUf34klVLVcMc3mpG2um0TNZoPo9shEREx02oiqksttJyJidlEgqnKdE5Fa0DhReW/xv+y1rdiqG0RoNkAHqUcaJ/IE/M16u+gLeCidLRcUPkhamYg8fYF3yqippTb29vOqVjFN3hhrNGvXuHrAJdtqNRtkv6/xp2cVRQtRvWre/LHMP5/gDPqdFiIixkSb1x8M+R3X6xCVQyG5WQ+ulFSdSPAM+KznLGj3hRsTnUSXLFG+bFYb071Lua2Ng0xR1/WTssGJyOn3Ow92s5s//5L2euUer68/5LWzjz4wmrrRuFyUQERUySfWdzJHJV2v1njzSF0zz5tjfc3takqZiNyDA433ylz9A54dJd98N7xeYwAAIABJREFU9sI3e1ZFVctEdPTm335+c5JrKVc44Vp9Z3EltlfkZCvFo4vxRo7BqJaNHRTDI22XsHJ4G1dsE0SJEXFHb7NMShIj4iYn4qqiETFXn79ZCKRgwBFVSmqhSOf0bLxL7PE2mn1MtEtERt3EVVKurznagBTp5emNJoamHimLL/fSb1Ztx0d/I7E+Hy2QO3h3ZtzlEHhq/WWsdPp1p9/6ud8CNSIi39Sj6bazuqyihDOwocMa8zLaCy1v5fC2h21PZ9aW36S4HBq9f8/tECyH0dcbebqWS7bVcjrELL4PcuqU6MucreNar1mJPf8U92J0Ibpftvknx6a8Dsmqrr/cyjbqWcw19c2cL5FOZ9ViPp0+SGxthx5/O/GRB0Ytk9eISPb0MKJS/PXCjiq4hqfuhtw2q5Z4vZy+8Po777NddjyCQZaT8JI3exFH6NHcwMkFkJngwEjaeYxU/KBMRFU1k1PbnygltzKDDwMn7djTLdrzPswzR5imc+srZ/4erMdbwC/q/WG0AektH20gIiLmmbp3r7TwJntyhkNZKXMiT3goEpCIeH7/Q6oybp/MUkeaoktDrXOneM3EoQg6rVEy1VTWiPSLRGTkkyoRObxuxrgsU0FV06lKsK0SWtVKNSLJPxoOuIionGyvKgnMRmRUSmVOZ2tEl2zrz3q73U2w2ohMvdzoUzfzucvm1tudbokUXTnI1vyB8wYczjJLWplI8A2P9PmJyFB5ez2MOQKRkUCEiGqpxT+WMrnU0cT4hx8YeSWzvbxVIrL6h4IyEde0MhHzDEyGvYzILJttp6lZBWYhqlUqVSLb9Q/IssdBqaKWyRuRoEhEZi6jXOvNWkUrEemVskmycPJhqhpJgdYNNLiJVvG5tFiswJn3/l+Or5pFRESVxG8/bR9uJ7VA5Pp3gGEe2UEF7SiXNfsCAhHp6UyZyOL2uIjIxojILJdr5LUSlTNH17yq8LvFCc4ltNcLESO+KL75pPCDu8qLlf3WiILsd4txXdlZX6M+u3YYT3zI9crF8Ojg7tJu6u3PFV+wRyJDy2ePyu7xH57g3Ab409Sy0cUXJ19zTAqMPhgaGth9s5/f/vWPo6CLtFw2b5JjYHTATkQD46H069TR6h8LWb/Lqhez+Vr/k8chr0SqfrC2IYZlI5Pcb+8PdPp6pISmp5b+0N0iOSJ3ptvKtxi+ZFvwCV1Q7Xb7eoREuZR8/arqFSqFbPHSOx54Rie8yZVCavlVxe9zMuMoqwjjc896Ln6F4Pa7LXk1E122RTyk7CfzrZo0z0Z/XFQdAa/P7RRNLZGvkeD2OEnsea8DoxpbXD4gIm4albKm14ks8sCd+2EbETGP1yMcZvM7rzerfkFLxHLtd73z+GWWLeajiy8yDoH57jy41nbtoYHgTjSd3XzxquB3kpbLn5yVe/GbJSK7zyNTUctsvniVtjOxf3pydMKbXilsvHidD/bIlnrlKH+o0sDTZ9Pt12YCIjOzd1AiIdQfemdAy9436Iut5g9ihfD9639ozoHJUPp16nDpdzPUK/FiLqXUmTM8HrISUY/fyfKlbHRpseCsFfLZ0jVWSOcVp4fhy+/+152s3sHv3+1drpPFcl6vM/K7OP+rmbN/Ph/SoOB1i1368OsT6Lp5vZczU0mlDffAiP/kwqvM3ue3KZlCrSc8GrBbZZ9fqqiFQiZdKDLP1GSPdqjLQ5GQy2oxi8l0xTkwONAjEBGrFlMZwx0ZDLmtRMRq6kGm2jMUCbmsZBH9YZ9klotHSjanFnWSPMGpOxGPeFtaW9AJ1y/n/CiTUmu1qqHrx//putUz1N8bDPUIeklTlKxSNm1y3+jko0mvjYjIKgf7PNZquVgs5IsaFzyhwdEBV0+vT66WlHw+fVjk7shUuJo7svWPhDw2Iou91yOUVK2olkpVixzoD7p4IZXj3oGxgN1isfdduK26fpjJW31DIz4HEZGF9Fwyb+0bHvCjUXH9XzQzsomCpTc8GrCfc2Sx2H1eXixoRbVUrtv77475yvmiGBgZ7BEbnz/zDg/3OlqvFNz+gFwzSpUj5ahYqUm+4NiwXxbN7EG+5ukfCzYuV2qpZlNZ7h0c7pWZzet3m6ViIZvLFkxpaHTIcpS3+IaHvQ67XTS0QuEod5jNKBWryz9+/86gzK57YLTU9cN0zuDVil6p6BXdrAmiy+sfvTs9M+xufi5WOeBlJfUol87mytbQ1JBTzTeO4RYiweN1GppaKhc1vSZ5wwP+8HW2a3UGeqVqSTtS1CO97uyfvOPRMkVb/3DYK174Zu1EJPb4HIZaLKtqWScpEO7z+fwhd71S0go5JX9Uqgqyf2T8Tr/9euM4t8E1y3A5d3CgCIMzY/53G45Wl8NIp7R6T3CgR6gepnOWVnG1kJ7N5K3ekRGfnYgsvJw5LAi9w8NeO1nlvj436WXtKJdTSzVbT//w7OxQ45wIscdjLx8pWumoWBV8Q/dHhFy22hMZDMmM1YrxdMU1GAk3yxdX0ocVZ/94v2w9W5zC7s/a/Xft4/yFL2eMyGIhIkvjx0KnH7ceEpGlFTRqbifZRESMvUeNxTL+zX9sRO39yogRvxP/7/9LiIjqx+cx1o9bFo1/rYDqbT9EVK/Xqf2RWbN4ej68vqAcVT7m5QA3Asp5l8AvGm46lOEP9pEfnXJUEaz1D2o21N9pNgjXPfmJiIjVm3W9Zr8yYsTnxgAAAADQzdipeSmWkzoi8pHfng8AAAAA3YzV681+5faUzuQgv8vzAQAAAKCbtUYbkCK9NAUAAACAbnb+aANSpO+kAAAAANDNGFmo3rryJmLEF8YAAAAA0MVY40JMzR5lxIgvigEAAACgizVHG5AivSIFAAAAgC7GqF63WFo3fziVIh/5bSkAAAAAdDFGFssFfczIRz5GGwAAAACATs5t+OL6tpH/peUDAAAAQBdjX2jfNvK/tHwAAAAA6GKMmhfnb/YxI0Z8fgwAAAAAXYwRNW4F3OhRRoz4ohgAAAAAuhcjar8VMGLEF8UAAAAA0L1aow1IkV6RAgAAAED3YnVq61duS5GP/NMpAAAAAHQvZqHjy+UQtcXIRz6digEAAACgewmNC+XU63ULWU5ii4XqyEd+W/4XQzmqdHoXAD47lPMugV803HQow12FnfQx0zn9zchHfisfAAAAALqXUKfT/cqIEZ8Xd7qgnvD02Du9CwCfl3JUQTnvBvhFw02HMvzBbugoDXu3Xxkx4vNiAAAAAOhmrE51Ikud6kSEGPFFMQAAAAB0s+ZoA1Kkl6edLqgAAAAA0Entow1IkV6YdrqgAgAAAEAnMQtRva1fuS1GPvJP8jtdUAEAAACgk1idyNLWr9wWIx/5J/mdLqgAAAAA0Ems1aNM9bbe5bYU+chvtBwAAAAAoHuxVr2Qzqs7Ih/5zbTTBRUAAAAAOolRW78yYsSXxAAAAADQtRi19SsjRnxJDAAAAABdq3klpVa/MmLE58edLqgAAAAA0EnNKym1+pURIz4/7nRBBQAAAIBOYnS6R/lsHzPykY/RBgAAAIAux+h0j/LZPmbkIx+jDQAAAABd7pzRBqRIz00BAAAAPoZZzGVLvNN7AR+IHUftPcqIEV8UAwAAAHwYdW8zmih3ei/gA500G9p7lBEjvigGAIAuYaTWflktfHTPMM+uzs8nap9mnwCgcwQistD5tULkI/824MXoH2+y3vvfTLnYNRbXdhZe5geezwWF93nqo5QSL14dOO/N3fdbL12uGP1lVZ96Ouu/zvuArqBE518bIz886H2nTGg7iy/z/d/OBcVPvMGaksiYvn6//ROvFy7FK9nU5k4yq5QNbhGc7sDw2N2ILJw8ndtY20nmywZZZU/f6NRYuHW046Xc1tZ+pqBpep1JDl/f0NRUn9x4kpdT23v7WVXTDIOYQ3YHRsYmQ462slTLxhUhMMaIiGuJ6HYspWomiU5P//jEZEg6WZKXM9s7WylFK3MmOTzBgTuTwZMDLi8cZMk91Dq+cT2zsR5N0Oh3DyJtBdQoJLdi6XyxXNZrJDk83v7x6bDvEx9toYOq+Z3tjXheLdc4Lf497QkOD09GXAIRUTn2+8KGeqrqwfyTf21+21aV+O5WvKBouklWh9sXmRwb9dpaC9aUvc3oXl4tc5IcfeHR6QnvOcc9U0ts7e0fKmq5RoJN9gXHp0YCJ8ex660EGs2Gi+qIyEf+LWCkdpMkS+nd1OhM+BqHAVOvmWbNbPxtXPupj8CzW/umU8puJjV/RL581wzTND7ltuGmMw3DNE3ePnDcyNerplH9DNOHi/ub25WJgD98eRMXPiWe2fh1WfVEIndHXLJgqondt2vLNeGrhyErEZFZWP3jbdY5cPdJn4uq2Z3t1Zdr9M1M2E5kJOd/2zb8A8N3R1wOq6kkN6LRBbJ9N+1hRMr22y3FFR4aG3dKNqoqidj68grZn055Whs2s0nVEZqRiPTE4vJqyTM5M9vroHJ2d3VlUWdPZgONYlCOLyy+rbiHx+5OOwWzoiR3dl6tiD888DabJ/nDvNU75iIiMpXEypvYoU6cO04VUCO9tpokf//4kEOWrFVNiW1uv162Pv/0TV/oCK5El+fjltDk3Sm/Q+DVipLZ3Xkzz+eeDUlEtYpJ7tGHjyLHjQFiotT4qs2vLc4f2gZGRoZ7HEK9nIltb8y/tX33IGInItL23rzcqIWm7t7z2apqemNt9WVt5pspz+lDYjn2ajFG/tGxO5NOiYzC3vru0jx9/d2Ii66/EiC6qP7TuDcw8pF/nH8284bQdmOab3Ju4HAhuqeFJy6tlndEJR0ryKNfDavzb2OF8H0vDlMAcArzj337F5u99XXt8jiqxZdbGZVCXiKqxGMpCjyaG2kMQ8oPp4xfXm/FiuFpF4nB2e8Cor3VxnNNSpr662FOJY+HyDMx913bVlzu4VzirVbi1KosmdlDxeG/ZydSDray4uA308MuIiKXa1oovZzfTmqBiExkJLbXS577X0+HGhV8j8sfirStmOfTitV/z0VExLVCniL3nnvzL18pp96kGHz4XbBtb1xiJfNbXDOI0Gy4DfjRbqLinvrqfrNhIMkulz8ywtt6PJgo2e22sy/1TT74YUoSmwvKngdc/bfNdL4WCVuJF7a2NPfkk/sRiYjIOfaY9B9X9lKjntO9hI7Bh18N222tjckeVv5xIX9YGXHZ6dorAbqw2XDRXHbkI/9m4Zn4Qb3vUcDmcfTRQjwzMhU4KfI1ZW9zbS+vlTlzODx9g1OTrbF7MtT4xtJOVi1zwekbnrkz6jm3b7Wm7G1H97KqzpkkB0Ym7kZkobD500p9+tvJk5lEpfiLV+rw8+nQOS0CruzGNe9EyO7yDdp+3UobT/rF9vXHt6M7WVXnguwbnuhte52eje/vJhqDtjZ3YHB6JuxhRFRLLb7a9UwMlva3klqZRF9kYnbcklzZjmXLJhN9g5OzE57GZ2Bkd9Y204dalWyS3NM3OTWCmSe3VDW7ubmRyGs6MYc7MDJ6tzkxQN99tZgJzT1t9fA1pjY1p+FVctG1nWS+bJLN4fZEJif8ytJvGyVORCu//W2FyBF+9nzMc+HKq4mFhQP/nUFtfyulapzJnuDUgzE/voY/ALPZTx09BCuzUPOYVM1my4J/1HeygNwfdOymsxq5ZGLi6T9qi2Q5eWk7ruf3DvI2392TI1ctm1IdoTE7kVZQdKd3wHWyQ76wT0jmC0ZEFmvZlGLrmw1d9JvlajLL/LONFzPPyMxDIirmL33D3Cwebh3ociTounQ5uDl4nZMkvFP02LX6yQTpVOFigpWoxixEREfZPJdHA9LJsoG+XlrPKDwcOP03c7pBwqwWYq2tX3slcGGzAeBW0Pd38lJkzkNEroGIfSGW0ANDzUMDz2zObxmjc0+G3VazlDvYU44qfbKTiIgrB1FxdGZuRGZ6Jrq6+ibmeT7he3flvLi5NJ9y3n34JOyymcX0yuLKkjD32O9xVtdjqRF/uHGQ4vndA9U+dP5gp5nbSVD/nJcR2cMDnq293WL/ZOt70ki8nY+We6emZwMuKmc3325nzHpzNww1o5B/7O6Ux2EzlfXXb5c3er6fkom4blSVjW1p+u6zO45qfnthcfXXtMM3cefbGXs1u7mwHN3wP5v2EhnJpcW0bWrmr2EHGaVM/CCrVv3n9fTADcfza4uvDx3j9+YGPIKR319dWZo3556NOIhMQzdN0yRq/t5NvdqahleOLb7Nuu88/Uuvg3QldbCfLQ5OzP3zUOHNz6uVsa8eh62MsUtXznWjmo+us8k7j7/vEYzC29dvl9Y8f3347mkY8N6MbFJhvUNuIiLStQpJ/vYTEsjplMjQK0RnRlfLmVRZ8o05T3K02O+LzTnlgmt0buqk9s/zqbwUmnQQUUXVySGfaoDYZYkUrUwklpUSOUO2YmLzbSynGmSTPZGxsVF/62BydFhg3hkPXQfPRP++fGhyIrI4Qneejnx548PwYZgn7BeWNtdibGTAL4vnHAXqvJheW0inlQq32mV//9SdsOe8KqqZPSyQe8LHiIiXdZPZTxVNZrdLlC9ViaRzXtzElXTBlJvnaH3oSroUmg1wa3Flf09zjz9s/NlLA0Purc39fKRxtCGjVOKOQMBjY0Siq2/0Xt/JKwX/9IOwjxGRLTLSF3ulKBXyvdMTb+bW96uBB5ONUw8FV3B6JP1jPGuEgqNBYX4vXQlH7ERkFvZSvG8mcG4/vhbfP3QMPG98oQq9w8HtN7Hc6IPexiliB3sF1n//QcTDiEgM3p/Rjn5LNF9p75t+0NphsXc0aP8tf2SQ3PjGZ/6hmYhLIBID4ZAzvesYvBeWBSIxFAlsZfOKTl6JyuUKOQZCssCI7K7wxFT4U3/+8Ofg2Y3/9q8b5zzRqFWah7GE2Tdzd9RvJSIxMDY7rv68E88OTV56ar2ulplrrFcWGJHDF2k1mxs9fIw1++muWjnzj8yOeAUiEnonBuXUXl6l3utVIOEiemJlR/WMfNs8r6DGOTHh9O+SMeL8zCkvvLizHjN898bbOzHk4bknAZPXq+Xcwe7Wworj2YNIo/cke5gTfeNOIuKc85Ou2eYmLALxap2IzGqVzNTmEneM35uRhaqyF3u7uGw8edSYGa4kCzXf5DV/6Sww8e03QzXihnK4tbk+v2Z7Nn1u1RFuHGvgwcPZ7e3Y+uLGIolO2evzhwb7Q66T8Qc1nfVMjj2atFG5sLUee/mKf/P1mfP9jNzqelYaftiYPmRyTtZ3hiyszELcvOzELrOwvRKngcfhxso/bCVdC3+PcFvVMjuHteDd484zIRAJrK/FUqO+sJWI7IF+T2z75R9af6DH5/H5vNLxHwNzuOXjQ4gkClQ3zTOrLyqqWeWr8z+dXC3EZE5/lZhvKOh4kd4tRqZcZKQODm19j8+9RBJXYnu6byLYalEw/1DQ9mL/oNI7bCfi5SPN4h5xnxzLXD6XkGztSDW/t7uXUjWjxolqus5lXm1OArYI9uP3IghWi+R0tB4y0UrcNIkkcgdCcnr19+XDPl+fz+Pzu+zoBL6hPCPPZnpPH8p5cWtlqUREREVVJceo76QE2nvcUlVRDbp0Tpp7ICS+Xnk9H+z1ez29/h7Xed2DV63cIjlPrvYjCIx4Hd/DH6eaWl5eLfsePe1v/fYExs7UbzgnJpxuSnAtvvYqxgfbxxOIGhPKZZGIHC6PTNqrzV0lMu0h4tmUKgWHXNRsJpLBTzVDeN0kZmu0IqmuFMXHz8cabUXXvXtUfrW+V5j09DIqJnLcP+O+9tHFanc6iEh2yo/F6o+Le6lxTwQT224HJgUmpgMTxI2yqiiZVHL1xUF6Zm42ZCNyDk5MhjzBZvecS34kGr/8kdxrFMZjprK2sJ533fl6ovkVLQiMavx06a/x+pmGdBuuxOdfH4qTD6daZxJ+wEq6GZoNcEuVkrFMzaDV/5Y8yeO8TntJLRyRicjZ//R7Xz6bz+aPduM7Sxb/7NPJQLO7/nqbYN67z2fCZxd2DQx7Djb3CpP3pIO4KrfGN95hpPZSeo2v/P5f1o7z6pzTXkwZnL7iAg6VvdX5HWFy9t4Dj8SIKjsLP6dOnrWenrp8/qqYa/Lrr8LZfLZQyOwkV1esg49mp7y4PM7NwwSbfNIybDJFxkrvv66Tb06rf/rRD4NH2Xw+l4rF1qry5MzjIfl9v0XxrftJVTOry2+O3LNfTbadImJ32+mgVOZ0cjnUUkkn8dSci0oi+nLD6H80O3nZoUWS7cys6CaRwI+SBcE/Kre2IdGBViE6OdNA03SSZAdRIxVcbS0DyeUS+ZFuEolKJs99Uz0fUhCY7GjNg/qAV8OXi4kOT8DhCQR9yy/m9w7vhMJ2Yq5Q8NQybrebJY3KyQn6ZCrRV2tpcezpg77jss3sksQ1rdLWCcIrmk4O5/kTbnkxMb+wT6MPHg+dzOt735V0OTQb4Fbi2Z0DzR1++mDg1EXIKwfL8wdb2XDz1geC5Av1+0L9xItrvy7tZkYCkcsOE9ZGN16Dy+2m3GGeh8+Z6mELDfnWV5KpoBQve8bDjvNWpu3GjqSB6bkxua2qzvXM5suteGrcExYdPXJ9N6/yUOuoqeSLZr1xWNOUMjnHBjyNigLXSh92qU2r7O+T/X3DxDPLL5Z2lUkv5p3fOk63TIeFfG041CxolSNFt7k8IhEJopVM/fgmXNViSW8rSEx0ecMub3iIjMTyj5tJZWjCR2SlRt+29aqVw6dVza4tv8nL959MBU59vFZfQOY7h3nubR2KtGS6LPn8x7M7Kqm1l9FK8Ey/ADdrJFjb/uTLaqkmuEWhcclU5n3UaiXIfo+0UTgo0lQzh+fTeVMe8IpE5OjzShvposqptQPVYtFgdodAVEwVqt6xc/tNzqgZplVsq5KYqlrmtjDmlt8S3DBIPHfQsvlsXRTbymdJ1bjoPx4EN4sbr9aS4sjTh8FTvRduv9eWTmX04dZZi2bmUCHP3fOax7yYmF/Y5aP3n46c7gF5n5UAPhS4jYx0LEmBsRGfU7LbT/6TvSOTAcrspCvE8ztrb3ZyRaPGiRtHWbUq2O1X9LXb3Q7SMrGMVjE5CX3jESGzuhbLaoZZM0pKfG3lRVRp1LoE/2C/LfdmIVELDpx7gREzEz+o9IxP9Mr29j10eIZGB21KbE8jcgwMeXli4028WDFrFSX95m263Hq57JNJTcYKVU41LbW1lT07ieoKZmZ7cS2RLVU5Ea8cZVXusEs4HNxCYt94WDhcfxvLlg2zWkxtv94qu4ciPkZEkscrltO7cUU3Klpm8+3m8eVtKum15e14oWxyIrOcz+rUmDtCLl8PU/d3UkXdMGr8spXDJ1TLry2/TtlGZ0Y8pFcqeqWiV4xa42hjDw+HWObNwk5K0TSlsLu4tmt4x0ebFXwjE325ojonJ0ftZvOFlapJRFTeffX7339ZicYPs4qmFHK7y2tbmnNgqIeIK+m8tTdwMj3ENTgZMPcX13azRa1YzOysLSUpMNbfaJm4RkeClHmzuJNSylpRSaz9/+zda1/iyNow+osiJISEDhgBEUVQGs+nPk7PYb14vsPev/0Z9t7vnv357vt51pqZnpke226PiMpJERAjRsBACMV+AQjYajvdPdPaXP9ed90XJYQ4lEnlqqqwuataRwKPCJSziuH09I41GLVKpVrR6kAbeqVaqVSbE6yosv/rf9682U5n8qpaKimZ+PudU+IaHsLbu30bKrn3v7z5fS2ZyatqqVxSzzLRrc08cY8OWls//eP1u3g6d6aWSoVccnUtW3X6/M0mSMuJd5spcM+GnWa93f6b7YY4AmNCeW9rM31WuigXcvHVSIHz+ZunXUOJr76Lt06PF9n37xIVeWLaY9FbfwhVvfkndOtG0BU42oC+QUbhtCwMT15z6zQijw/b35wU9CGXPGDeS71PaJrRYHhRHp9u3nmQ4cwMY+78YRALa2nlwBhPcFqJ7Gy8PxJ8L16MSeG5ZT6+t7MR0+qE4wXHQCDUHqgn4qjPdrjXGB69/osY1BPV4r06yRgAAMRAUMoenJUnBME7uUzj0eTmr9HmDVgnR6K7VRYAwOqbXKzsRt//maCM3TUaDhrrObMFAIBwLMPwl9c/zYed6eUWhmFZBgAYyeU4SUTfprRqHRhe8kwshPCmJQ8Pw7IMXDMDl+EshG3epJw4p+YW9+N722uxKiW8II/PT4+2RsCk8clQZXf/7coO4STP2GyIbhbMDABYJZf9LLa9sVupGWARnIPzc14rAIDZE36sbsW33xxT8ij0fM5/48YJx5KutgeEYRmzBUf9P4WhJDIapdreykrX4nc+8HI5JAIwjuknk3uR5M7btA5mXpKnn457W73tajapaLShRdZ+7rzQ5Jx69tTHB54scMmDw1T88KJGiZm3O0PLQb9IANRcgcgz3fc+tXjm5mh0P7GxHjWAsUnDM3MhV/s4ww7OPSOxSKq1A3ZnYDkYEAlcnCi6fbxnPFZLvO18GXBqZSUFwPpm/zUlETn03UJu/yAX20ppRoNwvNMdfhoaxJ7bN8LqXX5uSSSOEjtH5WoDiFmwO/1zj/0uS/OnT59bYrGj1G62XAXCWZ2DE8/CrYV/tJBOqHUKmdXXmc4GOc/THyecAMLo7DLsR5M7f0TqwNkGR6YXJ1pfUG5UNFUF3QBgQD1MK9UGHEV/O+psg3FNNe/tdstG0BWmwIv/72vvA3oA/u//YwgAGpff39BoAJia3yjdaP+gAa3veGj/A4BGowHdj4y6SXr06ekj9bzyOS//B1Fle+V9efT7Z5gsQ3/Zw2nn6LPc0w+6kllZrYReBT/znldGLvJ73v1qDqc+fss+oQ0Xtt9E2JlX9/DbV/9Zn/nnr55XGHMDTKbWd/KaWmHX4/ZDADC1g2bPrVMNzS+Cufv74mgDQn8D/SR1fON9VxFC6P6yep++usPTPobxTP2D9TeWAAAgAElEQVTg+QLbQd8YC2thWex8PlT4ySH05dHiWZEdWnThjYkQQgihDnFi6enX3gf0yQg0uh5hjPFNMforiBz+16sx/ForhBBCCH0zCJi6HmGM8U0xQgghhBDqY+1lEPchn43x/Y8RQgghhFBfal823Id8Nsb3P0YIIYQQQn2pvbahu4QParAe6xFCCCGEUB9rr23oLuGDGqzHeoQQQggh1MeuG23AEkscc0AIIYQQQl2uG23AEkscc0AIIYQQQl1wtAFLHG1ACCGEEEIfQcAE0OjKK2OM8bUxQgghhBDqY6TVL7zMK2OM8bUxQgghhBDqY12jDVhieUuJEEIIIYT6GPn6/VEsH0SJEEIIIYT6GAG4oaeI9Vh/pR4hhBBCCPUrAnBdH/HKilisx3qEEEIIIdTH2msb7mFuG+vvVT1CCCGEEOpjTKMBpnbvEGOMb4rvD/W88rV3AaG/HbbzPoEfNHrosA33FcbUlVfGGOOb4vtDemT92ruA0N9LPa9gO+8H+EGjhw7b8Cd7oJdbrbUNjWZ2uSvGeqy/Wo8QQgghhPpV605Kpg9KrMf6q/UIIYQQQqhfkcvlr5fZZbiMsR7r2/UIIYQQQqifkc6S1w/yzViP9V2XEQghhBBCqH+RBoDpuhwz1mP91TEHhBBCCCHUr4jphhwz1mP91TEHhBBCCCHUr0gDGs1uockElzF0xViP9TjagBBCCCHU54gJTF15ZYwxvj5GCCGEEEL9jDT7hZ0cM8YYXxcjhBBCCKF+dnknJVO7j4gxxtfECCGEEEKon5EGNC7Xv2KM8U0xQgghhBDqZwS68soYY3xzjBBCCCGE+heBVka5YQLAGOObY4QQQggh1L9aow3tvHInxnqs761HCCGEEEL9qzXa8GGOGeuxvrceIYQQQuizGKVT5YJ+7b1An6g52tDoyjFjjPG1MUIIIYTQZyke7Ecz2tfeC/SJmqMNpq4cM8YYXxsjhBDqL3ou8nr77LMzw1TZXl3N1L/MPiGEvh7ma+ewMX4o8QOjRlffHFzNZ/CjCz+ExXLy3Uph+PslNwMAUIq+Xs86Z36ckshffo/9X9YbU9+H5L/0SqrlMproGxBaj2uZd28P5aXno9ydN1FXtt9tloefPvMKtz5Pz2z9mpaeP/Pd/jT0cJX2V9+q3hdPhqwf/qxyvPpnWphfDkugZ7Z+jdLHL+d81zzvL/uyW0N3QCtKbj+ZVVRNpybGZnf5g5M+gen8+HQvkswWNB3MgjQYCAe9YuuoRC9OY7HD/Fm5XG0QjncOjobDg0Lzh1TLxQ8OlWK5rOtAeMHuGguGPHzX8ayupFXGFSQAQMuZaDyRK5YNYG3S0PhEyMN1nkm1fDwZy6lljRKOl9zDj0Nu8fLH9OxIAfuo+dN3FX0LaoVkfC9dKGp1Cmv/Ppbcfn/IJzIA5eS73/c+mLfEDCz+NOUicHuzKURWVtLV3hcOLv8UvnJeppWzVPwod1bWKjUKFl4a+ISNoOZlQ+sem6Z2TxFjjD+Mv3ZD/csMXSfO8e/nev7qCWMBAKNaN4y6AcAAAHDyyBBrs37KwcGo12qG8VdfdXEcixa88oDQ6nLRqk4NzQC482XDRXZPsQjsYSzvmXfdtuPUMKiu/+U9RA9HTTf0QjKacy14zL0/qef3kkqVsgYAACMNDntBYr/Mm37ZraGPovm93zaKks83OSYKjFHMpHYiG3XmWetDN862/9xRbMOTTwZFqCnJ+PZKBF7OeK0Aenb197guD/snx0TebKjZvWj0HVheTUkEQI3vxFTROxoct3EWqKmZxO7GFlifhqX2GxtKtsh7ZjiAamZtY/tCCs3MD/CgKantrbUqeTLvarY6Lf1ubadi9wcnp2yMUVGzyeTbLfbHOUfr8qRwUjA7guKn7yp6+Kga3VhNmzyhybDMM7RWUfOp5OYqXXo+ygmj8997us5UtHa4tZ4iDnvzs7+l2QA1DAOcwVczA50jILF8cEbXDrfieXZgJDQs8haolnPJ5Oa7Ovt988LgjhtB0BptgK68MsYY3xA/QIRhWcvH/vAt8mhQ/od26IughWTWcE8u21O/JXMVlxcTvn2O2Hktlii4JpxdbZ2qqdgFZ2daA27E5g6Hv9w7ftGtoY8icvC7nyzW9uCCKPG10kosXwSPAwAq6UQOXItLY80cibAQ1l+/jyVK3ikRWPf8KxdrbfeFxBBXLv52cloESQKQJpZedb2LaPefZnbKFxTaHXVDOVF5edoKoB7FFHbk5ZRfBAAQxSnmYmU1ni27fAKAnonvXkizL6Y8zStJSZQ9vq4N08Kxapanxc/YVfTg0fNUpmIPP5v1WQAAgBNEUfaNUSAAAMRstXZ67FQ9yqns8DN38+x2W7MBAABCLLyVu/Vcz/ufLPsvH4mCxBTzb8tlHeT2GfQOG0HQM9qAJZa3lt+qWubdu0N54fkop6c3fo6cd4+T2gOLLycEo3ScSGTzZ5pWpYS3Dz9+HHZ1RgaM8+z6Xlop6tTCD44Gp8baSdjmmP5JUasRRnD6w8GAg2Te/bGpNABg75df9wCY4Zl/TfPQnC0QicdyxTIlguQOzwXlm1K5+kni2Ox7LrLWYXl/P6F6epJxldO9SPKoUDEIK3lGA3zXb6Or6UTm8KRY1mrA8U7v+PyExABAKfn6XTUwLWSjh4ULytjliZkJRzkRiZ2oFcoI8uO5kNdGWr/Rzn7suKxRwloFdyAY8namSaCvhdiGQ+aD6IH2coxv11UP98/E4Cjd2m9VqPHX6/Vwc0LdTS0BzjZ/jlsej0I6eaRWqUX0PJ6cFNSdyEG+qFNOGH48OdVs+d1bQ/+Aq4lPxkxM0Opl1RRFY+RA10WjMOTmU8dKGUQBCNubVzBxps5Lu9Fq4eCoYHFOdj7UupIr8p6gFaB8plZtjmGxs0NOr5PJFs50n8DWlZxqGZz33HTIosWsQuR58YvtKnqQaIMCx1z5PMl1h5BqZj9bkx+Pt05ttzebT9oVvZSJn9akUTdm3f465h70R7F8EOW3ilZ1ozlHiPXN/Q8vbXa0DWXvty19xCcA0LJyWuWHpgKS3Qrl9O7qxr79pxlvs79M1d1tMj49NymCnj/YjGy9h6XnYzyAln63sU/88y9mnCyUc7G199vk+YJ/6ZVHjf/+VvW+XPBbCSEAUAVolNPxw8DE/Cs7q6u769H1iPSvhYFru2Slg7Qq+WZtAOAY85I/46ehpcFW352Woqs7R5ah2ecjTtZQM/FITKNcK1VnFE+Vuj0wO+YUWKqm3q9FdxxPZ2UCRq1WVXaTltnFZ/OMdrixub3ylre7p5afSUQ7XNvcjhzLT4ZYADUa2S4OLL6cc7J1rXCSyJxXvIJ43U6ifxZxTnjZP+MZ74yXBQAw8skD8D6Vmd3Lpxi1antC3Y0tgRp6VcvtHo/Pzf0oghrbfr+1pliFwPTcZOthXP5hysX0bA19BbqSVcnAqB0AAKrlCnBy94IEsNk40KsVgA86VVo+p3HOoK1TU078sbZXbAAAMGJgKdzp/dNCrsB5QjwAVIpV4IWeLpZV4EAtawCspl6AzWMpZfZ3EqdFHSyC5AsGA7Kl9czzkzPimJE+f1fRQ0Ykr8ys70cSZGxYFtibMw6GktxX+ZHng+2W+PFmQ43i4XY2rZS1OuHtPYsWeujZldexggEAQGyexec9S8LuupG+h6MNWN6xfHioEv1f/73bVWH1P1kO3T7g3ezJ6yeRHdUxteSzAgCRxqYuXySNDg3E4qcl8DqaFYwrHPY7CACw3tDsRfG3gyN1bMKupPeL0uQPXicDACB4xkO5N3sZzT/BEzNpvVHXEYnIY/MTAywAsIMTI4e5g0IRBq7ZU3oazxjydOt4KvqGhNeHhxeDAVvz9z08qgjjy0GXFQAs8thkqPDH+kXrpYwcXLicjCWPjEjZ1JkGcvOoyw5NBGUbAIh+nz22UfWEx2QrAIj+UXsscl6EIRnqFxWde+SSrQSACLJ39kFN7frGsUOPBzPv98880w5CS7G9sjwTspLza597a0sAYXQi4OAAQA547AdxGJnwNx/6Pfb0UaEMLpwy8pVVM1vJojT2XWtdQZ1SIExv/4YQoNSgAD3VtJTcTejO6fHuAUrBv/TEZdBGTTs9SsXebfHP53yt48nJKesctwEApZQC6U0MExMDtNYAAKNWAyO3v0758ekZgampB4mdtQ39yWJYIgCgZs/qzuZx9zN3FT1oZtfcwnw8nthd21sD1iY4nLJnZMgjXhl/KCf2FXBNBzoZqdubDQEAUE8V52h4XuAaWjYW31yptlc+9GLdiy+lKqWGVszEk+/fMi+ejYkEWo3vjhvpe800ZXdGGWOMb4ofGOIMvuxe4fTBIPgNqumN/aI8+dLTypbRi5NYLKsUq0YDAGiVGq5a+yxHhIGuoVPRYWdTWkkHplTSDW3nj5W99o/qNeCEm+4/aOJstsscH8MwQBvX3vGwkj7MmwdfXM4isLr9cmoneeafdhAA7Vyj1oGBzu9olmSetC8bwChlYodHZ1rFoAC0qjU4W/tjJZzQzvURhiEEhMsUH2GAGgYFIGbZK+9ubf+uD8iyJDudThtOH7hHxPEx+2+JWGnBW4hled93t3S3bmsJJt7WThITM0PMjK09H48xk1Y3EX1FtdzGxrbmXHx6mShlCAFq9B4wKAXC9Ha0aDkdeZugI93jCQAAQFhOYAGAFyUBym/3U6pvSgKgSq7IuUdFaCc5dNrTt6cNA4jFBABAoKGW2OXvg80jkzg9Ddrb3YOzkDRAoJQ5pfJMc2nr5+4qetgI55qYck0A1bWiquZz2e03R8czS/PtUy0A6JnkYVkYX3B0TX/9SLNxjgZnR51eqbkRIbTEaL9upXKatzNps7MHjJVnAMAmSBLR/hOPKaMLLvIXN9Lvmh/NV89kY3n/ywfok1Y4lZM7u1X34lL7sEXPtt/ung9OLjx3CAwBerr+n91bXt46thkNYg+8eHHXVAW5y39hWkoclKhW+uO/s5062gBymJlw+K49v3aOtPXMxua2MbS48Fi2mgHqmbd/xHp24Mr+XIP1hH+USoqiFgrHkb1d6px4uoBTQ+8NZmBi9PDN+oZSp8NL7pu7Wx9pCVcaIuZ675Nafntj89w+/yzUtfbJarfC0YVGoXOsu7ioAtszp6iSia7s6UOL86Hb0vecYCVGpWoAMPQ8e8bIAaH9HhwclSsAnRRwuVwFTuABmiUj2jsb5kSRpedVA4BV8wXqDD8iX3pX0QNGWF5y8ZLL7dx4s3pw8tjTPlHSUix+ZvHOjvTOh7u92TCS29uzdWHAaipc6AC39vgZm8DRwkWteQ/DT9xIXyLX9RHhhr4j1vdz/bfD3MxVXIeqyY0EDcyPdYYQ9HKpxsreAaGZ2dCrle60By2fFjoPS2dFg+NFFniHQLRCQb/uPQhDoPEJE8ONfCpbfRR6tvz9qyeX//vx1ZSXO08lSgDAP+JJpah23rReULT2zmnFCyq4huTW3SoqxeqnfKbEKrp8vvDczKvnfkZJH17c4TXonyKMjrkaparDH7htxcmXaQnoH1dTIhubBWH2SdjVc1FodroEqpx0HYfK2WONc8qXqwUquchKtOJenA87ekYIqVHvPQ5qxYs6w7FM85apxOFpNyRBlriLs6NS56WF44IhOB0sAPCDDg4uSsXOtmqlkk6sPANQyp3VHIPtw+mn7yp6+Kiuf+RrAyvp2FHNMX51ZtpHmo2h13q2S8tnlQZnu5LRosaVd9dLxSqw7duT3W0jCHBtA5Z3Lx8gauh67cr3NjAErHYe0vlE3hFw8tbuOwFRNbqVJeML/u6FUKwocdX8wbFPcPNUTUWPigBdxxKq7EfT5qBHhHL+YCtVkUJTEgDIo+PC2s5anEwNy1ZSLamZ1FHVMzvrMYNVFC3JXOzYFZZ4xsLe9VZE2mFStXjn/RLfe0jlHgcdv0YPc+NTHnlk2Lq+uxZnZ0acjKFm4jH18tsgeKdIDo8OFU9QZmvKXjJ/7SXNbcrpjbTmGh6RbVbSKBXUKuHsOIXgXiHS9JNlneVvbVOf3xLQP69eiGy8z1nGF8ckqFYqAK0bTJsJgNXr9xxsb76zTE4072q/n9Idl3PD9Xx0ZatoC08HrEalYrReabUwoKXevkvUpWG/WxZ5plFVD5Oxss0/8wiAqscF88B0ZxmLOBJynWyuRayTIzIHF0pqOwuuuaFmv00MjLmPdzfXLJNBt2jWzw/ju6p15PkjAuWsYjhDjy4PWZ+6q+jhq+Tev05Recjvddh4xlyvFXOHu3ninhlsnU+Ns91kmR9Z8H5wWrm12ZRjK2tHZnlkdFC2ccQo55LJDAzMezkAMJT4+gH454IyPVn/Zf9Cco/6ZLvVQozi4X6ywLmfthYI3bYRdAWubcD421zbwLAszcV+/k/3/AvgfQs/TImMJzitRHY23h8JvhcvhjmWYXgGAIx8+uiiTqOr/xVtPZ84Qz8+cYcXQtuR5O//e4/wj4YfB0fKcdr8NgjGwnHy+KR4vLux27wB6/jM1GhzTJP3L81Z9uKxlbfrBrA87xgcmWgeoYg0OTe2vh1f+aVObN7lVyMcS5iunh5hWMZssUCvyllelwKBa+7swHr8w4nt4wL1uMTw8iSJJLd/zxqElTxjc1Pkfbp5YWJ2zcyGtvY2X/9mEN4ZCIbcWoI3N38Li4V25hYzFs5CLveGWMychbAEAHiHi1OSO39s6ToF1u70L0548Hz+tVlYxlIzX356xMp3XdMyHMu2jvGdj/XmlkAY1sKaL7/phLCMhe102QjDWhju6tbQP8JQEhmNUm1vpbNcCoAPvFwOiQCMY/rJ5F4kufM2rYOZl+Tpp+PtaR/VbFLRaEOLrP3ceaHJOfXsqY8PPFngkgeHqfjhRY0SM293hpaDfpEAqLkCkWe6B60snrk5Gt1PbKxHDWBs0vDMXMjVHhBgB+eekVgk1doBuzOwHAyIBC5OFN0+3n2b3k/c1auHQ/TwWL3Lzy2JxFFi56hcbQAxC3anf+6x39VeQ1jIFohrduy6W6re1myE8PN5eyyViu+mtDowFsHpXnw22hyRMyqaqoJuAFjdiy+ZVOwovbujVeuUsdidQ8vhy2kFt20EXWEae/4/70EmG8v7Xv4//+cQADQuLx8ancuJRvsHDQCARtc/AGg0GtD9yKibpEefPvCnnlc+5+UIPQjYzvvEPf2gK5mV1UroVfAzb5pl5CK/592v5q6/lzT6NnxCGy5sv4mwM68mPu1LF74dn/nnr55XGHMDTCYAMDX/mQB6HrcfAoCpHTR7bp1qaN3w4s4uRxuwxPKjJUIIoW+d1fv01R2e9jGMZ+oHzxfYDvrGWFgLe+fpuei+aV5hmLDE8g4lQgghhNCnEyeWno7isoGHqnnZcB8y2Vje/xIhhBBCCPUpHG3AEkcbEEIIIYTQR+BoA5Y42oAQQgghhD6ie/W0CWOM7xAjhBBCCKG+033Z0MAY4zvECCGEEEKo73x4r9ab8spYj/UIIYQQQqhPfXjZcFNeGeuxHiGEEEII9SlyL6a9YHz/Y4QQQggh1MfIvVhki/H9jxFCCCGEUB9rjzZgieXtJUIIIYQQ6mPt0QYssby9RAghhBBCfQxHG7DE0QaEEEIIIfQRBEwAjRtyzFiP9TjagBBCCCGEWqMNphtyzFiP9TjagBBCCCGEetY23KvcNtbft3qEEEIIIdTHyCfmnrG+3+oRQgghhFAfY67mlTHG+Nr43lDPK197FxD622E77xP4QaOHDttwX2E6eWUssbylvDekR9avvQsI/b3U8wq2836AHzR66LANf7IHerlFvn5/FMsHUSKEEEIIoT5GGl29Q4wxvilGCCGEEEL9jJi61r9ijPFNMUIIIYQQ6mekAZ28MsYY3xQjhBBCCKF+1hptaJVdOWasx/rueoQQQggh1M/aow0f5pixHuu76hFCCCGEUD8jJoBGV1650ZVvxnqsv6xHCCGEEEL9jDQATF15ZVNXvhnrsf6yHiGEEEII9TPSk2PGGOMbYoQQQggh1M9Is0PYyStjjPF1MUIIIYQQ6mfE1OwXtrPLzRi6YqzHesDRBoQQQgih/kZafcTLsjvHjPVY365HCCGEEEL9jJiu9BQbcLUG67H+azdThBBCCCH0dXWNNpiu6zViPdYD4NIGhBBCCKE+RzrzUhrQPUcF67H+Sj1CCCGE0OcwSqfKBf3ae4E+EYHejDLGGN8UI4QQQgh9juLBfjSjfe29QJ+IXN4mB0ssby8RQgj1FT0Xeb199tmZYapsr65m6l9mnxBCXw8Dja5Z7BhjfEP84KjR1TcHV/MZ/OjCD2GxnHy3Uhj+fsnNAACUoq/Xs86ZH6ck8pffY/+X9cbU9yH5L72SarmMJvoGhNbjWubd20N56fkod+dN1JXtd5vl4afPvMKtz9MzW7+mpefPfLc/DT1cpf3Vt6r3xZMh64c/qxyv/pkW5pfDEuiZrV+j9PHLOd81z/vLvuzW0B3QipLbT2YVVdOpibHZXf7gpE9gOj8+3YskswVNB7MgDQbCQa/YOirRi9NY7DB/Vi5XG4TjnYOj4fCg0Pwh1XLxg0OlWC7rOhBesLvGgiEP33U8qytplXEFCQDQciYaT+SKZQNYmzQ0PhHycK3N5CP/Xjs1enaY8z97GpYu9+/sSAH7qPn2XdXPsrHEcaGkadU6cLzkGBqf8joZQN+KWiEZ30sXilqdwtq/jyW33x/yiQxAOfnu970P5i0xA4s/TbkumyOt5vd2oxkIvJrzsd3Pq6sH+9GDQlGjwPGD3sDUhIOFq2jlLBU/yp2VtUqNgoWXBrrbXiGyspKu9r774PJP4b92cu8PDHTdeRNjjG+MHxpD14lz/Pu5nr96wlgAwKjWDaNuADAAAJw8MsTarJ9ycDDqtZph3OGJPS6OY9GCVx4QWl0uWtWpoRkAd75suMjuKRaBPYzlPfOu23acGgbV9b+8h+jhqOmGXkhGc64Fj7n3J/X8XlKpUtYAAGCkwWEvSB+eSz/Jl90a+iia3/ttoyj5fJNjosAYxUxqJ7JRZ561PnTjbPvPHcU2PPlkUISakoxvr0Tg5YzXCqBnV3+P6/Kwf3JM5M2Gmt2LRt+B5dWURADU+E5MFb2jwXEbZ4GamknsbmyBtau7byjZIu+Z4QCqmbWN7QspNDM/wIOmpLa31qrkybzL3DrOMAOzz4POztGIYbsuKWnhpGB2BMXbd/U4sp0FeWh8lBc4c62sJvbj7zfM3y+5saF9E6ga3VhNmzyhybDMM7RWUfOp5OYqXXo+ygmj8997us5UtHa4tZ4iDnu7RRlqZmszcVIFSvla7+VF+WBzZa/uCU9OOy214vFeZHulPvMyfCUPqB1uxfPswEhoWOQtUC3nksnNd3X2++aFATUMA5zBVzMDncMosXxSt+Db1x5twBLLW8sHiTAsa/nYH75FHg3K/9AOfRG0kMwa7slle+q3ZK7i8mLCt88RO6/FEgXXRFenDaiail1wdqY14EZs7nD4y73jF90a+igiB7/7yWJt591Fia+VVmL5IngcAFBJJ3LgWlwaa+ZIhIWw/vp9LFHyTonAuudfuVhruy8khrhy8beT0yJIEoA0sfSq611Eu/80s1O+oNDucRnKicrL01YA9SimsCMvp/wiAIAoTjEXK6vxbNnVHsk0M1Ybd8OxiBaOVbM8LX5sVxdeubv2RmQr+d/TZR0ALxu+BfQ8lanYw89mfRYAAOAEUZR9YxQIAAAxW62dHjtVj3IqO/zM3W5RtHxWAN/0947Cylu1d7NnsVjZHnoy6+MAAGzBZaj+vHWQC0jennbD+58s+y8fiYLEFPNvy2Ud5PZ7EGLhrRxeKXxUe7QBSyxvL79Ztcy7d4fywvNRTk9v/Bw5705k2AOLLycEo3ScSGTzZ5pWpYS3Dz9+HHZ1RgaM8+z6Xlop6tTCD44Gp8baSdjmmP5JUasRRnD6w8GAg2Te/bGpNABg75df9wCY4Zl/TfPQnC0QicdyxTIlguQOzwXlm06V+kni2Ox7LrLWYXl/P6F6emZXVU73IsmjQsUgrOQZDfBdv42uphOZw5NiWasBxzu94/MTEgMApeTrd9XAtJCNHhYuKGOXJ2YmHOVEJHaiVigjyI/nQl4baf1GO/ux47JGCWsV3IFgyCvgDIKvjtiGQ+aD6IH2coxv11UP98/E4Cjd2m9VqPHX6/Vwc0LdTS0BzjZ/jlsej0I6eaRWqUX0PJ6cFNSdyEG+qFNOGH48OdVs+d1bQ/+Aq4lPxkxM0Opl1RRFY+RA10WjMOTmU8dKGUQBCNvblzdxps5Lu9Fq4eCoYHFOdj7UupIr8p6gFaB8plZtjmGxs0NOr5PJFs50n/DRTj0tZhUiz4sf29We1xilk9hRVfC5xWu2iB4i2qDAMVeaHrnuEFLN7Gdr8uPxzqmNSGMzCwBQKlx97rlSoEKg64zMuAYHYDevUu/NQ/FUL2XipzVp1I1Zt7+OgfYtNpt5ZYwxvjb+dtGqbjTnCLG+uf/hpc2OtqHs/balj/gEAFpWTqv80FRAsluhnN5d3di3/zTjbfaXqbq7Tcan5yZF0PMHm5Gt97D0fIwH0NLvNvaJf/7FjJOFci629n6bPF/wL73yqPHf36relwt+KyEEAKoAjXI6fhiYmH9lZ3V1dz26HpH+tTBw7TGvdJBWJd+sDQAcY17yZ/w0tDTY6rvTUnR158gyNPt8xMkaaiYeiWmUa004MIqnSt0emB1zCixVU+/XojuOp7MyAaNWqyq7Scvs4rN5Rjvc2Nxeecvb3VPLzySiHa5tbkeO5SdDLIAajWwXBxZfzjnZulY4SWTOK14BT+r3AHFOeNk/4xnvTDPBZuSTB+B9KjO7l08xatX2hLobWwI19KqW2z0en5v7UQQ1tv1+a02xCoHpucnWw7j8w5SL6dka+gp0JauSgRHAHWMAACAASURBVFE7AABUyxXg5O4FCWCzcaBXKwAfLGrS8jmNcwZtnZpy4o+1vWIDAIARA0thz+VlAC3kCpwnxANApVgFXujpYlkFDtSy1h4LqOtKMrqXLhSrwAj2oe41EucnZ8QxI91pV2k++u+NE4MCgIn3PH46hsuyvhVE8srM+n4kQcaGZYG9OeNgKMl9lR95PniXUSaqVQ1i7WmaxGrloHBRu2ber55deR0rGAAAxOZZfN6zJIwaxcPtbFopa3XC23tWPqBuzOUtNpt5ZYwxvj5+gKgS/V//vdtVYfU/WQ5Jt7wCoNmT108iO6pjaslnbeY5pi5fJI0ODcTipyXwOpoVjCsc9jsIALDe0OxF8beDI3Vswq6k94vS5A+t9XyCZzyUe7OX0fwTPDGT1ht1HZGIPDY/McACADs4MXKYOygUYeCaPaWn8YwhT7eOp6JvSHh9eHgxGLA1f9/Do4owvhx0WQHAIo9Nhgp/rF+0XsrIwYXLyVjyyIiUTZ1pIDfPyuzQRFC2AYDo99ljG1VPeEy2AoDoH7XHIudFGJKhflHRuUcu2UoAiCB7Zx/U1K5vHDv0eDDzfv/MM+0gtBTbK8szISs5v/a5t7YEEEYnAg4OAOSAx34Qh5EJf/Oh32NPHxXK4Lr9Lwj97aqZrWRRGvvO1Uzc1ikFwvT2bwgBSg3avFfiJVpK7iZ05/R49wCl4F964jJoo6adHqVi77b453O+1vHk5JR1jtsAgFJKgfQmhomJAVprnxuooeZV//iMT2BqxcPEzsbG5coHNXtWdzaPux/fVeKa+O7laB2orp7E9ndXI5bnUxIOaX4TzK65hfl4PLG7trcGrE1wOGXPyJBHvDL+UE7sK+CaDtwtI2VQCuYrQxZmYgJqXHf3L9a9+FKqUmpoxUw8+f4t8+LZmEha9xQF9VRxjobnBa6hZWPxzZVqa9UN6tUZbcASy9vKB4g4gy+7Vzh9MF5/g2p6Y78oT770NKdgAr04icWySrFqNACAVqnhql2e5YSBrhF30WFnU1pJB6ZU0g1t54+VvfaP6jXghJvuP2jibLbLzArDMEAb197xsJI+zJsHX1zOIrC6/XJqJ3nmn3YQAO1co9aBgc7vaJZknrQvG8AoZWKHR2daxaAAtKo1OFv7nE84oZ3UIwxDCAiX2UjCADUMCkDMslfe3dr+XR+QZUl2Op22a2Y6oK9FHB+z/5aIlRa8hViW9313y43BbmsJJt5macdmhpgZWztjx5hJVzcRfSW13MbGtuZcfHqZKGUI+aCTRCkQprd/TsvpyNsEHekeTwAAAMJyAgsAvCgJUH67n1J9UxIAVXJFzj0qQjvJodOeyxDaMIBYTAAAjHNkds7i8rSmLIpTs1D5c/tAMVxuBkqZUyrPNJe23mVXzVYbDwCCTVhmaz+vHeTGJR8ubvg2EM41MeWaAKprRVXN57Lbb46OZ5bm26daANAzycOyML7guOO1IsMQqNPeJlWnjQ+uTtt7wFh5BgBsgiQR7T/xmDK64CIA4BwNzo46vVJzT4TQEqP9upXKad7OzE/UwsD9+ToxjO9z/BB90gqncnJnt+peXGoftujZ9tvd88HJhecOgSFAT9f/s3vLy1vHL6NB7IEXL+6aqiB3uTKjpcRBiWqlP/4726mjDSCHmQnH9WfWztG0ntnY3DaGFhcey1YzQD3z9o9Yzw5c2Z9rsJ7wj1JJUdRC4Tiyt0udE08XcGrovcEMTIwevlnfUOp0+Labz3ykJVxpiDhIf5/U8tsbm+f2+WehrrVPVrsVji40Cp1j3cVFFdieiRuVTHRlTx9anA/ddqNpTrASo1I1ABh6nj1j5IDQfg8OjsoVgE4KuFyuAic0+1RWR++RzmK3W+FYqwCIar5AneFH5O67eokIfM88KPStICwvuXjJ5XZuvFk9OHnsaTcfWorFzyze2ZE7n1eIleNouVzprGwGWilXoZP+uAljEzh6OZeJkdzenu0KA1ZT4UIHwMuGqwg0GgBdeeVOjPVY31X/DTE3U1zXoWpyI0ED82OdIQS9XKqxsndAaGYv9GqlO1tGy6eFzsPSWdHgeJEF3iEQrVDQr3sPwhBofMLEcCOfylYfhZ4tf//qyeX/fnw15eXOU4kSAPCPeFIpqp03rRcUrb1zWvGCCq4huXW3ikqx+inXgsQquny+8NzMq+d+RkkfXtzhNeifIoyOuRqlqsN/6/j+l2kJ6B9XUyIbmwVh9knY1dONNjtdAlVOuo5D5eyxxjnly2UBlVxkJVpxL86HHT0jhNSo9x4HteJFneFYpnnLVOLwtBuSIEvcxdlRqfPSwnHBEJyt2+MbNb1nQ/ViUQeetwKUcmc1x2D7cHr7rtav3CvaKBY1arHe/fts0L1Gdf0jXxtYSceOao7x8b/yHUp22WEp5/Kdr1ww8icqSK6r26DGlXfXS8UqsO3bkxl6721dafms0uBsmBa7BgMm0/UzUrAe67vrHyJq6Hrtyvc2MASsdh7S+UTeEXDy1u6hUKpGt7JkfMHfvRCKFSWumj849glunqqp6FERoPuO5Mp+NG0OekQo5w+2UhUpNCUBgDw6LqztrMXJ1LBsJdWSmkkdVT2zsx4zWEXRkszFjl1hiWcs7F3n7WqHSdXinfdLfO/hkHscdPwaPcyNT3nkkWHr+u5anJ0ZcTKGmonH1MtVYbxTJIdHh4onKLM1ZS+Zv/aS5jbl9EZacw2PyDYraZQKapVwdswC3itEmn6yrLP8rW3q81sC+ufVC5GN9znL+OKYBNVKBaB1g2kzAbB6/Z6D7c13lsmJ5pch7Kd0x+XccD0fXdkq2sLTAatRqRitV1otDGipt+8SdWnY75ZFnmlU1cNkrGzzzzwCoOpxwTww3VnGIo6EXCebaxHr5IjMwYWS2s6Ca25IAACgyu679wrnGR1ySzbeZKiZxG6BGV4eZKCcVQxn6NHlIeuWXaXK/q9rqjA0PDIo2nizUcwn9k+JK3zdFxmiB6iSe/86ReUhv9dh4xlzvVbMHe7miXtmsPUJG2e7yTI/suC99rRi1CoGBa0OtKFXqhUAhuUYAkAcgTHhzd7WJgmOtb63ocD55psz8Qwlvn4A/rmgTE/Wf9m/kNyjPtlutRCjeLifLHDup60FQuXYytqRWR4ZHZRtHDHKuWQyAwPzXrxmvcbl2obG9f1FrMf6h3nlwLAszcV+/k/3/AvgfQs/TImMJzitRHY23h8JvhcvhjmWYXgGAIx8+uiiTqOr/xVtPZ84Qz8+cYcXQtuR5O//e4/wj4YfB0fKcdr8NgjGwnHy+KR4vLux27wB6/jM1GhzTJP3L81Z9uKxlbfrBrA87xgcmWgeoYg0OTe2vh1f+aVObN7lVyMcS5iunh5hWMZsuTrCWjnL61IgcM2dHViPfzixfVygHpcYXp4kkeT271mDsJJnbG6KvE83L0zMrpnZ0Nbe5uvfDMI7A8GQW0vw5uZvYbHQzkRQxsJZyOXeEIuZsxCWAADvcHFKcuePLV2nwNqd/sUJD65V/NosLGOpmTv3KbTyXb0shmPZ5pcadn2sN7cEwrAW1nz5TSeEZSyspdMUGNbCcFe3hv4RhpLIaJRqeyud5VIAfODlckgEYBzTTyb3Ismdt2kdzLwkTz8db0/7qGaTikYbWmTt584LTc6pZ099fODJApc8OEzFDy9qlJh5uzO0HPSLBEDNFYg80z1oZfHMzdHofmJjPWoAY5OGZ+ZCrS4XkaeXlg9SiUxyM1YzwMzbnYGFYMBB4OJE0e3j3bfpvXlXiRz6biG3f5CLbaU0o0E43ukOPw3d6XY66AGwepefWxKJo8TOUbnaAGIW7E7/3GO/q72GsJAtENfs9ffO0hJv37Xu9wWQWllJAbC+2X9NSQAgjM4uw340ufNHpA6cbXBkenGidaI0Kpqqgm4AWN2LL5lU7Ci9u6NV65Sx2J1Dy+HLaQVC+Pm8PZZKxXdTWh0Yi+B0Lz4bdWHju47J/+x/XtdrxBLLnvL//b+80J7BBK2o+ePm/7UDaHT9A4BGowHdj4y6SXr06ekj9bzyOS9H6EHAdt4n7ukHXcmsrFZCr4KfedMsIxf5Pe9+NXf9vaTRt+ET2nBh+02EnXk10e931/3MP3/1vMKYWzfINzX/mZozRi4ftx8CgOnyRvom6LqtfvP/M+a/8DfK9OaVMcb4hhghhFA/sHqfvrrD0z6G8Uz94PkC20HfGAtrYe88PRfdNwxA11wUjDG+MUYIIYQQ+izixNLTr70P6JMRgEY7rwwYY3xzjBBCCCGE+heByy8ExhLL20qEEEIIIdS/2qMNWGL5kRIhhBBCCPWv5mhDoyevbLqMsR7rL+sRQgghhFD/ao42mHryyp157ViP9bi2ASGEEEII9axt6M0xYz3W99QghBBCCKH+RaDVJWznmKFrRjvWY32nHiGEEEII9S8C0OwdtvPKGGN8fYwQQgghhPoXafULL/PKGGN8fYwQQgghhPpX12gDlljeViKEEEIIof5F7kF/FMsHUSKEEEIIof5FAOCGniLWY/2VeoQQQggh1Kealw03ZZexHuu76xFCCCGEUJ+6XNtwD3PbWH+v6hFCCCGEUP+6XNtwD3PbWH+v6hFCCCGEUP+6srYBY4zxHqwIIYQQQugqBuCmfDOWWHaX94V6Xvnau4DQ3w7beZ/ADxo9dNiG+0rzsqHRW5o+qMF6rL8vpEfWr70LCP291PMKtvN+gB80euiwDX+yB3q5dXknpe6y8UEN1mM9QgghhBDqX5drG7DE8qMlQgghhBDqU6SrP2jCGOObYkAIIYQQQn2MdPUHGxhjfFMMCCGEEEKoj7XWNtyHfDbG9z5GCCGEEEJ9qrW24T7kszG+9zFCCCGEEOpTpGvF6zU5ZqzH+mY9IIQQQgihPka67q95NceM9Vh/WQ8IIYQQQqiPkfvwLWJYf//rEUIIIYRQP2vdSek+fJcY1t/neoQQQggh1M9Ib465cUPuGev7vR4hhBBCCPUz0ptXNjWuzzdjfb/XI4QQQgihfnZ1bUN3jhnrsf6yHiGEEEII9bPOaENXafqgBuv7vR4hhBBCCPUz0ui65ybGGN8UI4QQQgh9JqN0qlzQr70X6BMR6MoxY4zxzTFCCCGE0GcpHuxHM9rX3gv0iUj7G74al9/whTHG18UIIYT6i56LvN4+++zMMFW2V1cz9S+zTwihr4eB1sx1U9cs9qsl1mP9g6NGV98cXMlnmJxTz576LF9g6/R0/dckN78clu72/IvMm7dHtumlWdl8+3aVjZUIO/1DWPwCO4n6Ai3nD/aTJ6fFqkFNLC84PMPjwUGRfIltGyerv0QVo7eS8zz9ccL5JTZ/vYvMmzcpburZguf2P5a+QitKbj+ZVVRNpybGZnf5g5M+gen8+HQvkswWNB3MgjQYCAe97RZAL05jscP8WblcbRCOdw6OhsODQvOHVMvFDw6VYrms60B4we4aC4Y8fFfbqStplXEFCQDQciYaT+SKZQNYmzQ0PhHycJ1nUi0fT8ZyalmjhOMl9/DjkLvTCOnZkQL2UfNtu6rGf/nzwxS0ZeTp8ynH3/bfFf2jaoVkfC9dKGp1Cmv/Ppbcfn/IJzIAAHU1k0qmz4rlimYAwwsDHn94wmFtvk7PrvwSK/RcvJqk8JPnoxw0X3uwHz0oFDUKHD/oDUxNONgP39woZ2IHhydqUasDYxGc7vHwmKv1BlCIrKykqz3PZwaXfwrLX+RA+m1hABomMDWwxPLW8ms31L/M0HVwBl/NDXZfJTDsl7hmAABqGDWdGHd4JgAAVWKHho1T9rNl2Sfc+lTdMGpw1+0iVE5vvYlo9tHR2ZCdZ4xq8ezoYP+PQu37Z17rHV7+EUZNpxbvwsJjqevkSczXnJK/INY+7B1i7HjN0EHze79tFCWfb3JMFBijmEntRDbqTPvKyjjb/nNHsQ1PPhkUoaYk49srEXg547UC6NnV3+O6POyfHBN5s6Fm96LRd2B5NSURADW+E1NF72hw3MZZoKZmErsbW2B92smGGEq2yHtmOIBqZm1j+0IKzcwP8KApqe2ttSp5Mu9qfkxa+t3aTsXuD05O2RijomaTybdb7I9zjtblSeGkYHYExVt3VRp7/sNwV8+QlhOR1RzvxBTKN4Kq0Y3VtMkTmgzLPENrFTWfSm6u0qXnoxxV4lsHutM7OmW3ckxdK+T29rbfs0svR3kAAFo3gBtZmgt0Tp+EsbbO5uWDzZW9uic8Oe201IrHe5HtlfrMy7DU2+HXEm/XEiAHgo9DNg70s4Pd1PoqvHg1JkLzjG6AM/hqZqBz3CEWK14zXKc52tDoyjFjjPG18cNDiJljLcwdnvn3qhwnzoTAM39xdSdx5p114KEIfSmldPKcG11YDrcSu6Ioyd4RXTd9uZ49sbAc+/deKPRiRB+OtvUicvC7nyzW9rFMlPhaaSWWL4LHAQCVdCIHrsWlsWZmVFgI66/fxxIl75QIrHv+lYu1tvtCYogrF387OS2CJAFIE0uvut5FtPtPMzvlCwrtHpehnKi8PG0FUI9iCjvycsovAgCI4hRzsbIaz5ZdPgFAz8R3L6TZF1OeZjuRRNnj69owLRyrZnlavH1XgbBWrvMi43T3pGIPTHm+/hEcfQn0PJWp2MPPZlsD/pwgirJvjAIBACKHXsmd54qiaOSVHbUKzcsGAADCcJz1w1wIPYvFyvbQk1kfBwBgCy5D9eetg1xA8vYctfiRhWd+q6V99hUkov38rnBSGRPb2yTEwls5PD1/FI42YHmn8ms31C9Hjb/epOOT1qPoYaFin/5pxkvVdCJzeFIsazXgeKd3fH5CYgCAnq3/muAn/ZBOHhUqBmHtnrH5qcEPDlx1Nbn9/kh48ip4XWeHqql02THhsYrOEctvsWP9yVD30Uw/S0eiRydlg3CCPDbWNemJlnOZRPpYKVZ0g/CSPD4z7rURAKgcrP2huGfl872kUqwRwTkyM+c2krvRjFquEUH2z8x5W+f9ymk0kswWNAMsvF3yhSb8DkzifkuMWg0Y4cqpztzu5d/YhMrJtRV1aL7ZhDTK2Jz+mccB6e5to5Z59+5IfjxcSsWyZfDN/xC2fdJ70XIuHo2dFi4M4KzSoG8y7BbhbP3XOL+0HBIBaDmzsx87LmuUsFbBHQiGvM2ZOVVlP76XUctVytgE58j49KjIAC3nktHYSeGiBhzvHPQ9Dru/zGStr+5q4pMxExO0Pq6aomiMHHB2niAMufnUsVIGUQDC9h6wTJyp89JutFo4OCpYnJOdaRl1JVfkPUErQPlMrdocw50DHHF6nUy2cKb7BLau5FTL4LznpmtLWswqRJ4XP7arPUrJZB5ci51eI3roaIMCx1xpeuS6P9B6OZ9IFa1Di48+vtVzpUCFgKtzwcm4BgdgN69Sr6v3b8baM9eAmE1Arn139BHM185hY/xQ4m+FUatqynbUPhyYHHfaJQYM5VSp2wOzY06BpWrq/Vp0x/F0ViZAdaN6kdg58k9OfbfA0kJqfW130y71ro6oF6LrqxkyvjR2fYLUOE1mYGjJQQCs3mEpdpAqDYUun3qRXl1NwdDE0wWZh1I+Gt8tNMDV/Jl2li9bPMEnM4KV6PnI1vZWzvnMawUw9LquxKPc4/kXE1Y9v/Uutvpblh8cW/hukqvk19/FtuKOVxM8gJZY21Hsj5/+NMBDVc0dHSol6pDwQPkNeTTk5t7HdxPs2LAssFc/2pubULWm5/cjEJx5ErSTSi6ytbmZkL6/+4oFWtVrhb0dw+UPL09IjwSA8ie8l56LrmyV7aHHLz2CWS9mEyenF27Rqhs1vVoFEEGNRraLA4sv55xsXSucJDLnFa8gAlW2N1YVLjA5tygxRvE0mVaKPtGu7K1sFR3h8PcuETRlf2v/zzX4bsn9BSZr3Te6klXJwKgdAACq5QpwcveCBLDZONCrFYAPpkRq+ZzGOYO2Tk058cfaXrEBAMCIgaVwp/dPC7kC5wnxAFApVoEXev5LWgUO1LIGwGrqBdg8llJmfydxWtTBIki+YDAgt4+T5ydnxDEj/ZVd1Y93DytSaAZnln87iOSVmfX9SIJce7CC5gKD1XSVAgBYnFNzUz0j81TLJde2Tk7LOnDCgM8/NeZgAahWNYi1p2kSq5WDwkUNgPvwLS63ph6fGcKQ3PVCahQPt7NppazVCW8f6F4ghLox0GiAydQac8AY4xvir91QPwVV9v793/udx0SafDXjAwBghqZnwu1DEiMHFy6HR+WRESmbOtNAbp3F7GOPw81Mhjw24szuFIrUN9A+llTz21vrCjf5dMp3w/GlnD484Ye/bw4iMAN+d3wzcRqYG2gOvBdSR0Xr8HfTbhEAQPLNBc5+3cq3Xir45sLtzVi8fufuakGl3lbSkZHDk4MiAWCHRuWDY0UKNZc5ikN+OfleLRrAM1AtakQMDggMAeCdvr9zGSv6Oog8PbeYTMZ2N/bWKGsT7A7J7R7yys3xh1ubECeH54YkAgCCd3ww9kZVK+C8Zg5ANfX29WFXBeed+WHKCgBEGlueuxw6+4T30o6SpzA0szjqIADADgTmBgCga2lP/aKic49cspUAEEH2zjb/TvWTRNaQZ5ZCzYn1rfpqIq7A0MycTyIAwLpn58uvf0+nSu5vbsZTNbOVLEpj37XWFdQpBcL0Hn8IAUoNCtBTTUvJ3YTunB7vzh0I/qUnLoM2atrpUSr2bot/PuezAQBQ5eSUdY7bAIBSSq+mZomJAVprtIa8jNz+OuXHp2cEpqYeJHbWNvQni83p5Wr2rO4MSX9hV2khdqBYhp57b+n2oQfH7JpbmI/HE7tre2vA2gSHU/aMDHnEzviDM7zw0m8A1UtKZi+6scYsLXjaF5+0qii18WBonDdXC0fRve2V6vzLsGhQCuYrgwZmYgJq3Hb3L+MsvpWG4WVv+2K1uSj/VHGOhucFrqFlY/HNlWpr1Q3qxTT7ha28MsYY3xQ/RNLYi7nBrpmxTGvyBuGl7l6+UcrEDo/OtIpBAWhVa3C29m9MzDZb1+gnQ7oORvQsupGr89NPppqTMa5B1cRB1Tlxme8k8qjb8ubwqDLgtwJA7eLCYB1S18j/owHR1L5soBUls3+gnGs12gCguk7ttH1yJbxwOWmBmAmxCkL7IWNigFIKAGAf9rDvt96vugdkhzQgPxKvzfCgh42Tx8LyGFCjWlSLJeXkcONtQp58PjfA3t6ErPbLNgMMy0DDuH4pvsU7MzfR1c8kLAdQBTBxNrFrWspffy+qnZdN9rFHNzdKs+yVd7e2f9cHZFmSnU6nzQwAcFEsU/7qlCpaPi+Dfcze2ZroFJlssVgH8VuamFfLbWxsa87Fp0PtowpDyAedJEqBML39c1pOR94m6Ej3eAJA8wMVWADgRUmA8tv9lOqbkgCokity7lERAIAQQkCnvX37hgHEYgIAINBQS+zy98Hm4IA4PQ3a292Ds5A0QKCUOaXyTPNzuduuVnJ7GcM948eB0W8N4VwTU64JoLpWVNV8Lrv95uh4Zmn+8tqAWASbBYAXREmorv4WOyp7xgQAYAfGZ3ibZ6B5GBHF8DJ993PiSAmFZYZAnfY2qTptfHB12oWq6dX3J2xoIdw1muEcDc6OOr1Sc0+E0BKj/bqVymneMZwmd1V7tOHDHDPWY33PmMPDQxiL1cpdt6Cu+4BSz2xsbhtDiwuPZasZoJ55+0fshqdewfBcvaDl1ZrXdn1WTM8d5Kp1uvXHf0Uu6xqUwkFCHZm6PCd2/7ftukArJVfXTsWpqacegSUA6v4vb+/+/TjN7ZjlqcUfR86VQuE0l0hEakJoZnlUwHPxN4kwnCRzkjzode/9vJI6Gh8I0M9pQpfbJRYrf81KxCt/G5/cXG/9RgDWE/5RKimKWigcR/Z2qXPi6cJfm3T0bbX2Wn57Y/PcPv8sJHe6/la7FY4uNAqdJS4XF1VgeyZuVDLRlT19aHE+dFtnnBOsxKhUDQCGnmfPGLl95xqrnYOjcgWgk+Mol6vACTxAs2TEris2ThRZel41AFg1X6DOcOva8C67Ws/vHRaFkRm8/e63i7C85OIll9u58Wb14OSx55qcvtXOkUx79hrhXd6e7rtVEll6oRtArBxHy+UKdKYb0Uq5Crzt+rsm0lJm9d0hBOaWR3smyzGS29uzi8KA1VS40AHwsuEq0sood/LKjZ4arMf6Vvyt0ooXVHANya2bjVSK1Tv+skQcnXk6JRQja6vp8nWdn3Iqcf7/t3evbWljax/AbxaBAIEGRKSIclBEqmhrrdN2Zu/9OZ4v8bx4vuK+9t7TmdnWQ1UQEQEPgJpixHAIITwvRETroeMcmOr/1165ljcJiWZBsu6VlfDDsfc/vP7+fff/3EL0WaO0X1KJyGSzcerJidJdQq8cn3XWrlWUGnMM+zrXgGrVRuMhj1xiZrvTNxqefvXqXcwq54ryA94D/rpa9eqtj9D6narQV3nIupjgFKgind49I7PYPX5/ND71fiHASft7VSK7w8EUqdy8Op/1mUCVcuXy3eTymWZxPJ4buTal5Np6WZh+HfVc6S4wujyCLh333NVeKR7WeJe7O1qgXkoupupDL2eiV++IoGutq3/8WqXa4ngzd37LVOb0XrQSBLfIV08Ozi4XLR+WNcHlNBORddDJU/Ws50/fPDtTmcXKEZ2VTprOwYsx0PdvKp3tpY/IO+67+0bV8A3SVfX2z7revNoLpVfkmm428Revqlf7QuuVqsYsFo7I4XaalNLR5SMXtKNjmUTPTc1j/aywtJzXQ9PzwevpM01tXl2/clJv8zZconSDq70NmGJ62/TRsrrsbO9gT/KG3eamlM4dqV+/LBN8sQUuvbi2tqhNzwXtvT0b2tH+Qf3ZxPiAcPWSAMtoaGT3U3ZX8Y0LrsCwWMivJYXpMZdFPztIZcsXJ4GcwyHoh/ldRfRbqXqYyFZuxTh2sQAAD25JREFUGN94t/phMq04Rp57n1k5vVaWGmRxI3PyqNQPP/2UVV1Doz63QzCZqN2oHOW3j3T3+HMbcfpvrkJf7UHVlR8Ou7NrWyu7E9HzIdG7n03BiP/y86Lsr+3XPMMjbpuFtc/KcoPxDjMRNxjy7y+lNtNceEQ0tyrSbqHlm/IPB135jfS6Y3LCayVF2t4oNtzjI49kYEOrnFxbKZnGXgZFatTrRETEOLPZyIgsvoB3N7G+bJocP38YwnZedb4IdX5z9Si1uFGxRV+ELFq9rnWWtJg4quU/Lmdb4nBgyG23cu2GvJfLKLbA1DMiXT4sGwdeXN7YzT4S8RyvryYtkyNunqpSPlEkT/z5+T62h4JDh1vrq6bJ8JDdqJ7u7WzJlpGFZ4yUoqS5IpfXod29qUTNQrpYE4NzGAr9+NRLKz/mdffzgM9ps3LGVrNS2ts6YkNTgxYiOb26WDB6Roafu21WQ0s53k8XNFe0c+8u7WjrPxs1h294xGOzcKSeltJpRQiMuxgROUNB4Zf0xjoLBzvPbSjz/s59vTRp59MuBeJhN0dULa4sZ+vuiZdek1rvNDOYmTczIlIyi6sHRvfI6KDbxjNNKeVyBRqYweiam1yMbehM6Xq+GXHEv83eBs5s5uimyxs5E2+inov8jZ6p6chGev3HDxqzukLhyFAtazUSETEzZ+p97gMzcxxn5BgRMa77ktkTWZgzLa1tZd1zkZ5zFPlYNvmuX0ZMRET2UFgs7p4o44Jg87+co2Rq5+d/bzFe8AQjk6ZExsgREdmDL6e09e21f6Z0TvRMREfqCeX89+HMRsYZu12wHG/iOGN3MzmrkVNNjIgsosdxkkmsbdWbGpkE1+BMHOO7HheLb/4tn88VC9tbmUZT0w2cVRjwTS6EByx3VyHe2FtniJnMJqP5y+v5OKPZZLzpGYmMNzMz35O6ftC6OE/ku3gusbP1U1ojk0Uc9McsRGTmTGaeJyKr08NLuc2fN1RVJ7PDFXg57uWIiLmi8Zf8TmZrLV/TmVVwB8cERpw3Ok+5VCbxn2STOF70jr+JPpbbKGlStlDT9Vp6cTF9GbWG3s5F7ESc88XryXQyt/lxXyWjVXS/mB+7+Kg3ijmpprdrydV/XS5ocMXezPutodezfG53L7+zV23qzGh1uCJz4YCdEcmlMnNP9Ta5TN54XE9tZ9c+pTTibOLwVLwzJJ2IzIPxNyyTzHc2wOEKzYVDdkbVY0l1jPW2Ae7aVCJVOpD5wKO8+RVYfHMLpmz2ILt5oDTaxIyCwxWITwQ8JiISo7PzQj6zv7ueb2i6gbM5nsfikYuzds4be8cKW7vFzdW6qpPZ5nBHZyb9nR4DYXR6jrZTuc2fky3ibYMjL16OdwYvavWaLJOqEXEk7+1LjTYdpD4cXG4U54n9Y3aAkRBdmHFk8vmdrfzFM6Rfvhn1/JnPq/l2GEZf/1//M9mY/uWn//s/w0TU7jYf2m2iTnOiffFCm4io3fOPiNrtNvX+pLUM4rOHHxTk0/pvWRzgm4B6/kT8RXd0vbC4VI+8D4tfMe8dtFLyp6Oh9/EB9B08Yg+ow+XEL0nz1Pvxp34l2m/8+Mundc54ntglw/k/Q+dWNhc/X/xIRIbuRSPd1DB1X+aMv+Izeq234SLH3L4l94z4k40DAMBTYPHNv/+K2e7DeWM/eH+H94FHxmQ2mW/o3IRvA2ufp43bbTq/Zw4ZqE1kMCCOeG+83xUVAAAAvnn28Vfzoxg28K1ihp4cM8oo31bud0UFAAAAgH5i7Z4cM8oo31bud0UFAAAAgH7q9DZgiund035XVAAAAADop25vA6aY3jXtd0UFAAAAgH5iBqJ2N6+MMsq3lPtdUQEAAACgn1ibyNDNK6OM8i3lfldUAAAAAOgnZjBQuyevjDLKN5b7XVEBAAAAoJ9Y50HAF3lllFG+sdzvigoAAAAA/cSIqN15EPB5XpnOc8yII34tDgAAAABPFiPqZpSv5JgRR/xaHAAAAACeLNa9Tc71HDPiiPfEAQAAAOApY+2LJwAbzu+cQz2ZZsQRv4gDAAAAwFPGiDpnip3r2qkn34w44j1xAAAAAHiyesY2EKGM8h1lAAAAAHiyOndSOs8ro4zyHWUAAAAAeLJYt2TonfaklxFHHGMbAAAAAJ44rltq90570suII/6XGtsgn9b7vQkAfzjU8ycCOxq+dajDTwp3nlHunhYauqNgEUe8J/LXIT6z9HsTAP5Y8mkd9fwpwI6Gbx3q8IN9o80tdu3K9fYXU8QR/yt1NgAAAABAH1wf24AyyneXAQAAAOAJumw2fJljRhnlL8sAAAAA8ASxr5gHAAAAAACeNDQbAAAAAADgHmg2AAAAAADAPdBsAAAAAACAe6DZAAAAAAAA90CzAQAAAAAA7oFmAwAAAAAA3APNBgAAAAAAuAeaDQAAAAAAcA80GwAAAAAA4B5oNgAAAAAAwD3QbAAAAACAP4N29lmq6v3eCnggNBsAAAAA4M9Q2d1OFWr93gp4IDQbAAAA4AZqKflj4uQ3Z4Z1KbG0VGj9PtsEAP3D9XsDAP4QcmppRQ3+LT7QbRmr0s5K4sT1ai5i/7VvpkuJxZWToe/eB3/1okRELSmxvK4Mz7/xCXfOpxY2/rMvLrzx3z0bQJecWvplt5u3M3C8RXj2bDgQ8DtN/d0w+F3pdam0nStKck3VDZzN4QmEJ/0Cd/ny53QyVyzXVDIK4mAoGvbZO998evVzJrN3dKIojTbjra7B0Wh0UDh/Ua+Vdnb3pIqiqCoxq+DwBMMRr7Unm9iS9mXOE2ZEpCuF1E62VFE0MtvE52PjES9/OadeO9rJZUqyUtMZbxWHhiciQ/buy/rJgUSOUeN9a2zJu9up3XKlphNvHfSFYuNO85/w14U/SbOc20nvlyu1lk6r/zwUhwKBiN/+xWloq5z69OnUe/2IqTeO0lupAoXex/1XqsXXVRu9VkrvZA/lSqPNWW0D/lAseDlbObm4uN+4Mj83OPf3qBup9S+g2QCPk6aqmqbpnQ41XSmkl5MVR2xq7CEn/kwYHBqxOy0P25RqMS2ZBPNe5sg747nrS0jXNF1VtYetBZ4kTVVJDL6LD3JEpGuNmlIuHGwtfjyITM8H7TjkPQ76UfrDWkX0+yeDdoHTKoX8ZnKtxb2Z9RqJiLSTxH83Jdvw5OtBOzWl3E5iMUlvp3wWIrW49NOO6h4OTAbtVqMmF9Op1DKZ3sdERiTvbGZku280PGbjTdSUC9mttQ2yzEfFixVrUrFi9U7xRI3C6lqiKkamZgasVJPyiY3VBns94zESEVFtf3l1s+4IhCdjNk6ry8Vc7uOG+W9xZ6d5Uj4uG51hO8nbd61R2V1fTLe80ckXLlOzcphOJhZbU2+jIqrxo6DLqbWlfYM3Mhl1Wzm9WZeP8rn1Jf3VwijfO59a2vq0W1Wt9d5DoSYXNtazxw3SdWvzaufX11WbZmF1NVEVxyZn4g5ju3KS2Ur8Upt6GxM5Oj/2auQKv58aMHaXYCYLat5N0GyAR68l5xIrWW1odjbmfmAK1uIJRh+4dr2cK2pDk3OO/Idcqe7xPbDtAXALxpksFp4jIuItNkF0Dz13bXxIbqbEuZgTx73HgLnD7/5uslwcru2itXm2mDmqkNdJRPX9bIk8L18FzzOjwmxU/XElkz3zxexkHpp57zFbLs6F7BFeqXw4/lwhUSQSx1+971mL3RH4XNhUqjpdnHFp0rFsdb+wEMkHGck88jYWsBMR2e0xrrq4tFNUPH6BSC3sbFXF6e9i3vPkrWh3e/09b6yXD2Wj+4WdiO5Yo36SySiOyOtpP09EZAvPUeNfG7ulkOhDj8MjoJ/mC3VH9M20//wozAt2u9sf1K9dKl8tfNqquzzW0tmVhZWTMvlffO8sL36Ur77t11Wb+vFemRuei4bOvxIt1rip+uPSzl7oVejikMyYyWrh8Y15LzQb4HFrHiXX1o9NY/Ozgd7c63mH+3Gl1mSc4ApEwyGnScktL5aH370a6n7bqIWND4WBd6+fN3Ori/Lw97ODHDULy8sH7okRZS9Tqig6E8ShaDzsvu3Aph5nD43+BbvZMuze3s7K3lhvEqT+OZ3MHZTrGjOL3tGQtSeLosr72cLecUWpNYm3unxjM+PneZGT9X/tmCZGaT93IDd0k907MTkpyJvJ3aOKqvPC8MRkzMN3fsfN7cyhUtOZ2SIMhcIRn4AP/FNg8YdH8kt7+ZOoc4DdUtuJSMmtLsrPZ9yn6ZxUqemczRWYmgiJRjrZ/vdGO/YuctlBXy388lEOfB/zMtKrx+nUXrFc04izuoaisaDbQnTxuRg+y2eKCvlnfog+6II+uNH1xCdnZAbqtAWaklTj3CHX5QzC8yFr/lBSyC4QM19NVBh4w+WivfRGefegbHJNXu71llSqWL1hC5FyIjdszuHLXcpcPhdXLJ+ofsHckkqyaXDGe9t3oF4pSsw980V9uLbGU6msCyHPZeKZ8wwO0NaRrPvu7KSFb4Te1onnrlU9dmXX6mfptT0Wjo9pm0dXmg1MDE7NEtFZ+fq7fmW10XWdGOMuI4xjTK8eSc2QH9dz/jo4i4BHS9eUveXdTE2cfhPxXjl21vaX17ZZYOa7KZeZlFJmdSXBFmZHRIcxc3BQHQrZOrPls7JpKGgmqjWamtrUiDjSG2qznNpikYm5H55x6snmyuanpPiP2YEbj2xnu/uy6J+2EZEz6GP/3fkceTXY+dTpZ6mlzQPT8+mFEZdZkws7yUxN5zvXB2iVz1LLEZoOugSzLudXVlObzvlpNyNdUxu10tbhWDz+NzvJmcTKxqpkEUIv4pOdH3fcP8Q8HMmpZKIy8PJt3GVu1crH2cJp3SfgVO5psLpdpmy5UqUB+y21PWAjrdFUj7aTFJ56HXaweim5sb6eFb8fd9ldjuZmthB0dw6oejl/ULH5RUakHq993G74Jr+bdVqoIaU3Py3tzL0Ni0xvqM1yelPzBKJz4+IzDM/5I6lSUWYDow4iImoodeLdvQMSyGbjSW3Uib7YDbWjUo13hW2XESX782q60iYi4uyhV9HLs3+9XCrz3oiViOqVBlmFK1+iFoEnWakRmWtylWxe01lhezP7uaKSSRD94XCo27V7enzCnFPiPWvUaw2NWa6sg1ksPJWrTaIrF7HAN4mJPjf3aTuZZcFht2C+4XjZkjY3S7bxBb+1mfvad/3aamNzuoX8XnLHHQ+6LUyvn6RTss6TWmkQdSqqrlX2EsV9Sam1mNUx0DtACHr9Pzk+emtBtsNpAAAAAElFTkSuQmCC' />
<img width=700px src='data:image/png;base64,iVBORw0KGgoAAAANSUhEUgAABBIAAANDCAIAAACfT6tNAAAAAXNSR0IArs4c6QAAIABJREFUeJzs3etvG9mdN/hfnapi8U5Rd8m0ZFmWZcvytX3tW3q609NBMjN4ZoAAGWCAZ4F9v4P9S/b98+pZ4AFmsQPsYJN5ssl0Mukk3e10u9sXtS1blm3JMnWjJIp3VrFu+4K3IlkUKYkSaen7SYc+LB4WSzJ9zvmdW3GTd/6ZABr5xV93tfsSAAAAAKBtWLsvAAAAAAAAOh3CBgAAAAAAaABhAwAAAAAANICwAQAAAAAAGkDYAAAAAAAADSBsAAAAAACABhA2AAAAAABAAwgbAAAAAACgAYQNAAAAAADQAMIGAAAAAABoAGEDAAAAAAA0gLABAAAAAAAaQNgAAAAAAAANIGwAAAAAAIAGEDYAAAAAAEADCBsAAAAAoP0SKaXdlwA7QdgAAAAAAAANCO2+gLpEFx/0MKeDExkZmpnNGrGkLhvtviwAAAAAgOOn08IGrqvfMTYoDgUFv1TzomEmktrqcu7FmprU2nJ5AAAAAAB7YZqmpmm6rhuGYRgGETHGGGOCIPA8z3Fcuy+wgc4JG1hPyHl5zNHv2iEL5w+I/oA4edYIv8k+eqkmMfgAAAAAAJ1N0zRZlmuP5+MHTSt0hzudTkHonMZ5tY64MuZxXJt2nQk0HWMJLDTmGRpUHz/JPI2aB3txAAAAAAB7YhhGNps1zabaq7IscxzncrkY68Tlx+2/Jmev65Nb7l3EDEW8S7x8zfd+iG//zwAAAAAAUElRlEwm02TMkGeaZiaTyeVyB3lde9TmJrfY7frRFalnz2MejIWmvB+NInIAAAAAgA4iy7Kqqnt7by6Xy2Qyrb6i/WrrJCWP9O4VKbjfJj/XP+m5raS+XsNCBwAAAHg7GNEt5eE9I7Ztytl6eThBZIGgY/oyf+Lk4V5dBX35Te7JjBGLmlq5EcyJDhYIOi5f4weG2nhtHSubzeq6vp8zGIaRyWTcbnfrLmq/+N6Tt9v10Wevec625lfBBbr4dCQXw/ZKB2Z63NnuSwAAADgizEQ885tfmskEaTu2XQzDzKa116/4YDfzdx3e9Vnoq+HsF5+bmTQZlf2zhm5m0trCC75vgHl9LfksJadLjo5YdrtPuVxOq/M3u7q6Pjs7n0ymVpbXslnZ63XzPF/vPKZpGobROYuk23YdnpBrOtC600nC5QkxPLPXoSAAAACAw5J79oSMXXRF55784AqNHuQV1f/op092zqA+fcwPDh/W5bwFDMOwXZmQy6lffvntysoaz5huGDzP67rucDjeeefS+Hjdv9z8hq07hBaHqU1hAxOnxwTHbt4hJ9WFN+q6bPIOfmjQMdbLqn5/zn7nGY/6NN3iKwUAAABoET0TS6cMhzcRKx7pFj/80NHrIsrpD34nL8Rt32aU8x82M1m8JPG087PrvIMn5uD4DeX//bUqt/naOlM2az/rLB8zEJFuGESUn8KUy+Xu3v1O07TJyfEdTuj1eg/ykpvVnrDBOSid2OH+DDW2w+kvZ9ViRKAuryhLU76PQ5WrIhh/ZlSYm9WwxAEAAAA6kKGqskqmqRnl6REpfeYPmVicRj9xXzzHFr6xbcaYatv21TFKdxtQX8n//oqI2JX/4up5rRcPmx2550+76Lpuu2/S6up6Pmawde/ew1BoyOOpO3df07ROmKrUlitgJ07YDzXk0tpWlvN38x5LRKAn5a9n1TRjgyel00FeJCOyloukjRyxqpN4ehy9TIvsIW7wOT+94fQpuW++yywrlS8JwuV3PGc9xvPvU4/iJhF5Qt5Pzwn6Wvrzx/kwm41c8t7q5yLPUn8MFwYcmU+6fcl5QtLv3029zBIx4eotz6SvepPZ9Er6fz5WEecAAAAccbqaSGSzhWDBMDSj2NLJGbEcETGRp2wqf4g789dO/uvsXOrArsbMJdOxrNHMtqBuMiuaL87TjtMO7ctnb1XrRX7z4IVyeupMoKLHWdteeLTkvnB5wKmsP3wQG7g2OSTEZu9HB66d7tnrhj2293QjovnnC7UHu9wuzTBSskJE4fDqDgMOiqIc17BBEEJ2qxrkSObzh7k0EQu4Pr1R3mFJjmtpYmNXfLd6C9/bof4685tcwpCHIsldXxHzCV0C8YLj2oQaeWxdIMH1j7vPBzgivsdHFCcirqubdzKioOhnqmwQMdYfYDyjnm7GwrpBxHzSB9dcQxLpWSOtFi6sPx8zGGSZyWjqb9W/OQAAANgLQ43HsnK9tQziaednt3gPb/zwwBBDjvcv8Z5uRn/lGo6od7/R7Fuh+2NqGbmpmKEGz09d5bdnspF97RF06HRVl9dfrQ9fHbL052fCi1sZQzSISOqbutotOIg0zcjtfd6KaZr1btGwFd0WeP7sUJ+mGwJjPpfkdTpD3QGeZ//33QcpWdn5Rg35M3Pcru9y1lptCBuYX/DbxHDm5lphGpIRz62lpWBxUb6nz3X7Gneit5nfFOsJMEruvTHuGXZdXtG+K955mvmcV0/WXGu9AJTl31KMGdK5b+5n1grL6PMXby7NJL6O4LbWAAAAx0guLdeNGcjFPBH53/+Fuq67P7sqzv9H7g9h7sxPnfyfDnC0gWMCT8oe9p/0TDhOk/aH+bev25MTHPrG4kb/VF9hbWwuEl7XBUfhGXNILbgH2M47ro4P9H54/kzt8U8vnfu3bx85HA3W/Oq63vYBh3Z8vJPZ7eXJ+QM8W9MMInIJPdaVDxI/IjV7bo+fseodwnaFjU06F77JbhlExJ85t6vbSnC8T3q3GDN8XTvfCQAAAI4dTcnV7zF09ojv3BICDiLdePWNnp+koCtEB9qdz3uDHj6ZScqNb1/MUbnflo1OsMgDeevtGmrIkwbHPJHF5WTPiI8RGcmlN+rAaHc0TERERnFuUjm/uv3qxSt9+OpEgOXii/MrMY0xMphv+OzpQL0G/g5hQ3dXYGKgx/algYDv7965mPE1WPR8TMMGl8jZbiLlH/V86lLX0tQ16Ohv5roM0omqbhAtCvsYvlG0pQw/EpSuncx9/lr3DLumg5TbzEV8jlATcQvvcnxwTeiXSE/m/nw/s2YTM3AjlwInytevv3iYehDF4AMAAMDRZdrMSTadLkpuExHJYeX34aomg7nw+6q9eJinpRvpmGo8qjr8nm6HHE9qWr2WCMecPheTJCNTGJgwZn9Vu2Ml19prOzDMe+K09+lCRLk0KMlrK3H/yGV3PJp/zaicm2Qo6/PzYWPw/GSAkbz89I0cmrzSIxLp2/PPXmx4S0MWVYz6HdcXpydDRt3xnf4uX7w7uPP17/PmcS3R/tUVFlyw39Hgd0YkJ7VIXFuNqKtRPedyfnrHaR0Q4Nl+Zn0Zr5/rvhtSz7hrPJobmBAchv70peq80tRWsbxP6CciMrdWlEi9cQZGli8a52jBgBgAAAB0Mpvp7oavi99Yaf4ULNjd2msydC0RS0seV7BbSMXkbE2LlOMFX5dTUOSst4tldtreng/ad6J3Hj44Nrj8w8p2MLi+yoUu+gTVdrtbefnJU90zdnEy4CAiJb6R1oy117MRIiIjR+TTiOzDhp1GG/p6zM1Nrk4GTpIkqUFrc4eY5NC0IWzIqaZe7/ddh57VI3EtsqmtbmkxxfKPL6vHVApahgLUuiFzcx+UlB9HHB8MCjfuCEQkr8mzSbrW3Htzm7klyXHGx/VPet5VU1+u1P7tmksPsbYBAADgONFsmorq6ISwssjJmWZOwAmi48r11l+YaSqpTDTn8Hd5HOlswrJIWnC6Ah5OSaa3cyY3fsG1FSHd/oa6nOhwXG6yodQBHL1jA+szD+Ku0LkBB5H9z8Q7HCyZzShaoHDHakdw/MJoM/co5jiu3pJoIlI8HmciYftSrjNuy9BQG8IGXTZkIk/DfJqxFdM2t7TlTTWSbrapnVX2GYuZyy/lSL+rnxEZ+uxLVSWx2bca6v17qn7DM+ljoSnvu0bq67X2x4UAAADQRppiEzaYvJi9/akQfsUZOieI7p3W43Li+ATnbtxu2hs9l9ve1r0Bd4+kJFKqSrzL6/KwXHw7lzOIiEyPP/PeT72xN0Jtg5jjxDOTnHM3t+JqN8/wqRE55R+2W2ZbIPZNjp9cefHskXx6eqxHCvTw68sbSqBPIqJcMpYWuoJ1fmLG2A4DDprLpSmKoFTPSDF5Xm+0Hjp/8oZ5DlobwgYjoSUMh8f2ZzfMRFLbimrhLTUSNeyDQCvGPBWtejMZ33dLPZ179Eb6eJSl32RfpOvvm2RLUx/cS9EN76SPjUx7iRA5AAAAHGN6LinbtwRMQVRPTRIRcbyj2+Pe1TSM1jL01HY653Z6g06BDCWT3cpULMcwHS524YqjzZt/7gfPhOI0duY5caYYgwkiE4gREROYQ7AkeF9o8qK0MDu75Lg6cvLC6OL8i/thIjLJ4R8901XvY3YOG4hI7upyRaO8qpJpUnE3VbO5bVWPadhAmh5J0lDVYI+hv3icfRrR0rtpZrPuyr1cDX21BSuMza255G/WmBqvc1uFeleYP65pD+6l6IYnHzlkc8kHUZMof1WVS6LJTK9kfjOL270BAAAcSXo6LucaVvOmnozJYo+z6ekNB8HMZbLRpuZMvY2cpy6ftTksDVy5SERErGvqej4YKCXI2Td2rY+IiByBUxcCp5r4GJ7nVbVBp7fmcvGqSpZQgWmaLud4Z4MBh7Zvo7TDPQgOlB6uvUtIVnuxtruYgYgLDQvWQaZcNLe6h02IiYy0HtNITmrFWz6YyXjxpumGHombuqZvFe4iZyaiumxQOq4l8pkNIxI3dMPcihbnR2nag3vpp9umTlSYFZfVIkmT8kuiy/9xfPvjRgAAADgoTd6e6/Dv4rW7T3yLxxkOFc83HjMy7PL88eu5xcWN/Z/8oHGTd/65DR/rkj5+z9Vf0Wg2Fx4mvtnNcuGqm0ljwfGB+sVf1x2SAwAAgLeKmUumY9lmbxQtuFzdPvEQYodESvF7m75XV0dKp9M7rIqWZfXVy9WbvRU/40Yq98eXUSJyOR1Dg11DQ10+n83iCW8HLJtu03hHNje7JvUPW+MGbmzC9Tpauq1yI4JweariXmx6XPkBMQMAAAB0KC2xlSlsdcoJXb1uqW29+JzD5+33tevTjzJJkmRZtn1peTn6dG4l6HcSVYQN25nCvKasnHu1GHm1GPG4peGh4OBgl8cjlU578NfeWLumSZlrL+Vwvztk/XyP4/ZV/YvvlVjDqUqMP3vJM2n9uhvGi2dK8mCuFQAAAGDfBK9X1JKqRszpdbYvZoADZLsCIZfTfnj8ZmMzQUROoXqG+kYqV3UknVHmX67Nv1wTRf7UaN/46QFRbOvKlyK+9+Tt9nyypkey/KkB3vrbFVziSB9Lb2vx+utJnN3Szauec10V/9q2F9NfrzQ71gZ7MD2+w1ZlAAAA0BgniC635HE7JAFBgw0lp0uO9i/83See5zWtPHlmfT3+3f1XyVRhCEJTDafARJ5jHLed0Z6spcIxud7qEcMwo9HUmfETDkdHhA3t/LuR1zJf+7w/GqtY4uHwOd69I05Gci/CStiyB6voEYZ6xdCgeCLAqpaEyJvZr+c17EcEAAAAAO3F87wgCJqmaZr+w+M365GKe1Fncto3S7GKN9TGDGb5YF+v3+vtlDtjtDekMyPzqT8y7/ujfMWmU4zrGZR6BqVbhplWTN0gh8Scda5U3sx+8RDTkwAAAACgIzidzkwmc++7+Xg8s599qASe//CD6VZe2f60fQdQMzKX+vxxLmG7EppxHhfze+rFDOZ2OP35/SbWQgAAAAAAHBa3203cXveu5YiIGMf97d/c5A5/d9762h42EJGZXMn85m766aax0431KuXS6qP7yd/OqukDvTQAAAAAgN378cdX/XZbqTYj4Hf//X+5w3fYHb7atyS6kqkZ66vKq03DdDCfi9VdKWSYiZj6bC7zl2fKegZLoA8PlkQDAADAgToaS6JLOI7Gx4cCAU9kfVuvt3GPWT0iwRFdmj5188bZjhpnyOusvxs5nnv0MPeIsZ5eoScgBF2cU+CISNcMOatvxfVIVEvv6T7QAAAAAACH7MRwz/BQz9NnS7NP39QGCVaM486fC507N9J58UJBZ4UNBYaxFcltRap3sQUAAAAAeLtwHE2dH5k6P7K5lYjHUlvRZDyeSaVkk4hnnOgQBgeC46cHAwFPu6+0gY4MGwAAAAAAjpbeHn9vj398vN3XsVedtdICAAAAAAA6EMIGAAAAAABoAGEDAAAAALSf3yu1+xJgJwgbAAAAAACgAYQNAAAAAADQAMIGAAAAAABoAGEDAAAAAAA0gLABAAAAAAAaQNgAAAAAAAANIGwAAAAAAIAGEDYAAAAAAEADCBsAAAAAAKABhA0AAAAAANAAwgYAAAAAAGgAYQMAAAAAADSAsAEAAAAAABpA2AAAAAAAAA0gbAAAAAAAgAaE3b7B5+EP5krgUCXT+q7yK4pqEpFpEkdkEhGZFX8Q1f0z/6TiWfmwJc3t6oIAAAAAjrSmmkkcZ5OnMlX8P3HFP8gk4jiOSJLE5q9n12HDbpubcGRwRCbHlSIHjjiz+AflDxTyFL7knOXLbnL233auTjgBAAAAcMxVNJ7qNaXsnhRbZ8UDdWKG3dp12ADHVCFUKEYOhWMcFeOEYvBQ+oqa1i8yVyc6qBdOAAAAAEBJ/dEGm+embcCQZ40ZdtkKQ9gATStHDkRUMexQFTxUBQ3WIYjaUwIAAADA3nCVfbNV85Q4ywBEPmAotOP21AhD2ABNKU1JskxPKg471AQPdsMLO303ETwAAAAA2Go4n7vePKXyEdMaM3BkOwrRBIQN0BTTGjkQcWY+SCgOO1QGD1QzvMA1860HAAAAgEq76nmtiASqA4aqaKLeFPK6EDZAU7hi5FDYPKlihMGynqEUv5rVX+R685QAAAAAYA9shgssLTKyttRqBhnM3U/3QNgAzSruvFox7FA5wlD8Plr3R6rJBgAAAACtUREnFMcWytFCRcBgs8nSbiBsgOYUxhCIaocd8mzjh8LzRuMMCCgAAAAAbO3cjCrHCYXnttGCzSADlkTDweLIMsxQ3kO4XvxQfBdXvikcQgQAAACA5tk3nSrmIVXntosW8gHDnmMGhA3QrOrhhYowwTLOUHm7hlIOzFACAAAAaB3ONmk5VmqbWaIF262WmoawAXahztykUrL6Hoam9f5vAAAAAHAwKiYqWSYj1Q4v7LkzF2EDNKdiqyTOJiSoHGYwLW9r8rtpYotWAAAAgKIm2/em5bEiVKhphFVvz7pLCBtgN2qCB/shBbuZSpYXdz47AAAAANRtMtmtZtjhee2i0z1eD8IGaBJHplkRw5YHFCrjhx2+jpiyBAAAANASjVpUde/qkGdWTS1vDGEDNMmkqntCV65psP12Vs87QsQAAAAAcAB2mtFUO4+cy9+/YXfzwxE2wK6Uph/ZxQ/FLCXYQAkAAADgsNlta0nlaKHhzSDsIWwgjuNEgXie4xnHGDGOiMgwyTBM3SBdN1XNbHi/siOvYhk02cUPNstwKh373yEAAABAK+3cPVu+aZZNtIANWHeBY5xT5ESR45nNb43niGecWHyqG6aqmrJqmsaxbvzaLGOoWP7MUdU9oTmyTwMAAABAC1mbqPlFC5xZ+9p+ZoIcx7CBY5zTwTkdtdNr6uIZx0ucUzLlnCnnjnvwULM3cOWXcuf1/Bi4AQAAANin6tXMVbtYVjS3WjVp/HiFDXsIGKpO4HRwTocp50xZMY/X1CWu7iwjrvp7WpUPq6IBAAAAWmunVmizccIuW2XHK2xwOTjJwfZ9Gs7p4DgyMvJxChvIZuukOrkafAdxWzcAAACAPdvv6AHu27AzjiOvmxf4lvV1Sw7G81wqox+rIYcCu9tB7+bdGHEAAAAAOEStaHztv+v97dDamCFP4Dmvm2/tOd8+XM1/AAAAANBGB9M8OxajDW4na3nMkCfwnNvJMrJxECd/WyFyAAAAADhyjv5og6M16xnqkhzM4Tj6LWXMLAIAAAA4SnbbujviYQPHkcd54D+jx8mqd8E6ijjiSv+1+1oAAAAAYNf205w74mGDS2KHMmmGc0pH/DdZxfqdQxQBAAAA0Jla2GY7ymsbGCPpsKYPOR2crBzfW5k1/y3E7qsAAAAA+9SWTtujHDYc1lBDHueSsDa6sfy3XF2d+cP34WzNb4sJkuR2BQLd/SdCoX6veHjXpax+9+V3EWnyvffPBg4if4eSl7//4kHUPXnrwwl/u68FAAAAOtpRnlrDH8zuSfUIAubqNCsZ2aiNGYjI0JRsIrb25tXMX/70m//8/vmmclhXlNncVgwtEUmoB5O/Q6U2Y4qhxrfe8h8DAAAADt6RHW1gjOPZobbjecYxxhkGJuE0rWf6s/dGnJYDuppJxWOby0sv30SzqfWnX8e2Lt26ecp77O+OAQAAANBmR3a0wSHuNWZgXHefODbAu3b/u9n7hwIREfGiO9A7PH759l9/emMiKBIpkZl7jyLoCgcAAABosyMbNgh766BmXHeP0C1xvMh3u3f9bv7I/joPndQ39d71035GlH3zaG4Ta0YAAAAA2urItnO5PdxJoRgzEJGuaJuZPZxg12+BulhwajrkIqJseH4VAw4AAAAA7XR01zbstgVfGTOsbBnK7nu4OcQNLcX3joS8S/MpY3N5Qz0xbN1YSY2vLL1ZXd1MxFOKZhhMcHm7e0bOTI73SjWnUePLL+cX1zfjWUUzmCC5fV29J0YmTvW5baNmI7O++OLV0kY0pWjEJLe/9+T45PiAr26IrWy+mpu35h88NTkx7LPdB0rZXph/9SYSS2YUjZgkeQP9J05PjAy4bUbHmv0Z4y//8NW8OvTOX13t07eX5uaW1qOprOGd+OD9qdIuT8rWwrNXi5FYKqsaTHQFukOnJydOeOv9SAAAAABVEDYUdO07ZsBowwHw9/dI8ynFiEeTNNxdOJhZ+vbuo7XiXxETJZeoK9lEJPw4sr566c77p6yt4dTSt988WFOISHB5/D7ekLOZ7fXF7fWllwNX33snVDUVTY3OfjUzv60SEyVRIlVRUrHlp9+vR85/+N6Yr/YC1djzrx4+3arM/+Lh6vLq5ffeGak8uRx5fPfbpYRBRCRILhdpSjYReZ2IvFk8cfXW9RPW3Lv4GdVENKUZxvbG+uLi45mNwuZTAiv921Y3Z+9+u7itUX6LWxdvKNvr899vrEYuTe7pbwUAAACOoSMbNpiHeMsGODjegItIISWbMai70N+vxOMq8w6cmhg51d/tk3jKDxHM3v/2VWLr8dPwiRuhYk+/vPj40ZpCUt/0zSvjwcJRPbO1ND839yaxrVBV2LA9+2BL7Jq4MT0xlL9rhLI5/+C7p1Fla+7xm+E7J6uHMuLPHm6R69TV65Mng04iIjW5Ov/gweJ2dv3Rt88CH54LFMco9O1n+ZjB1T95+dKp/PCCrmwt/TDzeCW7/P03ovTh5d7SmMMufkYiMogos/zosUreofOTIwNBv9ctFs6lhL/7dnFbI+Ydmr46NRKU+PypXj558HTmkYBVIwAAANCUI7u2Ybf7oMa2tKhiEhEvCcM9TNrTLwabr7acKIqMiAxdLa9uCF789Cc/+/idiyf7Cu1pImLugenzIy4iY2s5ohdz6ptrMYPIf/p8KWYgIt7dM3b53Z/8zV9dDFZ/nEHe87dvTA2V7jQn9U5cnexhRMbm6pZenZ00TTh589blQsxARKJvaOq9O6e8jIzE4uxy6b4TmaXHiwmDWM/0+7fHS1OSeKln7Pq7VwdFouzi48Vk+cTN/4ylS1cpeP7Dj66ePdETKMUMpEefzUc0Imng6ntXx4LFczH3wMSN96b9htbMXwIAAADA0Q0bzN024Q0zuu/IYdcfCq3kD/qIyMhkssUjRsUfTRD6J8YDVcsMpN5+FxEZmWztInnWMz7VW72IgQ9OTPaLRMbm0kYh2EmtLm4bRK6RqRM1G3RJocmTXiJKLC3GG15g7c9Y4hqZGqtZgBF7s5YlIv/pyVDNog/fqckTtStBAAAAAOwc2bBhLw34ysihd/cbsCJqaDlVUQ0iYrxou8KYiEhXVUXOZDIZRdWJiAy1FCaI3f1+RpSaf/jozbbcRPTg6/XVrk0W85+t2ix48fZ3O2sOEom9/T4iMlLRfCCgx6MpIhK6BqtjEiIiCvT1SkSUjW/Xuyv2Dj9jEevqDdS8L5OIK0Tk6u21W/3MuoaCR7YEAAAAgNY6smsb9L3N2TbM6JZGPUKAGdHdb8C6xw+F+lLJLBGR5KrY9chIrS4uLq1uxePZrLbTL919+tLlzXuP1hKLD+4uPmCS1x8MdvX29vUP9tnudMTso5O6bWun27673umWBCJNVWSDiJGiKAYROSWn/ZlcLolIISWjEBVP2PTPWCDyYu3J1axMRCS57WNgXnJLRLUDFwAAAADVjmzYkFNN194mYBhmdEON7vVD9/Q+qCcR2VKIiAW6yz3pyvp3f/p+OUskuHr6Q6GAx+UURcaI0dbcw8VE1Rm8Izc/7N9eX15ej2wn4vHYWiq29maRmGtw6sq108G6YxhNajZQZEREtWsjiqrHIHb3Mzah/kcDAAAANOPIhg2GYeqGyR/ilqi6YRqYpdRS+uZSOEVEYv+JvlLDOj4/u5wlcoVuf3RpoKLVr9NrsmtS887g8HhweJyISM/EN9cXX86+jq09vv/I9eH1oX0FDrKsENmcQc4oGhGJheEFSRIZkaEqGYMCNgMO2ZRCRCQVxy52/zPWIbqcRFlSUgqRzYCDrmTqTYsCAAAAqHCUZzar2qE24lUMNbSWsT37OJwlItfQRLlxr8ZTWSKSek8MVDfX04nG88p4d2Bg7PKta8MikbK+FtvnNabWNmSbw+pmJElEzFsYJOED3V4i0qKRqF23f3xjUyEiVyCYDxv2+TNauP0BiYiym5spm1eN6Oo25tUBAABAU45y2KDkTKJDa8qbcg5hQ+sq/Nx+AAAgAElEQVQoW7NfffcqYRC5Tl6e7C5/T5nIGBGpSlatfIcaWVyyaxvb4SWbdQB7YWwvzkaqLoT07fm5NZWI9Y70FZr93qFTPYxIWZpbSlafQ1l6+iaVz1OYidWSnzGv6+Sgi4hSr+bCNeMKycX5ZQw2AAAAQHOOcthgGKasHFJTXlZM00TYsF+6molvrrx8dO/3n38zv60SSf2Xblzut3a5870n+gQiIzJ//02q2HWvy5Fn33y3old9nZXw3X//9W/+PLMQSVnb3/Lms8fLCpHY29+1zwuWJOPNt9/cf5Monl9Prj67++1iioj5T02Vbw/nHpk+5WdkbD29+5eXm5nCheuZrZffff0oohK5Tl0aL96Fejc/YwN897nJQYFIWX/w1YOF0k5NRmp9/t7d2bS4txuUAAAAwPFzZNc25Mk5Q3JwHHewKxxM05RzmOyxe1uPf/vLx/VeZN6ByUvTZ3urF7aLJ6YvryYerGTXHvzpN8/8PjfTM+lEVnUNXppiT2dWLAGC6O/vlTYj4Zm/hGeY5PJKTp5UOZvKqkTMNXzh8on9rogOTF7pX77/+MGXbx6JLkkw1KyiEREx19DVm+esG6LygXN33tHufr+UiMx99bt5QZJE0pTC9rKek1dvXLbc/2EXP2P+d7XD2mxp+NrNxN1vX22nVmf+vPpYkCSRlKxiEPOOXr1Is9++xk5KAAAA0Bjfe/J2u6/hYBkmOUSO6OAiBzMjG/pR36nmwmm7+xPslWCmwmuJ2rUnTBCdbn/3wOD41KVr06f63bZhreAfDg16DVVW5HQ2JWskdZ08d/mdCwMePboc0btPnxnO332Bk7pDoyd7XLyuaaqqZDOZrKrxDl/P4MTU5WuTPQ7LOY3t5dWs58TEWF/NDypwqdXlOBs4fXbIy1fk9508OzkxEeqVVCWTTWdlVWeSNzg4Mnn95tk+R815fP0jo91OTcvlFFlWVJN3OP19J8YuX7843lMVHTX9MxLxJK8vb5s9o2dP+G1/X7y7d3SkW9Jy2Zyay+VUg3m6BkYvXr1+pttlxsJrivfk+OnqCwAAAICjj+1m9yBu8s4/H+TFdASXxJwHNhlDVoyszX3Ajpqff1J7LzEAAAAAeIvx/C7ChmMxszmrGJp+IAsPVM08DjEDAAAAABxzxyJsIKJUxmj5TRUM00xnj/rkJAAAAACA4xM2mKYZT+lK6xYuK6oRT+rYPAkAAAAAjoMjvpNSlYxs6IbpdrL9rZA2M7Kh4C4NAAAAAHBsHK+wIX8POFUzXBK3p+2VzJxqZhWz5fOdAAAAAAA62bELG/K3gUtnzYzCuRyc5GgqeDBNU1FNOWeaCBgAAAAA4Pg5jmFDnmmYGdnMyCTwnChyAs9xHDGO8reGM00yTTJM0nQzp5r6wWzEBAAAAADwVji+YUOJppsHtD0rAAAAAMDRgLAB3lYmIdgDOBa4fW1i0elQlAEcH297aYawAToOKlEAsGqyTOi0+hhFGQBUeUtLsxKEDdBmqFkBoCVqC5PDrHpRlAFAq7S3NNsBwgZoA9SvAHAIrEXNQVS6KMoA4HAcdGnWJIQNcHhQxQJAu5TKn/3XuCjKAKCNWlia7RbCBjhwe69iUTUDQEO7rDf3XOOiKAOAg3VYpdmeIWyAA7S7WhY1KwDsQW3R0VwFmi+gmqluUZQBwGE4+NJsnxA2wEFpqqLdX/2KqQIAR95eKkJrwdDo3SaZO38EijIAaIm2l2b7J5iWy0Aa6XrpXWlcBTZXRaIqBYCG5UCDatIs59v5I2rPg6IMAFqojaVZqwjWEyONdL108xr8q6j/YhM1q+WKTFTDAMcJZy2QKv75VxUddetLs/ByPVUddSjKAOBAHHpp1kJC6QLa3p+NdOend7a3WrbOuziqqlC5ylMcVCANAJ3JrPusUAebxVd23KZwx+p2P/ORUJQBQHMOrzRrefAgFK+mDGmk9zDmsFN1a/eKXX6uXLly5k6fje45gGOobsFkkrVY4LjaSre67tyhum34UvUxFGUAsEuHU5odwLADs5ZaSCNdL72zujGDaXMWk8zK/Fwxm0kcFf4rvdf2PwA4hnYuE8qlh1k8WDHjyKaYqi1PzJpEvZwoygBgzw6hNLPkb+GFY20D0gc2zmBXy1acPt8hx5nlT9rXdGEAOC7s+9uKrxVfLBYbxR47+1H70kTM2lDB9jiKMgBonQMpzajqcMvGHAo7KeERjzs/1tNkzGBTy+5YxbZqAxMAOCKqK8fqIqBcKZqWt1hr3B2q23rlSTMBA4oyANiVgy7NDjJyKIw24BGPOz/uTt2YobKW3Sm0sD/Vbl4EgKOgVFfu+LLd2sHqGre6uq3aN8l2A9Y6eyuhKAOAXTuc0qxBd+/+YLQBj0092mpYO5qVT5qqZe0m7JVUXcnO/y4wGQDgrbCrPrDqAqHqX3mhhq3sgbNOFy5UtxXZzDqBROkgijIAaEbbS7NytpoLacmAg2BtFyKNdL10rd3EDPmeuR0ykG3SOtxRrMIB4KjZQ7O4sn1fOljxpHrjEWt1a1o66szyLKNStWq9JEsGFGUAsJM2l2bWwOBgIgeMNuCxqcfab57Nt8m2HjVteuZsa9mKEJryewXUPT8AHF9cdRFUqghLxYglVdkPZ5ZKGcs5LMVcdeFmWs+LogwAWqqFpVkxw4FGDkLb26N4fCseG6sbM1RnqHjVkourrV8brkcEgGOhcqZvzVB+7VRg0666rahrKwcPygctb6koo1CUAUALHFRp1nzksB8YbcBjU4+VX/mdJu3axAzN1bK1p6qIoG1etQtnUP8CvNUa9VKYXNWzynqXq+iNq6puyy+ZpeyWIsZ6nqq1DDuUcpY8KMoAoOwwSzOuojjbOXLYz4BDxWgDWdI4juNUmd6dRjHDDrVsRf1qnQbMNXE1GP0HOMKq1x1Y613TWoPaV7eVFWo+Yds5Uj5puSSrWfaAogwA9qylpZm1JDrQTgeMNuCxqcfyd7m2NqvthKsXM1T2zNXUvuV/B4VDNcMc9hcAAMcDZ9bWh5aChKOqqcCWvZJsjldFDlRRNxeyVq5jth9kQFEGALvVwtLMNnI4oAEHwbZfGWmkq9J11cYMpffZxQyWb3V1IEHlm61WfLD9CkUAOH5MruLff8WYPkf5AsTkuNrq1qajrty2z3fsmfnwoWYLOK4iKuBQlAFAC7SwNLNZ6lA4ResXOWC0AY9NPRa/dU1UdJbdDG1jhvyRjGwKfH5rQwCAvbEtP8oHOSKO43ieY6yio840i3MAOEvWyrKr5mn+mFk+CZlElNRUyeQxdgAA+7PH0qw6crAtzexPvZcBB6Fz+rOR7vC0jdqhhlI1bFYetMQM8ZTx/TMlnjL6u4WP3vEyrPwDgANjGKamGTlVF3iOWKHRbxlkIOKKd2aoKuzynXf5lywFWqko29Qy/5lY2NQzJx3+v++7wO++AgYAaJ5taVYdOeQPcZUH86wdJXvFOuRuYkh3fnoHlulJhedVQxOlilbX6S+PlXjKIKKzIxJiBgA4UIxxDgfvdIq6YRajhcrwoGIeUcUx60ulF/JFmWYa/1/8xaaeIaIr3iHEDABw0GxLs8ryqbIgo5pl1/u/hqqCEY94rP9Y+c2r/R7aDooVlwfm3/50MZeRjfwrPQGhJjcAQOsJPMfzTNNM6wBC9ULnYkdJVV9JOVtpaILoXno5aSj5DIMO3+H/RABwPFWUZqXIobZJxlHtrSZr2nG7jigYWfqVrZ+F4zhedbwRu6GGqi+kSetRvfRMEtE/BwCHRBR506yqJbmKyKGmvKqIGawFoUlLuXjpmYsXD/riAQBK7Eqzeq2vFje0qkcbLB+N4zhecbye4ne0Zqih+NW19OtRKmuUXmdsx/MCALQOzzijVK0WV0aTpYCrqoSrt1utHKOI6XL5zJihBACHqFSa5Uuk8lSlquZasZRr4TwltkO/MtJIl9LNbh1oVmS2Tk/KHzeMOm8EADh45c3bCjOOSs/MyrKr8mnl7hCmaeqtq4YBAPag8v4z5SLJfvjU8jbbkzSJVZ0BaaSbH2ewfOFqdvGq6sArPEWfHAC0X3W1apbLKK5QTnGVx6v7RAAA2q1YTNWOjlZk4VpYdpWnibS9PxvptyJtzzLWXzXUYDlutzoHAOAQmZUlVcU+JGZ+MMI0ybTe9s2yrTRCBwDoGKXBU5OqSrOKnpGWNr3KYUMn9Gcj3flpu+c1gUX5G1z6SpvN3HwEAOBAWXcdMQt3UaVyLctZ8lWEFqY1ZkBJBgDtxxV6OvLPSqWZ3YBDpX3EEViUCntXfbuGyqEGqkhxtL9vKgDA/lUMFZTGE6wLHhq+hPEGAOgEdu2r6gEHKudpScGFsAH2rXI3kvJhDDUAQEcxzaoBB5vOjuJ6BpvaF0MNANBRagYcqjO0ep4SwgZotcqhfiLreD+66ACgrWwLovyqwaqaNb99Uk2UgJIMADqBpSwql1P285RaB2ED7JNttVpOVc8YBgBot/J6BuusJK4mU8WIg4mSDAA6Tk3HrE3IwLWs9BJachY4RmpG9ksHzap4oYBr+d1GAAD2ziQzf3tornrNVd0hfiIizize8Q0AoBOYZHL5ezZwpWEG6zaWJkectU+kcMS2o6Q5GG2A/bGbMFd3jAzVLQC0lV2xZBZfsR9uqI0lUJIBQPvVaWXZhwMtWt7AOmJTT6Q7P92kqrnBWAwNAJ2pcilhQc1OSsVnKMoAoFPtXJq1FOuIW4gh3fnpptl8UbGEEAA6imlXVNksiW7iXQAA7WPbwjq4gqo42oBHPO78WI9lwlzpWMXCBrujAADtYVZFA3ZbOtgUVda70+CG9wDQfmZ1C826vIGq0y0aLC2ONuARjzs/2qv/GmpVAHhL7FBcoSQDgLfJTmVWC0IHjDbgcS+jDTuMHHBVeVoU4AIAtBhHZNoPjlJlWYaFDQDQ0Tiyts12KK72OfODUX6viFK/MtJI26bzqr5sVfeHrv0qmlUbCaPnDgDarbR2sHxv1XL5ZFL51dJLpuVVzFACgM5gKYzMOsuxrInq5Vt7+UhWaBeW+pWRRto23ZzKvFzxIJY1AEAnqVMq7dAHgqIMADqRab+g9IDKKsvahrb3ZyPdyWkAAAAAOMZYeXCWI6SRrpsGAAAAgGOMEWe57zTSSNdLAwAAAMAxxgobRBT6lZFGuk66aRWTfznbJABA+9Qpl6oWLlifVhRfKMsAoDPUK5oObhlWabQBj3jc8XFHh3NLcwCAA1LcPalYeBU2UEJZBgBvm+oWWSvLMctoAx7xuMPjHpg1XXeoggGgrWoLoobFUnUGlGUA0AlsirMDL5oYkbVHGWmk66WbUi++QB0LAJ2jbonE1SSafCMAQDvUK5QOaDYlI7L2KCONdL203Xey/rey4n5JAAAdqclxAwwvAECnKzS76hdWXAuiCdbuPmyk35L0XmE8v4YZCStbWruvohma9iKs5dp9FQAHYpdlE4qyWpq6OZPNtvsqqmm5yExWafdVAByiQyyeBDJN4jg84rHBY6dRcl98lVkrNb4Zf/WOb9JDRETZ3BffyjTh/WiY5V/UI5lfPczJhZycr1u6ccHZL9HWbOLPGenj65I//9J25lczdOtH7p5I5ldP6dYH7iE198VXiueS90Zv/jdgvPguuTTo+zjEiCixln20oEbShs6Yv1ucnnCFPESa/uJZ9mlETxvk8Qgnxl3X+pn1wvW4/M0z/XyP1BXL/OqJefmmZ8xVfnHum9SLbu/PJngiM7Ei31/IRdJEEusflK5NOPyMiPSnd1PhXu/HEzyfv+r55B/Tzo+C8n/M6UbF74jrn/JdTqe+SDt/ds3hLP/elOA7vsvO3Bdfyf53/NcCRGQuPUw8Yu5PL4lOIiJjaSZ1n1x/O2ksPFO2Pf4bwdb/BQJA3mrs+39NK3rxqds19b92dwlERMZq7NEvla6/6x8bKpTB2fuRh39UC+0DiXkn/RM/8rgEfe2X66v+7osfOQUiIlKebMzMuS79g9e4H5l56br0c59rNfb9r9UTf9872J0/lfzyv28bPx6cCHFEenwm/mZGTkZN8gi+U56Tt70BD1E6+/r3iUhY04g5B6WBO13DQxWFmToXm7/Hn7/kKhRhSvb5v2zLl/ouXRPLP5r9hxr1Lli7t/74jffaP3jypzAWo9//nib+a+EXQqSv/TLyhvyX/s4j5Q9o2ef/Z4w+GTx7qlRNaZtfxqIe6dx4xdUCQAvk1zaYxR7lUkuRcBzHK493GM2QNe7EpPfTW95Pb3k/veEZ8xReiSzIMYFiL+WtYiNazxky8eeveT+95f142uGKyV/PazpRVjPlqPznOa1QYatmVjVzBuk5Q1YM2ch/iv5yJrNQ6FAz0wplsyYRpVdSn8/kYqIwdc59Y1z0K+rTFZ3IXJ1Nfxcx+8dd7067zvjMSFhNV1545HUu7RGGXESakVPUR/NqqTtfXpMfx01VMYkoHU5//jiX9jiuTbuuDbP0m8znD3NpIiIzlTO3FtLfRQp/K6pi5hTDecL90TXPj665xz1EPun9a54fXfNcH2RZxVQVozxioBmyZqTVfMKUC11y3OCwSGuZv4QNIkqHM/ci3MioyEtCyGMsvVF1Ajg+uAObFWzLUPQciUN/33vhF70XftF78ecBf7GJHLmbMTxm5G5aLWbOJXTT7zz9i96Lv+id+pGkP4nNz+pEpp42sw+iz+cK/1a1jKFldI0ol9D1tK7lPyWRW/h1PF7obDHVhKEqRGTEv9h48ntZ6/OMftI1dtXBIqnVNZ1IW/51dDnK+n8UnPjE2+XRI3O5yn4JLTKbYyGXv/g8O5PYFnjlQSJa7Oqv/6H1LthUE7quaKUOISOtq2k9VyyCjNXE8gYnbCTDq8VaSTdyaSOnWCopQeoeNLefZFUCgFbLr23gCrPYqdS7TDiO45XHOxDn9As9gfx/zJE/puRm12hk2j1C6g8Ra7jD+buEnoDQP+g808XJslGohyROfZP5JrJTYCSSdu+hvF1RY2qzLzW92/Xpdff5kGNs1PXuLf+nEzyRGUsbrNt5fdQxMug4P+39yTXJU3EybTVuOn1C6aAckZ8miYjI0H6Y11TL+anX9ckV15lhx5kJzyfnBH1TnosXXmaC+fpx+oV1doDA9/eKQ71iUCIm5dNCsfVBulH4L2fY/6SOftetELf2LDO3Jn/9TPeMuy8HiIjv8nFqXIvt+NcAAPvFufqkwJAUGJJ83Xyhk3wjtbomnvypz7OWCm9Y8vK8Z0jyDUldF7xd3aRGi21sN8V/v/V6Y4fCjBOU9PPfV7an09k3M7p0tefSZ4HhC57Ba8Gpfxw8N84TqekNcl3oGr3g7p30jX3Wd+UjZ0XvvaJsr5Ir5Cgc1LLhGSP4fnDYLYfntAYf2uwFV9E372VpMnh6kjbv7RAV8L5+3gzLybdiKijA20Ww9C5X9jHjOI5XHO9Axst7sZf5pEv69ANXD1FiRYm4HNcCAg2y3ywoiUFnsSvMeP08m+App2jLm9Q/JeTDDOZzvhtUvnicfnHLO2b7IYyNTTvlp9kvZ/nPpou1ZlaPZal3THQSUTz7q3tK2uCcw+6/nRZPDAuzc5nPH4pDQaG/WxzyVYZcmpHIkmekeB5BHO/VX8znJq859DfZJcFxtju3lD+/QsFx0Vl8n7NHDFI2ljQpQERccMwztpW+/zAbvOWihpLyb38nW55zfptMXP85z/nt1IMZjQVcPxkrzIDy+xit6AmNegSb9wBAS+i5V/9t+RUREXHjXdf/ziOSEb2fzo0Hu7sl4VR8/n725Geuwj/CTG71y/gmmVpU3ozy/Z84iHQiki4ER9Ox+f8ZC/xjULT9FN5x8qfi2r9tz82I01PFg9tKWmfdZyRGpD7ZuP/7nE7k/Wjg0iVH7yS/eW/rcdQZDEn+k5LPXznnJ6oqxPkChYPqXGqTd06dcrjTjqV7yfhUMCDU/1Cipi64SjS1ssgPvi8FyOX4H8mVqHu02z6jq0/gND2bIbIr6wBg7xiRScSV+5jJ0t+M4zhePt6BuBNT3s/u+D674/vsurOHiAzt6ZIRHHb4ifwhRzCde7pZzq1qZjqtLa0ZnjHvj0LlCrBnzHOjS7//MFt3mbLLceuKg61lvl4xbF4NOD99z/f+MJfLmUTkH/X+7JZ7zEOJDeWbbxK/KswsKl2EqRLxfHmXx9CEMxiTH63l7i+aoQkp2ORkXMbOXHSHtNzXj1W5YWaX490bhdlcH19yeOplY/z0uMCIGx2XSnWtKHKMzBxG+wEOEi8O/bzv4j/1XfynviufuEUiSqTDL7nuC5JArOuSk71MRhKl3Kam6MpqdmPRDP6sb3yoVJzwvZ90DwqZud+m6y0IZn2B85840l9sLawZ1tKM8URE4mT3lf+l/1SI1IRBxHd/0n/173xByYjPxh//97WH95SKIlI3NJ0rFma58IOc84LHRySe8QQy2eWXesMPrXvBtbMieSIyYw8y2SF3bzdRt2dgSIs8yNoVyERETGKMjByWRQO0nFBoI5Z6l5FG2j7dgTinRwj6ys/lNfm1Yhpzif9rrnBkezF3uTc/iM7OTLnHBHP1cfKPK8rqmDtU7j5nY5fckbuZr+fJMOw71fmA64MJ/fPZzJZhOolI4rskWoqocsjhJM7p4j0SR8UFBM6AOBkQJ4lykfSvHipLacf5UlO9NipwOa6eVH47kxF73T/r5VaX8get5ycikrfUbWJnApb4TRJvXXJ8fi9zj5lG3VCAiIgE1hUUCpGAoO3QrccLHE/MKVUcrFczA0DLcK4+h6/8L89M3k+nFCP1r6ul2Umr95XBjyQiIrd08pMuH2kr/7r++ttUdjxQHnIUpLGf+pP/GpsLk1mno12a7J4MR57+NsF08hFR0OHis4mXOWPIwQRe8jNHaZCTmCvkORHynCBK31t/dC+VuCp1W4pIRpSf7aktJiMbpG9s/OXL4mv3U9nJgFTvQ+teMCdKjNJaVqP82Ep2WydBFASidCY8Z5hK4vv/oxg/baQit12DdkW2QSbKLYADIVBp/nqpjxlppG3SHciUE9pWoSHOfAFzbkHje10fTQj5lrEazf55Tp5LOs6X38INjUv9a9nHC1Jogi8fFsTrV6TPv5F36Ln3j3pubSe/jJhOImLC5ClhaS77+/v65CDvMIzXazp5iEi7/1VmyyeO9QpOZkbCuirwPmsrXGRORumske8+ywuOu84nFc+kw1leey5MjQtLs9nfzxhT/UxPqnOvNb7XPVVR4RIfcH1wTv/N7N5n8Ka31XDh98f6e3lHTQZZMYkxl1T7VgBoHTO7qsQlIiImCR6P8mZOd13tPnOhUE4oT6LPZ5PRO5Il6hcG77iX/5/065fec+OWM3X7zv849/CXcv0hQtb1o+7hyMZyvvntcY9cSM3e33ysePpDIlPUzQiRn0hJz/6PpDHu6j3pcGja5pxGfqdkbaO7eYE3dMUkMiL3ZCPknfrIVbjcaPLZbzPhsH+83odaVV6wa9wp3U+//HUsN+mgRHZ1RufHA36i9GwqwTtO/SLgy1+Dprz5ZWL1QW7wBhGRuipHpXw1xftOObi0YRIvuXf91wAADVjWNrS/PxvpTk53GIE5BXN5LrWcf8r4q9ccEUWYviL1l7refe7pteTCpjHtYU6JCsv5XNLl0dwXUS1NvEvgHKwQEfE+5wdT+n/Ocw5GvKOYX2BOxjyFqpILXXKf/ya95eDyUcTHYvbRgnr/sWIwzuMRJ0MCT2xyQry/oD6aVVSD8/iEq1etwxpEjO/10Gra0IkngTkkLh+EXL6Wz8Q5BU6UOCLyhDwfs+yjhdy9NYMkvn/Y/cG5fC8g53VQulBDkifkeTeW/EbjSsMYTgfnYFwpKHFJnKixcvehwJwC84iFX+Da6/SXr/MXJlx/z3tG4pwC57FccCJukEfswj6GAAeFSbyD5NV/21zNP3e7zv2E0pJr4n2Xr/hv0XcnsL24HV01T/p53sPnD7OQf/SM/PpFzhh38B5OLK49EMeDZ29sPovwAhEr5mcS7/AYhZ4BwTH6s67svyZ4iYhY1yd9U8HY4kx6YcYkN3P2uU5MiiQJJ28or2cyCzMpU+Bcg56zP/ZXDGv6HS6BslGNQmosKgz+g7+rr9i/1Nc1+jLy5kWOTdb7UK7uBQ8Fpn5GL+9mFn6bNgXmHQ9MfeQSSIss6t47PcNDpdLJMXZHnnmSzd52OCRKPNh+9oCIiHjhxD8OdG1o5Hf5dh6FBYA94CZu/29csV/ZNE2kkbZN//wTP1nu+mySJZwwK+4JbVr+Z3laSP7yy3KH/i/+uqsNX/l2255P/naF//gDd/9b0BbX7v85tTro+5l1ZAbgrZVIyjxvcsQVhlALzVyu8t6p+VRFYWcp3fIFn/nfth+U3vC/n3j3MH+KTmFs/nr1eTpw4+fephY0Hx5t+V/WV4Z63qna+gngKEmkFIHlN7oslGBcvuziLP8rlmelZ/kCrPQk/6fA7+JfSr6vtdCvjDTS9dLNf6VgZ8GQo1/XVzvuzqp20lpEFSZDiBkAoAbrvuqWNuR4p+1zqijb20L/JcQMAAdAMIk44kwq9isX09ZHHMfxdn9RjxCX9P4dkZrYN7X9PNIHdyTPW3GpAHDY2FDXpX8y+E7bnFlyTfyTU8LWqwAHQcj3KJf7lYtpHMdx6/H9fc2ggsP1tnSDcYgZAKAuTvR34GAkQ8wAcFCYSUTEFR9NSxrHcbx8fH9fMwAAAAB4u7Fi77K1vxlppKvTB/LtAwAAAIC3BLPrb0Ya6er0gXz7AAAAAOAtURptqHg07Wa64/hxPr6/rxkAAAAAvN3yow1UNa+dK6RxHMcLx5v8PgEAAADAkcQ4Ks1Bqe5vxnEcLx0/kG8fAAAAALwlWFUfM1en7xnHj/nx/X3NDpwaX3nxOqa2+zIAAPYnu76wtJ402n0ZAAA2WKlHOd/HbFr6mHEcx6rjqRcAACAASURBVEtH2v1F3Vn29YMHM/cfzcXbfSEAAPux/vzbhz/cfbKmt/tCAABqsWLrsNCvjDTStul2f1F3pusGEekGaloAeLsZRES6geEGAOhAQnEuSqFHGWmk66U7kZoIP3/5amUjmiKi7Iuvf7cR7AudHj895BXzGTJLX/3nD+u1s5eYFHrng5shqdk8tfTUyrNnz8PRWEYlUfIFB8bOnz3dLR1IHgA46uTNhadz4fXthEpEkR9+8/nr3oGTZ86O9DnzrxsbM3/+6mWqNpwQA+MffnwuYD1VdOn58zdr0XRGUUl0dfX2jZw5e7q3WKqoifDCwuvwViyZVQxikrerb+DMubMhX/271zf5FnnjxZOXr9a3UwqJkjswEJq8MD7gpF3nAYBOJVC5RxmPeKz72Ink9e/+eH8pY6lGVSUeCccj4YWR65+8MyASUXIrarviwVBltfjGZvJU0RNzf/7Lk+3i21QlHll6GNnYvP3ezSGpxXkA4Igz4s/v/umJdXWWoaZiq6nY6tKbSx+8dyZAREo8ahMzEJGqqjnrqV58+6cftsqnUrPR1aXo6mr4ygcfjrkoufCnP85uWj9JSUXDqW9XNmIfvDfdbRc5NPmW5NJXf/5hXSl+rJLaXHq2ub515YObp320izwA0MGEfLvQ0q+MNNI26c6jhh8+WsoYRGL3+NSF0S6PSGomsbUSfrG0kclkVCKxnFkauf3elKU7jjHJ6ayqIJvJUxB/9uDJtkok9p69PD3iF5WNpw+ehFPZ8Pc/hD67Piy2Mg8AHHHx5988ialEzDswPX1mICCRqmRiW28WFsLb2ZhqEFkKouC5T25aywYmSlLpqbr+w90ftlQiMRg6Pxnqc/O5TGL99euF9WwxRyqjkugdGD1zcijgcvBqcv3l4ycbGSPx4kn4zAcjNv3+Tb0l++rhk3WFSPSPXbl4pltQowszD5eiysbMw6XBD0bczeYBgI4mdEJPNh47/7Hj6NGVdZWIxNDl9y4NFGpNtzfQO3z6kqET4ytyM15yuRtUSs3kydt69TpFROLQ9J0LAyIR+UZu3s4kf/cyrm68CCvDY1Lr8gDAEZdc30gREfnP375+ptDp7vIFugZGx6/qBs9Xdl7wktvtqtOlkHr1JJwhYsFzH300XjhToKtvaGS6lKX74qd/c44XyycIBIIs+ru/rKpGJp4hsgkbmnlL8vWLTYOI9V64fjXkIiJyX7ytpn/zcMvYXHiTHJn0NZcHADobK/Ul1+tjxnEc78jRBj0/Zs5EoaYGrYoZLO/RVbXRsunGeZIbGwoRsd7RwfJH+0IhLxEZ0fWY3sI8AHDUGYXJkKJYU5ZVxwzWN9VOocysh+NEJA5Pju3QAuerP0ZXdZ2ISPLWW2LQ8C3y5laKiCgYGnKVMjmHhruJiFLrm0qTeQCgw2FtAx6beuw4vL/XR+txUl4/uus+Nxnq63bvMKdHiT797vfxjbhiEDEp0Dd64cL0gGv3eYiI9FQqQ0Tk9rmtNbrb42OUMoxMKkMD7hblQe8bwJHn7faLlFJp68lffqDzo8O9fme9ng8iyoQf/Pn5+mZWJSLm6g2duXxpJCASEenx7SQRkb83qKw/f/Z0YSOa0UW3tzd09vK5AXfVOXVFVgxDz0QX5h9HDCIpNDncYLS1/lsy8SwRkeTyWSMPp8ctESn5V6Vm8uz2VwcAh0yo7V3GIx5tHzuM98yV8fDXL+NqdvXJg9UnRKIrEPB3Dw2fHh0OVEcQRjyyXkor8fXnX8cytz+oXHbcTB4iIiOX3xtRcFZ8ChNFnsggVTFalwcAjjx+6NzVoa1vVxV1e+nh10sPiUlef1d3T2h0NNTrqo4gMlvhTDFtZDeXfvhDUv2rD8YDPKmyYhARo/iTuw+XCosZ1Exi9fl3m7HLn7wXKkcF8tKffvvDZqmIYa7QO3fe2Xkbhp3eUhz64EVHxXtEB0/5RdvN5QGATieUUta5KEgjXZXuQHz3uU9+3Pfq2cLSejSaUUnNxjez8c31hSfzIzdvX8/XZzxjRMRcQ+cvTIW6vRJlIvPff78QVZXwzPMzQxe7m8xjwXhihc3V7emtywMAx4ArdPtHvvDL+YX19WhKMQwlFVtPxdaXXj7uPff+u+MBnohYfvKlGBy5ND02EHSLauL1D/cfhrPG9vNH4dCHo1LhxjXG1kJYGrh4++pYUFIT4SePHiyl1Mjs49WBm0OlLgrBKTIqdU0Y2fDD+27nzeneHcZsd3gLI/u5VNbirZk8ANDpymGDtUcZaaTrpTuLs+f0lZ7T+U0Go1vR1fCL11sZI7X0/aO+H98cdRL1nrtzu0/3DvYV9xf3DU3dPLf9Hz/EjEx0I0ndvubyWPB8vmbV5IreMUOVdSIiURJblwcAjgcxEDp3PXSOyJDj29HoRnhhKRxXlc1nd5/0/ORSF5E0euWmIyX1DvkLc3z4rtPXLkY3vl1SjOhqTB8dEMXCyIQ4cPHmmR6RiPiu0SvT0c2/LGTU9ZUYDfUVPs05fPOnwzeJiAw5vvFi5tHzzdjzbx/3fXZ1oN78qB3fIooCkUq6dStYIlJzlsKsmTwA0OFYVV8y0kjXS3c00dU9EDpz5fYn7/QxIlK31uP5Tiype2i4r/KeRO6u/M3gdKXQXm8mj4XX7yMiyiST1n6yVCxjEBFze90tzAMAxwtzBnqGx87d/Pj2GS8RUWZzK0lERLyvL1SKGfJ4f7ebSpOERJ8nP2fI3e0pt8F5bz5Pnb0emDMwMH1hyE1Eytab7SavsPotvoCbiEhJJWVLRjmVUoiI3D5Xk3kAoMOxDunDRrrz051GzWTlmmqQ8fkON76407mayVQ3/JPRhEJEJLmd1HQeC19Pn5uIjM3wWvlt8ZWVFBGx7qEuvoV5AODI05XaIoiIScUiIP+nLteUeGpsM0VEJLolkYgCg30iEVEmmiifTk9FM0RETmd+UbQhy9WfpauaSkRk1JkZ2fgtYndfgIgosRTOlvJkVldiRET+gV6pyTwA0OEE26NcnfYijh/b4x0ns/DV57NR0T/0/7N3Z89xHHme4H/uEZEXkEgAiYM4SPCAKIriTYklVala1aquMnVrpte6bXd6bJ7mYd52d8z239nHfRjbsR3b3qnestVMTamlUamkksQSxUsURYoiBBIEcSYykVccvg9xeVyZCSABJIHvp8qiPD0jD7AifxHuP3eP6ZmZyYF8Ok2k11fnv7nzVCcibXh6mIho9ebHHz6saYXxEyeOjheyKdLLyw9vf7NBRHxk0l4EpIN99MWbn38538jPXvnZ6UGFBk+cGPj+zoa+cPvTO8rFYwO8sfTNV48qRJQ+Mjtpn/y6tQ8AHGzW4o2PPpkzcyOTJ45Njg5mMxrp9c2lR/e+KRER9Y+P5oioPv/Zf/l6kbIj0zMnp4v5DDer64+/vTevE1F6YqZIRKSMvnyi/+n9ir5w9/P72oVjgxlr48c7Xz+uElF28tgAEa3e+PDDR7V0YfzoicnxfC6jUX396bd22OSD9nU9lec+/ez+qlK8+Mbl6VxnL8lPz449vP5cX73z5Vfa+dlRVV999NWddYtIGzsxk+94HwDobfHNhqQ+ZtSjvldouZxGq42NhYe3Fh4Gn+LZY1fP27dRzRT601RrlBbv31i8L++THr1w6YQ9CqiDfVYfP1pvWNS4/2j59OVxovypi+cWP7u5rC/f//L3/muyxy6f9W7f2q19AOBA47l8H6f16vL8neX50HPayJmfnBkgItKy+RxfrNSW5+4tzwVeXjh18eKIM8aycObyudXPbi43Fu98/rs7gX1eGeZElBnqTz+qNUqLD24sPgh+1PiFszMZIqLywuOFSoPo6YOnZ6Zns528hCg9c/ns/IdfLzY2Hv35k0feLunRC5en3ZRtJ/sAQE9TitM/2e/vAC+AV09Go/p2khDfzhle+dypHZwplP6pk5PDKWFYpq4bpiWIiKcHxqZOnH/t8stF56JbG5w6MV3ICFM3DMMwLcG1XH50+vTrr5+d7KOO99HU+vKz9YalFI6dPtJPRDw9PD1ZUBvVzXpDtwRP9xcnzr7+2qtj0tKC3doHALqk0TQ4J0bMiV9ODGMsEM/aRDb76ev1Z17NmwNHd/Kt0sVjx8dzTFiGruumJQQRabmh0Zmzl65dmOy3WwQ8N37q2HiOGbpp6LpuCeLp/uL4SxcuX5kd8vv/eHp4ZnpEa1arDd0wLablBoozF6689tKQHRMj4Y54Ojs0Nvny1asX3ds2pFPW6pOVTVNkx08cH9Y6eQkRkTZw7GhRa9Y26w3DFCydLU7NXv7J+Sl5zkIn+wBABxpNkzMnkNkRzI5sTkF6KD/pRj43yjEiIs63cDnHXnrj33f9j4GD51/9VYGkvIMg6f7Rwn4YeCTVBYq/+YM/G+5f/3qwS9+u8u0HH90pZWfffufCcAe7b/cjvklffO9n00gDALygNsp1RRGMmGjfbAgEOym62YFP/O9rX3kv+N+mftq1r7j41T/98ak5ts+hRl/46v3P1mbeeedCYf++BAAk26g0VC621WwQoWaDmng3+hhb2BWgVykKJyKF79okYn3+3v1y/8lXMHQIAHYVJ+9mMvtm49vbT2ns9Gm0GQAgKH5uA8ALJTtz+TKt56Z37SSnjZy4+rPc5DCa2QCwm8ZPX7s0YI4c2deF1LJHL7x2dHgc8w0AIATNBjgItMLk7K52jGWKkziFAsCuy46fOLHf30ErjI/v93cAgF6E3lMAAAAAAGiD99yinqjvzXoAAAAAOMR44lpzqEc9AAAAAACRNEip1/q2Ud+b9QAAB5xABAQAiOU2G3qtbxv1vVkPAAAAAIdScG4DyignlbdLuskIAEDP6Cw2eVEQoQwAelSH4akbF3XBuQ0oo5xUjiFaHILy7QkBAHpT23Mt62w3AIB95t0QupWdNh3cbAO22LbediZpX5xyAaB3JEYkESl0+EIAgP2QFJS6kVqIwb2+FGyxbbXdBhZ4JVL8ALDvooGobVgK74BYBgC9ICac7XpoQrYB2y5kG7Z8HgYA6CXuuEo3eDGGsUkA8EIKX5F1M45xYkRC6ldGGeXYcscCB6iILQIA7J+EuBQ6ucoPA+ELsQwAekNSaNq9Lg/uXBd6/coooxxbBgAAAIBDTMo2RPuYUY96rx4AAAAADjEevlKkuGtH1KMeAAAAAA6xhLkNPdXPjfpeqI8VmrMfHkwn/Go0PACgd4SikhvKGBEjxuTQJhcRygCg1wQCk5CqI32+3VhnKWFuQ0/1c6O+F+r9wzCixXHI/IOZtdkVAGBPMObdjzI0CZoSHjI/hLE9WOIQAKADgV6NVqFpqxdvySJzG7DFNqkVETjYEg+3cIoB8yIAoDcJp2uDeQ9Dz3oNBsYQygCgdznxqv2V1w5zppG5DdhiG7ttcZwCAAAAQE/rwjUbpx5Z3xPl3i/Hcp+S26/RYXYMo4IBoBcwFhzyG5NLjQtVwUiHcUoAsN9YwsSG+OuxLnXzcuqRu4mh3PvlzsTsizMsAPSaaFwKr/EQ2QOhDAB60B7GKjfbEO1jRj3qQ/WdiC6thDHBANCDhDQ32pOw/ANCGQD0rtbRrKvcbEO0jxn1qA/Vx7I75II7eHmyyM7J7wMAsPviwpIf8rzzLpMiYHR8JSIZAOy/hKuscP+GE+G6E7eC2QZssW2xtTHvf6OnUhZXFu5aJTjVAkAPsHMHzE2nBiczMAp22vnPCsYYIhkA9A4nInnRLPFKLFKz3TgWzDZgi22LbTwRTdwHj9nYxi8AwL6xA1KgDRBd+0Ge1uXuikgGAL3F6f1o2SIQXYteyDZg2/G2QzHNhMhBDQCwL2IDkXDzooE9WUK3CCIZAOy/2JvOeEmHXcL9oMgIZZSTyrHcO62y2H0Co4QxmxAA9h1jfhZBHm8pL8rqjkpyHwbudd96PWoAgD0VnAwd06XhjBlh8c9uHZeXdEUZ5aRyS3L7wj/zBpu8zqOhPPdeZlmt3xYAoGtMS3AW7OFwU6MtzqWRUOY8GFP7/HdGUwIA9pAbzWzOgI5QNAtewnUtRjnZBuG9K6NgDepRHzna2rZXA31zboExIir0+82GpoFzLQDsEcMw/cyoU2jZSxeMYMx7DRERjag5b7eGZezB9wcAsHnRLD7V0PFF2jY42QbmBVJBwRrUo76D40sapxRKODC3ghERYy8d1VKas8PGprn9IxcAoGOWJZpNk3N/NJIdmgKpBuacg1mgQeEmHKRYxoguZY+kmWLvsGrU9uNvAoDDyItmzj3v3egUk2pwmxZd/HQe199MCf3QqD+89UncU2skJ8FiH4q+LH/zfEZViIju/dCwkG8AgN1kWaLRMDarTVVlgZOsTFplVThBTwTrKfTCgpL5F4WXNeJEdL38xGoTKQEAdioSzdwwJQs99K/putN4YC/95N/LDRSUUY4t/8OvBsMtA+H9rwjsKgKV7s2mAxXCErWm0BScaQFgF9kLmjPGFO6sjMSICfu2biwQ7Lx64b7QfehHOi+WufXMEqJq6mlShOhmfx4AQEhsNKNQqkEe9OFdkgVHgkS7QhRlC+FLFVIYxRbbpG3LQ5kJe+1CIaI7ekOVhL2X/YaMcmm3c0/q2pPOz6EHLuE/SqrvUosaAPac/KuWEuuB33RsvT80Ui6GOtiEPwjTCUyBhZFCgS6SkXBCHBPMi3ucqF/R3O+OUAYArj2JZtHhSeHvIDcwukGVrwvdz/ZjIupR3/HR5v5EGHnNA7dM4aecRrCQWh3kbqLjouJzEqHfHhIXAC+8+O6wkMDZOFAnz6wK9K4FT8DCqwz2jLDIews/JDqdI96oAIQyAGhhb6KZ/L/RVEP4I7oA2QZsO802OCdF+QiPzmeItnndOyZFzqlugiLMvemScE7PTM7+x67s5H4OxjwBHATJp9mYOQl+G4DiAlA4m09EjDEhBDEp+eCSx1oy/0OkACiIMYQyAOjMbkczCgxPCojNQYQ/c8tZCNXrUXavESmyRT3q24htUciV/lAlEsRI2OdR4fXH2T8FQeSfWYWfvBPBT2r1KwSAgyzcWxHqWWPyqdQ5aQphX6Mz5l39B2OF1N8hNRUo8Fj4TyCUAUAXdCmaseS3CFR2KbAg24Btp9mG1ge9dx51ju64oUpCeGVG/smVpFVL3CFN0tAmEW5Ht2zF4HQL8EJr00sRyA0Eh/f4JRG87ndeI8i+0GdMGn7p5R+8BRzkb8JCQcyOhwhlANCBPYlm4aeCuYouzmqwqdLVYbSPGWWUnbJ3jCcl1qXDPTA3mhETTlec1KigYKPCP+M651UhnYGJ2v/4fEjuAxxkcb9wqU8ubtRv+FTqd4jIy5mL8Azp8DIP9kk61D+CUAYA29S1aGYPngy8MQvnMuI+ajstCmQbsO1o2+K4CyccvImDXgY/3C3nnoy9ysAUQqeZEXqh/3NoP2YKAA6mmFjkhiBpyrJ8WzZpH8a8+QzOs864IuYnHEgKSvJIAOE/hVAGADvXxWjmzZVykw/SPSrlN+8GNXqNSAnXjqg/zPXygR5OOMS2HERwZ38BEhZYrVVQ6M0jqfzwcoTygOD2qQ8AeMHFnPniBgS7Wf5AfAittRoe4yu80y1jwQ/y35Tc5IEIfDpCGQBs1S5GM6krhFj7NsO2By8h24BtR9utHVZuWp4ltRyE16AO9tJRoE8ueoO5yKk1/MUwHhjghRa3IFHgQeQ37gWomOmEwh01REIakiSNOyIvMRB3HhXBWOa/CqEMANrZy2jm75O0hlKXqHIfM8ooJ5d90RqKG0QnzY4OpO9FZLKgN48i5kcWnCXE3KR/UtccuuwADiQpEdByzK47xjdwqe/MIRQskvEXoZtU+msgSh/CSB46jFAGADuxW9EsqbHQvVSD3WzY/55sbHt/2/5Q8mYyBHrj/FMwhZL73tHvTJhmwV3tddDlMQPSSRpdcQCHlx2Xgpg0KFg4w4IFBaYJyiuQ+NflLPKs8yEUClYIZQDQbd2MZoEo4yY1A1Olu0F1R65ji23rbfCojlYGb9QQajk4XXosuKd76vUnAAlBwm6oCArcdr1lxh8ADoHA3INgcLCv2ZmbF/Bz/cJ7ZSDpb5+MnSkGLXtG5K4ThDIA6IrdiWZEwa4I5t5oJumjtwHZBmw72sYe9P45Lzwl2j12pTOqfOzKXXTkjA92VjMR5N0kyZ8jEfo5dHjQ45QM8ELY0mlMHtwT7Xxzr92Z2znn7S7FMScWOedmxljrUGHvgFAGAG3tbzQLtxkC+2z568VSvdlcdmBCGeWkcpTc0xaujM3jC+fodX4MzvKs7k1UQ+8VHjQspEcuEf/FAOAF0uayOJxkF4GTXygkkGDBaQhyml5491NwXiol+pO+AkMoA4BO9UQ0izYPoq2K7eLuuwtpRWrnY1GPerk+XtwPhBELnjQZuf1tzqgA9+hnjAWfZfZ/nZrgmzBnkUS3aY0TLcBhIAQJ4f32nRDhP+v8148eJNXYMca5LPfPv+G7KLSIJQhlANAtexLN4psHXQozarBf2WsnCdSjPlifIK6XTvj3PJIeeskLcvrk/JvBRbvomP9e/pvIT7hvkfjFAOBgcNcSccX3z3nRw+tT8yKKfLb1+ucCif4Osg0IZQCwU3sSzeLHlnch00DO3AZye5cFyignlGOPHvcoDv0I/POlEMFfhz9n0O+vI/8OrPHzJeTTb/h7tFwiQBDOxAAvgC2OBvbPu8GS/1ZeEoCY3/3hp/vdBKpT33pug0AoA4BO7X80c6qDV27R1sV2qe7HxvQ3ox71wfqAQKW0XJi8B/N+CEJa2Nw7pzr7CnuosHBXKvSnEjLyf0GxLRMAePF1+Itm8gW3fO5zb0zvBBZv7RFpSejAwF9n6KV72hVtTqXeDghlANDa/kYzrxURaCQERjDttOXApa/sbUWkBvWoD4j5YbBwm8H7X+Yd0qE0PXNe5fxG5GmFbhLO+y8552OBEy3A4SRHgFBwsNdDsnvjvEt2Qf5iqaG+f+auSyICvSTxH+p+NEIZAHTHbkQzudL7lGgbYYeRx882YIttu21LIpy3D7Z7idw2SPiIJ+YO0WPCP5OGP9fZt92tVQHgQPIjCYvmP6WuOPfKXsiDiOUEfTBv792KzX/We0kwWAWGESGUAcB27VY0895ZRJIS3aMG/xCBMsoJZV9MUzXu1OcdqzEnV+mU6SbZRPgzY965/bTBrv46AGCvJf3G/WAUCgOh37yb9vSGFXmnWz9RIKdGQ/lUESlEX4JQBgAd2MtoxtybS8eEjkjtToYqyc0GgTLKHZQ7wCi0SLn8HsK7i2rovg/yDoEhUv7bsuB3iTZgtvhFAaDXRSf2BX/nzIsc/tLP8unWHfvrnymlLg037x8/JdmZhOiMFgh/OkIZAGzJ7kUz5yYP8jvvjti5DaG/CfWo97VONTjPuifj0Hk0MPbXPY16vyJ7XJ+wdxb+o8AHCZIGAeLECnDwBX7ykaggPR9+MnBalYcIu8HELni9dHJU8UYaO/d0c3dGKAOAbdutaOa+2Et6hq/WYi7cthl2kuY2EOpRH6mPE9Nh5h+z/myHQItCxBzWwu3YI2LeaL/ooY9eOIBDTLDA79+5oGfkZwac/YJddF52362XFxgR3kIlzD4hC//thXAGH0v9gghlALBz3Y1mkZkMTjTz8xtdmuSAuQ0ob2FuQ0fNUxGYue+9xBkH7L7rpmFqxIPLoSfBKF8AaCsmlthLGSmccS+zLpyrefkk7T4VXHUk/JC8NoYcyiyjZlK6s5QBQhkAdGIL0cx9Qej+lTFrKEU+YzszHDC3AeWtluOrA8OTot1y9jOMCRKrhvHHlfKabk5kU389WeTxbw0A0AWWJQzDauqGqnDG7ChEUpKBnLu5sWBXiZeLEOGUghfKmLHGSp8qxpqWPqKO/9od9AsAsCtio5k3XTrQG8KClbZuJBwQ5qALpOFJzuNQasIZj0fCEOKj5Y013SSiVwt9OP4AYFdxzlIpJZNJmZZwWwtxvSJ+F4dUEESRne1QxoTB1v47M9aISMm/gpMpAOy22GgWjE/BQCYNFO/ad+jie8HB1n5gbmxSTPhtBiK6WapWDMt+ZjST2r1vCwDgURWmKNwwhJxAiN7rzZ0bHRqd5O7mpSaIqHyLWRXnVenRPf+DAOCQCkQzr+UQvSRjcUs9h6/jttyiQLMBuiUu1RA6IAU9rTe9RxmOww8A9oimKSI8BYGFF2yQBQYmBZsSgljzqf9QSe/ydwcA8MVFs6Srry5PqcJ1G+yUe4xGUg3SZAdvTfOSYXrPK5gfCAB7ReHM8k6rQuqKc8+voZNw+D4MwRwFMzbk996bPwEAQI5mdkTyhyqFGhJulOviOCU0G6AjnS4dGJzVIA9Psuutbg6xAwDYGn/xNve+C+4jEYxdwYciMGFaCEFk7fl3BwDwyfFKnuQQnz6VXhb7Jh1CswF2xJ8MHZdqiBy+yC8AwP4Ln1b9Wysx5q2cHqiPWekBAGBfuWEqmh0N7NLNidG8J5b0RLn3y61Juf5QqkGqj5udAwCwh0QwUgXWIRF2HkG4d3D2q91lpdF0AICe4SVPBYWiWaBnpKuXXjzQ/4syykllWfQIjEs1hIYndXLzEQCAXcWCLQdnPVYvWMl3fws0LYTcZkAkA4D9x5yeDvuRF83iEg5BO2hHuNkGbLFtvY0Tvl1DMNVAgRKjlm8FALAHAqkCL58gT3ho+xTyDQDQC+Kur8IJB/L36UrgcrMN2GLbettCcDUSvxqpBgDoKcLLHshn2WBnhzufIebsi1QDAPSUSMIhvIPT/9u1ng5kG7DdfrYhnqBIW8PL96OLDgD2VWwgYkTyskrOnoKiiz0gkgFAb5BikR+n4scpdU8k2yAS+ptRf8jrE8WeVv1SeMQwAMB+swNSoAEQjXXhCYYCkQwAek6kYzamycC6Fr0i2QZG4RrUo17mH5ciVCnXSGXmLEwSdyQDmZ+x7gAAIABJREFUAOw1e9ykEN75Vg5r3n+9KrfIhBCIZADQO5yIJPxuj5grMUHhmh2kI6Rsg9zfjDLKoXKSuAFziTkynG4BYF/FhSW5m0TmTYIIvwiRDAD2X8JVVnxaoUvTGzjF9jejjHKo3CEReoTJ0ADQk1hgKqFDRArOI4QyAOhVraNZV/Ee6s9GuZfLHYs5UJHXB4CeIuJCVcyU6A5eBQCwf2KvsHYvUPEe6s9GuZfLSdxGReLEhrhaAID9IUKtgbglHZKHXjrnY9zwHgD2mwi3D5KnN3RvPQcp24Atti228ZIPQ5xVAeAF0SJcIZIBwIukVczqQtOB7//1KLYvxDZ8WLZvSWDpVQDoaYzkNZPCwUqKZZjYAAA9zVuG1X8Ub4cjPzj1yBgYlHu/HG3Fhu4PHTtWWMhPoucOAPabN3fQv7eqH5/81VeF/5SQnsUIJQDoDVIwEgnTseRCePrWdj6SU4/MuEW598sdiB00jBnRANBbEqJSiz4QhDIA6EUifkLpLsUqd25Dj/Rno9yzZQAAAAA4xLh/azlGKKOcVAYAAACAw4wzqV8ZZZSTygAAAABwmHGR0MeMetRTqNyZwOBfFlsEANg/CXEpNHFBfhgIX4hlANAbkkLT7k3DcrINzJ9nTSyyRT3qW9ubW5oDAOwSd/UkN3g5CyghlgHAiyZ8RdbNOMbl7hR/+isj1KNert+O4FJfWIQEAPZdNBC1DUvhHRDLAKAXxISzXQ9N3L8gdO9mw6Qy6lHfSbbBk9S+wDkWAHpHYkRikUKHLwQA2A9JQWl7/b1tcZHQ34wyyuH8QxhrcVQG7pcEANCTOswbIL0AAL3OuexqddW289YEl/uYUUY5qbxtyOcDQC/aYmxCKAOAHrWH4Un1FthkjIRAGeX4cs8xq+8/Ls27P5P+dObK+OBpzbg9v/xZw6lMKepMcfCtvKYQkdn4emnjm5pREaw/nT43VDiX40T0fPn5b0um6b5roVD8++zm/7lEbx/NPpxb+84KfqiSfe/44IT7BX43V0mNjbzdx92nxfPlpfcbfX831Zd3avTbT1Zuq4W/H8+m4r52Np2+MjL4SoYTEZnNb5Y3blf1iqCUmpop5K8WUlmz+v5cpTAx9qZWfX+u0j8+8lbO/jjzm6dL3/eNvldQduWfFwD2mPHAfHadBt9T+vuJatbibyztHXV41HterP3GbJ5VxmdZeGciIqr+wVglPvUWr7mFcNw2xepvzfoRZeKaG9JL1sJvLN2Nf3yUFd5U8sNkPjCf3qLRv1My3muDe5LChv9B6U+5b+ztX7IW3reyv1IHh53vvP4bs3lJGXhmLpf4kV9x1fsuj8yFGzTyd7z6j2al5H/H3K/Ukf74N8ncMteXgn+RQkP/o9pvWuufW5vPyDJJGWUD15T8sPMPsvzA3TNLmbNK8TwzrhtLS3z0VzytEBE1bhlLc3z8Pa5t4/8wgMNIda4L3X5llFGOLfccy6gKmi4Wr2SILOOb5dIni5sT06myQdm+wq8GVRLW+sbGJ0ulsezIK7zxh/nVe0I7M1SY4NZCefOzheXy5OibWaoZpqlm/nLMudBPpVLmZrlmUpWlr0wMn7IENTc/WDEmRgqvaKRwbcz7AsKqWubj5fIrucKYfQ7WNz/dMJuq2XR3aVbKXxs81Sx/08heTMd87YerpU+eV8aODRRF89MnK3dM5WQ+fzHFmo3G/fXK0/zwKcuoWmbKFKQYVcucX1wfOzp8WiUiq2mIqmERodkA0F3273mPo54pSjcES1Hpluh7k7EsS2WpfMsqvMPtn7g1Z1VKlB9lMTvbO9TIIhJSIdRsMB6ZmybxB2blvJrPEhFRU5gm9b2j5AskmqLyqbX2uZV9l4uaEDUW6DRpCtOk3NtuK0WhVMp/0vL2bwqzRhsfmKm/VXIpIiKzRlaNUkeYuGuVV/mQ2xIo3xJimKdIlCukneVDJ5wvqw4Trca/Sd9biloR1BTrHwl2lhemGCmUIWv5t1ZNYf1XWVqh2l1r7beG+Ft1oEBWjWiUjVzjnMiaM1eum2ujanGWK3et5ets4hqjZ+byDUq9xdBmAOgY97IN5MYZlFGOlntTStPGMqmxXO5aQTObzVVBRKQo6lgmNZbNnC5k+oW5blCtUv7OUF49UnxrMHdqoP+tyaFXVfPeWs25vleUYiY1lk2NZVOD/kU4y2fS07nMdFpRiPWnM9O5zERGCV+kG9UvNuweOOvxSmUp8I9l3C81+guD13LW7fW6KT3hfe1zeZUMoyaoVi7f05VXj4y+M9J/eqDv3Ojw388Mn+KhD6MUNT55trHSy/+XAMA2mHNWVWHFtxg9sqpNImIDZxk9scpOT7zYvCtoiucLsTt3QpRvUeq8UhiljbuBEKIUWKrA0sMslSVKhRsbMnWYZUZZZpRlhlkkOvlYU6x8ZOlSDT/G+/qpcteymyLimVVZpf7z3H4TVnDfdpSpSuKbKAWWm+K5I4wT8WGem2K5I8x4YNWaNPiuMvwy75vlI+/ybIpKtyznL0w5b5u7xNMKmRViBT7yJll3zdVH1uofhDjGiyda/MUAEOJnG7DFtsW2l5mW/sOmQUqunxERNRuVL5ZVEtZ6rVZSs2+lxXrJMJXM8Yx7dmDa0Qy7U2uuU5aIqLH5n77ftJ84eWT8rc4/mCkv9SuP1zbm80PTzcrnNfXVvLhXd79VrXK7kbpyJDWTzny6sPnQyJx2E/Qr5Y0vasywjIVNI5vrH2NipaabSuZ4lhFZ958+/6QmiGlvHB15JfRxY/21pdLvllJ/P4YkA8DBIcq3hDKrZEapr98sfSv6zjPlBM9dNyt3ReFNxlatjWeUe8/OPMTs3PYDrDmrUmPFYyyTYmufWtXzTkc+EW38o7Fhl1I0+B5XiKyEN/H3HOUTSQN7FCq8w2sfWEvX2cRVr5blz1LlurV5leezonpXWEd43sk8UPNTc+5T+7Vs+B+U/sQ3iaEvERVYxh2pRSmeG7Vqq8Jpb5TE+nWTERnPRF2hoSNERNqsMjxnrnxkUT8beZMjlAJshbrv16PYvhDb3vT9s2ff2yWmnBnvL5JBRKZFVdNYrzWWKP2X04MTTMwTUYvRPFr2V2O5fiIinkszKm/hC+QGBi42lz9frZWbVSU//IpacpsN1g/r9WZ24LhClMmdUle+Xm+eHnEnOFhW1bSebzZrmYG/Hc+mSJj+N+SnjoyO6bXPnlQrZvhLq0ru7XH9Py+sf5QZHNzSvxQA9CzxzKqUaOAEI6K+Wdq4ZVXPKjmFDZyl6i2rdlWhu8Ic5QOjLXZu8wmVW4IdUzIp4lM8S2bpgciddQK7PUiJTLH5ubX+Byv7XmIiIfe2Yqc7WKrlwJ5+PvK2WPjAXBn151doszx7wyrfFf0vi40nlHvHn+egnVeGTxCFxj7FvUlH5MyuKcwaE6uiXqGBd9W807pgfVdZaU4ol/y2EwB0Ru2RMTAo9365B00Xi69niBjPpdSse2rJZvvfHk2RXvnPP5ZvV/RTg1oxqyqV5uO6GLMTDqL5Q10o6dQgUY2IOB/OpNxJzNRpyt+hnRvOfrOw/omSefdIStlwq/XK11XRpNL/8dCd7VeuPB4eniEiorHC4Nt9rFZe/b+eb35Tz72ZZcWMqlSaD+tiLMMUrgymIqOhXEp24J2i/pvltQVh50oA4MUmNm8Jy6T1/2SsuzXlRyI3y1KzPH3LKt0w2SPKvGX37ifu3OoDlqzyEllL5rw3RfiuVX/ZmfGsFFiqQERMnRXlT0XTpKRraXWYpQsd/UnKlDJy1nj+B4ua7ruleH7Wev7AWq8JvZ8NT/k7swKlh2O+f8ybRGijRE9EvUIpu0nQtKpLxI5xzQ7lw7z4FudNa/kfrcpda+AtZ1gUpRgjwZBoANgylXqgJxvb3t/2ppSmFTMJ307ru9a/+du18uOB4Zn+/Etrq18/WzGGcmPMWihX7pnKq4PZrnQ0KbmBtwbMh5mBae4lKsTCWm1VSf/Fkf6iXWHV//Bs80bZmMn5L8zm+19ZW7m9Wj031ZfP97+0vnZnYbk50DedomajviIoIZ/ABgvDb9eWfrdpodkA8OJbtTaeUPqaMnjEqWhcN9dvWY1ZJZ3lAyespbuC+tnYsTY7B96zJmpzlh0alVFm3BJmgY287Q7IqVjLH4iNObLH9pgl0SQiU2w+ENTvzi4wRWPOHazUz+zAZayKut2volCq5fQGIspcVYZWzbUnUs1ZnvrWKj+g9Fs8Le0pVkXdXSJJHWZqyzcJSc3y7F1r/X3TPM9SiqjdFTWTBs8HV/9L8cFL1tNPrY3zfLCzZg8AJFD3vQ8b5Rei3HO4muNKVgm1GVheZVnNmWc3MZyfqZZ/qImZvvRbU0P55fI3q6U7gvWnUm9MDJ7LMiLKKkpWqPIpTFF4VqGc98acZznPR7ulGM8xnlWIiE+PFqeJiEjlPKXwFOnf12mmOHg6451XtbcG6r/dbNb61RxX8s7XTl0sZh4+bzy3+vI843zDjdJ3FqUUpdjfdzJNZLl/JlfdjyMiPjM2dPHp6nO19XkbAHqe/kyYR/joWX/YT/oar75v1UqULlD2PE89stglnlHa7JzKEidiRDxL9ESsfODEbfU8Ty1R7i0l584loGFl6GVjZc4Sl5iiiM0PTGdu1zAbfEtJE5lZRqYof2A5HSFH+OSbTFFE9SOzatcEF2DlWcayxIkoxZQUKU49y7/NG7+1rJQbTft5YdZaesYG/FnITOmn2l3r+V3nce5X6kh/yzdJkZIl5vWZZPnIe7T+ubV5XZRNUkbZ0HvOSCru/oMQkTqr5L81a0/EYIERESmkZElBxwvAlrFT1/7Xfe/Jxrb3t//w60GSGhBCblaIwD2hhfQf6aFT/A8La97B9+9OTezDIQ8Ah9VGua4oghGz45dzTWnfmcbvggguwBqObnbgE+nl/+i9QD32b/fyrwAA2Kg0VG7fkdeJYMyOXUz6jxvPvEd2APMe2P+rKlvoguS905+Nco+XAQAAAODQ4vLcBpRRblEGAAAAgEOLe7lYbLFtvQUAAACAQ4t714T2ypQoo5xQBgAAAIDDy1towL5CRBnlpDIAAAAAHF482K8sEvqbUY96AAAAADi8vLkNdr8yS+hvRj3qAQAAAODw4rvaP436A1QPAAAAAIcX39X+adQfoHoAAAAAOLz8bAO22LbcAgAAAMDh5WcbsMW25RYAAAAADi9kG7BFtgEAAAAA2rCzDULqV0YZ5djy4WWWF79f2ND3+2sAAAAA7CPVvS7EFtvW255UX/n+3sNHi+vlqm4R13L9w+PTp8+cGM3IO+mlx9/dfvhstVzTScvlhydPn35lekDzd2gs3b9759HSetVUckPTZ85emBlQ/FcvffXxl3N6UfmbN2Y0AgDYbfry3U8+e1zuP/0XvzhVcOqspZsff/KwYkV21gqn/uKdM4VIPQBA18lzG/a9PxvlXi73nvLcf/9vn914tFSq6hYRkaVXNxYf3f34v332oOydW/WlG3/85z8/WizVdIvI0qulxQdffPLPN1e87EHp/uef3Hm6qquDQ/28vvLoz599Pt9wn7RK9+/ONUgbPzaJNgMA7IHq/OefPVrVLX1tad3PcjZKqzFtBiLSdb25l18PAA4xZBuw7XDba/Snd+4t60S8/9ili+cmBzRqlJ7e/+rGfElfuX3z2czPJjUic/ne9UcViyg3cebyK5N5qjz95tbNhVrl4de3J39xeYQTrXz3YMOi7Imf/uLyMK/Pf/67L5YW7s9Xp0/liKj6+KsHFeKDr1xAqwEA9kDlwfVbiy3GRA6d+eU1ORxxLZ1GdAKAvcGTrxFRj/qebTMQUW21rBNRevrcazODGY0rWnZ45uKFmTQRWZWVMhGRvvhgoUpEuWNXXz81XsjmCqOzr188kSOi2vyDJZ2I6huVBpE2NDnMiSgzcqRAROWNMhFRY/7md6sW9c+en83t958LAAefVbr/1e3l2KSCS0nnclnpv2lNabU7AEAXIduAbYfbXqNlYnrY3NOtltOIiDYWV3UiSo9PjnpnVqU4PZ5+9Kihrz5fp/HRhHc3iczl+7cXdEpPXzw90JVv/EOl/vVaed0wdasnB33BAfVvJkf2+yvE4JxpqqIoPRhb9o25eu9P32xYWvHEePXRfK3lvpauk6bxPftuAAB2s2Hfr0exfSG2vSY7eaL4zdpKY/7uV+MXX5kYyFCjtHDv5uMGER85MZknIn2z3CAiyhf65VfmC1miBjU2qzpRZqCQptXG2uKqNT7M9eVnJSLKD+TNjQc356qkjb96ZkRf+v6bp8tVnefGZk5Pj2a2c6p+VK79/vl61/56gBecZYlG00inVLQcHPrSV188qljpiasXT5Y+f5S0W3X+q4/vLy7XdCLi2ZHp2YsXjhUwSgkA9gSyDdh2uO05uZmrbzSuf35n5dEXH0unWG349OVrJ7JkTxUkIiJFC5xUNU3jRJb9tFacnR14fGfjwccfrg5rm6sbOmnjp6eVua++KREvnDo3OP/xB/dWnaHGi3NzTy+9/cbJ/Ja/7dfrlR3+vQAHj26YiqLu97foBY2nN76eq1Lu2MXXprPVUvKO1ZX5qlu2astzt/65rP/lz08VMFQJAHaf3W8q9yijjHJSucfUV+efbjTCtXp58emyc1rlnZxJ86ev/ezV8YLWWF+uWLniiStvXBtfv/3NikXZmQuT67fvr+q8cOqNv/kX77xxop/0lTt3nm7jHg4lw9z6iwAOOAsD9oiIqP746+vzDcodu3phNCFzwO1wpg0du/rzt//mb//6f/jrn12azhKRtXb/6/lIIAQA2AV2N8++92Rj2/vbXlP59o9/flSyeGH68qXTk4WsRnq1tPjtjVuPSvNfftZfeOdU3h35q+s6Udp7pV63F2zV3CREevT0a7887T1vrd78cr5B6elXzw1tfLVsERVPnC5mNJo8fWz40d3V5aVVmhzf8z8YAA6m6tznt5Z03j/7+qtJjQai9Myla6lKemRiwLktjTJ48sr51aXP5xrW6sK6OTOOfAMA7DZvbkOP9Gej3LPlHlOef1yyiLIzly7ODNtVWm54+vKltcWP5qql+aflUy/n+/M5Wq7S5mqFTvjNhnKpRkSU7svHnqHLj24+qhEvvvLquKbP1S0ins7YJ+p0WuNEZkM3ibZ4ii6oynLT2MEfDHAAcd6DXRJ7TH96896yTkSVBx/9fw8CT61c/39/+1Vu8to7lyc1UvKj06HhkcrAcI7mGmTpurXlmAQAsGWchNeXLPcrM9SjPlDfa3Sr5SKFZkMnooHxYY2IGovzS94QIXPl8WKDiLTRsbj7qjYe33y4alFh9uzJHJGmKpyIdMt+uW6YFhHxbcyJvjjY38FeAIeLpuJat3UoI6ve0E0iIrNeq4eGOurryxUiIi2HWzcAwF5QiSX0MaMe9RQq95J8saA9quq1xze+HrYHKSl6dXXx2xvzVSLSBkbyRMTHT03n5h9VG/PXP+u/fG4yT5Wnt7+eaxBRdubUaPSCRV+8d/u5TrnpC2cGiIiUgZE8LZY2nj7Xpye0ur3OUqE4uPVLnRP57F8xhgVYAWxYgNWVnn7jr8brDV1qPZTvf/rJoxrR4IV3rkz3ZzMKUX3+s//y9SJlR6ZnTk4X8xluVtcff3tvXiei9MRMcT//AgA4NNy5DUIQixvRjnrUk5dz6CXa+MXzo6t/XmqU5q9/NH898Fx6/Pyr9m1UleGXrp5a+eThRvX5vU8+uOfuwAunLr4yHM0ZbHx7c75B2sSrZ9wmRf/M6fH7XyzOf/5RuZCulzZ0Sk/MTm7v5m/H+zPH+zPbeikAHGBcy2TldIHu3MJN0XLZjF3UsvkcX6zUlufuLc8FXls4dfHiCG7gAAB7QRmeukYtBqGgHvVERHTuVLbjF7dyq1L3yleGt76OqUQbnDo2nhHNZlM3DdMSxLV03+DY1Nmrl85PeFfnSt/40am8WdtsNHTDYlpuoDjz6pXXXh6KyemXHt34ds0YOvPGhRFvJoQ6cORIrl5ar2yUG6xveObcpSvH+nCKBngRNZoG58SIOfHLiWGMBeJZm8hmP61W73g1vHCpu99T4+UnC2U2fPzMiSEnFvHc+Klj4zlm6Kah67oliKf7i+MvXbh8ZXYIS9gCHDaNpsmZE8jsCGZHNqcgPZSfdCOfG+UYbXWOGTv1+v/i9yvLfcwooyyV//WvB0maGi3kwUvCfhh4JNUFiv9hYc07+P7dqYkd/3C6Sy8vr1v9owWkBAAOoo1yXVEEIybaNxsCwU6KbnbgE+nl/+i9QD32b/fyrwAA2Kg0VC621WwQoWaDPYmzQ97cBiJ/XDvKKEfKh4KWHxnd7+8AAAAA0Is4CXtuA7bYttwCAAAAwCHGnR5lbLFtvQUAAACAQ4xLg1AYyignlgEAAADgEOPkL7ApUEY5sQwAAAAAhxgnaUUcEkRM6mNGPeq9egAAAAA4xFRn+El8HzPqUe/WAwAcCoh3AADxpLkN+96fjfpergcAAACAQyxpbkMv9XOjvhfqt0u6yQgAQM/oLDZ5qQeEMgDoUR2Gp25kUqNzG1BGOa4cQ7Q4BOXbEwIA9Ka251rW2W4AAPvMuexqHax22nSQsg3YYtti25mkHXHKBYDekRiRRKTQ4QsBAPZDUlDapUlaXEhXhyijnFTeDhZ4GVL8ALDvooGobVgK74BYBgC9ICac7Xpo4kwai4Iyyknl1rZ8HgYA6CXuuEo3eDGGsUkA8EIKX5F1M45xQVK/slRGPeopVO5M4AAVsUUAgP2TEJdCJ1f5YSB8IZYBQG9ICk271+XBvSVzQn3MqEd9IOcAAAAAAIeYm22I9jejHvVSPQAAAAAcZm62we1XFqFeZ9SjHtkGAAAAgEOPh/qVWUJ/M+oPeX280Jz98GA64VcjXwEAvSMUldxQxogYMSaHNrmIUAYAvSYQmIRUHbl468Y6S/7cBrm/GWWUQ2XpMIw5ZBMx/2BmbXYFANgTjHn3owyEpPApNlj0XrH7SxwCAHQg0KvRKjRt9eItGbcvCP1+ZZRRjiuHtOhzC6cYMMAJAHqTcLo2mPcw9KzXYPACIgBAD3LiVfsrrx3mTLm9KL/fr4wyynHlVscpAAAAAPS0Llyzcfu6ML6PGfWob9vF5j4tt1+jw+wYRgUDQC9gLDjkNxLhWGzuPhjpME4JAPYbS5jYEH891qVuXj/b4GylPmbUo96r39px3L4KAGBfReNSeI2HmNGZAAA9Zw9jlZ9tsPuVUUY5ttyp0GnXnj6IoUwA0GuENDfawyIF5xFCGQD0qtbRrKu4Py5FEMootyjHYzErJHl5ssjOHRySAAC7Ji4sMfcZ4Z13mZ9zjRlfiUgGAPsv4SorfMnmRLjuxC1O0ogUlFFuUXYw73+jp9KE6Q0MUxsAoGfYuQP7rpaRyQz2fRvkx+4jwRhDJAOA3uFEJC+aJV6JRWq2G8e491HeiBSUUY6Wk4no08FjNrbxCwCwb+yAFGgDsEiYkrtM3F0RyQCgtzi9Hy1bBKJr0Yvvex82yi9EeQtimgmRgxoAYF/EBiLh5kUDe7KEbhFEMgDYf7E3nUkcJd4l3PuMpD5m1KM+qYnq3mnV3iY8S5hNCAC9gTE/iyCPt5QXZXVHJbkPA/e6bxEPAQD2mgjEqJguDaf3l8U/u3Xcf093KyI1qEd9S36HnHTshpq8zqNiSvVeZuL0CwB7xbQEl5sLUmq0RYiLhDLngVCL8nt3+8sCACRyo5nNGdARM7LSf75r11sx2QZssY3d+tq2VwN9c26BMSIa1hRvr6ZltXsjAIDuMAzTz4w6hZa9dMEIxrzXEBGR0Ib8/azm7n99AACHF83iUw0dX6RtA499E5RRTirHk8YphRIO3tg7RkSMnc3nUm4beV032r4xAMDOWZZoNk3O/dFIdmgKpBqYcw5mweWUnISDFMsYkZU7K1jK3kHopf34mwDgMPKimXPPezc6xaQa3KZFFz/dbzbIPcooo5xUDvG63sI7sdiHIq8qvxwpqIyI6NZaBekGANhVliUaDWOz2lRVFjjJyqRVVoUT8USwnsIvVPPW0DuCqURkle4QIZgBwO6KRDM3TMlCDwX5/R7doAbGbkY+GvWodytZoGXQ8sXOzu5rvNfahWJK/VeTxZpppYhVKo24dwEA6AJ7QXPGmKba4yQFY24os4OVNKJSkLB77IIPhb/2qneaZkyQEFrRHP2fhFk3KW1V9H38MwHgwIuJZtLwJHmlh0CqIfaNAo+21pxQW/Qlox71nXDPrIyEiB5+3lAlITUlOFGfwt2P87v23I+OPvC+nP8oqb5LLWoA2HPyrzohsc7iHgRv0CZNfJbmBDIhiPmJUSdceXGGCSccCRZ8KH07N8K5UUsIYqRkFRJKKG4FIlVMLEsMswhlAAdDQjQLRrC4eil4yXEseH0vpDGTLHFdB0GhBsbOqbG1PdXPjfpeqO+A+9JgwoHkpoT3lHPu9VMQ3p4i5owaf4YN/fa22toBgJ7TyYw+uYEQ01HB5BOqV+U9lJKfbqUIPSW8N/dCUyiUyQlVokD8cu71YHejBL+kkKJUYsBCKAM4GDqanxxoWwTq5HmicqyL6xaJ2dP/1C5HlPhmQ6/1c6O+F+rbj1OKXa7VvWNSpHkQOLMGPs0+ywvhfmrgMiHm9kvu53T71wEA+yH5NBszJ8EJT05XRPC8KXXCSU8wxpy8AYt8nPeC4OxCkkMZY9GeEeG0VwSRE7KE9wEIZQCH1g6iWcyLI90ioeFJAbE5iJ2NUEpsNgBsSWyLQq70hyqRIEZCOCl+b+Jh6IxLRMJP3ongJ7X6FQLAQRburQj1rAUaDLFthnAK1I1L0s0rvZgk34LVD2VS8iGSKUUoA4AObSOauSMtmRugQk2D2FkNW1iYtQNoNsAOSAd9OKEfe1oVXtkfPexm+YPnc+m87nfauRVtvhLhxLU0AAAgAElEQVQAvLjadLTLvWPB625pNGR8g0HOiIrAU3YCwa9zvwiLG3UZHLaEUAYACXYvmgmye2BZdPn7YK6ii7MabGg2wBaEswrxOwXmRjNiQriTC+VRTPKZmOQhwuR110kf1XHOHsl9gIOs5S/cHU8ZqLE75/yuusClvzPPQTAhBLFQfGNCiEDQkxZTikyPbvdNOvn+29oRAF5McT9yKcMQN4ch3DBwgpvwb+HgPpU0WVX+qO20KNBsgJ2JJhzcUb7+YKRwt5zbrvAXNpRnQzvNjNALPQIzBgEOq7g50G4I8tcMkZ5yX+UlQcMzFuQJD85UaTcoBUYCCP8lgZ6OQPeH/7/26xDKACBBi2gmvOuowE0mpX2YPczRr3TCFwsMtgwuMdedr41mA2xNTMIhtuUgKHy6lWuY33KQ381tWsgHeHDKBAUGBLdPfQDAgRPMCISf8ScquLlNL5Pg3Bc60l0nzx2Uo0rgKbng78mElHcIvoP0zUJZjC78GwDAiyfmOj5ueoO/uoPLCV9M7h8Jz1iQ4lv7NsO2By+h2QC7wO+HS2g5CK9BHUw4uIOX3LcRobeNtBLCxz3OxwAvtNY9AX7SwNN68p/bLRd7lg23B2KxyKeGO0HcxEIwggl5WkNkxVUpeZH4sQDwQotbKTLwIPIz98JUoNXg33DS6ZEQjMW1GfyZ07sYQdBsgC1rnXAI1bFQw0BQTELfe8/ojyx4gcDcpP9W15AFgINJBG6Z5KcEhNs1J5w1nf0zqfQSIQTzpyI4uYlw2X4371MCUUjaTTDhDpEKtwpiVppu/2cBwIEkDaRsOQPBDTuBjgsnk+omH+QMRVJjoXupBjQboHu8mQyB3rjgzMDoyCUid8J0cPCAMyw4MEpZ7r1DVxzAoRU/JtjmNgAYifC9USPdciS1OEJ3U/LKgXvDObMjpErpXYQ3rkBEBloG73gtqMXaqwBweAgWzkRKbQnhDLC0Ox7kSc/hcZhOpf+0Nz6DsS4HGzQbYDtiEg7BGzWEWg7O8F8W3NNtRfgTgIRwe+xE6PTdavASABwmItgeENHufXfIkDzLWTrFisBKI9KSSsEp0dIHeGMEpGXiIpMZ3I+O1AYjGcIXwGEnR7DQpY7dmeokS+VpDMJ7ZWAIkxAi1KQIfEokB7HDJVnRbIBtCq9LGK2UZzwHbyAdWJbEmerAvG48PzURWdjQHfTX0UGP0zPAC2FLpzF5urE0Cth/r8S3DXT/k7/SSKTNEApl7jgBQaFVpKVJDu4bBxoVob9KioxbO28jlAG8KLYRzcK9Hm4rwe3CYG6qwdtd6jfx7wPnNyjC30S6+tr5bRzU4GgolFFOKseInZDgn27jFlMKzHZwxhC7N1ENvZefmnCfjJ6Itz5iGAB6TZvL4nCSXV7pKHIWlNoT4caAvGCSu1vongzRJGp4H+kbs8Cj2C+Y+DcilAEcSNuIZkl3cbabB948LOdKyp+XFeiBCOVUYwIj60KbwW42yO+CMspJ5QRxPxAm33sh+NA+noUQTP41iODZXaqR3yTwsTjLAhwSItQXF3wykiigUDIiOCpJGjjEwuErNqgkL+cmKHBry9h3SL6GiDRFAODAE6H5BnG9HhS5d5tdw/z3YM70LQq1Jeya+PkMXVpeyRuk1Av92Sj3fjkibhkA6fZt0kO/i064i5S4VwP+s3Ia3/1w/6Vyy9p5i8QvBgAHSei3Hjkvxkwk8KOGu6SS9Nro6MekhdzC+VQ/8vgLKEUmMITeQ34OUQvgsAoHn/hsQ6A3hJF8fcSYM2rSuTJznw3d+q3VuhE74zUbeqE/G+XeLweEbsgQqLSPXRH8dfiTDaNzGyhwk4eYzjgW81VaLhGAAcEAB1fg1x3ORjqV0lnY3a/Fa1kwaCTV++/jjjQO9XKE7iwR/1oAOIi2OLeByXEj3DtKjPwVoZ0ll7xlHrzR3X67ggJDmqLryMU3J7YIcxtQ3maeITwPQUQq/dseEQVvpBqcFCG8xdXt9rM/K5pR7Ike7QGAQ6j1CU/ONsTsF/fS6Bt6PRehp2KWV4pLRoTaD15vSPJ3RigDOFA6/FEzuSc02M3g3QlXyCspSQvcB6YxuPeN9q+U/M4St5HA5LffacsBcxtQ3kGeQRbNLbj/y8hd6Tw04sg+8oU3OdGdIe29XbhhglMswOEVXhTV43e7RZ6RTqEBUv9c+8+KPNf5S9yFYFuNWgKAw0YehhQOD+5tZ0g48xgSMwl28yLmdpb+p0TnOeyw5eBlG7DFtvW2/Y8gNAQpJlvBIk/bvxmvaSH8FIS0lfZtd5doADiQgue50DzlUBKAJexHCcOU4l/behJC/GIQMa+Nmfsl74neEIDDxv/9s8gtsOTEgr/6szQlwu3yiCy3Gm45hNZW6hYv24Attq23vpjzXNyJzztWY9oJ0tW/m2SLmSYReef2cwnRkQdwQCX/+qMhKn6vduGBBV8bt95D6DMTL/pDHxXeSyTtCAAHRlL88Acxhrs8KPRQHjMppBDl5BBEYJ/EXt5I7U4SDsFsg3sXa6ndgnrUb72tyih0vwUKDFtybwgduu9DYAgT899IetvQaT16zkbHHcAB0/701vpnz7y9EvcL3IQ15u07iCs7Cz3IOQAcBtFpysGfPvOug/wVouXGg3NFxkLjlLyWAJPfeXeo0pUiBa8RUY/6mDZD61SDf6M3+zgWgSaBvxyi8Fdo9eYg+q0F4Scmoh+E8yvAobKNn3zMPRxa7t3+I7byFRCjACBWYK02wVo8787ydHeWGwnyhAe7deG1HIJZiNgbRXuftL2Eg5ttkPuVUUY5ppz4I4gc726DQASWH5FaFELaxW9XMLedzVjgPtOd3IEVAA6v5Hs4tHrRlvbe2r6RgIl7NQBAkGCBsCA3ABhJz7ltgOA+wqt3F2UKJB/c5kWrlsP2uHMb5H5llFGOKVPHyfrAbVODywX4DQbTEpYlGGOmhQkLAHCwIYgBQOdiros4ZyQszpnC3UyESLhRAwtfiSV8xnYSDup+92Gj/IKU2x3YoeFJgUSB94ydRmCk61Y6rXIWv8A6AAAAAAQJS1C9rqdS3B2a4eQe/MyDXcWClc6ru3DNxfe7DxvlF6TckjQ8yXkcSk0I5xgWRGQYIpvROONoMwAAAAB0hnHGslnNMMhNFwQSE3Jfrb1/12dbcRJuv7Iz/hJllOPK0SMvehzGJsVEqM1gpVOhmwwCAAAAQHuMWCqlmIYItByil2QsblZV+Dpuyy0KN9uALbatt50cydJBGWnyukeooOg9CwEAAACgE5yRJSLX/PFXX12+4pKzDdhim7xN5h6jkVSDNNnBuz0D2gwAAAAAO8C8tVYDQ5VCDQk34dDFcUqcnBtvuf3KKKMcV+50FdTgrAZ5eJJd38G6SQAAAACQyJTSDaFJDvHDPch/Ovhoa1dl3Lku9PqVUUY5tpx4+LmToeNSDZHDF6kGAAAAgJ1z79UgX/1HEw5dnRgtzW0QkS3qUe+3HFoSMXdn81sb3pNt3wcAAAAA2hJCHpuUmHDo6qUXF1K/spCuFFGPerk+eKRGjqO4VENoeBKJ9jcfAQAAAID2mN1yCAxVoviEQ9AO2hHcGbjOGAnhl0mgHvVyfezRE75dQzDVEDw6Ge3sSAUAAAAAR9z1VTjhQP4+XRmnxIUgr1/ZLxNDPerl+pYHbvzkG6QaAAAAAHZLJOEQ3qHb45ScbAO22LbebuGYckcoSfxlwrp14AIAAAAcWtJVlX/NFT9OqXu8bAO22LbaJh9CkTWUgiOURFwzAgAAAAB2KtIxG9NkYF27DuN2fsPpV0YZ5YSyf8iEVlaVKkWoveAdrUIg1QAAAADQRc61lTSYPOZKTFC4ZgfpCC6ImNevjDLKCeXkYzahWRt7UKLhAAAAALBzCVdZ8VdscVdr28AZSf3KKKOcUO70gIrefRCToQEAAAB2iXOhFr4C2w1c2KNI7H5llFFOKHd+SMUcqBihBAAAANBtsVdYu3fJZc9tIK932ekalsqoR32r3JbboEic2BBXCwAAAADbJsLtg+TpDd1bmYZ7/cosob8Z9ahPPtpazHnozgEKAAAAAB1pdfXVhaaDGupXRhnl2HLksEw8MJl3dxESzvKs3W9CiM2lxp0n+lLJqhukZHg+rx6fSZ8q8O2928ZS8xmpp0YVpevftOss69mT+v0FY3VT6Balc8rYaPrsSW1gC3+6ef/LzVsN7edvZse29w9mqzc+/FN9czT3q7NaSn73ter7N4zMbN8vjypUqv3XG816PvOLK+mB5Hdqlps/bLCpCa1vJ98HAADgcHKXYWXtFlv19tkeLtzrPKePGWWU48re4RY8+oJre8VM6g8t9tWVBoT15G7l/ZuNxytW1WKZDKOmtbrU/POX1fvV7b2fcfdu/evb9WdWN77drjL0m1+WP76vL5YFz/BCjllV88fH1d99Wn3S7PxdrPVNYdWtqrGzL7NprhtUrVp6sFqvWlVLrJcsIjINUTdIN0TLf1rx9Lva1/dq90o7+z4AAACHiNSpK+K7eAOF0A7buiJT7Rfa/cooo9yi3NEhHGjjMnfoXTenNWw+qX22YFmcz5zJXppQU0REYn2p+cMKjWW2+Z6mRWSR2bXvuEvEk3u1b8vEc9obl7NTGUZE1NRv3qx9W9K/uN0sXklt9x9gtyjF3HtvW6bKU632Eva/vGkFDx8AAABoTZBgXgKBSdW7ckJVvYs7bLFtse0Z5sM5wyIqnMxdm/CGFLHB0fSlUSKi+mL1v941xs7l3xhlRETVxu+/qOsTfe+eVonE5lL9xiN9aVPoxPIF9eSJzNjK5u8fWxYRkfGnfy79iWj0TP4XU7xZbt562HiyZjWI5fLqqZn0mVGFiKipf/an6kox+3reuPGDXjZYXzH9xllt8/varQVj02L5YvraufSgPdjGMB4+aHy3ZGw2Scupx2Yz50cVhai5Uv3dTaN4NndkpX5z0bRGc//ynFqPfLfTQ8EhO/XmvSVBxF86l5vy2gcp7cI5a+nT+upa4345dSGf+ObXH+hLdaFk1OMn1WDfv9hcatx43FwqC5PzwWLq0pl0USVqNj/5U608mrvSp9/4Xi+pqXd+li1u9f+uZvOzP9XWi7l3z2oKkVlt3rjfeLJmNSxK59SpY+nzueb7f9YbRETi8Y2Nx0Tp8dy757RU07j/oP79klk2KJ1RjhxLXziqZcgZYXXXSr1xiu7fby7W+cWfZJV7mzca2s9/4o65soybX1a/T2XevdRz7SgAAIAXl+rnLrDFtuW2JzSN1SoR8WOj8dMQ6iWzYYmNkkX2DjWzbJBesZpEqVL9w5vNekY9dVLN6eazVeO7J+bUTPpVS//hR6NMfPyoOshZcYhRuf7xl41VixVGtWOqeLak37pprJzr/9k4p4ax3qTqQu3jNWWqqKVW9KWl+oefNkhVJkc1bUVfXap//qP66xmFLOPmnze/LbPRqcxLeSovNr67udm8lL9WZHrFqlqienfzR2KFgloc5Urcdzs+FOikN8vmukWUUY/lg39zRj3aR6tla3XDojyPvjmt1T68qVeJeIbnyHx425CbDfXF6u9vG3pOe2lW7WsYD5/UP7xBv3otPVAz15tUXah+bFEmr04Oq32x/+Kbzc/+bMj/Z5gN6e3tN6mYddL6LP369dpjgx89mhnWrPUV48kPzaNXUq/O0I+L+lKdCqOpIxnKFJWUZdy4vvldldIF7WQ/lVf0x/erS2V7EoW1uil0o/HZTaKUMj6qFVOszIVVbd5bTI9NcCJqrjS/LwsaZZgoAQAA0EUJ2QbmzohFPeqp1U2i95olmkREPNNy1EusesWsEg0fy1w6qhDRabf+TB9beWKULX58NnuME5F4cru5alFhtu/XM4ozx/fP+tMHjfXx7KD9Gq5eer3vVIrMxc3/57ahW8pPXu87plJzcfOfbhulFbM5o1iLje/KlDua+/lpVSGiCd78pPrjY/1S0f3qqvbTn+SmUkRE9Sfx301m2jME0lwLP8NTKSKipiG17/w3F3M39CpRbsK+7BabT6q/u2e4ExKMew+MBldfv5o7niKi1FS68k/3G9+V0ledf3B+6kr/paHkI8CwVtfaTwoxiWjTWG0SL6avzKZSRDTjPDU2y2lDX6qzwanMhSIjovqT2sMq8aHMr6+kM0TUbH7yae3pQuOHk9ppN32QP9n/ixlnCvvgUe3mir70RN+cSPeR9eOPuk78pRl168cIAAAAJErINohIDeoPfX2HAvMYGHmPpOIOcLsD3qo37YN3CzJD2jA3V+9vvr+oDA8oY0VtsqjEXVmaK2VBxI8MO33oSkErqnq1bq40yWk2ZLh98a9keIaomlWKKhFRKsU0ooYlLBLra6ZFVP1x8//+UXpv1awS2df9WlGbcj++k++mqIwTWY3wFGQiq2k4n+5VSW9urm4SEZ86aq93xPomUkceGD/a86Hr5kqdiIwvPi59Ib1jvS7IvkDPqMdbtBmIqJD5m9fSciKi/qTyT/fi5on0aZO55rcrtfc/1YsFPjqkTo3HLp0k1kumRTQ8qjlthJQ2Vag9XTGXysJtNihHx/1lr5Ri6nhO/7bUfFhOX1CaD9eIF1IvFXqnsQsAANB9LOGBs5TlLsDcBmw72ra2N7c0JyJK8eEcLVWtuSXzzMwWl0vNpX/xJv9xXn9WsVYXG49/bKTHc78+p0WHv1sdLKkUuNzlif9Co6f7rhT9Z5UU7yPajL5DB99NySuDpK/WjbmyGMxLn1g3fiwTET8irT8bvRrniv9c+NmM9tPLaX/oE2d9GUalhJ23jasXftI/ttB8smatr+lfLzRvfa/9/M1c0iKwSssPDj6rnppWvrtv/vhEP8L1ErHJo1r8kCoAAICDLXjdtsMVV0P4vo+Yx/ZF2W5ZMEnRpfWU1FPHFE5U+r76+aLpLjoqNlYaN+83VizS0oyI6k3LJCISK0um3DevZLTjs7k3LvW/+7PcyQw1lvQVi4iTxonIqtadvUbzjMh6tup0mZtr+opBlFGKWxj1wgYLCifaKIlMThmw/5vhWnIDI/67yTLamXFGZH13u/ak7v5TNvWbtxurFmnF9PFc/BsP9xGRtbTi/zlL3tKrGWUwQ9S0ysQH3O/Zp+5aPz1Xjkxlr57r++XP8j8dZZbT4GEaJyJRdf4oNljgnGhl0ai7f+OTkvf/S7y+ifQRlaoLtT8+sSilvjSKeQ0AAHCgRa+rtjQ4ZFv8cR7yGBKUUQ6VOyS/StbFA7lvKvfG2uZni9bj25XHd1kuRWZTNCwi4qnp9JlBJUdmdaH2oaX3Nc1n0rD7lfvlDxfZkVFltI9bm8aTOvGCMsiJSD0yxB4vWXeuV54XmJJLvXEiNbzSWH2w+fuyWuTi2aJRJTY5mx7cyvfMTKRPzRnfLVbfr2tTA4ya1tKKsZnP/ssrMY2P5O8m41Nnsi9Vq9+V9T9+oqdzPEOiWhU6Ec9pb5xNWjWITc1ouRV99f7m70tqkYtnS4Z0fwv11ZPqk7vGrS8qz0fVAS42K8azEh1/beDqVv7YthQic6X629tmX1GdKnBumT+uCVLV0SwRsWJR4Svm0v3ND5c45+qFc+njc9Xv12q//9I40k/lFX3JoNxE+niLdZFU9cw4f/rE0okKx9I7uo0dAADACyJpSMgu9f8pQ5PXdued4UA5P5uN1LXKeiVlFizBUtoO78XMBsZS03lqNkVDF/Um8TQfHNJeOZs9nWeUUYuatVoy18uWkVYvvJIylw1RTL9S5Ok+bm6aK6vm/HNjqSb6iunXX80MK0TECkPc3DTLVatUE7yQOjmROjrM9Ya5smY+37BYvzp7JndlTOFExGj5md4opM+MKQoRcbH0zDALqTOj9rNiccEQw6mXRxTO+JEJtc8QayVjcc0sNSgzpF08nR7WmGIaj5+LwlRmZsD5F0z+bkFcOTKhFVVRq4tKVdRN0rLK5GT2jfOZotsDEH1znlWn8mKjbK2umxsWn34pc1Q3lkidndH6GKl5bbpA9U1radVY2rCaijJ1InN+TFG5WHpmNL2/NIpbzxYMGk6dGQmMGGLCnH9m9U2mTxa48+8zmD4zqigZnm6Yy2vGwpLxdE2wfu3sq9mTfYyIUgWl0LRWqmZp0zLS6onJ1IlxRdOt0rqxWLJ0VZk6nv3pS1qaiIiqy/oSU1+a0fqCgzpzaevHJ2aTqxfOpgdfgNt9AwAAbJNumJzZjQPGmHRBxqT/uK0H55F7/2h5ZyLiyeMgotiJ1/7nrv8xcPD8m3eHScoauLNtBMlpMumRVBcoGhbry2KFG+i+zR8r7983tYnce2d32jAFAADoZZu1psqF02zwWwYtmw3OYxFqNqitpxIGIZcPAAeA8d2caRE/fhRtBgAAgF2BZgMAvPgs0bQoN545ne9gZwAAANi6LS59DwDQg7h27eeF/f4SAAAABxmyDQAAAAAA0AaaDQAAAAAA0AaaDQAAAAAA0AaaDQAAAAAA0AaaDQAAAAAA0AaaDQAAAAAA0AaaDQAAAAAA0AaaDQAAAAAA0AaaDQAAAAAA0AaaDQAAAAAA0AaaDQAAAAAA0AaaDQAAAAAA0AaaDQAAAAAA0AaaDQAAAAAA0AaaDQAAAAAA0AaaDQAAAAAA0AaaDQAAAAAA0Ia6318ADp3NWnO/vwIAAAAAbA2aDbDXBvrT+/0VAAAAAF5UG5XGvnwuBikBAAAAAEAbaDYAAAAAAEAbaDYAAAAAAEAbnIT0CGWUk8oAAAAAcIhxYtIjlFFOKgMAAADAIeYOUuqF/myUe78MAAAAAIeS22zohf5slHu/DAAAAACHEuY2oIw8AwAAAAC0gbkNKCPPAAAAAABtuNkGaSsiNahHPQAAAAAcZm62QdqySA3qUQ8AAAAAhxkXdmey06/8/7N3r91pa+ue4B9NhBAIWQaMuRg7mDiOE+eysrLXrt11Ro/qt1X1EaqrXnfVR+wxukfXOKfOOHuvS1Zix1dCMMbGGGNZFgJJiEm/ANv47lxth/9v7TH3w8NFEzwjNC8SiBFfHAMAAADAMGOCIFD3eFwZMeKLYwAAAAAYZqzb7ZLQH1fudmkgRh75kzwAAAAADLP+bMNRSQMx8sif5AEAAABgmA3MNqBEeXkJAAAAAMOMCYLQHRhjRoz4whgAAAAAhhnrdrvCwLgyYsQXxgAAAAAwzE5mG1CivKIEAAAAgGF2MtuAEuUVJQAAAAAMMyaQ0O12++PKRzENxMgjj3MbAAAAAIYc61LvGLErCHQc00CMPPI4twEAAABgyB3NNpyUdC6DPPKYbgAAAAAYakezDSclncsgjzymGwAAAACGGqOBceWBuIs88qfzAAAAADC8RDpZy44S5aXlbTfUQbxZ3y6W9w3L9bggySF1LPFgKqowIn6w8ltZevIsp952HQFgGLhWZWOrolstt0OiGFS1RCYzofm/6Tab5fcLRuL1/Jj4TTcDAHCOSANjzChRXl7eFc2d9bf5lpKemM0qsthxLaO6tfGn0X79MiFzz/PazLvtKgLAMPCM/Lt8VYhMTc+Mhnzk2Ye12vb799aTF7MR9u0223E7ntfxiNBtAIDvTCTqCnS0lr2LGPHF8W031GPWTtmU0k+e5ZTe17KiqJHxlOsK0m3XDACGirdfrbrqzF9yif7eJ6Rq0dSUw8Vv2GcAALhFIhF16WREGTHiy+K7wfM88oWk01/LPmmg08DbB8X35arheMyvjGXmZqJy/6nm1ofytt60OZMVLZmdnNT8RM7W21UjPf807us9yt5ZfVOWnv48rfW30Sy+ybu5F7Pad3uPAHAPeF6Hi7J8esSCSYHjvZOrV/LFmtFqcxZQx9IzuWiIERFv1qrlnbpuOa7HZHV0avZBIsiIqFleXjDjc5HDDyW9Fci8fpmQydGLmx93zZbLxWBIS03NpBUiImpbOx9XygeWzcWglp6dnlR9RGTvrL0pUvbVbCrw/T8PAPjx+UbTvwgk9OYciAgx4gvj54+C5xrP50xB8K4QkL5kal1irfp2tSHIwaDs952pAm/ubuq64YQmp2dz6WTYq5W2dH88EfYRNTffrm52RmeezMxMxsLd/WJ+1x0diwR8XXOndOBPJhQfEZFdWS/vt1wvnIiHBCIiY3t9W0hMx8IYQASAAaLE9a3qvu0PhWX53AyDp3/8c/UwnH00Pzc1Na50dj8WDoOpmCxQa698wKPJ3HQmm4lIh9v5XTaeDItE9l5la29fd8OZ7FR2Qgv6uvr68mKdJR/mZnPJeFho1C0pNiIcVCv1Q1OIzcw+eJCJSI2dQqU9mh6Viahtma4YjWtB7K8AfmiO22FC70BMODpcE+g4GLg5eCedHNod3yLGPuFwzjea/mXgpkAX/yAw8sOef/EodNG9n+yLuw1CMDaqdq1KeavwcXunZhxYTocFlKAo9LoN5QM2NTefCoo+nz8UZoc7u+3wxJjc1TeXK2zqxUwi6GM+MTgSCRxWNgw5PR4KSU510/An4qqPyNrJb7PxOK+bUioeZMSNzY1qIDWTwLcwAJwmhseiklPfLX3c3Nja29NNq02BUFBiRORU1jassUfPJoKMSPBJI2q3+vHAn44qgl8di0TCsiT6mM8fllqVraYyEVMEcvXqTlN99FMuEZb8PoHc+nr+IPTwyexYQPSJUjAci4/IvYe1tLmXk6OSzydKquzuVhr+8XFNJBbUxsfRZwD48d1Wt0E8el5/FTtixBfGX7m9f5FAJJOLZIh7jmVaDX2/srpYjjx8+XhUIiLmCynH0/OCKDLucSKyrRYPaKMnE/c+NSLRdqNFUVWNxwPL1T0nlQ5Y1QMvkplKN/SFvboXTTCzqncjD0dx6iEAnCcqY7n5sRxxt2WZZkOvlv8sV6eeP54Mtgyrazv5X/eOH8s9FiZOxLitV0vbB6bd5l0i3nZ5mHMiRkTEAop6vLtpWS0uZ0Z857fLAspJ30Dy+9adjQMAACAASURBVKjb8YiwMAkAvrHe/qlL/WNExIiviO8WJgbUSECNRBOxj78ubFWnRif9RP0v33O8c2+BH0eh8YS8VT2wk+HKvhd5OCIq8nhgubbfjvvrOo1+04uiAMD9x6SgGguqsfEx5e27Yvlw4hER+WKPXsxFzj3WKr9fPlBmZp6PhSRGZG78umB/+ga/UsUBAD5Fb9/TW4siIEZ8ZXwXdOxW5zOeJqsh5liH7snrGIZNwXDvjI1QfExp7e3s7uoUSWiMSI4nZLO6X90xWHRMwzc0AJzDXdvml9zHgmqQW7p1/h7PatksnBjvX9jBaznuZS+iKApr6kb7K9YZAOBL9A6IuihR3qC8A5y9lTd//vp+Y6tmGFbTsix9t7S0us8jifj5c7YHsEgyFWwUl0v1Vttzbb2cLxqB1NTR6qNANKHam/k6HXUS5LExxdzM132xhIpeAwCcw82Nld9/e79SrNUNy7KaprG/tb5WtAKJ5AijQCob5TsfV3bMptvxnKa+/fHd+4pFJCpKkB9ubTc9zj2rlt+8oGvRJ0YnkwGjUCjWm7bbbuq1/GrFvKyPQUREnl5afF/S8ds1APBtDK7ZPh5XPi6RR/6OzTYEEi9eBbbKu9WNjyXX87ggyiFt/OHLqVGZiJgoin7xpFEzyecTmY8REQtl52f9H8uFt+9sjyRFSz/JTZ70CPzxdKRsOcmU0k9I0VRsq2UnkvjBaQC4ANMezT/bqWxVq/kdx/W6TBRlRcs+z6RURkRiZPr5k3Kh+PFt3uWiKCtacmpMISIl8/RRZ21j9e8FLqrRbC5pr7d612HySX5R8rPBTeQeP5U2Nz6ubtmcyaFIZirIyJV8oug72c8Jfkn0+UUiIs+xTZPcDn4KDgC+CSH7+n/cdh3gHvgv/zFGA7MO3cE+Rpe6R8HxrYHcqdDjwkgYJ+4BAAAAfKbDhiOyLn3OlZS6Z66kJPo+YVHF8bkNx4RzJfLI35nZBgAAAAC4DYPnNtBAfH5FO/LIAwAAAMCQGpyYOD/GjBjx+RgAAAAAhs5gt+H8GDNixOdjAAAAABg6uLYkAAAAAABcA90GAAAAAAC4xmXXdhYuWZeC/NDm7xbLchynLTDBdT/nR6Ph7pD8vm63Gwj4FQVX5oX7xLbbzZbLebfTufI32ACOiCITBCEUlGTZf9t1Afgcl3UbLlvLjjzyt2+vbiqhgDoS9Iu+264LfAVtr+O1O3t1cyyGX9eD+8G22y27rYZlvx97IfgE7XanYdlEhJ4D3EdYpAT3zN6eOaIGg0EJfYYfhl/0BYPSiBrcqzduuy4AN9JsuWElgD4DfCq/3xdW5GbLve2KAHwOdBvgPrGaTjgsS9Jls2Rwj0mSqIQky3JuuyIA1+O8iz4DfB6/39ft3q05fIAbQrcB7hPHbosiGu0PSxR9juvddi0ArofzGeBLeB7aD9xLOAKD+0QQBBFrk35cfr/vzp19DwAAAEToNsA947Zx3aQfHP7EAAAAdxO6DQAAAAAAcA10GwAAAAAA4BroNgAAAAAAwDVwIUv4wXgHm2vv8+7E337KBo+T3Krk36/tHticKaMTc3NPxqRbrSQADLvDtX/8Yz/9T3/LBG/w4It5u3/8z7z/1d+eRzECCADfA7oN8APxDgp/LBVdkVzGB65ux/fzvy01ki//8ioqutX8H2/fFf76lxx+j/jbW15ZJ6Inc49uuyIAd054YmZ+LPT5fQYiEkdzz2fZCPoMAPCdYHcDPxIWnHj2T3/Lnv4a9aofd9nk7OMx2c9EJTU7P+4Wiwe4aPa3tryyvry8try81us8AMAgpkRTUfnLXkMaHR8bwegfAHwv2N/AD0QcSU0Qcft0trF/yEanw0c32ejYiPfx0KHRLxrngyv1+gz9eHkNcw4wVNqVxX/dGZ0J7BWqDYdCqfm5Saf4vnBgeRQcn/n5+XiQyNl697/20v/HyzFGdnWtUKgcWB4nMZx68nR+XCJqrP7rGn8w1trYPmh5/mj2+VyoupTfOXTbbCT38mluVCQ6XP6XfODVzznltt8wAAwHdBvgR8ddxxOVwEmCBUSxbTtE6DZ8I4N9hn4GPQcYJtzzWrvbB69/+t+fSk5l8Z/f/raffPrX//A04Oz+8a/5/N7Y8zHGPc/zvA4R4x4PjD3529xogLX31/7tbX5v7OkY8zznsLI1/r/97W8KNVb/7Y9//NvIzF/+8h9UOlz7499WdlJ/ywTJ89outW/73QLA0EC3AX54WIn3vT2Ze4QeAgw5pqZzYxIRBaLREbLHcmMBIgqMxhWv3PKIBq7KwMKpB/3pUP9oVOXFQ4fGgkQkjuXSCiOicHxU3GxnsiojopHxkcBWo4WBDwD47tBtgB8dEwOi5zpER/P43HE9/6j/lqsFAD80Uex/v/oYEfP3bzDmI+KnT63i9l6xWNxrtjkReZbHRvr3i36xP+rBiDF2dIPYuZcAAPge0G2AH144OsLzew2K9sbz+P5eQ1SnMFD37ZxfpERET57MYgoC4Dxna+WP7fBf//bzqEjEd3/7f0q3XSMAgIth/Qb88MTE9DjfXFvdtzn3rN388q40kR1F0/92nsw9evJk9lQGfQaAqzEi8g7y5X3MIwDAXYXZBviB7K/8v7/uuEREtPcv/98aSZO//Pv5KLHozF+e5t8t/PZ/21xURieeP3uMH234xnqdhP6Z0OgzwJBhoij6Rd/JDWnwRm/pERNFURR9RP6J2ecHK2//57+SX1LTyZSy52dEJIoBkfrPIr8oBo4WPZFfkvy9L29R9EsBLLgEgO9FyL7+H2dzXSLhosciP8T5//IfY/24n+s9unt0o3t8b3fgv4Gb/dDjwkg4cNFmbqS6e5gYH/nsp8N39hk/94Y/MdwLaKjwJdB+4AsdNhyRdUkgIkEgIoGE3jGcMPAf0WCO+re7xzd6/y/6PmH5xUWzDRceOyKPPMAnwiQDAADAD4N1uyc3ECO+LAYAAACAYcaEgbFkxIgviwEAAABgmPVnG1CivLoEAAAAgGHWn21AifLq8o7wS74bPAruMcmPPzEAAMBdhNkGlPdqtqFLnte57UrAt9Jud+5UcwMAAIBjTBCo2z0ZV0aM+ML4jpADYhvdhh9X2+sEAvgxGbgHRBG/GAmfD+0H7inWOy48HldGjPjC+I4IhQKW5bqud9sVga/PcbxWy1VCn/+zHgDfjSAI7TaGMOBztNsd4U4NyAHcGLs749mI73J8d4zFwoem3Wq5+M7+YbTbnWbLbVh2LBq+7boA3EgoKFmWg70QfKp2u9Ow7FBIuu2KAHwO8XhEGSXKK8o7ZSwWtizHbNgCkYuv7XtOknzdLgUCIvoMcI/Isp+IzIbNebfT4bddHbgfRJEJghAKSXLAf9t1Afgc4mXHiMgjfzf7DD2KElAUrGYBgFsjy/5e5wEAYEiw88eIZ9a1I488AAAAAAw5dv4YESVK9BwAAAAAYNDFsw0oUZ4pAQAAAGCYsTtyfU/Edz8GAAAAgKHFbv3KnojvSwwAAAAAQ4sNjisPlsgjf6a8zzrmbk13Lr+/Vf3z394s1XAtVwAAAICLsW63ezyuPFgij/yZ8j5rVoqlTePyXoE/nBiPx8O+71opAAAAgPtDJBIuGW9GHvlT8w8/MlFJ5ZTbrgQAAADA3SUOjDELx8eIAyXyyN+12YaOuV36sH1guZxJoVjmQS4ZEonILP2+2pl6FKoXKvWWR2IwNjU9mwzZ5fdvii1ORGtv/nmNSB7/6S+p5vv31ch0wtou1ZqUnPsl6638tinPP8sqRES8tV8sVGqG7ZFP1sZyM5lI75flnINCvlwzbI9EWRlJZh9MaJigAAAAgKEgHo0rnx1jRh75O3luA7eKK4t7wdyTZwnF71l7a8trK775Z3E/eZ5r64Ui5WbnZwLU2i0sFj5uafOTmfl/Shtrv+XtqRfPxn2MMSLnwPWMYsGLpXPzD1Q1RHzP89quS6QQufsrCxvueO7lE00mRy8WVhZLz15NqczeXPqgh6ef/3VUJtfcq1b0JtdUdtufCAAAAMB3wIj6h4SCQIgRXx7fDd7Bx5127GE2ofiJSFTGZjJBY+fA7d/tj+em44pfFP1qMhlhtm52iIgY65WMnRzkMzXz7HEipoWk0wf+VnlbD6TnsprMiFggkpuKd/crJhE5lsOU6GhIZEyUteSDuSz6DAAAADAsRKL+IWFvjBkx4kviu8EyLc8z1xd/PT5g5x0WHPWIJCJisnJ8hgITRZFsjxNduI5IkIIh6YJ8+9CyuVVZ+K16vAHPoxjnROHEmH9pfWlxfzSiqaOjqiKh1wAAAADDQiQ6PulVIDpdIo/8SXlnsJHcX2YTlxyxf8KB/KUPFeTko18uOkM6MvP0l5SpG4ZRK5fz7WB29lk6hK4DAAAADANGJNDJuPLpEnnkT8q7QVEUauoG/9TnMSLu3eRZ/rDid42GfcnLSIqWSE/Nzs+/mgma5Zr5qfUAAAAAuJ+Oz20YLAfXtSOP/F06t0GMPkiK9fX8pt50vY7bMiv5tT8L5nUdgpCmMqtSrlmO63aufrA6kdba20vre6bT8VzHrFdW3uYrDpGzl18tVQzb40SebegOBeTAV31zAAAAAHeWeHoVypl17cgjf5y/I5iae/xM3vz4YbVkd5gkB7XRyUmFEZEoiqIgnjzSF/D5XH9vDZEvnps210r5twucqdmXOUlifmngnAfmF0W/1DvXITD29DkrFipLvxdd8slBJZKaiAeISI0phxv5laLjeSSGtOjcXEL+7u8fAAAA4FYID37+7wNHiihRXlz+n/8pRifTD9Q9uat3o3t8b3fgv4Gb/dDjwkgYY/QAAAAAn+mw4YisS8LRihCBhN5QrzDw39Hw7/Gt3pHb8Y3e/4u+Tzst9Hhc+cwYM/LIn5pzAAAAAIChNXhugzAQE/LIn84AAAAAwPBi58aVESO+MAYAAACA4cXOjSsjRnxhDAAAAADDa3C2ASXKK0oAAAAAGF7sDhyPorwXJQAAAAAMr8tmGwh55NFnAAAAAICey2YbCHnkT+cBAAAAYHjh3AaUNywBAAAAYHjh3AaUNywBAAAAYHj1flB6cEQZMeLLYgAAAAAYUr1uw+CIMmLEl8UAAAAAMKSOz22gcyXyyJ8pAQAAAGBIHZ/bQOdK5JE/UwIAAADAkBKJ7s54NvJ3PH/7DhvObVcBAAAA4EuNhAO3XYVP1us2CANHhyhRXljeFffxnxnAJzlsOGjnwwB/aLjv0IY/2z0dBj2+khJKlNeWAAAAADCkjq+kdGb9+mXr2pEf5jwAAAAADKnzsw10LoM88phtAAAAABhq52cb7s7YNvJ3LQ8AAAAAQ+qycxsIeeTP5QEAAABgSLGB+LK17IgRY84BAAAAYKgNdhsuW8uOGDHmHAAAAACGGrvBYwAAAAAAYKih2wAAAAAAANdAtwEAAAAAAK6BbgMAAAAAAFwD3QYAAAAAALgGug0AAAAAAHAN1h24tOapK24ijzwBAAAAABARMWHgh7xO/b4X8sgTAAAAAAAREeuNKPfGmPvxYIk88gQAAAAAw471RpR7Y8z9eLBEHnkCAAAAgGEndrskCNQlEogQI74svm+4vr64pMszz2cTwYG0u7/050crOvt6RsXVAOD+4/r64lLdn335ZCJ4g4d/PkffOXCVsYTq62/YLP/5vtpWpp4/j4e+6ZaBiJzauzcbhneSYKIYVKOTuUw8+JX2ZO7e4h8bVuTh68ej4td5xZtobr5ZLVqdo5uCKAWCihpPJ1ORwE3emGftVw1fLKnJX/YxmIXFd7vC1PP5SeXKx7lWda8pj8U16Ys2N+zcg5V3H3Rf/OnLKe0ufRN/reb0Y2ODx4WIEV8W3zftZtPl7mF+6dR3LbWbLbdrt2zviqcC3BvtZtPlnm3a33g75k4+v7lW2HePM1677XU918Eixu+h2bA8IjEYi0fj8Wg8Pqr6u5a+u7JQqLk3ePpNOM2W13Wbra/1ejfCbcPqEPlC2kgkMqJpIYkcU68V3i++WT+4QU069UKhUPhYMr+0Hs2WzT3btPnVj2vuFtcKG/nt5hdub7hxs1yqeT5q1T5sf+s91yf5Ws3pB3c024AS5ZXlPcVbtZVV5eX8mHzbNQG4xzhxIiJ+fFTFItO//G2Ki77vODI99ALR3OPU0a6sXV14t2YcVPbb8aT/liv2pZTMk9lEvyVxu765tFqzqh9X1KcvkoErn9hrkF265mj/6/G6RPT9NvdD8g42dl15/FGuXVjarujp6chdGdr/7s3pfhL7q9h748qnS+SRPy7vJ0GSmKtvLBWDP2WVc7umjrmztVk9MCzX44IUDMemHuTiMiPi+sbvy7qSm46Z26Va02Z+LTk9l6bqh9K2bnssoCUfzGXV/tecZ1U+lrf1RtMlKajGp6ayccxwwh3gmlsb5e160/ZIlEORdCaXVo/WVjh6cWtjz7BsTlJAjSSmp+Mqa9ZKO5X6odnyOPPJymhm5kFKaVcWFvNGl4jI3Pz1XzaJBbMv5yf9+yt/frQiM68faeyqbdlbb5dLPD6X9VWKVd3ySArGsw9nxvFv5Av5w4qfDNfzOtTaf/e27Iwdr720Cr+vVMX0i5cp5eTzp61CTXek7Kv5ySBv1sqF8r7Z8jgTZTUylZuM91+2bW4X1rYNy+ZiUMvM5SYURkTcOdgq7dZ0q+V2SJSCWvzho5QmEhFxa69Q2KmbtssFKajGJiaySUX8/B0jk2MP5qYavxdbxlatmcyEiFyjWirv6aZte10mydr45ExWk42Nvy/05lo61fe/VYnE+Mwvj0fFm22Xt/YK+Z2a6XBRjqQntMG7LnyztL/0W6HuERE1t5f+eZtIjr/4ywONuF3fLpT2jZbLmaREEtMPExo605drliu6F8xOaDE3Jtdqm7vpyEnn0KksLBXc2FzOXynsGC0uKpHs3APVLOdL+6bLxWA0O/cg0V+Y5+jlzY0ds78Tiyams3FVPF66KedezaYCRETu7tqbfFN7/Hwu5vP0j2+WDXXmYeRwu7TXsDkLafGZxxnNuqQ53d4HdWf1f7eh2z1ayz5QIo/8cXk/yYnH0wm5a5XX1+rts3d6xkZh1/ACkfHxiaQmts3Kar5kERF5rabNvXp+vdjwa7GwzF2jvPbmz/yOG4zEwhK39fKHokFERNwqLqzkqy1fND0zk4lJza3VlTW9c0FdAL4nbhYWVgvVJg9GUsmoQs1aYfXtem/JXru+urxY3je5pMWjMYWs2lbFIjKqhbLhiOF4ejwVk7hZz7/f0LlfS6YneivoJTWRHp+YSkSDRE7Dcrt2o2lfsy3HbHU8q7q0WvNCWjwiM7dVzW9Undv+fO437pq1j3sukS+kSGQ3LW9g7aXXara6nmXZfODzX66aXUmLRUf8ZO+sv13d1VsUjMTiWpDMvVL1aK2ItbtWMDo+SRa7buugsLJtERFRa6tcrDWZOppKj8cVbtW3ltb3PSLixtr7YsUkNT2Zy8Yjklsv71n8S3eMoZgWIiKnaXIicmrFctWiYGRsIh3TmKOX8yvbDgWjU5neOQZCKDY+kU5OjQfFG27XO1hZKFYM22P+oL9rlPJF/eTOi9+sqKSmxnvn9ohKdCI9PpmJBoncWuHt8o7OQ6nsg1wyzOubi+8rWMN0KX5Q2m2xSCIRIFITSaVrlHfMk9F912x1eGt3abXGw6MRhbnW/trbhbcFk2mjkSBzrXo+X+8d3NdXlxeLBxaF4smxWMAzdjbeLZRNfrx0s2kdNWqnYbvca7baRORZTZt7tbXVgilosYgq8qa+s/LR5Bc2p9v6lO428WQtCp1akYI88oP5e8onjc48mWi+3aqt5pWXjycH7xOjz/42Sqw/DtWU3/9ebO3rTlY5GvlQks9fZULEjfV376qeF0i/fpmQievr7xar3qFpkya7e+UtqyunH73IKYyIxmX+23qtvO9G4jhlDm6Ru7tdaRHTpl4+j8tE5GpLfxTq1XJ1Spvg1WLNI3Fk9qfZxKlmOv3Lvz/+B9FR3Tdrhlm32Ew8lZPcWq3lBkanconz6/2u2lb/HxOLPJp/GvMRtSsLb/NGQ2/w1I1OeYUB1tav/7I1mJBik9kII/3ypxxRpp68yIQYEZGZL5keifEnz+civpNH9NZzs+Dk8ydZlZFbe/fbhtGyDl1SJFJyT/8pd9Q0+Aj/R75mHBg8GmuZlksskpzNjolElOm/mLv7ZTtGX8BPRLzjeURSYOL5q4mjjVOc/fq2ZtZNLz2Wyspk1gyXqcmpXKS33eJNtmvvVuouUXD8p1dTKiNuVd693To+eL30zaanAu5h1exIWjKX610IwMpvHLhMnX0+k5CIKB6RnF8L1W0zNaPe5H0OHXunUnfF2KOoREQUSEyMlNb2N/bSz8YHF9r5Yr3dhVv78x8bpkex+aezEUZO9c9fN03TNHk85uxu1DySRud+momJRJRU3y4WzOrGXurZ+A3qoSRfvsqEiLix8etCzT00bClzvjnBhXBuA8oblfcXU1JPH1lvVg+KyxuhhwNfk9Q2dsqbVctyHM/r9r4yuu7JuJQUVkNERMwf9BN5khKWiYhYwC8SeV2XE5FlNDmRvb38v7YHXtjntInQbYBbZJlNTqTGRvtH+ZIWU6mu28YhT1HTJiI1GjvTRr1mrbhdMRotp+Px3srEDr/B1QOu2NZEf+1LKKL1/un5JEkg6nqde7vy8RaJwViktz5DYH6/GhmLR+SbDYiG4vFQ/zjYaTZcInEkofkueGBAG+8tdJJCIYkM2+sv5m8dlIrVuuW47nHb8DgRBSORYHVL3/j997o6ElQ1LT6myeyLd4wdp01EzCeKRES2US2W982W63qd/uk1vOMRnX/vN9xuy7SJSEkleu+VKeMJdcs0+vde+mbPcxoNm4jMtX/8tnaSFWybE67Vdx43y9sWJ7G5U1ja6WXajDr6ZtUazwxcwkrWeldsE/0SI+JBrfdh+gMSI+IeJ+INs0XElGik3wgCsZhcMFuW0aTx65uYpGq9bh+TJD+R2+1ghcDNiWePEemSY0fkhzt/r0nx3FNz+d12fW1dPN77u7sfFwuHpMRyjx6EZR+vfXxXbp1+HrviVh8nItJyT2cGzupifglnYMMt6zV0dlGGD9wcuLv+YXWtxkPxzOxMWBaF/cJS0aAbuWJbR06H+I7+LKdOib7K+WNcdsOhH3ZRX4KswvtCxRYj2amcJkvM+riwoff6k0zJvZrXdvfqutUw6vXqbqkUf/bzgy/cMTbrRpOIgqrKiFqVpfdblqhM5HJxxc+a1aXV+qXX3/mU7bLjGQwSTsIr3uxl5PjT+YELfTOfjJm0i7h7lapNRJ5VP7AG72jVNuqpp7GTtnf647uo7XYveNxljz3/74EdPxN/qE+H2QaUNyrvOabmZmZaS2sDu3/n0OZEaiKdigWIuFH5nEMZRQuxmtkyXSl9dO4U73jYFcFt67VMq3bgJuMSEblGzSIiWQszxkNBOrSses0ZS51cqKbdbHaIpEgmEVOIyK4NHiqJgkjkOrbD6fzppVds63u93eEm+kQiz231xtQ946B1xYMDobBEpntY1TuR2IWdhHO8VtMmErWJTDRCRK7FB4/DmBxLZmJJIurUlt+t1PWa+WDq83eM3K5vrpRaRL7IxFiIiDdbDhFTE9lxjRF5dmegYfpEJhB1bKdN5L/5DjmoylSzWnXDTY5JROQd1I+vuXnlm2WSj4hcx/YoJJ58mI0mTcaOfkCDe+gVX6hZ3jzkbGT2r8dXzSIiIqf6x6+bemm3GUvd/BdgmBqS6bBpHuheNCYSkVOv20SCMhIiIpERUcd2OkQ+Irtu3vCqwmebE1xIpIGjQ8SIL43vvUDicc58u145+kYNRsLSzr5ZLuYpGmju7+x+zvXKpfFMamtlq/bhd1uLqRK1W4Zu2sqDX57j3Ab4bjp6YfnPk29iJsUyc+l0Ymu1YpTevDVjCjUPdMMjOZFJBIgo8SC+t1Qz82/f65GQ6DZ1oxN//iyuSWS51fxHfyLUrtcqg+OBQU2VdptubeWto0gkJ6dnBtq3NH7FtuAruuSwW9FUcddu1ZYWPE10DN26cl+mZrIjtbXD2uqCHdFCrG3qpm9q/qcr1uKL4YgiGNZ+YdWfVMms1IyjI2muF35dbgRi2qgi+71m1eiQOKIGSVI/acdolZdXq0TEvbZjN90ukRBKTM+O+4mIqSOquK8b5aViOyI2q+WDwV+9UyMhpltGYfnPuiwybfrxjbYrjyVi5UJd33i7cBgJUvPAODkr9/I321s9EyKrWd94u7AXYP74zHQmO1JfOyy+XTJiakjgtmnoFiWe/zQzeG0mIPLq29UWifHx+Jm1ZYFoSivnjWrZSMze/EMLJrLxvaXa/sqfXnw0wC29ZnZZcPzBmI+I1EiQGS29sLJkBPmhoV/VjR50rjk9SVz963/DyaclfzkZUR4cXUaMeCB+8ej8QMDnzEHwrhCQPv/6BI7budnTWces7bXDiUzk5MKrTI5G/Gb9kKvxyZjsC2kRyWkYh/U9oymEp7NqU3eCqWRc8Qles1Z35GQyERaJSGhbe/ttJZmKKz4iEjqN3f22kkrGFR8JUmRckzzbapj6gdV0ya/GctPJEeneT9DALbp5O+826rVGp+O1Xff4f27bN5IeHx0bU0W31TRN/dDuiKFIJvt0WvMTEflCY5ER5rWs5qFhNbmojqUyCSU8qoXarcNDY2/f4uFUbtw7aIjxTHzETyTI2oiv1Wg2rVbLE5TYeCzUNWoHXS0xFZMFIRC9dFvk1OuGbySd0WQiIoHcg5rhi04kI+hU3PwPzTx991AYHZ+MyRfsWQR5ROXNw1bTatndQDw3NWobTX90Iq1Kvc+fjUxMjB4/U1QisWDHbTkNs2E5Hb82NjURCYmeXjX4yPjkWG8+SWjrezpXUxOREBO1qNJpWYf6gX7oSenJHyMB+gAAIABJREFUtGAagjYxMSIHAn63eXhoHuwf1E3XF4pMPZ5OhdhNd4xC16nvHbR523Edx3XcTsfnD42MTj58+Ggi3P9cfKGoKrQajYP6wYEtxqfTIcvoqP2PQlRHgm6r0bKbTZdLI+PJSOIm2/UFY6OS12o2zEbD6Qbj2Wm1VW+K4xMJTbr0zQaISAprstuwbMuyXQpEE9FRLTKmdJ1W8/DANEy7IyqRzIPseOBm8zg/ghu2YfugWjXF1KOpyNmOo0+R2/W9VleNJcI+d79+IBw1V4Hc/brhG8lktAARCdze2z8URycmRgLkC0Uj4a7bajYODhotLobj6SdzE71zIvzhkYBtms1Wo9n2jaYfZ8QDva0mU2MhxjpWte6GUolxpVdnbu7pTjA+OR7ynW9OifA3Hf678X7+0qczoXcgJghEJJDQOyoTBv47OlI7vtV/wvHxm0BExG66ipGISJj6+b/3fwoYJcrLy//6n8foeEEhUffk7t6N7vG93YH/Bm72Q48LI+HPP144bDhf8nSAewHtfEjgDw33HdrwZ/vCj+6w4Yis+1ndhu6ZboPo+4QFpYwGxpVRory0BAAAAIAhxnq/7UVH69cRI74sBgAAAIChxfrTG0cjyogRXxYDAAAAwNA6mm1AifK6EgAAAACGVu+SCXR0SgVixJfHAAAAADCsGBHR4IgyYsSXxQAAAAAwrE5mG1CivKYEAAAAgGF1MtuAEuU1JQAAAAAMq4GfeBgcUUaM+LIYAAAAAIbPQLdhcEQZMeLLYgAAAAAYPud+UPqycWXkkQcAAACAYXWu23DZuDLyyAMAAADAsDrXbQAAAAAAADgN3QYAAAAAALgGug0AAAAAAHANdBsAAAAAAOAa6DYAAAAAAMA10G0AAAAAAIBriLddAYBPc9hwbrsKAN8c2vmQwB8a7ju04aGC2QYAAAAAALiGSNQd+ClgxIgvi++KkXDgtqsA8G0dNhy082GAPzTcd2jDn+2eztKw08eFiBFfFgMAAADA8DpepNQdSCJGfFkMAAAAAMPouNtwF8azEd/9GAAAAACGETsaSx4s6VwGeeQBAAAAYHgdn9swWNK5DPLIAwAAAMDwunC2ASVKzDkAAAAAwIkLZxtQosScAwAAAACcwGwDSsw2AAAAAMA1erMN3YFxZcSIL4wBAAAAYHixo+PC43FlxIgvjAEAAABgeA2e23Dr49mI73IMAAAAAMNr8NyGWx/PRnyXYwAAAAAYXji3ATHObQAAAACAa+DcBsQ4twEAAAAArjE424AS5RUlAAAAwBfxrAO9xW+7FvCZBmcbhO4lR43II3/bDRUAAADuPWu7WKjat10L+EyM6GQtikAXr1FBHvkva2YAAHD/uLX87+vGF48Mc319cXG383XqBAC3RySi3riyMDDGjBjxufg+4s3admnnwDAdl5Moy6o2NjEVjwQY8YOV38rSk2c59Utev119v1iJPP0pHfjyulrFxUUz8fJ5XD5/n7O3+HYn9Bm15XZt11aSo6GjjRR+X6lps7/MqOzLawx3wA2bjbu79nuhm331OPUVmupXfjW4AW7rtVK5ppu2ywUxGI5NTOaSIfH4buegmC/XDNslX0iNZnKTCaX/T5y3DkqlSt1oNt0uk2Qtms7loiHWf9VaabuiN1qttktMDiqxzFQ2Lg/sHDr6jumLTTIi4s1qYbO812h6JAXV+NSDbDzAiIgbK/9Yr3lna6xkn/2cOWqV/LCqUzjtO65uvVgs7FLm58cpaeBNXlFV+BG0jfLmxx3Dsjuclv9eV2MTE9mkIhI1y+/fFM+tWxJHn/51JsaIqG3ubG9UDLPleuSTFS2ZnZzU/EeP65jbGx+2DcvmJMmR8cxMVpPOb7zHNTbXN8vu6ItXGWUgbeTfvdtxT289+uyvuQia3zni+XFlxIgviu+dtr6+ulTz1PFULhOSRXJbjXqlsvS2+fQv0xHueV6bnfuq+0TcdXnH/jpDaF7bc41yoRZ9GvedvqdTL5Z1tyt9Rm1be6WCMR4ZDfUP76RIKu4PStgT/jBu2GxENZoYpxH/Ja/yib7uq8G1eL34ZrWhJlO5TCgkeo3qdiG/6vle9P/onpF/+0EPJnLPowq19fJmfiFPr2YTASK3tvim1I4k0g8zYZl55u7HQuE9+V/PqIzILH0omaHxiakHQUmk9mG1XFxdI/nFyfCEp9csOT4bIHKqy6v5lpp9NDcqk61v5deXXfZ8LuYjps3+/Dw78BXBD7cWVhsj6smRGzf2Dd/IpEJE5JnVtdWy7hLnsjf4xXJlVeH+42ZhdXFHiGdzDyOyj3uOWd8qry3ypz+lA6H03Ov4wDcc93bWVraY1uv8GvnlxX1/IpOZUGWR2/Vyqfi+IL7uD1s0t9feFTvxXO6R5vcaex8/5Bf47Kvc+WbDrd3iSkF3edeTOqe7KNzrdEibfD07evIswS+j5V1EvO0xbMT3I77thvrJvNrGSpXH5+dnI0dHN6oaG0/k3K7IiO7k6VhMke1S2Yg90Ab2Vtzc2mgGFPGrrAT1R9JTka/xQnB33KTZsOBYLvf1tvhVXw2uxSKTr/7ql48mFxRV9qyF0n6D4hoR2TvlGkWfzmd6I6OhJ/7270ulTSsxo5AUm3sdlQJHXUplWmpaf+zrFqkqkZqdfz2wFUXpGrsfmi1OR0dcnr5vBkZnAkRmtaT7U69mJpTeI2fE1rvF0m4zlgoRMSkwMNnVru4aXJucOmmO3Ng7ZJFHChERbxkGJWdea8bCgnnqTV5ZVbj3uLm16yi5F7PJ3jdyIKQokWSG95bKM58c8A08tloz/YmXsV670rKPf8kFjoa7QqrCG//YqBud1LiPuFEqNZXss9lkgIgoOPWM3F/Xt2uZx4mzMw7uoc4jj+aTzsc32xdUkDG/HAigp3At8bbHsBHfj/ibtL5vyKluG1ybykbOjIgycXBOvH1QfF+uGo7H/MpYZm4mKlNvaVO1vFPXLcf1mKyOTs0+SAQZETXLywtmfC5y+KGktwKZ1y9Hz2yVt/aLhUrNsD3yydpYbiYT6Q3zOweFfLlm2B6JsjKSzD6Y0M6MDRMRsVBimm1/2LZPJvfJqRQPw1Npvr5xvJFLqteuvn9fjUwnrO1SrUnJR1Ot9TW9S0TFX38rEomJR//uUaj2/n0l8uSndIC4sfJbWX44QTvnPwG4T27UbMzS78ud3F+mI4zINSvlamW/0bI9kmRt/MFcVhWJiIy1f2yK02naKVdNl4tKfDqXC5mF/HbdanMplJjOzcQCZ18NvgN2ZuBTZEzon5lIbV23xUhmoNMYisfkrbreJCVETDq9kEyQhJOnDuKOsV01RC13Mt7a0fesQHxKJmoaphscSZys6mDauCbWDg03FTp9cMaNcsnwJ16ODcw1WDWdRZ70nszUzOxTIrKM82/yplWFe6nLOUm+M1987KK/r1Mt1rzI9NTxhIEYONXKmMiIuCAQEZkHBg9lYidNR4xFtfWPdZMnYmdeW049niEi+6I+A9yc2CUSjsaVUaK8rLzthvqJeMtsdYMZ9dIFjkTEO/VCJfEw9/KRn5uVldWPa2H1RdJPZBv7LTE++Ww2FBDa9Q9r+bWa9jIhE3XctqtvrLhjUw/nNDUoU/vUC7r7Kwsb7nju5RNNJkcvFlYWS89eTanM3lz6oIenn/91VCbX3KtW9CbXLpx5Z9qDhPSuVB2f7Y2UePWtbUo8j/iKJ4+5rHrcdT2jWPBi6dz8A1UNSex13Cy9WTDHXz2ZCDDGiMhx3U5/VRVve25r80N14uHMqyd+bmytLB9/AnC/3KDZeJ7reb1FAJ6l6x1l8nFGC/q5ubW0/KGgvZiNMOId17VrH/emHj/+RSGzlF9aX9YDoczM41z/5mZEm4mJp14NboGr10ympcO9Gy2H/JFT3YpgSKId1yEKnX2mXa/ZkjYVPMk0N98sF60uEZGoTM4/ih/vNLlRM6R4ViYix3JJDp06qpdDfjJbDtGpnaxdKex7kYdTg8vGzX2DabOfPGVwvqpwnzE1EfGtbOQ3WSYRCV2xUtbTt0qmnHoZvezr29P3TQr3prO443gscKppsoAs0UGrTfRpp15xr1FZr+3oTZsLshIZPEEIBrHeiDJKlFeXN2xPd4bneSSKF4zoDwpmcjPxkCz5Q7GJCY0sw+JERKHU41wuqSkBvyiFEmlNtAzzeFET03LzD1Ix5fxuzypv64H0XFaTGRELRHJT8e5+xSQix3KYEh0NiYyJspZ8MJe9fLWuFJ+OuqUNgxMRt0rFZiQbOz3QeFX1mJp59jgR0/q16/UViLELh3SISMlkczFZYj45kkmdfAJw31zfbE6Ikamnj1JxVZZEnxxJpdSOaZwsgQumH0xqAVEMRDJjCvcCqQcTvZsTYwpvGq3v957gEk51vWypmVyst3/jnPeGXwcIjDj3zv5j5lb5Y7mtZacG9z+hiflnr18/+/nlTC7GK+/XK0d/Yq7vG34tGuxtgtOZvYjARDq7Ca9eLrXkTHZUHEiaNYNr0U/sNVxYVbjXfLHHT+bGWP3j8t//9fe//768lK/UrPNnBjbLRZ1imVMnLA9yD/IfdX96sj9EwrvEhNONxMcE6nqfdNDCiIjMA90fyz15/NOTqRjpawv5qvMprzE0xG6XBOFoXLnbRYz4wvi2G+qnEkWRml6H6PKxc+YLKcejEYIosqPvQG7r1dL2gWm3eZeIt10e5ry/Y2EBRRUvfLn2oWVzq7LwW/Uowz2PYpwThRNj/qX1pcX90Yimjo6qypXnJCtTGeWPcslSx41STU6+Ovu9eUX1BCkYumqC5fwnEByY2z35BOD+ua7ZDPCsaqlSNWynw4m4a3el4NFXLBPk4NE/GeYTmU88biE+Hzt3mAjfXbu2upq3tacn187ysfN/mC4nJp7uSvDmTn6xzFPzufjpfQSTAiEiIllRg9RcLG2ZqRmViOt7DSmWVuho4ME93gv2N+Gd7a00S0WDxWcnTk0QWNUDHnn0ScO2l1YV7jcWiGVnYlnirm2ZZn1vN/+2Wn80Pxc/+Zp2d8uVVmjqqXbx16xn5t9/NJTpl9n+FbZEn0C8e7r1d3iXBPHTDlq09ORsWkuovZqElHmf/dv6Vs1OZLBu9yxREKh7PK6MGPEl8Tdpfd8OC6pBquumm5Gv+N65+JvMKr9fPlBmZp6PhSRGZG78unDD05EFOfnol9wFgySRmae/pEzdMIxauZxvB7Ozz9KXX1dQHM2mK29XVvc7PDE/drb+V1fvE4fmMJL347i62ZzoVFfX8l786dPpSMBH1Kku/FkauPtMk0ALuUva9fXVNTM892I6cvIHDigBqrZsTidnc7aaLvlPLdywdwsLxXb8yVUznUSBkMw8x/FIFblZM8TIfOhoGxI1ms7RJduJiJrNNgUGhh3I3dmsOuHsg9MbMOsG1y64qs3lblZVuMeYJKsxWY3FtNW3i9v72Xiif2zOrVLpUBy/5MrOnllYyNelyeePT87BY3JA4s2mQ5Hjp3Cn6dLJ8MfNiOpY4lQVQ1pAMFptInQbzmL9cxu6vV9vQIz44vi2G+qnCsTTI8yoFPTTpx8Qd9321QOmntWyWTgx3l/n47Uc9/InMEa836fyhxW/azQu6WEwSdES6anZ+flXM0GzXDMvflhfKJ2Jda22NnF+ovaTqkfMJ1C3g0Xow+GKZjPAtlo8GItH+tctcSz3vg0KDKm2nl9dM0Kzz3OxU51CnxYLcX1/4CfZmrW6LWmR4xMb7Fp+oeDEnszlTl+JgXtnLkNpN5odUfKLvUumspH4UUMKRVSpdVi1Tp5q7BlecOTk8vjcLJZMKZk5c/kaq3boaVHtxsf/l1UV7j/uXvVdRURk75Sq3sjUhSvTPKu4kK9JmedPxk4NuSmjmtis1U+WE3n1fZPU2Cf2Ob0zBwa8aTpdfxCzXRcQBaLuwLgyYsQXxrfdUD+ZFJ+e3V9eWX7/bjyVioVkkTy7Wd+pVq3w07/mrrgIqagoQb63td1UkzK16vlN64ITC/v8IZnZ+9VqfCKiBNSJtLa3ubTuezQVCQpey9zfKlva3EyK9vLFppIcj6uyyG1Ddygwes25Wkydef7MPbni4udVjygQDotbtdJeLKcGfH7p4nlf+FFc3mwGyJrCKtUdPT4Z8bf1YrnevurRcDd0jPzq0p5/6smESo7dO0YSREnyMSJ5PB3fzq+99+eyvd9t2Nhqj8xM9g/53XphYb0RzD3KyJ7t9IYQmBjwi2RvLbwvczUxMRZRZJG7hzvlUis4MasScXPPYKOPTk5IUFLZ2P7acj7wMBWRqKVv5WsUezx+vOtpbpdqfHR26sxipGZN97QzswZe2+5wsjvEu23bsYlEf6C32OnyqsL959SWft/mkfjEuBaSfYy3G7WdYl2IPTqaOvCMYrkpJ5+cu3AqEW9uvl/botjT3AhrO/2xOZ9fFhkxLZMJvS2ur7HJif7vNhhScq63vM3TSyvbNPF4KiISEXHXcbvkuJxz7jqOTUwK+BkRUbO0sFxlkdRENBKUmNeslctVGp0bx+9ZXqB3bgP1z3Do9o4R6WhdO/LI9/O33VA/gz/2eP6n2tbGdjW/63pcEKWAEkk8nY1HWO/kB7948nXEJJ9PZD5GRErm6aPO2sbq3wtcVKPZXNJeb/W+1XySX5T8A1+BLJKdTq0U8291KTn7y8zY0+esWKgs/V50yScHlUhqIh4gIjWmHG7kV4qO55EY0qJzc4nzE5+iXxQ93/GLs4A88BhR8vv76wMurR6TJOaXTg/RMTX3eGIlv/nu1w4Ljj97nZIkn0/2EREx/6WfANwfN202oiiJgkhE5Is9ms2uF9d+/8NjspaZzMbszX6T8Emi/2S5+pkWwkRJFKWzrwbfhadv7tqc28WFhYGLqsmTr55lFSJRm3n+sJgvFxZ2XPLJ6ujM8weJ/gGPUyvrNu/a+eVfT54oaDMvXiTlyedPpPJ2ZatUaXmc+WRFy85PTiiMyKwZRz+00OePP57jhY3y6krBIzGoJh7NZWPHexu7XmurUw/jZ9pEa3+/HX5w6jK99ubC+/6Fm4i2Fha2iKTk4383o15ZVVze7f4LJJ699JfL1fKHatPtEvOFFC39ODsR6/9xuVEzWHQ2c8EoGDd2ymaH0+7i77snWSn+4q8PNKJQevYZbXwoF/7Md0gKRpIzM9l+99VzbNMkt0MkEnl7S78V9f6cQmvp1zqRL/bk5dMYIwrlXs4ppa2t0sctu0OiGNTGnr5MxzDZcBFh6tX/dXxlfpQoLyv/23+O08A5Dt3B33PoHk1HDNwayJ0KPS6MhD+/B3/YcL7k6QD3Atr5kLijf2in+m7RmX499YW/s+bV8m/2x14/HsVgxA/sM9qwsf5n3j/7Onv5PPlw+MJ//ocNR2RdEohIEKg3vivQcTBwc/BO6v8q19FYsEBEJH7KgCHrdkkgGiiFcxnkkQcAgOEQSLz44j4DEYnxmV/QZ4BzRL//7MQ43B+9KykR9daiCMdr2Ql55AfzAAAAAF9Iyc6/uO06wGfrzzbQ2fFmAXnkB/O33VABAAAA4DYx6p//Sl3qIkZ8aQwAAAAAQ4zR8ZWUemPMiBFfGAMAAADAEOvPNqBEeU0JAAAAAEOMHV9IUzhXIo/8SQkAAAAAQ4wR9Y8ULxhdRh55zDYAAAAAQK/bcPEYM/LIY7YBAAAAAIgGzm24g2PbyN+pPAAAAAAMsaNzGy4aY0Ye+ZM8AAAAAAyx0+c2IEZ8RQwAAAAAw4oR9UeU+xfnR4z4shgAAAAAhtXRbANKlNeWAAAAADCsjmYbUKK8tgQAAACAYYXZBpQ3LgEAAABgWGG2AeWNSwAAAAAYVphtQHnjEgAAAACGlXgSCgNHh4gRn4nvjMOGc9tVAPjm0M6HBP7QcN+hDQ+VgW7D4IgyYsSXxbdtJBy47SoAfFuHDQftfBjgDw33HdrwZ7un3S122xUAAAAAAIC7Dt0GAAAAAAC4BroNAAAAAABwDXQbAAAAAADgGug2AAAAAADANdBtAAAAAACAa6DbAAAAAAAA10C3AQAAAAAAroFuAwAAAAAAXAPdBgAAAAAAuAa6DQAAAAAAcA10GwAAAAAA4BroNgAAAAAAwDXQbQAAAAAAgGug2wAAAAAA34NnHegtftu1gM+EbgMAAAAAfA/WdrFQtW+7FvCZ0G0AAACAC7i1/O/rxhePDHN9fXFxt/N16gQAt0e87QoAfBNmYfHP7ePxDEGUAkFVTaTTKc3/2a/p7q79XuhmXz1OBc7d16r8+dZM/TybkM7dxY213zbY4xcz2pWvzg9WfitLT57l1M+uIAwdq7i4aCZePo/L5+9z9hbf7oSePMupVzbdT/d1Xw1ugNt6rVSu6abtckEMhmMTk7lk6Pj7mzsHxXy5Ztgu+UJqNJObTCj9MUHeOiiVKnWj2XS7TJK1aDqXi4ZY/1Vrpe2K3mi12i4xOajEMlPZuDwwmtjRd0xfbJIREW9WC5vlvUbTIymoxqceZOMBRkTcWPnHes07W2Ml++znzFGr5IdVncJpH1Hb3NneqBhmy/XIJytaMjs5ebRPvqqq8CNoG+XNjzuGZXc4Lf+9rsYmJrJJ5bgZu2a1WKzpZq8ZjyanMhO9tuHW3v22cbrzKqi5Zz+lezugjrm98WHbsGxOkhwZz8xktfPfw0RE3K6Xyht7ZsvmTJLVscR0duzoH8qNX2ToodsAPyav3SZ14ue5qI+IeKdtNw92q8WFxWp29kVG+bxvIlGNJsZp5MJ+B2+3edvrXvi8juu1RY9fM7nHPc9rs3PfvgBX8Nqea5QLtejTuO/0PZ16say7Xcmja5rup/u6rwbX4vXim9WGmkzlMqGQ6DWq24X8qud70f+je0b+7Qc9mMg9jyrU1sub+YU8vZpNBIjc2uKbUjuSSD/MhGXmmbsfC4X35H89ozIis/ShZIbGJ6YeBCWR2ofVcnF1jeQXJyMXnv7/s3evfYkj+6PofxS5kRhjRESuIo13bcfl9KwH+y2cc17CPufR2a90//deM6unZ1ptb4gYI4iI6RgDIYRiPwAEvPV1tdr8vrM+tYoCkrIpksqvqkLZFkJzPEC9tLOXrcmp2YUxARzjNHuw45LVhaAfiDL3j9VU36GPXp1u7l2Pyr1OFzUvTf9oQgIzu7N1yYbj8ZgsMNSp6Fp+O8dszEc+VVX08lErt7d15gul0q9UwU+9ulU51fe36FK79+8Zx5s7l/5QNJMc4aBxXTnXd7KwvhjjAVqeB1xkeT4u3myNMHznAFQt7L/PN0Pp9KzCetcXR4fZTTq3nr7bbJzi9k6uLsWS6WCA8Zyrsq5vHbBv5hXyBRtBeNmAfl6EYXmebzdxISDK6kRI2X+XPczJKxnla44GJDCRTn/3aiL0TYgkOJpuBqf7GzW1To+rvMR0Bty+b9PFL8IPRtTE+m+s0D1dS7Lg2Zva5TWEFABwzvQyjC8tx1UCACAuso23H7QTO5yRgAsubIxzfPeSUprhqvafl4YNsgwgp5Y3+vYiSS3z/LBao9DtLHnGpcWPZXgAq6QZbGQ9E5Par8wwtfdb2nk1GBEBCMf3DXY1SucmVRLJXnOk5sUVUWclAEjNv0nzXOcZUZbo9e/HFbMZmfQ/XlX04lHr9LwupV/PTbW7+7woSepUnHaiabZ2eAHRxdepzvCSrIxFBg4yhOF44e7wJjU1rSqlVuameACAQHIF3D8OCuX4/K2Rf/dcy9fkuV8yoXa5LKmhyJduBOFlAxouwlQycrpVLFyllTECtFou6WcVw667HhHkseTcdDhAwDz+44Bm/jGj3pz1aqW/Nq3Yr5mQrb3daaZ/nVEJAHXKuWPt4tqhRFCCqcn7Bxru4Vmnh3rBqDqU3BqjBwDa+Jjf1ktm3SOsNBFfyIwL7WkA/9aFVzE4u/MUgGvo2fyFUfOA4QLy+Ew6rvIAANS+yObOKpZDgQmoE9PpaJAnAACW9navmZwVK7lipeYBEwgmZ+amcC7AS0XE8AwpHBac3pwQqBfzVyPJKD047hRYfU3XtYp6qXh5XXM84ARlcnohJTMAAOb+7yfMTBTO9JLlUkYKzaTTopXLFip2g3JieCadCfK3t4Z+AMIKA//UDCG+7uBlwzAcRo33XTSKoaBwWjGqIIlAuMGelo/z9d7aj9bNQslklPTYzZNN48LmQ0kBoGpabmA0LPUqpEwqTPnKdCPiYL+KmrpmsuG1ib6xBrtsEHVRAgBg+IGXE4YAUJ+v/eBzq4pepBalwPlvDYqSzudrVSruSDz65ach66NJxXiw13SY4LhycFSxaDjYv7GmUbaY8YXQvZcBn7sRBHjZgIaNoCrMiXldgzEJHPOyxoQSK3Mi72tUDvez+2VlLSxIiuQdnpzH1U5QhJqnJTsQkQmA57me5wEANCsHu7ummJpfDsv+hlk8OLxw6D3Ty++onmzu6yQ0t5pR2KZ1fry/vddYXeqMhdJmJVcMv0qvzbLUKu7uHe2PyK+nWKANz62dHJZirzLriyw1T3d3uk+55d2dCyY9989JARq1SrFkXDdUnoV6eWtT84LTK3MqD9VK7mj3b3fhH+kgA+B5rmPk8pCeW87wUDvPbeWOTpXlROA//G+P/lOIMh3m3mulyc7SGq9yWoDwqurP37yk13TBsw2jKSXm40qApdbph53DnPJ6TiVAm67rlI8ukvPzbySwtOyHgx2DF+OZ+XTn4YmqZDpNqLs19ARco2wRJTrSflCrA6sOXFYERA7O3DqAePudTqXscEqy77tePXm3k7dbAACMlFie7fWrqFk2uVBKAIC67YIgDvTqBZEFq1YHGOiHOcXcpae+Skp9ZdalSZS5+4YMPOPSgpHk/WO/d6uKXjIih1X/7nH2hMTDqsgNfuZereZygZGWmd/Ry6brEVYen5pJT/TNJ6ZOWf+wf2nWGsCJylQ0E1c4AFqve4Rv82AOAAAgAElEQVQfaJqEFzj4WGsA9Jc6Vg0CIcY+Pz48MewGMIHRqWQiobLwBRtBAACkBb0oKeYx/1D+p8EwDDSbHgCAGJlPp6cUiWcZTgxHFcY2LQrAjCYmWKt4UW2/wbs6vWgGo+MD1wTu5WmlFZx5lVAFjmGlYHIhfucEfR9qnOk1MbmQDEoswwlqPJNWGkXt400PLBBPZ0KiwLFiMBZTwDbtm2VgUjyVDgoc8QtqPHLzVL1Wh0BwQmQIYXgpnEqngywAWKdFkw3Pz07IvJ/j5cj8dAiMk/N6d2NsKD0TkliGYeWpKZU4hoU3OXnJuNDMuKu1Fw1SW8tX1VRQeCBMxqjJpdlISBY4xi+okYjctMzezRAD0emEwjMMr8YnJOrxkelY+2FsQqJVs/bj/ib0gHrpQLfleDrYDtxSSttR+z4+ApR6t+9/RG39SG8oqWT/jG0xtryysbHyj7VMOkiL2wfF7kdMjUuTVcYD7V1QIIQM7oKB27vwKrpWE+Kpsf54pFU2qTJ+z1WD+zF7ZLDRxH3zQO6tKnrR/MH5xYUJUjna+dd/vf3X250P2WLZ7px3PNcDn3P8QXeU+MLq/NLMGFzm3+9cuDfvpq5hNJTkzOu1hYUoX9OymzmbAni0BcQ32Ej8xAet2wsNPc8Dr3y8W/JFMnOvV2fiYk3b2ctZFL5gIwgAgPGB7+YB5jH/UP6n4TU88PsZaN+cpKQVPlpOg7YAaMOlI5QCECLHQoF35TMrkpbBvSgZTPB1cHBotVatgRBXeoWCLAnE+uTeHbtGeWWsF7/wyyoHhesajMsAQPyidPOcj2FI77RM/GKgbwj15ikpGArsZ//aM8ZHVWVUUSWBAEDz2m5wo3LfnAJZkaBiOZ3YCRGkm+cIwzDgeBTg1vAxekmkZFz6U9dsedLUysLU+iPdLc8uacWS6dSbFIC6TosLdM+OxCcEulPmiJ8hfuam1fn95E43Ef1wjfLeXtZRlnr3zvKTux9MiwJhBi8laPUsu6XTyHL61jwNwvEiAIAgyQGobmmnViQjA1Dj4poLRiUAAEIIAZcO3NWhRb3bVytVLW+S0FxsYIDALn2k6uydu1B4Vnb7yJRm1lJ356U8WFX0shE+mMoEU0Bdx7asysV59u9SZXZ5IcQCIbR25aVXV9o3R5JEmWu+3SyVahOJAACrTs8FAhNj7bYiSelluv2HXjJSadXvA9oabP1N2gIfc7v3QqBl2ezKr8n21EppVgBnK1+4Ss2PMZ+9EdT73Yb+S6rBeDOWY/nPdMHtGFceMzISAABb394p09D06vrrN7++frM40YvOBiZiSqNcMCk4heK1FA1/tzV5d6MXg8eqR0Jr9z9FpNT66/VXIZk4Ff3w7e/bObPZ3Wj/O27vF2N4PxtmLBUlxd29XZ2GUxMPd7eapb39rCUklhbf/Pr6za+rGWXg1HirYWA7eU4alYO9fWtkYXVG7X3AvMRDveb0H0hqVRfYgZUCznluM98ILS6kHgvf86JAvHrdAwBqlU1GDYndfXDgVuv9r61WG8D3hTLAPTsp1UeS04M7sComVUK3dupZuc1shUuszo/fndn5eVVFLxjhBDkYSs0vLgRb5cKlA8DxLAPMSC9qBkSWAqRRaw83ECE4OdZ/fSnIIkfrrgdE4DlaH2iatF51oRf+6OADPEBgpO/6lR+RWOrUPfj8jSDonRT6zxuD8WYsx/Kf54LbOdeKNS40NUoAPLvmkJHwZGeSpVeru70TLxuKjoNRKpVL5boSm7wzuzEgBsAxzd7EHse0nIcCsV7Do6Q9wi/IIqnbV72R16ZpOhAY+bb5u35RHY+lZpbWVhZUt1iwKLAjAda9Mqs3L6HXhg0B+XNWX6CXSozGgy27ocTi0iOvcuwaDQRDaueWNXXb/ZniAj+xhpHd2zfFudV0cOCi0K8ERWpc9t3VvlquOJyi3sybdMrZzVw9uLiQVgZGFKnXHDxoOdfVJsOxTPuWqWQ01G1IoipztauS3XureWF6gdHene2pldcsbip+a8aRXb7ylPGBxQuend/Mlrn46uLE3YGGh6qKXj7qug8OVhJlTCbNa7vXc6eWXQM20D5l0YY7uJTKsR2P8AIDII0pTLVc6b3Rq1xaIAdvX3MK4woHteverF9oXNsNIggMfP5GEAAA04KWD3wtAB9AO99+AsuxvL/8JaJeo96JnDUbTrVyXiqW3UBqLq0QAGAkKUAvTgtVeUqAWiV7YvcvICRqOMx+yO6BMDUfvHvjAG48ETzdOjo8YZJh2d8wigcFB+BOp9xrVOtVI1+0GCkmtzc7FQns5Hc0bi6i+JvW+XHe5COrY199awKvou0bfCQ2rgRYqFvGNRVUjgDIiYhyoe1mxfmkwreqpdxxBdSlu9c/6GdC5Mzqitu7Uee9BEUixdKZEUqobMPI65XGj6sg+lpNM7v34YJNLsZkqDvt7o2P4Tg/ARAmo6FCdn+bTafav9twfNoYzSQ6XX63kts8uA6kZ+OC59TbnS/C8CwDzunmtk7lcGxClQSGuldnulYLxOZkAGpdmGRstjfKKkVSwcv9nSz/KqJyUDNOs2UIzk/eHDGrBa1Mx+aStyYjVcuGp/SPGtDqyfb+KQSX0qOkUe8sqfGzAkMerSp6+erlD28LVA3FJhVR8BPauC6f5Su+4Oy4AADM+Ey09Fc+u0/iMYWnVeP46IKqM2EeAMCrHL09cKTJcCQoCgy4Vjmfrwai7VtOK/G4+Hf+YJ8kYp2fXDC5qc4dkzxD2y1AbD6pMiDF48GLo/0dNp2ckEjDKmp5i4+syQQAyGMbQbd01ja0+4Z357VjOZa/UAzLQvn0zz9OAaD7K9GjqbVIRO4OO0rxpdnm/vHev3KUkcdT6SnnoNY3VVeMJsZKuUY01nfOYxiO8TEAAH51dmEhd6ztbecpEZVQaj5+smfemglpHG1vlZpMQE7Mz4Tapz4ippbn2CM99/d7xwNOUqKL6UR7D4RhGJbpnSEJ5/czxE8AgLAPPUXkoHKp5zYLjtsERpAnphdTIgAAH1pahVyu8P7fOQ8YURlfWIurTOevYDp/RZuf9/tdFsMqLxLDMoznv/nwCC/0XbwyHMtC90O/abrB2bnUQX7/7Z8eEZR4IhV0TgQ/AADxcwzbm65+q9URhmMY7vbW0A/hGSfnDqVOfnOzd3csEBLrKykJgFEyq6/yWT23eeaCX5DHMqvT4U6IoF7WDYe2nOzOH703+pTM69dTQmJ1kdMLxVOtWPMo8QuSklpOxCQCYJXNzg8tdLGh+QWaO9b3dnMeMAE5PLuQ6q34cirlhpx8FbrVJmqXl42R6b7b9FLzTLeaFM633p73XsaFXv82rTxWVZwr8vLx4ZU1VtdL+mGp6raA+EVJic6nYsH2h0uk1MJrQTvUc39lm8AJysTMamq83W9nQpl1UsoXyrmdukuBC4yo6YV096bhYnRuBY67bwyoU5lMqnP56tUdywK3CcAAcOMLa0TLnna+JpISX04kute5j2wE3eKL//I/fODrxpgxxfT+9L//XyHomyHfgu6AROdB6+bZVt9/fQ87WY/6Rke+PuZ9dV3/lrcj9CJgOx8Sz/SDrpfeb9VnNpLfuKbLK2ffXU5szI9h9+sn9hVt2Dz4K8vObaQ+6/aDP7Fv/PpfXdcZ0mpHen2dQK8PbjJ9D/ufbPfcekFhHwAA4/+C7+jNaAOmmD6WIoQQGgp8+PXGZ7zsU5hQ5k3oO2wH/WQYlmU5XLvyUnV+twFTTB9PEUIIIYS+kZRafh19foNs6POQm1ko7bgy5jF/bx4hhBBCCA0zcjN/ve8uOpjH/O08QgghhBAaZu3RBriTtrAcy/vLn7qhIoQQQgihp0RarVb3Dv3Ql/dhOZb3lz91Q0UIIYQQQk+JgK8vxtyXx3IsHyhHCCGEEEJDjEDrVoy5k8dyLB8oRwghhBBCQ4y0I8p9MeZWJ8aM5VjeV/7UDRUhhBBCCD2l9toGX1+MeSDFcizvlCCEEEIIoSHWXdvQH2PGPObv5hFCCCGE0BDrX9vgwzzmH8wjhBBCCKEh1hltuJ227pRg+ZCXI4QQQgihIUag1YJuXLmX+nxYjuUD5QghhBBCaIgR8AH0YszQF2/GcizvK0cIIYQQQkOMQAv6YsydvK8vj+VYjmsbEEIIIYSGHOlGlLsx5tZNjBnLsbyvHCGEEEIIDTECLQBfX4y5l8dyLO8rRwghhBBCQ4wBaMeVuxFlzGP+ofzzcHVdf+oqIPQfh+18SOAHjV46bMNDhQFoR5dbmGL6WPpsjI7wT10FhP6zrq7r2M6HAX7Q6KXDNvzVXujlVvdOSt24MuYxf38eIYQQQggNsfbaBoDOmAPmMf9AHiGEEEIIDTECAJ3eYSeujHnMP5BHCCGEEELDisD9MWYflmP57XKEEEIIITSs2qMN3bhyL9/Cciy/XYIQQgghhIZVe7QB4Nb89U7UGcux/E4eIYQQQggNn+7ahlsR5bvxZizHcoQQQgghNKz6Rxv6UrhTguVYjhBCCCGEhlX/aENfCndKsBzLEUIIIYTQsCK97N14M+YxfzePEEIIIYSGT99lw914M+YxfzePEEIIIYSGD/mM1yCEEEIIIYSGGl42IIQQQgghhD4BLxsQQgghhBBCn4CXDQghhBBC6Efw7I9GjT51LdBXwssGhBBCCCH0I9iFfK7kPHUt0FfCywaEEEII3cMtZ98emN8cGabGwdbWefP71Akh9HSYp64AQv8RVm7rr8LteIYQXXyTlqr69qYZ3lieYAAA7Nzb3bIy9yYjf/E1tHX8xw7N/DqjftE7qVM+d6SpMbHzuFHa3iqqS79E+c/eRNM42N6vhlfXwuKjr3PP998W5bW1yOMvQy+Xnd/assJrqyHh7nP1i62/z8TFlbQM7vn+21wrtT4f+fxW9rDvuzX0GahjlDW9bFiOS31MYCQYS6SnxJvzN61/zGf1sum44Bfl8Xg6EZY6RyVa+6hpxYpZrbotwgnKeDSdHhdJZ6tlrVA0rmu1hgtECEjBeDIVEvqOZ03jzPIHEwQAaLWUO9EvrqsecAE5lJxOhXjSV8GKph9fWDWHEk6QJ8IzqQnp5ml6VTJgJOr/+qqin0HD1E+OzkzbaVLY+VdFDsZiqSmJAajq2+/yd+YtMWNLv2WCBB5vNmb2/fszd/CN4yu/pW+dl2ndPNVK5atqve5RYARZ/YqNILxsQD8tr9EgyvTG/Fj/t54wLAA03abnNb1O6+fUSIgNcF9zcPCanud5X/qu2oWWMyfVMbHT5aKuS5vOl8ThaudHBhtgi1oltBB8rOLUa9JGA0N8PzGv4bmmniuPL4X8g880K3ndcFucBwDAyOPhSRhlv89Ov+/W0CfRSv7d3rU8FUnHRZHxrkuFXHbP87/ufOiemf370AiE06vjEjQM/SS7mYX1uTAP4Ja33mkNNRx9FR8RiGedH+Vy28BuZGQCYGmHmiVOxpLTAY6BxlVJz+/tg/A6LXd37BllWwjN8QD10s5etianZhfGBHCM0+zBjktWF4LtVucUt3dydSmWTAcDjOdclXV964B9M690Lk/MS9M/mpC+vqro5aNWbm/rzBdKpV+pgp96datyqu9v0aVforwYXdgI9Z1LqXe2v3tKlE6v/pFmA9RrNkFJbMz1net9rHC70TjF/ZMKNxZJhUcEFtxqWdf3t5vcr+0Lg8/cCAK8bEA/NeLnOPZTX3xWjSbVH1Sh74Kaerk58Wpl5PSdXnaC4XvCzGiYEElwNN0MTit9bZ1ap8dVXmI6A24kMJFOf789ftetoU8iamL9N1bonq4lWfDsTe3yGkIKADhnehnGl5bj7ciouMg23n7QTuxwRgIuuLAxzvHdS0pphqvaf14aNsgygJxa3ujbiyS1zPPDao1Ct6PuGZcWP5bhAaySZrCR9UxMar8yw9Teb2nn1WBEBHDPtXxNnvslE+IAAECW1FCkb8PUvLgi6qz0DVVFLx61Ts/rUvr13FQ73sCLkqROxWl7qjzxC7y/77WlssWG14Lts9tjzQYAAAhhBZ5/9FwvxFZXYjePJFFm7MpmtdoAtTtk+hkbQYCXDQg1StvbRXXxlyjvnu39kbX6x0ml+NI/UqJnX+h6uWI6jkuJMBKeSaWDvckZnlXezRcNu0EZQY0mM3G5fersjOlfXjseYQJKNJ1IKKS0/de+0QKA/B//zgMw4dl/zgrQni2QPdEurquUiHIwPZ9UuQfq616eVPxTaxLHh9X8sW6FBoJx9Y/5rF4y6x5h5YloQuj7a1yrqJeKl9c1xwNOUCanF1IyAwC2/nbbjc8Gyrkzs0YZSU3OTStVPatdWnXKBNTUQiocIJ2/6PBYq1QdSjheDCYSqUkRjyBPjojhGVI4LDj/iN9cQtaL+auRZJQeHHcKLO3tTjPdnlD3UEsAc//3E2YmCmd6yXIpI4Vm0mnRymULFbtBOTE8k860W37/1tAPQG4FPhlCfN2ViQ3DcBg13nfRKIaCwmnFqIIkAuEGJ5L5OF/vrf1o3SyUTEZJ9+KtTePC5kNJAaBqWm5gNCz1KqRMKkz5ynQjItc0yhYzvhB66JBF7bJB1EXpu1UVvUgtSoHz3xoUJfd9vvVSvuypM8nOqe3xZvM1qGuXNMOTY0GcZvnl8KSPhhx13WZ7jhA3Nf/fJmm7o+0Z+XcHjUhEBKA146PLhzLLssRD7Sy/tXcs/TYXbn91qJXPkmRmPi1B47Kwl93/AMu/xAUAp7i9p5Howi+zCgfV8vHOTpasLcaWN0KW9m7TmlxfjPGEEACoA7SqZ1oxnlr4R5ptWPnd3O7h6D8Xx+49X9qFM0uemgsAgBKbJO+1j6nl8c7XmNq5rcMSE5pbiyhs0zrXsppDuU6ozrMNoykl5uNKgKXW6Yedw5zyek4l4DU818jrzNzS6wW/U9zbz25uCtJEZuW17HOKO/vZbEVdDXEAVi6bvR5bWp9X2KZjXurnVh0vG54FokyHufdaaXIuzAEAeJXTAoRXVX/+5iWe53Yn1D3YEmjTdZ3y0UVyfv6NBJaW/XCwY/BiPDOf7jw8UZVMkBnYGnoCrlG2iBIdaT+o1YFVBy4rAiIHZ24d4E6nyqmUHU5JBnol1ZN3O3m7BQDASInl2V7vn5plkwulBACo2y4I4kAXSxBZsGp1AM6xahAIMfb58eGJYTeACYxOJRMJtTuJzbo0iTInf3tV0UtG5LDq3z3OnpB4WBUfmRbsGaeaJUTWxrst8dPNhnrXxYPymVF1qE+QBhYtDHDL7/88Nj0AABIILa0NLAn73I0MPTzpo58WNXL/67+O+gr42OpK6vEB73ZP3r3MHl7Jr5YjPAAQOZ65eZMcDSmaZtoQVtoF/mA6HVMIAHCTM/NV+89CyYpPS0ZRs+X0r2GFAQAQQ9Opi7/zJSeWEtp7AEL6wyxEjS+kxjgA4MaTkWK5YNowdk9N6ceTc0+d7RxPpUgo8LZYrI0nAu2/t1iqi8mVZJAHAFaNv0qZf+3WOm9l1OTSzWQsNRKRywXTAbV91GVDqaQaAAApNiVpe24oHVd5AJBiUUk7tGwIcdCs1hucHFR5AkBENTz3oqZ2/eS40Mx46cOxGZpVCLW1fFWdSwnEuve1j7YECESnEwoPAGp8QiqcQGQ61n4Ym5DOSmYNgjhl5InVSwe6LcfXO+sKKKVAmMH+jY8ApR69da9EautHekPJJPsHKMXY8kqw2Wp5zsezU237gF+bj3SOJ5cmq0wH2rugQAYDwz7CAPUoAHieB175eJcKycycyDSuCnpuZ6+xupSWCQBYZZMqM/J3qCp60fzB+cUF7eTkaCe/A1xAlJWxUGQyJN0af6jqeQOCmXhvaOvxZkMAAKyPhhJNLyY46pQ1bX+z3l35MIgLLq3LLqVNxy5p+odN/y9rcYl07yn6mRsZenjZgH5aREms969wujMI/oB6ce/YVtProU60jNYuNa18eV1vtgCAurQZvDnLEVHpGzqVFIkrONcu+O2q6zm5v97fhHupB2zgocXJPi4QuInxMQwDlN57x0PnrFjxj/9yMzWEn4iphZxuxmYVAuBYDuXHxnp/o19WBdK9bADPLmnFkunUmxSAuk6LC7S6/zB8oBvTIwxDCNw8BMIA9TwKQPzqpJo/OPizoY6rsqooSuDW4R49JSkZl/7UNVueNLWyMLX+SHfrsZbgEwLdIDHxM8TPBLrtye8nnW4iekKN8t5e1lGWevfO8pO7H0yLAmEGO1q0epbd0mlkOX1rNhHheBEAQJDkAFS3tFMrkpEBqHFxzQWjEnSDHC4d6Nu3qNftyxFoWTa78muyfWSSZgVwtvKFq9T8GAG79JGqs+2w7bdWFb1shA+mMsEUUNexLatycZ79u1SZXV4I9e6u4J7rxZqYXFL6+qafaDZKNDEXVcJyeyOitOx3/n1wWnbC8bvr/gjDCwwABERZ9jm/nxwb0aUg+cKNDDu8bEA/r69a4VTVc3k3uLTcPWxRM7t5ZI2/WlwbFRkC9OPu70ePvL1zbPNaRIqvrX/uemUCvk+/iNp6waaO/dd/lXtltAXkrDStRO49v/aOtM3S3n7WCy0tzai8H6BZ2vxLG6jArfrcgwul34zahnFlmhfZ/BFVplcXJ/CY+lwwY6lo8e/dvcsmDS9PPNzd+g4tAT2RRuVgb98aWXg907f2iZd4KNUcCr1jXa3qAjswp8g5z23mG6HFhdRj4XteFIhXr3sgM9Qqm4y6LHb3wcF1td7fY6hWG8AHeIB2yoz0TejgRySWWnUPgLMqJlXSnZ1+x6qiF4xwghwU5GBQ2ft7q3CZCnVPlNTWtCtm8tadnT/RbBh5IjywdVHhfWatAfDo2YkJiBz9WGsA8F+/kaGEX0s0dAgA3B/NB2rpuzqNL/StvmpUrz1WDY+J7chGo+70hz1o1ez7KSTbtD1OGOFAUERSN0339vYBAIjfB63ml08M9yqnZVdOra1sbPT+92YjE+asgm4DgCALpG5f9XbaNA2nWznHrtFAMKR27lZRt93WA/t5DOGl4FQkPT+3sRb1G2dntc94D/pRxGg82LIbSqxvfP+u79MS0A/XMLJ7+6Y4t5oODlwU+pWgSI3LvuNQtVxxOEW9WS3glLObuXpwcSGtDIwQUq85eBx0rqtNhmOZ9i1TyWio25BEVeZqVyW791bzwvQCowoHAMK4wkHt2u5tq3FtN4ggMAB2+cpTxruH06+vKnr5qOt+YrDSOdNK3mjy9sy0TzQbz20MbJdWrXqLDdyKnFDv1t7d6rULHN+5EP68jSDA0Qb0U6NN123c+t0GhgA/IsDZpV5R4oog9H8DqJXbL5PkYqx/IRQ7MsqdVgoXU68mBGqd5kr2QPyhZeRzRZIISVC7LOwX6nIqIwOAGk0GdnI7GsmEVZ64tnVeKLkTc3MhP/AjI8xpWbsIpmXez3Kf+xV0irrFTC7E5Fv3kuZTydG3uWI5mQmpkTC/m9/RuLmI4m9a55pmAXSOe4IikWLpzAglVLZh5PVK40v/NavFvbP6eHhKDQikZZtWg3AS3rn/WSFyZnXFZYVH29S3twT04zXN7N6HCza5GJOh7tQBAMDHcJyfAAiT0VAhu7/NplPtu9ofnzZGM4lOl9+t5DYPrgPp2bjgOfV2uIIwPMuAc7q5rVM5HJtQJYGh7tWZrtUCsTkZgFoXJhmb7S1jkSKp4OX+TpZ/FVE5qBmn2TIE5yfb/TYpHg9eHO3vsOnkhEQaVlHLW3xkTSZQLRue0jdq8LVVRS9fvfzhbYGqodikIgp+QhvX5bN8xRecHe+cTz0zr1eFqcXwnb76o82mqm3ulIgaiY2rAY541bKul2BsYZIHAM/QdgsQm0+q9HL338c1eSI6NTYisMSzi3nd5CZedxYIPbYRdAt+H9HPiWFZWj7+4/fj/kJhavFNRmImkhkjm9v7UApM/bIe5ji/X/ADgFcplmpNmtv6n7nO64mSerM6kV5MZbP6u/+dJ4IcnklGqhptjzwwDMeNJTMjldxevn0D1uRcJto+Bgqx5Xkmf6Jtbu16wAmCPB5JtY9QRE7Px3azJ+//aJLA5MpGhONIuwKdnfpZxn/nTFk3Kw05nrjnzg7cRCx8clAxaSgopVdekayefVf2CCtPxBcy5EOR9QMA+IOzc6mD/P7bPz0iKPFEKuictHfKsAzT6s0tZhiO8d3snTB+jvFxBAAEZZzL64d/HzRcCpykRBenQ3j8eGoMyzCe/+bTI7zQd03LcCzbOcb3PtaHWwLxcwzbW3pIWIZhmb6mwDEMd3tr6IfwjJNzh1Inv7nZuzsWCIn1lZQEwCiZ1Vf5rJ7bPHPBL8hjmdXp7lLOelk3HNpysjt/9N7oUzKvX08JidVFTi8UT7VizaPEL0hKajkRkwiAVTbbP7Rwgw3NL9Dcsb63m/OACcjh2YXOAQ0AuPGFNaJlTzsVkJT4ciIhEahdXjZGpvtv0/uVVcX4xMvHh1fWWF0v6YelqtsC4hclJTqfigW7awjNsknG5+L33VL1sWYjptcWJO30VDs6dZrAMAFlYmkt2h6R8+qOZYHbBOAnltaZU610dpRz3CZlGEkJraRvphU8thF0iy++9j+eug7oBfh//+9JAIDudIYWtAB8ncet9sOBR31lA1mP+kZHvv4K/uq6/i1vR+hFwHY+JJ7pB10vvd+qz2wkv/GmWV45++5yYmP+/ntJo5/DV7Rh8+CvLDu3kfq6H134eXzj1//qus6QFvgAwOcDAB/42oskfX3/AfSXQedx6+ZB+/8Z/xd8R5kW9BZjYh7zD+URQggNBT78euMzXvYpTCjzJvQdtoN+MgzLshyuXXmpmP5+IeYx/1AeIYQQQugbSanl109dB/TVSHvWCaaYPp4ihBBCCKFhRtoRZUwxfTxFCCGEEELD7J7RBrhTguVYjhBCCCGEhhlp3w3nblwZy7EcxxkQQgghhD2Ewb8AACAASURBVFAb6buP5u0Uy7EcxxwQQgghhNDA2oZbMWYsx3Icc0AIIYQQQm3keca2sfy5lSOEEEIIoWF2e20D5jF/bx4hhBBCCA2z22sbMI/5e/MIIYQQQmiY9UYbMMX0kRQhhBBCCA0z8uT9UUxfRIoQQgghhIYZeSZzYDD//PMIIYQQQmhokWey4hbzzz+PEEIIIYSGFnmG9/rE8udZjhBCCCGEhhaBVl9cuS+P5Vg+UI4QQgghhIYYAV9fXBnzmH8ojxBCCCGEhhgDLfD5oIUppo+mz8fVdf2pq4DQfxy28yGBHzR66bANDxWmHVHGFNNPpM/G6Aj/1FVA6D/r6rqO7XwY4AeNXjpsw1/thV5uddc2tFq9ee0DKZZjOa5tQAghhBAadqQbUfY9EGnGcix/XqMNCCGEEELoxyPQakFfjBnzmL8/jxBCCCGEhhgBnw9avRgz5jF/fx4hhBBCCA0xAu2b83fiypjH/AN5hBBCCCE0xG5GGzDF9NEUIYQQQggNsb7RBkwxfSRFCCGEEEJDrD3a0HogxozlWI6jDQghhBBCqDPa4HsgxozlWI6jDQghhBBCaGBtw3OKbWP5cytHCCGEEEJDjHxl7BnLh60cIYQQQggNMQLQF1fGPOYfzCOEEEIIoeFFAPriypjH/IN5hBBCCCE0vLqjDZhi+okUIYQQQggNr+5oA6aYfiJFCCGEEPomnv3RqNGnrgX6SgQAHowuYzmW42gDQgghhL4Tu5DPlZynrgX6SgQAHowuYzmW42gDQggNK7ecfXtgfnNkmBoHW1vnze9TJ4TQ02GePoaN5S+j/IWxclt/FW7HM4To4pu0VNW3N83wxvIEAwBg597ulpW5NxmZfPE+jv/YoZlfZ9Qveid1yueONDUmdh43SttbRXXplyj/2ZtoGgfb+9Xw6lpYfPR17vn+26K8thZ5/GXo5bLzW1tWeG01JNx9rn6x9feZuLiSlsE933+ba6XW5yOf38oe9n23hj4DdYyyppcNy3GpjwmMBGOJ9JTI3Dxd/5jP6mXTccEvyuPxdCIsdY5KtPZR04oVs1p1W4QTlPFoOj0uks5Wy1qhaFzXag0XiBCQgvFkKiT0Hc+axpnlDyYIANBqKXeiX1xXPeACcig5nQrxnc1Usv/a+egNVJiLrb1Oyzf1uyoZMBL1P15V1yxr+oVpO47bBE6QldD0q7DCAPpZNEz95OjMtJ0mhZ1/VeRgLJaakhiAqr79Ln9n3hIztvRbJnjTHGm9ks/nziH+j/kI1/+6plU4PiyYtkOBE9TJeCalcHAbrZunWql8Va3XPQqMIKv9bc/Mvn9/5g7ufXzlt/SXndyHAwPQAuhGlFuYx/wD+ZfGazSIMr0xP9b/rScMCwBNt+l5TQ+AAQDg1EiIDXBfc3Dwmp7neZ/xwgG1Cy1nTqpjYqfLRV2XNp0vicPVzo8MNsAWtUpoIfhYxanXpI0Ghvh+Yl7Dc009Vx5fCvkHn2lW8rrhtjgPAICRx8OTMMp+n51+362hT6KV/Lu9a3kqko6LIuNdlwq57J7nf9350D0z+/ehEQinV8claBj6SXYzC+tzYR7ALW+90xpqOPoqPiIQzzo/yuW2gd3IyATA0g41S5yMJacDHAONq5Ke39sHoa+77xllWwjN8QD10s5etianZhfGBHCM0+zBjktWF4J+AKDNJmXG5tYSSu9oxHB9l5TUvDT9ownp8apeZLPnoE4mo4LIEa96dXJ88mHPv7E8cbcLiF4gauX2ts58oVT6lSr4qVe3Kqf6/hZd+iXKi9GFjVDfuZR6Z/u7p0Tp9urBs0r7e7rhAqWCNxjGrBb23+eboXR6VmG964ujw+wmnVtP34oDOsX9kwo3FkmFRwQW3GpZ1/e3m9yv7QsD6jWboCQ25vo6DD5WwGuG+7Qv5PsjypjH/EP5l4b4OY791BefVaNJ9QdV6Lugpl5uTrxaGTl9p5edYPieMDMaJkQSHE03g9N9nTag1ulxlZeYzoAbCUyk099vj991a+iTiJpY/40VunF3SRY8e1O7vIaQAgDOmV6G8aXleDsyKi6yjbcftBM7nJGACy5sjHN895JSmuGq9p+Xhg2yDCCnljf69iJJLfP8sFqj0O1xecalxY9leACrpBlsZD0Tk9qvzDC191vaeTXYHckkfiHAP3AsoubFFVFnpU9UdWJpY6K/Nmz98t1ZtQGAlw0/A2qdntel9Ou5qXa8gRclSZ2K0/ZUeeIXeH/fa0tliw2vBbstitZME6YyG4q5uWkNbtbUtKqUWpmb4gEAAskVcP84KJTj8+GBdiPEVldiN48kUWbsyma12gC1e31LCCvwPF4pfFL7OOTrjTlgiun96c+qUdreLqqLv0R592zvj6zVP04qxZf+kRI9+0LXyxXTcVxKhJHwTCod7EXSPKu8my8adoMyghpNZuJy52DVHtO/vHY8wgSUaDqRUEhp+699owUA+T/+nQdgwrP/nBWgPVsge6JdXFcpEeVgej6pPnSqdC9PKv6pNYnjw2r+WLdCA7Or6h/zWb1k1j3CyhPRhND317hWUS8VL69rjgecoExOL6RkBgBs/e22G58NlHNnZo0ykpqcm1aqela7tOqUCaiphVQ4QDp/0eGxVqk6lHC8GEwkUpMiziB4ckQMz5DCYcH5R/ym21Yv5q9GklF6cNwpsLS3O810e0LdQy0BzP3fT5iZKJzpJculjBSaSadFK5ctVOwG5cTwTDrTbvn9W0M/ALkV+GQI8UGnpGEYDqPG+y4axVBQOK0YVZBEINzgRDIf5+u9tR+tm4WSySjpXry1aVzYfCgpAFRNyw2MhqVehZRJhSlfmW5E/GSnntplg6iL0qeqOvAez77USm5gakK6Z4voJWpRCpz/1qAoue8QUi/ly546k+yd2ogcn1sCANu8/Vrro0nFeN8ZmQmOKwdHFYuGHx6Kp65d0gxPjgVxmuWXuxltwBTTT6Y/Jeq6zfYcIW5q/r9N0nZH2zPy7w4akYgIQGvGR5cPZZZliYfaWX5r71j6bS7c/upQK58lycx8WoLGZWEvu/8Bln+JCwBOcXtPI9GFX2YVDqrl452dLFlbjC1vhCzt3aY1ub4Y4wkhAFAHaFXPtGI8tfCPNNuw8ru53cPRfy6O3XvMswtnljw1FwAAJTZJ3msfU8vjnb47tXNbhyUmNLcWUdimda5lNYdynQkHnm0YTSkxH1cCLLVOP+wc5pTXcyoBr+G5Rl5n5pZeL/id4t5+dnNTkCYyK69ln1Pc2c9mK+pqiAOwctns9djS+rzCNh3zUj+36njZ8CwQZTrMvddKk3PtAJtXOS1AeFX1529e4nlud0Ldgy2BNl3XKR9dJOfn30hgadkPBzsGL8Yz8+nOwxNVyQSZga2hJ+AaZYso0ZH2g1odWHXgsiIgcnDm1gHuLGpyKmWHU5KBXkn15N1O3m4BADBSYnk2dHMZQM2yyYVSAgDUbRcEcaCLJYgsWLV6dyyANgw9d3Rm2i4wASnUv0bCujSJMid/VlVpJfevvUuPAoBPCM2sxnFZ1s+CyGHVv3ucPSHxsCo+Mi3YM041S4isjX/OKBOt1z3CDzRNwgscfKw1AO5cE7jl938emx4AAAmEltYGloRR77p4UD4zqg71CdLAygfUD0cbMP1pRxuokftf/3XUV8DHVldS8iPvAGj35N3L7OGV/Go5wrfjHJmbN8nRkKJppg1hpV3gD6bTMYUAADc5M1+1/yyUrPi0ZBQ1W07/2lnPJ4amUxd/50tOLCW09wCE9IdZiBpfSI1xAMCNJyPFcsG0YeyemtKPJ+eeOts5nkqRUOBtsVgbTwTaf2+xVBeTK8kgDwCsGn+VMv/arXXeyqjJpZvJWGokIpcLpgNq+6zMhlJJNQAAUmxK0vbcUDqu8gAgxaKSdmjZEOKgWa03ODmo8gSAiGp47kVN7frJcaGZ8dKHYzM0qxBqa/mqOpcSiHXvax9tCRCITicUHgDU+IRUOIHIdKz9MDYhnZXMGgQf/wah/7h66UC35fh6sB24pZQCYQb7Nz4ClHoUBocVqK0f6Q0lk+wfoBRjyyvBZqvlOR/PTrXtA35tPtI5nlyarDIdaO+CAhkMDPsIA9TrDmdSz6pY0eTslMg0rot6bm/3ZuWDVTapMiN/XlVJcHp9PUqBNqzL4/zRdpZdy8gYm/gp+IPziwvaycnRTn4HuIAoK2OhyGRIujX+UNXzBgQz8c8bZvJoC4hvsEn5iQ9a3n2xTi64tC67lDYdu6TpHzb9v6zFJdK9p6j10VCi6cUER52ypu1v1jurbtCge0cbfA/Em7F8yMtfGKIk1vtXON0Zr39Avbh3bKvp9VBnySetXWpa+fK63mwBAHVpM9g7y4lK34i7pEhcwbl2wW9XXc/J/fX+JtxLPWADDy1O9nGBwE1khWEYoPTeOx46Z8WKf/yXm6kh/ERMLeR0MzarEADHcig/Ntb7G/2yKpDuZQN4dkkrlkyn3qQA1HVaXKD7sRI+0A0/EoYhBG4eAmGAeh4FIH51Us0fHPzZUMdVWVUUJXDrcI+ekpSMS3/qmi1PmlpZmFp/5MZgj7UEnxDornQmfob4mUC3Pfn9pK+biJ5Io7y3l3WUpd69s/zk7gfTokCYwf45rZ5lt3QaWU6HBqO4hONFAABBkgNQ3dJOrUhGBqDGxTUXjErQDXK4dOAypEW97iUAo0zNzbPBUGfsUcqIUH+fLRhecIIBu/SRqrPtsO3nVNUvtA8sAXGFbfyxUygnb902B71YhA+mMsEUUNexLatycZ79u1SZXV4I9e6u4J7rxZqYXPrcG2gxfh/Q1mCTatIW+Jh7Y52E4QUGAAKiLPuc30+OjehSkACAEk3MRZWw3K6JKC37nX8fnJadcBwXD96Gow2Y/rSjDfBVK5yqei7vBpeWu4ctamY3j6zxV4troyJDgH7c/f3okbd3jl9ei0jxtfXPXa9MPudfmNp6waaO/dd/lXtltAXkrDSt3H9m7R1Nm6W9/awXWlqaUXk/QLO0+Zc2UIFb9bkHF0q/GbUN48o0L7L5I6pMry5O4DH1uWDGUtHi37t7l00afuzmM9+hJaAn0qgc7O1bIwuvZ/rWPvESD6WaQ6F3rKtVXWAHJm4457nNfCO0uJB67EbTvCgQr173QGaoVTYZdVns7oOD62q922MAAKhWG8B3Lip5JRzq3w47IvFQceoAjFUxqdK9q81nVfUGEYWBeVDoZ0E4QQ4KcjCo7P29VbhMhbonSmpr2hUz+QV3diYCz9Fqtd5b2Qy0XnWhF/54CBMQOXozl4mRJ8ID2xUV3mfWGgB4irut/eV9DvPmMX3+6U+CAMD90Xyglr6r0/hC36K9RvXaY9XwmNgOiDXqTn+0jFbNvp9Csk3b44QRDgRFJHXTdG9vHwCA+H3Qan75xHCvclp25dTaysZG739vNjJhziroNgAIskDq9lVvp03TcLqVc+waDQRDauduFXXb/ZrPlPBScCqSnp/bWIv6jbOz2me8B/0oYjQebNkNJfbo+P73aQnoh2sY2b19U5xbTQcHutF+JShS47LvOFQtVxxOUW+WBTjl7GauHlxcSCsDI4TUaw4eB53rapPhWKZ9y1QyGuo2JFGVudpVye691bwwvcBo5/b4XsMd2FDz2m6AIPAAdvnKU8a7h9PHq9p0B4+K3rVdpyyP1ww/Ceq6nxisdM60kjeaTH7JbyhJYwpTLVfqNwVe5dICOXh7G9S7tXe3eu0Cx3cuhD23MfA0rVr1FhvAxneP/oGg/rkomMf8rfwLRJuu27j1uw0MAX5EgLNLvaLEFUHo/wZQK7dfJsnFWP9CKHZklDutFC6mXk0I1DrNleyB+EPLyOeKJBGSoHZZ2C/U5VRGBgA1mgzs5HY0kgmrPHFt67xQcifm5kJ+4EdGmNOydhFMy7yf5T533q5T1C1mciEm37qXNJ9Kjr7NFcvJTEiNhPnd/I7GzUUUf9M61zTrJlAnKBIpls6MUEJlG0ZerzS+9F+zWtw7q4+Hp9SAQFq2aTUIJ+Gd+58VImdWV1xWeLRNfXtLQD9e08zufbhgk4sxGepOu4/kYzjOTwCEyWiokN3fZtOp9o8hHJ82RjOJTpffreQ2D64D6dm44Dn1dsecMDzLgHO6ua1TORybUCWBoe7Vma7VArE5GYBaFyYZm+0tY5EiqeDl/k6WfxVROagZp9kyBOcnRQAAahxtfzD4UDQUlAMC8a5Ket70h5fHGajqhqf0DXA8UlVqHL/duQqEwpHxEVEgnl05yX8kwXQIJ5f/HOrlD28LVA3FJhVR8BPauC6f5Su+4Ox453zqmXm9Kkwthu/tq3sNp0nBaQJtNZy6A8CwPEMAiBKPi3/nD/ZJItb53QaTm1poz8TzDG23ALH5pEovd/99XJMnolNjIwJLPLuY101u4nVngVBV29wpETUSG1cDHPGqZV0vwdjCJDa+e/SfX1qYx/xn5F8GhmVp+fiP34/7C4WpxTcZiZlIZoxsbu9DKTD1y3qY4/x+wQ8AXqVYqjVpbut/5jqvJ0rqzepEejGVzerv/neeCHJ4JhmparQzpZfhuLFkZqSS28u3b8CanMtE28dAIbY8z+RPtM2tXQ84QZDHI6n2EYrI6fnYbvbk/R9NEphc2YhwHGlXoLNTP8v42ds9v7pZacjxxD13duAmYuGTg4pJQ0EpvfKKZPXsu7JHWHkivpAhH4qsHwDAH5ydSx3k99/+6RFBiSdSQeekvVOGZZhWb24xw3CM72bvhPFzjI8jACAo41xeP/z7oOFS4CQlujgdwrWKT41hGcbz9+5TyAt917QMx7KdY3zvY324JRA/x7C9FauEZRiW6WsKHMNwt7eGfgjPODl3KHXym5u9u2OBkFhfSUkAjJJZfZXP6rnNMxf8gjyWWZ3uLuWsl3XDoS0nu/NH740+JfP69ZSQWF3k9ELxVCvWPEr8gqSklhMxiQBYZbP9Qws32ND8As0d63u7OQ+YgByeXegc0ICos8srhcJJSd/XPA/8gqTEFxMJhUDt8rIxMt1/m96Hq0rU1PpiWStcaAcFx2sRTlAm0qupz7qdDnoB+PDKGqvrJf2wVHVbQPyipETnU7Fgdw2hWTbJ+Nz9985yTja3O/f7Ajjd3DwF4Kbm/5mRAUCMzq3A8aGe+yvbBC6gTmUyqc6J0qs7lgVuE4CfWFpnTrXS2VHOcZuUYSQltJK+mVYgptcWJO30VDs6dZrAMAFlYmktGsTGdx9f7PX//2zi2Zh/vvn/7/8JQ9/lQwv6lkq32g8HHvWVDWQ96hsd+for+Kvr+re8HaEXAdv5kHimH3S99H6rPrOR/MabZnnl7LvLiY35++8ljX4OX9GGzYO/suzcRmrY7677jV//q+s6Q1rgAwCfDwB84GtPDPH1/dedLHLzqN1zu3nQ/n/G/wXf0f47KQHmMf9oHiGE0M+OD7/e+IyXfQoTyrwJfcbr0JBhWJbl8EZ8L1X/FYYP85j/jDxCCCGE0NeQUsuvo89vkA19nv7LhucQz8b8888jhBBCCKGhg3MOEUIIIYQQQp+Alw0IIYQQQgihTyDPYdYL5p9/HiGEEEIIDTPyHNbYYv755xFCCCGE0DDrTFJ6DvFszD//PEIIIYQQGk6dy4bnEM/G/PPPI4QQQgih4YRrGzCP4wwIIYQQQugTcG0D5nGcASGEEEIIfUJntAFTTB9PEUIIIYTQMOuMNmCK6eMpQgghhBAaZjjagCmONiCEEEIIoU8gPoBWX1wZ85i/N48QQgghhIYZaXV7h9DtI2Ie83fzCCGEEEJomPVGGzDF9JEUIYQQQggNM/Lk/VFMX0SKEEIIIYSGGQMP9BSxHMtvlT8TV9f1p64CQv9x2M6HBH7Q6KXDNjxUGLivj4gpprfS52N0hH/qKiD0n3V1Xcd2Pgzwg0YvHbbhr/ZCL7fIk8ewsfxFlCOEEEIIoWFGbmLJD8WYsRzLn9VoA0IIIYQQ+vHIM7m/J+affx4hhBBCCA0t8kx+TQzzzz+PEEIIIYSGVme0AVNMP5kihBBCCKGhRW66hD4AaPVizFiO5QPlCCGEEEJoiJGbLmELAHx90WUsx/L+coQQQgghNMRIJ6J8N8aM5Vg+OOaAEEIIIYSGFulElO/GmLEcywfHHBBCCCGE0NC6vbYBHog3Y/mwlyOEEEIIoSF2e20DPBBvxvJhL0cIIYQQQkOsO9qAKaaPpwghhBBCaIiRm4gyppg+liKEEEIIoSGGow2Y4mgDQgghhBD6BAI+gFZfXBnzmL83jxBCCCH0bTz7o1GjT10L9JVIp194E1fGPObvzSOEEEIIfRu7kM+VnKeuBfpKfaMNmGL6SIoQQmjIuOXs2wPzmyPD1DjY2jpvfp86IYSeDvP0/VFMX0T6ItFqpaQVKqZddz0gHC8pY7F4NCSRp67YHa5d1IrFj1bNaVLiFwKSGo4kozL31PVCz5yd39qywmurIeHuc/WLrb/PxMWVtAzu+f7bXCu1Ph/hv8NOv+/W0GegjlHW9LJhOS71MYGRYCyRnhKZm6frH/NZvWw6LvhFeTyeToS7Rzla+6hpxYpZrbotwgnKeDSdHhdJZ6tlrVA0rmu1hgtECEjBeDIVEvqOj03jzPIHEwQAaLWUO9EvrqsecAE5lJxOhXjSV8GKph9fWDWHEk6QJ8IzqYnegZZelQwYifoBGtZZ4bhoWjXXA78gKVOpREJhP11V9DNomPrJ0ZlpO00KO/+qyMFYLDUlMQBVfftd/s68JWZs6bdMkMDjLRygaRWODwum7VDgBHUynkkpd0+dtG6eaqXyVbVe9ygwgqz2b8TMvn9/5g7ufXzlt7SKze8O5nZE+aFIM5YPefnL0zSyOx/OPXkyko6PCAx4TtW4KGX/Np315UTgqWvXh9bKHzaPLf9YJDmjBlhCvap1WdT331qv/jk/hkct9Aiv4bmmniuPL4X8g880K3ndcFucBwDAyOPhSRhlv89Ov+/W0CfRSv7d3rU8FUnHRZHxrkuFXHbP87/ufOiemf370AiE06vjEjQM/SS7mYX1uTAP4Ja33mkNNRx9FR8RiGedH+Vy28BuZGQCYGmHmiVOxpLTAY6BxlVJz+/tg/A6LXd37BllWwjN8QD10s5etianZhfGBHCM0+zBjktWF4LtVucUt3dyden/tG+mT4kjUQB/NLlIzGQixghE1IiIgzPquu7//3nP2hEHhkMhchgjZGLMQQjtfgAHcB1nt2prd9zK70NX5VWn86ryqvtdncmqyQQR+rdGu12qkSe7wjQ8sQZW/NU6B1a9XBqQsqJkeIbAfr+tNc/OiePd1NdUjXj5YPv8Y+kqJm2q2yITx+HQ7nfa1RJ+c5im2XThWArn5oZX1UoHCVOv/hkLB3C71ffNsaSqOwIZ3t1cNOqnOH+kPjIbv1e97FOvU5vyEkNC4BrtdvVsTH0/CQxwOB6DsH6cnztwYyQTWd5TRNWGaPxr40sjNC4qV1gqFvPig3fDc6IkKZ4P31LMAOBqFc2i1w/fzrInvCDI6bQzIqNdK+KrII7xtbaV3BDmzAXbnZZLc8S0gRglVlT1n/viP7paxFdB4vrRDyTzUFzgeCZ0TrXBHUgCAPhXbQOW3xSVSWaU3SNHv3zQLh05xwGVLBwvU/RDSMltUa7z68B0gOcB+M3i8dxXOO7eum64HoYHjys0Bzb9OkcD2LpmkqmjXIabzMwR3vuSdu0mUyxAcK01PT5/mJMmOV6eE6XU3MLYurlF4g4HAJu7JypNTZdneQ7f/djqW+PUavx5VSNePNjuXA859V1+bXIi0yzHiWsKBgQAgOIMHZ+bqxs2KR8kJ0XU5ywcW5rmcpv7+TUaACCR3Yfgp1rXUHblhYoDk3m7n/n8xLE84fRPXXcE4kPJFCGSoenozP0qxBM+4reQ247k35r8hTHUuxYWNjbFxxlRKjHr5sDeoHneMyw/hDgjrKg55WEHGZnN1sW15QWAmKWkoqhrHAEAMNLPznRxS3a6muHCWuFE5UJbr9d7fW8MBJNUspLbOr/fONmZnHRju6s1up+cACOKTSob830FUx0sXXfI1IH8uHMK0dzDdua2y6e2VBBvG5rp0crxgcxMGgYGd36IiISQVmeF/sDs1ZuG5Y0wovmVdG5S5cdW5ec2s52Bq7ZuDUNEcitKIbf8RGdLxEsDsfIW6ja6/nfK5/857DVvl7JpXGtNBbb2S3msfr8lIoDA7rX13uDO80OgGGF1o7DJEwAAVvXHS2IrDVdt3Q4wwUlbqsra5/Vu3xlhipW31FySfrxaxL8AepT4JBCKwVQyMk2fEJW5oJGVkkynb7rAsYCoxUayGBWbvToPHlpd3SIEdZZvHZs3Di1lGQDXsoPEK5mbKSSsCoRxawUplhqbhk0sF6QvtVRixzCRuMcBABD0wixEIAAcm+Sl/rKqES+Se4yBij8qiqKn/u9QbxqhuJWdhq/PWrj9ycKskpyZDpFcFmoXfRvLyS/aDg4cXTNDPpOM2iz/PgTc30Ms9pS/GMkj+dz4ssCe7d0nlGfvBgSDymkrWFUP9gQGhmbzvFLS9o+yPMJWvfxhwGR3ijIfH1m9Wq1SCouHCgOAgyC0mudhMq0WN3ieBU8vnbbH0sa7N2ICXKOpVfs+FkcYAAF2mpXSTULd25c5MnRuquVqJV7clxYiGd92A2JJ5L6sJ8A4GAVmqxKsZLcLAp9gwO+dfdRQunC4I1DgGq1yuY4O9jIJCM2L3z+64nb+RGJQ4PRqtbNG/HhHQHgUBt5lQ89s5472SGx1KuWL6hL/bi1qNPkfgIQNmXqv6av5SYIt7He6IL8V483PU8IwCMNJE0DomOaYW99VhASJ7c6HcuNceJcXEeBxEPjGxU12d/eEA1urf6iVTZpVcrvq9PFSFHJJYmG1iP+AwDRsJKSXJg/eEEhxIaxIsBRcBUMA9vGbdytFVQAAAK5JREFUft/wKSE7V3B1L38rN517AACCWy/uzLx/bBkWJW0yADB0AmDYBReLYUmwvSEA5dseJCTCuW41Lk1nBETi1Vp2ff1zysYeWEjIP1UyCM2BDUtZ4Un37s+qRrxkEC+L8UqrfokUWWSpL4eDodnRbCZ1sPxgic9ZODMchoheME1EMxR88kYAf4oJAuP9ry0rBABACenNwcKVMBze9WrGlen6OMZw4uL1iYgZfwCPxXlf8FVx4wAAAABJRU5ErkJggg==' />
<img width=700px src='data:image/png;base64,iVBORw0KGgoAAAANSUhEUgAABBIAAANDCAIAAACfT6tNAAAAAXNSR0IArs4c6QAAIABJREFUeJzs3dlzG1eeL/hfbkhsBAnuqyhRoiha1GbtluW9SlV2uap73OvURPTcroh7I2Ye5n1i7jzMH3Df7kTMRPREVMx03O7q27fd7a7qdrtsS5YtmzJlaqFWSqS47wSJNZGJzDMP2BJAYiEJEiD5/VRF+uAgE0hA4Dnnd5ZMbuCt/0gAxfzlz72VPgUAAAAAqBi+0icAAAAAAADVDmEDAAAAAAAUgbABAAAAAACKQNgAAAAAAABFIGwAAAAAAIAiEDYAAAAAAEARCBsAAAAAAKAIhA0AAAAAAFAEwgYAAAAAACgCYQMAAAAAABSBsAEAAAAAAIpA2AAAAAAAAEUgbAAAAAAAgCIQNgAAAAAAQBEIGwAAAAAAoAiEDQAAAABQFdb9SqVPAfJC2AAAAAAAAEWIlT4BCzanUO/mHTJnE0jXWCSsr64bEaPSpwUAAAAAsF9VT9jA1bfaejtsnY1irZzzpMHW12PTU9EnM9q6VpHTAwAAAADYPMZYLBbTdV3XdcMwiIjneUEQBEEQRZHjuEqfYBHVEDZwTQcd547Ibc78u/BcrVeq9UrH+42JifDQE20dgw8AAAAAsBvEYrFIJMIYy8qPhxDxNMdxDodDFKuhcW6twmfGu22XzjiPeUuOriS++4i7s1374W7owXL2Vw8AAAAAUD0MwwiHw/GxhcIYY+FwmOd5p9PJ89W4/LiS5+Rodnxw1bWBmCFJcErnL3nePShU4zcKAAAAAEAUjUaDwWApMUOKYRjBYDAajW7neW1SxRretkbnjy/Ym6TNHs/z3SdrrvUgcgAAAACAqhOJRDbd+o9Go6FQqNxntFUVmqTklt8+LzdstcnPtQ2434j6r89gthIAAADsMsbyknL7G2N1mUUi+fbhJBvvrZfPnBMOHNrZs8ugT45H794xVleYpqbPzSbz3nr53CWhvbOC51adwuFwLBbbyivouh4KhVwuV/lOaquE5oNv7vib8scv1vSX50vgvA1CYE5dxeWVttmZPkelTwEAAGDvYOtroY//lq2vUeHGpaGzUFB78UxsbOLrvDt3fib69ET4Xz9hoSAZeuYTOgsFtdEnYms776kty3tFozG7XL1rgksUjUY1zbptOjMzd//+4/V1/9TkbDii1NS4BEHI9zqMMcMwJGnTk3PKrAL/MO6DzjNl/NnL0vl+afKOKfgFAAAAqG7qg7uk6yXsmBC9e8fZ3bOdZ5T/rR/cLbyD+mDY0dG1U6dT7QzDsJybpKra559/PTU1I/CCbuiiIMR0XbbZLr927ujRvP+ymqbZbLYCocVO2vGwgZfOHJFsGzkisq6OTmhzYSbIQmeH3NvMZ31zjjZHn1t7ECzzmQIAAACUnRrwr0Z4t281mdFo+/GPbM1Oomjs9m+VZz7Lo4y1Vcv8HcDWk6dk67X/4jVRFkmQOWE++l/+mxqp8LlVoXA4bJkfjxmISDd0IorpOhFFVfX69Vuaph0/3lfgBWtqarbzlEu102GDo0PuLnB/hhwrE8HP72nJiECbnIqOnfK83525KoIX+g+LD+/FcC8HAAAAqGZM1yKKwQxDV9VkayYQu/Ov2oqPDn/genWAf3bTsj3D1IrNqzBSSy/UUeXvRomIv/DnzuYXsWQ2i2LOR0LqPm5ZZmbm4jGDpW+++f7gwS6Xy7qJzBjTNK0apirtcNjAHThgPdSgBmNLYa62UXCbIgJ9PXL9nhbk+Y6D9t5GXiY2O6PMBwyV+KwXcTfZmvnY/CbjBu7IBc+VZm76nv/zqfRL8E6pv08+0iDW2TmBWCSsz80rwxl3muMOnPG83cHNj/g/fWl6b0m6etXdI8WGvgs8XCciqj3ofn9ADL4M/X5Ei5h3e9PdQ+qXN0KTWJsBAACwtzE9vB7yKwZLPErNUIoaK1Ei4m0CRfzxLK7/5w7hy/BIYPtOR1dCq2taKYt2XcQyLpbv6JWP2mKfj+y27lpt7u7I+sEzx+qsnw69uPtI7DvfvaXFnJE8q9sfPRrNzax3OWOG4Y8oRPTy5VSBAYdoNLr/wgZJOmi1qiEyH/rkthok4r2OD6/YU1dYiqxpAeKPXPC80Zz4uXa05pnf5JQ6a2h+fVNnxYttXl7gqblR4KcSEaKt2XntrGy6PizncIs9R9zdreqXt0KTSvxAobOBF3hqahb4l6bQ0ik2u0kgsdNDibChWXTwnKPH9VY48OmYbqR2c5JAYpubJq0HJAEAAGBvMMJrwfVonms/2nrtv3hDrBGMO4OGrVt+96zgbuTpJ86uefX6zVjeyyxt6XyUUEkxQw5BOH1RWLkTntvAwozqYGixmJb/rGM6i+lbCoXiK5gtn1peWhEF4Xhna0w3RJ73OO0eh727qV7g+V/fGPRHFLXgiI1hGIwxjtvwvc7Ka0fDBr5WrLW46CpbnFHj05AMX3QmYG9IrsV3t7recHDdzaV8R3yTl6P1rV2JNXVudttrZ+QmicgwJp5GHi7qKs+3HXSc6RJsbtsbp2MffxctbSUFR2Q+Ja5twH0l7L85jyvGAgAA7CMsGvHnixnIydfMK3/3V9TwmusXF6XH/xT9lwmu/79zCJ9t52gDJ4k8aRtvJdf0y0dJ+5fHu22oYSfoBde4H2tv+dHJY7n5H54d+Ouvh2yyXPTFRbHC15ja2bd38FYDP1ydV+BndIOInFKTeVqXLPQ0l/raNbU8T1sLEpPc7fZumYjY3Ejg88TsI33VFwvztW93cLZm+7Ha6NAmRjYMpvN875mate/8DzC8AAAAsG9EI7G8XYaOJunyValOJooZz27q8U5nPUq0rd35nK22pkEMrwUK9L+nd06l+J5+fm4wsrjrhhoyKctPHk37YsTrZGs+ePxwXXw2i6EsPrwbCKpaTHd0vHLsYC1Pay++HePbHJGlkKqqrKb72ECHI9+NxwrcqKGx3tvf3mT5VJu39k8vvxqqLbLoed+FDU4p+yJIcbU9NR861ZkgNbTLbaVM3DJIJ8q6QbRN5Mv1B9bUKAhEZMRGZ8xhCJuY0SIdNkfOyIat1f0//ryE1/UpX4Xlt7uE82fdwVvB8bKcKwAAAFQ7ZhjZUQNzOGl9lYgoMhH954msC3ayZ7/NuhwPX+Zr6RghX0hzOBsbRN9aRM3bgOJEh5N32FkgMc3CuPd3uRMuuOq4zk/JQs/vj6tdJy+3yWREZu6O3Js6eb5LJjIiIeOV8ye9IqkzI7deLLa/2mrT9eh6IHb05Hk3T+GZwe+nVtqONuWJG/LNUCKiM2eOdxt5g4q2+lpfY0Phk47FYnKxEYntttUbNZcJ19AqnzwidxS8yFJkPTY2EfnqO/9/+Z3v/70eWcn8pxGEcs334mzx0EVjkcy/IiPK4l0ANufm3ovN3AveXydySm+cd7RKFZ6gBgAAADuC5bYnDU/9hl6Cb2gs5xkRkaFH1gIrIc7T4PbIVg1CTnB6a+odul5T5FSFBut+9Cql+H1qbUeLTETEO9q6akJLPjX+oKHFKxIR2dwOKZZcbeBq6oxfscfpcpKq5l8RUmCSUmNLE8t/7wVOlmW5yO0JCs+A2hk7OtqgaoZOG7tfhR7W532x2UVtZklbVUxPhPVVjRpMQZeqlWvBAFM1RsSRxDkEItPfOS9z8X9SNZzxXup86OP7pjE+t+P912TrmyUa+tCdcMNVZ0et/e2TRlXcugMAAAC2FdNzZwKph1+Rpl9w4VApL8BJknz+ynacWkwJL2tSbZ27UY6s+dOLpHlJrquTKRxeDsVY32nn4hwXs77sI2eT5XOXtuPcdoi5pZeejsWnprDwPG+9dw6O4xjL2xxVamoca2uWT0U9no2cccXsaNgQixgRInfR/TRjyRdbXNQmFrX5YKnBQDiaf2Rog5aWdb1VFHixt4N/nr6yKtd9QHIQERlLvqyzYmGFpd9dLnjOwehXw+KHF2xud5UM9QAAAMA2Ypqm5jYNRCn0xofSxDNOj5Egupxi/mYBJ/W9wrmKN6A2SdfWV3S7x9XQIPn9kUiMs7kddXYKrQVC8T5Zd234nV84FqccQs7H4Hjp2HHOsZF7clWKsr6iSF4Hkd3jtU3PLEQb2mQyItMzAVfTIRvR1i9YxfN8gXlKmsMhKYqoKFn5TBBituJ3Qq6GG0XvaNhgrMfWDdm6tWyw9fXY4oo2sajNLxvF7xoi8O6MVRBsfXVzYzecu1lqlomI9GjiXzo4pUz0untkrm2g5l0p8nAxpvJC20HHmVaOiNRF5cnmrvSaFJkPfTUmXOupgn9/AAAA2FZMDwdU67akJGlHjhMREcfX1XjtFexPNBR/QJPtHo+nVmRaRPEtZ0zjYLKTnbxgq/DU+k2LzNx9NLpONZ1HOp1E5Dpy8tCTR4+/nSLSmb3h8IkumYhEmRNTs/cFXpRsIhEJgiSmltNykk3k8/8r8QWeIyKisNfrWlkRVJUYo+TVVFlpl1Xdd2EDabHZderIunWDoT8ZDt2f04MbGSzgG8S6jCGj2PTKhk/H0eX+6Ezy9nOGMTGTvBCTpt26o9SctzdJfHe/q7s/fYgeVL+6m3P11bwBS95hh/mR4FCt52IDljcAAADsZWog5C9+U1emrIVDTW5XRVuGelTxRbP7wvcER8fpsx3mDHvjsVez14q4uk+fTz1wd188R0REdYcvn07l1h67bD0JPa6Ulr3mcAiqSqZQgY/FDEXl7UUGHKohbNjhuNaYnM9pYodjT2Y2FjOY5gslqMvqzMZvtKxrTDWIDBZc1+4PBb43XRRVXY789kZwcCq2EmY6ERksEoyNPQ5+fD15rzciMvQ5n6EbbG4x88KvgdhckHQtNpu41SOtL+uqwZZ8MdMoivHwTujJOtOjscVtuY0LAAAA7B7V35FY/WdYaaVcINWw2ufTLx++eLG49RffbtzAW/9xR9/QKf/0HWdbRrTCRm+vb+gOaFk3kyZiY7fXrs+X9Twh01/+3Or+3gAAALA76Upoda3UG0Xzkt1bb7dtf+Sw7ldqPfZtf5ttEwwGCyxvUBTt2ZOZ11syJnvN+6OfPV0hIqfT1tFR39lR7/FY3OfMUwXLpnc8cAlH78/Y27rMcQPX+4pjbCVc6nCBJJ4/aY4ZSPcpw4gZAAAAoNoxxef3JW4XzTsbPLWl3K5qewh2V1Nrxd59r5JlORKxnkYyObXyYGSyodZJlBE2rIQTLeBwWB0dnR8dnXe75c7Ohs6OepcrsafDYXXD5B1XgfGOmaeRiVZXt/nvxC2/cUH/9NvoatGpSrxw/Kz7uHlemWE8GVG2tkQZAAAAYAdwdo/D7osoMZKcjprKxQywTSRJUhQl6zKsqhr7YfjlwsI6ETmk7AUCi/6se/1RMBh98mT2yZMZySYe6Wk5erRNkqrityI0H3xzp99T0+cj4pF2wfwFSE6pp4UPrGhr+S+i5GiUX7/oPuHNGCFbeRH4cir/NXKhTM70VUWYCwAAsLvxgsNpr3HbnXLZ7lO7l0SjMbtc+Un8WyGKoqalp9DMza3d+u6Z358YgtBiMbso2ERe4LiVkHZ32v/SF+GsF45whs6WlwP9xw7IclWEDZX5h4nMhL6srbl2JGNNuK1Wfvst28Bc9PFEdNJ0DVabW+xotnV3SN1ePmsNeWQxfP2RXq7bNQAAAAAAbIUgCJIkaZoWixk/DI/PzWXc4i2k6F+P+cw5eWKGhJaW2pqaarktRqXiOTb/KPApX/Nej5BxuSmea+qwN3XYyWBBhekG2WTekSe+iiyGP70dxfQkAAAAAKgeDofDMIwbXz1eWwtt5RJUosj/6L0zZT21LangjUXY/Ij/k2F13XIlNM+5nXytO1/MwFYmgp98V8JaCAAAAACAneVyuYjjNhczxOfecxz9yR9f5Uq7GdzOqGDYQES0PhX6hxvB+4tG6Xd4VoPa99/5//Geln3PNQAAAACA6vCz9y/U1jpZ/pv/Wt4YmBFxRHV1zl/+928JQoUb6lkqsSQ6E9OM2enos0WDyYLHyUv5YiqDra9qD0ZCXz2IzoWwBHqnYUk0AAAAbLc9sCQ6heOor6/T63XPza3ounXbNbfZy3H06quHX79yvKrGGeKq5R8m4lOHbqtDPNfULDXXi/UO3ilxRCymsUgktrgam1/Rgxu/DzQAAAAAQKUc6Grq6mx6MDJ+995LIpa1AJqZIgeOo5MnDp44caj64oWEagkbEgy2NK8uzee/CCsAAAAAwO7BcXTyxKGTJw4tLq37Vv1Ly+s+X8gfiBCRwPM2m9jR0dB3tKOuzl3pMy2iysIGAAAAAIC9qLmptrmptq+vq9InsknVtdICAAAAAACqEMIGAAAAAAAoAmEDAAAAAFSFWo+90qcAeSFsAAAAAACAIhA2AAAAAABAEQgbAAAAAACgCIQNAAAAAABQBMIGAAAAAAAoAmEDAAAAAAAUgbABAAAAAACKQNgAAAAAAABFIGwAAAAAAIAiEDYAAAAAAEARCBsAAAAAAKAIhA0AAAAAAFAEwgYAAAAAACgCYQMAAAAAABSBsAEAAAAAAIoQN3qAx41IYy/wB40N7a9EVWLEiDiK/5cYI6L4A5axa+KJzFyWuU8q25TmNnRCAAAAAHtaSc0kjrPYh8vYnSMu/lw8myMu3qIjjuyyrfTz2XDYsNHmJuwdHHGJyIFjxDiOWOIBR8lYgiNiyV8qZwoVGGf9a+fyhBMAAAAA+1xm2z9PU8pqHy4ZciTDBbKMGTZqw2ED7E+JkCEZOZgDhMTv0hQ8JI8xBb35Rhvy/A0AAAAAQEopow0pzCpgiO9tjhm4DYYOCBugVObIgYgYcfEJS5nBQ+KXaI4fuAKjDTt07gAAAAB7EJc9lynetmJZAUN6kGGzMQPCBigZR+nBhkQ6MeyQGTykZihlBQWFJiMheAAAAACwVGw+t7lrNt0QywoYrGOGDbbAEDZAaVg6ciAiFg8LEsMO2cGD+Wcbx1FyJQQAAAAAlCx/44nlzFDizBmFAobccYoSIGyA0sRXQKcHvpLDDsngIb5T+sfNZf8SGWIGAAAAgLLhcueAJ7p30w/N/8kcZGB5l1nng7ABSpSelpQx7GAKB1KRQnLNNJl+mVj8DAAAAFBmWXFCfGwhK1qwHmTgSpgAlQlhA5TENDcpe9iBEkmL+CH5VJHZcwgoAAAAACwVbtpnxAlxltFC9iADw5Jo2F6muUlc4g5uBeOH5FEbnjwHAAAAAMV7V62eto4W4gEDxzYXMyBsgJIlrpTEMucmJTLTvz1mcT2v3EACAAAAAMrCOgYwtc2IS01lMgUMG58+jrABNiIzeLCIH6wuu7q5iBYAAAAASpXVAEuteE4PL2w+YIhD2AAlSQ1wkSl4MIcEpiEFUwhhPrgoTGQCAAAASNlQCyqx0Nl8mcvMaCHrftEbPx2EDbABFsFDTvyQZ1aS+VYkiA8AAAAAisnXYuIyRxYyGl05oULO8MKmJ4EgbIAScYxY/HeWETzkxA8FZiWx4hdVAgAAAIDCzD22+dtVOZORsuYxbXQaOcIGKBFLDnrFf6kZK20ScqfKZQ4sYJEDAAAAwLbIv2IhZ9kpccRxiQUQG4CwATaEme7NkB0/JPYwP8A93gAAAAB2Vm7zKzNa2OSKUoQNxHEkiZwocgJPAk88zxGRYTDdIN2gWIxpMYbZ+OZl0EQW8UPqN5ovUMBXCAAAAFBGhXtnWXo3q2gBF2AtHceTw8bZJE4QLL41QeAEgYiIZI6IdJ2pGouojBk7f6bVJGcZgyl+SN3YjWU8tkoDAAAAQBmZ+2e55K15LZ7cwkyQ/Rg2cDw5ZN5h28BMe0HgHALnkCmiskjU2O/BQ9ZvjmX8KHO+1Mzl/Rh1AAAAANianFYsy3yc2dwq06Tx/RU2bCJgyDyeHDLnsAkRlUUUY1/NXOK4/NdNzfotZu+XtSoaAAAAALaoYDO0tDhho9HE/gobnDJvl7fccOXIIXMc8aHI/hp0sJigVHi/fPZVvAUAAABQXlsbPdj00SJL3BWC4hNI9mqa5ziPixdFLn6VWko+sem03caJAu8PGYxVy2fc1rSZ9QSl0uHySgAAAAA7qCyNL97cLtzDaY+bF8X4jQdMn35raVHkPC6+ej7jtqbz4bjs/wMAAABABW1T80yMd6DH+5Uzt3sn3+ngRCE5zlDWrShwLgcXjBhV9Xm3I39Dv1QAAAAA2GP45LX2uZztHsmXbZxD5inrtgLl29pl3m7jt+/8qyYf0QAAAADA3rHR1h0fvyBm5pZycnZrPscxt4PPuMHFNmxdDs50F41q/B62nh//baX+v6EfGQAAAABUg60053jzLJTUHJVketfnO+08cZSeWUTbkuY4ziFz1fB5ty+/wG8OUQQAAABAdSpjm41PzV9PXjmHTOndnS/wXHz6UHo1wralHTLPcVX6PZQlf0O/yAL/38qPFQAAAAAq1fQSkz3K5hWxWdvdmu+Q+fSYwPZvnXY+GGFV+D2UJb9c4j9fdXroX7+dDOnZzwqSbHe7vHWNrQe6u9tqbOV732KU6Vuf35qzD7zz7ive7di/SkUmv/3XwWXXwNUf99dV+lwAAACgqvGpHuVkS5Fytrs1XxJ3LmYgjiSRq87voSz55eWfX8iNGYhI16Ih3+r0+LOhG599/LtvHy0q5X7nfEKLK1FdW59bU7dn/yrlX1xVdG1tcZd/DAAAANh+Ipn6lfdSWuA5IX5Tiqw5ReZtWfMFgeN50o3Kf/btSW+D5tN/8E6Pw5ShayG/b3VhcvzZ+HLIP3fvi9XFc29cPVIjbNMJAAAAAEBpeDL1K++ltE3i0i17yjNKYJkv8I2ttt520cmVtr8pX7Zx1fDZtye9EwTJ5W3uOnbujZ9/+NorDRJRdG7om+/n0BUOAAAAUGF8vEd5721FMX1J1A2sb+b5xiap0c4JNqHRzW3sWCKBp2r47Nuz3Vn21lPvvNbn5YnC40MPF6xmNAEAAADAjkmMNuy9Lc/ljA8UTQt8Y7PUaCci0pXYQpBt4FiOiIjnquKzb892xwkNp850u4goNPF4BgMOAAAAAJUkJu/qxZnu8LUX0rx5NCB3fCA3PzHOQPGYYXJRj7KC+1vl84nLvVbR91DG9M4Tmg91e8Yf+Y3FyQX1QJf5wkqqb2psfHpmad3nVzTdECRnTWPjof6BY832nJdRfZPPHj2fXfSFFc0QJNnlqW/uPtR/uNVtuWZCD82+ePxsfGHZH9WIt7vqmg8dPXG03ZN3gYWy8GzksXn/jsMnXunySJb7row+ejY+v+oPRTXi7fYab9uBo/097S6LVy/1M/qe/ssXj7XOSz+52KqvjI2MjM8tB0JGzSvvvXsqdZUnZWl05NnzudVASNMFyVXX2N030H+gJt9HAgAAAMgipu7wRcl+ZZa53aX5PL+h6yBx3marmGEDr0DEiOe5vfp9Vuj3WdfaLD/yR3Xfsp+6GhOZobGvrw9NRxMTlwTJ7pJ0Jbw2Nzk8Nzdz7q13j5hbw4Gxr78anI4SkeRy13kEQwmHVuaer8yNP227+M7lblfmG2rL976482hFI0GySzJpUcW/Onnvu7m5Ez9+p9eTe4La6qMvvr+3mLm/f3VmcvrcO5d7Ml88Mjd8/evxNZ2ISLI7XaQpofW55w/mxl8cuHj1ygHz3hv4jOrackAz9JWFuecvfhhaSFx8ShJSYYu6eO/6zRcrWvyVZJdgKCtzj24tTM+dHdjUvwoAAADsQ6nRhkSHuamPeXfnM5Zs6lqODGRvc3rTSzoqe8tY1X0PZcyvCE+diyhKSjikU2OiR15Z82m8p+1I/6EjbU0eu0DxIYJ73339bH1x+P5E95XuZJM58nx4aDpK9pYzV88fa0gMV+ihpbHHD0fG11cUygobVu7dXpTqX3n9TH9n/K4RysLj27fuLSuLD38Y73rrUPZQhu/B94vkPHLx9MChBgcRkeqffvzd4IuV0NzQ1yPe9wa8yVEEfWUkHjO42o6fO3ckPrygK0tjP9wZngxP3rpps//ofHNqzGEDn5GIdCIKTX4/rJGn89TAobaGWo/Llvy2Xt66+WJFI8HTeebiyZ4GuxB/qWd3B+/d+V4yyvmvBQAAAHsXTxSfnk/mCw8le5d3cX46EDB3lOdP+xa1ZYWISLCLB5oFmd/AsSnJN62i76Gs+RVgs0kCEem6qqXyGl798A/+6P3Lrx5qTbSniUhwtb968pCLSF+anEstoNYXZ1Z1orq+k6mYgYgEV1Pvubf+8I9/8mpD9tvpVHPqzSunOlN3mrO39F8YaOaJjMWZpdyF2ZomHbp69XwiZiAim6fz1LtvHfYIpPue35tM3XciNPbD8zWdhObT77zZl5qSJNibel9762KnRBR+Pvzcn37h0j9j6tQ1ajjx42sXXjnQ5E3FDKQvjzyZ04jsbRffudDbkHwtwdXef+XdV+sMLftlAAAAACzFW8dZfcx7IW2kelHNHeUF0oaxnBs5lHhsUvJNq+h7KGu6ytU2eIjICIbCyZxE27r0HnWprb/Pm7XMwN7S5iQiPRQO5ewvNB891Zx9M2uhoX+gTSIyFsfnE0u5/dPPVwwi56FT3e7s17B3Hz/kISLf+HNf0RPM/Ywpzp5TvTkLMFbHp8NEVNc30J2z6MNz+PiB3JUgAAAAAFbMnep7amvkzjsqKjNyaMlp3xV/AdNow17cVoCqaDoRCYLNcoUxEZGuakokFAqGoqpORGSoqZ54W0NbnUDkf3T7+/GVSAlXcfU01+auTZYkW/xUcl+gpq3JkZNJZGturSUi3b8cDwT0teUAEUn1HXVWC6u9Lc12Igr7VvLdFbvAZ0wS6pvrco4LrfkUInK2NFutfhbqOxv5PO8IAAAAkEEk2uxE/urexnROztvQzM8wlhc1aha9nLEc3PDRMb0qPvu2bSvA7w8REdmdGZca0gPTL56PTy/5fOGQVmgswX307LnFb4am158P3ng+yNs9dY0N3qbmlvbOVssrHQmS5Y8mb9va4ZLftx8iAAAgAElEQVTz5NslIk2LKjqRQBFF0YnIITusL8fkdDmIFFJCClGy/7/kz5gg8VLui6thheJfn+Uxgt1pJ8oduAAAAADIJjJGXKIrmWOM7Zl0VGWuzU3AMIzleXV5U4eqGtur3+emvo+tW5tfjBKR4G1MXUqUlNlvPvtuMkQkOZvburu9bqddsgkC8bT48PuceT41Pa//qG1ldmJibn5lzbe2Ou1fnR5/MTzk7Dx1/uLRhuwJRhtV6n3ohMI7Z8clG/uMZTxPAAAAAGsil24Qsr2UNhjpBhP4nWvv6gbTjar47NuRzvOht5e+OD7hJyKp7UBLqifd9+j+ZIjIdeDNn5xrzxgb0OkFPbd4GcHR0HWsoesYEZEe9C3MvXh27/nq9A/f8c4fXencUuAQUaJEFq8QCSkaEUlyfA2ywy4JRLoaDemUvXSCiCgciBAR2ZOR7sY/Yx42p50oREpAIbIYcNCVcL5pUQAAAAAZ+PgSgD25VbUdbexGNVYNn3qbthWgr9wbnggRkauzvyPVNFd9gTAR2Zu727PnEwXWctcsZxPc3vbec1cvHZCIonMzq1s8x8D0fMQiW12cXyciwZMYJBHqGmuISFuaW7Hq9vctLCpE5PQ2xMOGLX5GE1ed105E4cXFgMWz+tL0Mi7ACgAAACXh4z3KHEeMKJU2b3dvfkRlO3YJIEZMibLq/B7Kkr/TlKV7X9x66jOInIfOHW9M99ALNoEnIk0JqZlHqHPPx/y5L2RJsNvKsxRYX3lxb07NyXw8Mq0R8c2HWhPhjqfzSDNPFB0fyT1HZez+uD++T2ImVlk+Y1z9oU4nEfmfjkzkjCv4XzyZxGADAAAAlCY92sCl7laW2dO8e/MNg0WihVf0li0/EmW6warzeyhL/s7QtZBvcerJ0De//eTmoxWNSG47d+V8m3kWkNB8oEUi0ueeDI4Hkl33emRu5OataT1r/o/y8vrf/bd/+GxodC5gbn9HFkd+mIgSSS1t9Vs8YbtdH//65nfja8nX1/3TI9dvvvATCd4jp9K3h3P1nDlSJ5C++OD6jacLocSJ66GlJ7euD81pRM4j544m70K9kc9YhNA4cLxTIlLmBr+4PZq6UpMemH38zfV7AcmOKykBAABASUSOo9QqXo7jTOm9kB9RDLuN4/N2mJcn32AUUYxq+Lzbl78tFu9+/Dd38z0peNoGzp15pTl7YbvtwJnz0+uDk+Hpwc/+YaTW4xL0UGAtpLk6Xz3FPxiaNN3ATKprbZYX5yaHbkwOCbLLY7fzpClhf0gj4l0HTp87sNUV0d6BC62T3w0PfjE+JLnskq6GFY2ISHB1Xnx9wGvaU/AOvHVZu/7t+Nrcwy8+eSzZ7TbSlMTlZd2HLl45b7r/wwY+Y/zFC6x5tnddvLoeuflsxT899Nn0sCTbbaSEojrxniMXXqX7N5/jSkoAAABQnNDU/QbHEWMs1UbcY2nGyCZx5nseE1FZ0xSIGLpRLZ93m9Knj1rdn2CzRMM/ObOeu/ZEkCSnu66xvf3YqXOXXj3c6hItj67rOtDu0dVwNBIMByIayfUHT5y7fLrdFVuenI81HD12IH7bM97eePBwd7ND1GOapiqhUDCkxQS5tqmt//T5S8ebTEGDqK9MzITdB/p7W3M+qMQFpid9QtvRVzprhIz9aw8dP97/SnezPaqEw4GQosZ4u6ehvef4lSuvtORcmlXytPUcbnTEtGhUiUSiUSbIzrrW7iPnXjt7rClr75I/I5FAkZnJFdbcc/xAneXlYwVX8+GeRnssGo6qqqJGDb6mvv3w2QuvHWt0GquTMxH3ob6jTbjxGwAAwL7Db+TqQdzxt/63ZOtwz25dDt4pb9dkjHDUCCtGxT/jdm//3c+8JXwZAAAAALBrCMIGwgY+fm3+zC3l5Ozu/FBE12Kpnm2Ws918flSLxwzV9Xm3Ix8AAAAA9jOeKD4XhWOMKD0vhfZYvj9kxJcsJ+cXmbe0uXzdYMGwUZ2fdxvyAQAAAGD/4uN39UrcD9jUx7zH8hkxnz+mqIbV6MFmthHVWAvoRqU/1w7mAwAAAMD+JcZ7l4k4xli8d9mUs9fyA2FDi3Fup5C5QjprWySfERcM64qaGLuohs+1I/kAAAAAsH/xRIwSfczxaeyJ/ua9mq+ohi+gK6rBEpFA7khC3nxGTFENnz8W1Vi1fa7tzwcAAACA/Uskik9dT/Qr74e0rhuBMBdWmEPmZFvyRtnZ4wwZaYNRVDUiUaYbRjq/Cj7LDqYBAAAAYP8SiSp9ac8KbXVGwYgRVDiJ52SZE3nieI7jEr3sjBL3fNBiLKqxWMyohnOu5BYAAAAA9rH0aMO+3Wo6aWHDNMKQZ1vp86z0FgAAAAD2LzHdMuaSbUSkkc5NVx9GCGYA9gWOqrEIKhcUZQD7x24vzUSi5DpgxpBGumB6h6ASBQCzEsuEaquPUZQBQJZdWpql8ERFVgMjjXQyvS0Ysaz/b997AcAeVtnCBEUZAJRL1ZYnqdGGItceRT7yy6h6/gAAYA8zFzXb0XuHogwAdsZ2l2YlSo025PYxIx/5WflbVW1BMwDsH2Usf1CUAUAFVbAIMq1tqIr+bORXc/4mbfqXjQs4AUBRG71kQ6pE2miPHYoyANhWO1aabZrl2oYq7OdGfjXkb9iGouHseXyoaAGgBJsuOkovoFCUAcAO2IHSbIuy1jZgi22B7caU8gveaoWKChlgz9v4BaDNBUPRoxmxwh11KMoAoDwqXZptnWhKc6bWIdJIZ6U3oGgtW2oViaoUAIqWAwXr0tTRBfaKF1m51S2KMgAop8qVZuViDhsY0kiXkC6icEVb6E+meM2a/jPAYkSAfSWzFsz8888qOvLUqPG9Cle3XMmFDIoyANicnS/NykjMyeHytBGRj/wiNlnLWj/BZb0gRxl/XTu09gcAqgXL9yBZOybzCg7qF65utzQfCUUZAJRk50qzsgcPuWFD3hIR+cgvoEB1a12ZWuRypmsCsAIVKnrnAPYhLk86XiSw9FOcRaWbWbUWqG6LPlVCLooyAChkZ0qz7Rh2yA0bADYsX8xQWi3LJWNiln/cDgD2uwJlApdR9SaKGIsat1h1y0y7W+ZnnhCKMgDYjB0ozUzvVc7IAWEDbNUGYoaMLIsqdrNTiQFgn8mqMs3PpCvdnBo3T3Ubz8gqY/Ll52ShKAOALdiG0ixLGSMHhA2wJaXGDDm1bJEqtljNinWEAPtKdp2XW0Qka0vT+H5GjVugus1X3pQSMKAoA4AN2e7SbFsjB4QNUH75Y4aMWjb7D8Wqfs2pU7mMBPrtAPY8jsssLjL+6rnszjiLQzhTeZFR3WbNQ8qtbPPOVUJRBgAbtyOlWb7IoSwQNsDmWfaTZVR/pgfMNIhfoJZluQN0GX8/mYcW/sNARQywKxSp4VjeR1y8REhnceZWeGaPXWZ1Sxm7sTyBRCoTRRkAlKLipVnykUU3SDkGHBA2wCZtJGaI98xR9l+MdRVrqlzjf0TmI1F9Auw9m/i7Nteh6cLDfAkjc0nCZVW35o46xphFN525dErvgKIMAAqqaGlmDhe2KXJA2ACbUXrMYN0zZ1HLJv8qOJauXLPDctS0ABCvRLOziMzFCZdxzXJTPxzL7KhLHkYZkYOJuZGPogwAyquMpVluuLAdkQPCBiiP/DEDpdI5z5pq2XgVm1m/WlSuqG0B9jkuu2TIrndTN1jLrW5NdW18x1RlyzIHA3LCg3Tti6IMAMqjvKVZyZHDVohZDTukkbZMm+VWgYVjhlJrWcsXL/TIwratAgKAnVD8bzynZy7zHswcpRv+OdVtsqPOfECqqMooxrLOKatDEEUZABSzk6UZl1GYFYkctjLgIJqPQxrpfOmNKhYzFKxlM3rpMs6HKza+jy48gD2MS9SfppzMMsJUpyZyzNVtVkddIpFR2eZIl2XZyx5QlAHAppW3NGPpgmV7Ox0Sow3YYlt4m1LKUEO+mCGzZy6nls2parN6AFnu2wHAvpLdO5eRlep2s6huGbPoqMuKHCg9aTjj3kqph9aDDCjKAGDjyliaWUYO2zPgkBhtwBbbwtt8rKYnmWvgdH66QjX1zGV1y5mOZ3kr1/S7AMD+ES8TMv7wOdOYPpeqZy2r23RHXaK+zOquSz5kOZeA48zRApe8JzSKMgDYrDKXZrlLHShVmpV7kYOYuCZ1OoBBGmmLdPKXXrx/jJnumUoWMUOiCg0qhiQQY5u+pgh66gD2oQJ/+FZPccRznCBwAs9Rqk+DI8ZYusal1DMZZVfuQ6LEgeaibD2m2pmIogwANqhMpVlm5GBZmuV5j80MOIjmdiHSSOdLWyo+PckqZlgNGN89UHwBo61RuHbZw6OvDQC2jWEwLWZE1Zgk8nx6NDSjxmXM4IhLjxwQpW6bFH8qY/ZRsihbiAV/tz66GAsdlOt+2XJawLgBAGwn69IsM3LY0FSlTeATXSfJeZtII22ZLiJztJ1lZCazOCJGMZ19NRzxBQwieuWQAzEDAGwrnudkm+Bw2HTdoHS0kJacR5RavZC+o3PGU4mdE0WZRvo/rD1ZjIWI6EJNJ2IGANhulqVZZnGWOUWcOKISm3Eln0OiRxlbbAtuc2co5f4OLQfFWHIGXvzo+y/UUCRxZJMXtw0BgJ0gCZwo8FrMiE80yliAZS7K4j0lLHPWsakE5OLzlIi+Dkyu60r8+Q65dic/CwDsZ+bSLNW+yp0lyeU023JbbpuYW5kebcAW2wLbElgMNSTr2fQPdG5ZTz2029A/BwA7RLKJRm7laooc0tdHIs40/mDaLX0QG1fXUg+dgrTtZw8AkGRVmnGmIdOcAYfy4VPrKOJjr0gjbZ0uIBkhZP02079gUyjsDxnpHx9f3h8zAEBeAs8xlooPkgMOORdBImKpMIJMO2R16q3GIulXxgwlANhBqdLMNKEje0ZlxoBD+eYp8RRvF7JE7wrSSFumi85QSuRnPZ018Y6RYVgfCACw7VhiilGqp4OxzJjBVFiZHybnNaVKOKYTyjIAqByWWV5ltLWyBhwyj9vaPKXEaAO22BbZ5v3hJob1rYYaOMoe/QcAqKzccoljZLp+amKOUmKHVFGWeSs3DC8AQFXIKppyBxyShV55mmGJ0QZssS2yLeFXmzPUwJIVNEIHAKgKzDTcQKk10ImMZB8dS20Sx5DpwtLMPEYBAFAhLKsHhMtsgKUHTctZXvFEeXuXkY98y9GG3BrTeqghc3oSy9kNAGCHcVw8ckhFAPGCiUtVu4nd4v9hlC7KktUzY6wsN1sFANgKjsxdtunSzGrAIcNW+j34xPwSlnh/c+8y8pFfZLQhOUPJ4sdo6sBLP4nxBgCoqGTJxJlLpOToQbq6Tc9Nyi7KuPKN9gMAbJ51+yqnGUZUznlKfPp1svqbkY/8zPx8MmYoZT5h3gPdcwBQWYmGv3nAIaOkYonxhKxrj6T/i6EGAKgiFgMOmZINurJ1dfCUWjGR6mOmjC3ykb+hJn96hlJOPrroAKDC0osb0oWUaeWCacesnZKPGMNwAwBUHrO6y5vlPKUy4ilZOqb7mDO3yEd+wZ+fVdebeVifES47AgBVhUuO2JtmJWUXU1mLs+KlGoYaAKCqpBZiWcxTytinPIVXerQBW2yLbIkyfo2m3yXLyaHMJIYaAKBaxKcoGenejYwJS6n/5zzLDIahBgCoHvG+j4wiiWU+ndXxyyzaaxuSHm3AFtsiWytWA2GJGUoWT6G2BYCKyi2EilafuTugJAOAyrMomlITPLLHFso1bYlPvy1HSCOdP12S7N8lFkMDQHXiKKebjjKvpGTKT1+qFQCgumQvjCYqY5yQhU8XhIyQRjp/umQ5XXOYoQQA1YXlRAw55ZxFoWV1FABABVkvjN62kio12oAttoW31tK9b3kWNpgzcd8GAKiwvMUQSz1v2sUqdthoTwoAwDbI26oyZ+ZeOW5rUqMN2GJbeGsp71OIEABgtyjQMYfRBQDYRQq2vsoQO/AZF9pEGul86Sx561LTHRsYlTHABQAos/iM4IzeuFSJZbrUKsMiLQCoaonyiZkf5ymzttYXwmfc1gtppPOlrX5sWfeHzo1xGeVdYggAUAnmmzWkbghN6QItuX4h+6nUpQwxSwkAqoO5iZVbKpnvS5PbDNtc+BAfbeCSxSTSSOdJl8hqZ4YrnQNAVcm4TAOXm515GQdTRx6KMgCoKizPVWe2p7BKjjZgi23h7VZhgB8AqsemSyQUZQBQVXa0UDKPNmCLbf4tAAAAAOxjPHEcMVO/MtJIW6YBAAAAYB/jE+3CVL8y0khbpktnOWUYAxYAUCU4yySxrEs+5CnKUJYBQJXI28rats7e1GgDpduIGVvkI5/Lrk5zZe6AiyYBwO7Csi43bb4GNQDA7pHdBitrQZYabSCrtiPykZ/cbhzLfYhKGAAqiuVcqLBoN0duHYyeEQCovJxLKO1AwcTH3zjdo4w00vnSpch3dxHUsgBQNfKWSFxOosQDAQAqoXhpVlY8kalfGWmkC6SzFRyDiAcdqGIBoIoxSt0susAuHAoyAKhy5jtUWuJSmy3gE7PYKWeLfORnbTeF4V5v2djcRHRJq/RZlEKLPZnQ1EqfBcC2yHOLpLy7b60k3JNi6uJQOFzps8gWi84PhZVKnwXADsp3x7dtICa6knPmsjPGkI/8gqMNFRWNfvpFeCbV+OaFi295jruJiCgc/fTrCPV7rnXx8Sf1+dBvbquRxJ5cbaP82hlHm0xL99d/H7S//5pcG39qJfSbO3T1x67m+dBv7tMb77k6tOinXyjus54rzfFvwHhyyz/W4Xm/myei9Znw98/V+QCLCXxdg3TmFWe3m0jTn4yE7s/rQZ1z14jdfc6Lrbz5xHVf5OaD2Mkmud4X+s1ddu51d68z/eTDm4EnjTUf9QtEbH0q8t2oOhdkZOfb2h2XXrHV8kSk378RmGiueb9fEOJn/Xj93wKOa43KP43oRuaX1Hqq9nwg8GnQ/tEl2ZH+3pT6S7XnndFPv1DqLtVe9BIRG7u9PiQ4PzxrcxARGWN3AoPk/JMBY/RBZMVdd6Wh7P9+AJAws/rtr4NKLPnQ5Tz1vzTWi0RExszq93+jNPxZ25GORBkcHpz7/lMt8YcuC56B2v5rbqeoz/7t7FRd09lrdpGIiJS7C3ceOs7+0mMMzt154jr7Fx7nzOq3/1Xr/mVze2P8pZSn/3nF+Fl7fzdHpK8N+cbvRPwrjFyi54j70JueOjdRMPzit2vzL2MxEuydcvtb9V0dGYWZOuJ7/I1w4pwzUYQp4Yd/taKcazl70Zb+aNZvauQ74dg3s8MvPRd/6Y6/hPFi+dt/pv7/OfGFEOmzfzs/TrVn/9Rtj2fEwg//s49+1n78cKqaii18vrpUYz/Rl3G2AFAGPJca0cjsXUY+8rO3xe1gdKEZEY07MOD+8GrNh1drPrzi7nUnnpl7rqyK3OrTyFKyEa1HjQgJJy7VfHi15qdnbA6fcv2RphOFNSOyHP79SExPvCYLq0w1SI8aEcUI6/F3MZ7eCY0mOtRYQGGRMCOi4FTgkzvRVUk6ecJ5pU+qjWr3p3QiNnM/cGueWvucb51xHPOwuZdaMPPE58fUYI3U6STSjKiiDT1Od+dHZiLDPqYqBhEFJ4KfDEeDbtulM65LXULwZeiT29Fg/ByibGk08M184h9FVVg0yhxdrmuX3NcuufrcRLXyu5fc1y65r7Tz4aihRo30iIFmRDQW1BIfLRyN53KdBySaCX81EX/r0K056umRBFnsrmHjLzV9u/4VAcBQdJWkrl+2nPlVy5lftZz9C29dsok8fz1kuNnc9UDqL1hdM4xaR9+vWs7+quXUNTl2b/XxXZ3IiAVZeHDp4UjibzUW0mNBPUakrhmxYCwWf5f16Ojf+9YS8YmhruuqQkTG2qfzw7+LxFrdPe/X916S+fnA1IxOpE3+/fLkstB6raH/g5oGd2x+RM3sl9Dm70X5g8665OPwnbVVUVC+W19OdvUXeNM8J8zUNT2mxFIxlBHQ1ZCuJh8bM2sT8yTOr0/MJCulmKGGdDViqqNEe1MnW70bxkApQPlbZTwjIo5jqRdPpDnkI9+cv7Wf2XaFE45aqckrNnnFJi+f6N6KqvdnqOeMq4e0H+bM0Q5X5xWbvGJbh+OYlyIRI1Fb2Tn1ZfCreWb5+nE20r75PrKSUWPG7j2NxRqdH77mOtkt9/Y4375a+2G/QMRWgoxvsF/pkXs65JNnav7gkuzOeLHYtI85PGIqMzIXvrdORERG7Id0CBG79zRGzc73LziPddmO9bvfPyHGFpWHvsTTvERjw8En5tkBktDWLHU0Sw124uVEulZKvpxBukG6Qapu/Ultrc6rB7mZB8GHM5EvH8Tcx9znvEQkNHg41aetFvxXANidNlEubVvPCOdskes65LoO2dMoJDrJ5/1T07ZDH9W6pwOT86Z9RcHdIXs65PrTNQ0NpK4k29QuWvvt4otChRknKsGHv81sTwfD43d0+8Xms7/wdp12t19sOPWrjhN9ApEWmCfnae/h067mAc+RX7Sev2bP6L1Xoisz5OyWE5mx8MQQq3+vocsdmRjRirxpqSecRV/8OkwDjX0DtPh1gahA8LQKxsuIP5Z3D4A9Zuc6bUUup4+Zy94iH/mll+s7iT39xvc0nnTKH77nbCJan4rMOW2XvCJ1cP/wXFnvcCQmIJEx9ji8xpMajU0ucq2npHiYwXscbzVGPx0OPLnq6bV8E57vPeMI3w99fk/8gzPJWjMcWw1Tc6/NQUS+8G++iQYNcnS5/+SM1N0l3B8Jf3Jb62iU2hukjtrMP2ZNXwuTu0dIPJSkvubY08fRgUuy/jI8LsnHG6Nj8ddXqL7P5kge52iSGiiy4mfkJSJq6HX1Loa++z7ccNVJRa0r//jP5pm+XK3FTlzbgPvEsn/wjs57HX94JDEDqraWpyl9TaMmyeIYACiLmPr0P03GCzO+r/7yn7ptZCwPBtVjDY2NdvGI7/Fg+OAvnIlBiGB06nOfTExbjiyuCK0/sxHFiMh+uuFw0Pf471e9v2qwWb6LKB/6I9vM/7fysEM6czqZuaIEY0LjMZknUu8uDP4uGiPy/Ljt7Dm5ZUBY/HppeNnR0G2vO2j31GXO+VlRFeI83kSmOhJYFO2nDsvOgDz+jX/tdENizMTyTYlKOuEsy4GpF0LHu3IduWz/9/rUsutwo/WOzhaJ12PhIFGd9Q4AsEl8onGY6ldGGmmrdIm/p53FHThV84s3Pb940/OL1xxNRGRo98aMhi65lqi2W24IRO8tpnZmqsaCQW18Rnf31lzrTlWAXPMR9xWv8d3t8GK+ZcoO2xvnZWEm9OWUYfGs1/HhO553u/holBFRbY/no6vO3hpan498dXPtN4mZRUkaU4kEIfV9cgf7HfW+yPcz0e+eGwf67fUlTsblhWNnXd1a9Mvh5JqNApy2t67UxGdz/fSszZ1vN154tU/iievps6fiCpvE8cTUXbGAG2DXEqWuv2g5++9bzv77lvMfuGxEtBaceMI3nraLxNefc/BP1ufWUnuzmKJHpiPzL6j+o9a+jlRxIjR/0Nghhh7+YzDfgmC+pe7EB3Lw35aezxjm0owXiYhsA43n/6fWI92krhtEQuMHbRf/rLbBbvju+Yb/z5nvv4lmdN/HjFiMF8X4u0cnB6P2024Pke2Yuy4YnniiF33TvCecO0ogEhFbHQyFO9zNjUSNrvaO2Pxg2KpAJiLiHTxPhopl0QBlJyaWvyb7lZFG2jJd6R+qNYdbbDD1nEdmlDGFjJH1/2ckkbPyPHq+WRaIiIRjJ129EpsZXv90Spk+4upOd5/zvWddczeC1x9zhiFavpHgdb73SuyTe8ElgxxEZBfq7TQ+p0a6ZQdxDqfgthNFk2fltR332o4TqfPB39xWxoLyyVRTPR0wJDnliweVf7wTtjU7P2rmpsfimfHX1yLdiQGHyJK6Qnx/nelwWXrjrPzJN6FbAhl5QwEiIpL4hgYx8T1JWoFuPUHiROIcckZmvpoZAMqGc7bIHnvqIfMPBvxR3f/r6dTspOnBaMc1mYjIbT/0Qb2HtKlfz419HQj31aWHHEX5yEd1679effiSjDwd7faBxuMTcw8+Xudj5CGiBptTDK89iRodMi8K9jpeTp8G7+x2H+h2HyAKfjP7/df+tYtNjaYikicyYkREsRf+uQWKLSzc+Dz53GAgPFBnz/emeU+Ys9l5CmrhGMXHVsIrMRJsokgUDE2M6EZ07dv/Ixk/zQfm33S2WxXZBjGUWwDbQmTJa1Zji22BbXWKrGtLfPzs+FovGxmNic2Od/sTE5DUlfDnI8rIunwqfQTX0edonQkPP7d39wvpbEm6ct7+yU2lQM99bU/N1eX1z+eZg4h4aeCIMD4S/t13+vEO0WboYzMGuYkoNvhFcLHW1tssOng2PxFTJbHW3AqXOAdPwbBBlH73hj7XiXWlZkB2UCo8k071CeP3Qr+7o59sFXS/+vCFLjY7T2bOLhK8zvdO6B/f2/wM3uCyOhFP8UJbs5AbUUSiBvGCw557KACUDwvPRNfsRES8LLrdyviI7rzY2H8qUU4o95Yf3l1ffrPZ9DcqdbzlmvzrwIunNSf6TK/U6Dnxs+j3fxvJP/Wfr7/W2Dm/MBlfVOV2HzoVuDe4OKzUtHVLvKIuzBPVESnBe//XunHM1XLQZtNiCyMxqnPYzW10lyiK4ZjCiIy5ryNGd82pa8lpVMv+B/8Umpio7cv3pmaZJ+w85rAPBp/+/ap6XKb18NSQLh5z1REF7/nXRPnI/1BXG/9K9Oj436xNDUbbrxARqTORZUe8KhA8h2U+YBgkyIW7UwBgE8SKt0ex3RXbqiPxDolNjgQn4w954eIl23xUOHPB3paqK2pdZ2b8o0vGq27eYSdnvLZxyucPK58ua0ESnBIvJ6IOEmod753Sf/eYs/EkyMLhSh4AACAASURBVMn9Jd4hcO7EuATXfc594mZwSebiUcRPpfDQqPrdcNTgOXeNdPygKBB//BVbYFQbuhdVDXLXShcvmIc1iHixuYamA7pOAkm8LHN2IuLF85fiJ805Jc5m54nI3V3zUz48NBr9ZoaRnW874HpvID7ywNXIXFBOnLa72/32qv8rjUtFIQ6Zk3k+9dAp8zZNSK2RIIl3SJxbiidoZiz0+VjiC3ztHc8xmXNIXI3phNdWDaqxNeA6hgDbhbcLNopM/fXCVPyxy3niDyhod/a/6/Qkm+meOu/K85WlGXaojhfdYjyb76473Ke8eBI1+mTRzcUv0ExEtr6G41cWHswLIhGf3J+3CzaXkYg6RPnwR/XhX6+LdiLi6z9oPdW4+mIoMHqHkUuwtzq7j9vILh26ory4Exq94zcEztnpPv5BXUY7vM7mFCi8rFG3trosdvyyrr412cPUWn/46fz4E5UfyPumeU+4w3vqI3p6PTT6T0FDEDzH6vqvOUXSfM91z5tNXR2p0knufTN8514k/KbNJtPa4MqDwfi7iAf+sr1hIUa1jlqEDQBlxx27+r9WQ6sU2yrf/ruf12dMVmLpgIIln2BERMz0P6L4HZVMj/728/R007/8ubciP/rKWnm8/o9T4k/fc7XtgrZ4bPD3gekOz0fmkRmAXWvNr4iCwRHHiDjiKNHM5TjKf3calrgLJiWLN46IEftPK4OpXf73A2/vzPlXF2Px76cfBuuu/IWnpAXNO0eb/Ku5qc7my1mXfgLYS9b9iigkCq54aRZPmh6bVqZyqQKOI1NxF/+vKGzgL4Wn/L3LyEe+OR/KoqHb3qrHpqvuzqpWgtqcJh7vRswAADn4xksu+7yyVm3XOVWiK8ti61nEDADbQCSrNiK22GZtoWyc8ntvSlTCdVMrz21/701y74pTBYCdxnfUn/0Phmh9HYnKsTv7/4PDjkuvAmwHMTm3JLu/GfnIz8qHcrE5d0s3GIeYAQDy4mx1VTgYySNmANgufPp2wKZ+5awt8pEPAAAAAPsZn9vHjC22llsAAAAA2Lf43D5mbLG13AIAAADAvoXRBmxL3QIAAADAvpVemmnuUUYa6XxpAAAAANiH0mGDuUcZaaTzpQEAAABgH9otF4IEKET1TT0ZW1UrfRoAAFsTnh0dm/UblT4NAAALCBtgDwiP3b499O3QQ1+lTwQAYCvmHn19e/jG8Ixe6RMBAMiFsAH2AF3XU1sAgN1LJyIyDBRmAFCFqu2u8AAboa5NPHr6bGph2U9E4Sdf/vNCY+vB3r7ezhpbYg8jtPjy8eOJ2ZVAKKLpguTy1Hf09p3sbbKX+BbK7K3Phia0+ovXXu9xJd92evC3X0+Hcit2W+OF9988mthNWR57/mRsfskXCKmGYJNd3qbDx08ca3NW4W1VAaCylMXn9x++nFleV4lo9oePPxlrae8+drynJVVUqWsTo89fTCz5/OGIToKjxtvS3n/ilW5P3u4/dfHeFzfG/J5XfnStz1vaaeQ5xPBPPLo/OrvgC0WSpVlXb9/x7rpUSbtw5/dfPAlYFIrevh+9P1DiuwNAlUPYALuWMnvr08GxoGkSsBr1zU74Ziee9Vz+4HK7jbTZ27+/MRpO12S6FvItPLu9MDV77idvdrusX9ds7eGNwTG/QbQ66zd6XInqObSwahEzEJGuaSqRi0hfHf70xkNf+tx0NepfmB5eWJg9+/aPjtVs6YMDwJ5i+B7e+OyueXWWofpXp/yrU2MT5957+5iXyP/8s0/vLZj20COB5ZdPb07Nr773zplGq8ghNPH1jefLKtHyvE/t89osdintEG329pc3RtMhQbw0e7gwO7Vw+ScXWm1ERIpv2SJmICJVU7HqDGDPQNgAu5Q2MTg0FjSIpMZjp8701LttpIbWlqYmnowthEJhjchGuuJXdEFu7O7tP9jksfO6sjo2PPLMp0WmHzxc7r7QWPgtjOW7t+8v51+bKLS89v6rLaaxA0Fy2uMVra6EQgbZag/29va01zokI+Kbenj3+UJEW3jwaKr3YhdGHAAgzvfo5t1VlUjwtJ05c6zdaydVCfqWXo6OTiyHVjWDiCfVH1TJ5mnrOXawy+u0CZp/9ukPdxdC+vqTuy/73+vJGT4NPPn2h9mNNdjzHOJ/OjQa0Ikc7QOXz3a3uGx6aHH0ztDwbNQ/Ony/96fnzEMJjQMfvN5lilB4yW4vJWABgF0BYQPsTvrS1JxGRLaD59452x6vllyuGm9z19Gzhk68QERk73n7Z50k2dJt9LpGV3jpk6c+iq77NWqUCryDunj35kPr/rMkSfI4rYcsbO2v/+Lnl21S6p293vp6fe2/3l4mNeAPEXk2/pEBYC/yz877iYhqT7752rF4yeByerz17T19F3VDEHgiosZXf/7HJwRbusjyehv45X++Ma3pobUgUWbYYPgeDg4vbOhyTHkP0X1rISKi+hOX+9rtRESCp/X45Vdm/354gcI+n0ZeU0Eq2F0uJ+IEgL0KS6Jhl9LjnWKCJOVUUXw6TBDMMUP8uPiBkstRsMNfnR36djxE8sHelqJVoK5qFtGFKWZIvrNBRCTY3aWuqwCAvU/X4o11i7IsETPE0zYp5zidiMjucWQ9sfzg5oN13dZ49KCz1HPIf4iQU5SZSI7sEjbOUFVcQxZgD8JoA+xOQl2Lh2Z9FBkbuuEaOH6wtdFVYOjAUBVF03XVv/BwaCxEJHj7+tsKxMzKxLc/jAXJ1XvxQtfEx6N59tLXR7/5cmgqvs5B8rR3nzp7Imd5oqYomq6qweWxoQerROTq6etEXxwAJHkaa20UUGn57o0f6GTPgeY6e4E+DV1RFEPXQ8ujj4ZnDSL54PHOjDFPdX7wm+d+Xe66fL7X9/WzUs6g8CHNPT3u6SfB1QffPq290NPiEtTQ4tjtRwtE5G7vzSpIQy9v//7R7EJYJSLB2dLdd+5sT0nLKgBgN0DYALtUzbELfS+/fOpTw1N3b0/dJbI5vd7aps6u3p6urFpq4fann42GUw9tjX3vvF3ouiKh0cHB6ajgOXL1bJNtcSL/joHZl6m05p99fnN5LZq+khIRrT383ZfD6YXRvLf38rsXmrCuAQBShM4TFzuXbk5H1eXx21+M3ybe4anzNjYdPNzT3Zx54TVl7LOPhxdSg5uC8+DlNy93mocvlanvh8aC5Oo5d7nbGSrpVjbFDhGazrx9Qb0xNDY78tnHI+lsT+fFNzMWdxERBZdfBpNpPbwwNvyvfu0n7/V5UeoB7Ak8MdMjpJHOl64+QuPABx++caG3rdEtERGpYd/C3LM7t3/73/7t1rRi3tPmyhj8V5dHb34/4c/3uv7nN+8sq0LtyddPNOar6gSBiMjRePz1t//wj//wz//4pz863eIgInX57t1Z04QlW+YcKcM3NnTryRquyA4AJs7uN6998HpfT0uNQyAiI+JfnR17euuzf/n49099GeWF5LCZevf18Mvbg/cXtVSGMjb07csouQ+9dra1xC7+Eg7R/LNTC6HsSUd6aOnl1FpyBTUfnxtqazz02o9+/Ed/9od//tHbFw46iUhffjQ0oeS+KADsRiJxpkdII50vXZ3sTf8/e+/2HNd17/n91tq770ADDQIECAKECN4gUhRNiqJEi7ZsS5YsO/Y5GrvOJOVUkpnK5GUqVfOUVPKQPyGvqdRUamoqOZM5Jz5l1XH5pmPpmLZkypJIiuJFlGiCBAmCaALEpYG+7t575WHf1r41GkADaADfj+St1b99bXj3b63fba2j5/qOElGtNPt0Zvbh/S/GZ4v60vilTwd+eMGZWyR34vW/OUFkHjZx/Y+XJ4v3r/xpT8/3ghOh6gtXP7g+q/PeF146kYvMYsodP/edXKVj30DW6mbT/SdeOjv76z9OarX89CwN9lsHpo++/qOj5oUrc5OfX/nTncWpy5eu9r51doVJnAAAu4pYbuS5r488R2RU5p/OzOYn7ozfn9fK+Ru//6zv7Rd6rKOSwxf+xfAFIiKjMj/9xeVPb+bnbn5wpf+vXhpUiIrjf7ycrymdY698beWSLJMmTqlNXnn/8uMyJQa/dvbsob3ZJNcrS/m71y59lp/67E8fd715YShGlDx07pVEIdk/1G3pXaXn6MunZ/MfjpeN2Ydz+ugg4g0A7ABUEkSMsMV2hW2bE0/37hvp3Tcy2v/BP3yQ12szU/PGaLB6IZ7uPXLm1OTkn6aM2cmZylinrzi5Mn7t9rxBRLOX3/1/Lst7tPvv//y+0jn2ndfP7uUU7x4c8V06lu1K0qRGNS10zkMl2TPywvGHE5fu10pTkwvU292S7w0A2FnwZK5vONc3fGQo+Yv3bheomJ8pUE9g6jWezA2e/trQ/d/eK5Zn7j+lwb3aw09v5GtEtHT7tz+/7Tl49k//3z/8uWPowlsvDXtsg2ZOeZHuTpWJlP7jF05Y4Qgl2Tl44uzpx7/8U7768O6MPjSoECnZgRHfUyrdvRkaL5OuaToRzAYAdgDcGhFii23jbftRK5YqgXQfRTEn/VDMWcL0WqXmP0Yrl4mISDeCyUI6NZz9Q69Yl6uVihXfkZWZ2SIRUSbZYT5eJfB0umaerSNLCQDgoFeKRS0gVZzJ3hQiIqNS8R+ja5pGRGSQTkR646mL9HJFC+QZNXGKrhkNjzKseeT0SkAh1+aeFIiI4pkEiqIB2BmoJAQxZvuV0UY7ot1uFP/y/i+uzca7hkdGR4e7u5JJolp5duLzzyZrRBTvHdlDVBl//52reUr3j4weGu7KZpKkLc3e+eLzeSKiTG9PhohIm7r8waWJSvbYS9850ZM58u2/Gal4etfZz375weMa8eHzb740lEzGOdHSzd+9e3U+lh0cOjo62JtNKlopf+eGOeV5dngkR6RP/vmdi5N6R8/wyMhIf3dHkteKcxM3b0zpRJToH8SqDQAAE2Pq43ffH9cz/cNHR4f6c5lUnGrlpfydG6amyg72Z4hmP/7tb+6UUrl9I0eGB7syqRiV5x/eNNWd0jOQI6LkyKv/xb5KRZ4NevHmxffvlIh6zn7/pWey6aRCVBi/ePHWrNJ39tWXRjJNnVLY20lTS3r+1gc303KS0tU8EVF2b0+ciCoTF9/5dIrS/SOjR821NYtz4zdv3K8RUWLo0N4t+LsCADYA1TMuRBvtqHa7EUt3xGm2vPjw9tWH3uA6KenR82eG40R6Zy7D84VSfvxGftx7SPbgSyfNdOGZ8TtzZZ3Kt+7kT7w0SKTEkxnZM1Y0i5oVJWXaDEQUy+bSynypMHXv06l78mXjvc9942Q3ESmZ7mx8cnZ57v7Nufs3PbfOPHPqTKO5XwEAuwreke1UaK6Yn7ia98/bFu+3VEqqtzN1p1Sef3z748dehRcbfOGUXcfF40nPUms1a0oGHs+kzUldCw/HHxaqRJNfPDw5MpZu5pTskdNjEx/cnq9OffbhP37mubeSO3z2SCcRUSydzfCpEGXLc2Nnz+6FxgNgh6D0HrhAjIX5mAXkkDvy08dSgZdnLfbEzXt1px12zebf3M4DR4d7E0bd0DWtXtcFESmprn0Hjpx55dxzfTEiIp4ZPHawv4MbRl2ra0ZdCCWW6uwZevbUN84ftVeIjqmlJ4/mqrqSO3hiMFAiTaTQ3MOppfje55470G3NV6x2DR8a7UuRqNfqWr1mCCWW6u45cOL0N15+xlq2IdV7+MhAV1zU60a9Xq/rQoknOnN7D5966ZVT/Ym1f20AwNqpVOucC0aMiBgxW4cxZm8iYMEPl8qPHMmrXQfX81SJvQePDGaY0OtaTdMNIYgoluntP3TqxW+8MNzJiYjiuQOHn+lOCb1W1+p1XRekpNJ7BoaeO//y2eHwpeqJKM4XH0wWeO/hk0d6TLWTSBqzD2eW6iI9eORwb8haN8FTSMkMjg7l1LpW1aqapgsiJZbp7hsee/7Cy0f2mNfgmcFjBwc7eF2ra5qm6YKURHbvvuNnX3p5bE+DJXUAAGujWq1zbmsv8x9HkTFHvzFHydlajJFHTETE+SqGc2zsG/9ri2tnsd2J23/9Vz1EJJwpWYWz2/yf3SAh/UNEQgiSP/3de+5MfP/6Rw3WTlgVSzd/9e7V+fTYm2uboWjp5q/e/Tx19sffHkECLgA7mIVCRVUMRkz4zQYRaTYIIWxdZ6oyRiRI/O9P/+wc8r8d+HbLHvHxn//+/Ul9cAPVUW3yz+9cnBv9/ltnW6WAAQCbzmKhoipiTWaD8JkNqrKKeCAnSyVii23DbVujKIqzXTW1ies3C51HTg7DZgAAbDUKuasgbAQLN69O0uDx52AzAABWj0pk5qIwEkQkZadADrlH3s6kR8+do/nMM2vqCOP9R85/JzPci+xbAMBWs+/4hXPdev/+DTMbMs+cPf/MnsFkE4cCAIAPTiR7lAUxJtw25JA78rYmnhseG+1ZY0eY7Bvem271EwEAwBpIDx45PJzdOC9GLLdvMIfQKgBgTXCPX5kYCWJ+3zPkkLd7uAEAAAAAAGwo3PQlC9OvTH4fM+SQy9UzawVWBwCg3ViDXoIqAwC0IZunmrjpS2Yev7Lbhhxyq9oBAAAAAADsYrjsV0Yb7ah2c8C8AAAAAABoB1o/KnOjDcLyMfu3kEOO2gYAAAAAgF0OFySImCDBTL8yMdfHDDnktnzNbxhjjZdfBQCArYA1pZgcl8lKK0kDAMAWwZpSZy1xAHNzwUvbr2y1hdSGHHIRHm1oGIMw1y9v/6lbAQC7GEZmZxqpqRgxIgFFBgBoc5g98GrIem0HLogYOX5lq82kNuSQr2L0H/FCwn4AALQPkRpJBBpNnggAAFvBytqspTjRBmyxbbRdw7vFgh8R4gcAbCmMmE8RrWgJ+A9gDMYDAGDrCaQmbYJicqIN2GLbaLvCe7TKbhgAANoKS4c5qosRHB0AgO1I0NPRwotz8nqU0UY7qt38C+sgn4bJmAAAbYEIbfr7VhahyqDLAABtQuQoa8NcHpy8HmW00Y5qAwAAAACAXYsVbcAW2xW3AAAAAABg18KdluxRRhvtqPZageEBAGgf1qyRoMoAAG3Fpiol12yQPcpoox3VlvGZE8EpSiw5VnwDALQVzFu5wFwxY8SYtJ+5vTKmgwMAtB1Ra70F5nxrScI5b+IYACxCX80GryGTXlMUSAAA2gAmaSXWIKzq38WYbTlszjyHAACwAvIQq/FgLES4JjUGswGsicjXzYpMOD0zIvoAgDZFmL4Ny1knSNZYwmzZ0QfoMgBA++KERKWxV4TOWl/IFGYDWA/oSAEAO4AGqgxaDgCwM2iBNoPZANaF+w7K9mvAlGXMkxoAAABbA4sqUZBj/cwnlI5iyFECALQDLKqkVJbYu1vl/4DZAFpN4BWGtQAAaDtCNFWjj6GnAADAlhMyytowZQWzAbSSwJLmSAkGALQlIqSKMGoKBzNeCl0GAGhDRNhMDRvksYXZANYFC3lXparowNEAALCFhMTzWdhuFnFAxEUAAGCzCVFNIfXQTN61bmA2gNXh9qAhfWl4eYNZ14DwPgCgLTAXZ+ChxQyWwpI+uXsZZ1iFBgDQPrBgdUNYYUNQsmY1BrMBrBMRErdnbn+MaVgBAO2GqbaYvIRDQE0JT+zBcnyE6TsAANgy/FOvhtkE3tml1wXMBtBirHKGwPuJgAMAYOtxV1R1lZS1RIPvQN9B9icEHAAA7QALnaBSEJHYuKloYDaAdWBNRRgxIaHsqUPAAQCw1ViWgLDSlBypHLZ3s5I8y0KT7ftgCDgAANoEfzF0RCGWrNPWCcwGsH5EyOoNjIUVRrM9Xe4rZxib94gAgF2ObginnsGKGzg5lMwJLcjdr53J5FFllrYbUDvcK8MrAgDYRGxt5o6vAtrMt2JDy3QUzAawala0V93ogjfgQETdne4rV9PQ1wIANglN07nlcXPiCY6OEuEhfUauKrPOsJKc+mOu2VAxtE35BgAAQB5tFhJqWDlDaT1RB5gNoAV48pR8AQcn944RIzr+TDwes/YvLOtb9LwAgN2FYYharc45c0sbTNUkPFM4MGfqN/LWFwpZkxFj7Fx6f5Kp5v5ZrbQlXwoAsAtxtRm57gzLW+sNNbR26lUT7glcoI12VDsKO7jvO9ZXzuC8tZ1p9u0XUqpKRHT9LxUD8QYAwEZiGKJS1ZaWq6rKuRw9cBGeOViFq7psuaSnbH9eTkn+JHciRpyILhUeGMhTAgBsMAFtRgGrwB9qcDOUWjSRAzt24X9pyYXAzua//6te3+xIrqEghJwULDxCYe0Q9uRKgsyqhlLNiCkolAYAbCSMGGOckaK4MQUnCiqXMjhyd1ol+SN5NZkt10kU61qCVEKlFgBgQwnVZp5Qg6f02V+wFbFiAyOmKKuwKFRXA2KLbYNto1eZkRCMmCARNp8SIyGIERNMmAnEghinTJKbHa9lflg2hWRG2HZJhLHijYuEVWUDALYXctRSnrDZu5hRmNwjdHJ+ydO7emL2LESxeQ72Vzs4/bJgwvnMiXWqcagyAICPzdFm3vQkvyPWMiVItFCbqJ5xoW8LOeT+d7wBzpIjJLy2hPM22x+JWT0rIxKmWUGM3OND3vwQ5OdijCFuAcB2x83LbXSU/FtnHhnz9JF+55rdywpLHdlC4dvlrp7keDqsq7p3hSoDADRic7SZdDMRDDUEbtECEG3Atrmt1N06b6mvoEG2OCQhk8P6ck/sbnzvt+Xsc+8qXy5kJTn77q3+dQAAtoLobtZf22fPjiqJ/WVWwV7WXHvB7VrlSzoqTNZlkktFmI5DqDIAQDNssDazB14hsycFx2MUlqHU5PdwUGWF6NGhkEPefLTBa0NY/acslIwQRkw4lQ9krZ1kdcTOZ5ITnqQn8HW9/sdo4lEBANsXp2d1JeT56dueOSHMZd1ImE44YecJ2GN86QJMeBx1bvmg06c6Q3xGUGUAgFbQIm3mVWcsRH9EVDWsDU+0QTjpJN4t5JBHvvPC88E5XLYcHLecsDxyVqfNhPMTYW5Gr/leC7erDRRMNHzx0d0CsK1Z0dHOQpueLlFY3arj5zcvLBgxn1qz4w/crCqQe23ro1eJuboRqgwA0JjN0WaOtGEldKvw1DaEjh0hh5zcmAGLCqw7+GujGRPCICf/136/pfi++7qbPa7jrgtM62riD+OF7AQA7DSif/iST47s6kPXAJC6VUu32WpNrlO0VZNn2mhZlVmxBQZVBgBYJy3WZoIEY1y+un/m6DDWtp6DGvQro412SDvqtQsEHOy6HMGcvtNx1JFTQegRkuO6Mz8Zngv6bi5abToDALYDYcF3KdDvBAuk0kDnTGveJM8l7OoCs7tlUkdtX07YmQC274M5DwJVBgBYMy3WZows9WWbGbbNICmZVukb1Xa6yA4YtNEOtN2X3R9wCLUchHefexZzelYKTjZi9deeV9Qfw2OS3w7+OAB2PCGx+7CE4JB+0fK5SXOtyr0sOYnCtm9OPt9pC6vnduofoMoAAGtj47SZeY4dxVjZZljz0tGqVWaBLbYNt6vCnaWchVsOdh0hI+cXIKSO3OmvhXcygLAZDX3AfQfAtib4C/ctd+BbEtU7Jbrcg1r7BbOdd4z5jpFi/dYcSYF7uzpIPguqDACwIpupzVwjhMm6pvWojNyMFFPVOW3IIQ9GG1YOOEjHuZaD/QsRViawlBPsKTAMXMXbkTM7zi8ifhdw2gGwExH+HjTsgz1Yd7pP0zdnn2u760hSLMKbO+RoO1ntMV9/DlUGAFg7G6XNosyFFoYaiEgV9pgPW2zXE21gjIThXfHN1wl7g/uuq08IeZ9zK0GertOyTIJROQDAzscf2xd+x4WFmSLp2AQ+352bmESOFvJcQ0jXke/k7oMqAwCsi43SZn5jxNRdvMUaxo42OA8ntSGH3JH7CAYchPC8/j7LwXTp+SYeEXK/bcns3wkjIuLSjyQQ8QcA7C7kTtOrHDx6wwneO2N41yvn9qfCFq7kGpF9J1BlAIBWsDHajIJGSVC9rdNVoVqTv1q6EW20w9shL71kOQRKosm1HGxfnSd6JrnoXC+d3RW7HbTsw7Mv3/yEAOiSAdgWrKp6Svbp2+43wZymPXYn4U0T9lQWSL0wY8yuI4x+PAZVBgBohi3WZmGPIlsO6w9vqk5dthCENtpR7VBMy8G/17YcglF+q+u1Zw6zp2e1XnX/VCS2P8+ujKCQ7hO9KQDbnxWGxY2ydc0Yvb9DdXpPK3TPHPXj7X7txCQWrUsYVBkAoGnaQZtRwHwxLYeWpEQ60QZssW20jXqBwn8hjHmMCWfWc+s3w4UwGJMj9ULa65W41/De10A3C8DuwPTgR2ToCndUz3xCxjw6hjFOzHCUlm91pIY3t4EqAwCsh03RZiws5NE4GbN5rGgDWX5ltNEOb0cRqOYhMmt35O7WnmXMdtEZzOeiI7+Lzg36B/OgnBvDRQfAbkBy0ruyYMzdTZUkp0zQ8c8xJogMT48q9aJNRRugygAA62RTtFmoidASmwHRBmzXFW2wjWDvb0CubfCuZ8RMd511njvvoZMQLHfR9ryELJgQ7NLwZ4CEYAC2BWvJBjZ1hlWWIHz1gMJeMJXJ5zAniYhkeePaBgFVBgBomi3XZu6l/RlM1GA41zwqETOVWpiPGXLIHbkfOXvXtRx86546r6rds8oTF8oeObPox7mG6cOzioKcdGHnyuhEAdhBNPmLlsuI5c5PEHPnHhFOaq8U8Zccdsw6ShKuFLx3D4AqAwA0ZIu1meyC8CkgopZYDty2bExVaOaWOG3IIXe7SZngYkaMBWwGp8UC/aVjLZvrGQr3FEbE7ZfaEML51/wJmP8CAHYhsgbwKQdZb9jJQGanyzzzmsuTllhDfMndF3VX695QZQCA1rAh2kw+xb5N0CWy4hL1jVEp3MeMNtq+9gpY6zZQaDjfwkx58r3x9rToViZA1J3saIZ8bosy9QAA7Y4ncB9QQg+zvgAAIABJREFUEx6BvK6qO9O548LwqiTh+PPsaUmcQb+QLiy8HjuoMgDAWtkobeboEieRMpCs1AJUJ3WT2SNFtNEOtj0vdcCKCO8hnd7Q7Xot15zdpZq9rL08ktMZ+y8tx+/kvSF3RfcLwLYmcrRt72Ge8Ke/S7S8/pYuEJ7u1g4UMPIvL+MWJ4Q9hnWAxx8CVQYAWIFN1WZOzCEYXghYDutJVVIdtWnpOrTRDm+vAqvrDLUZyIq1ORaJ1+tGASPE6+Lz2ubBB1vtowIA2hxvR+qJ0fvG88zOAJa7W+b0xq4rTrhrKYRkF3tvJ6xryWdZe6HKAACrYeO0mbM0w0Y7HbgTbSAitNGOblusEGqwF3pj3l+AdZaU+8vI9dg5p1qpfsI9Uvpg7fbvBwDsaDw/eb+OEPIR/oIBt1v1qhP7WEs1yXUOzvnCPoS5Hj7nLKgyAMAa2CBtZl9deGZxkx0TAS3TTPJ5KG60AVtsG24jfgMBm8E5XrjGtP1jsC/ndrSuf46YvUgc4555mSLMFMTwAdhVCCIS/iC+Z7YQJ/NIWLusg6RAgfwfkr109jFyX82cHABPnAGqDACwLlqvzfyrRDvaLGRph3WhurqSGNpoR7XtN31l89Q/85K0bKoQbi+7rBlxcyLzVVu86GUB2IU0+OGLyI+MOGMKZ1wRdsmBO2ehnODLAror+JHsbllWZYZW0ilprCVqAFUGwO6kpdrMOtC3fmXIHJiBO62lwkGVqq4F2mhHtcPfuYj0JPdNF3YaABHZ8xA/1er/PFOYrdWH04m3h/t46KUBAKAVGIbQ6ka1Vo+pnDnznDsGgDn9gzCkPZZbzy7OMtz6ZvtE81CuPaX5i4r2NJ7ar+77ERGUGQBgAwnXZo4HxAqcOoFQTwSjVQEHbqZkts0sn2i3aXuF98gbbQ/m1TnWhybEb/OLs7U6EZ3KdaKbBQBsKJyzRFxJpeK6bpBrLbi4RQ7kzHfEZJeHHBIVbhqmxp7+E9OeEpGSfR42AwBgownVZl515suHlBLFW/UM5iWxxbbx1td3hr6HkQvDSW/2pwvLhbpu7hpIxQOHAwBA64kpTFW4VjeISAghFWB5O11m1ynKusw+zNJkZt3C4hXSl6yTkv2b+V0AALsZWZs546tgwjcLDNuCI7c1pIk70QZssW20beJdCgk1+CIVgsTDcs35mOLwzwEANolYXDWCnatkOdi77HngvIlJ3pMEVR+6n5XkRj88AAA4hGkzJoVMAwGH1sGlygmBNtpR7UYvkW0h+N5N9w2WTOEFTXcOUFr8MgMAQCQKtyY4MtWRVONg6zfh/EcyGNxUJY9Tj9UX5Gtv4vcAAOx2HG0mJXQIjzYj8gQcWpenxIVdjm36ldFGO6Lteeei3kDh2+1LvBOktzTHDgAAVoFw1nW2LQdZWZFHWckf7bwmR8MJEsZmPjgAAHgQXn3lGWuJBu7edeYpudEGbLFtsI1+ca2wfliowQ1UrHlhEQAAaClBvcTcddzcHCXrAEeVeddnQKgUANAW+FRTMODQ2sJo7pgo1hSwaKMd1m7mrQ2EGoTdQcN0AAC0BUIKN5AVxXfjD8L24QlZYzkV0nbvLBA1BQBsNcLnAWHeAZit5Fo7+OKelE200Y5uu29q4A0MDzUwcs9rahpXAADYWBgzLQfHAjAVE3O6Xesw8z+CXFVmd89CiJYstgoAAOuBSZYDkavNwgIOHtbj9+DOjZn0EGijHWyH4F2ugchv6frMXMQbAABbi62ZmKyR7OiB2926uUl+VcZaWl4IAABrJHx8FRiGEbUyT4n7Sr+wxTZqG4UnQ8m7Qz4C7jkAwNZiDfzlgINHUwkrnmCKhP8AhBoAAG1FSMDBiz2Ka5mrg5PkV8YW2wbbJnEzlAJyuOgAAFuMW9zgKimz5dNPgViqFGqALgMAbDUibJU3YhTMU2ohiDZg2+w2gjDXmxzWF7RawwMAADYUZkfspawkv5ryFWeZWg2hBgBAW2HpJBGWp+Q5pjXKy4422LdAG+2oton7NkrvpQhIyNtEqAEA0C6YKUqG693wJCw5/wb2CkMg1AAAaB9M34dHJQnvbt8gToSM11aFHW2wjRC00Y5qhxIWCLMylEJ2obcFAGwpQSW0YvcZPACaDACw9YSoJifBwz90a1XaEg9NRmE+CeSQN4f/vUQxNACgPWEUcNORdyYlSe5O1QoAAO2FvzCaqIV2gg9Ovuk2rZsR5JB75M0TcM0hQwkA0F6IgMUQUHQhSivsLAAA2ELCC6M3TFNxcpYCDnqaIYd8JaPB9b5FFDbIQqzbAADYYiLVkBtnkA4Jsx1W7UoBAIDWEzmqkoXBmePWB3f9ylu+nBja7dwOJ/I9hIUAANguNHDMIboAANhGNBx9tcB2kGobZB8z2mj72j4i+1JpxQZBLTRwAQCgxZhazuONczSWNNWqQJEWAKCtsfSTkD9H6Kz1+UICtQ0isIUccvsdCy0fFN6P3gMiSwwBAGArkBdrcBaEJleh2fUL/l3OVIbIUgIAtAfyECuoleR1aYLDsLWZD4HahuAIEnLIm3ezhb2GmOkcANBeeKZpYEGxdxoHyZEHVQYAaCtExKwzG6OseMh4EVtsQ62IdYEAPwCgfVizRoIqAwC0FZuqlPjWj0ex3RZbAAAAAACwi+G05bW2aG+XNgAAAAAA2K1w2vKZPdHeLu0mCU0ZXuU1AABgo2ChzcCUDxGqDLoMANAmRI6yNszba0cbsMV2xW0DvP0tJk0CAGwvhE/XCQooNgAA2Ab4x2AtVWTcbUbZLGijvSbvmgh+RCcMANhSRGCiwhXdHME+GJ4RAMDWE5hCaRMUk2Q2yHdDG+2odmMiDAz0sgCA9iFSI7FAo8kTAQBgK1hZm7UU3sQxAITCGr2TZogfXSwAoI0R5JRwNTiEQZEBANoceYXKUBi1wJiA2QA2Fqz1BgBoRyKWSIo8HGmWAID2JGrFtw1A3aT7ANBa9OLP785PWL8Tlk0mX97Xczxevzrx5GLFkibU2KHente6YgoR6ZVPphevl+sFg2WTidN7cqcznIimnzz+2bxet6+ay+39r9NL/1ee3nwm8+W92Vu696Zq5ieHckP2A/ziXiEx0P9Gh2N7i+kn+Z9XOn56oCNrSbSrD2auxrp/ui+dCHvsdDJxvr/nZJITEenV608WrxS1JYPisfih7uz5XCKtF39+r9AztO/VWPHn95ay+/a+ljFvp19/mP+yo/8nOWWj/sIAgM2kflt/dIlyP1ayWaKS8fjvjNhbau+As188/bt67ZS6b4z5DyYiouJ72iwpB17jJbvh9yrqYvZn9fJ+deiCHSmeNx79nV611ZzSz7u/pXT1kn5bf3iZBn6qJJ1zvUeSwnv/lZJN2Bd2jp83Hr1jpH6o9vRazzz3d/Xai2r3lJ6f5/t/yJ0Rh35Hn/yY+n/Kl/+2Xlhwn7Hjh7G9neEXSV6pz+W930hhe/4bNVs35j4wlh8JXSe1n3d9Q+nqtf4g+dvWgSzNUqeUvjOsfqk+Pc0HfsQTChFR9Up9epwP/oTH1vL/GAC7EJgNoIVs4hIPer0k2Ehf7/k0kV7//MnC+4+Xh0bihbpId+R+tEclQ8wtLryfn9+X3ntSqbw3MXtdxE/2dA9xY7KwdHHySWG4/9U0FTWjHku9NdDRRUREiUS8vmSU6lRkiZeHeo/pRNWlX81oQ3t7no+TosT2OQ9gGEVdv/tk8flMbsDsg2vLv1+oV2P1qn1ItbD4SZ0naoXPq+kXEyGP/eXswnuPCwMHu/tE9eKDmau6eiybfTHOqtXKrfmlh12JY3q9pBvJuiBeL+n1icdz+0Z6j8eIyKjURbFuEMFsAGAHoIv5jw0Wp4UrvPNbjKVZPC0KV4zc97n5EzfGjaV5lu1nIQebFyiRTiSkhs9sqN/Rl+uMf6EXzqhdaSIiqoq6zjrfUrpyJKqicFGf+yPLvM1FSRgl5nGaVEVdZx1vKNlOIiJSKZ5wdxrO8VVRL4mFX+mJf6lkEtZTGSWKDzJxzVic5XtsS2DxiiH6lDgJfYkSp5Q9h62HVfuIZsIv0vmaGlsSVBVz7xr8lNJ9gJFCKTKe/INeUnjneZ5UqXRNf/ozIf6l2p0jvUTUz/svcIVIv6fPXKo/7Y/1jXH1mp6/xIYuMHqk5z8WidcYbAawY2l9fQOSlMAmsFHznCfj8YFkYiCTudAdq1erM4KISFXVgWRiIJ08nkt2ivqcTqVC4QtNOb2/77WezLHuzteG95yO1a8/LVnje0Xdm0oMpBMD6YTku2fZZHIkkxxJqgqxbCo5kkkOJRX/IF0rfbBg9q7G3ZmlaY/RVL+1UM1291zIGFfnKnIX7Dz26axKWr0kqLRYuF5TTg/2v7W383h3x+n+3p+O9h4L/DoTVH1/anEGiRIAtIA16KUNW7JBHzeKCt/7Gqc7RrFKRKz7FKcHxuK8uV8sXTPoAO/KhR7cDGLxski8oHQPiMVrHhWi5Fg8xxJ9LJ4mSjT6imovSw6w5ABL9rIGYwdeNWbeNTRZMso7OsXSNcMwH+WRsTTLOs9w8yKs277sAFOVyIsoOZY5wDP7mULEe3nmAMvsZ/XbRrHKcn+t9D7HO8b43r9WMgmxcMWwQ84sNcCSAyxzjicV0peI5fjebzHjWn32jjH7niFGlb4jWIcDbH827y1GtAFse3RDu7tcJzWdZURE1crSh0/KJMRcqTQfS7+WEHPz9bqaOpS0f1cs/kyKXy3V5ilNRFRZ+o9fLRERET+2f993mr8xU45n1btzCxNde0ZqhQ/K6ukucb1sP1Vp6Wol/vL++KFq6uLk0pe9yeOWT0s8WVz4sMTqRn1yWUtnOgeYmClrdTV1KM2IjFsPp98vGcTirz6z96TvdgPZUn7hF/nETwcQZABg5yAWrxjKs2pygDqy9fmbvOMMU47wzKX60jWR+xZjs8biFGV+bEYeQg5e8QbGuLFU4n0HWSrO5y4axTOWI59ILPwnzcoSirOen3CFyIh4SPfIfmU4KrFHYd3f5+Vf6dOX2NB5R8q6TrGlS8bSed6VFsVrhjFopRIRUeViffyieS7v/VdKNvIiIdSmBeV42s7UogTP9OvFWWHZG/Ni7pLOiOqPjJLC9gwSEcXGlN7x+pN3derk/a9yqFIAVoMqRzIFCWZ/ghxyWd6WiC8fPfrSbDL15GC2jzQi0g0q6vW5UmWakm8dyA0xMUHUyESOZ364L5MlIuKZBKPFVTxBprv7bPXJB7OlQrWkZnufV+dts8H4y1y5mu46pBClMsdiTz6Zrx3fGzf36YZR1I3HS9VSqvu/HEwnSOjuE/Jj+/v3aaXfTywXDH84UFUzb+yr/efJuXeTPT2r+lMBANoW8chYmmddhxkRdY6xxStG8ZSSUVj3KbZ82SidV+iaofcr3QMNDl7hDoUrBhtVUwniIzxN9YXbPHPKVO5WkhLpYumP+vx7RuYnUYEE1vGGYoY7WLxhYk8n3/ummPxVfaZfcTqQ2BhPf6wXronsCbH4gDLfd+scEmfU3iNERKRIuU9hF2kKObKrC73ExKxRKrDut9WurP1FzvP5e4Z6zrGdAABNonoX9WJSG3LI29lmICI20td7Ic2I8UxcTdsPm053vtGfoNrSf75fuLqkHeuJ9aVUtVC9WxEDZsBBVP9SNtREPEdUJCLO+5Jxx1vVbMjfInamN319cu49NfX2/rjilPbVlj4tGlWa/z++tHIMSC/c7e09RETE9uV63uhgpfTsf5xe+ryceTXN+pKqWqh8WREDSaZwJRdXoowcJd39/T7tPz95OilEerV/MABA+yGWrhi6TnP/tzZnSwp3eGaMxcd46rK+8AmxO5R6zfTuRx7c6AbTRiFPer5+3y4RpmtG5Tmr4lnJsXiOiFjuWbH4e1HVKWosrfayRK6pr6QcUPpPicfv6VSzr5bgXc8aU7eNuZJR7eS9B9yDWY4SvSHPH3KRAPEBRg9EqUCWCq8axWniozxGVCGiXt73GudV9uQ/6UvXjO7XrLQoSjBOxBBoAGDVWIMT068srJpW2fcMOeTtG3NIxuN9yYhni3dcyC79bG7xbnfvoWz22bnZTx7N1HsyA8yYLCxdr6unB9ItcTQpma7XuutfJrtHOBUsmZicK86oyTf2Z/tMgV5671Hxk8X6oYx7Yror+/zck6uzxdMHOrJd2WfnZ69OPql2dYzEqVYtzwiKiCewXK73jdL0L5ZhNgCwA5g1Fh9Q6oLas98SlC/V5y4b1TElkeZdR/TpawZ18sHRFQ72XLMkSuOGqRrVAaZdMerdvP9N28FfMPK/NhbGlYFOIiJ9XtSISBdLXxjUyWPmlXRRGbeTlbLMVFz1WVEx/SoqxRuWNxBR8rzSM1t/+kCSPM+TN/TF25R6jcvKV8yKyrTVVvuY2vAiPuJjPHNNn39H18+whCpK14yiznrOeBcVSvCeF42HF42FM7ynObMHABCB9QM1x4VMakMOeVDeRihqWuFp1fdsPKvytNXtsaE9XYeKi3dL4lBH8rXh3uyTxetPF64aLJuIvzrUczrNiCij8rRQ5S5MVXlapYxzYYVnFCUb7CA5z3AlzYmIj/T3jZjnch5XlARpX5XpUG/P8aRzWuy17srPlqulrJpWeNZ67PjZvtSX05XHRkeW20+4uHBLp4Sq9GU7jyaIDPtrKmrauh0R8UP79rz48OljFVMaALDN0R4JfVAZOOWm/SQuKKV3jOI8JXKUPqMk7+jsHE8qKx2cJoWIESlpogfGk19bB8TOKIk863hNydi1BNSr7DkhZu4Z4kWmKsbSr+tWbVcv73lNSRDpacZ0Y/HXupmxyQaV4W8xVTGW360vm1fwTsDK04ynSSGiBFMTZCtU1vWGUv2ZbiRsbZrl3WNG/hHrcquQmdJJxWv61DXrc8cPY3s7G14kQUqamOMzSfO9P6a5D4zlS8aiTmo/3/MTK5NKsf8gRKQ+q2Rv1ssPBOUYEZFCSpoUOF4AWDXs8Nf/Z59fGW20g+1/83avZ7EjYR9C7ipIzsLQ9j/2ikrSp38/+dR5+f7dsaEteekBALuThUJFVQxbrTkuEcZIRK56L4SwdZ2pykzdmMj/B+eQ2Oi/3ZznBwAAk8VCRVUsxWVqM7MpfbY/EhFzFBwjSd2Z/1WVVbgguTMuNG+ENtqhbQAAAAAAsJvhju/EzmhHG+2QNgAAAAAA2M040QY7aCu1IYfckQMAAAAAgN2MG20I+pghh9yRAwAAAACA3YwZbRC2R9ltQw45edoAAAAAAGD3wu1xoelRdtuQQ06eNgAAAAAA2L1Y0QbJr4w22iHtrX5RAQAAAADAVmJFGyS/Mtpoh7S3+kUFAAAAAABbCbdWsLE9ymijHdUGAAAAAAC7Fm4tJ2d7lNFGO6oNAAAAAAB2LU60IehjhhxyjxwAAAAAAOxaOBGR41cWwm1DDrlfDgAAAAAAdimm2WD7lZnZdrzLkEOOaEMDKvnxiXxlq58CAAAAAGDjUYmITL8yY+Z4EW20w9rbktr8xGeXb92fpWdeffPcPh48oDI7fuPmxNTTpWJZo3g6t7d/9NnjR/cmzb164eHly188zC/VKJHd98zpl54bTLrnFm5fev/yXPJI59vnejbvKwEAdigN1FFl4k+/vPS4rIedpqRHL7z+9aHY5j8wAGC3YZoNrl8ZbbSj29uK2txXl698Nr5YIyKiueUaUdJ7hDF/+4//dHm25p5Smp28Nzs5OXHu9e8eSVNt6tLvPr5fplSuJ6ctzU5+ebFA3/vhcznz4MrDq9fndOp85ghsBgDAOllBHenlai3UZiAivTS/rBHBbAAAbDiq6VAmQcRMv7Ipt9uQQ05WtcM2Qp//8p9+d0PqgUOoPb7y+8uzNaJ478jzJ0b6M0qtuDB1d/zO45J5QGXiy4dlUvpP/+D10aS+cPVX790sjN98fPzCPk5k5K/eeFijzOjzz+c26UsBAHYqK6qjzNirP36monksh9rDS//8ad4gpefIcHqLHhwAsLtQ7TGi41c2EZBD7pFvK/TC00KNlOy+58fidz+eKIQcsnTn6kSRSOl97ntvHsuaslxP/9DoafuIxdklnSg3NJAkIqV7sD9xs1BdnCvSvk6av/XpeIni/WdODyib+L0AADuRldUREY8n03H5pPnxr/IGEWWOnDqU2ewnBgDsTuRog9fHDDnk/pjDtiE+8vKPckWe7YwXvrwfekRx6v48EcWGTxzJRl7GWwvh+vlKX12+M0+89+SpkWTIaatF14Wm1XVjm9lmYCdh/O3/uan3i8dZV0/8ay/Enxnd1Pu2J02pIx+V8c/GC0QU7z9zogfOCwDA5qBaI0Kfj1kQ5JB75NsMnsx2Ntitzz8tEBF17e2tTN28/vlf8rPLeryjs3/k+NmTgxmFiKirN6OMVwuT05Wx0SQtTM1WiWJdPZna5EfX8wZlD589kpyf+PLO5NMyJXuHRo+MdMcb3DLqSXRRqWpr/6IAbEdqNTEzXf2nX9Jr34+PHtrqp9limlFH/lOe3Lg2pRFR7shzLXFeAABAMwSjDdhiG7bdWWjlqk5ECi1cvfjxuJU9XFtefHjzUn7+7A++PZIhSo4cG75+6X7+6i9/MZGhpdkCKdmRsT1PP/v14zIlnjk9Wv7odxfvW+c+vD9xN3/+e+cGVms51LR6y78dANuF2rXLMBuaUUdelm5/+rBIRKmh08e7t+CJAQC7FXXrx6PYbovtzkI3M4702a8mEoMvfPOlI3uS2sLE1U//PL5Um7p2dXLwwlCM4oPnXz8X//jG/dm5eUrkho6dful4/M77d5cp3n/8dHL83fslSu37+usvDukTF393LX/n85tHBk6vskLaQG4S2MWIxfmtfoStpyl1JFGbuH5z3iDivcdPDq4hxAkAAGsF0QZsm9u2HdrUpd9dHC9JM4skRr/z5tf3NTULYSxu1S3E9525MNYXJyKlZ/Tc6dknf/hqWZt6+JSGBohIyQ6fe334nHNaZeL9W4u60vX8uWf0h+8XiVJDR0azMaLRE0O38uNL+XyJcpjSBACwCppURxb63OefPa4RUcfI2SPQNgCATYVv/XgU222xbTsURfELmj85nu1MERFRprfT9dYpnb0ZIiK9poXNkK5NXb0+VaPM6KmxLK8VK0SUzJhpxTyVShJRubjqJaM5b0ebDIDNgXVhAuPVqaPinWt3lokoNnjyeC9KoQEAm4tqrQFsjQ7RRjui3Xbw/nNv/VfnmjgwlNxgf/ze/RoVZxdqZHfV+tJskYgomQqpQtRnb306XqX4vjNf61OIlHicqKrbHbpeqxGRklz1ikvxmIqSaLBriZ96YasfoQ1oXh3Vpq7emtOJKDt6ehSl0ACAzYYTOWNEQhvt6PY2Q69UisVSsVKx0oaLpWKxVKnYA3Rl4MSRToWoNnntg5vThYpWK8589dGnd5eJKD08GqwyXLpzebxAvPfk10biRETZ3q44UWEqXyAifeFhvkoU6+lZ9fTpisKSiZiCmAPYVcTjrG8g8d0foB6aVqGOjPlbN+6XiSjxzOljCNMAADYflUjYc/Nji230dltRm/jgnQ/y8iLR8zf/+ec3iYj3vvDm98bSRJQ7ee707B8+zVenPvvwHz9zDuS5sbPP93LfBSsT1z+fNSh7+KUxK5lY2XfkSHbq5vyN3/xiKmvOs5QbPbHPf2IzKApTlFWHKQBoJf/mf9zqJ9jVNKWOao+u3l4iIqV37PQQNAYAYAtQLY8yttiusN1WxJMxhWohBQqxVMrug5XusdffyN2+8fmd6flitUaxTLZn+MRzz4csv2Dk7+drlBg9e9z18Ck9p797nv78+fhjc56l506/BP8fAGBNNKOODIrHuUI9z58bxarQAIAtgR0+/z9ZaSimXxlttMPa/8PbfUQkHPvB2WX9z26QkP4hIiEEyZ/+/eRT5+X7d8eGtuSlXwuVualCrH9vJ0oQAdi+LBQqqmIwYoKIEbOrthij6JiqEO6al4IECUYkSCTy/8E5JDb6bzfn+QEAwGSxUFEVS3GZ2sxsSp/tj0TEHAVnD/AsMRGRqqwiUUK1B3+2XxlttMPbu5tkzyDqDwEAAACwi+HWuNAaGKKNdlQbAAAAAADsXrjrUcYW20ZbAAAAAACwe+FSkrp3Cznkni0AAAAAANi9cGIUNkYUkEPu3a4HBCsAAO3GGvQSVBkAoA3ZPNVkVk8zIfuYheNdhhxyWQ4AAAAAAHYpVm0Dk33MzPUxQw65LW8GuOIAAAAAANqB1o/KuOVXFpKPWQipDTnkiDYAAAAAAOx2uOVXZraPWUhtyCG35Wt+wxhz1xsBAIB2gTWlmBzdJy+dBAAAbQRrSp21JPTAheRXFoKISW3IIbfloW9go1eQkbVSIQAAtCuMnITMqAMYkYAiAwC0OcweeDVkvbaDFW1gjIQQaKMd1W72hYo4EPYDAKB9iNRIItBo8kQAANgKVtZmLcWMNpipKAxttKPaa3i3WPAjQvwAgC2FEfMpohUtAf8BjMF4AABsPYHB2SYoJs6Ylb5uepetVHYSkEMuy1d4j1bZDQMAQFth6TBHdTGCowMAsB0JejpaeHFujxGdrexjhhxy1nyCkoX0fsqnbky4DAAAVokIbfr7VhahyqDLAABtQuQoa8NcHla0QRovyv5myCEXjgQAAAAAAOxauJ2FYvmVvZ5myCF3JQAAAAAAYNfCZb+ynKMCOeQ++fpAwAIA0D6sWSNBlQEA2opNVUrczOCUfMxoox3eDuIruwlOUWLJseIbAKCt8MxAIhxNxhhjjBiT9ktzQmA6OABA2xG11ltgzreWTFdjRRuwxXbFbVSP2eA1ZNJriumVAABtAJO0kqdbbdDFOj4R+X8AALC1yEOsxoOxEOGa1BgPPR9ttKPa0SITYTrmnJ4ZEX0AQJtiLg/NLGedIFljWd4SO/oAXQYAaF+ckKg09orQWesLmbr2GO7sAAAgAElEQVRmg5y/jjbaUW0v6EgBADuABqoMWg4AsDNogTbjTRwDQCTuO+gJT/gPY8yTGgAAAFsDiypRkGP9zCeUjnJylQAAYCthUSWlssTe3Sr/B8wG0GoCrzCsBQBA2xGiqRp9DD0FAAC2nJBR1oYpK5gNoJUEljRHSjAAoC0RIVWEUVM4mPFS6DIAQBsiwmZq2CCPLcwGsC5YyLsqVUUHjgYAgC1khfkdwrKTgm47aDIAwNYToppC6qGZvGvdwGwAq8PtQUP60vDyBrOuAeF9AEBbYC7OwEOLGSyFJX1y9zLOsAoNAKB9YMHqhrDChqBkzWoMZgNYJ2HTLDG3P8Y0rACAdsNUW0xewiGgpoQn9mA5PqKnlQMAgC3AP/VqmE3gnV16XcBsAC3GKmcIvJ8IOAAAth53RVVXSVlLNPgO9B1kf0LAAQDQDrDQCSoFEYmNm4oGZgNYB9ZUhBETEsqeOgQcAABbjWUJCCtNyZHKYXs3K8mzLDTZvg+GgAMAoE3wF0NHFGLJOm2dwGwA60eErN7AWFhhNNsbV50POnpfAMBmoRvCqWew4gZODiVzQgty92tnMnlUmaW2RKxPvvYmfQcAAHC1mTu+Cmgz34oNLRtvwWwAq2ZFe9WNLngDDkTUm3DNhqphbNgzAgCAB03TueVxc+IJjo4S4SF9Rq4qs86wk5xie9zDjOomPD8AAJi42iwk1LByhtJ6og4wG0AL8OQp+QIOTu4dI0Z0KptJKNYB87X6Vj0wAGBXYRiiVqtzztzSBlM1Cc8UDsyZ+o289YVC1mTEGDM6ThFPmPtFbWFLvhQAYBfiajNy3RmWt9Ybamjt1KsmMBvA+rCD+74AmK+cwXlru1TlB3tzMcaI6PJcAeEGAMCGYhiiUtWWlquqyrkcPXARnjlYhau6bLmk3pzohJrVe94iphKRsXCVCMoMALCxBLQZBawCf6jBzVBq0UQOahPHAECMmDw7EmPhExEyZ6oRIRgxYZ7EpJlKBO2Nq//dcF9J1+PElgqVTfwSAIBdBiPGGGcUj1udLJNqFQRJ87sxCiorc+uGJWw1aF0k3lff99+KeqVOCVGobd2XBADsAgLazF+K5YZEIyaqIQqaD6uNRcBsAOvGMRJIhM2nxEgIcmwIRiSIM+pQFWueMLOTtixiyRax7RKPeSIZK8IjDqnKBgBsL2RnRNSEzaELGzEnGu/ZSEWBQhr+uxLXG8KEVVBoWQ22XpKUEjMvQpK+EoKRklKJSLGe3qu2hEetyeot8i8AVQbATiBKm3k1WJjcI5R0ms9WCElP8usV4aR+tE6bwGwArcJZcsQbcLDeV+GGLJjVJZs2hBW4YOQeH/Lmh+BdCZFhWiYAtjvM0yFGHSQ3A/MOhtkMTPa9ufEEZgb0hRPW93W7dqhBkF+VyVEId6xvKT1L2dn/cR9RSFoqSmFBlQGwM2hKm/k1jiRjnhG/f3Fnt2LUEYuIUEOLNQrMBtAsK+YpOVH9kLOEpw+22/bGRUo7Fsw5X75cyEpy9t2xNgQAO4HobtYfT7czjsjXQ9sdrblEA8mGgTk0F4KYsOdycK/paDDfEtGyKmPMp8SEeUGrcJrIXNlBSOYCQZUBsDtZhzYLKIIwm8EaeIXMnhQcj60/QwlmA2gRXhtCDjh4RI7lIJzYPXP9dFKP6+l0fd7FBh0qYvoA7GwYC/Sk5PnpSwZDuM1gqhDmvYLwX8efOuxmKklFDnI4gllqDaoMANAUq9ZmZIVGhZ31FHTWhlY1+EMV6wJmA1g7HmNBCtCz8FQls8aBhD1FOhPOT4S5Gb3Mivr7XHXybRs+U0u/IQBgk1nR0c5Cm54uUTIYvJF8swzaTfmV4g9OUFR+EhZmIZDXcoAqAwCEsmHazMqctGsWgulJrjJrdY0UzAawCnx5Sg2Okc1lIQwiNyGJWUF4tycm+832uevCZ2sKhPFCdgIAdhoNf/ghhwinc3W6ULOmWbhqyvL2Cafa2atAhCBZ57lFDmRXZPmncxBhT7KmbwRVBsCOJfq3L0UYyFOX5QmZuoaBsDIeGePy1f0zR4extvUcYDaAdREMONgpAYI5ZoDHLUcU8NU5KcLmZYThuaDvvRaYXgSA3UhY8F0O9DuJRlJswT3VnGlEygD27LXmVJVrq2yhVIEl10IIM24hPO4PYesnaSIlJ5cAqgwAYLKCNnO9Et4cSzlkyrxCEvbc0LLNIE/K1CJ9A7MBrI5gwCHUchDefe5ZUi8cnDfJ0+M6N/Q2mRSCgD8OgF2Ip7TYow+YHdMnN9RAZEcShFOI7I7ybRHzBQqsthxUEG6k1N7rXlx2fAQeyVf+DHMBgN1JSCZSWHlDyCjfzZn0V17J8ynZUYyVbYY1Lx0NswG0HtfTxsItB7sk2k0eCLrryJ0G3fkcOfeIA/pjALY1jX/hZtfJZIG34NgXanDdcmG9rCfWH4FUr+We5XOCSFkBUsBBeLttbyE2VBkAO57gj9wjEb7pjzzrTwYjomTlfwv5OOazM2wXyMYpEFUI4dxeSKtSQw65LJdZIeAgHedaDvYvxJrBUC5v8NRKB67itZGZcJ8t9HeB+AMAO5GoX7a/h7TLB8kQcjdqX4P57QQhBRocA8DXliMYTvqSfbJ7mJDuLnwK0T95U+BbNP2FAQDbHOG3B8I+2D4IR4uZkQb73MCa0ORTbfJ1WxdqICLVu3adHNGAHPJVvFiMkTDs1CSnz2OeTlh20bmuPiFXFLq3F+TpOt1V4Vb/bACAbY63d43uBR19Yx3DQo6RbQL3UmH9OPOZEXKEwkoJkAwC2VBhsioTPnUlBDQYALsWvzYTfjeshZByIEly6ZI0pnKtiKASMxM9eItVDbfSRdx59MkjgRzysOmMQhYW8UXkfS+3nackF/cIElaH6spIEBl20IEz5vxr/pgYCxkxAAB2FX5XviBDCMPxQJiKxdpHUlNqSVcQjo9COlj+KEdBRcQFvUKrvst6qsDTAgB2OfJ4xjfUkUdB1niHmUFRW7NZQybm8b2GBzBYUOGs02dhRRuk4mvySCCHPGKcLqcqBUqirXdXOPauL3omPO+u89Izj8fOqWN033pzV5OWA7pnALYFq/IFWMaBqTMsfeUO9j09oveyckSCeaTSoktMathCN0/Aq8o8RQ72paW7yFMlhauyVX1lAED7sxZtZgYtrTMFc5qOM1V4R2Kekk8pmcM3XGPOECtsfrm1YtU2YItt423o22P2mv4uzbYchPeja0XYM4fZIQg7G9g3q5JlREj1hcHuE70pANufFYbF0d2cEP5ZTOWJknzGgL2gG3NuyDzzJwmP/RAmdB0lTkWW/Tn4DIEnbfiVocoA2BGsQZs5w3tGzHOENQWE6++wrQs7E8STVs48BoVXM5qWQ0tyI1VzdUzHx+yMESGHvLHN4LyLITDm6SSdFd+s3wwXwmBMnjFJSHsppI8NWPBOHQUAYIdj95bhO92YgHyGZDw4njj/Cf7xfejsRn6hkP4Tsq60/worBwoQSgBg92CGJyPqDYTrbmU+oVQuZdoLnJjhekB8a72FaUs55rAeEG3Adu3RBm9Skuf19KxPaM8yZkcbDOaLNtiBBTcrQAr0O2+8/8Zw0QGwe/BrgMB+X06RU2EQ0BYe3519DoWO4CPkwtuW7uJNvGzmi6A2GoDdQ5hGCckgkrQVk7KQLPuBCSLDYx9INgGLMBFaYjM40QbXr4w22qHt0LfHNoK9vwG5tkHaYbnlmLPEm7tmqlvQI1kbtiOPNUoIbvgzgBcPgF2CPyBvVz5IZQ8Umddr+zSI+WyJCLmbcuxmYpr/tVwhvqUlVjJ4AAA7hvVUapmffHO+2VpFshDITV7yxVHlmERwubeoWfVXBaIN2Da1DXndyTOat7pGr53gvqq2kSDPwSoHF8yiH+caVpKUdXHmux3sAQB2IY37YznaYFsLko6KNBgCEhG2y9ZfXplPNQmf/RA0IaKeGQCwM2jyRy3P7yJrJ2GuzmCOgpz6KSmjUg4/MOsoWShfyzuWImqJ5aCSNDp023Z6OuSQM5+/zn7zgr8Bud7AF2Vg1tLQQt7tmTtM6qydjALDG2dAFwvAbsYb1ZTavsKnsPikf4VKX810yM0a7ImIvobqP7/9gmgDAMBTlOUd6jB5FCTkqKekzjyWA2NeocdyCNZRrNNyUKkNPNnYtv+2qd+AnQccyEyyfw/E5BiDu8KbvfpRYIpz7/Wl3jdqlWgAwI6k4cwMkYeGVSuwBkaBt7650bM0ql5YjUECZwgAuwxPGlKwcspbdeWYAs7ikq5x4J9v2mc5sKgyh3Wh2pPeuN5lzxZyyC2J9FI3OVuIM7B34wlWlMG+oGkwCJLWjQ7MW+Jb7yHK32gBSwKAXUdzvaJ3GsOwA7z6g0UHFhoUUbsny0TbGFBZAOxUIt2gTsaR8HoqfOsuOLM/O+mQjvFgJ28zx/IwF38Lc6gGLYf1BBz80QbT9Rv0N0O+y+WreqssKyDUZjB/GsTMd1v4a6Ap0MN6oxVe2zwsewoAsKNoLtbZ4Hy24lFuEdbqL7+ag6LPXs/JAIBtgtcs8KVKMl/ykhtesI0H5tgW3jwlcowDFrhLq1HJngNWOBXddhtyyGW5yQqhBvMKrsngtRmk0gZGnvJoz3Wchi+bwHMNAMCuYA0/ed+8SisdzVYe86/GKoCOAgCE4klACtEq8uKS5ImkSkaCXPBgVks7loNneiUpytDCgINKzgybkr8ZbbT97ajfQMBmcNeD9gXy7Q2TbQbZkLDtE8Y98zJFmCmI7QMAiMKUQTMD95Ap0pu4R4O0pUbAkgAAuAiSZl4zkQf60hwwkUaCK7cnnZQ/2eOsRpbD2rCjDc4QDW20I9pNdpmCRLirz6p8ti6i60I3iDPS9dX2qDAYAADrB2N5AMCW0GAYI6I+coUJQQonRSG7FlSyBCSzgAVHYuF3WkvAQXVvYVk3aKMd1g595wKhBjc9ySO0Agv2PMSsqhmphMo5gw0AAAAAANAEwjCoVKkl44oVYBBSCMLMKndzOlZOVVoD3LwUuWNAtNGOakdjHeCdqUQ+yzZAiEiri0wqxjmHzQAAAAAA0ByMc5ZJx7W65Y11RlYWtgPXOZ6aGcKtBu5eV76HZws55CyYoRR8D0ODYsJZYsGyGYxEQoXBAAAAAACwWhixRFyt1w2SLIeQRXjDEst9I7c1FGtJ0QbnIv4t5JA382KFhBp8i7IJEoYg3tqlRwAAAAAAdg2ck+43Fexlr0IDDi28tXxLtNFuoh3AthB8B7lvsGQKB5Y5BwAAAAAAzcPM0ZSU0CHccZdzkDwSaxGy2RD0MaONttVeMUPJc46z25d4J9YwbxIAAAAAAHDRdSEPrrxjLV/AwcM685R4E8cAEI1dDB0WarBs4TW8lwAAAAAAoDHeVbBYMOBgD8ZaMwyD2QBagPmaBkINghjJ7zRMBwAAAACA9SN8nlnmHYC5xamtHHzBbACrJmiyhocavOlJYoUKCQAAAAAA0BSMyJONZA2zQgMOHtYTeIDZANaBd7kGIr+l6zNzEW8AAAAAAFg/4eOrwDCMqJV5SjAbwHoRXnNX3iEfgVADAAAAAECrCAk4eGl5nhLMBtBi3AylgLylKxUCAAAAAOxSRNgqb6F5Si0EZgNYJ2GLt8kZSnahDgAAAAAAaCHOUrsheUqeY1ozEIPZAFaH+zYKOanOLyFvE6EGAAAAAIAWYgYcvOtqeXf7EpdEyHhtVcBsAOsiLBDGPPOueo8GAAAAAADrJWSQ5SR4+GMLrUpbgtkAWon/vUQxNAAAAADAhuEvjCbauLkrYTaAVhMIfSFDCQAAAACg5YQXRm/YqAtmA1gXbiQhorBBFmLdBgAAAACA9RM5qgqUN7RwZhqYDWA9RL6HsBAAAAAAADaThqOvFtgO6vovAXYjkfEv5s4XbFfmbIABIZbylWsT2vSCUdZISfGurHroUHIstzYzWCzka1OkHO1Xt8HvQTcePSjfmqzPLAvNoGRGGRhInDoS71ZWcYlbHy5drsa/+2p6YBVnBShXf/PH8nJ/+oen4glJXH9afOdjLTXW8YODKs2X/vGTWjmbevPlRHf0laqF2t15Gh6Kd67neQAAAIBdiTMNq9UKq4q2ECJ05vwmUeWKVbTRjmpbkkDBjWwVBOufhbNpZfzBmLi2/IdJwyAizjIpqlWN2XxtNl83Xs0e71j99XTt2rXyfV3NvNEx0ubDVk27/FHxRoGIKJnhHSSWi/r9u6UHU9o3X8mMJFa+ABER6XNFMjR9uU60nu+7XJ/TSFs2akTynbVlo2hQecEgonpdlDWqaYbR6ELi4a3SJ0/ZYkf8/J51PA8AAACwmxAkzMkrzQGYf8zm7jV9uEI+YG3mgyqfgjbaUe1mESJkfWjRyuqcpYniHyYNg/NDJ9MvDqkJIiIxl6/+5QkbSK3xmrpOZFDDoW07ICZulG4UiGdi33wpPZJiRERV7fKnxRsL2odXq3tfTqz1D7BRqH2ZH79h6DHe0KIRdSIioRuYdgsAAABYDUIIYiEGQNh4bP2otgmCLbaNtuumVclK9a/u6QZR7mj6wpCTUsR6+pPn+omIylPFf7xWHziTfbWfEREtV375p0ptKPP28RiRWMqXP/lKm14WGlE2Fzt2JDUws/zLu6YvvP6H3yz8gaj/uez3Rni1UL1yu/rgqVEhymRjxw4nT/YrRETV2sU/lmb60hey2sd3tUWNOvqSr56KL90pXpnUl3Xq6kteOJ3sMb34Wv327fIXeX25SvGMcvDZ9Jl+RSWqzhR/8Wm971R6/0z58pShD6T/5nSsHHi243u8OVfl2o1pQcSPn8mMOPZBIvbCmdT078uzT6u3CokXspEX/+gLbboslJRy+Ghc91xXLOUrn/ylNl0QusJ6+hIvPpfcGyOq1t7/Y2mxP32+Q/v4jjavxt/6Tnrvav/vqtb+8MfSXF/6r0/FVaL6cu2TW5UHT42KQcmMcuBg8kxH7Z2PtAoREd39ePEuUXIw/den44mqdut25cu8XtAomVL2H0y+cDCWIiKq3/pw+TMj8eoY3bpZnSrzF7+R4TeWPqnEv/sNO+dKr1/+0/KXidTb59rOjgIAAABayqa621Q3CQpbbKO37UJVnykSET/YH16GUF6oVwyxOK+TeUBZX9RIKxhVosR8+bef1sop9dhRtUPTH83Ubz2oHziU+Jqh/eVevUBs8GCsh7PePYwK5d99WJ01KNcfOxgTj/LalU/rM6c7vzPIqVqfq1JxsvRPKeVAXyw+o+Xzld9crJCqHOiPxWe02Xzlg/vqjw6ppNcvf7R8o8D6DySfzVLhcfWLT5dr57IX+litoBcNUbxWvE8sl1P7+hU17NkO7fHWDBTqcwZRSj2Y9X7nlHqwg2YLxsy8QVkevDg9Lf32U61IxFO8g4wvr5bluEp5qvirq/VaJnZ8TM1U6189qPz2Y/rhK8nukv1NDUplleE+tTP0L16s/uEjTc510iuSVWJepKCXiTr12kcfle5q/JmDyb6YMTdTf3C3dvDl+KlDdH9Ky5cp1x/fn6ZUn5rQtY8vFb8oUrI7djRLizPa3VvF6ULmh6diCTJmiqRp1YufEiX44EC8N8EKnIxi7frj5MAQJ6LqbPXLAlE/w4QPAAAAQAtRzdymEB8z5JBL23bBMGpERCzVbB6/S7mgF4l6D6bOHVSI6PiYJT95jM1M1AuGcvhY+qBCRGLianXWoNxYx48OqVaN70faw9uVucF0j3kOV158pXMsQfWp5f/3al0z1G++0nEwRtWp5b+/Wp+f0auHVONx+VaBMgfTrx+PqUQ0pNT+uXjvbu3FPvvRY7FvfcMqSChPhD+bjG5WCCR4zL+Hm+ZFrS7Fc9yLi3sfa0WizJBZuyyWJpZ/cUPXrOO067frFa68cj5zOEFEiZHE0t/fqn4xnzxv/cH5sZc7z+2JfgU0MftUj9zrPDwRFeszVeJ9iZfHEgkiOmTtGhhTaEHLl6lnJPVCHyOi8kTxyyLxPakfmWlX1dr7F0sPJ8t3j8aO2+GDrqMdbx6ySth7DsYuz2jTE7WloWQnGffuaRqxZw/FVv+OAAAAACAS1RkjkneMCDnka7QZpLGrnJnUmiwlzuNERKJcJQoMnxuT2hPr5frsraWfT6l9OWWgLzbcp4aNLPXZRSLi+/usgIbaHeuLacWy/qRKltmQUvYmiIjUFE8RFVNKb4yIKJFgcaKKLgwSc091g6h4r/i396Rrq3rRfvBYX8wpYm7m2ZQY56QbVUMjH0ZNIyKKJ9z/r6SL6zPLRMQOHDSNC9Y5lNj/Zem+eZWyPlMmIv3D3y18KF2xXBZkDtBT6uEGNgMRdSf/xStJORBRnlj6+xthhkQmdiBTuzFTfuf3tb6cMrAnNrwvFjZ1kphb0A2i3v6YZSMkYge66eGMMV0QttnADw66016pfYnDGe3GQu2rQvIFXv3qKfHuxLO5NrJ2AQAAgJbDItqtyQoPw442yD5mWQI55M3U2nsrnjdw0YaE0pehfNG4l9dPdqxyGqCO5JvfUu5P1B4VjJmp6t171eRg+ken48H0d72J4mhPAgyP/AP1H+94uc/dqyR4J9GS2ZZ/4008m5pVe0ibLdfvFURPVjq3XL9XICK+v9t9KMVv7jGFu/v8f7hU7Fvnkl3uyawjxWje+p4tS/VRYi98o2NgsvZgTp97Wvtksnb5q9h3X81ETQKrNLox45696tER5dYt/d6Etl+pzRMNH4yHp1QBAAAAOxpnAiX787pmXPXBrdGhnJfCAlvId718TS9u4GML5lNSjx5UONH8V8UPpupV+9oLM9XLt6pPdIolGBGVq4Y5Oc+T6brsm1dTscNjmVfPdb797czRFFWmtSc6kcLiChEZy2XzKKU/S0TGo5m6+bk+p81oboShOVhPt8KJFheMVIfSbf6b4vFoAyP82WRSsecGici4daU0Ubb/klXt8pXyrEGxvuTh8Mlnlb4OIjKmZ6zL1Z9q084fJaX0pIiqeoF4t/2cHeqG+ekVdf9I+vzpzh98p+tb/WRYBg9LcCKi5ZL5paw/3cxjrWx/xwcLRMQHspEP1jmU2B+j4mTx/QlBidjxftQ1AAAA2NEI/6BqE9bZVUN8zNhiG9g2S0QqUgvjD50jmW/OLf1hyrh7dfnuNZZJkF4VFYOIePxA4mSPmqFacbL8W0PrqNYfPXXv++TW4m+n2P5+daCD68vagzLxbqVHISJ1fw/dzRuffVSY7uZKR+KbRxO9M9XZ28VfFtQ+Lh5N1YtEw2PJntU8Z2ooeexe8Yup0jsl7UCOUVWfntGXs6m/eTnE+Ih+Nhk+8lzm2eXiFwXt9+8vJjM8RWK5KDQinom9eiokbEJERGz4UCwzo83eWv7lgtrHxaN8vejujX3tqPrgWv3Kn5am+9UuLpYL9UcLdPjrXedX82VXRCGqzxT/4Wq9oy92oJsrhn5vjiimDKSJiPX2KXxGz99a+k1eUbj6wunk4XvFr56Wf/lhfX+WFme0vEaZoeShBvMixWLP7WMPHwiNKHcwsa5l7AAAAIBtgj+24LAxDkAlN/QK2Rkp5pgPbbSD7RdD1lFraE0Iz38cDMHi8XWuxcy69yVGuqhaFRVNlKvEkrxnT+zkqfSJLkYptTdmPF3Q5xYNLRF74fmE/qRu9CWe71MSHdxY0p88rU9M16dL1NGXeOV0qlclIpbbo+hL+uKyMV8ylFz8yP7EwV5Wq+gzc/r0gsE61bGTmZf2mVkz4skjrZJLnNynqETEjelHdT0XPzmgcCJi4vFk3ehNnOhXOFf271c7NP3pQn1qVp+vUKon/uLxZG+cKXp9/LGRG04d6rb+hNHP5kVR9g/F+lRRLIuloijrFE8rQwdS3zyd2mtXegQvztOx4S6xuKjPzBn/P3t3+p04uu+L/acHITEaMGCM8WwXHqpc5arq6t67dp+z1z73rJvXWcm6K8lfkLVuVub8Xcl5dU+Su5Pcc7qrd3WNnl14HjAGG7AMQkgIKS8YXQaXa8Quvh/3evrHD4EeKFnWM0g6K3OjM46xUumYrDPjVhcja491xEdKrnx8Wk6eGZrFMnzH/ihssTLzOF7S6p/0MmbGD3UKiHOhC/OJOLO8Fy+7BsWojxEzj+Olcq8412/hbcxWNFJp/TCpH6QNzm2dn3dEXRwRiT7eq5ZPZCObM0o2/s6weCdsETQjk9WPsoZmZcOTjr/MCDYiIioca8ec9e641XVhRIFz2o2d/bLKLI8f2Htvwe2+AQAAPpFWKjNWPRDjuPp9GyqPqz/VsLIE1RJNh2+V/7P28yAu48Z+/N863pON8uaX/+1/GbowycisT2JqzD6qDimY9Z/aEFp9HM009TLncuIKN/Dl5XZy/8dqWRh0/BcPPrdhCgAAcJPlZZW3mLVmQqXp8IFmA1FTf3DlAUdExF95KuF7GNX6lSvHgYgRt44BbrTS2k7ZIDY5hjYDAADAV8HINDmqtT0qN6Kuxsgj35S/FlzyEjqkbGoGOQdssz3XWBgAAOD79+WPynjiuGq/8vsl8sg3lZ+lzYnSAF+KRfj5H4VOVwIAAODb+3adtqzex9yY72SaXFOMPPIfcSUlAAAAAPgesVpfcvVC/e/3NyOPfCUPAAAAAF2MVfuVqUUfM/LIXzznHgAAAAC6FLvQr4wYcdsYAAAAALoXq14ux6xfNAcx4pYxAAAAAHSv2mgDSpQfKAEAAACge7HqzXzJJI4QI24XAwAAAEA3Y1zlpFfiyCTEiNvFAAAAANDNKqMNXKVfGTHidjEAAAAAdLPqaANKlFeXnd5QAQAAAKCTmkcbUKJsW3Z6QwUAAACATmIckdnoV0aMuHXc6Q0VAAAAADqJmURco18ZMeLWcac3VAAAAADoJFY5Lqz3KyNG3DLu9IYKAAAAAJ3EakeHVDtGRIy4RdzpDRUAAAAAOolRtV+52qNc72NGHvn38kD+qs0AACAASURBVAAAAADQtRhV+5WrPcr1PmbkkX8vDwAAAABdi6emfmWUKK8ov5S8rH7BdwMAAACAb4CvR81zURAjfi+mL8fTY/uC7wYAAADQVaTzYkfWy+pRc48yYsTtYgAAAADoQpVzG1pDHnkAAAAAgPqVlFpDHnkAAAAAgAuTlAAAAAAAAFpCswEAAAAAAD4AzQYAAAAAAPgANBsAAAAAAOAD0GwAAAAAAIAPQLMBAAAAAAA+AM0GAAAAAAD4ADQbAAAAAADgA9iNu6kY8jczDwAAAABdjBHX5hnkkQcAAAAAIGoabWjuYzYvlcgjDwAAAABdrDba0NzHzF0qkUceAAAAALoYa9HHjBJlu5EHAAAAAOhKjDgis6mPGTHiljEAAAAAdDFWPS6s9ysjRtwyBgAAAIAu1nRug3mpRB55tBwAAAAA4MK5DS2PFJFHvt6WAAAAAIBuxVocNaJE2bItAQAAAADdinX+eBTlrSgBAAAAoIvVRhtu1HwY5G9gHgAAAAC6GDPrfckcmU1Hisgj35wHAAAAgG7GuKZ+ZcSI28UAAAAA0M14k4jjyDRRoryqvEkM+eRga+80k1N1gxPsTm9oYHws4GJERmbp2Z449zDq6XQdAaAbaPn41v5hOierZeKtTo8vPDoy7LV+1XXKe29fZQeezvfxX3U1AACX8JUeZZQory5vDjm++mJdcQ8N3Z1023ldzZ0dHWz9ni09/SFsM3S9pDG901UEgG6gn62/XDvi/ON3pn1OnnRFOj4+ePM2d//xXT/7iqtVy7pe1onQbACAb4xvTF+v9CsjRtwqvjHy8b1zcej+w6ir8mfZ5fL4w4OaxgmdrhkAdBX95OhI9cz8KRqu7n2cHm9gcFw1+K/YZgAA6CC+ccpr/RgRMeJL8Y2hl0rEO8WLf5YtQlOjwdAym2/3jrJFnQnu0MjcdMBWfam0v753kJYVg9ndvsjk2KjXSqTuv1w+G5q/H7JUlirGl/+2Z3vwh0lfdR3y5u/ravTxXe83+4wAcAvoum5YHbaLPRZMaOydtHR8fes4I2sGs3lCQ9PRgJMRkSEnE7vxVDpX1HRm9/jHZ8fDDkZE8t7iK6l/zn8W20nLttGnP4RtpKa3djYTkqwavMPpGxyfGXJV3jsX31zaS+cUg3f4hmfvjHosRFSMr/5tk+78NBuxffvvAwC+fxZP5Gn96BAlynblk7uuSxvPp4xBGCZnEz9naF2wKCf7R+ec3eGwC5b3qmDIx7vpdLboHLtzNzo00FNKbu+nhf6BHguRvPtyeafsn7k/PTMWdBunm2vHam/Ib7MY0tF2ho+EXRYiIuVwfe9ULpZ7BkJOjojo7GBtnxu4E3SjAxEAmvCikd47Oi1anW67/dIIg57e/H35zD05M39vbGzAXU5sxM6cg0EbR4WT3XQ5MBi9Mzo56hezB2vHlvCAmydSUocHydO05h6dGJ8c8TksZnpt8U2KDUxN3Y1GQm52nsqLQS+XScRTZ+dc39TsxOSIX8zFY3HVN9RrJ6JSXlKt/n6fA/srgO+aquqMVWeDcJUfji4+psZkEa4+a4SjC2kiIsY+4nDO4os8vQlHpShvePnjTWk2cI6gv8fMxXf3YxsHh8lsJl80mN3l4LlKs2EvYxmfm4/YeYtFcPZYpPiR5h7us5vp3YVDNv54esBhYRarw+u3SQdbZ/ahfqdTKB7tngmRUI+FKH+0tm8J9xspSRwMORgZ2Z3tI3FwJoy/wgBwEe8OBcXiSWJ7Y3drP5XKnOc1srkcAiMi9XB1Kx+afTjkYEScRfD0UGIjIwwHXJzQ0+f399gE3sIsgltUDvZk10jQxZGaThzJPbM/RsNuQbBwpJ2srWWc0w/u9om8hRcc7r6Q115ZrOCdezLaK1gsvNBj0xKH50K438sTc/jCaDMAdIFONRt4k0yOuNrRIWLEreObRPSPRP0jZOhqTsrl06eHy693/VNP7vUKRMQsDpdYW5LjeWboBhEp+YJh8/U2Bu4tHr9IBzmZAh5Pf8i2eJRUI0Ni/ihT8o+MD+XSr1IneiDMzo/Shn+qF6ceAsBlvKsvOt8XJUMr5CQpn07s/b57NP743qhDPsuZSnH912R9WaNkcZNBxIxiOrF1kD5XSoZJZGia4TYMIkZExOxuT313U8jJhr0y++g9zO521tsGosCTqeNSEADw9fHUOEYkxIjbxzcO40WPX/T4A+G+zV9e7R+N944KRNU/vpfolz6EUY+c4QH7fiJTjLgPT3X/lJd32cP2xeOTUkhIpcn/VS+KAgC3HxMcnqDDEwz3uV++3Ng9G54lIktw5vGc/9Ky+b03ixnX9PTjkFNgRNLWr6+Vj1/hF6o4AMDHYERmrV+ZECNuH98Q5WKh/Akvs/c4WTEnaY33yWYVcridRETkDIXccvIwcZym3gEfI7L3h+1S4jQRz1oCQR/+QgPAJYamFI02zzFnj9PIp/OXn9FzssLcA2GnwIiI9IKqtnsTl9vN5HS29AXrDADwOVilRxklyg+VN0MxtfT891/fbu0nz7J5OZ/PpxM7C8snhn+g33HV65g/MujMbSzunBRKuqak99Y2srbBsdrsI1tgwKPsrqcoEKo0EmyhPre0s3bCB8MetBoA4BJD2lp+9uzt0tbxyVk+n5els9P9tZWNnG1g0MtIHJwIGvGNpbgka2W9KKcPNl+9jeeJeLfbaUj7B7JuGHr+eG0313YNfGA0YsvG3m2eyEWtJKeP15fjUrs2BhER6emdN2930piwBABfB0/V+esoUV5VdnpDrbGFH/8k7u8dJ7Y2ttWSbnC83dkbnnoy1msjIsbzVsHaOBGBCTzPW3hGRMw5OT8rxPZiL14qOglu3/D9qdFGi8AaGvLv5oqRwdqZ30JwMHggFwciuOE0ALTAfDPzD+OHB4nE2mFR003GW+1u351HIxEPIyLeP/n4/l5sa/PFumrwVrvbFxnvcxGRa+TBrL6ytfwvMYP3BO9EB4trcuU6TLxo5QUra15F9N4DcWd7Y3lfMZjd6R8ZdzJSRQvPW5r2c1bBahF4IiK9qEgSabgVHAB8HdzIk/+VqPmsV8SIW8T//t/1E5FZH3cwG2c9mLUnzMryjR8iMk2Tmh/pZc7TgyuKAwAAAHwi6bzIW8xPupKS+d6VlHjLR0yqqJzbUD/rtRpzTTHyyN+YsQYAAAAA6IzKuQ31nuP6XHYTeeQv5gEAAACge7HaLJQWfczII9+UBwAAAIDuxZr6lU3EiNvHAAAAANC9GqMNKFFeWQIAAABA92I34HgU5a0oAQAAAKB78TfgeBTlrShvlny+WCyWOMZpGu5sdLsJVt40TZvN6nLhyrxwmyhFTZY1wzDK5SvvwQZQw/OM45jLKdhsQqfrAvApKreEae5RRoy4XXxTpE7OXU6bx+OwWi2drgt8AaVSuVQqp07O+4I9na4LwLUoRa2glHp67AL2QvAxNK2ckxUiQssBbqPKLR6ae5QRI24X3wiplOT1OBwOAW2G74bVanE4BE+PPXVy3um6AFyLLGtulw1tBvhYgmBxO+15Wet0RQA+RaXZYKJEeY2y8/Ky6nbbBYHvdEXgyxNFq8tpy+eLna4IwIcZhoE2A3waQbCYJia2wa1UH22giz3KHPLIX8p3XlHReB5/qr9bVqulqOJkFbgFcD4DfA5dx/YDt9Ll0Qa6lEEe+Zsy2sBxHOYmfcesVstNaaECAADARc2jDYQY8ZVx52kldEV/5/BPDAAAcDM1jzYQYsRXxgAAAADQpVinKwAAAAAAADcdmg0AAAC3lCElUvlPP71WSSXOSl+0QgDwHeOp+aL8iBG3i2+NUnZn9e07dfjvf5xw1JNGPr72duU4oxjM5RuZm5vrEztaSQD4rhlKajO2tnsqKSUSXYFIdH6ur7pDKmVir9e3UudFZu8Njc8/GvJUuu/UzNbK5k5KyqlkdXkGp+/ejzjf79grxJ/9chB6+ocJVy1TSq4spcZCfS5SUksri/vZnMGcvv678zMRV+PVRiG18not4Zj7t496L1Qztfl2y/vnsLdtrSpVO91+u7BH0z//FLF+pS8MAG4F/kacaov45se3QikTe76wpVpJZc1XRzRO1569zUWePP0pwKuJ9b+9eCX+/DTq6WRNu8TS0hoRzc3NdLoiAN9UYWdlJdsTffI04OLL+aO3zxdeu/7+5zGRSNl5/mbXNv3034bddL7z+s2z1+I//tBnpVL87WrCMTb/8wOPSIXE+vPXC2uep3ddze+q7LxeTyq8u9xIlVLHkicSYCStvvn91PP4zw9Con66sfD7szXxH+8GGBFRIb7w7O2ZYVGKNt24MMfAyBxmHJGo2LZWRKSmFl69SpQsZd2BG5QBdD3W4pKbKFFeLm8H5hx++A9/P+G50EdXSmwcs7HZu312K7O6Infnw+rWVgYXzf7alpbWFhZXFxZXK40HgO7hmPjhLz9FIz67aLU6fCMzYeEsnSMikva2pN67DyIekTHRO/Fg3JHYPlSJyBr56eef5yIBl2i1ip7hyVGXLGUuzB4q7CxtWHp7L9y4xjg9POsd9FmN06390sDcTNhlZVZ73+zsmOV4K1F7uTVw989Pf2oefag6OzwVwyGxfa2IiJhv7Om/+XHC/TW/LwC4JVi1RxklyqvLW8HqjQx7xffv65A7kVhvX0/tIesNeUvSGe5F/FVV2gyVGC0H6G5GsajbRIGI1Mx5wR0I1Gf6OHwBh3zaohNDLZR4m61pX5bfe71hvfsg4mheyjg9lNzhPisVMplyT6i33i7oCfmYdCpXV9IXCbtaTS7KJlK2cNhxda3EwHDYg6lJAECE0QaU1y5vL0NVS1bR1kgwkbeWFPWq18BnaW4zVKDlAN2rcBA7tQ+P9VTuc0+i2HQQLjqshloqv/cKNb6XoL6xQL0ZIG+93rXenY3YLixmnCay7nDISlRUSxZBbBpNsNqsWkm7ekw1e5gV+/sc164VAABPHJHZ1K+MGHHL+BbDXaW/tbm5GZzPAEBEVMosPd+mO48nXdRyZ3T5yN6Qtv+2JId/uOerNQPyW0tbYvTPEfHi0sbp4Zmjf1ps+05XOz9MsfBP9mvWCgCgNtrANfUrI0bcMr69GC9aS2rTnCRDVUtWO0bdAeDrMs5jvy0ke+f+EO2pNAGsdoFUtemUBbVQYqK1eTJS/G+/HdjmHs/X5wzlt19t2efmw+9f/c04Ozy1RwZEIiKbaCvpatPBvlosCVbhqiusS8enLBByXa9WAABEF0cbUKK8orzF3EGPsZY6p0Dl9AbjNJmzesYdH3wdfKrLk5SI6MH9WQxBQBcx5J3nr3Ydd//8IFA/4hd7exyrp6eloeqFTAvZTME5XD8nQU28eBajqR+fROz1t5H2jzJK/m//nGi88//3fx9GHvzjxMmpLVQda3D0eqzxZMaIVOc1nZ9kDc+084ra5ZOn5dA9z3VqBQBQw5smcbWjQ8SI28W3mTV8p3/l+epK34OZXr6QjC0mxOGf8SfxK6o0D5pbDmgzQJdR4i9ebrDozz9cvEeMZ2TC82xlIe56EHYb5zsL24Xw3cHKEqXTt7+sqxOPn45duF2DZ/bn/3y29sBIvfgPMdvPP895KLsUEyO17g8WmBgW/3VpLfzTTMimnq6v7pT7/xC+YkhVOTo2QnO1C0VcUSsAgCY81zQXBTHidvHtcLr0H36NV6YjJf/6zyskjv3pL/MBYoGZp/Nrr14/+yfFsLp8I48e3sVNG76y5pYD2gzQdbJ7K8eKTEv/5z8tVTN84PE//jAs2seePCy9XX/2z0tFEr3hyaePKrdHoPxObCev0vKzf1quvsLii/7D349fuHMD461WXrRcODOhwjP78HF5ZeX//evfdOb09T98OlM7oVrZ+eWXt+nK+c2v/ylOFv/d/+yRkSj67vvqr25bKyolnv9fC0d65UP99X9ftHjv/PSX2R4CgK7EDf/wv3C1fmWUKNuV//7fhYnIrLcfzEZ7wqw9YRIRmU0/RGSaJjU/0sucp8d2xRZ5tcTxWbjf+0U2ffgGPuF2b/gnhluhwxuqevDseen+e42KazPiC/8pM/KXOfyidQx2dPCZpPMib6nMCSGu8sMRXXhce0hEXC2o9grX00REvOUjpl9URxtQory6BPgEGGQA+CrEoad//+mvZpEHf4l8yeoAQJdgjUvzc5dK5JGvlQAAAADQzVjjlFeTOCKzqY8ZeeTreQAAAADoZswk4pr6mLmmPmbkka/nAQAAAKCbsXqPcvUUV/NSiTzyN2a0wSrwna4CfF2CFf/EAAAANxGrXxCn0q+MGHHL+KYwqVQqd7oS8LWUSuUb00QFAACACxg19SsjRnxFfBPYbdaSjmbDd0srlW22K+5RBXBT8DzuGAmfDtsP3FKsdhFXqnQoI0bcLr4JnE4xny9qmt7pisCXV1RLhULR5cTNaeEW4DimaejCgE+haWWOQ7MBbiVWv0wOSpRXlzdEX7DnTCoUCipmK303SqWyXFBzOSUYwN1n4XZwOYW8XETLAT6WppVzsoL+Ebil+HpncmUuSmNGO/LIN+VvlL5gTz5flM4VjkgrYeThdhME3jTJZrOizQC3iM0mENF5TjEMo1w2Ol0duB143sJxnMspYjYm3FJ8/ZDQvHS3L+SRv4GjDRUul83l6nQlAKCL2WxCpfEAANAl2HuTUbimGHnkca83AAAAACAi1jj1td67fDGDPPIAAAAA0OXeH21AibJ1CQAAAABdjNFNuLQn4psfAwAAAEAXY9Xjwnq/MmLELWMAAAAA6GJNow0oUV5R3m5lKXGcLrZ/vpB48Z+eLyZxCXYAAACA1hiZZtPRIWLEbeLbLX+4tbObbd8qENwD4f6Q2/JNKwUAAABwe/BE9Rt9EWLE7ePvGu+KRHEbCAAAAIC2eKLKrYBRoryyvEHK0sFO7CCdUw0mOoMjE1MRJ09E0s5vK+XxWWcqdngil8jqCI7duRtxKntvn28WDCJaff4fV4ns4SdPBwtv3x757wzk97ePZYrM/WlSX3q2Y59/OOkiIjIKp5uxw+OsohNv9/VFp0f8NiIiKmZi63vHWUUnq93tiUxODHsxQAEAAABdoTbagBLlB8obwshvLb1JOqbuPwq7rHo+tbq4usTPPwxZSS+pSvrdJk3Nzs/YSE68exPb2PfNj47M/8PQ2cqzteLYDw/DFsYYkZrVStnNd3pwOPpwwtPjJCOllzRVJXIRaafLr7fU8NSP9702UtOb75be7Dz8aczDlN3Fd2n3ncd/12snVUoeHabzhtfDOv2NAAAAAHwDjOq3AkaJ8qryZtAzG4el4NRk2GUlIt7VNz1iz8bTWvVpof/OZMhl5XmrJzLoZ0paKhMRMY6IiDHGGgf5zDPy8F446HUKFw/887sHp7bhuQmvjREx0R8d7zdPD8+JSM0pzBXodfKM8XZfZGJuAm0GAAAA6BaV0QazqV8ZMeKW8c2Ql3J6yVh782v9gN3QmcNfIhKIiNnd7lqe8VYrFXWDqOU8Ik50uIQW+ZKUV4zc4atnR/UVlEoULBtE7oGQsLC68Kav1+/19Pp7XAJaDQAAANAtms5tqJz6ihhx6/jGYN6pp7PhNkfsH3Eg33ZRzh6Z+VOrM6T90w9+HjxPZ7OZ5O7uesk5OftwyImmAwAAAHQD1uhRJhMx4vbxzeByu0k+zRof+zoLkaFf51VWl0tQz3Jt7vHABJc3PDR2d37+D9N2ae9Y+th6AAAAANxOrHp0+F7JXcog3+35m4EPjEf4k7X13bSs6WWtIMXXV1/EpA81CFy+HpY73EvmVU0rX72wZ3jIp+0vrKWkYlnXVOkkvvRyPV4kKqbWl3fiZ4puEOlKNq2SzWH/kp8NAAAA4ObiiajFkaJpIo/8pfxNwDzRew/tO5vvlreVMhPtTm/v6KSbERFvtVoZ31jSYuN5rXr6gSUUvSOt7qy9SBmsZ/LJlCgwQWw654EJvFUQRSIisvU9eMQ2Y4cLv21qZLE73f7IcMhGRJ6g+2x7bXmjWNLJ6vQF5u6Fbd/88wMAAAB0BDf8+H9u0buMEuXF8r/7r8JETc2HpslLZu0Jk4jIbPohItM0qfmRXuY8PTjYBgAAAPhE0nmRt1Qng3CVH47owuPaQyLi6pNGOGqaQlL5P2/5uNNCqwd/bY4XkUe+ngEAAACALlU/t4FaHTsij3xzBgAAAAC6VGVgomUfM2LE78UAAAAA0KUqzYaWfcyIEb8XAwAAAECXqo82oET5wRIAAAAAuhRrOh7kECNuFxMAAAAAdDHWdDxoIkbcLiYAAAAA6GLs0kwUrs0MFeS7Og8AAAAA3YzVz3utlealDPLIAwAAAEBXYzenPxv5m5wHAAAAgG7Gmq6vaba57ibyyAMAAABAV2M34S5iiG9+DAAAAADdrDHagBLlFSUAAAAAdDNmNs1FQYy4XQwAAAAA3YyvnPla61FGjLhdfCNI58VOVwEAAADgc3l6bJ2uwkfjiUyOOBMlyivLTm+oDbfx1wzgo0jnRWzn3QD/0HDbYRv+ZLe0G5TVrrNZ6VduxMgjfzEPAAAAAN2L1e7nZdbnstOlEnnkAQAAAKCbVUYbzKY+ZsSIW8YAAAAA0L0qow1cUx8zYsQtYwAAAADoXuxSv7LZpr8Z+S7PAwAAAED3YmRWjghNjjgyTar2LnPII38hDwAAAABdjBFXuS4/Z5KJGHHbGAAAAAC6GKv2KKNEeXUJAAAAAF2sNtrAEdV7ly+UyCNfGXMAAAAAgO7FzGqPMhFxZlPvMvLIN+c7vaECAAAAQCcxjiMyqz3KiBG3izu9oQIAAABAJzHTJOKq/cqIEbeLO72hAgAAAEAnVUcbUKK8uuz0hgoAAAAAncSapq9zl0rkka+Wnd5QAQAAAKCTWNP0dZMjMut9zMgj35Tv9IYKAAAAAJ3ETCKu3sfciDnkkW/Od3pDBQAAAIBOYtUe5UofcyM2kUe+OdPpDRUAAAAAOomvdCWbZqVf2USMuGXc6Q31YxnptTcLafvMo9mwoymtnS7+vpELzP5x2sM6WDuAL8NIr71ZSFknn9wfdlxj8U+npuMZzdUX9liqK5b2Xrw9Ut1jjx/1O7/qmoGIisevnm9n9UaC8VanJzAaHQk5vtCeTEu9+W0r5596eq+X/zLveB3y7u/Lm7ly7SHHizanqyc0NDjoF6/zwfT86VGW74t4bZ/3NUixN68S3Pjj+VHXlctp+UQybwv1+4TPWl230zJLL9+l+f4HP4z5btJf4i+1OX3fGDX1KyNGfEV8q5RkWTXUs7WFrea/taTJsmoqBUW/4qUAt0ZJllVDVyTlK69HOlxf31nZONHqGb2k6qauqrdu13AryfmcTsQ7+kKBUCgQCvV6BCOXTiy9jiW1a7z8OhS5oJtaQVG/0Ptdi6Fkc2Uii9Pn9fu9Pp9TpKKUTsbevn6+lrnGJyufxGKx2MbW+efWo1BQDF05V4yrl5MTmyux7fUD+TPX190MaXcnWeJJPo4dfO0910f5UpvTd46n+mgDkYkYcZv4ljIKyaVl94/zfbZO1wTgFjOpTERk1o+qmH/y5z+PGbzlG/ZMdz17MHovUtuVlRKvX65kM4cnpVDE2uGKfS736P3ZcHVLMoonOwvLydzRxlLP/OOIeOULDYOIyKDylUt9QbpJRN9udd8lPbOdUO3h2aj2buEgnh6a9N+Urv1vvjndTnylR5lq9wFGjLhdfAtxgsi09NbCluPJhOvSrqksxff3EplMTtUNTnC4+8YnoiE7IzLSW78tZtzRO8Hz/e1jWWGCb3ByboiO1nf204rObL7B8bkJT/XPnJ6Pb+zup3OySoLD0z8+Nhmy35TdIHQzTdrf2jtIyYpOvN3pHxqZGvLU5lao6a297WQ2pxgk2jz+8OSdfg+Tkzvxw5QkFUoGs9jd/tHp8YirFH/9ei1rEhFJO7/8dYeYY/LJ/Khwuvz7Rs4/88cZL7tqXcr+y8Vto39ugo9vHZ3mSiQ6QhNTM2H8jnwmq9slUFbVdZ0Kp69e7BZD9bmX+dhvS0fW4R9+iLga3z/tx47TRXHyp/lRhyEn92J7p5JcMpjV7ukdj46Fqm+rnR/EVg+yOcXgHb7RueiwixGRUczs7xwn0zlZLRMvOn390dmIjyciMvKpWCyekhTN4ASHp294eDLi4j99x8hswYl747nfNgvZ/WM5MuIk0s4S27vJtKQouslEuy88NjPhtZ1t/curylhLOfH2WYKID03/fK+Xv956jUIqth4/loqG1R4YGvY2P9Xyw9Lp4q+xlE5EJB8s/McDInvo8dMJHxnFk4PYzmlGVg0muv0Dk9NhHxrT7cl7h2ndMTnsDap99uTxbmLI32gcqvHXb9+pfXNR4TB2mC0YvNt/595Ej7S7vnMqqQbvDN65Nx6uTsxT03s723GpuhMLhCcn+z18feqmfeqn2UojW0us/m1d9t17NBe06OnN54vZnuloQDrYTuYUgzl9/dP3Rnz5NptT576oG6vx28Q1l03dy8gjf/tObaiyD9y7E7abud21lZPS+0/q2e1YIlMS/eHwcMRn1c4Pl9e380REekFWjFJqfXUjJ3iDbruhZndX//b7elxz+INu0VDSu7HNMyIiMvKbr5fWjhQ+MDwzPdonyvvLyytpdFZApxlS7NVK7EguO/2DkaCb5GRs5cXamU5EVDpZXnyzeyoZoi8UDLood3xwmCfKJt7tZotWd2goPBgUy1Jq7e122rB6I8PDlRn0Yk94KDw8PhBwECm5nGoqOVn5wLpUSS7ruaOF5eOSwxfy25laSKxvJYod/npuOUOTjjdSKpHF4RJJkXN609xLvSAXTD2XU4ym73/xSDJFXzDoEagYX32xnEjL5PT3hXx2klLbidpckVxiJZbVedHOm1ohE1s6yBMRUWF/b/NYZj3+waFwyG3kTvYWVk91IjLOVt5uHkrkHR6LEAwBqgAAIABJREFUTvb7RTW1l8wZn7tjdAZ9TiIqyucGEanHm7tHeXL4+4aH+nysmN5dWzpQyRGYGA35RCLinMHw8FBkPOzkr7lePbP8evMwq+hMcApmZnt9M914svWH5d2R8XDl3B7eHRgeCo+OBJxEWjL2+2L8tOwcnByfGnQbJztv3sYxh6ktI7OdKDD/wICNyDMQcZvZvUOpMTWseFYoG4XEwvKx4fYH3EzLna68eP0ids58/oCTabnU2nqqcnB/srz4ZjOTI2co0he06dn49qvXe5JRn7op52o7GSWnaEapUNCISM/nFaOUXF15d868fX6P1ZDT8aUNyWi5OXXqW7rZGl+L2Vw2dS8jj/ztO7Whhhd6x++PFF7sJZfX3E/ujV54LvDwz73Eqi1n2f72t81COq1Oumo9H+7I4x9HnGRk1169OirptuEffwjbyEivvXpzVJIkhbx2Lbm7nzPtQzOPoy5GRGF7+dlqcu9E8/fjlDnoIC1xcFgg5hv78VG/jYg07+JvsdTR7tHY/LBxtJksEe+9++Ns+MJmOvnzXyZrvxBlj/Z8JSud5Nh0KBIVi8fJgmbzT0TDl+f7XbWu6tIsMDt/P2ghKsVfv1jL5tI5I4KzDj9Wbu+Xv+41J4Tg2B0/o3T7l9S4x+8/HnEyIiJpfedcJ2vo/qM5v6WxhERERMwx+uj+pIeRdvzq1+1sISdp5BLIFX3wD9HapmF4jH9dT2YzWSMQLEh5lZg/MjvRxxPRSPXNtMTn7Rh5USCSDb2kEwni8KOfhmsrpxD368ukdCLpQ32RCQdJyazKeiJjUX9lvRvXWW8xcZhSiRzhJz+NeRgZ+firF3v1g9e2H3ZozKadJSRF9Eai0cqFAPLrWxmN9dx9PB0WiKjfLxR/iR0dSJFpz3U+Z9cpxg9PVGtwJiAQEYkDQ97t1dPt5PDDcPNEO0tfZXehuV7867akU3D+wV0/o6Lzxa87knQuGf3B4vF2skRi79yP00GeiAY9L1/HpKPt5ODD8DXq4Y48+XHESWScbf3yKqmdnSnCyOXNCVp6vzXFtZmRgjzytxRzRR7M5v62nNlc3HZONf2ZpFI2vrebyOWUoq5XJ20bqk5UbTYIbo+TiIgJDitRSXS5bUREzCbwRCVDNYgodyYbRMrB4v9z0PTGFlUjQrMBOih3LhtEnqC/etwu+IIeSqWVM8kYJFkhIk8g+N42qsvJzYPDbE4u6rpR+b3Xy9e4esAV66o1G5x+X+VXzyIIHJFZ0m/7fqUTeEef38ERETEmWL3+vpDffr0OUWco5KweBxcLOZWI9wz4LC0WtPnClYlOgsspUlbRS5Xp3oXM9ubRSV5V1ca2YRCRw+93HO2nt579lvJ6nT1eX3/Ia2OfvWPUVa1yuSieiKiYTWzsnZwXVLVUNqp76rJ++fDl2jtkWVKIyD04UPmszNU/4NmTstVn237Yy4q5nEJE5yv/+mylkeWUokG4Vt9lhrR7kDfIWojHFuOVjMaonN49yodHmi5hZfdWrtjGCyIjMuy91W1SFBmRoRtERk6SiZgr4K9uBGJf0B6TCrmzPLXo2Xif0OOtNPuYYBOJNFPHVVKu7/3fu3b7cuSRv72EUPSBtPjqILWyZq3v/bXExpvYGbn7pmbHXXbeSG682i1cfN3FuVkt/wqUiYh80QfTTWd1WQQRZ2BDh1XmZTRvtEYtYzQ9bHr6ZH15JWk4Q6N3Z9x2njuNLWxm6VquWFfNxRCz+D7JhVOir3L5GNdyzYPY1qe452NvY4eK1T85FvXaRUtu49V2unKcxVzRn+Z9iVQqnctnU6mjxPZO6OEfJj5zxyifZGUicnp6GFEhvvB2L8e7hqNTIbfVIicWllNtr7/zMetl9REM4hrhFR+2HXvowfxA4wLIjLdjJK0VLRk/UoiolDvJ5JqfKBxvnwzeDzbasRdbtK2+zEt7mKqWE6ov/T5Y6mvAP9THw9wt6AbME52ZKbxdSTfOcFAkxSDyhIciQZHIyB5+yqGM2+dkyXNZUsWh2rlTRlnHrgg6rbJl5pJpLdIvEJGWPc4Rkd3rZsxwOuksl0sli31NB6EluVAmEv2j4aCLiJTj5kMlnlmJtGJBMejyEdEV6/pWH7e78RYrka4qlT51PZu5am69zeEWSVKlo3TZH2w14HCZXpAVIt43PBLwE5GWM5qPw5g9GBkJRoionFx8uXSSSZ5PjH/6jtEonuwsbxeILP6hPieRIcsKEfMMTIa9jEhX9KbT1Cw844jKxWKJyHr9HbLTY6dkXj7JapE+gYj0zIl0rQ9rESxEpBYVnZx848vMySQGazfQMHS0iluSd3fPDOa9+3f1q2YREVEx8fzXndOdYzkYuf4dYJjHaacz+TyT1gNBnojU1IlCxLk9LiKyMiLSFaVMXguRcnJ+zasKv785QUtoNkCXEMP3pqQXq4e1EQWn3y3EVWlvY50CNvk0nviU65UL4dHB/aX95LtnRV9fj0ianE2fK+7xnx/h3Ab4Zsrp2OKLxp85JgZH7w0NDeyvHGZ3/vbyvM9Fciad1ck+MDpgI6KB8VBqIXm+9vJt2u+yqPl0ttz/6GHIK1JOPVrfFMJO7eT4sLk/0OHrEROymlx6qboFskfuTDdt30L4inXBF9TmsNvt6+ETSuF44XXJyxfP0vkr73jgGZ3wHq+eJZdfF/0+B9PO0xI/Pv+kp/0reLffzWVzJ7Fla8RD0uFxtnYkbaRjvyzm7EGvz+0QdDmRLRPv9jhI6PmoHWNud3H5iIgMXSsqsmoScc6BO3fDViJiHq+HP01n9xa2Sn5eTuxmmu965/E7WTqfjS2+OLHzzHfn3rXWawsN9O3FUumtF6/P/A6SM9nGWbntPywR2XweJ+Xlk60Xr1M2JvRPT45OeFOrZ5svFrJ9PU7OLJ5nT3M08PjJdPO1mYBIPzk4KhAf6g+9d9RpCwz6dteyR7tn4bvX/9IcA5Oh1ELydOl3PdQrGvlMUjKZIzweshBRj9/BsoV0bGnxzFE+y6YL13hDarU53Q9fffe/7mTpCf+x03WAW+Cnuct/VT7l+kqGydnET2+sqqp+vZczXUqmNPfAiL9x4VVmC/it0slZuSc8GrRZnD6/WMydnZ2kzvLME53skU9V51Ak5LJwev44VXQMDA708ETESvnkieaODIbcFiJi5dzRSalnKBJyWYgT/GGfqCv5cymdyeVVEj190TsRj3BbLz4FN8H1t3Pj/CSZK5dLmqrW/1NVi2eov7cv1MOrBVmS0pKiW52B0ckHk14rEZHF2RfwWEpKPn+WzcsG7wkNjg64enp9zlJBymZTp3nDHYmGS5lza/9IyGMl4my9Hr6Qk/O5QqHEOYP9fS7jLJkxvANjQRvH2QJt12WqpydZi29oxGcnIuJIzRxnLYHhAT8aFdf/h2ZaOnHG9YZHg7YWexbO5vMa+TM5nysopq1/asynZPNCcGSwR6h8/8w7PNxrr72Sd/uDzrJWKJ5L5/liWfT1jQ37nYKePsqWPf1jfZXLlXKldDJteAeHe53M6vW79UL+LJ1Jn+ni0OgQd57lfMPDXrvNJmjy2dl55jR9IhUtLv/43TuDTnbdHSNnqqepjGaUimqxqBZVvcwLLq9/dGp6dthd/V4szqCXFXLnmVQ6o1hC0SFHLlvZh3NEvMfr0ORcQcnLaln0hgf84eus1+II9oqlgnwu5c5V09E/eccjn+St/cNhr9D2w9qISOjx2bVcXsnlFJXEYDjg8/lDbrNYkM8yUva8UOKd/pHxO/22643jfA+uuQ0rmaMjiR+cHfO/33C0uOxaKimbPX0DPXzpNJXhapsrR2r6JGvxjoz4bETEGcrJ6RnfOzzstZHFGQi4SVXk80wmVyhbe/qH5+aGKudECD0em3IuyYXzfIn3Dd0d4TPpUk9kMORkrJyPp4quwUi4un0ZUuq06Ogf73daLm9OYfdX7f679n6+7csZq17pkqv8cHTxcdOFMLn6FTE5upAmImLsI45YuMFH/9MnVxq6x3//X0cuXFLJNOvnS5u1J6r3eGj8UPUG002P9DLn6fn04wXpvPg5Lwe4FbCddwn8Q8Nth234k33mVyedF3mL+UnNBvO9ZgN/3ZOfCOeDAAAAAADAh6HZAAAAAAAAH4BmAwAAAAAAfACaDQAAAAAA8AFoNgAAAAAAwAeg2QAAAAAAAB+AZgMAAAAAAHwAmg0AAAAAAPABaDYAAAAAAMAHoNkAAAAAAAAfgGYDAAAAAAB8AJoNAAAAAADwAWg2AAAAAADAB6DZAAAAAAAAH4BmAwAAAAAAfACaDQAAAAAA8AHMNM36A8SI28UAAAAA0M0Yx3H1B4gRt4sBAAAAoJvxpmlyHFcriePoYgZ55M0b1X6QzoudrgLAV4ftvEvgHxpuO2zDXaU62sBxHJlUOThsZJBHHmMOAAAAAHBptAElytZlpzfUBk+PrdNVAAAAAPh0t3SUhtXmolT7mBEjbhkDAAAAQDdjpmlW5q9XrpyDGHHLGAAAAAC6WWO04WJpIo98c77TGyoAAAAAdFJjtOFiySGPfHO+0xsqAAAAAHQSI2r0MSNG3D4GAAAAgO7FiBp9zIgRt48BAAAAoHtVRxtQovxQCQAAAADdqzra0CiJez+DPPIYbgAAAADobqxync16j7JJTTHyyDflAQAAAKBrscpdvWr9ytWYmmLkka/kAQAAAKBr1UcbKv3K9Xt7mcgj/14eAAAAALoWI6JaX3KjrM1lRx755jwAAAAAdKlKs8F8r7zYx4w88hhtAAAAAOhqrUcbUKJsVQIAAABAl2o92oASZasSAAAAALoUa4o5xIivEQMAAABA1+GbYhMx4mvEAN+alj89TuYKQu/kkIe/xvIAAADwxbFrLANw+0ixN78uporvp0uJty/eJErfujbFs3hSNq5exsgs/fImJrV8Lh/77bd/WZc+8A63Qz7224ul9Ed8FPlg+dmLvXSJOWzC199hfXT1AAAAugSaDfB90jVNOdlZOVAupg1V03X9Wx8Uaif777ZSuasXMnS9pJX0ls+J/sH+4aDtu/h11VVN17VrL26cbW/n3NP3H06PDAftX/8b+MjqAQAAdI3v4jgEoBU+2O852di8KX30n1MNq39obNQvfsHa3BqaUjRsbre10/UAAADodpgnDN8v5h6fFRcWt9OPJv0tt3Rd2l/fO0jLisHsbl9kcmzUe/nw9Gzllx3rnSGK7x1JqmF1he5MTTmld+sHJznNEJ0Dd6amgyIRkaGm44f7iTNJVnWyuoOD07NhD50t/etqUiei/Iu/Jok4/+yPD8MWPX/8LhY/kVSDWZ2ewPj0SJAnIjK0zObbvaNsUWeCOzQyNx2wUWVu1dtD//0nQyIZZ0vPdu1TwxS/vBiRdra5vnuULuhMdPcNRXvPFvbERz+OuC5+JHlv8ZXUP+c/i+2kZdvo0x/CNipLBzuxg3RONZjoDI5MTEWcle+sRVVtrO1XJ+38tmKMT9mOYofZonvm72bDfFmK78T20jnV4J2+4YnepoqUpYOt9YOsrBjMbvcEBqOTAWejK8NIr716c1QiIun5s/3aV2fkU2ux+ImkGGR1+vvGo0OVYZj81pvXysjP93qrbyDt/LZUjj6d9LP65z3f3EvnFIN3+IZn74x6LNU6tK0eAAAANKDZAN81W//dkdib1VP3/YDw/nPy7uvVXdZ/9/GMT9ClxNbKm2Xt0YOo5+IQnKFrqpLcSI3fu/ezi6TttYXVxbTNOTpzb6r6cMf/p+kgT6TlTiTyj01FPXarLm0svFve7PlT1Dv35z/cOVh+duB8+IcxDzHGiIqJN692df/Yg5/8TqZm40epbCkYJDLKJ7HDgenoj7NCWTpcXt5YcXseR6zVuVWKTiSSoelqYffd0fDU9B/uC0Z2f2mxtpiRj71aO7L0zTy56xd0KbGzui5pluDlMzl0taSlt5a0vompOa/HYSMjv7X0JumYuv8o7LLq+dTq4uoSP/8wZG1d1bDe9qvTS6qSXou5B0anxn1uD09a4t2bmNIbnZ4LukhJb73bOdFNX+WrPdl6s62Nzj8adlv0QuboQDovBpyOejWZf+bJP4zEXzxP+R49mHRXvrrjN6929L6Jh7N+O+VPYptLL9W5P0SDPJU0Xdc0oz6EqpfUkq7XP+/J1jqNzT4ac7Nicn11ZWXX83TCR1dVDwAAAJphkhJ854TQRFQ4XIm/d5IDGen4ruwcvzcWdFl5we4fmZnyaYc7mZYnFziHJka9Is+L/tGQ2yjZByeGKw+HQ25DzspERGQLTN+bGA66nIJFcPSO9tnU83ONiIhVfs0YY5VI2j2ShP65e/0+h1WwuUIT0bvh6gQk5+jUdMhpE6zO4PCwj3LZXMu5Te6RO9GgXWAWm39ksLaYkT46KjrH70+Eqp9oatzX/hec+abmJyJBl1NgpGc2DkvBqcmwy0pEvKtvesSejae1NlX90FfH98/MRsNej81CpBwdnLH+yXsRj02w2Dx9d2f77LUqaIWCYfcFPVbGmOAKjM5MhB2XqsmIiJil9tXtx7PCwN2ZPo/NItg8kXsTIUrvJtSrtwEiItEfvdfvsVmY4AyPB+xqTirS1dUDAACAZhhtgO+exRe9k369sem5N9k0WUfJFwybr9fWWMzjF+kgJ1PA894bMM7uqE1eYhaeWXhH7TQD3sLIKFWvT1vKHuwfJHOyVjaIyqpqOI0S0aVRjlK+oPJen+v9PBGzOFz1Exg4nmdGy7O3mcXhaJznUF9MOZcNW2/zJ/L5ney89ZfC7O7GpUzzUk4vGWtvfq23MgydOfylNlX9wFfH7B5X7Y0M5Vzm3CPuRvPF5XPxx5UGhi3Y79ndefVS7g/2+Dw+n1f80P6onM9rgtfTqA/r6XXRiaTQ0AdO/GA2d2P6Ey/wZOr6B6oHAAAAzdBsgC7AnJOzwVfLO9lHg42kfulmFO1PWn7vdnct+/CLB2tv9vjJuZl7HpERFffePku2r1K5TU3bv+ITFvuI87CZd+rpbPj99y2dtazqB766a9fO0f/4T75sOpvOnu/H95Y4/9zjyeClZtal1TT/a7S/o8gNORMeAADge4FJStAdHOG5kVJs9bR+Jwd7j5MVc1LjUpvlbFYhh9v5qWuQJYUcgQGPyIiIDLlQqh+4MsbIMGt92FaXS9Rz2S9+hSd7j5MVpUzjXhXl7IlyrZW43G6ST7OXl21d1Y/46pi9x2lemGolZfPNrQ5e9IX6J6ejj/9wd8A82T+5+pYaVpdD0M7O5HrCyJ3myemxVyYykV6uDxTIhcKHL7T7weoBAABADZoN0C2E0J1J6/FhrnpQyPyRQWduY3HnpFDSNSW9t7aRtQ2O9X7yAJzT56Tc8e5ZyaCynNzeTjemuvAet13N7h9IcrGkGeQZHvJrx6urx9liSSvmk1ux9eQ1Zud/CPMPDNjkzcWtpKRqRflk6912/nqv5APjEf5kbX03LWt6WStI8fXVFzHJoNZV/Zivzj4w5DUSmyvxfFEvF6XUyrtU7SwTI7u3vrKXyWtlgwztPJ0r8Tab5eqaekYjPu1oef00r5X1orS/vHVC/vGwSERuv5vljjcSclFTpeTW6u77Z7O0ckX1AAAA4AJMUoLvEy8IVsNysVls8U9NjebWcnzlNFvn5PysENuLvXip6CS4fcP3p0Y9lxrSjBesgsVayzOBtwpWvvlZvjIl3xaZelDciC283DV4d3AoOqYvJS3VUyJcQ3NRZWVv9bcY2Qdm/jjT9+AxxWLxpd92dMbbPYHJiEiMv/DOxASe5y3VuooCz9v5FhVoXoy5og9nWGz33evXOhPcoaHZMXq1894EKyIiXrTygrXpozJP9N5D+87mu+VtpcxEu9PbOzrpZkRka1lVse1Xx1tFKzXfzFkITz00dmJ7K89ilSucTg3GNlSBiJjb32vZ3F/YVRTd5O0u//jMlP/y928VrBah/nlt/Q8e07vYwctfYzpZnb7A3A8jlavrMv/Y3NC79djiLwZz+vonZ/s335X56ue18LyFb/We7asHAAAAF3CRh/9jp+sAt8D/8N8MEpFZn75hmkRcZWa5WXvCJCIym36IyDRNan6klzlPj+2KFV1NOi9+zsu7jbz15nm67+mPEXxlAAAAN8dnHs9I50XeYhLHERFX+eGILjyuPSQirhZUjtwaaape2+XaMNoA8N3I777dL/r7w363UyBVOlo/LLrHA2gzAAAAwOdDswHgu+HoH/Js7O0t7xUV1WSiIzA6O/2hK5MCAAAAXMeFZoN56UKTyCMPtwez+SNz/kinqwEAAADfoQvzmdodIyKPPAAAAAB0s2qzoflC5YgRt4sBAAAAoDtVmw3N/cqIEbeLAQAAAKA7MbN61UyqX14TMeLLMQAAAAB0M8ZxjTNfKxdwrcfII4/RBgAAAACojjZw9X7liyXyyNdLAAAAAOhmtdEGjszabeMaGeSRr2UAAAAAoJs1RhsqR4rN/c3II1/PAwAAAEA3Y/V+5eY+ZsSI34sBAAAAoJuxer9ycx8zYsTvxQAAAADQzaqjDcQ1jhERI74cAwAAAEA3q442UL1fGTHiVjEAAAAAdDNWvcJmrUe50ceMPPIX8wAAAADQtVj1rl6m2bjaZq13GXnkm/MAAAAA0LVqow3ENXqaL5TII4/RBgAAAIBux9emsVf6lU0irtbHjDzyjfzNIZ0XO10FAAAAgK7DE1Uvy1/pY65kqzHyyDfyN4Wnx9bpKgB8XdJ5Edt5N8A/NNx22IY/2S3tA2VElcvyVw4MESNuFwMAAABA92K13uVKvzJixO1iAAAAAOherNGvTG36m5FHHg0HAAAAgO7GiDgis9G7XIlNQh75i3kAAAAA6F6sdlxY713mmnqakUe+ngcAAACA7lUbbeC4pmPEphJ55NFyAAAAAOh6jMymo0PEiNvFAAAAANDF2IV+Za5pXgryyHOYpwQAAAAA1DTaUC2pKUYe+aY8AAAAAHSx2mhDpV8ZMeJ2MQAAAAB0Mdaqvxkx4ksxAAAAAHQxRhyR2dSvjBhxyxgAAAAAuhgjk4hr6ldGjLhlDAAAAABdrD7agBLllSUAAAAAdDHWuMAmxyFG3DYGAAAAgC7GqHFpfhMx4qtiAAAAAOhWjKipXxkx4itiAAAAAOhWPFFTvzJixFfEt4mRXnuzkLbPPJoNO5rS2uni7xu5wOwfpz2sg7UD+DKM9NqbhZR18sn9Ycc1Fv90ajqe0Vx9YY+lumJp78XbI9U99vhRv/OrrhmIqHj86vl2Vm8kGG91egKj0ZGQ4wvtybTUm9+2cv6pp/d6+S/zjtch7/6+vJkr1x5yvGhzunpCQ4ODfvE6H0zPnx5l+b6I1/Z5X4MUe/MqwY0/nh91Xbmclk8k87ZQv0/4rNV1Oy2z9PJdmu9/8MOY7yb9Jf5Sm9P3rem74ZpLDnnkW+dvh5Isq4Z6traw1fy3ljRZVk2loOhXvBTg1ijJsmroiqR85fVIh+vrOysbJ1o9o5dU3dRV9fZ1KdxGcj6nE/GOvlAgFAqEQr0ewcilE0uvY0ntGi+/DkUu6KZWUNQv9H7XYijZXJnI4vR5/X6vz+cUqSilk7G3r5+vZa7xyconsVgstrF1/rn1KBQUQ1fOFePq5eTE5kpse/1A/sz1dTdD2t1JlniSj2MHX3vP9VG+1Ob0nWvqVjCbSxN55FvnbxWjkFxadv8432frdE0AbjGTykREZv2oivknf/7zmMFbvmHPdNezB6P3IrVdWSnx+uVKNnN4UgpFrB2u2Odyj96fDVe3JKN4srOwnMwdbSz1zD+OiFe+0DCIiAwqX7nUF6SbRPTtVvdd0jPbCdUeno1q7xYO4umhSf9N6dr/5pvT7VT9TW1MX+cuzEhBHvlbOEOpjhNEpqW3FrYcTyZcl3ZNZSm+v5fIZHKqbnCCw903PhEN2RmRkd76bTHjjt4Jnu9vH8sKE3yDk3NDdLS+s59WdGbzDY7PTXiqvzx6Pr6xu5/OySoJDk//+NhkyH5TdoPQzTRpf2vvICUrOvF2p39oZGrIU5tboaa39raT2ZxikGjz+MOTd/o9TE7uxA9TklQoGcxid/tHp8cjrlL89eu1rElEJO388tcdYo7JJ/Ojwuny7xs5/8wfZ7zsqnUp+y8Xt43+uQk+vnV0miuR6AhNTM2E8Tvymaxul0BZVdd1Kpy+erFbDNXnXuZjvy0dWYd/+CHianz/tB87ThfFyZ/mRx2GnNyL7Z1KcslgVrundzw6Fqq+rXZ+EFs9yOYUg3f4Rueiwy5GREYxs79znEznZLVMvOj09UdnIz6eiMjIp2KxeEpSNIMTHJ6+4eHJiIv/9B0jswUn7o3nftssZPeP5ciIk0g7S2zvJtOSougmE+2+8NjMhPf/b+/O+9PG0n3RP1qIUWDAAmM8T8FDYmeqqlRVD/vc/TL25577Ds4593PPe9qvonvvfbq7Ul2VOIPnEM82tgFjkEEMQkj3DyYx2ThxYjv+fat69fJCIIGXqfWsSbbU1t8Wy2MtpeN3L4+J+MDMHx/18t2dV8vGwhuREymvme2+4RGP8aG2b5ZOl34Jx1QiIvng/V8OiOyB5z9PeknLxw/CO6dnckFjVpc4MDUT9CKY7kzeO0yojqkRj7/QZ4+e7B4Pi/XgsBB58+5DoW8+ZDkMHyazGu8SHzya7JF2N3ZOpYLGC/4HjyaClYl5hcTeznZEqnyJ+YJTU/1uvjZ10z79Yq4cZCvHa//ckL2Pns37TWpi87elZM9MyCcdbEfTOY0J3v6ZR6PeTIfqdHMf1K1V+Wuqz0FpbCOiHOV3mX3g0YOgXU/vrq/Gi80Pqsnt8PFZ0SoGgyODXrNyfriysZ0hIlKzck4rxjbWPqYtHr/LrhWSu2v//H0jojhEv8uq5RK74c0UERFpmc03y+tHOd43Mjsz1meV91dWVhPorICbpknhxdWaDun/AAAgAElEQVTwkVwSxKFBv4vkaHj11XpKJSIqxleW3u6eSprVG/D7nZQ+OTjMECWPP+wm82ZXYDg45LeWpNj6u+2EZvYMjoyUZ9Bbe4LDwZGJAZ+DKJdOF/RcWs5dcq6CJJfU9NH7lZOiwxsQ7ayQPd7YOs7f8Mdzx2mKdPIxViAyOZxWyslp1TD3Us3KWV1Np3Oa4fNfOpJ0q9fvd1soH1l7tXKckEkQ+wJeO0mx7ePqXJH08Wo4qfJWO68r2bPw8kGGiIiy+3ubJzLrEYeGgwGXlo7vvV87VYlIS62+2zyUyDMyHprqF62F2F40rX3uF6Pg9wpElJfPNSIqnGzuHmXIIfaNDPd5WT6xu758UCCHb3Is4LUSESf4gyPDgxNBge/yvOrZypvNw2ROZRbBop9tb2wm6g+2f7O8a3AiWF7bw7t8I8PBsVGfQKREw78vRU5LwtDUxPSQS4vvvH0XwRymjrSz7eMsEwcGbETugUGXntw7lOpTw/KpbEnLHr9fOdFcos/FlPTp6qs3r8LnzCv6BKakY+sbsXLjPr6y9HbzLE1CYLDPb1OTke3FN3uSVpu6KaerXzK5dE7RitmsQkRqJpPTitG11Q/nzNMnus2anIgsf5S0ttXppj6l2403bpODPPKd8ncUb+mdWBjNvtqLrqy7vn801vCY7+m/9BKrRM6y/d2vm9lEojDlrPZ8uAaf/zAqkJZcX1w8Kqq2kR++C9pIS6wvvj0qSlKOPHYluruf1u3Ds89DTkZEQXvp5Vp0L66I/VgyBzdIOT44zBLzjv/wrN9GRIpn6ddw7Gj3aPzJiHa0GS0S73n4w1ywoZpO/fH/mqr+QZTcym+rSSmeZjOBwZA1fxLNKjZxMhRsne930bkqRzPf3JMFv4moGHnzaj2ZTqS1Qaw6vKr03j/+umcssPjHH4iMEp2fUuWaWHg+KjAiImlj51wlc2Dh2bxoqh8hERERc4w9W5hyM1JOFn/ZTmbTkkJOCzlDj/81VK0amlv7+0Y0eZbUfP6slCkQEwfnJvt4IhqtvJhy/HlfjLzVQiRralElslhHnr0YqZ6cAtwvr6NSXFKH+wYnHSRFkwXWMzgeEsvn/djNefPHh7ECkSP4/YtxNyMtE1l8tVdrvHZ8s8PjNiV1LOWsnsFQqLwRQGZj60xhPQ+fzwQtRNQvWvL/CB8dSIMz7m7e572TjxzGC2b/rM9CRGQdGPZsr51uR0eeBo0T7Ux95a8Lxfnq79uSSv4njx+KjPLCq192JOlc0vr9+ZPtaJGsvfM/zPh5Ihpyv34Tlo62o0NPg11ch2vw+x9GBSIttfWPxaiSSuUso63VCdrije1C5JHvlL+7mHPw8Vz6nytnm0vbwrThP5NUTEb2do/T6VxeVSuTtrWCSlQJGywut0BExCwOM1HR6nTZiIiYzcITFbWCRkTplKwR5Q6W/uPA8MKmgkKEsAFuUPpc1ojcfrHSbrd4/W6KJXIpSRsiOUdEbp+/qY6qcnTz4DCZlvOqqpXHGdVSF7sHXHCuatggiN7yn57JYuGI9KJ6t8cxbwbv6BMdHBERYxazR+wLiPbuOkSFQECotIPz2XSBiHcPeE1tDrR5g+WJThanYKVkTi2Wp3tnz7Y3j+KZQqFQrxsaETlE0XG0n9h6+WvM4xF6PN7+gMfGPvuLUS0o5e2ieCKifPL44178PFsoFEta5Zu6pDYszazo8ryylCMi19BA+b0yZ/+Ae09KVh7t+GZb5dPpHBGdr/795Wq9lMvlNcJefa00afcgo5E5GwkvRcolCqNSYvcoExw1bGFl95R3bOMtVkak2XsrddJqZUSaqhFpaUkmYk6fWKkE1j6/PSxl06kMtenZaGbp8ZTDPmaxWYkUXcUuKd2rjDYgRXpxeqdZAqHH0tLiQWx13Vz79leOP74Np8jVNz034bTzWvTj4m628XmN77vtfwVKRETe0OMZw6ouk8WKFdhww8rzMoyVVquWaIYfDQ/HN1ZWo5oQGHs467Lz3Gn4/WaSunLBuaoas5jF90kalkRfpLWNa+qyEdt+iXsm/C58mDOLU+Mhj91qSn9c3E6U21nMGXrxxHsciyXSmWQsdnS8vRN4+uPkZ34xyvGkTESCu4cRZSPv3+2leedIaDrgMpvk4/crsY7771zlvKw2gkFcPXvBm+3EHnj8ZKC+ATLj7RhJa0eJRo5yRFRMx8/SxgeyJ9vxoQV/PY5tjGjbfZgt3zAVbRsrLX8PptoZ8Iu6uspoQ1Oqt5Sg/J6X33HMHZqdzb5bTdRXOOSknEbkDg4P+q1EWvLwU5oyLq/AoueyVLAOV9dOaSUVX0Vw08o1Mx1NKIP9FiJSkidpIrJ7XIxpgkCpdDoWzfcZGqFFOVsisopjQb+TiHInxqYSz8xESj6b06i1RXTBub7W273feJOZSC3kyn3qavLsorn1NofLSlJBOkqURH+7AYdWalbOEfHekVGfSERKWjO2w5jdPzjqHySiUnTp9XL8LHo+OfHpX4xaPr6zsp0lMonDfQKRJss5IuYemAp6GJGaUw3L1Ew844hK+XyRyNz9F7LgtlM0I8eTymCfhYjUs7jU1Zs1WUxEVMjnVBL4+oeZlsnqr95AQ1MRFbcl7+6mNOZ5+KfarllERJQ//u2XndOdE9k/2P0dYJhbsFNKPj9LqD4/T0SFWDxHxLncTiIyMyJSc7kSeUxEufh5l7sKN1cnaAujDUi//dEGIiKyBh9NS6/WDqsjCoLoskQK0t7HDfLZ5NPI8afsV24Jjg3tL+9HP7zMe/t6rKTIycR5zjXxx2dY2wBfTSkRXnpV/88cs/rHHg0PD+yvHiZ3/vn6vM9J8lkiqZJ9YGzARkQDE4HY++j5+ut3CdFpKmQSyVL/s6cBj5XShaONTUtQUOInh8b+QIe3x3osF6LLrwsuC9kHH8wY6rcleMG54Bp1aHa7vD38cS578v5N0cPnU4nMhXc8cI9Nek7WUtGVN3nR62DKeULiJ55839P5GbxLdHHJdDy8Yh50k3R4kqy2pLVE+B9Labvf43U5LKp8nCwR73I7yNJzpS/G9O7SyhERaaqSz8kFnYgTBh48DJqJiLk9bv40kdx7v1UUefl498x41zu3KLBEJhleehW388z74FFX57UFBvr2wrHE1qs3KdFB8lmyviq385slIpvXLVBGjm+9ehOzMUv/zNTYpCe2ltp89T7Z1yNwev48eZqmgeffzxj3ZgIiNX5wlCU+0B9oGtCy+Ya8u+vJo91U8GH3H5pjYCoQex89Xf5dDfRatcxZVNKZIzgRMBFRj+hgyWwivLyUcpRSyUS2ixekdtVpIXjx3f/uJ1NP/49t24id2o4ov5/lPy60rvD6lGhC0zmb9dP3JygU1O6ezlQpGlNcA6NifeNVZvOJZimeKvUEx/w2k+AVrfl0KhWPpTLMHZrqkU8LwvBgwGni1MxJLO8YGBro4YmIFTPRuOIaHAq4TETESumjeLFneDDgNBFnEYNeq5rLnEuJs3SmQFZ3X+jBoNvyTYRacEO6r+faeTyaLpWKSqFQ+7dQMLmH+3v7Aj18IStLUkLKqWbBNzb1eMpjJiIyCX0+t6mYy2RSyYys8e7A0NiAs6fXKxSzUjIZO81orsFQsHh2bu4fDbjNRJyt181n03Imnc0WOcHf3+fUUtEzzTMw7rdxnM3X8Vx64TSeNHmHR712IiKOCmcnSZNvZEBEUNH9L5opieMU1xsc89vafLNwNq9Hy6TkTDqb02390+PeXDJj8Y8O9VjKnz/zjIz02qvP5F2iXygp2fy5dJ7Jl6zevvERUbCoiaNkyd0/3lferpQrJqIJzTM00isws0d0qdlMKnGWSKnW4bFh7jzJeUdGPHabzaLIqdT52WkiLuVNTnHi4YMhgXX7xcjphdPYmaIV84V8vpAvqCXe4vSIY9MzcyOuyudiEvwelk2fn8USZzlTIDTsSCfL3+EcEe/2OBQ5nc1l5ELJ6gkOiMFuzmty+Hutxax8LqXPC7qjf+qBW45nzP0jQY+l45u1EZGlx2tX0plcOp0rkNUf9Hm9YsCl57Ny6kxKnmeLvCCOTjzot3U3jvMt6LIO586OjiR+aG5cbA4cTU67EovKek/fQA9fPI2dcdXqylEhEU+aPKOjXhsRcVoufprie0dGPDYyCT6fiwo5+fzsLJ0tmXv6R+bnh8trIiw9blvuXJKz55ki7x1+OMqfJYo9g0MBgbFSJhLLO4cGg5X6pUmx07yjf6JfMLVWp6Dri3b/df093/HpjFXuxsuV/+Go8Weq36yXq921l6OGYiIixq7QYuGCj//XjfdkI7396f/7fw833PZNrz1Y/l81Q7rhHyLSdZ2MP6klzt3z6e0F6Tz/OU8HuBNQz+8J/KLhrkMd/mSf+dFJ53nepH9S2KA3hQ18t4ufiIjYjbdHkd6JFAAAAADuM3bj7VGkdyIFAAAAgPuMkaF1iDzyF+QBAAAA4N5irTtvIo982zwAAAAA3FusupIVKdJLUgAAAAC4t+qrp409ysgj3ykPAAAAAPdQPWww9igjj3ynPAAAAADcQ1fYqxUAAAAAAO4nhA0AAAAAAHAJhA0AAAAAAHAJhA0AAAAAAHAJhA0AAAAAAHAJhA0AAAAAAHAJhA0AAAAAAHAJhA0AAAAAAHCJatjQ6YZeKEc5AAAAANx71bCB6/A4ylEOAAAAAPceI93QsYw88p3yAAAAAHCP8cQZOpaRR75T/taQzvM3fQkAXxzq+T2BXzTcdajD9wpPuk4chxTpJent4O6x3fQlAAAAANxHrNIibEr1lhKU3/NyAAAAALjHqmsbmlKupQTl97wcAAAAAO4x1jALBXnkO+UBAAAA4B5jVJu/XulXRh75dnkAAAAAuMcMow2VlFpKUI5yRA4AAAAA9xpraSlSu7Yjyu99OQAAAADcY4zI0K9MhvYiylHeUA4AAAAA9xcjMvQr1/McylHeWA4AAAAA91d1tAEp0ktSAAAAALi/mE46UaWPWad6fzPKUW4sv+mKCgAAAAA3iXFERJUeZa5yh69qHuUox2gDAAAAABAxnYio0sesE9X6m1GOcmP516yUAAAAAHDbVEYb6qmuN5egHOWE0QYAAACAe6022oAU6UVpl/UJAAAAAL5JjCPSDb3LyCPfNv9Fah8AAAAA3BG8TsQRp5OOFOkF6U1XVAD4NuVyRaWochxXVEs3fS1flYlxJe2298iYeZOuk9nCHDbLTV8LANw8vtajjBTpBelNV1QA+AalpKzdZnEKVpOJ3fS1fG2JpCx6hZu+isuVSpqqlpKprNfjuOlrAYAbxqq79JfHHJBHvn3+pisqAHxrkqms4LBarfw9jBnuEJOJWa1mp2BNSdmbvhYAuGGMqHZ/Lx155C/IAwBcl2xecdgtZrPppi8EumI2m2w2Sy5fvOkLAYCbxKjeo0zII39BHgDguhSVEs9jkOEu4XmmKPdr/QkANGG1XXKQIr04hXtLyZzub+1sHEjqTV/Jl6Nlzo5Txp5UTclmEglZJS2fzd3ON67lpeODvY1wLKPd9KVcHUcc5ibdLbyJcehDArjfeKrsllOZi4I88m3zt4kmxw+29k7P0gVV4yx2wRMYmBj3ORmRdrb8cs86/zTk/hLnzYR/XT7xzv1xxn1djR0tf7a5sXeSzClkEty+sdB40NnutfOpiGQOBoSrn7ckHWyFD5LpnEZWuy84NjPpuep+KPLByqvNgjvoE3ssLRdwDa/f0SXvWkusL75P9f3w06jzGk5WOA5/PBQXgh4zEZFytvruY1SxuJx9U3xs4/WJZe6H50GTvPduMTnw85M+vqsrvA7ZyKtX0tBPc8GWj1WT9l69OdFEX1C03sVe+2IJ/dZ3z33b7QoAmvDV+3mVe5SRR75T/raQI2uvNnKu4eGHUy47rxbSqaODrd+TxZ+/C9o0VS0q7Ev1DFvFoX6Lw3ZtLTQ1tf76Q8IxMP3M56RiYm9nfXGDXswFbc0HKvH9DwcuZ2D8qtGQfLC6uFkKhKZnveZiOra5sb5YmnsRukrYo6W2t9Oume+eBs1f5PU7u+xdM8HXN+T0tHxanyRzsi9Zg3N2IiLSEuGPUTby4o9BgYioOP/Ey3lNRKQWSqpaUon4rq7wOmiKoinFNoMJpejOUc4//cdHvfyXOzsAAIABX52/XulfLu/TX+5fRjnKjeW3Qyayd24dXngaqnTLO51uMTikKNyX31TcLA6Pi9f3cvnIbpT8j5+MioyISFgIKb++397NBGfa9p5ffRqKltrell1Tzx4OWomIHONPqfCPtYPomLu167ojJZfXbG5Xm5jhel7/svdwwWM2/2jomk6TiZ7Jtl5fJQTJJdOaMNBb3RrT7BQ9n3aFX1I+nSVhWEDMAAAAXw1f61cmqvUuV9qIKEe5sfx2UItF4gVrY3+2yWJop2rK2ea7vaNkXmUWV2B0fqbaGlSl/Y29g4Sc05jd5R2cGh/zmIkK+69XUsNPFgKVHV3ykZV/7tke/zjlrZxD3vx9oxB6/tBTPH737lBc+H7YSlpq+eWufXqEIu1OpKQ2N3aPElmVWV19w6He1Ps967MfmubSFBOJHC+OeevvROjvs+/HEjI563u5a6nlv69FVSLKvPprlIgT5354GjRpmdh6OBKXchqZBbFvIjTsbx0FOU8kNWHMb60V8H5fL32MS1rQ33SwJkf3wtunyWyRrHavb/BBqM/JtMT64tujIhFJv73cr576k16flERkY+vkTFY0ZnMHhmdCPoFRx4+x7bt27P+6qk1M247Ch8m8a/ZPcz2RpUVp4OcFH0/l6VI74YNEuqAxq+AfnZweFKrlWxsHSTmnMbvd7RsKTflaJhUVzpI53uN2EqmJrbdbKTmrawdrv0WrNZ85Rx5NNYwCdfq9ZE83w4cnyZxKvN3bF5oZFW1EVDx+9+5IfDCQ2d8+kWlw/g8hZ4cjibRcNLy1HU3nNGb39k0F24QlanTtbyspjYjCi38JEx+Y+/MjIdp6ik6VJLP367vC2KxwEj5MZjXeJU7OTXrk3Y3tUymv8YL44NFU0HEHpz0BAMAXxlO1X9mQNvQ3oxzltylu6Onvs77f+bhrGR0Qhda59qSV4uHDgZnQD3OWknS4svJx1eV+PmgmknffrO2y/ofPZ70WVTreWn27ojx7HHKbXYK2GYkrgX4LEVHuJHKu5uSDxIS33PZNnURl+4STiLSCoqo5lchKmqIWsrsfjkamZ35csGjJ/eWl6om0THhx/cjUN/v9Q9GiSsc7axuSYvK3bFtYkPNkFe3Gd+BwWEkp5InqYQPzzP/Ljw8OVl4eCE9/HHcTY4wof/J2cUftm3w6J9opEw9vLr8uzP8Y8jf2PGu5gspsgrGxy2w2KyWzRSKr8Ug1vrm4lvaEQj/7nZRLbK1tvV6iH5/0ibPf/+to5NVvMe+zx1Muxtinvn5i89VKRpyZ+2PAzpTM4dr6uw/8T7Me1vFjbPeuE8VCLrEedg2MTU94XW6epEJRVYoqEU9aZmv5bdQxvfAs6DSrmdja0toy/+RpwKzFt95uK2NPno24TGr27OhAOs/7hOabVuUkmYSAnYh479BsSNhe2ZZ9o6F+ExFR8Sy8dCrlqSFsaPt7UU5X3mwVgtM/LHhsVEhsflh+u/P0xbibaQWlmNz8oPpHQk8n3T1C5yNL8bWV5ZQw9ejJgJtXkofrH2I5zd50uXxg7l/90sY/19LDz54PmhljRIXmU1xQSdRisZD4uGd++Pi7eT53uLK6vvjG7uqbefqdm+UOl1bXN2Lis37cExgAAJowY+uwpb8Z5Sivld8STJx99HiYj39c+dt//vq3X5feru9FEgVjl6wwNj0TEGwWs+AfGfFSOpnWiLREZFcWJh6N+51m3mIXR2envcrhzplKzDvQa5VicYWIiDKx45xnZIA/Oz5TiYi05PFZUezzt5sL4hp9EPLbLcxkE0eH6ic6OsoLEwuTgcqJpie8bTtuS5pGrGkpK2OkaWpz/3Kluc5YpeEu7UeSloGHs31um8licw8+mgxQYve40PQ0VdPI1NTUNzGOWk5QONxJUP/Uo0G3zWKyufsezvdbE5H9TP3czNQcM1zp9Y924mzowUzAzhMxi3MkNMDHTuLVo9p+jK3vmoiI+P7ZuVDQ47Y1bvavnn08LPqnp4JOMxHxzr6ZUXsyklCIlGxWs3v9bjNjzOL0jc1OBltvdKvkFZWz2sxERMzq9DgtjOMFl9fj9nrcXre9w4Lj5ivM7B6c2kbmJz02RsSsYmiiXz89PK8e7R59+ijo9wgW1vlIJb4f1/oeTI+JdgtvdvrH50c73EWYmWonr5cZTnFZJbH0T46LDhNvcY4MupjKB0Kjos3EW5wjwy5Kn6fbnxUAAO61ymhDec+c1pEHlKPcEEXcElZxNCSOkqYW0lI6kzg9XHmzK05//6jXQkTM5HDWuro5nmflVmwuk9Vs3t56h7HJLVrpIC2Tz+3uD9iWjqKFwWFr5uisKI5ODKcTi7G46guy86OEJk63W3XKTA6HYX5O7UTnsmbrNZ7IKwrsvPX5PGMtLWxNI3bpXvalTEaxeNz1KU+sp9dJcSlHww19/DzPqKQ1nqCk6S2xiiafy+QaddVLnV4nf5JOl8h50a24un/9VFrP5Td+idaLiiZXZVFAh4+xPWZ3t91pKiOl1aK2/vaX2oOayhxikUjw97t3dxZfy/3+Hq/b6/VY2/wqNV0lZmkNjK6mKGVyWvpw8eVR7XWLRfKXym+HszqclkuPzMoy2ce89Y/d1uOyM6m7CzCe4rJKwqxCNR5hPM8Y1UdgGE+aqmrl3bkBAADq+OoslNY+ZpSjvGHM4bZhvNUtWt2iL9i3+Y/F/aOJ3jELUafWjtoyZFJvnQrBAfv+8Vl+0HV4qorTHt5pD9qXTuLFgCWWIPGh2KG3udsrbdsOtrlsdJTNaVRfp5HNFsgiXLY1UKUZaihpPxrEbFarJst5EmuvqOXlAtkd7dY3tz790gOu8Pom/+zz+dbl5GpXJ+rqophn+ue5YOvjjv7nf/AmE8lE8nw/srfMifPPp/wt82/Y9axt5uyDs38IddgPlnVxZOrzzl8/xeWVhF34422S23/9LizVr5/xVsHdOzEz2mY9z6e4/o2Vr52W2PxHmB5+PyU2Rr3y3tJieuSPjzyfeOVfYQdhAPi2MJ1qe2xyhjyhHOXG8lujlM9+ysbh9h6B5dOSUn+dZDJHDle5y1UIBFxy9PD4JEG9A15GZO8P2qXj0+NI0uTzt59kdNGJpLO84UTxXLsWqcnrF7TEabL+mHwSy1m9YuusFMYYaXp1X1mz02FRUim59rCWPs2Q4G6eAU8u0WOWo/H65CU1fiqR29/UOmL2HqE2NYiIiKRkRrW5XBcNNVzl9YUeQcskMpe8WovGd30hp8tFsvGjbMBbvYH+qZnQ8x8fDujx/XjLMhOLmWcltYsN6U3lEaH2V2h2Oi2FVDrf8dk1nY90CALlUsn6leRTUtvac/kpuqwkd0Apr+iusYU//+n7P//p+z//6fmLJ6Oidvr+9XbierZatopD/SPXFIJ8KYqiZGOrK7GmOqMWiqqqdHrS5a8a3/+wFcOENADoHjP2KyOPfKf8bZGPLf/2+y/vtvajqWRGzmQyieOd9ytxTRzob52zbsDEwSEh/XFpJ54tqkousbf+MWkbGq/OPrL5Bty53Y0Y+QLlIMEW6HNJO+tx3h+8Wh8kEwcGbPLm0lZUKih5Ob71YbtDg9kWHAmw+Oq7vagky1Jqf2ljX/FMjLXpq+bdLnshuX8gyfmiopF7bNCrHK1snGaUkpqX9le24iROBK3NT2OesVFB3lxbjaQyWTkZ3Xm7kbQOjgSa+9rtA6NeOt5cjWTyaikvxVbXTgri4NClN1Hr9vWtQ5N+LfJxOSLJSknNy4mDzcV3kUvDiKZ3feGhvolBPr6+sZuQFbWkZKXIxtqrsKSRltzbWN07yygljTTlPJEu8jZbSzjEbIKV8l00+G0uO8nx3bicV7U2v5eRYa+y/349JuVLqlKQ4pHl1xuRdq/a8UiLf8zPYh8/7CZyilrMRHeWD3KXXlVb3VaSu4Ej3myxlP+1Cm7f1MKot5g46hQoXo1ZHB4fE2/7J8PsfSO2k9VPrQ+d3cEbjAPAzeGrdwJGivSi9KYrapUt+PyFdX/v5Hjr43ahqGocbxd6g9Pfj/faytO0zRZzfRyfWXieN/GMiJgw9WTOEt4Lv3qdU8ni8o4sTI/VIwJzYFjcTefrjWWLf8h/IOcHBuu38mJWC8/b+coLdzyRM/R0loV3P7x5ozKLKzA8N06LO+0+QN4z+2x6c2Pvw5uIQia7W5x9PtF6rzciIufwfCi3urf2a5jsA7M/zfY/fk4fwgevfwmrZBa8vvnvRsV2i7aF4YdPaSu89+H3jRJZHb6h2ceTbRYHWAKh57QX3l5/uVEk3uoOTH4X6qtcCDNbzCZLh7sDdPn6vDj1fGEvvLX5aqOg8Wa7yzs40ee8+GNsfdcDZquZjHtn8VYzz5efzdyhR0/tO5sfVrZzJWa1C57esSkXI+YSe02b++93czlV5+1OcWJ2us2UM4fXaTrMpFUq79nK8ZxhhQbjGfGMJyLiA+OziY0PK++PhMEffhh1Nv9e+h4/Y5vhw/e/bipksgsucXAkYCvXHGaxGsIVW6cjTeLco/nw1vbKu02NCd7+qUdjuytJc5vI1WTj+Vz942g9RedKwpvNZq2+AoU3W82s9ktgZpPVzNrsUXarlAd6qL6Hr3awcySp4sL38yJrt9tvMfLm3ZH/0ffDtfGWUmLl3aZ95sWkpb6xcsdtmolSm39b4+Z/nvSWn62lll/uVG9I380mv5+P84Ym6c3HzZ5HU+27MtrvQZzZevc+3f/kSX95GFOJhxc/spkffYftdhC+9osGgG8M17/wP2szUmq9y8gj32TZ6qMAABfKSURBVJT/3/99lIj02nwlvTwKoVfnNlUzpBv+ISJd18n4k1ri3D3Xc2Pfu0Leevtbou/nHwbv19u+U9Tjtb+F2fyfZio3nNA0zbhFkabR5y6YhmaJpCx6O+wT1SATfrmcHHz2YrQ6IKDKxx/D6zHr7E9zQRZ7+382E7y9b2x4WHS5nVYtsfnbSkacmZ6q7vZ7YH3w06wnt/X2t2jP8x8nK01u5WTxl4jw9OmMp7j7+5tjz8JPIYFI3v19aZf1P5wZqmzTvF3sf/Y45GZadOO/1mj+X6o1RI29/fuOZeHFQ5G0ePhva8rYk+naJr/W0XYbdn36J0Da8dp/7Vif/zzpzp+8XcqMPKsscpDCi4vZ4f/2pI+Rltlaeh11TC+MV/cg3itNPnkaMJNytvz6Q8Y39yLkpuzx4qt9NvXk+aCVSMs37SDche6vGQC+KOk8z5t04qpzQ7hK1vBz9Uci4qqZcsutXkxExJuu8B+48tqGer8y8si3zV97jf92ZXbfrW0cnEnZoqoW5cTexmHeFfQhZrjNeH+/j6STRHXCRlMjCjHDDdPTm2/+4z9//Y///PU//vPlX/7P+w8p+8Tj6drNyIWhmYVRn9dpZZ13+xWGg+7C6X71VywfHEtC/3DjWuLO2zRfpKtNfq+Lrf/hqLa5dtq8oKHzHsRk6X34cIBFwiuRWPj9rtI3/bh8W/f2exwDAFyE54gMc1Go1seMcpQby2+6ot4hjv5h98e9vZW9fK6gM6vDNzY3M3zbZ07fd3zvxJB1NZkl/6VLOuAGCMNzCyOVVSmMN1uMm/wyk7OnOvXogt1+LX0j/oPlyKni77No0kFU8Y73NXWbX7BNs6vztdm62eT3+lgCk1PJ5dWI6+mg4Vul8x7EFiLmHn0ckv+5sam5Rn+Y9nzRywOAbxuvE3HE6brOcZyhvVhNUY5ywmjDlTCbODgvDt70ZcDVOCefvLjpa4AOOGa1CbbOsXdDZ3mH3X6J+Yd91jdHJ/m+gfTxiSbOB1p2Cr5om+bOj3S3ye/1MYmhqeSbD7vuR15jcac9iImISjm5oBFpaq6gUdt7nwAAdIOVe5SJI0Pvcj1FOcorJQAAt9zFu/26B4Zducj+2dFB0hoMtq6Nv2CbZtZ4e0Ytk84bI4pLN/m9Xsw5NedPbOzUt+q9cA/ifPTjcoQbeb4QsiWWl05q2/JeYY9jAAAiImK6Xl03QVw5rxvyKEe5XtmJFQDglrt4t1/rwLC7cLARllwjw23W9V60TbPL4yZpf/NMVor51Mlq+Kx6v5LuNvm9do7g/HBx/6hQCRQ67kFMWibyfi3tmpmd8jhHHj0Q8ztLG1I5VLjCHscAAERExBv7lZFHvmMeAOAGmGwW3tJpR1hm4c0W42KCjrv9lh/1jwy50lHXULA+ici4sXLnbZotfbNz6eWtj79FNN7lHQuNs5UDM0/U7Sa/n8fC87ytaU2CJfDg4dnSaqlc3GkP4lJ0+4gGQ/PlW3ZYeh8+HFlc3jvKL4zYWnd2/tS7TQPAvcEF5v8Hx1XnsiNF2iH9//77CDZgBYDrgq087+IncBevGeCbdGMbsJZ7lJtTvaUE5fe8HAAAAADuMVaZfqITR1w9z3EoR3lDOQAAAADcY6x6I+BKT3MlTzrKUd5QDgAAAAD3GKPaHHVjSi0lKL/n5QAAAABwj7E2bUSkSBE5fOMKieNU/qYvAgAAAO4Q/ubbo0jvRHp7aLno5s5uTEoXdN7u6B0cmxn11HZTVFLHHzaPEumCSmbB3TsWGg+2vSeqlose55yDvV3sCVKSjuOqt1+8dP8n7Wz55Z51/mnIffU31VY+FZHMwYDQaY8D5XjtZVh78OLR4JX3psrHtz5E2HcLgS+/wTwAAAB8ExgZ56Ugj/wF+VuheLy0tHrKAtPzP/3h6XcPAhRZf1W9e5Em7Sy+3c87hx9///yPL0JjDvnD4lqkbad6NrYd3o931d+eOdza2a3fjrUzTVWLSvH67rmqxPc/bMXSnQ/g3b6BYJ/b0vmIjtwBH396EMOAAwAAAHSJUXUX10qPMvLId8rfBvnTwyQ/MBca8zsFm93pDz6a66PjncM8EVHyKJZzjz6e6fM6rTaHOzgz+8CV3tpM3eX7n1507czRFwr1tR1NuZTb7+bT8Zjy6VcG8DnMPEa67h781gDuOZ6qt+lCivSS9DbQNI0Y4+stZcYzpmXjieLYoEkraWR8jBjPSEmdSuTx1gtLx+9+X03oRLT5y8tNIn5g7s+zHqZK+xt7Bwk5pzG7yzs4NT7mMct7737bzGpEtPbbX9aI7MHvfx53K1Jk9/jwNC3nimS1e4MT85Puphu4trnw7Olm+PAkmVOJt3v7QjOjoo2Iisfv3h2JD4bkw+1oWtaY4O4LPRoX+dTy39eiKhFlXv01SsSJcz88DaSXX+7ap0e0g50jSRUXvp/n935dLoV+nirflFZJRDa2Ts5kRWM2d2B4JuQTKuV7G1uxU7lIZqvQ45sKjYo2Yu4eF8VTSW0kgDvDwg3QdSqVNNNVbjMEN6tU0nALH4B7jidjjzJSpJ3SW8LhEYX9w40d8dGoaGNaPrUZljQrKekCkdMb8PIre2sR28yg00KlTGRrN2vhi/m8WqnpRERkCj75KSDt/PZGCr5YGLExxohI3n2ztsv6Hz6f9VpU6Xhr9e2K8uxxaPTJvw6nVl+u58e/exo0lQ9V02eJkmvs4ahXsGjS/vul8AfP84fiha0f5XTlzVYhOP3DgsdGhcTmh+W3O09fjLuZVlCKyfBHNvXg6R96eCX14f2H5Q33nxd65//lxwcHKy8PhKc/jruJMUakKmohu7u21zc2+jjkcjsZJYqFolqeFaUmNl+tZMSZuT8G7EzJHK6tv/vA/zTrYcrJ8lLMHJr7c9BOSjYeOUqki6LNTLxDsOoJKUcB3PMVboDVYlJVhA13iapqFgtGGwDuteraBqRI78RoAwlTC9P9dPr+l3/+5a8v/+u33WJwaszBlahERLz/weMpQd5c+ttfX/7lr7+/jwuhBx5zu4k+rNxYYeVAgLREZFcWJh6N+51m3mIXR2envcrhzplKRIyrHllp3/Di+MLsYMBtt/Ammzg05FbPU7mLLzqze3BqG5mf9NgYEbOKoYl+/fTwvHox4uj8qMfGM97ROzkkaJlkunxKajozEZEwNLMw6vM6rY2trcLRTpwNPZgJ2HkiZnGOhAb42ElcI8rl8mT3BwSeMd7mDE6GQn4zERFZBQvllMJdnsEFd5jNZs7lFaXYxaohuAUUpZTLF+02801fCADcJMPcCs7QOkQe+ab87WHrnfmuN6QWFY1ZLCZGud0DMpvLNdnkHp75aVhTlaLGWy2MtHi4SDx/WYdmLpPVbN7e+n5EJrdopYO0TL42uyKpmePtw6NULq9qRFohp1sdF8dVRSmT09KHiy+PqiVasUj+UrnFzlkdQu3vkOcZaXrHpjwzOXvsbco1OZXWc/mNX6L1oqLJRRqRyx8QYuu/r5z6vD6v2ys6bZVPgzGeNBVRA9wYj9uRkrK6zWziTTyGHW4rtaSpaimfVz3udl8+AHCfGMIGY8sHeeQ75W8HxpsrjXxVTspMGLc3PGixlnPZpKwJXSwaVlveYcfmdOl4ZXVd7X+88EC0mYhKx29+3778ejn74OwfQs727+Xyp3dztMk/+3xebC13Tv3wXTCRTKRS8b2T9TXT0OP5kMdERKQRu3RNBsCX5HE7cnklLyscUbF0v0YeTIxLJOWbvopLmHmTrpPFYkLMAACNYQPAHVCSM6rdMEVHjhwmzd55kRGRlpdzvFDvulfPdmJ5YbjdzRkYz0hXq5ul2nsEtp+WFHJWNjMtJZM5cgyVn2iicq98eVJvLp3VhMF+0Vb+MZ8u6OQovyYjIo20lqa92em0FFLpPDmvdH8FxhhpelcbujKhR9COExkS20YmJkH0CaJvhLT4yqvlfWnK08tILajE283o44WbZbdZ7Fe+8QgAANwAtBngTlGlrcV3v61EjhMZKXUW2VhZ3C76Jkf9jIgoG/n42z9XNiJnSSmTjEaWXn2IWwZmhtt1ktmcTnMuuh2T8gVF1Zg4OCSkPy7txLNFVckl9tY/Jm1D4708EZHT28PSh3vRTEFRShrZvU4mHx0m8hpphUR4L17bw5TZBWspeRBNZotNc3/cI8NeZf/9ekzKl1SlIMUjy6832t9QwoB3u+yF5P6BJOeLyiWTiaxDk34t8nE5IslKSc3LiYPNxXeRDJEa31naOE5kixqRlj9PpDW7rRx05WSF7FcLZAAAAOD+MjkDL276GuAO+Pmxp6XsU1Y8aDpns37GGBez+/ts+fjJ/t7hwUlS5pzDM9MP+qzlS7H0ir2cHN0/3N0/OZEUqzi88HCop+3OH5ytt4clj/a3tyOH8ZJ3pG/A38Ok2M7m3ubuyVlRGJmdmfSWr5M53Y5i8mRn+2Avkub7+gf6PSbp5GN4Z+sgpfhGRi3n547AkMdMZHG7tLOjg+2dk6wzGDBOjeKFgM+Wi0W2Pu5uHcSSsu4cGB7ptTDSc/GTTM/AYG0H13zqMGUZGvZYiMjS4zVnTvYOtnaOYopryG9KHKWtwWD9ftXF8+NT5h/udXDEHL19PUpi73Dr497u8dm5au8fH/TbTMxsLpwd727vb37c3z3OMN/owwdeC0eUT+zsZHvGRnwIHAAAAO6UQkFljIjjiIgr/8NR48/VH4mIq2bKLbd6MRERY1doznGB+f9x3e8FvkH/+/8ZJaL6pt16bXPW8v+qGdIN/xCRrutk/Ektce4eNFRvnhJZ+ceO7XH1ng8AAABwV0jned6kf1LYoDeFDVfakQJNBoB7qBiPpq2+fsQMAAAA0CW0GgDuH01O5V1jY+13dgIAAABohZ2UAO4f5nn4c+tiFQAAAICOMNoAAAAAAACXQNgAAAAAAACXQNgAAAAAAACXYHqHB1COcgAAAACAso73eEA5ygEAAAAAyiqjDcY+Zr0lRTnKAQAAAOA+q4w2GPuYuZYU5SgHAAAAgPuMtfYxI0XaaeQBAAAAAO4nxhHphj5m5JFvmwcAAACA+4zXDa1DpEg7pbdEoVC46UsAAAAA+FxWq/WmL+HKWFO/clNLEeUoL6cAAAAAcJ/xOukccdXWIfLIt8/fRZFI5KYvAQAAAL4Rg4ODN30JN4xRvY1IhvYioRzljeUAAAAAcH8xIr3ar1ybkaJzRChHeWP5rbaysnLTlwAAAADQ4N///d9v+hKuEyv3KFOb/maUo7xefpshZgAAAIDb6VuKHJiuG/qYkUe+Q/7zfMG4AzEDAAAA3GZfOHL4er27jDhOJ73So4w88p3ytxJiBgAAALj9vo0xB0a6zhFH5X5l5JHvlO/K144vHj169JXPCAAAAHBV//Zv//bVz3n9rbLyaEO1Xxl55DvlbytEDgAAAHCb3UTM8EUw0nUy9Csjj3z7/KfiuPL/viBEDgAAAHA7ffGYgeO6aWddSwcwI44jXa/1LlfzhHKUN5S3q4EXVUGunHylvVsROQAAAMBt89XGGbhqw+tCnxs7sHK7kHSdiDPkCeUobyjvUodjv1r8AAAAAHBPdGxffZnZ5XytRxkp0ovSq+NaftS/8GylJrgJPAAAAHybWqYmfYU2Frv59ijSO5FerPEAjC0AAAAAfH3NbbBr7bHlqWFeCvLId853iasPjRmfdi3DZVar9TpeBgAAAOBu0w0jDMa8sSV2vRgZVsEij/xFeQAAAAC4rxhx1R1xmlKUo7wpBQAAAID7ipFO9X5lY4pylDelnwWBBwAAAMD1+qrtK0Zt+5WRIu1itKFp2Q1HXNsA4yvc8Q0AAADg3ul0rzeOa9NI+2zVtQ1UXUnRpqcZ5SivVLW2VfOCasgZqim2VwIAAAC4LsYm1sWNsTaFn9QoM442ELXvaUY5yltGGzpWN738RK5amduPUwAAAADAdai0tRraXh3aX583+4O1fyHkke+Ub4CgAAAAAOD2u4Y2myFsMPYoI498p3yj+gMNYUbzYRxnCIIBAAAA4DNwnZaUGkuqD19XLy/r4hiAq2ipwogWAAAAAL6ENq2sL7YPDcIGuE4ttzT/cncqBAAAALjvKveHbtP+un4IG+CzcG3qqmFVdMvRAAAAAPC52jSy2qyH5owPfTaEDXA19YGv1iGwDssbyusavtiIGQAAAMC9w7Wubmi3sKG15JObZAgb4DO1Wy5dq5fYhhUAAADgy2jeerVdTGDYVv9zIWyAa1ZZztB6pwcMOAAAAABcB67tBpU6EelfbisahA3wGTiuw/KG8qP1TG1hNDMhdAAAAAD4dOXWVPNi6A5LSitRxHX03SJsgM+nt7l7A8e1WxjN6TqVStrXvkAAAACAb0KppOl6Q5RQnxHONU9VusYZSggb4FNcGq/WRxcaBxyIyMRRqYSVDgAAAACfolTSWXn8oM1Qw+UzlD5n1AFhA1yDhnlKTQMOtbl3HHFEzMTllWJRxYADAAAAwNUUi1peUU0mrtbw4mq9tY1DDde79WoZM3b8Io98p3xHlTravJ9S033earWWIzLzLJcvKkoJs5UAAAAAulEqaQVFzRUUM8+1TOYoax5qqM9QuqZNafiGiefII98xzxl3R+K4thuvVmMFjiNd54jTy0+qRRAckV6OHDilWNQUjuNIw5wlAAAAgM5MJk7TiZFu5lm9I7aWaZjc0WGjGqo9aPjximMRvF4/HVKkHdOL1IIE0tvtp8SRrlMthqiGECYTM5FORJUJepWI2BBCVOOShqiibbDSeAy2agIAAIAb1FWzxNCE59oX1lYwEMeRiQyLC9pMT2puIFVCCdKva6ihPtpgbB02pShHeXdqtxyhhgGHSn3V60MWHHGVIIEj0isDFxzVj6+8UDWcNoQKeoeqz3WOKAAAAAC+prZhQMdj2h1mbPE339y5FjPUi/UOQw3X3DTCaAPSrtJu5im1HZqoPKv6WrXIoZZwROUwQqdalquNPHCNocJF4QHHIW4AAACAW+KijtfGOKE2WFANBiptIq4aIdTbV8aYodLwarN7UtupIp85Q6ky2mDsV0Ye+bb5SzTGEJXabyw0RCEtkUMtOq4HD1T+K6hofOUuA3cAAACAW4kzNm6oeSShKWC4MGZofo2WYYumoYrPgtEGpF2lbTUEC5VZSZXjjZGDMU6oRQ5EpJdHFgzr/GtBgW44a238oeqiQQVEDgAAAHDjLpsBYWzG68bmi3GORfuAoTFmaJ2eZHjWNTeL+BtvjyK9E2m1ljbMU2qreW1028ih8jdSLSTjageqjTwQUfMfU/0RBAgAAABwS3VupugtD3PG5n11BWhDwNAwyGCIDIwxA9UfMbbdOl3ep7SjMNqAtKu0Y7VrGXCorsvR63W2GjlURxgqeyvVhx2ag4dq7ECkt0xK0i+6HAAAAIDbjGs7DFCLFurtrqaAoT7IwDWsZ2ic31SPGYzDFtfUdOLJ0DpEHvkL8mWtAw5tI4fyE5sih/rTq7uyUnXYoTV4qJ+wKYeVzwAAAHCXVVs+TYXNuYaAgaoxA3WMGcpds3RZzPDJt47mG1erIkXaPr2q2hM7Rw5EdFHwUHlS459U68Be63kBAAAAbtbFfZy1NlJdYwumfcDA6ZfFDF8WX3tjSJFenNZ0N+DQEDlUXqS63rkxQmgTPFDlp+YZSRhpAAAAgNvv8hb8pYMAXQcMzTHDlxlqICK+dh7OsH0N8sg35S91QeRAnYcdmoOHxr+ApprdGkUAAAAA3FFtWvDGOKBtwNBukKFxgtP1L2mo4Wvn0Q3nRB755nyjtlsqdYocqLq3UuuwQ0vwYIgfmuKVligCAAAA4G5rbOpUg4D6AukLAobqIEO9Y/bSmOEzm1LsVkx/QXr70xZta15DHeW46s+GXZWaAuLqMdUcV44PKv+W/09vfHL3/wIAAAB8NZ/QStFrPbWc4SHd0C5qaC+1xAzVhprhgC8UMxhGG5AivTht5/Ixh0uHHWrHNA4+1LRMTGq8Gr1DTAMAAADwlV3cKmlqyzes19SrQcNFT2kaZODaDTJ8uZihvLZBr5y3eQMdlKPckF5Fp8iBKreBawge6n9lDTdMrJZ1OHclXMGQAgAAANwNTd2jHRoxLa1+48+GgOEKMcN1+f8B1buteYwB8CgAAAAASUVORK5CYII=' />]]>
  </system-out>
</testsuite> <!-- com.seledoc.tests.vendorPortal.VendorPortalTest -->
